[2025-04-20T17:48:45.005+0000] {processor.py:186} INFO - Started process (PID=80) to work on /home/airflow/.local/lib/python3.12/site-packages/airflow/example_dags/example_short_circuit_operator.py
[2025-04-20T17:48:45.012+0000] {processor.py:914} INFO - Processing file /home/airflow/.local/lib/python3.12/site-packages/airflow/example_dags/example_short_circuit_operator.py for tasks to queue
[2025-04-20T17:48:45.017+0000] {logging_mixin.py:190} INFO - [2025-04-20T17:48:45.016+0000] {dagbag.py:588} INFO - Filling up the DagBag from /home/airflow/.local/lib/python3.12/site-packages/airflow/example_dags/example_short_circuit_operator.py
[2025-04-20T17:48:45.072+0000] {processor.py:925} INFO - DAG(s) 'example_short_circuit_operator' retrieved from /home/airflow/.local/lib/python3.12/site-packages/airflow/example_dags/example_short_circuit_operator.py
[2025-04-20T17:48:45.363+0000] {logging_mixin.py:190} INFO - [2025-04-20T17:48:45.362+0000] {override.py:1912} INFO - Created Permission View: can read on DAG:example_short_circuit_operator
[2025-04-20T17:48:45.403+0000] {logging_mixin.py:190} INFO - [2025-04-20T17:48:45.403+0000] {override.py:1912} INFO - Created Permission View: can edit on DAG:example_short_circuit_operator
[2025-04-20T17:48:45.431+0000] {logging_mixin.py:190} INFO - [2025-04-20T17:48:45.430+0000] {override.py:1912} INFO - Created Permission View: can delete on DAG:example_short_circuit_operator
[2025-04-20T17:48:45.492+0000] {logging_mixin.py:190} INFO - [2025-04-20T17:48:45.492+0000] {override.py:1912} INFO - Created Permission View: can read on DAG Run:example_short_circuit_operator
[2025-04-20T17:48:45.517+0000] {logging_mixin.py:190} INFO - [2025-04-20T17:48:45.517+0000] {override.py:1912} INFO - Created Permission View: can create on DAG Run:example_short_circuit_operator
[2025-04-20T17:48:45.540+0000] {logging_mixin.py:190} INFO - [2025-04-20T17:48:45.540+0000] {override.py:1912} INFO - Created Permission View: menu access on DAG Run:example_short_circuit_operator
[2025-04-20T17:48:45.563+0000] {logging_mixin.py:190} INFO - [2025-04-20T17:48:45.563+0000] {override.py:1912} INFO - Created Permission View: can delete on DAG Run:example_short_circuit_operator
[2025-04-20T17:48:45.564+0000] {logging_mixin.py:190} INFO - [2025-04-20T17:48:45.564+0000] {dag.py:3239} INFO - Sync 1 DAGs
[2025-04-20T17:48:45.583+0000] {logging_mixin.py:190} INFO - [2025-04-20T17:48:45.583+0000] {dag.py:3262} INFO - Creating ORM DAG for example_short_circuit_operator
[2025-04-20T17:48:45.585+0000] {logging_mixin.py:190} INFO - [2025-04-20T17:48:45.584+0000] {dag.py:4180} INFO - Setting next_dagrun for example_short_circuit_operator to None, run_after=None
[2025-04-20T17:48:45.622+0000] {processor.py:208} INFO - Processing /home/airflow/.local/lib/python3.12/site-packages/airflow/example_dags/example_short_circuit_operator.py took 0.653 seconds
[2025-04-20T17:49:15.739+0000] {processor.py:186} INFO - Started process (PID=142) to work on /home/airflow/.local/lib/python3.12/site-packages/airflow/example_dags/example_short_circuit_operator.py
[2025-04-20T17:49:15.740+0000] {processor.py:914} INFO - Processing file /home/airflow/.local/lib/python3.12/site-packages/airflow/example_dags/example_short_circuit_operator.py for tasks to queue
[2025-04-20T17:49:15.743+0000] {logging_mixin.py:190} INFO - [2025-04-20T17:49:15.743+0000] {dagbag.py:588} INFO - Filling up the DagBag from /home/airflow/.local/lib/python3.12/site-packages/airflow/example_dags/example_short_circuit_operator.py
[2025-04-20T17:49:15.755+0000] {processor.py:925} INFO - DAG(s) 'example_short_circuit_operator' retrieved from /home/airflow/.local/lib/python3.12/site-packages/airflow/example_dags/example_short_circuit_operator.py
[2025-04-20T17:49:15.786+0000] {logging_mixin.py:190} INFO - [2025-04-20T17:49:15.786+0000] {dag.py:3239} INFO - Sync 1 DAGs
[2025-04-20T17:49:15.805+0000] {logging_mixin.py:190} INFO - [2025-04-20T17:49:15.804+0000] {dag.py:4180} INFO - Setting next_dagrun for example_short_circuit_operator to None, run_after=None
[2025-04-20T17:49:15.835+0000] {processor.py:208} INFO - Processing /home/airflow/.local/lib/python3.12/site-packages/airflow/example_dags/example_short_circuit_operator.py took 0.106 seconds
[2025-04-20T17:49:45.945+0000] {processor.py:186} INFO - Started process (PID=205) to work on /home/airflow/.local/lib/python3.12/site-packages/airflow/example_dags/example_short_circuit_operator.py
[2025-04-20T17:49:45.949+0000] {processor.py:914} INFO - Processing file /home/airflow/.local/lib/python3.12/site-packages/airflow/example_dags/example_short_circuit_operator.py for tasks to queue
[2025-04-20T17:49:45.953+0000] {logging_mixin.py:190} INFO - [2025-04-20T17:49:45.952+0000] {dagbag.py:588} INFO - Filling up the DagBag from /home/airflow/.local/lib/python3.12/site-packages/airflow/example_dags/example_short_circuit_operator.py
[2025-04-20T17:49:45.966+0000] {processor.py:925} INFO - DAG(s) 'example_short_circuit_operator' retrieved from /home/airflow/.local/lib/python3.12/site-packages/airflow/example_dags/example_short_circuit_operator.py
[2025-04-20T17:49:46.000+0000] {logging_mixin.py:190} INFO - [2025-04-20T17:49:45.999+0000] {dag.py:3239} INFO - Sync 1 DAGs
[2025-04-20T17:49:46.021+0000] {logging_mixin.py:190} INFO - [2025-04-20T17:49:46.021+0000] {dag.py:4180} INFO - Setting next_dagrun for example_short_circuit_operator to None, run_after=None
[2025-04-20T17:49:46.053+0000] {processor.py:208} INFO - Processing /home/airflow/.local/lib/python3.12/site-packages/airflow/example_dags/example_short_circuit_operator.py took 0.119 seconds
[2025-04-20T17:50:16.804+0000] {processor.py:186} INFO - Started process (PID=268) to work on /home/airflow/.local/lib/python3.12/site-packages/airflow/example_dags/example_short_circuit_operator.py
[2025-04-20T17:50:16.806+0000] {processor.py:914} INFO - Processing file /home/airflow/.local/lib/python3.12/site-packages/airflow/example_dags/example_short_circuit_operator.py for tasks to queue
[2025-04-20T17:50:16.811+0000] {logging_mixin.py:190} INFO - [2025-04-20T17:50:16.810+0000] {dagbag.py:588} INFO - Filling up the DagBag from /home/airflow/.local/lib/python3.12/site-packages/airflow/example_dags/example_short_circuit_operator.py
[2025-04-20T17:50:16.832+0000] {processor.py:925} INFO - DAG(s) 'example_short_circuit_operator' retrieved from /home/airflow/.local/lib/python3.12/site-packages/airflow/example_dags/example_short_circuit_operator.py
[2025-04-20T17:50:16.894+0000] {logging_mixin.py:190} INFO - [2025-04-20T17:50:16.894+0000] {dag.py:3239} INFO - Sync 1 DAGs
[2025-04-20T17:50:16.937+0000] {logging_mixin.py:190} INFO - [2025-04-20T17:50:16.937+0000] {dag.py:4180} INFO - Setting next_dagrun for example_short_circuit_operator to None, run_after=None
[2025-04-20T17:50:16.991+0000] {processor.py:208} INFO - Processing /home/airflow/.local/lib/python3.12/site-packages/airflow/example_dags/example_short_circuit_operator.py took 0.203 seconds
[2025-04-20T17:50:47.974+0000] {processor.py:186} INFO - Started process (PID=331) to work on /home/airflow/.local/lib/python3.12/site-packages/airflow/example_dags/example_short_circuit_operator.py
[2025-04-20T17:50:47.975+0000] {processor.py:914} INFO - Processing file /home/airflow/.local/lib/python3.12/site-packages/airflow/example_dags/example_short_circuit_operator.py for tasks to queue
[2025-04-20T17:50:47.979+0000] {logging_mixin.py:190} INFO - [2025-04-20T17:50:47.978+0000] {dagbag.py:588} INFO - Filling up the DagBag from /home/airflow/.local/lib/python3.12/site-packages/airflow/example_dags/example_short_circuit_operator.py
[2025-04-20T17:50:47.992+0000] {processor.py:925} INFO - DAG(s) 'example_short_circuit_operator' retrieved from /home/airflow/.local/lib/python3.12/site-packages/airflow/example_dags/example_short_circuit_operator.py
[2025-04-20T17:50:48.030+0000] {logging_mixin.py:190} INFO - [2025-04-20T17:50:48.030+0000] {dag.py:3239} INFO - Sync 1 DAGs
[2025-04-20T17:50:48.071+0000] {logging_mixin.py:190} INFO - [2025-04-20T17:50:48.070+0000] {dag.py:4180} INFO - Setting next_dagrun for example_short_circuit_operator to None, run_after=None
[2025-04-20T17:50:48.107+0000] {processor.py:208} INFO - Processing /home/airflow/.local/lib/python3.12/site-packages/airflow/example_dags/example_short_circuit_operator.py took 0.144 seconds
[2025-04-20T17:51:18.591+0000] {processor.py:186} INFO - Started process (PID=394) to work on /home/airflow/.local/lib/python3.12/site-packages/airflow/example_dags/example_short_circuit_operator.py
[2025-04-20T17:51:18.596+0000] {processor.py:914} INFO - Processing file /home/airflow/.local/lib/python3.12/site-packages/airflow/example_dags/example_short_circuit_operator.py for tasks to queue
[2025-04-20T17:51:18.600+0000] {logging_mixin.py:190} INFO - [2025-04-20T17:51:18.599+0000] {dagbag.py:588} INFO - Filling up the DagBag from /home/airflow/.local/lib/python3.12/site-packages/airflow/example_dags/example_short_circuit_operator.py
[2025-04-20T17:51:18.611+0000] {processor.py:925} INFO - DAG(s) 'example_short_circuit_operator' retrieved from /home/airflow/.local/lib/python3.12/site-packages/airflow/example_dags/example_short_circuit_operator.py
[2025-04-20T17:51:18.652+0000] {logging_mixin.py:190} INFO - [2025-04-20T17:51:18.652+0000] {dag.py:3239} INFO - Sync 1 DAGs
[2025-04-20T17:51:18.679+0000] {logging_mixin.py:190} INFO - [2025-04-20T17:51:18.678+0000] {dag.py:4180} INFO - Setting next_dagrun for example_short_circuit_operator to None, run_after=None
[2025-04-20T17:51:18.715+0000] {processor.py:208} INFO - Processing /home/airflow/.local/lib/python3.12/site-packages/airflow/example_dags/example_short_circuit_operator.py took 0.133 seconds
[2025-04-20T17:51:49.562+0000] {processor.py:186} INFO - Started process (PID=457) to work on /home/airflow/.local/lib/python3.12/site-packages/airflow/example_dags/example_short_circuit_operator.py
[2025-04-20T17:51:49.563+0000] {processor.py:914} INFO - Processing file /home/airflow/.local/lib/python3.12/site-packages/airflow/example_dags/example_short_circuit_operator.py for tasks to queue
[2025-04-20T17:51:49.567+0000] {logging_mixin.py:190} INFO - [2025-04-20T17:51:49.567+0000] {dagbag.py:588} INFO - Filling up the DagBag from /home/airflow/.local/lib/python3.12/site-packages/airflow/example_dags/example_short_circuit_operator.py
[2025-04-20T17:51:49.579+0000] {processor.py:925} INFO - DAG(s) 'example_short_circuit_operator' retrieved from /home/airflow/.local/lib/python3.12/site-packages/airflow/example_dags/example_short_circuit_operator.py
[2025-04-20T17:51:49.612+0000] {logging_mixin.py:190} INFO - [2025-04-20T17:51:49.612+0000] {dag.py:3239} INFO - Sync 1 DAGs
[2025-04-20T17:51:49.631+0000] {logging_mixin.py:190} INFO - [2025-04-20T17:51:49.631+0000] {dag.py:4180} INFO - Setting next_dagrun for example_short_circuit_operator to None, run_after=None
[2025-04-20T17:51:49.661+0000] {processor.py:208} INFO - Processing /home/airflow/.local/lib/python3.12/site-packages/airflow/example_dags/example_short_circuit_operator.py took 0.105 seconds
[2025-04-20T17:52:20.080+0000] {processor.py:186} INFO - Started process (PID=519) to work on /home/airflow/.local/lib/python3.12/site-packages/airflow/example_dags/example_short_circuit_operator.py
[2025-04-20T17:52:20.082+0000] {processor.py:914} INFO - Processing file /home/airflow/.local/lib/python3.12/site-packages/airflow/example_dags/example_short_circuit_operator.py for tasks to queue
[2025-04-20T17:52:20.087+0000] {logging_mixin.py:190} INFO - [2025-04-20T17:52:20.086+0000] {dagbag.py:588} INFO - Filling up the DagBag from /home/airflow/.local/lib/python3.12/site-packages/airflow/example_dags/example_short_circuit_operator.py
[2025-04-20T17:52:20.105+0000] {processor.py:925} INFO - DAG(s) 'example_short_circuit_operator' retrieved from /home/airflow/.local/lib/python3.12/site-packages/airflow/example_dags/example_short_circuit_operator.py
[2025-04-20T17:52:20.152+0000] {logging_mixin.py:190} INFO - [2025-04-20T17:52:20.152+0000] {dag.py:3239} INFO - Sync 1 DAGs
[2025-04-20T17:52:20.185+0000] {logging_mixin.py:190} INFO - [2025-04-20T17:52:20.185+0000] {dag.py:4180} INFO - Setting next_dagrun for example_short_circuit_operator to None, run_after=None
[2025-04-20T17:52:20.227+0000] {processor.py:208} INFO - Processing /home/airflow/.local/lib/python3.12/site-packages/airflow/example_dags/example_short_circuit_operator.py took 0.157 seconds
[2025-04-20T17:52:50.421+0000] {processor.py:186} INFO - Started process (PID=582) to work on /home/airflow/.local/lib/python3.12/site-packages/airflow/example_dags/example_short_circuit_operator.py
[2025-04-20T17:52:50.423+0000] {processor.py:914} INFO - Processing file /home/airflow/.local/lib/python3.12/site-packages/airflow/example_dags/example_short_circuit_operator.py for tasks to queue
[2025-04-20T17:52:50.427+0000] {logging_mixin.py:190} INFO - [2025-04-20T17:52:50.427+0000] {dagbag.py:588} INFO - Filling up the DagBag from /home/airflow/.local/lib/python3.12/site-packages/airflow/example_dags/example_short_circuit_operator.py
[2025-04-20T17:52:50.443+0000] {processor.py:925} INFO - DAG(s) 'example_short_circuit_operator' retrieved from /home/airflow/.local/lib/python3.12/site-packages/airflow/example_dags/example_short_circuit_operator.py
[2025-04-20T17:52:50.489+0000] {logging_mixin.py:190} INFO - [2025-04-20T17:52:50.489+0000] {dag.py:3239} INFO - Sync 1 DAGs
[2025-04-20T17:52:50.516+0000] {logging_mixin.py:190} INFO - [2025-04-20T17:52:50.516+0000] {dag.py:4180} INFO - Setting next_dagrun for example_short_circuit_operator to None, run_after=None
[2025-04-20T17:52:50.548+0000] {processor.py:208} INFO - Processing /home/airflow/.local/lib/python3.12/site-packages/airflow/example_dags/example_short_circuit_operator.py took 0.136 seconds
[2025-04-20T17:53:20.649+0000] {processor.py:186} INFO - Started process (PID=645) to work on /home/airflow/.local/lib/python3.12/site-packages/airflow/example_dags/example_short_circuit_operator.py
[2025-04-20T17:53:20.651+0000] {processor.py:914} INFO - Processing file /home/airflow/.local/lib/python3.12/site-packages/airflow/example_dags/example_short_circuit_operator.py for tasks to queue
[2025-04-20T17:53:20.654+0000] {logging_mixin.py:190} INFO - [2025-04-20T17:53:20.653+0000] {dagbag.py:588} INFO - Filling up the DagBag from /home/airflow/.local/lib/python3.12/site-packages/airflow/example_dags/example_short_circuit_operator.py
[2025-04-20T17:53:20.664+0000] {processor.py:925} INFO - DAG(s) 'example_short_circuit_operator' retrieved from /home/airflow/.local/lib/python3.12/site-packages/airflow/example_dags/example_short_circuit_operator.py
[2025-04-20T17:53:20.692+0000] {logging_mixin.py:190} INFO - [2025-04-20T17:53:20.692+0000] {dag.py:3239} INFO - Sync 1 DAGs
[2025-04-20T17:53:20.709+0000] {logging_mixin.py:190} INFO - [2025-04-20T17:53:20.709+0000] {dag.py:4180} INFO - Setting next_dagrun for example_short_circuit_operator to None, run_after=None
[2025-04-20T17:53:20.736+0000] {processor.py:208} INFO - Processing /home/airflow/.local/lib/python3.12/site-packages/airflow/example_dags/example_short_circuit_operator.py took 0.094 seconds
[2025-04-20T17:53:51.509+0000] {processor.py:186} INFO - Started process (PID=708) to work on /home/airflow/.local/lib/python3.12/site-packages/airflow/example_dags/example_short_circuit_operator.py
[2025-04-20T17:53:51.510+0000] {processor.py:914} INFO - Processing file /home/airflow/.local/lib/python3.12/site-packages/airflow/example_dags/example_short_circuit_operator.py for tasks to queue
[2025-04-20T17:53:51.513+0000] {logging_mixin.py:190} INFO - [2025-04-20T17:53:51.513+0000] {dagbag.py:588} INFO - Filling up the DagBag from /home/airflow/.local/lib/python3.12/site-packages/airflow/example_dags/example_short_circuit_operator.py
[2025-04-20T17:53:51.523+0000] {processor.py:925} INFO - DAG(s) 'example_short_circuit_operator' retrieved from /home/airflow/.local/lib/python3.12/site-packages/airflow/example_dags/example_short_circuit_operator.py
[2025-04-20T17:53:51.555+0000] {logging_mixin.py:190} INFO - [2025-04-20T17:53:51.554+0000] {dag.py:3239} INFO - Sync 1 DAGs
[2025-04-20T17:53:51.577+0000] {logging_mixin.py:190} INFO - [2025-04-20T17:53:51.576+0000] {dag.py:4180} INFO - Setting next_dagrun for example_short_circuit_operator to None, run_after=None
[2025-04-20T17:53:51.603+0000] {processor.py:208} INFO - Processing /home/airflow/.local/lib/python3.12/site-packages/airflow/example_dags/example_short_circuit_operator.py took 0.101 seconds
[2025-04-20T17:54:21.760+0000] {processor.py:186} INFO - Started process (PID=771) to work on /home/airflow/.local/lib/python3.12/site-packages/airflow/example_dags/example_short_circuit_operator.py
[2025-04-20T17:54:21.761+0000] {processor.py:914} INFO - Processing file /home/airflow/.local/lib/python3.12/site-packages/airflow/example_dags/example_short_circuit_operator.py for tasks to queue
[2025-04-20T17:54:21.764+0000] {logging_mixin.py:190} INFO - [2025-04-20T17:54:21.764+0000] {dagbag.py:588} INFO - Filling up the DagBag from /home/airflow/.local/lib/python3.12/site-packages/airflow/example_dags/example_short_circuit_operator.py
[2025-04-20T17:54:21.776+0000] {processor.py:925} INFO - DAG(s) 'example_short_circuit_operator' retrieved from /home/airflow/.local/lib/python3.12/site-packages/airflow/example_dags/example_short_circuit_operator.py
[2025-04-20T17:54:21.808+0000] {logging_mixin.py:190} INFO - [2025-04-20T17:54:21.808+0000] {dag.py:3239} INFO - Sync 1 DAGs
[2025-04-20T17:54:21.828+0000] {logging_mixin.py:190} INFO - [2025-04-20T17:54:21.828+0000] {dag.py:4180} INFO - Setting next_dagrun for example_short_circuit_operator to None, run_after=None
[2025-04-20T17:54:21.858+0000] {processor.py:208} INFO - Processing /home/airflow/.local/lib/python3.12/site-packages/airflow/example_dags/example_short_circuit_operator.py took 0.106 seconds
[2025-04-20T17:54:51.998+0000] {processor.py:186} INFO - Started process (PID=834) to work on /home/airflow/.local/lib/python3.12/site-packages/airflow/example_dags/example_short_circuit_operator.py
[2025-04-20T17:54:52.000+0000] {processor.py:914} INFO - Processing file /home/airflow/.local/lib/python3.12/site-packages/airflow/example_dags/example_short_circuit_operator.py for tasks to queue
[2025-04-20T17:54:52.003+0000] {logging_mixin.py:190} INFO - [2025-04-20T17:54:52.002+0000] {dagbag.py:588} INFO - Filling up the DagBag from /home/airflow/.local/lib/python3.12/site-packages/airflow/example_dags/example_short_circuit_operator.py
[2025-04-20T17:54:52.017+0000] {processor.py:925} INFO - DAG(s) 'example_short_circuit_operator' retrieved from /home/airflow/.local/lib/python3.12/site-packages/airflow/example_dags/example_short_circuit_operator.py
[2025-04-20T17:54:52.057+0000] {logging_mixin.py:190} INFO - [2025-04-20T17:54:52.056+0000] {dag.py:3239} INFO - Sync 1 DAGs
[2025-04-20T17:54:52.085+0000] {logging_mixin.py:190} INFO - [2025-04-20T17:54:52.084+0000] {dag.py:4180} INFO - Setting next_dagrun for example_short_circuit_operator to None, run_after=None
[2025-04-20T17:54:52.123+0000] {processor.py:208} INFO - Processing /home/airflow/.local/lib/python3.12/site-packages/airflow/example_dags/example_short_circuit_operator.py took 0.134 seconds
[2025-04-20T17:55:22.794+0000] {processor.py:186} INFO - Started process (PID=897) to work on /home/airflow/.local/lib/python3.12/site-packages/airflow/example_dags/example_short_circuit_operator.py
[2025-04-20T17:55:22.796+0000] {processor.py:914} INFO - Processing file /home/airflow/.local/lib/python3.12/site-packages/airflow/example_dags/example_short_circuit_operator.py for tasks to queue
[2025-04-20T17:55:22.799+0000] {logging_mixin.py:190} INFO - [2025-04-20T17:55:22.798+0000] {dagbag.py:588} INFO - Filling up the DagBag from /home/airflow/.local/lib/python3.12/site-packages/airflow/example_dags/example_short_circuit_operator.py
[2025-04-20T17:55:22.811+0000] {processor.py:925} INFO - DAG(s) 'example_short_circuit_operator' retrieved from /home/airflow/.local/lib/python3.12/site-packages/airflow/example_dags/example_short_circuit_operator.py
[2025-04-20T17:55:22.843+0000] {logging_mixin.py:190} INFO - [2025-04-20T17:55:22.843+0000] {dag.py:3239} INFO - Sync 1 DAGs
[2025-04-20T17:55:22.863+0000] {logging_mixin.py:190} INFO - [2025-04-20T17:55:22.863+0000] {dag.py:4180} INFO - Setting next_dagrun for example_short_circuit_operator to None, run_after=None
[2025-04-20T17:55:22.892+0000] {processor.py:208} INFO - Processing /home/airflow/.local/lib/python3.12/site-packages/airflow/example_dags/example_short_circuit_operator.py took 0.109 seconds
[2025-04-20T17:55:53.195+0000] {processor.py:186} INFO - Started process (PID=960) to work on /home/airflow/.local/lib/python3.12/site-packages/airflow/example_dags/example_short_circuit_operator.py
[2025-04-20T17:55:53.197+0000] {processor.py:914} INFO - Processing file /home/airflow/.local/lib/python3.12/site-packages/airflow/example_dags/example_short_circuit_operator.py for tasks to queue
[2025-04-20T17:55:53.202+0000] {logging_mixin.py:190} INFO - [2025-04-20T17:55:53.201+0000] {dagbag.py:588} INFO - Filling up the DagBag from /home/airflow/.local/lib/python3.12/site-packages/airflow/example_dags/example_short_circuit_operator.py
[2025-04-20T17:55:53.219+0000] {processor.py:925} INFO - DAG(s) 'example_short_circuit_operator' retrieved from /home/airflow/.local/lib/python3.12/site-packages/airflow/example_dags/example_short_circuit_operator.py
[2025-04-20T17:55:53.262+0000] {logging_mixin.py:190} INFO - [2025-04-20T17:55:53.262+0000] {dag.py:3239} INFO - Sync 1 DAGs
[2025-04-20T17:55:53.285+0000] {logging_mixin.py:190} INFO - [2025-04-20T17:55:53.285+0000] {dag.py:4180} INFO - Setting next_dagrun for example_short_circuit_operator to None, run_after=None
[2025-04-20T17:55:53.334+0000] {processor.py:208} INFO - Processing /home/airflow/.local/lib/python3.12/site-packages/airflow/example_dags/example_short_circuit_operator.py took 0.153 seconds
[2025-04-20T17:56:23.902+0000] {processor.py:186} INFO - Started process (PID=1023) to work on /home/airflow/.local/lib/python3.12/site-packages/airflow/example_dags/example_short_circuit_operator.py
[2025-04-20T17:56:23.903+0000] {processor.py:914} INFO - Processing file /home/airflow/.local/lib/python3.12/site-packages/airflow/example_dags/example_short_circuit_operator.py for tasks to queue
[2025-04-20T17:56:23.907+0000] {logging_mixin.py:190} INFO - [2025-04-20T17:56:23.906+0000] {dagbag.py:588} INFO - Filling up the DagBag from /home/airflow/.local/lib/python3.12/site-packages/airflow/example_dags/example_short_circuit_operator.py
[2025-04-20T17:56:23.917+0000] {processor.py:925} INFO - DAG(s) 'example_short_circuit_operator' retrieved from /home/airflow/.local/lib/python3.12/site-packages/airflow/example_dags/example_short_circuit_operator.py
[2025-04-20T17:56:23.943+0000] {logging_mixin.py:190} INFO - [2025-04-20T17:56:23.943+0000] {dag.py:3239} INFO - Sync 1 DAGs
[2025-04-20T17:56:23.958+0000] {logging_mixin.py:190} INFO - [2025-04-20T17:56:23.958+0000] {dag.py:4180} INFO - Setting next_dagrun for example_short_circuit_operator to None, run_after=None
[2025-04-20T17:56:23.980+0000] {processor.py:208} INFO - Processing /home/airflow/.local/lib/python3.12/site-packages/airflow/example_dags/example_short_circuit_operator.py took 0.087 seconds
[2025-04-20T17:56:54.893+0000] {processor.py:186} INFO - Started process (PID=1086) to work on /home/airflow/.local/lib/python3.12/site-packages/airflow/example_dags/example_short_circuit_operator.py
[2025-04-20T17:56:54.894+0000] {processor.py:914} INFO - Processing file /home/airflow/.local/lib/python3.12/site-packages/airflow/example_dags/example_short_circuit_operator.py for tasks to queue
[2025-04-20T17:56:54.897+0000] {logging_mixin.py:190} INFO - [2025-04-20T17:56:54.897+0000] {dagbag.py:588} INFO - Filling up the DagBag from /home/airflow/.local/lib/python3.12/site-packages/airflow/example_dags/example_short_circuit_operator.py
[2025-04-20T17:56:54.906+0000] {processor.py:925} INFO - DAG(s) 'example_short_circuit_operator' retrieved from /home/airflow/.local/lib/python3.12/site-packages/airflow/example_dags/example_short_circuit_operator.py
[2025-04-20T17:56:54.930+0000] {logging_mixin.py:190} INFO - [2025-04-20T17:56:54.930+0000] {dag.py:3239} INFO - Sync 1 DAGs
[2025-04-20T17:56:54.947+0000] {logging_mixin.py:190} INFO - [2025-04-20T17:56:54.947+0000] {dag.py:4180} INFO - Setting next_dagrun for example_short_circuit_operator to None, run_after=None
[2025-04-20T17:56:54.971+0000] {processor.py:208} INFO - Processing /home/airflow/.local/lib/python3.12/site-packages/airflow/example_dags/example_short_circuit_operator.py took 0.084 seconds
[2025-04-20T17:57:25.420+0000] {processor.py:186} INFO - Started process (PID=1149) to work on /home/airflow/.local/lib/python3.12/site-packages/airflow/example_dags/example_short_circuit_operator.py
[2025-04-20T17:57:25.422+0000] {processor.py:914} INFO - Processing file /home/airflow/.local/lib/python3.12/site-packages/airflow/example_dags/example_short_circuit_operator.py for tasks to queue
[2025-04-20T17:57:25.426+0000] {logging_mixin.py:190} INFO - [2025-04-20T17:57:25.426+0000] {dagbag.py:588} INFO - Filling up the DagBag from /home/airflow/.local/lib/python3.12/site-packages/airflow/example_dags/example_short_circuit_operator.py
[2025-04-20T17:57:25.446+0000] {processor.py:925} INFO - DAG(s) 'example_short_circuit_operator' retrieved from /home/airflow/.local/lib/python3.12/site-packages/airflow/example_dags/example_short_circuit_operator.py
[2025-04-20T17:57:25.480+0000] {logging_mixin.py:190} INFO - [2025-04-20T17:57:25.480+0000] {dag.py:3239} INFO - Sync 1 DAGs
[2025-04-20T17:57:25.508+0000] {logging_mixin.py:190} INFO - [2025-04-20T17:57:25.508+0000] {dag.py:4180} INFO - Setting next_dagrun for example_short_circuit_operator to None, run_after=None
[2025-04-20T17:57:25.550+0000] {processor.py:208} INFO - Processing /home/airflow/.local/lib/python3.12/site-packages/airflow/example_dags/example_short_circuit_operator.py took 0.143 seconds
[2025-04-20T17:57:56.490+0000] {processor.py:186} INFO - Started process (PID=1212) to work on /home/airflow/.local/lib/python3.12/site-packages/airflow/example_dags/example_short_circuit_operator.py
[2025-04-20T17:57:56.492+0000] {processor.py:914} INFO - Processing file /home/airflow/.local/lib/python3.12/site-packages/airflow/example_dags/example_short_circuit_operator.py for tasks to queue
[2025-04-20T17:57:56.495+0000] {logging_mixin.py:190} INFO - [2025-04-20T17:57:56.495+0000] {dagbag.py:588} INFO - Filling up the DagBag from /home/airflow/.local/lib/python3.12/site-packages/airflow/example_dags/example_short_circuit_operator.py
[2025-04-20T17:57:56.509+0000] {processor.py:925} INFO - DAG(s) 'example_short_circuit_operator' retrieved from /home/airflow/.local/lib/python3.12/site-packages/airflow/example_dags/example_short_circuit_operator.py
[2025-04-20T17:57:56.549+0000] {logging_mixin.py:190} INFO - [2025-04-20T17:57:56.549+0000] {dag.py:3239} INFO - Sync 1 DAGs
[2025-04-20T17:57:56.568+0000] {logging_mixin.py:190} INFO - [2025-04-20T17:57:56.567+0000] {dag.py:4180} INFO - Setting next_dagrun for example_short_circuit_operator to None, run_after=None
[2025-04-20T17:57:56.600+0000] {processor.py:208} INFO - Processing /home/airflow/.local/lib/python3.12/site-packages/airflow/example_dags/example_short_circuit_operator.py took 0.120 seconds
[2025-04-20T17:58:27.412+0000] {processor.py:186} INFO - Started process (PID=1275) to work on /home/airflow/.local/lib/python3.12/site-packages/airflow/example_dags/example_short_circuit_operator.py
[2025-04-20T17:58:27.413+0000] {processor.py:914} INFO - Processing file /home/airflow/.local/lib/python3.12/site-packages/airflow/example_dags/example_short_circuit_operator.py for tasks to queue
[2025-04-20T17:58:27.417+0000] {logging_mixin.py:190} INFO - [2025-04-20T17:58:27.416+0000] {dagbag.py:588} INFO - Filling up the DagBag from /home/airflow/.local/lib/python3.12/site-packages/airflow/example_dags/example_short_circuit_operator.py
[2025-04-20T17:58:27.430+0000] {processor.py:925} INFO - DAG(s) 'example_short_circuit_operator' retrieved from /home/airflow/.local/lib/python3.12/site-packages/airflow/example_dags/example_short_circuit_operator.py
[2025-04-20T17:58:27.460+0000] {logging_mixin.py:190} INFO - [2025-04-20T17:58:27.460+0000] {dag.py:3239} INFO - Sync 1 DAGs
[2025-04-20T17:58:27.478+0000] {logging_mixin.py:190} INFO - [2025-04-20T17:58:27.478+0000] {dag.py:4180} INFO - Setting next_dagrun for example_short_circuit_operator to None, run_after=None
[2025-04-20T17:58:27.503+0000] {processor.py:208} INFO - Processing /home/airflow/.local/lib/python3.12/site-packages/airflow/example_dags/example_short_circuit_operator.py took 0.098 seconds
[2025-04-20T18:04:48.093+0000] {processor.py:186} INFO - Started process (PID=83) to work on /home/airflow/.local/lib/python3.12/site-packages/airflow/example_dags/example_short_circuit_operator.py
[2025-04-20T18:04:48.095+0000] {processor.py:914} INFO - Processing file /home/airflow/.local/lib/python3.12/site-packages/airflow/example_dags/example_short_circuit_operator.py for tasks to queue
[2025-04-20T18:04:48.100+0000] {logging_mixin.py:190} INFO - [2025-04-20T18:04:48.099+0000] {dagbag.py:588} INFO - Filling up the DagBag from /home/airflow/.local/lib/python3.12/site-packages/airflow/example_dags/example_short_circuit_operator.py
[2025-04-20T18:04:48.115+0000] {processor.py:925} INFO - DAG(s) 'example_short_circuit_operator' retrieved from /home/airflow/.local/lib/python3.12/site-packages/airflow/example_dags/example_short_circuit_operator.py
[2025-04-20T18:04:48.289+0000] {logging_mixin.py:190} INFO - [2025-04-20T18:04:48.288+0000] {override.py:1912} INFO - Created Permission View: can read on DAG:example_short_circuit_operator
[2025-04-20T18:04:48.304+0000] {logging_mixin.py:190} INFO - [2025-04-20T18:04:48.304+0000] {override.py:1912} INFO - Created Permission View: can edit on DAG:example_short_circuit_operator
[2025-04-20T18:04:48.315+0000] {logging_mixin.py:190} INFO - [2025-04-20T18:04:48.314+0000] {override.py:1912} INFO - Created Permission View: can delete on DAG:example_short_circuit_operator
[2025-04-20T18:04:48.327+0000] {logging_mixin.py:190} INFO - [2025-04-20T18:04:48.326+0000] {override.py:1912} INFO - Created Permission View: menu access on DAG Run:example_short_circuit_operator
[2025-04-20T18:04:48.336+0000] {logging_mixin.py:190} INFO - [2025-04-20T18:04:48.336+0000] {override.py:1912} INFO - Created Permission View: can read on DAG Run:example_short_circuit_operator
[2025-04-20T18:04:48.346+0000] {logging_mixin.py:190} INFO - [2025-04-20T18:04:48.345+0000] {override.py:1912} INFO - Created Permission View: can create on DAG Run:example_short_circuit_operator
[2025-04-20T18:04:48.357+0000] {logging_mixin.py:190} INFO - [2025-04-20T18:04:48.357+0000] {override.py:1912} INFO - Created Permission View: can delete on DAG Run:example_short_circuit_operator
[2025-04-20T18:04:48.358+0000] {logging_mixin.py:190} INFO - [2025-04-20T18:04:48.358+0000] {dag.py:3239} INFO - Sync 1 DAGs
[2025-04-20T18:04:48.378+0000] {logging_mixin.py:190} INFO - [2025-04-20T18:04:48.377+0000] {dag.py:3262} INFO - Creating ORM DAG for example_short_circuit_operator
[2025-04-20T18:04:48.379+0000] {logging_mixin.py:190} INFO - [2025-04-20T18:04:48.379+0000] {dag.py:4180} INFO - Setting next_dagrun for example_short_circuit_operator to None, run_after=None
[2025-04-20T18:04:48.406+0000] {processor.py:208} INFO - Processing /home/airflow/.local/lib/python3.12/site-packages/airflow/example_dags/example_short_circuit_operator.py took 0.323 seconds
[2025-04-20T18:05:18.516+0000] {processor.py:186} INFO - Started process (PID=145) to work on /home/airflow/.local/lib/python3.12/site-packages/airflow/example_dags/example_short_circuit_operator.py
[2025-04-20T18:05:18.517+0000] {processor.py:914} INFO - Processing file /home/airflow/.local/lib/python3.12/site-packages/airflow/example_dags/example_short_circuit_operator.py for tasks to queue
[2025-04-20T18:05:18.519+0000] {logging_mixin.py:190} INFO - [2025-04-20T18:05:18.519+0000] {dagbag.py:588} INFO - Filling up the DagBag from /home/airflow/.local/lib/python3.12/site-packages/airflow/example_dags/example_short_circuit_operator.py
[2025-04-20T18:05:18.530+0000] {processor.py:925} INFO - DAG(s) 'example_short_circuit_operator' retrieved from /home/airflow/.local/lib/python3.12/site-packages/airflow/example_dags/example_short_circuit_operator.py
[2025-04-20T18:05:18.559+0000] {logging_mixin.py:190} INFO - [2025-04-20T18:05:18.559+0000] {dag.py:3239} INFO - Sync 1 DAGs
[2025-04-20T18:05:18.574+0000] {logging_mixin.py:190} INFO - [2025-04-20T18:05:18.574+0000] {dag.py:4180} INFO - Setting next_dagrun for example_short_circuit_operator to None, run_after=None
[2025-04-20T18:05:18.599+0000] {processor.py:208} INFO - Processing /home/airflow/.local/lib/python3.12/site-packages/airflow/example_dags/example_short_circuit_operator.py took 0.090 seconds
[2025-04-20T18:05:49.427+0000] {processor.py:186} INFO - Started process (PID=208) to work on /home/airflow/.local/lib/python3.12/site-packages/airflow/example_dags/example_short_circuit_operator.py
[2025-04-20T18:05:49.429+0000] {processor.py:914} INFO - Processing file /home/airflow/.local/lib/python3.12/site-packages/airflow/example_dags/example_short_circuit_operator.py for tasks to queue
[2025-04-20T18:05:49.433+0000] {logging_mixin.py:190} INFO - [2025-04-20T18:05:49.433+0000] {dagbag.py:588} INFO - Filling up the DagBag from /home/airflow/.local/lib/python3.12/site-packages/airflow/example_dags/example_short_circuit_operator.py
[2025-04-20T18:05:49.444+0000] {processor.py:925} INFO - DAG(s) 'example_short_circuit_operator' retrieved from /home/airflow/.local/lib/python3.12/site-packages/airflow/example_dags/example_short_circuit_operator.py
[2025-04-20T18:05:49.480+0000] {logging_mixin.py:190} INFO - [2025-04-20T18:05:49.480+0000] {dag.py:3239} INFO - Sync 1 DAGs
[2025-04-20T18:05:49.501+0000] {logging_mixin.py:190} INFO - [2025-04-20T18:05:49.501+0000] {dag.py:4180} INFO - Setting next_dagrun for example_short_circuit_operator to None, run_after=None
[2025-04-20T18:05:49.526+0000] {processor.py:208} INFO - Processing /home/airflow/.local/lib/python3.12/site-packages/airflow/example_dags/example_short_circuit_operator.py took 0.107 seconds
[2025-04-20T18:06:19.937+0000] {processor.py:186} INFO - Started process (PID=271) to work on /home/airflow/.local/lib/python3.12/site-packages/airflow/example_dags/example_short_circuit_operator.py
[2025-04-20T18:06:19.938+0000] {processor.py:914} INFO - Processing file /home/airflow/.local/lib/python3.12/site-packages/airflow/example_dags/example_short_circuit_operator.py for tasks to queue
[2025-04-20T18:06:19.941+0000] {logging_mixin.py:190} INFO - [2025-04-20T18:06:19.940+0000] {dagbag.py:588} INFO - Filling up the DagBag from /home/airflow/.local/lib/python3.12/site-packages/airflow/example_dags/example_short_circuit_operator.py
[2025-04-20T18:06:19.960+0000] {processor.py:925} INFO - DAG(s) 'example_short_circuit_operator' retrieved from /home/airflow/.local/lib/python3.12/site-packages/airflow/example_dags/example_short_circuit_operator.py
[2025-04-20T18:06:20.000+0000] {logging_mixin.py:190} INFO - [2025-04-20T18:06:19.999+0000] {dag.py:3239} INFO - Sync 1 DAGs
[2025-04-20T18:06:20.025+0000] {logging_mixin.py:190} INFO - [2025-04-20T18:06:20.024+0000] {dag.py:4180} INFO - Setting next_dagrun for example_short_circuit_operator to None, run_after=None
[2025-04-20T18:06:20.054+0000] {processor.py:208} INFO - Processing /home/airflow/.local/lib/python3.12/site-packages/airflow/example_dags/example_short_circuit_operator.py took 0.124 seconds
[2025-04-20T18:06:50.613+0000] {processor.py:186} INFO - Started process (PID=334) to work on /home/airflow/.local/lib/python3.12/site-packages/airflow/example_dags/example_short_circuit_operator.py
[2025-04-20T18:06:50.614+0000] {processor.py:914} INFO - Processing file /home/airflow/.local/lib/python3.12/site-packages/airflow/example_dags/example_short_circuit_operator.py for tasks to queue
[2025-04-20T18:06:50.617+0000] {logging_mixin.py:190} INFO - [2025-04-20T18:06:50.617+0000] {dagbag.py:588} INFO - Filling up the DagBag from /home/airflow/.local/lib/python3.12/site-packages/airflow/example_dags/example_short_circuit_operator.py
[2025-04-20T18:06:50.631+0000] {processor.py:925} INFO - DAG(s) 'example_short_circuit_operator' retrieved from /home/airflow/.local/lib/python3.12/site-packages/airflow/example_dags/example_short_circuit_operator.py
[2025-04-20T18:06:50.666+0000] {logging_mixin.py:190} INFO - [2025-04-20T18:06:50.665+0000] {dag.py:3239} INFO - Sync 1 DAGs
[2025-04-20T18:06:50.686+0000] {logging_mixin.py:190} INFO - [2025-04-20T18:06:50.686+0000] {dag.py:4180} INFO - Setting next_dagrun for example_short_circuit_operator to None, run_after=None
[2025-04-20T18:06:50.715+0000] {processor.py:208} INFO - Processing /home/airflow/.local/lib/python3.12/site-packages/airflow/example_dags/example_short_circuit_operator.py took 0.111 seconds
[2025-04-20T18:07:21.220+0000] {processor.py:186} INFO - Started process (PID=397) to work on /home/airflow/.local/lib/python3.12/site-packages/airflow/example_dags/example_short_circuit_operator.py
[2025-04-20T18:07:21.222+0000] {processor.py:914} INFO - Processing file /home/airflow/.local/lib/python3.12/site-packages/airflow/example_dags/example_short_circuit_operator.py for tasks to queue
[2025-04-20T18:07:21.226+0000] {logging_mixin.py:190} INFO - [2025-04-20T18:07:21.225+0000] {dagbag.py:588} INFO - Filling up the DagBag from /home/airflow/.local/lib/python3.12/site-packages/airflow/example_dags/example_short_circuit_operator.py
[2025-04-20T18:07:21.249+0000] {processor.py:925} INFO - DAG(s) 'example_short_circuit_operator' retrieved from /home/airflow/.local/lib/python3.12/site-packages/airflow/example_dags/example_short_circuit_operator.py
[2025-04-20T18:07:21.308+0000] {logging_mixin.py:190} INFO - [2025-04-20T18:07:21.307+0000] {dag.py:3239} INFO - Sync 1 DAGs
[2025-04-20T18:07:21.340+0000] {logging_mixin.py:190} INFO - [2025-04-20T18:07:21.339+0000] {dag.py:4180} INFO - Setting next_dagrun for example_short_circuit_operator to None, run_after=None
[2025-04-20T18:07:21.381+0000] {processor.py:208} INFO - Processing /home/airflow/.local/lib/python3.12/site-packages/airflow/example_dags/example_short_circuit_operator.py took 0.177 seconds
[2025-04-20T18:07:51.546+0000] {processor.py:186} INFO - Started process (PID=460) to work on /home/airflow/.local/lib/python3.12/site-packages/airflow/example_dags/example_short_circuit_operator.py
[2025-04-20T18:07:51.550+0000] {processor.py:914} INFO - Processing file /home/airflow/.local/lib/python3.12/site-packages/airflow/example_dags/example_short_circuit_operator.py for tasks to queue
[2025-04-20T18:07:51.554+0000] {logging_mixin.py:190} INFO - [2025-04-20T18:07:51.553+0000] {dagbag.py:588} INFO - Filling up the DagBag from /home/airflow/.local/lib/python3.12/site-packages/airflow/example_dags/example_short_circuit_operator.py
[2025-04-20T18:07:51.565+0000] {processor.py:925} INFO - DAG(s) 'example_short_circuit_operator' retrieved from /home/airflow/.local/lib/python3.12/site-packages/airflow/example_dags/example_short_circuit_operator.py
[2025-04-20T18:07:51.597+0000] {logging_mixin.py:190} INFO - [2025-04-20T18:07:51.597+0000] {dag.py:3239} INFO - Sync 1 DAGs
[2025-04-20T18:07:51.615+0000] {logging_mixin.py:190} INFO - [2025-04-20T18:07:51.615+0000] {dag.py:4180} INFO - Setting next_dagrun for example_short_circuit_operator to None, run_after=None
[2025-04-20T18:07:51.638+0000] {processor.py:208} INFO - Processing /home/airflow/.local/lib/python3.12/site-packages/airflow/example_dags/example_short_circuit_operator.py took 0.100 seconds
[2025-04-20T18:08:22.102+0000] {processor.py:186} INFO - Started process (PID=523) to work on /home/airflow/.local/lib/python3.12/site-packages/airflow/example_dags/example_short_circuit_operator.py
[2025-04-20T18:08:22.103+0000] {processor.py:914} INFO - Processing file /home/airflow/.local/lib/python3.12/site-packages/airflow/example_dags/example_short_circuit_operator.py for tasks to queue
[2025-04-20T18:08:22.107+0000] {logging_mixin.py:190} INFO - [2025-04-20T18:08:22.106+0000] {dagbag.py:588} INFO - Filling up the DagBag from /home/airflow/.local/lib/python3.12/site-packages/airflow/example_dags/example_short_circuit_operator.py
[2025-04-20T18:08:22.118+0000] {processor.py:925} INFO - DAG(s) 'example_short_circuit_operator' retrieved from /home/airflow/.local/lib/python3.12/site-packages/airflow/example_dags/example_short_circuit_operator.py
[2025-04-20T18:08:22.150+0000] {logging_mixin.py:190} INFO - [2025-04-20T18:08:22.150+0000] {dag.py:3239} INFO - Sync 1 DAGs
[2025-04-20T18:08:22.166+0000] {logging_mixin.py:190} INFO - [2025-04-20T18:08:22.165+0000] {dag.py:4180} INFO - Setting next_dagrun for example_short_circuit_operator to None, run_after=None
[2025-04-20T18:08:22.226+0000] {processor.py:208} INFO - Processing /home/airflow/.local/lib/python3.12/site-packages/airflow/example_dags/example_short_circuit_operator.py took 0.131 seconds
[2025-04-20T18:08:52.536+0000] {processor.py:186} INFO - Started process (PID=586) to work on /home/airflow/.local/lib/python3.12/site-packages/airflow/example_dags/example_short_circuit_operator.py
[2025-04-20T18:08:52.537+0000] {processor.py:914} INFO - Processing file /home/airflow/.local/lib/python3.12/site-packages/airflow/example_dags/example_short_circuit_operator.py for tasks to queue
[2025-04-20T18:08:52.540+0000] {logging_mixin.py:190} INFO - [2025-04-20T18:08:52.540+0000] {dagbag.py:588} INFO - Filling up the DagBag from /home/airflow/.local/lib/python3.12/site-packages/airflow/example_dags/example_short_circuit_operator.py
[2025-04-20T18:08:52.557+0000] {processor.py:925} INFO - DAG(s) 'example_short_circuit_operator' retrieved from /home/airflow/.local/lib/python3.12/site-packages/airflow/example_dags/example_short_circuit_operator.py
[2025-04-20T18:08:52.587+0000] {logging_mixin.py:190} INFO - [2025-04-20T18:08:52.586+0000] {dag.py:3239} INFO - Sync 1 DAGs
[2025-04-20T18:08:52.604+0000] {logging_mixin.py:190} INFO - [2025-04-20T18:08:52.604+0000] {dag.py:4180} INFO - Setting next_dagrun for example_short_circuit_operator to None, run_after=None
[2025-04-20T18:08:52.630+0000] {processor.py:208} INFO - Processing /home/airflow/.local/lib/python3.12/site-packages/airflow/example_dags/example_short_circuit_operator.py took 0.104 seconds
[2025-04-20T18:09:22.761+0000] {processor.py:186} INFO - Started process (PID=649) to work on /home/airflow/.local/lib/python3.12/site-packages/airflow/example_dags/example_short_circuit_operator.py
[2025-04-20T18:09:22.764+0000] {processor.py:914} INFO - Processing file /home/airflow/.local/lib/python3.12/site-packages/airflow/example_dags/example_short_circuit_operator.py for tasks to queue
[2025-04-20T18:09:22.774+0000] {logging_mixin.py:190} INFO - [2025-04-20T18:09:22.773+0000] {dagbag.py:588} INFO - Filling up the DagBag from /home/airflow/.local/lib/python3.12/site-packages/airflow/example_dags/example_short_circuit_operator.py
[2025-04-20T18:09:22.792+0000] {processor.py:925} INFO - DAG(s) 'example_short_circuit_operator' retrieved from /home/airflow/.local/lib/python3.12/site-packages/airflow/example_dags/example_short_circuit_operator.py
[2025-04-20T18:09:22.825+0000] {logging_mixin.py:190} INFO - [2025-04-20T18:09:22.824+0000] {dag.py:3239} INFO - Sync 1 DAGs
[2025-04-20T18:09:22.852+0000] {logging_mixin.py:190} INFO - [2025-04-20T18:09:22.851+0000] {dag.py:4180} INFO - Setting next_dagrun for example_short_circuit_operator to None, run_after=None
[2025-04-20T18:09:22.880+0000] {processor.py:208} INFO - Processing /home/airflow/.local/lib/python3.12/site-packages/airflow/example_dags/example_short_circuit_operator.py took 0.130 seconds
[2025-04-20T18:09:53.238+0000] {processor.py:186} INFO - Started process (PID=712) to work on /home/airflow/.local/lib/python3.12/site-packages/airflow/example_dags/example_short_circuit_operator.py
[2025-04-20T18:09:53.239+0000] {processor.py:914} INFO - Processing file /home/airflow/.local/lib/python3.12/site-packages/airflow/example_dags/example_short_circuit_operator.py for tasks to queue
[2025-04-20T18:09:53.242+0000] {logging_mixin.py:190} INFO - [2025-04-20T18:09:53.242+0000] {dagbag.py:588} INFO - Filling up the DagBag from /home/airflow/.local/lib/python3.12/site-packages/airflow/example_dags/example_short_circuit_operator.py
[2025-04-20T18:09:53.253+0000] {processor.py:925} INFO - DAG(s) 'example_short_circuit_operator' retrieved from /home/airflow/.local/lib/python3.12/site-packages/airflow/example_dags/example_short_circuit_operator.py
[2025-04-20T18:09:53.281+0000] {logging_mixin.py:190} INFO - [2025-04-20T18:09:53.280+0000] {dag.py:3239} INFO - Sync 1 DAGs
[2025-04-20T18:09:53.298+0000] {logging_mixin.py:190} INFO - [2025-04-20T18:09:53.297+0000] {dag.py:4180} INFO - Setting next_dagrun for example_short_circuit_operator to None, run_after=None
[2025-04-20T18:09:53.333+0000] {processor.py:208} INFO - Processing /home/airflow/.local/lib/python3.12/site-packages/airflow/example_dags/example_short_circuit_operator.py took 0.105 seconds
[2025-04-20T18:10:23.721+0000] {processor.py:186} INFO - Started process (PID=775) to work on /home/airflow/.local/lib/python3.12/site-packages/airflow/example_dags/example_short_circuit_operator.py
[2025-04-20T18:10:23.722+0000] {processor.py:914} INFO - Processing file /home/airflow/.local/lib/python3.12/site-packages/airflow/example_dags/example_short_circuit_operator.py for tasks to queue
[2025-04-20T18:10:23.726+0000] {logging_mixin.py:190} INFO - [2025-04-20T18:10:23.726+0000] {dagbag.py:588} INFO - Filling up the DagBag from /home/airflow/.local/lib/python3.12/site-packages/airflow/example_dags/example_short_circuit_operator.py
[2025-04-20T18:10:23.738+0000] {processor.py:925} INFO - DAG(s) 'example_short_circuit_operator' retrieved from /home/airflow/.local/lib/python3.12/site-packages/airflow/example_dags/example_short_circuit_operator.py
[2025-04-20T18:10:23.766+0000] {logging_mixin.py:190} INFO - [2025-04-20T18:10:23.766+0000] {dag.py:3239} INFO - Sync 1 DAGs
[2025-04-20T18:10:23.784+0000] {logging_mixin.py:190} INFO - [2025-04-20T18:10:23.783+0000] {dag.py:4180} INFO - Setting next_dagrun for example_short_circuit_operator to None, run_after=None
[2025-04-20T18:10:23.808+0000] {processor.py:208} INFO - Processing /home/airflow/.local/lib/python3.12/site-packages/airflow/example_dags/example_short_circuit_operator.py took 0.095 seconds
