[2025-04-20T17:48:56.876+0000] {processor.py:186} INFO - Started process (PID=110) to work on /home/airflow/.local/lib/python3.12/site-packages/airflow/example_dags/example_inlet_event_extra.py
[2025-04-20T17:48:56.877+0000] {processor.py:914} INFO - Processing file /home/airflow/.local/lib/python3.12/site-packages/airflow/example_dags/example_inlet_event_extra.py for tasks to queue
[2025-04-20T17:48:56.881+0000] {logging_mixin.py:190} INFO - [2025-04-20T17:48:56.881+0000] {dagbag.py:588} INFO - Filling up the DagBag from /home/airflow/.local/lib/python3.12/site-packages/airflow/example_dags/example_inlet_event_extra.py
[2025-04-20T17:48:57.986+0000] {processor.py:925} INFO - DAG(s) 'read_dataset_event', 'read_dataset_event_from_classic' retrieved from /home/airflow/.local/lib/python3.12/site-packages/airflow/example_dags/example_inlet_event_extra.py
[2025-04-20T17:48:58.221+0000] {logging_mixin.py:190} INFO - [2025-04-20T17:48:58.219+0000] {override.py:1912} INFO - Created Permission View: can read on DAG:read_dataset_event
[2025-04-20T17:48:58.242+0000] {logging_mixin.py:190} INFO - [2025-04-20T17:48:58.241+0000] {override.py:1912} INFO - Created Permission View: can edit on DAG:read_dataset_event
[2025-04-20T17:48:58.256+0000] {logging_mixin.py:190} INFO - [2025-04-20T17:48:58.255+0000] {override.py:1912} INFO - Created Permission View: can delete on DAG:read_dataset_event
[2025-04-20T17:48:58.271+0000] {logging_mixin.py:190} INFO - [2025-04-20T17:48:58.270+0000] {override.py:1912} INFO - Created Permission View: can read on DAG Run:read_dataset_event
[2025-04-20T17:48:58.284+0000] {logging_mixin.py:190} INFO - [2025-04-20T17:48:58.284+0000] {override.py:1912} INFO - Created Permission View: can create on DAG Run:read_dataset_event
[2025-04-20T17:48:58.300+0000] {logging_mixin.py:190} INFO - [2025-04-20T17:48:58.300+0000] {override.py:1912} INFO - Created Permission View: menu access on DAG Run:read_dataset_event
[2025-04-20T17:48:58.314+0000] {logging_mixin.py:190} INFO - [2025-04-20T17:48:58.314+0000] {override.py:1912} INFO - Created Permission View: can delete on DAG Run:read_dataset_event
[2025-04-20T17:48:58.340+0000] {logging_mixin.py:190} INFO - [2025-04-20T17:48:58.340+0000] {override.py:1912} INFO - Created Permission View: can read on DAG:read_dataset_event_from_classic
[2025-04-20T17:48:58.364+0000] {logging_mixin.py:190} INFO - [2025-04-20T17:48:58.364+0000] {override.py:1912} INFO - Created Permission View: can edit on DAG:read_dataset_event_from_classic
[2025-04-20T17:48:58.388+0000] {logging_mixin.py:190} INFO - [2025-04-20T17:48:58.387+0000] {override.py:1912} INFO - Created Permission View: can delete on DAG:read_dataset_event_from_classic
[2025-04-20T17:48:58.411+0000] {logging_mixin.py:190} INFO - [2025-04-20T17:48:58.410+0000] {override.py:1912} INFO - Created Permission View: can read on DAG Run:read_dataset_event_from_classic
[2025-04-20T17:48:58.427+0000] {logging_mixin.py:190} INFO - [2025-04-20T17:48:58.427+0000] {override.py:1912} INFO - Created Permission View: can create on DAG Run:read_dataset_event_from_classic
[2025-04-20T17:48:58.440+0000] {logging_mixin.py:190} INFO - [2025-04-20T17:48:58.439+0000] {override.py:1912} INFO - Created Permission View: menu access on DAG Run:read_dataset_event_from_classic
[2025-04-20T17:48:58.451+0000] {logging_mixin.py:190} INFO - [2025-04-20T17:48:58.451+0000] {override.py:1912} INFO - Created Permission View: can delete on DAG Run:read_dataset_event_from_classic
[2025-04-20T17:48:58.452+0000] {logging_mixin.py:190} INFO - [2025-04-20T17:48:58.452+0000] {dag.py:3239} INFO - Sync 2 DAGs
[2025-04-20T17:48:58.475+0000] {logging_mixin.py:190} INFO - [2025-04-20T17:48:58.474+0000] {dag.py:3262} INFO - Creating ORM DAG for read_dataset_event_from_classic
[2025-04-20T17:48:58.476+0000] {logging_mixin.py:190} INFO - [2025-04-20T17:48:58.476+0000] {dag.py:3262} INFO - Creating ORM DAG for read_dataset_event
[2025-04-20T17:48:58.498+0000] {logging_mixin.py:190} INFO - [2025-04-20T17:48:58.497+0000] {dag.py:4180} INFO - Setting next_dagrun for read_dataset_event to 2025-04-19 00:00:00+00:00, run_after=2025-04-20 00:00:00+00:00
[2025-04-20T17:48:58.502+0000] {logging_mixin.py:190} INFO - [2025-04-20T17:48:58.501+0000] {dag.py:4180} INFO - Setting next_dagrun for read_dataset_event_from_classic to 2025-04-19 00:00:00+00:00, run_after=2025-04-20 00:00:00+00:00
[2025-04-20T17:48:58.531+0000] {processor.py:208} INFO - Processing /home/airflow/.local/lib/python3.12/site-packages/airflow/example_dags/example_inlet_event_extra.py took 1.669 seconds
[2025-04-20T17:49:28.637+0000] {processor.py:186} INFO - Started process (PID=173) to work on /home/airflow/.local/lib/python3.12/site-packages/airflow/example_dags/example_inlet_event_extra.py
[2025-04-20T17:49:28.639+0000] {processor.py:914} INFO - Processing file /home/airflow/.local/lib/python3.12/site-packages/airflow/example_dags/example_inlet_event_extra.py for tasks to queue
[2025-04-20T17:49:28.643+0000] {logging_mixin.py:190} INFO - [2025-04-20T17:49:28.643+0000] {dagbag.py:588} INFO - Filling up the DagBag from /home/airflow/.local/lib/python3.12/site-packages/airflow/example_dags/example_inlet_event_extra.py
[2025-04-20T17:49:29.542+0000] {processor.py:925} INFO - DAG(s) 'read_dataset_event_from_classic', 'read_dataset_event' retrieved from /home/airflow/.local/lib/python3.12/site-packages/airflow/example_dags/example_inlet_event_extra.py
[2025-04-20T17:49:29.573+0000] {logging_mixin.py:190} INFO - [2025-04-20T17:49:29.573+0000] {dag.py:3239} INFO - Sync 2 DAGs
[2025-04-20T17:49:29.603+0000] {logging_mixin.py:190} INFO - [2025-04-20T17:49:29.602+0000] {dag.py:4180} INFO - Setting next_dagrun for read_dataset_event to 2025-04-19 00:00:00+00:00, run_after=2025-04-20 00:00:00+00:00
[2025-04-20T17:49:29.609+0000] {logging_mixin.py:190} INFO - [2025-04-20T17:49:29.608+0000] {dag.py:4180} INFO - Setting next_dagrun for read_dataset_event_from_classic to 2025-04-19 00:00:00+00:00, run_after=2025-04-20 00:00:00+00:00
[2025-04-20T17:49:29.653+0000] {processor.py:208} INFO - Processing /home/airflow/.local/lib/python3.12/site-packages/airflow/example_dags/example_inlet_event_extra.py took 1.028 seconds
[2025-04-20T17:50:00.035+0000] {processor.py:186} INFO - Started process (PID=236) to work on /home/airflow/.local/lib/python3.12/site-packages/airflow/example_dags/example_inlet_event_extra.py
[2025-04-20T17:50:00.037+0000] {processor.py:914} INFO - Processing file /home/airflow/.local/lib/python3.12/site-packages/airflow/example_dags/example_inlet_event_extra.py for tasks to queue
[2025-04-20T17:50:00.040+0000] {logging_mixin.py:190} INFO - [2025-04-20T17:50:00.040+0000] {dagbag.py:588} INFO - Filling up the DagBag from /home/airflow/.local/lib/python3.12/site-packages/airflow/example_dags/example_inlet_event_extra.py
[2025-04-20T17:50:00.807+0000] {processor.py:925} INFO - DAG(s) 'read_dataset_event', 'read_dataset_event_from_classic' retrieved from /home/airflow/.local/lib/python3.12/site-packages/airflow/example_dags/example_inlet_event_extra.py
[2025-04-20T17:50:00.835+0000] {logging_mixin.py:190} INFO - [2025-04-20T17:50:00.835+0000] {dag.py:3239} INFO - Sync 2 DAGs
[2025-04-20T17:50:00.869+0000] {logging_mixin.py:190} INFO - [2025-04-20T17:50:00.869+0000] {dag.py:4180} INFO - Setting next_dagrun for read_dataset_event to 2025-04-19 00:00:00+00:00, run_after=2025-04-20 00:00:00+00:00
[2025-04-20T17:50:00.875+0000] {logging_mixin.py:190} INFO - [2025-04-20T17:50:00.875+0000] {dag.py:4180} INFO - Setting next_dagrun for read_dataset_event_from_classic to 2025-04-19 00:00:00+00:00, run_after=2025-04-20 00:00:00+00:00
[2025-04-20T17:50:00.898+0000] {processor.py:208} INFO - Processing /home/airflow/.local/lib/python3.12/site-packages/airflow/example_dags/example_inlet_event_extra.py took 0.873 seconds
[2025-04-20T17:50:31.277+0000] {processor.py:186} INFO - Started process (PID=299) to work on /home/airflow/.local/lib/python3.12/site-packages/airflow/example_dags/example_inlet_event_extra.py
[2025-04-20T17:50:31.278+0000] {processor.py:914} INFO - Processing file /home/airflow/.local/lib/python3.12/site-packages/airflow/example_dags/example_inlet_event_extra.py for tasks to queue
[2025-04-20T17:50:31.282+0000] {logging_mixin.py:190} INFO - [2025-04-20T17:50:31.281+0000] {dagbag.py:588} INFO - Filling up the DagBag from /home/airflow/.local/lib/python3.12/site-packages/airflow/example_dags/example_inlet_event_extra.py
[2025-04-20T17:50:32.015+0000] {processor.py:925} INFO - DAG(s) 'read_dataset_event_from_classic', 'read_dataset_event' retrieved from /home/airflow/.local/lib/python3.12/site-packages/airflow/example_dags/example_inlet_event_extra.py
[2025-04-20T17:50:32.043+0000] {logging_mixin.py:190} INFO - [2025-04-20T17:50:32.042+0000] {dag.py:3239} INFO - Sync 2 DAGs
[2025-04-20T17:50:32.071+0000] {logging_mixin.py:190} INFO - [2025-04-20T17:50:32.071+0000] {dag.py:4180} INFO - Setting next_dagrun for read_dataset_event to 2025-04-19 00:00:00+00:00, run_after=2025-04-20 00:00:00+00:00
[2025-04-20T17:50:32.077+0000] {logging_mixin.py:190} INFO - [2025-04-20T17:50:32.077+0000] {dag.py:4180} INFO - Setting next_dagrun for read_dataset_event_from_classic to 2025-04-19 00:00:00+00:00, run_after=2025-04-20 00:00:00+00:00
[2025-04-20T17:50:32.101+0000] {processor.py:208} INFO - Processing /home/airflow/.local/lib/python3.12/site-packages/airflow/example_dags/example_inlet_event_extra.py took 0.831 seconds
[2025-04-20T17:51:02.275+0000] {processor.py:186} INFO - Started process (PID=362) to work on /home/airflow/.local/lib/python3.12/site-packages/airflow/example_dags/example_inlet_event_extra.py
[2025-04-20T17:51:02.277+0000] {processor.py:914} INFO - Processing file /home/airflow/.local/lib/python3.12/site-packages/airflow/example_dags/example_inlet_event_extra.py for tasks to queue
[2025-04-20T17:51:02.283+0000] {logging_mixin.py:190} INFO - [2025-04-20T17:51:02.282+0000] {dagbag.py:588} INFO - Filling up the DagBag from /home/airflow/.local/lib/python3.12/site-packages/airflow/example_dags/example_inlet_event_extra.py
[2025-04-20T17:51:03.249+0000] {processor.py:925} INFO - DAG(s) 'read_dataset_event', 'read_dataset_event_from_classic' retrieved from /home/airflow/.local/lib/python3.12/site-packages/airflow/example_dags/example_inlet_event_extra.py
[2025-04-20T17:51:03.277+0000] {logging_mixin.py:190} INFO - [2025-04-20T17:51:03.277+0000] {dag.py:3239} INFO - Sync 2 DAGs
[2025-04-20T17:51:03.313+0000] {logging_mixin.py:190} INFO - [2025-04-20T17:51:03.313+0000] {dag.py:4180} INFO - Setting next_dagrun for read_dataset_event to 2025-04-19 00:00:00+00:00, run_after=2025-04-20 00:00:00+00:00
[2025-04-20T17:51:03.322+0000] {logging_mixin.py:190} INFO - [2025-04-20T17:51:03.321+0000] {dag.py:4180} INFO - Setting next_dagrun for read_dataset_event_from_classic to 2025-04-19 00:00:00+00:00, run_after=2025-04-20 00:00:00+00:00
[2025-04-20T17:51:03.349+0000] {processor.py:208} INFO - Processing /home/airflow/.local/lib/python3.12/site-packages/airflow/example_dags/example_inlet_event_extra.py took 1.084 seconds
[2025-04-20T17:51:34.048+0000] {processor.py:186} INFO - Started process (PID=425) to work on /home/airflow/.local/lib/python3.12/site-packages/airflow/example_dags/example_inlet_event_extra.py
[2025-04-20T17:51:34.053+0000] {processor.py:914} INFO - Processing file /home/airflow/.local/lib/python3.12/site-packages/airflow/example_dags/example_inlet_event_extra.py for tasks to queue
[2025-04-20T17:51:34.056+0000] {logging_mixin.py:190} INFO - [2025-04-20T17:51:34.056+0000] {dagbag.py:588} INFO - Filling up the DagBag from /home/airflow/.local/lib/python3.12/site-packages/airflow/example_dags/example_inlet_event_extra.py
[2025-04-20T17:51:34.869+0000] {processor.py:925} INFO - DAG(s) 'read_dataset_event', 'read_dataset_event_from_classic' retrieved from /home/airflow/.local/lib/python3.12/site-packages/airflow/example_dags/example_inlet_event_extra.py
[2025-04-20T17:51:34.905+0000] {logging_mixin.py:190} INFO - [2025-04-20T17:51:34.905+0000] {dag.py:3239} INFO - Sync 2 DAGs
[2025-04-20T17:51:34.951+0000] {logging_mixin.py:190} INFO - [2025-04-20T17:51:34.950+0000] {dag.py:4180} INFO - Setting next_dagrun for read_dataset_event to 2025-04-19 00:00:00+00:00, run_after=2025-04-20 00:00:00+00:00
[2025-04-20T17:51:34.963+0000] {logging_mixin.py:190} INFO - [2025-04-20T17:51:34.963+0000] {dag.py:4180} INFO - Setting next_dagrun for read_dataset_event_from_classic to 2025-04-19 00:00:00+00:00, run_after=2025-04-20 00:00:00+00:00
[2025-04-20T17:51:34.997+0000] {processor.py:208} INFO - Processing /home/airflow/.local/lib/python3.12/site-packages/airflow/example_dags/example_inlet_event_extra.py took 0.956 seconds
[2025-04-20T17:52:05.125+0000] {processor.py:186} INFO - Started process (PID=492) to work on /home/airflow/.local/lib/python3.12/site-packages/airflow/example_dags/example_inlet_event_extra.py
[2025-04-20T17:52:05.127+0000] {processor.py:914} INFO - Processing file /home/airflow/.local/lib/python3.12/site-packages/airflow/example_dags/example_inlet_event_extra.py for tasks to queue
[2025-04-20T17:52:05.132+0000] {logging_mixin.py:190} INFO - [2025-04-20T17:52:05.132+0000] {dagbag.py:588} INFO - Filling up the DagBag from /home/airflow/.local/lib/python3.12/site-packages/airflow/example_dags/example_inlet_event_extra.py
[2025-04-20T17:52:06.114+0000] {processor.py:925} INFO - DAG(s) 'read_dataset_event', 'read_dataset_event_from_classic' retrieved from /home/airflow/.local/lib/python3.12/site-packages/airflow/example_dags/example_inlet_event_extra.py
[2025-04-20T17:52:06.140+0000] {logging_mixin.py:190} INFO - [2025-04-20T17:52:06.140+0000] {dag.py:3239} INFO - Sync 2 DAGs
[2025-04-20T17:52:06.170+0000] {logging_mixin.py:190} INFO - [2025-04-20T17:52:06.170+0000] {dag.py:4180} INFO - Setting next_dagrun for read_dataset_event to 2025-04-19 00:00:00+00:00, run_after=2025-04-20 00:00:00+00:00
[2025-04-20T17:52:06.177+0000] {logging_mixin.py:190} INFO - [2025-04-20T17:52:06.177+0000] {dag.py:4180} INFO - Setting next_dagrun for read_dataset_event_from_classic to 2025-04-19 00:00:00+00:00, run_after=2025-04-20 00:00:00+00:00
[2025-04-20T17:52:06.204+0000] {processor.py:208} INFO - Processing /home/airflow/.local/lib/python3.12/site-packages/airflow/example_dags/example_inlet_event_extra.py took 1.096 seconds
[2025-04-20T17:52:36.383+0000] {processor.py:186} INFO - Started process (PID=555) to work on /home/airflow/.local/lib/python3.12/site-packages/airflow/example_dags/example_inlet_event_extra.py
[2025-04-20T17:52:36.385+0000] {processor.py:914} INFO - Processing file /home/airflow/.local/lib/python3.12/site-packages/airflow/example_dags/example_inlet_event_extra.py for tasks to queue
[2025-04-20T17:52:36.389+0000] {logging_mixin.py:190} INFO - [2025-04-20T17:52:36.388+0000] {dagbag.py:588} INFO - Filling up the DagBag from /home/airflow/.local/lib/python3.12/site-packages/airflow/example_dags/example_inlet_event_extra.py
[2025-04-20T17:52:37.030+0000] {processor.py:925} INFO - DAG(s) 'read_dataset_event', 'read_dataset_event_from_classic' retrieved from /home/airflow/.local/lib/python3.12/site-packages/airflow/example_dags/example_inlet_event_extra.py
[2025-04-20T17:52:37.056+0000] {logging_mixin.py:190} INFO - [2025-04-20T17:52:37.056+0000] {dag.py:3239} INFO - Sync 2 DAGs
[2025-04-20T17:52:37.084+0000] {logging_mixin.py:190} INFO - [2025-04-20T17:52:37.084+0000] {dag.py:4180} INFO - Setting next_dagrun for read_dataset_event to 2025-04-19 00:00:00+00:00, run_after=2025-04-20 00:00:00+00:00
[2025-04-20T17:52:37.090+0000] {logging_mixin.py:190} INFO - [2025-04-20T17:52:37.090+0000] {dag.py:4180} INFO - Setting next_dagrun for read_dataset_event_from_classic to 2025-04-19 00:00:00+00:00, run_after=2025-04-20 00:00:00+00:00
[2025-04-20T17:52:37.110+0000] {processor.py:208} INFO - Processing /home/airflow/.local/lib/python3.12/site-packages/airflow/example_dags/example_inlet_event_extra.py took 0.741 seconds
[2025-04-20T17:53:07.799+0000] {processor.py:186} INFO - Started process (PID=618) to work on /home/airflow/.local/lib/python3.12/site-packages/airflow/example_dags/example_inlet_event_extra.py
[2025-04-20T17:53:07.801+0000] {processor.py:914} INFO - Processing file /home/airflow/.local/lib/python3.12/site-packages/airflow/example_dags/example_inlet_event_extra.py for tasks to queue
[2025-04-20T17:53:07.804+0000] {logging_mixin.py:190} INFO - [2025-04-20T17:53:07.804+0000] {dagbag.py:588} INFO - Filling up the DagBag from /home/airflow/.local/lib/python3.12/site-packages/airflow/example_dags/example_inlet_event_extra.py
[2025-04-20T17:53:08.741+0000] {processor.py:925} INFO - DAG(s) 'read_dataset_event_from_classic', 'read_dataset_event' retrieved from /home/airflow/.local/lib/python3.12/site-packages/airflow/example_dags/example_inlet_event_extra.py
[2025-04-20T17:53:08.768+0000] {logging_mixin.py:190} INFO - [2025-04-20T17:53:08.768+0000] {dag.py:3239} INFO - Sync 2 DAGs
[2025-04-20T17:53:08.802+0000] {logging_mixin.py:190} INFO - [2025-04-20T17:53:08.802+0000] {dag.py:4180} INFO - Setting next_dagrun for read_dataset_event to 2025-04-19 00:00:00+00:00, run_after=2025-04-20 00:00:00+00:00
[2025-04-20T17:53:08.810+0000] {logging_mixin.py:190} INFO - [2025-04-20T17:53:08.810+0000] {dag.py:4180} INFO - Setting next_dagrun for read_dataset_event_from_classic to 2025-04-19 00:00:00+00:00, run_after=2025-04-20 00:00:00+00:00
[2025-04-20T17:53:08.828+0000] {processor.py:208} INFO - Processing /home/airflow/.local/lib/python3.12/site-packages/airflow/example_dags/example_inlet_event_extra.py took 1.039 seconds
[2025-04-20T17:53:39.600+0000] {processor.py:186} INFO - Started process (PID=684) to work on /home/airflow/.local/lib/python3.12/site-packages/airflow/example_dags/example_inlet_event_extra.py
[2025-04-20T17:53:39.602+0000] {processor.py:914} INFO - Processing file /home/airflow/.local/lib/python3.12/site-packages/airflow/example_dags/example_inlet_event_extra.py for tasks to queue
[2025-04-20T17:53:39.605+0000] {logging_mixin.py:190} INFO - [2025-04-20T17:53:39.605+0000] {dagbag.py:588} INFO - Filling up the DagBag from /home/airflow/.local/lib/python3.12/site-packages/airflow/example_dags/example_inlet_event_extra.py
[2025-04-20T17:53:40.540+0000] {processor.py:925} INFO - DAG(s) 'read_dataset_event_from_classic', 'read_dataset_event' retrieved from /home/airflow/.local/lib/python3.12/site-packages/airflow/example_dags/example_inlet_event_extra.py
[2025-04-20T17:53:40.571+0000] {logging_mixin.py:190} INFO - [2025-04-20T17:53:40.571+0000] {dag.py:3239} INFO - Sync 2 DAGs
[2025-04-20T17:53:40.614+0000] {logging_mixin.py:190} INFO - [2025-04-20T17:53:40.614+0000] {dag.py:4180} INFO - Setting next_dagrun for read_dataset_event to 2025-04-19 00:00:00+00:00, run_after=2025-04-20 00:00:00+00:00
[2025-04-20T17:53:40.623+0000] {logging_mixin.py:190} INFO - [2025-04-20T17:53:40.624+0000] {dag.py:4180} INFO - Setting next_dagrun for read_dataset_event_from_classic to 2025-04-19 00:00:00+00:00, run_after=2025-04-20 00:00:00+00:00
[2025-04-20T17:53:40.654+0000] {processor.py:208} INFO - Processing /home/airflow/.local/lib/python3.12/site-packages/airflow/example_dags/example_inlet_event_extra.py took 1.066 seconds
[2025-04-20T17:54:11.061+0000] {processor.py:186} INFO - Started process (PID=747) to work on /home/airflow/.local/lib/python3.12/site-packages/airflow/example_dags/example_inlet_event_extra.py
[2025-04-20T17:54:11.063+0000] {processor.py:914} INFO - Processing file /home/airflow/.local/lib/python3.12/site-packages/airflow/example_dags/example_inlet_event_extra.py for tasks to queue
[2025-04-20T17:54:11.066+0000] {logging_mixin.py:190} INFO - [2025-04-20T17:54:11.066+0000] {dagbag.py:588} INFO - Filling up the DagBag from /home/airflow/.local/lib/python3.12/site-packages/airflow/example_dags/example_inlet_event_extra.py
[2025-04-20T17:54:11.840+0000] {processor.py:925} INFO - DAG(s) 'read_dataset_event', 'read_dataset_event_from_classic' retrieved from /home/airflow/.local/lib/python3.12/site-packages/airflow/example_dags/example_inlet_event_extra.py
[2025-04-20T17:54:11.865+0000] {logging_mixin.py:190} INFO - [2025-04-20T17:54:11.865+0000] {dag.py:3239} INFO - Sync 2 DAGs
[2025-04-20T17:54:11.896+0000] {logging_mixin.py:190} INFO - [2025-04-20T17:54:11.896+0000] {dag.py:4180} INFO - Setting next_dagrun for read_dataset_event to 2025-04-19 00:00:00+00:00, run_after=2025-04-20 00:00:00+00:00
[2025-04-20T17:54:11.906+0000] {logging_mixin.py:190} INFO - [2025-04-20T17:54:11.905+0000] {dag.py:4180} INFO - Setting next_dagrun for read_dataset_event_from_classic to 2025-04-19 00:00:00+00:00, run_after=2025-04-20 00:00:00+00:00
[2025-04-20T17:54:11.937+0000] {processor.py:208} INFO - Processing /home/airflow/.local/lib/python3.12/site-packages/airflow/example_dags/example_inlet_event_extra.py took 0.882 seconds
[2025-04-20T17:54:42.333+0000] {processor.py:186} INFO - Started process (PID=810) to work on /home/airflow/.local/lib/python3.12/site-packages/airflow/example_dags/example_inlet_event_extra.py
[2025-04-20T17:54:42.334+0000] {processor.py:914} INFO - Processing file /home/airflow/.local/lib/python3.12/site-packages/airflow/example_dags/example_inlet_event_extra.py for tasks to queue
[2025-04-20T17:54:42.337+0000] {logging_mixin.py:190} INFO - [2025-04-20T17:54:42.337+0000] {dagbag.py:588} INFO - Filling up the DagBag from /home/airflow/.local/lib/python3.12/site-packages/airflow/example_dags/example_inlet_event_extra.py
[2025-04-20T17:54:43.079+0000] {processor.py:925} INFO - DAG(s) 'read_dataset_event_from_classic', 'read_dataset_event' retrieved from /home/airflow/.local/lib/python3.12/site-packages/airflow/example_dags/example_inlet_event_extra.py
[2025-04-20T17:54:43.105+0000] {logging_mixin.py:190} INFO - [2025-04-20T17:54:43.104+0000] {dag.py:3239} INFO - Sync 2 DAGs
[2025-04-20T17:54:43.135+0000] {logging_mixin.py:190} INFO - [2025-04-20T17:54:43.135+0000] {dag.py:4180} INFO - Setting next_dagrun for read_dataset_event to 2025-04-19 00:00:00+00:00, run_after=2025-04-20 00:00:00+00:00
[2025-04-20T17:54:43.142+0000] {logging_mixin.py:190} INFO - [2025-04-20T17:54:43.142+0000] {dag.py:4180} INFO - Setting next_dagrun for read_dataset_event_from_classic to 2025-04-19 00:00:00+00:00, run_after=2025-04-20 00:00:00+00:00
[2025-04-20T17:54:43.166+0000] {processor.py:208} INFO - Processing /home/airflow/.local/lib/python3.12/site-packages/airflow/example_dags/example_inlet_event_extra.py took 0.840 seconds
[2025-04-20T17:55:13.678+0000] {processor.py:186} INFO - Started process (PID=873) to work on /home/airflow/.local/lib/python3.12/site-packages/airflow/example_dags/example_inlet_event_extra.py
[2025-04-20T17:55:13.683+0000] {processor.py:914} INFO - Processing file /home/airflow/.local/lib/python3.12/site-packages/airflow/example_dags/example_inlet_event_extra.py for tasks to queue
[2025-04-20T17:55:13.688+0000] {logging_mixin.py:190} INFO - [2025-04-20T17:55:13.688+0000] {dagbag.py:588} INFO - Filling up the DagBag from /home/airflow/.local/lib/python3.12/site-packages/airflow/example_dags/example_inlet_event_extra.py
[2025-04-20T17:55:14.915+0000] {processor.py:925} INFO - DAG(s) 'read_dataset_event_from_classic', 'read_dataset_event' retrieved from /home/airflow/.local/lib/python3.12/site-packages/airflow/example_dags/example_inlet_event_extra.py
[2025-04-20T17:55:14.947+0000] {logging_mixin.py:190} INFO - [2025-04-20T17:55:14.947+0000] {dag.py:3239} INFO - Sync 2 DAGs
[2025-04-20T17:55:14.983+0000] {logging_mixin.py:190} INFO - [2025-04-20T17:55:14.983+0000] {dag.py:4180} INFO - Setting next_dagrun for read_dataset_event to 2025-04-19 00:00:00+00:00, run_after=2025-04-20 00:00:00+00:00
[2025-04-20T17:55:14.991+0000] {logging_mixin.py:190} INFO - [2025-04-20T17:55:14.991+0000] {dag.py:4180} INFO - Setting next_dagrun for read_dataset_event_from_classic to 2025-04-19 00:00:00+00:00, run_after=2025-04-20 00:00:00+00:00
[2025-04-20T17:55:15.015+0000] {processor.py:208} INFO - Processing /home/airflow/.local/lib/python3.12/site-packages/airflow/example_dags/example_inlet_event_extra.py took 1.352 seconds
[2025-04-20T17:55:45.865+0000] {processor.py:186} INFO - Started process (PID=936) to work on /home/airflow/.local/lib/python3.12/site-packages/airflow/example_dags/example_inlet_event_extra.py
[2025-04-20T17:55:45.866+0000] {processor.py:914} INFO - Processing file /home/airflow/.local/lib/python3.12/site-packages/airflow/example_dags/example_inlet_event_extra.py for tasks to queue
[2025-04-20T17:55:45.870+0000] {logging_mixin.py:190} INFO - [2025-04-20T17:55:45.870+0000] {dagbag.py:588} INFO - Filling up the DagBag from /home/airflow/.local/lib/python3.12/site-packages/airflow/example_dags/example_inlet_event_extra.py
[2025-04-20T17:55:47.095+0000] {processor.py:925} INFO - DAG(s) 'read_dataset_event_from_classic', 'read_dataset_event' retrieved from /home/airflow/.local/lib/python3.12/site-packages/airflow/example_dags/example_inlet_event_extra.py
[2025-04-20T17:55:47.122+0000] {logging_mixin.py:190} INFO - [2025-04-20T17:55:47.122+0000] {dag.py:3239} INFO - Sync 2 DAGs
[2025-04-20T17:55:47.157+0000] {logging_mixin.py:190} INFO - [2025-04-20T17:55:47.156+0000] {dag.py:4180} INFO - Setting next_dagrun for read_dataset_event to 2025-04-19 00:00:00+00:00, run_after=2025-04-20 00:00:00+00:00
[2025-04-20T17:55:47.165+0000] {logging_mixin.py:190} INFO - [2025-04-20T17:55:47.165+0000] {dag.py:4180} INFO - Setting next_dagrun for read_dataset_event_from_classic to 2025-04-19 00:00:00+00:00, run_after=2025-04-20 00:00:00+00:00
[2025-04-20T17:55:47.189+0000] {processor.py:208} INFO - Processing /home/airflow/.local/lib/python3.12/site-packages/airflow/example_dags/example_inlet_event_extra.py took 1.332 seconds
[2025-04-20T17:56:17.351+0000] {processor.py:186} INFO - Started process (PID=999) to work on /home/airflow/.local/lib/python3.12/site-packages/airflow/example_dags/example_inlet_event_extra.py
[2025-04-20T17:56:17.353+0000] {processor.py:914} INFO - Processing file /home/airflow/.local/lib/python3.12/site-packages/airflow/example_dags/example_inlet_event_extra.py for tasks to queue
[2025-04-20T17:56:17.356+0000] {logging_mixin.py:190} INFO - [2025-04-20T17:56:17.356+0000] {dagbag.py:588} INFO - Filling up the DagBag from /home/airflow/.local/lib/python3.12/site-packages/airflow/example_dags/example_inlet_event_extra.py
[2025-04-20T17:56:18.052+0000] {processor.py:925} INFO - DAG(s) 'read_dataset_event', 'read_dataset_event_from_classic' retrieved from /home/airflow/.local/lib/python3.12/site-packages/airflow/example_dags/example_inlet_event_extra.py
[2025-04-20T17:56:18.081+0000] {logging_mixin.py:190} INFO - [2025-04-20T17:56:18.081+0000] {dag.py:3239} INFO - Sync 2 DAGs
[2025-04-20T17:56:18.124+0000] {logging_mixin.py:190} INFO - [2025-04-20T17:56:18.123+0000] {dag.py:4180} INFO - Setting next_dagrun for read_dataset_event to 2025-04-19 00:00:00+00:00, run_after=2025-04-20 00:00:00+00:00
[2025-04-20T17:56:18.135+0000] {logging_mixin.py:190} INFO - [2025-04-20T17:56:18.134+0000] {dag.py:4180} INFO - Setting next_dagrun for read_dataset_event_from_classic to 2025-04-19 00:00:00+00:00, run_after=2025-04-20 00:00:00+00:00
[2025-04-20T17:56:18.160+0000] {processor.py:208} INFO - Processing /home/airflow/.local/lib/python3.12/site-packages/airflow/example_dags/example_inlet_event_extra.py took 0.816 seconds
[2025-04-20T17:56:48.361+0000] {processor.py:186} INFO - Started process (PID=1062) to work on /home/airflow/.local/lib/python3.12/site-packages/airflow/example_dags/example_inlet_event_extra.py
[2025-04-20T17:56:48.362+0000] {processor.py:914} INFO - Processing file /home/airflow/.local/lib/python3.12/site-packages/airflow/example_dags/example_inlet_event_extra.py for tasks to queue
[2025-04-20T17:56:48.366+0000] {logging_mixin.py:190} INFO - [2025-04-20T17:56:48.366+0000] {dagbag.py:588} INFO - Filling up the DagBag from /home/airflow/.local/lib/python3.12/site-packages/airflow/example_dags/example_inlet_event_extra.py
[2025-04-20T17:56:49.048+0000] {processor.py:925} INFO - DAG(s) 'read_dataset_event', 'read_dataset_event_from_classic' retrieved from /home/airflow/.local/lib/python3.12/site-packages/airflow/example_dags/example_inlet_event_extra.py
[2025-04-20T17:56:49.074+0000] {logging_mixin.py:190} INFO - [2025-04-20T17:56:49.074+0000] {dag.py:3239} INFO - Sync 2 DAGs
[2025-04-20T17:56:49.101+0000] {logging_mixin.py:190} INFO - [2025-04-20T17:56:49.101+0000] {dag.py:4180} INFO - Setting next_dagrun for read_dataset_event to 2025-04-19 00:00:00+00:00, run_after=2025-04-20 00:00:00+00:00
[2025-04-20T17:56:49.109+0000] {logging_mixin.py:190} INFO - [2025-04-20T17:56:49.108+0000] {dag.py:4180} INFO - Setting next_dagrun for read_dataset_event_from_classic to 2025-04-19 00:00:00+00:00, run_after=2025-04-20 00:00:00+00:00
[2025-04-20T17:56:49.130+0000] {processor.py:208} INFO - Processing /home/airflow/.local/lib/python3.12/site-packages/airflow/example_dags/example_inlet_event_extra.py took 0.780 seconds
[2025-04-20T17:57:19.828+0000] {processor.py:186} INFO - Started process (PID=1125) to work on /home/airflow/.local/lib/python3.12/site-packages/airflow/example_dags/example_inlet_event_extra.py
[2025-04-20T17:57:19.829+0000] {processor.py:914} INFO - Processing file /home/airflow/.local/lib/python3.12/site-packages/airflow/example_dags/example_inlet_event_extra.py for tasks to queue
[2025-04-20T17:57:19.833+0000] {logging_mixin.py:190} INFO - [2025-04-20T17:57:19.832+0000] {dagbag.py:588} INFO - Filling up the DagBag from /home/airflow/.local/lib/python3.12/site-packages/airflow/example_dags/example_inlet_event_extra.py
[2025-04-20T17:57:20.582+0000] {processor.py:925} INFO - DAG(s) 'read_dataset_event_from_classic', 'read_dataset_event' retrieved from /home/airflow/.local/lib/python3.12/site-packages/airflow/example_dags/example_inlet_event_extra.py
[2025-04-20T17:57:20.619+0000] {logging_mixin.py:190} INFO - [2025-04-20T17:57:20.619+0000] {dag.py:3239} INFO - Sync 2 DAGs
[2025-04-20T17:57:20.665+0000] {logging_mixin.py:190} INFO - [2025-04-20T17:57:20.665+0000] {dag.py:4180} INFO - Setting next_dagrun for read_dataset_event to 2025-04-19 00:00:00+00:00, run_after=2025-04-20 00:00:00+00:00
[2025-04-20T17:57:20.673+0000] {logging_mixin.py:190} INFO - [2025-04-20T17:57:20.673+0000] {dag.py:4180} INFO - Setting next_dagrun for read_dataset_event_from_classic to 2025-04-19 00:00:00+00:00, run_after=2025-04-20 00:00:00+00:00
[2025-04-20T17:57:20.700+0000] {processor.py:208} INFO - Processing /home/airflow/.local/lib/python3.12/site-packages/airflow/example_dags/example_inlet_event_extra.py took 0.883 seconds
[2025-04-20T17:57:50.778+0000] {processor.py:186} INFO - Started process (PID=1188) to work on /home/airflow/.local/lib/python3.12/site-packages/airflow/example_dags/example_inlet_event_extra.py
[2025-04-20T17:57:50.779+0000] {processor.py:914} INFO - Processing file /home/airflow/.local/lib/python3.12/site-packages/airflow/example_dags/example_inlet_event_extra.py for tasks to queue
[2025-04-20T17:57:50.782+0000] {logging_mixin.py:190} INFO - [2025-04-20T17:57:50.782+0000] {dagbag.py:588} INFO - Filling up the DagBag from /home/airflow/.local/lib/python3.12/site-packages/airflow/example_dags/example_inlet_event_extra.py
[2025-04-20T17:57:51.499+0000] {processor.py:925} INFO - DAG(s) 'read_dataset_event_from_classic', 'read_dataset_event' retrieved from /home/airflow/.local/lib/python3.12/site-packages/airflow/example_dags/example_inlet_event_extra.py
[2025-04-20T17:57:51.523+0000] {logging_mixin.py:190} INFO - [2025-04-20T17:57:51.523+0000] {dag.py:3239} INFO - Sync 2 DAGs
[2025-04-20T17:57:51.558+0000] {logging_mixin.py:190} INFO - [2025-04-20T17:57:51.558+0000] {dag.py:4180} INFO - Setting next_dagrun for read_dataset_event to 2025-04-19 00:00:00+00:00, run_after=2025-04-20 00:00:00+00:00
[2025-04-20T17:57:51.565+0000] {logging_mixin.py:190} INFO - [2025-04-20T17:57:51.564+0000] {dag.py:4180} INFO - Setting next_dagrun for read_dataset_event_from_classic to 2025-04-19 00:00:00+00:00, run_after=2025-04-20 00:00:00+00:00
[2025-04-20T17:57:51.587+0000] {processor.py:208} INFO - Processing /home/airflow/.local/lib/python3.12/site-packages/airflow/example_dags/example_inlet_event_extra.py took 0.816 seconds
[2025-04-20T17:58:21.666+0000] {processor.py:186} INFO - Started process (PID=1250) to work on /home/airflow/.local/lib/python3.12/site-packages/airflow/example_dags/example_inlet_event_extra.py
[2025-04-20T17:58:21.667+0000] {processor.py:914} INFO - Processing file /home/airflow/.local/lib/python3.12/site-packages/airflow/example_dags/example_inlet_event_extra.py for tasks to queue
[2025-04-20T17:58:21.670+0000] {logging_mixin.py:190} INFO - [2025-04-20T17:58:21.670+0000] {dagbag.py:588} INFO - Filling up the DagBag from /home/airflow/.local/lib/python3.12/site-packages/airflow/example_dags/example_inlet_event_extra.py
[2025-04-20T17:58:22.302+0000] {processor.py:925} INFO - DAG(s) 'read_dataset_event_from_classic', 'read_dataset_event' retrieved from /home/airflow/.local/lib/python3.12/site-packages/airflow/example_dags/example_inlet_event_extra.py
[2025-04-20T17:58:22.324+0000] {logging_mixin.py:190} INFO - [2025-04-20T17:58:22.324+0000] {dag.py:3239} INFO - Sync 2 DAGs
[2025-04-20T17:58:22.354+0000] {logging_mixin.py:190} INFO - [2025-04-20T17:58:22.354+0000] {dag.py:4180} INFO - Setting next_dagrun for read_dataset_event to 2025-04-19 00:00:00+00:00, run_after=2025-04-20 00:00:00+00:00
[2025-04-20T17:58:22.360+0000] {logging_mixin.py:190} INFO - [2025-04-20T17:58:22.360+0000] {dag.py:4180} INFO - Setting next_dagrun for read_dataset_event_from_classic to 2025-04-19 00:00:00+00:00, run_after=2025-04-20 00:00:00+00:00
[2025-04-20T17:58:22.381+0000] {processor.py:208} INFO - Processing /home/airflow/.local/lib/python3.12/site-packages/airflow/example_dags/example_inlet_event_extra.py took 0.723 seconds
[2025-04-20T17:58:52.868+0000] {processor.py:186} INFO - Started process (PID=1313) to work on /home/airflow/.local/lib/python3.12/site-packages/airflow/example_dags/example_inlet_event_extra.py
[2025-04-20T17:58:52.869+0000] {processor.py:914} INFO - Processing file /home/airflow/.local/lib/python3.12/site-packages/airflow/example_dags/example_inlet_event_extra.py for tasks to queue
[2025-04-20T17:58:52.872+0000] {logging_mixin.py:190} INFO - [2025-04-20T17:58:52.872+0000] {dagbag.py:588} INFO - Filling up the DagBag from /home/airflow/.local/lib/python3.12/site-packages/airflow/example_dags/example_inlet_event_extra.py
[2025-04-20T17:58:53.557+0000] {processor.py:925} INFO - DAG(s) 'read_dataset_event_from_classic', 'read_dataset_event' retrieved from /home/airflow/.local/lib/python3.12/site-packages/airflow/example_dags/example_inlet_event_extra.py
[2025-04-20T17:58:53.581+0000] {logging_mixin.py:190} INFO - [2025-04-20T17:58:53.581+0000] {dag.py:3239} INFO - Sync 2 DAGs
[2025-04-20T17:58:53.614+0000] {logging_mixin.py:190} INFO - [2025-04-20T17:58:53.613+0000] {dag.py:4180} INFO - Setting next_dagrun for read_dataset_event to 2025-04-19 00:00:00+00:00, run_after=2025-04-20 00:00:00+00:00
[2025-04-20T17:58:53.621+0000] {logging_mixin.py:190} INFO - [2025-04-20T17:58:53.620+0000] {dag.py:4180} INFO - Setting next_dagrun for read_dataset_event_from_classic to 2025-04-19 00:00:00+00:00, run_after=2025-04-20 00:00:00+00:00
[2025-04-20T17:58:53.642+0000] {processor.py:208} INFO - Processing /home/airflow/.local/lib/python3.12/site-packages/airflow/example_dags/example_inlet_event_extra.py took 0.783 seconds
[2025-04-20T18:04:57.240+0000] {processor.py:186} INFO - Started process (PID=113) to work on /home/airflow/.local/lib/python3.12/site-packages/airflow/example_dags/example_inlet_event_extra.py
[2025-04-20T18:04:57.242+0000] {processor.py:914} INFO - Processing file /home/airflow/.local/lib/python3.12/site-packages/airflow/example_dags/example_inlet_event_extra.py for tasks to queue
[2025-04-20T18:04:57.246+0000] {logging_mixin.py:190} INFO - [2025-04-20T18:04:57.245+0000] {dagbag.py:588} INFO - Filling up the DagBag from /home/airflow/.local/lib/python3.12/site-packages/airflow/example_dags/example_inlet_event_extra.py
[2025-04-20T18:04:58.056+0000] {processor.py:925} INFO - DAG(s) 'read_dataset_event_from_classic', 'read_dataset_event' retrieved from /home/airflow/.local/lib/python3.12/site-packages/airflow/example_dags/example_inlet_event_extra.py
[2025-04-20T18:04:58.195+0000] {logging_mixin.py:190} INFO - [2025-04-20T18:04:58.195+0000] {override.py:1912} INFO - Created Permission View: can read on DAG:read_dataset_event_from_classic
[2025-04-20T18:04:58.210+0000] {logging_mixin.py:190} INFO - [2025-04-20T18:04:58.209+0000] {override.py:1912} INFO - Created Permission View: can edit on DAG:read_dataset_event_from_classic
[2025-04-20T18:04:58.219+0000] {logging_mixin.py:190} INFO - [2025-04-20T18:04:58.219+0000] {override.py:1912} INFO - Created Permission View: can delete on DAG:read_dataset_event_from_classic
[2025-04-20T18:04:58.233+0000] {logging_mixin.py:190} INFO - [2025-04-20T18:04:58.232+0000] {override.py:1912} INFO - Created Permission View: menu access on DAG Run:read_dataset_event_from_classic
[2025-04-20T18:04:58.243+0000] {logging_mixin.py:190} INFO - [2025-04-20T18:04:58.243+0000] {override.py:1912} INFO - Created Permission View: can read on DAG Run:read_dataset_event_from_classic
[2025-04-20T18:04:58.254+0000] {logging_mixin.py:190} INFO - [2025-04-20T18:04:58.254+0000] {override.py:1912} INFO - Created Permission View: can create on DAG Run:read_dataset_event_from_classic
[2025-04-20T18:04:58.264+0000] {logging_mixin.py:190} INFO - [2025-04-20T18:04:58.264+0000] {override.py:1912} INFO - Created Permission View: can delete on DAG Run:read_dataset_event_from_classic
[2025-04-20T18:04:58.283+0000] {logging_mixin.py:190} INFO - [2025-04-20T18:04:58.283+0000] {override.py:1912} INFO - Created Permission View: can read on DAG:read_dataset_event
[2025-04-20T18:04:58.293+0000] {logging_mixin.py:190} INFO - [2025-04-20T18:04:58.293+0000] {override.py:1912} INFO - Created Permission View: can edit on DAG:read_dataset_event
[2025-04-20T18:04:58.303+0000] {logging_mixin.py:190} INFO - [2025-04-20T18:04:58.302+0000] {override.py:1912} INFO - Created Permission View: can delete on DAG:read_dataset_event
[2025-04-20T18:04:58.313+0000] {logging_mixin.py:190} INFO - [2025-04-20T18:04:58.313+0000] {override.py:1912} INFO - Created Permission View: menu access on DAG Run:read_dataset_event
[2025-04-20T18:04:58.322+0000] {logging_mixin.py:190} INFO - [2025-04-20T18:04:58.322+0000] {override.py:1912} INFO - Created Permission View: can read on DAG Run:read_dataset_event
[2025-04-20T18:04:58.331+0000] {logging_mixin.py:190} INFO - [2025-04-20T18:04:58.331+0000] {override.py:1912} INFO - Created Permission View: can create on DAG Run:read_dataset_event
[2025-04-20T18:04:58.340+0000] {logging_mixin.py:190} INFO - [2025-04-20T18:04:58.340+0000] {override.py:1912} INFO - Created Permission View: can delete on DAG Run:read_dataset_event
[2025-04-20T18:04:58.341+0000] {logging_mixin.py:190} INFO - [2025-04-20T18:04:58.341+0000] {dag.py:3239} INFO - Sync 2 DAGs
[2025-04-20T18:04:58.361+0000] {logging_mixin.py:190} INFO - [2025-04-20T18:04:58.361+0000] {dag.py:3262} INFO - Creating ORM DAG for read_dataset_event_from_classic
[2025-04-20T18:04:58.363+0000] {logging_mixin.py:190} INFO - [2025-04-20T18:04:58.362+0000] {dag.py:3262} INFO - Creating ORM DAG for read_dataset_event
[2025-04-20T18:04:58.377+0000] {logging_mixin.py:190} INFO - [2025-04-20T18:04:58.376+0000] {dag.py:4180} INFO - Setting next_dagrun for read_dataset_event to 2025-04-19 00:00:00+00:00, run_after=2025-04-20 00:00:00+00:00
[2025-04-20T18:04:58.380+0000] {logging_mixin.py:190} INFO - [2025-04-20T18:04:58.380+0000] {dag.py:4180} INFO - Setting next_dagrun for read_dataset_event_from_classic to 2025-04-19 00:00:00+00:00, run_after=2025-04-20 00:00:00+00:00
[2025-04-20T18:04:58.404+0000] {processor.py:208} INFO - Processing /home/airflow/.local/lib/python3.12/site-packages/airflow/example_dags/example_inlet_event_extra.py took 1.174 seconds
[2025-04-20T18:05:29.205+0000] {processor.py:186} INFO - Started process (PID=176) to work on /home/airflow/.local/lib/python3.12/site-packages/airflow/example_dags/example_inlet_event_extra.py
[2025-04-20T18:05:29.206+0000] {processor.py:914} INFO - Processing file /home/airflow/.local/lib/python3.12/site-packages/airflow/example_dags/example_inlet_event_extra.py for tasks to queue
[2025-04-20T18:05:29.210+0000] {logging_mixin.py:190} INFO - [2025-04-20T18:05:29.210+0000] {dagbag.py:588} INFO - Filling up the DagBag from /home/airflow/.local/lib/python3.12/site-packages/airflow/example_dags/example_inlet_event_extra.py
[2025-04-20T18:05:30.081+0000] {processor.py:925} INFO - DAG(s) 'read_dataset_event_from_classic', 'read_dataset_event' retrieved from /home/airflow/.local/lib/python3.12/site-packages/airflow/example_dags/example_inlet_event_extra.py
[2025-04-20T18:05:30.110+0000] {logging_mixin.py:190} INFO - [2025-04-20T18:05:30.109+0000] {dag.py:3239} INFO - Sync 2 DAGs
[2025-04-20T18:05:30.143+0000] {logging_mixin.py:190} INFO - [2025-04-20T18:05:30.142+0000] {dag.py:4180} INFO - Setting next_dagrun for read_dataset_event to 2025-04-19 00:00:00+00:00, run_after=2025-04-20 00:00:00+00:00
[2025-04-20T18:05:30.149+0000] {logging_mixin.py:190} INFO - [2025-04-20T18:05:30.149+0000] {dag.py:4180} INFO - Setting next_dagrun for read_dataset_event_from_classic to 2025-04-19 00:00:00+00:00, run_after=2025-04-20 00:00:00+00:00
[2025-04-20T18:05:30.212+0000] {processor.py:208} INFO - Processing /home/airflow/.local/lib/python3.12/site-packages/airflow/example_dags/example_inlet_event_extra.py took 1.017 seconds
[2025-04-20T18:06:00.969+0000] {processor.py:186} INFO - Started process (PID=239) to work on /home/airflow/.local/lib/python3.12/site-packages/airflow/example_dags/example_inlet_event_extra.py
[2025-04-20T18:06:00.971+0000] {processor.py:914} INFO - Processing file /home/airflow/.local/lib/python3.12/site-packages/airflow/example_dags/example_inlet_event_extra.py for tasks to queue
[2025-04-20T18:06:00.974+0000] {logging_mixin.py:190} INFO - [2025-04-20T18:06:00.973+0000] {dagbag.py:588} INFO - Filling up the DagBag from /home/airflow/.local/lib/python3.12/site-packages/airflow/example_dags/example_inlet_event_extra.py
[2025-04-20T18:06:01.616+0000] {processor.py:925} INFO - DAG(s) 'read_dataset_event', 'read_dataset_event_from_classic' retrieved from /home/airflow/.local/lib/python3.12/site-packages/airflow/example_dags/example_inlet_event_extra.py
[2025-04-20T18:06:01.641+0000] {logging_mixin.py:190} INFO - [2025-04-20T18:06:01.641+0000] {dag.py:3239} INFO - Sync 2 DAGs
[2025-04-20T18:06:01.673+0000] {logging_mixin.py:190} INFO - [2025-04-20T18:06:01.673+0000] {dag.py:4180} INFO - Setting next_dagrun for read_dataset_event to 2025-04-19 00:00:00+00:00, run_after=2025-04-20 00:00:00+00:00
[2025-04-20T18:06:01.679+0000] {logging_mixin.py:190} INFO - [2025-04-20T18:06:01.679+0000] {dag.py:4180} INFO - Setting next_dagrun for read_dataset_event_from_classic to 2025-04-19 00:00:00+00:00, run_after=2025-04-20 00:00:00+00:00
[2025-04-20T18:06:01.702+0000] {processor.py:208} INFO - Processing /home/airflow/.local/lib/python3.12/site-packages/airflow/example_dags/example_inlet_event_extra.py took 0.739 seconds
[2025-04-20T18:06:32.236+0000] {processor.py:186} INFO - Started process (PID=302) to work on /home/airflow/.local/lib/python3.12/site-packages/airflow/example_dags/example_inlet_event_extra.py
[2025-04-20T18:06:32.238+0000] {processor.py:914} INFO - Processing file /home/airflow/.local/lib/python3.12/site-packages/airflow/example_dags/example_inlet_event_extra.py for tasks to queue
[2025-04-20T18:06:32.241+0000] {logging_mixin.py:190} INFO - [2025-04-20T18:06:32.241+0000] {dagbag.py:588} INFO - Filling up the DagBag from /home/airflow/.local/lib/python3.12/site-packages/airflow/example_dags/example_inlet_event_extra.py
[2025-04-20T18:06:33.146+0000] {processor.py:925} INFO - DAG(s) 'read_dataset_event', 'read_dataset_event_from_classic' retrieved from /home/airflow/.local/lib/python3.12/site-packages/airflow/example_dags/example_inlet_event_extra.py
[2025-04-20T18:06:33.179+0000] {logging_mixin.py:190} INFO - [2025-04-20T18:06:33.178+0000] {dag.py:3239} INFO - Sync 2 DAGs
[2025-04-20T18:06:33.214+0000] {logging_mixin.py:190} INFO - [2025-04-20T18:06:33.213+0000] {dag.py:4180} INFO - Setting next_dagrun for read_dataset_event to 2025-04-19 00:00:00+00:00, run_after=2025-04-20 00:00:00+00:00
[2025-04-20T18:06:33.221+0000] {logging_mixin.py:190} INFO - [2025-04-20T18:06:33.221+0000] {dag.py:4180} INFO - Setting next_dagrun for read_dataset_event_from_classic to 2025-04-19 00:00:00+00:00, run_after=2025-04-20 00:00:00+00:00
[2025-04-20T18:06:33.248+0000] {processor.py:208} INFO - Processing /home/airflow/.local/lib/python3.12/site-packages/airflow/example_dags/example_inlet_event_extra.py took 1.025 seconds
[2025-04-20T18:07:03.605+0000] {processor.py:186} INFO - Started process (PID=365) to work on /home/airflow/.local/lib/python3.12/site-packages/airflow/example_dags/example_inlet_event_extra.py
[2025-04-20T18:07:03.607+0000] {processor.py:914} INFO - Processing file /home/airflow/.local/lib/python3.12/site-packages/airflow/example_dags/example_inlet_event_extra.py for tasks to queue
[2025-04-20T18:07:03.610+0000] {logging_mixin.py:190} INFO - [2025-04-20T18:07:03.610+0000] {dagbag.py:588} INFO - Filling up the DagBag from /home/airflow/.local/lib/python3.12/site-packages/airflow/example_dags/example_inlet_event_extra.py
[2025-04-20T18:07:04.536+0000] {processor.py:925} INFO - DAG(s) 'read_dataset_event', 'read_dataset_event_from_classic' retrieved from /home/airflow/.local/lib/python3.12/site-packages/airflow/example_dags/example_inlet_event_extra.py
[2025-04-20T18:07:04.561+0000] {logging_mixin.py:190} INFO - [2025-04-20T18:07:04.561+0000] {dag.py:3239} INFO - Sync 2 DAGs
[2025-04-20T18:07:04.593+0000] {logging_mixin.py:190} INFO - [2025-04-20T18:07:04.592+0000] {dag.py:4180} INFO - Setting next_dagrun for read_dataset_event to 2025-04-19 00:00:00+00:00, run_after=2025-04-20 00:00:00+00:00
[2025-04-20T18:07:04.600+0000] {logging_mixin.py:190} INFO - [2025-04-20T18:07:04.600+0000] {dag.py:4180} INFO - Setting next_dagrun for read_dataset_event_from_classic to 2025-04-19 00:00:00+00:00, run_after=2025-04-20 00:00:00+00:00
[2025-04-20T18:07:04.624+0000] {processor.py:208} INFO - Processing /home/airflow/.local/lib/python3.12/site-packages/airflow/example_dags/example_inlet_event_extra.py took 1.025 seconds
[2025-04-20T18:07:35.171+0000] {processor.py:186} INFO - Started process (PID=428) to work on /home/airflow/.local/lib/python3.12/site-packages/airflow/example_dags/example_inlet_event_extra.py
[2025-04-20T18:07:35.172+0000] {processor.py:914} INFO - Processing file /home/airflow/.local/lib/python3.12/site-packages/airflow/example_dags/example_inlet_event_extra.py for tasks to queue
[2025-04-20T18:07:35.176+0000] {logging_mixin.py:190} INFO - [2025-04-20T18:07:35.176+0000] {dagbag.py:588} INFO - Filling up the DagBag from /home/airflow/.local/lib/python3.12/site-packages/airflow/example_dags/example_inlet_event_extra.py
[2025-04-20T18:07:36.048+0000] {processor.py:925} INFO - DAG(s) 'read_dataset_event', 'read_dataset_event_from_classic' retrieved from /home/airflow/.local/lib/python3.12/site-packages/airflow/example_dags/example_inlet_event_extra.py
[2025-04-20T18:07:36.082+0000] {logging_mixin.py:190} INFO - [2025-04-20T18:07:36.082+0000] {dag.py:3239} INFO - Sync 2 DAGs
[2025-04-20T18:07:36.127+0000] {logging_mixin.py:190} INFO - [2025-04-20T18:07:36.127+0000] {dag.py:4180} INFO - Setting next_dagrun for read_dataset_event to 2025-04-19 00:00:00+00:00, run_after=2025-04-20 00:00:00+00:00
[2025-04-20T18:07:36.138+0000] {logging_mixin.py:190} INFO - [2025-04-20T18:07:36.138+0000] {dag.py:4180} INFO - Setting next_dagrun for read_dataset_event_from_classic to 2025-04-19 00:00:00+00:00, run_after=2025-04-20 00:00:00+00:00
[2025-04-20T18:07:36.185+0000] {processor.py:208} INFO - Processing /home/airflow/.local/lib/python3.12/site-packages/airflow/example_dags/example_inlet_event_extra.py took 1.027 seconds
[2025-04-20T18:08:06.935+0000] {processor.py:186} INFO - Started process (PID=497) to work on /home/airflow/.local/lib/python3.12/site-packages/airflow/example_dags/example_inlet_event_extra.py
[2025-04-20T18:08:06.937+0000] {processor.py:914} INFO - Processing file /home/airflow/.local/lib/python3.12/site-packages/airflow/example_dags/example_inlet_event_extra.py for tasks to queue
[2025-04-20T18:08:06.940+0000] {logging_mixin.py:190} INFO - [2025-04-20T18:08:06.939+0000] {dagbag.py:588} INFO - Filling up the DagBag from /home/airflow/.local/lib/python3.12/site-packages/airflow/example_dags/example_inlet_event_extra.py
[2025-04-20T18:08:07.707+0000] {processor.py:925} INFO - DAG(s) 'read_dataset_event_from_classic', 'read_dataset_event' retrieved from /home/airflow/.local/lib/python3.12/site-packages/airflow/example_dags/example_inlet_event_extra.py
[2025-04-20T18:08:07.734+0000] {logging_mixin.py:190} INFO - [2025-04-20T18:08:07.734+0000] {dag.py:3239} INFO - Sync 2 DAGs
[2025-04-20T18:08:07.770+0000] {logging_mixin.py:190} INFO - [2025-04-20T18:08:07.770+0000] {dag.py:4180} INFO - Setting next_dagrun for read_dataset_event to 2025-04-19 00:00:00+00:00, run_after=2025-04-20 00:00:00+00:00
[2025-04-20T18:08:07.778+0000] {logging_mixin.py:190} INFO - [2025-04-20T18:08:07.777+0000] {dag.py:4180} INFO - Setting next_dagrun for read_dataset_event_from_classic to 2025-04-19 00:00:00+00:00, run_after=2025-04-20 00:00:00+00:00
[2025-04-20T18:08:07.814+0000] {processor.py:208} INFO - Processing /home/airflow/.local/lib/python3.12/site-packages/airflow/example_dags/example_inlet_event_extra.py took 0.888 seconds
[2025-04-20T18:08:37.960+0000] {processor.py:186} INFO - Started process (PID=560) to work on /home/airflow/.local/lib/python3.12/site-packages/airflow/example_dags/example_inlet_event_extra.py
[2025-04-20T18:08:37.962+0000] {processor.py:914} INFO - Processing file /home/airflow/.local/lib/python3.12/site-packages/airflow/example_dags/example_inlet_event_extra.py for tasks to queue
[2025-04-20T18:08:37.966+0000] {logging_mixin.py:190} INFO - [2025-04-20T18:08:37.966+0000] {dagbag.py:588} INFO - Filling up the DagBag from /home/airflow/.local/lib/python3.12/site-packages/airflow/example_dags/example_inlet_event_extra.py
[2025-04-20T18:08:38.690+0000] {processor.py:925} INFO - DAG(s) 'read_dataset_event_from_classic', 'read_dataset_event' retrieved from /home/airflow/.local/lib/python3.12/site-packages/airflow/example_dags/example_inlet_event_extra.py
[2025-04-20T18:08:38.718+0000] {logging_mixin.py:190} INFO - [2025-04-20T18:08:38.718+0000] {dag.py:3239} INFO - Sync 2 DAGs
[2025-04-20T18:08:38.755+0000] {logging_mixin.py:190} INFO - [2025-04-20T18:08:38.755+0000] {dag.py:4180} INFO - Setting next_dagrun for read_dataset_event to 2025-04-19 00:00:00+00:00, run_after=2025-04-20 00:00:00+00:00
[2025-04-20T18:08:38.766+0000] {logging_mixin.py:190} INFO - [2025-04-20T18:08:38.765+0000] {dag.py:4180} INFO - Setting next_dagrun for read_dataset_event_from_classic to 2025-04-19 00:00:00+00:00, run_after=2025-04-20 00:00:00+00:00
[2025-04-20T18:08:38.802+0000] {processor.py:208} INFO - Processing /home/airflow/.local/lib/python3.12/site-packages/airflow/example_dags/example_inlet_event_extra.py took 0.848 seconds
[2025-04-20T18:09:09.790+0000] {processor.py:186} INFO - Started process (PID=623) to work on /home/airflow/.local/lib/python3.12/site-packages/airflow/example_dags/example_inlet_event_extra.py
[2025-04-20T18:09:09.792+0000] {processor.py:914} INFO - Processing file /home/airflow/.local/lib/python3.12/site-packages/airflow/example_dags/example_inlet_event_extra.py for tasks to queue
[2025-04-20T18:09:09.798+0000] {logging_mixin.py:190} INFO - [2025-04-20T18:09:09.798+0000] {dagbag.py:588} INFO - Filling up the DagBag from /home/airflow/.local/lib/python3.12/site-packages/airflow/example_dags/example_inlet_event_extra.py
[2025-04-20T18:09:10.723+0000] {processor.py:925} INFO - DAG(s) 'read_dataset_event', 'read_dataset_event_from_classic' retrieved from /home/airflow/.local/lib/python3.12/site-packages/airflow/example_dags/example_inlet_event_extra.py
[2025-04-20T18:09:10.756+0000] {logging_mixin.py:190} INFO - [2025-04-20T18:09:10.756+0000] {dag.py:3239} INFO - Sync 2 DAGs
[2025-04-20T18:09:10.796+0000] {logging_mixin.py:190} INFO - [2025-04-20T18:09:10.795+0000] {dag.py:4180} INFO - Setting next_dagrun for read_dataset_event to 2025-04-19 00:00:00+00:00, run_after=2025-04-20 00:00:00+00:00
[2025-04-20T18:09:10.805+0000] {logging_mixin.py:190} INFO - [2025-04-20T18:09:10.805+0000] {dag.py:4180} INFO - Setting next_dagrun for read_dataset_event_from_classic to 2025-04-19 00:00:00+00:00, run_after=2025-04-20 00:00:00+00:00
[2025-04-20T18:09:10.833+0000] {processor.py:208} INFO - Processing /home/airflow/.local/lib/python3.12/site-packages/airflow/example_dags/example_inlet_event_extra.py took 1.058 seconds
[2025-04-20T18:09:41.358+0000] {processor.py:186} INFO - Started process (PID=686) to work on /home/airflow/.local/lib/python3.12/site-packages/airflow/example_dags/example_inlet_event_extra.py
[2025-04-20T18:09:41.359+0000] {processor.py:914} INFO - Processing file /home/airflow/.local/lib/python3.12/site-packages/airflow/example_dags/example_inlet_event_extra.py for tasks to queue
[2025-04-20T18:09:41.364+0000] {logging_mixin.py:190} INFO - [2025-04-20T18:09:41.363+0000] {dagbag.py:588} INFO - Filling up the DagBag from /home/airflow/.local/lib/python3.12/site-packages/airflow/example_dags/example_inlet_event_extra.py
[2025-04-20T18:09:42.184+0000] {processor.py:925} INFO - DAG(s) 'read_dataset_event', 'read_dataset_event_from_classic' retrieved from /home/airflow/.local/lib/python3.12/site-packages/airflow/example_dags/example_inlet_event_extra.py
[2025-04-20T18:09:42.216+0000] {logging_mixin.py:190} INFO - [2025-04-20T18:09:42.216+0000] {dag.py:3239} INFO - Sync 2 DAGs
[2025-04-20T18:09:42.258+0000] {logging_mixin.py:190} INFO - [2025-04-20T18:09:42.258+0000] {dag.py:4180} INFO - Setting next_dagrun for read_dataset_event to 2025-04-19 00:00:00+00:00, run_after=2025-04-20 00:00:00+00:00
[2025-04-20T18:09:42.268+0000] {logging_mixin.py:190} INFO - [2025-04-20T18:09:42.267+0000] {dag.py:4180} INFO - Setting next_dagrun for read_dataset_event_from_classic to 2025-04-19 00:00:00+00:00, run_after=2025-04-20 00:00:00+00:00
[2025-04-20T18:09:42.301+0000] {processor.py:208} INFO - Processing /home/airflow/.local/lib/python3.12/site-packages/airflow/example_dags/example_inlet_event_extra.py took 0.951 seconds
