[2025-04-20T17:48:45.666+0000] {processor.py:186} INFO - Started process (PID=81) to work on /home/airflow/.local/lib/python3.12/site-packages/airflow/example_dags/example_dataset_alias_with_no_taskflow.py
[2025-04-20T17:48:45.668+0000] {processor.py:914} INFO - Processing file /home/airflow/.local/lib/python3.12/site-packages/airflow/example_dags/example_dataset_alias_with_no_taskflow.py for tasks to queue
[2025-04-20T17:48:45.671+0000] {logging_mixin.py:190} INFO - [2025-04-20T17:48:45.671+0000] {dagbag.py:588} INFO - Filling up the DagBag from /home/airflow/.local/lib/python3.12/site-packages/airflow/example_dags/example_dataset_alias_with_no_taskflow.py
[2025-04-20T17:48:46.868+0000] {processor.py:925} INFO - DAG(s) 'dataset_s3_bucket_consumer_with_no_taskflow', 'dataset_s3_bucket_producer_with_no_taskflow', 'dataset_alias_example_alias_consumer_with_no_taskflow', 'dataset_alias_example_alias_producer_with_no_taskflow' retrieved from /home/airflow/.local/lib/python3.12/site-packages/airflow/example_dags/example_dataset_alias_with_no_taskflow.py
[2025-04-20T17:48:47.104+0000] {logging_mixin.py:190} INFO - [2025-04-20T17:48:47.103+0000] {override.py:1912} INFO - Created Permission View: can read on DAG:dataset_s3_bucket_consumer_with_no_taskflow
[2025-04-20T17:48:47.147+0000] {logging_mixin.py:190} INFO - [2025-04-20T17:48:47.146+0000] {override.py:1912} INFO - Created Permission View: can edit on DAG:dataset_s3_bucket_consumer_with_no_taskflow
[2025-04-20T17:48:47.187+0000] {logging_mixin.py:190} INFO - [2025-04-20T17:48:47.187+0000] {override.py:1912} INFO - Created Permission View: can delete on DAG:dataset_s3_bucket_consumer_with_no_taskflow
[2025-04-20T17:48:47.269+0000] {logging_mixin.py:190} INFO - [2025-04-20T17:48:47.269+0000] {override.py:1912} INFO - Created Permission View: can read on DAG Run:dataset_s3_bucket_consumer_with_no_taskflow
[2025-04-20T17:48:47.307+0000] {logging_mixin.py:190} INFO - [2025-04-20T17:48:47.306+0000] {override.py:1912} INFO - Created Permission View: can create on DAG Run:dataset_s3_bucket_consumer_with_no_taskflow
[2025-04-20T17:48:47.347+0000] {logging_mixin.py:190} INFO - [2025-04-20T17:48:47.347+0000] {override.py:1912} INFO - Created Permission View: menu access on DAG Run:dataset_s3_bucket_consumer_with_no_taskflow
[2025-04-20T17:48:47.384+0000] {logging_mixin.py:190} INFO - [2025-04-20T17:48:47.383+0000] {override.py:1912} INFO - Created Permission View: can delete on DAG Run:dataset_s3_bucket_consumer_with_no_taskflow
[2025-04-20T17:48:47.459+0000] {logging_mixin.py:190} INFO - [2025-04-20T17:48:47.459+0000] {override.py:1912} INFO - Created Permission View: can read on DAG:dataset_s3_bucket_producer_with_no_taskflow
[2025-04-20T17:48:47.485+0000] {logging_mixin.py:190} INFO - [2025-04-20T17:48:47.485+0000] {override.py:1912} INFO - Created Permission View: can edit on DAG:dataset_s3_bucket_producer_with_no_taskflow
[2025-04-20T17:48:47.523+0000] {logging_mixin.py:190} INFO - [2025-04-20T17:48:47.522+0000] {override.py:1912} INFO - Created Permission View: can delete on DAG:dataset_s3_bucket_producer_with_no_taskflow
[2025-04-20T17:48:47.599+0000] {logging_mixin.py:190} INFO - [2025-04-20T17:48:47.599+0000] {override.py:1912} INFO - Created Permission View: can read on DAG Run:dataset_s3_bucket_producer_with_no_taskflow
[2025-04-20T17:48:47.638+0000] {logging_mixin.py:190} INFO - [2025-04-20T17:48:47.638+0000] {override.py:1912} INFO - Created Permission View: can create on DAG Run:dataset_s3_bucket_producer_with_no_taskflow
[2025-04-20T17:48:47.681+0000] {logging_mixin.py:190} INFO - [2025-04-20T17:48:47.681+0000] {override.py:1912} INFO - Created Permission View: menu access on DAG Run:dataset_s3_bucket_producer_with_no_taskflow
[2025-04-20T17:48:47.719+0000] {logging_mixin.py:190} INFO - [2025-04-20T17:48:47.718+0000] {override.py:1912} INFO - Created Permission View: can delete on DAG Run:dataset_s3_bucket_producer_with_no_taskflow
[2025-04-20T17:48:47.795+0000] {logging_mixin.py:190} INFO - [2025-04-20T17:48:47.794+0000] {override.py:1912} INFO - Created Permission View: can read on DAG:dataset_alias_example_alias_consumer_with_no_taskflow
[2025-04-20T17:48:47.913+0000] {logging_mixin.py:190} INFO - [2025-04-20T17:48:47.913+0000] {override.py:1912} INFO - Created Permission View: can edit on DAG:dataset_alias_example_alias_consumer_with_no_taskflow
[2025-04-20T17:48:48.079+0000] {logging_mixin.py:190} INFO - [2025-04-20T17:48:48.079+0000] {override.py:1912} INFO - Created Permission View: can delete on DAG:dataset_alias_example_alias_consumer_with_no_taskflow
[2025-04-20T17:48:48.885+0000] {logging_mixin.py:190} INFO - [2025-04-20T17:48:48.884+0000] {override.py:1912} INFO - Created Permission View: can read on DAG Run:dataset_alias_example_alias_consumer_with_no_taskflow
[2025-04-20T17:48:48.966+0000] {logging_mixin.py:190} INFO - [2025-04-20T17:48:48.965+0000] {override.py:1912} INFO - Created Permission View: can create on DAG Run:dataset_alias_example_alias_consumer_with_no_taskflow
[2025-04-20T17:48:49.013+0000] {logging_mixin.py:190} INFO - [2025-04-20T17:48:49.012+0000] {override.py:1912} INFO - Created Permission View: menu access on DAG Run:dataset_alias_example_alias_consumer_with_no_taskflow
[2025-04-20T17:48:49.073+0000] {logging_mixin.py:190} INFO - [2025-04-20T17:48:49.073+0000] {override.py:1912} INFO - Created Permission View: can delete on DAG Run:dataset_alias_example_alias_consumer_with_no_taskflow
[2025-04-20T17:48:49.227+0000] {logging_mixin.py:190} INFO - [2025-04-20T17:48:49.227+0000] {override.py:1912} INFO - Created Permission View: can read on DAG:dataset_alias_example_alias_producer_with_no_taskflow
[2025-04-20T17:48:49.293+0000] {logging_mixin.py:190} INFO - [2025-04-20T17:48:49.292+0000] {override.py:1912} INFO - Created Permission View: can edit on DAG:dataset_alias_example_alias_producer_with_no_taskflow
[2025-04-20T17:48:49.347+0000] {logging_mixin.py:190} INFO - [2025-04-20T17:48:49.347+0000] {override.py:1912} INFO - Created Permission View: can delete on DAG:dataset_alias_example_alias_producer_with_no_taskflow
[2025-04-20T17:48:49.496+0000] {logging_mixin.py:190} INFO - [2025-04-20T17:48:49.496+0000] {override.py:1912} INFO - Created Permission View: can read on DAG Run:dataset_alias_example_alias_producer_with_no_taskflow
[2025-04-20T17:48:49.633+0000] {logging_mixin.py:190} INFO - [2025-04-20T17:48:49.632+0000] {override.py:1912} INFO - Created Permission View: can create on DAG Run:dataset_alias_example_alias_producer_with_no_taskflow
[2025-04-20T17:48:49.691+0000] {logging_mixin.py:190} INFO - [2025-04-20T17:48:49.690+0000] {override.py:1912} INFO - Created Permission View: menu access on DAG Run:dataset_alias_example_alias_producer_with_no_taskflow
[2025-04-20T17:48:49.738+0000] {logging_mixin.py:190} INFO - [2025-04-20T17:48:49.737+0000] {override.py:1912} INFO - Created Permission View: can delete on DAG Run:dataset_alias_example_alias_producer_with_no_taskflow
[2025-04-20T17:48:49.740+0000] {logging_mixin.py:190} INFO - [2025-04-20T17:48:49.739+0000] {dag.py:3239} INFO - Sync 4 DAGs
[2025-04-20T17:48:49.764+0000] {logging_mixin.py:190} INFO - [2025-04-20T17:48:49.763+0000] {dag.py:3262} INFO - Creating ORM DAG for dataset_alias_example_alias_producer_with_no_taskflow
[2025-04-20T17:48:49.766+0000] {logging_mixin.py:190} INFO - [2025-04-20T17:48:49.766+0000] {dag.py:3262} INFO - Creating ORM DAG for dataset_alias_example_alias_consumer_with_no_taskflow
[2025-04-20T17:48:49.768+0000] {logging_mixin.py:190} INFO - [2025-04-20T17:48:49.768+0000] {dag.py:3262} INFO - Creating ORM DAG for dataset_s3_bucket_producer_with_no_taskflow
[2025-04-20T17:48:49.769+0000] {logging_mixin.py:190} INFO - [2025-04-20T17:48:49.769+0000] {dag.py:3262} INFO - Creating ORM DAG for dataset_s3_bucket_consumer_with_no_taskflow
[2025-04-20T17:48:49.789+0000] {logging_mixin.py:190} INFO - [2025-04-20T17:48:49.789+0000] {dag.py:4180} INFO - Setting next_dagrun for dataset_alias_example_alias_consumer_with_no_taskflow to None, run_after=None
[2025-04-20T17:48:49.791+0000] {logging_mixin.py:190} INFO - [2025-04-20T17:48:49.790+0000] {dag.py:4180} INFO - Setting next_dagrun for dataset_alias_example_alias_producer_with_no_taskflow to None, run_after=None
[2025-04-20T17:48:49.792+0000] {logging_mixin.py:190} INFO - [2025-04-20T17:48:49.792+0000] {dag.py:4180} INFO - Setting next_dagrun for dataset_s3_bucket_consumer_with_no_taskflow to None, run_after=None
[2025-04-20T17:48:49.794+0000] {logging_mixin.py:190} INFO - [2025-04-20T17:48:49.793+0000] {dag.py:4180} INFO - Setting next_dagrun for dataset_s3_bucket_producer_with_no_taskflow to None, run_after=None
[2025-04-20T17:48:50.113+0000] {processor.py:208} INFO - Processing /home/airflow/.local/lib/python3.12/site-packages/airflow/example_dags/example_dataset_alias_with_no_taskflow.py took 4.456 seconds
[2025-04-20T17:49:21.050+0000] {processor.py:186} INFO - Started process (PID=144) to work on /home/airflow/.local/lib/python3.12/site-packages/airflow/example_dags/example_dataset_alias_with_no_taskflow.py
[2025-04-20T17:49:21.051+0000] {processor.py:914} INFO - Processing file /home/airflow/.local/lib/python3.12/site-packages/airflow/example_dags/example_dataset_alias_with_no_taskflow.py for tasks to queue
[2025-04-20T17:49:21.054+0000] {logging_mixin.py:190} INFO - [2025-04-20T17:49:21.053+0000] {dagbag.py:588} INFO - Filling up the DagBag from /home/airflow/.local/lib/python3.12/site-packages/airflow/example_dags/example_dataset_alias_with_no_taskflow.py
[2025-04-20T17:49:21.996+0000] {processor.py:925} INFO - DAG(s) 'dataset_s3_bucket_consumer_with_no_taskflow', 'dataset_s3_bucket_producer_with_no_taskflow', 'dataset_alias_example_alias_producer_with_no_taskflow', 'dataset_alias_example_alias_consumer_with_no_taskflow' retrieved from /home/airflow/.local/lib/python3.12/site-packages/airflow/example_dags/example_dataset_alias_with_no_taskflow.py
[2025-04-20T17:49:22.025+0000] {logging_mixin.py:190} INFO - [2025-04-20T17:49:22.024+0000] {dag.py:3239} INFO - Sync 4 DAGs
[2025-04-20T17:49:22.056+0000] {logging_mixin.py:190} INFO - [2025-04-20T17:49:22.056+0000] {dag.py:4180} INFO - Setting next_dagrun for dataset_alias_example_alias_consumer_with_no_taskflow to None, run_after=None
[2025-04-20T17:49:22.060+0000] {logging_mixin.py:190} INFO - [2025-04-20T17:49:22.060+0000] {dag.py:4180} INFO - Setting next_dagrun for dataset_alias_example_alias_producer_with_no_taskflow to None, run_after=None
[2025-04-20T17:49:22.062+0000] {logging_mixin.py:190} INFO - [2025-04-20T17:49:22.062+0000] {dag.py:4180} INFO - Setting next_dagrun for dataset_s3_bucket_consumer_with_no_taskflow to None, run_after=None
[2025-04-20T17:49:22.065+0000] {logging_mixin.py:190} INFO - [2025-04-20T17:49:22.065+0000] {dag.py:4180} INFO - Setting next_dagrun for dataset_s3_bucket_producer_with_no_taskflow to None, run_after=None
[2025-04-20T17:49:22.133+0000] {processor.py:208} INFO - Processing /home/airflow/.local/lib/python3.12/site-packages/airflow/example_dags/example_dataset_alias_with_no_taskflow.py took 1.096 seconds
[2025-04-20T17:49:53.019+0000] {processor.py:186} INFO - Started process (PID=207) to work on /home/airflow/.local/lib/python3.12/site-packages/airflow/example_dags/example_dataset_alias_with_no_taskflow.py
[2025-04-20T17:49:53.021+0000] {processor.py:914} INFO - Processing file /home/airflow/.local/lib/python3.12/site-packages/airflow/example_dags/example_dataset_alias_with_no_taskflow.py for tasks to queue
[2025-04-20T17:49:53.024+0000] {logging_mixin.py:190} INFO - [2025-04-20T17:49:53.024+0000] {dagbag.py:588} INFO - Filling up the DagBag from /home/airflow/.local/lib/python3.12/site-packages/airflow/example_dags/example_dataset_alias_with_no_taskflow.py
[2025-04-20T17:49:53.845+0000] {processor.py:925} INFO - DAG(s) 'dataset_s3_bucket_consumer_with_no_taskflow', 'dataset_s3_bucket_producer_with_no_taskflow', 'dataset_alias_example_alias_producer_with_no_taskflow', 'dataset_alias_example_alias_consumer_with_no_taskflow' retrieved from /home/airflow/.local/lib/python3.12/site-packages/airflow/example_dags/example_dataset_alias_with_no_taskflow.py
[2025-04-20T17:49:53.873+0000] {logging_mixin.py:190} INFO - [2025-04-20T17:49:53.873+0000] {dag.py:3239} INFO - Sync 4 DAGs
[2025-04-20T17:49:53.900+0000] {logging_mixin.py:190} INFO - [2025-04-20T17:49:53.899+0000] {dag.py:4180} INFO - Setting next_dagrun for dataset_alias_example_alias_consumer_with_no_taskflow to None, run_after=None
[2025-04-20T17:49:53.903+0000] {logging_mixin.py:190} INFO - [2025-04-20T17:49:53.903+0000] {dag.py:4180} INFO - Setting next_dagrun for dataset_alias_example_alias_producer_with_no_taskflow to None, run_after=None
[2025-04-20T17:49:53.905+0000] {logging_mixin.py:190} INFO - [2025-04-20T17:49:53.905+0000] {dag.py:4180} INFO - Setting next_dagrun for dataset_s3_bucket_consumer_with_no_taskflow to None, run_after=None
[2025-04-20T17:49:53.907+0000] {logging_mixin.py:190} INFO - [2025-04-20T17:49:53.907+0000] {dag.py:4180} INFO - Setting next_dagrun for dataset_s3_bucket_producer_with_no_taskflow to None, run_after=None
[2025-04-20T17:49:53.937+0000] {processor.py:208} INFO - Processing /home/airflow/.local/lib/python3.12/site-packages/airflow/example_dags/example_dataset_alias_with_no_taskflow.py took 0.926 seconds
[2025-04-20T17:50:24.124+0000] {processor.py:186} INFO - Started process (PID=270) to work on /home/airflow/.local/lib/python3.12/site-packages/airflow/example_dags/example_dataset_alias_with_no_taskflow.py
[2025-04-20T17:50:24.125+0000] {processor.py:914} INFO - Processing file /home/airflow/.local/lib/python3.12/site-packages/airflow/example_dags/example_dataset_alias_with_no_taskflow.py for tasks to queue
[2025-04-20T17:50:24.128+0000] {logging_mixin.py:190} INFO - [2025-04-20T17:50:24.128+0000] {dagbag.py:588} INFO - Filling up the DagBag from /home/airflow/.local/lib/python3.12/site-packages/airflow/example_dags/example_dataset_alias_with_no_taskflow.py
[2025-04-20T17:50:24.942+0000] {processor.py:925} INFO - DAG(s) 'dataset_s3_bucket_consumer_with_no_taskflow', 'dataset_s3_bucket_producer_with_no_taskflow', 'dataset_alias_example_alias_consumer_with_no_taskflow', 'dataset_alias_example_alias_producer_with_no_taskflow' retrieved from /home/airflow/.local/lib/python3.12/site-packages/airflow/example_dags/example_dataset_alias_with_no_taskflow.py
[2025-04-20T17:50:25.014+0000] {logging_mixin.py:190} INFO - [2025-04-20T17:50:25.013+0000] {dag.py:3239} INFO - Sync 4 DAGs
[2025-04-20T17:50:25.109+0000] {logging_mixin.py:190} INFO - [2025-04-20T17:50:25.109+0000] {dag.py:4180} INFO - Setting next_dagrun for dataset_alias_example_alias_consumer_with_no_taskflow to None, run_after=None
[2025-04-20T17:50:25.122+0000] {logging_mixin.py:190} INFO - [2025-04-20T17:50:25.120+0000] {dag.py:4180} INFO - Setting next_dagrun for dataset_alias_example_alias_producer_with_no_taskflow to None, run_after=None
[2025-04-20T17:50:25.129+0000] {logging_mixin.py:190} INFO - [2025-04-20T17:50:25.129+0000] {dag.py:4180} INFO - Setting next_dagrun for dataset_s3_bucket_consumer_with_no_taskflow to None, run_after=None
[2025-04-20T17:50:25.133+0000] {logging_mixin.py:190} INFO - [2025-04-20T17:50:25.132+0000] {dag.py:4180} INFO - Setting next_dagrun for dataset_s3_bucket_producer_with_no_taskflow to None, run_after=None
[2025-04-20T17:50:25.189+0000] {processor.py:208} INFO - Processing /home/airflow/.local/lib/python3.12/site-packages/airflow/example_dags/example_dataset_alias_with_no_taskflow.py took 1.072 seconds
[2025-04-20T17:50:56.091+0000] {processor.py:186} INFO - Started process (PID=333) to work on /home/airflow/.local/lib/python3.12/site-packages/airflow/example_dags/example_dataset_alias_with_no_taskflow.py
[2025-04-20T17:50:56.092+0000] {processor.py:914} INFO - Processing file /home/airflow/.local/lib/python3.12/site-packages/airflow/example_dags/example_dataset_alias_with_no_taskflow.py for tasks to queue
[2025-04-20T17:50:56.095+0000] {logging_mixin.py:190} INFO - [2025-04-20T17:50:56.095+0000] {dagbag.py:588} INFO - Filling up the DagBag from /home/airflow/.local/lib/python3.12/site-packages/airflow/example_dags/example_dataset_alias_with_no_taskflow.py
[2025-04-20T17:50:56.791+0000] {processor.py:925} INFO - DAG(s) 'dataset_s3_bucket_producer_with_no_taskflow', 'dataset_alias_example_alias_producer_with_no_taskflow', 'dataset_alias_example_alias_consumer_with_no_taskflow', 'dataset_s3_bucket_consumer_with_no_taskflow' retrieved from /home/airflow/.local/lib/python3.12/site-packages/airflow/example_dags/example_dataset_alias_with_no_taskflow.py
[2025-04-20T17:50:56.816+0000] {logging_mixin.py:190} INFO - [2025-04-20T17:50:56.816+0000] {dag.py:3239} INFO - Sync 4 DAGs
[2025-04-20T17:50:56.849+0000] {logging_mixin.py:190} INFO - [2025-04-20T17:50:56.848+0000] {dag.py:4180} INFO - Setting next_dagrun for dataset_alias_example_alias_consumer_with_no_taskflow to None, run_after=None
[2025-04-20T17:50:56.853+0000] {logging_mixin.py:190} INFO - [2025-04-20T17:50:56.852+0000] {dag.py:4180} INFO - Setting next_dagrun for dataset_alias_example_alias_producer_with_no_taskflow to None, run_after=None
[2025-04-20T17:50:56.855+0000] {logging_mixin.py:190} INFO - [2025-04-20T17:50:56.855+0000] {dag.py:4180} INFO - Setting next_dagrun for dataset_s3_bucket_consumer_with_no_taskflow to None, run_after=None
[2025-04-20T17:50:56.857+0000] {logging_mixin.py:190} INFO - [2025-04-20T17:50:56.857+0000] {dag.py:4180} INFO - Setting next_dagrun for dataset_s3_bucket_producer_with_no_taskflow to None, run_after=None
[2025-04-20T17:50:56.890+0000] {processor.py:208} INFO - Processing /home/airflow/.local/lib/python3.12/site-packages/airflow/example_dags/example_dataset_alias_with_no_taskflow.py took 0.806 seconds
[2025-04-20T17:51:27.850+0000] {processor.py:186} INFO - Started process (PID=396) to work on /home/airflow/.local/lib/python3.12/site-packages/airflow/example_dags/example_dataset_alias_with_no_taskflow.py
[2025-04-20T17:51:27.853+0000] {processor.py:914} INFO - Processing file /home/airflow/.local/lib/python3.12/site-packages/airflow/example_dags/example_dataset_alias_with_no_taskflow.py for tasks to queue
[2025-04-20T17:51:27.857+0000] {logging_mixin.py:190} INFO - [2025-04-20T17:51:27.856+0000] {dagbag.py:588} INFO - Filling up the DagBag from /home/airflow/.local/lib/python3.12/site-packages/airflow/example_dags/example_dataset_alias_with_no_taskflow.py
[2025-04-20T17:51:28.675+0000] {processor.py:925} INFO - DAG(s) 'dataset_s3_bucket_producer_with_no_taskflow', 'dataset_s3_bucket_consumer_with_no_taskflow', 'dataset_alias_example_alias_consumer_with_no_taskflow', 'dataset_alias_example_alias_producer_with_no_taskflow' retrieved from /home/airflow/.local/lib/python3.12/site-packages/airflow/example_dags/example_dataset_alias_with_no_taskflow.py
[2025-04-20T17:51:28.703+0000] {logging_mixin.py:190} INFO - [2025-04-20T17:51:28.702+0000] {dag.py:3239} INFO - Sync 4 DAGs
[2025-04-20T17:51:28.733+0000] {logging_mixin.py:190} INFO - [2025-04-20T17:51:28.733+0000] {dag.py:4180} INFO - Setting next_dagrun for dataset_alias_example_alias_consumer_with_no_taskflow to None, run_after=None
[2025-04-20T17:51:28.740+0000] {logging_mixin.py:190} INFO - [2025-04-20T17:51:28.739+0000] {dag.py:4180} INFO - Setting next_dagrun for dataset_alias_example_alias_producer_with_no_taskflow to None, run_after=None
[2025-04-20T17:51:28.743+0000] {logging_mixin.py:190} INFO - [2025-04-20T17:51:28.743+0000] {dag.py:4180} INFO - Setting next_dagrun for dataset_s3_bucket_consumer_with_no_taskflow to None, run_after=None
[2025-04-20T17:51:28.746+0000] {logging_mixin.py:190} INFO - [2025-04-20T17:51:28.746+0000] {dag.py:4180} INFO - Setting next_dagrun for dataset_s3_bucket_producer_with_no_taskflow to None, run_after=None
[2025-04-20T17:51:28.782+0000] {processor.py:208} INFO - Processing /home/airflow/.local/lib/python3.12/site-packages/airflow/example_dags/example_dataset_alias_with_no_taskflow.py took 0.940 seconds
[2025-04-20T17:51:59.696+0000] {processor.py:186} INFO - Started process (PID=459) to work on /home/airflow/.local/lib/python3.12/site-packages/airflow/example_dags/example_dataset_alias_with_no_taskflow.py
[2025-04-20T17:51:59.697+0000] {processor.py:914} INFO - Processing file /home/airflow/.local/lib/python3.12/site-packages/airflow/example_dags/example_dataset_alias_with_no_taskflow.py for tasks to queue
[2025-04-20T17:51:59.701+0000] {logging_mixin.py:190} INFO - [2025-04-20T17:51:59.701+0000] {dagbag.py:588} INFO - Filling up the DagBag from /home/airflow/.local/lib/python3.12/site-packages/airflow/example_dags/example_dataset_alias_with_no_taskflow.py
[2025-04-20T17:52:00.427+0000] {processor.py:925} INFO - DAG(s) 'dataset_alias_example_alias_producer_with_no_taskflow', 'dataset_s3_bucket_consumer_with_no_taskflow', 'dataset_s3_bucket_producer_with_no_taskflow', 'dataset_alias_example_alias_consumer_with_no_taskflow' retrieved from /home/airflow/.local/lib/python3.12/site-packages/airflow/example_dags/example_dataset_alias_with_no_taskflow.py
[2025-04-20T17:52:00.457+0000] {logging_mixin.py:190} INFO - [2025-04-20T17:52:00.456+0000] {dag.py:3239} INFO - Sync 4 DAGs
[2025-04-20T17:52:00.484+0000] {logging_mixin.py:190} INFO - [2025-04-20T17:52:00.484+0000] {dag.py:4180} INFO - Setting next_dagrun for dataset_alias_example_alias_consumer_with_no_taskflow to None, run_after=None
[2025-04-20T17:52:00.489+0000] {logging_mixin.py:190} INFO - [2025-04-20T17:52:00.488+0000] {dag.py:4180} INFO - Setting next_dagrun for dataset_alias_example_alias_producer_with_no_taskflow to None, run_after=None
[2025-04-20T17:52:00.491+0000] {logging_mixin.py:190} INFO - [2025-04-20T17:52:00.491+0000] {dag.py:4180} INFO - Setting next_dagrun for dataset_s3_bucket_consumer_with_no_taskflow to None, run_after=None
[2025-04-20T17:52:00.493+0000] {logging_mixin.py:190} INFO - [2025-04-20T17:52:00.493+0000] {dag.py:4180} INFO - Setting next_dagrun for dataset_s3_bucket_producer_with_no_taskflow to None, run_after=None
[2025-04-20T17:52:00.525+0000] {processor.py:208} INFO - Processing /home/airflow/.local/lib/python3.12/site-packages/airflow/example_dags/example_dataset_alias_with_no_taskflow.py took 0.836 seconds
[2025-04-20T17:52:31.216+0000] {processor.py:186} INFO - Started process (PID=521) to work on /home/airflow/.local/lib/python3.12/site-packages/airflow/example_dags/example_dataset_alias_with_no_taskflow.py
[2025-04-20T17:52:31.218+0000] {processor.py:914} INFO - Processing file /home/airflow/.local/lib/python3.12/site-packages/airflow/example_dags/example_dataset_alias_with_no_taskflow.py for tasks to queue
[2025-04-20T17:52:31.221+0000] {logging_mixin.py:190} INFO - [2025-04-20T17:52:31.221+0000] {dagbag.py:588} INFO - Filling up the DagBag from /home/airflow/.local/lib/python3.12/site-packages/airflow/example_dags/example_dataset_alias_with_no_taskflow.py
[2025-04-20T17:52:31.994+0000] {processor.py:925} INFO - DAG(s) 'dataset_s3_bucket_producer_with_no_taskflow', 'dataset_s3_bucket_consumer_with_no_taskflow', 'dataset_alias_example_alias_consumer_with_no_taskflow', 'dataset_alias_example_alias_producer_with_no_taskflow' retrieved from /home/airflow/.local/lib/python3.12/site-packages/airflow/example_dags/example_dataset_alias_with_no_taskflow.py
[2025-04-20T17:52:32.020+0000] {logging_mixin.py:190} INFO - [2025-04-20T17:52:32.019+0000] {dag.py:3239} INFO - Sync 4 DAGs
[2025-04-20T17:52:32.051+0000] {logging_mixin.py:190} INFO - [2025-04-20T17:52:32.051+0000] {dag.py:4180} INFO - Setting next_dagrun for dataset_alias_example_alias_consumer_with_no_taskflow to None, run_after=None
[2025-04-20T17:52:32.055+0000] {logging_mixin.py:190} INFO - [2025-04-20T17:52:32.054+0000] {dag.py:4180} INFO - Setting next_dagrun for dataset_alias_example_alias_producer_with_no_taskflow to None, run_after=None
[2025-04-20T17:52:32.057+0000] {logging_mixin.py:190} INFO - [2025-04-20T17:52:32.056+0000] {dag.py:4180} INFO - Setting next_dagrun for dataset_s3_bucket_consumer_with_no_taskflow to None, run_after=None
[2025-04-20T17:52:32.058+0000] {logging_mixin.py:190} INFO - [2025-04-20T17:52:32.058+0000] {dag.py:4180} INFO - Setting next_dagrun for dataset_s3_bucket_producer_with_no_taskflow to None, run_after=None
[2025-04-20T17:52:32.087+0000] {processor.py:208} INFO - Processing /home/airflow/.local/lib/python3.12/site-packages/airflow/example_dags/example_dataset_alias_with_no_taskflow.py took 0.880 seconds
[2025-04-20T17:53:02.715+0000] {processor.py:186} INFO - Started process (PID=584) to work on /home/airflow/.local/lib/python3.12/site-packages/airflow/example_dags/example_dataset_alias_with_no_taskflow.py
[2025-04-20T17:53:02.717+0000] {processor.py:914} INFO - Processing file /home/airflow/.local/lib/python3.12/site-packages/airflow/example_dags/example_dataset_alias_with_no_taskflow.py for tasks to queue
[2025-04-20T17:53:02.721+0000] {logging_mixin.py:190} INFO - [2025-04-20T17:53:02.720+0000] {dagbag.py:588} INFO - Filling up the DagBag from /home/airflow/.local/lib/python3.12/site-packages/airflow/example_dags/example_dataset_alias_with_no_taskflow.py
[2025-04-20T17:53:03.730+0000] {processor.py:925} INFO - DAG(s) 'dataset_alias_example_alias_consumer_with_no_taskflow', 'dataset_s3_bucket_producer_with_no_taskflow', 'dataset_alias_example_alias_producer_with_no_taskflow', 'dataset_s3_bucket_consumer_with_no_taskflow' retrieved from /home/airflow/.local/lib/python3.12/site-packages/airflow/example_dags/example_dataset_alias_with_no_taskflow.py
[2025-04-20T17:53:03.765+0000] {logging_mixin.py:190} INFO - [2025-04-20T17:53:03.765+0000] {dag.py:3239} INFO - Sync 4 DAGs
[2025-04-20T17:53:03.798+0000] {logging_mixin.py:190} INFO - [2025-04-20T17:53:03.798+0000] {dag.py:4180} INFO - Setting next_dagrun for dataset_alias_example_alias_consumer_with_no_taskflow to None, run_after=None
[2025-04-20T17:53:03.802+0000] {logging_mixin.py:190} INFO - [2025-04-20T17:53:03.802+0000] {dag.py:4180} INFO - Setting next_dagrun for dataset_alias_example_alias_producer_with_no_taskflow to None, run_after=None
[2025-04-20T17:53:03.805+0000] {logging_mixin.py:190} INFO - [2025-04-20T17:53:03.805+0000] {dag.py:4180} INFO - Setting next_dagrun for dataset_s3_bucket_consumer_with_no_taskflow to None, run_after=None
[2025-04-20T17:53:03.807+0000] {logging_mixin.py:190} INFO - [2025-04-20T17:53:03.807+0000] {dag.py:4180} INFO - Setting next_dagrun for dataset_s3_bucket_producer_with_no_taskflow to None, run_after=None
[2025-04-20T17:53:03.844+0000] {processor.py:208} INFO - Processing /home/airflow/.local/lib/python3.12/site-packages/airflow/example_dags/example_dataset_alias_with_no_taskflow.py took 1.137 seconds
[2025-04-20T17:53:34.909+0000] {processor.py:186} INFO - Started process (PID=653) to work on /home/airflow/.local/lib/python3.12/site-packages/airflow/example_dags/example_dataset_alias_with_no_taskflow.py
[2025-04-20T17:53:34.911+0000] {processor.py:914} INFO - Processing file /home/airflow/.local/lib/python3.12/site-packages/airflow/example_dags/example_dataset_alias_with_no_taskflow.py for tasks to queue
[2025-04-20T17:53:34.914+0000] {logging_mixin.py:190} INFO - [2025-04-20T17:53:34.913+0000] {dagbag.py:588} INFO - Filling up the DagBag from /home/airflow/.local/lib/python3.12/site-packages/airflow/example_dags/example_dataset_alias_with_no_taskflow.py
[2025-04-20T17:53:36.022+0000] {processor.py:925} INFO - DAG(s) 'dataset_alias_example_alias_consumer_with_no_taskflow', 'dataset_s3_bucket_producer_with_no_taskflow', 'dataset_alias_example_alias_producer_with_no_taskflow', 'dataset_s3_bucket_consumer_with_no_taskflow' retrieved from /home/airflow/.local/lib/python3.12/site-packages/airflow/example_dags/example_dataset_alias_with_no_taskflow.py
[2025-04-20T17:53:36.047+0000] {logging_mixin.py:190} INFO - [2025-04-20T17:53:36.046+0000] {dag.py:3239} INFO - Sync 4 DAGs
[2025-04-20T17:53:36.074+0000] {logging_mixin.py:190} INFO - [2025-04-20T17:53:36.073+0000] {dag.py:4180} INFO - Setting next_dagrun for dataset_alias_example_alias_consumer_with_no_taskflow to None, run_after=None
[2025-04-20T17:53:36.077+0000] {logging_mixin.py:190} INFO - [2025-04-20T17:53:36.077+0000] {dag.py:4180} INFO - Setting next_dagrun for dataset_alias_example_alias_producer_with_no_taskflow to None, run_after=None
[2025-04-20T17:53:36.079+0000] {logging_mixin.py:190} INFO - [2025-04-20T17:53:36.079+0000] {dag.py:4180} INFO - Setting next_dagrun for dataset_s3_bucket_consumer_with_no_taskflow to None, run_after=None
[2025-04-20T17:53:36.080+0000] {logging_mixin.py:190} INFO - [2025-04-20T17:53:36.080+0000] {dag.py:4180} INFO - Setting next_dagrun for dataset_s3_bucket_producer_with_no_taskflow to None, run_after=None
[2025-04-20T17:53:36.111+0000] {processor.py:208} INFO - Processing /home/airflow/.local/lib/python3.12/site-packages/airflow/example_dags/example_dataset_alias_with_no_taskflow.py took 1.209 seconds
[2025-04-20T17:54:06.748+0000] {processor.py:186} INFO - Started process (PID=716) to work on /home/airflow/.local/lib/python3.12/site-packages/airflow/example_dags/example_dataset_alias_with_no_taskflow.py
[2025-04-20T17:54:06.749+0000] {processor.py:914} INFO - Processing file /home/airflow/.local/lib/python3.12/site-packages/airflow/example_dags/example_dataset_alias_with_no_taskflow.py for tasks to queue
[2025-04-20T17:54:06.752+0000] {logging_mixin.py:190} INFO - [2025-04-20T17:54:06.752+0000] {dagbag.py:588} INFO - Filling up the DagBag from /home/airflow/.local/lib/python3.12/site-packages/airflow/example_dags/example_dataset_alias_with_no_taskflow.py
[2025-04-20T17:54:07.499+0000] {processor.py:925} INFO - DAG(s) 'dataset_alias_example_alias_producer_with_no_taskflow', 'dataset_alias_example_alias_consumer_with_no_taskflow', 'dataset_s3_bucket_consumer_with_no_taskflow', 'dataset_s3_bucket_producer_with_no_taskflow' retrieved from /home/airflow/.local/lib/python3.12/site-packages/airflow/example_dags/example_dataset_alias_with_no_taskflow.py
[2025-04-20T17:54:07.528+0000] {logging_mixin.py:190} INFO - [2025-04-20T17:54:07.528+0000] {dag.py:3239} INFO - Sync 4 DAGs
[2025-04-20T17:54:07.558+0000] {logging_mixin.py:190} INFO - [2025-04-20T17:54:07.558+0000] {dag.py:4180} INFO - Setting next_dagrun for dataset_alias_example_alias_consumer_with_no_taskflow to None, run_after=None
[2025-04-20T17:54:07.561+0000] {logging_mixin.py:190} INFO - [2025-04-20T17:54:07.561+0000] {dag.py:4180} INFO - Setting next_dagrun for dataset_alias_example_alias_producer_with_no_taskflow to None, run_after=None
[2025-04-20T17:54:07.563+0000] {logging_mixin.py:190} INFO - [2025-04-20T17:54:07.563+0000] {dag.py:4180} INFO - Setting next_dagrun for dataset_s3_bucket_consumer_with_no_taskflow to None, run_after=None
[2025-04-20T17:54:07.565+0000] {logging_mixin.py:190} INFO - [2025-04-20T17:54:07.565+0000] {dag.py:4180} INFO - Setting next_dagrun for dataset_s3_bucket_producer_with_no_taskflow to None, run_after=None
[2025-04-20T17:54:07.592+0000] {processor.py:208} INFO - Processing /home/airflow/.local/lib/python3.12/site-packages/airflow/example_dags/example_dataset_alias_with_no_taskflow.py took 0.851 seconds
[2025-04-20T17:54:38.091+0000] {processor.py:186} INFO - Started process (PID=779) to work on /home/airflow/.local/lib/python3.12/site-packages/airflow/example_dags/example_dataset_alias_with_no_taskflow.py
[2025-04-20T17:54:38.093+0000] {processor.py:914} INFO - Processing file /home/airflow/.local/lib/python3.12/site-packages/airflow/example_dags/example_dataset_alias_with_no_taskflow.py for tasks to queue
[2025-04-20T17:54:38.097+0000] {logging_mixin.py:190} INFO - [2025-04-20T17:54:38.097+0000] {dagbag.py:588} INFO - Filling up the DagBag from /home/airflow/.local/lib/python3.12/site-packages/airflow/example_dags/example_dataset_alias_with_no_taskflow.py
[2025-04-20T17:54:38.922+0000] {processor.py:925} INFO - DAG(s) 'dataset_s3_bucket_consumer_with_no_taskflow', 'dataset_alias_example_alias_consumer_with_no_taskflow', 'dataset_s3_bucket_producer_with_no_taskflow', 'dataset_alias_example_alias_producer_with_no_taskflow' retrieved from /home/airflow/.local/lib/python3.12/site-packages/airflow/example_dags/example_dataset_alias_with_no_taskflow.py
[2025-04-20T17:54:38.950+0000] {logging_mixin.py:190} INFO - [2025-04-20T17:54:38.950+0000] {dag.py:3239} INFO - Sync 4 DAGs
[2025-04-20T17:54:38.978+0000] {logging_mixin.py:190} INFO - [2025-04-20T17:54:38.978+0000] {dag.py:4180} INFO - Setting next_dagrun for dataset_alias_example_alias_consumer_with_no_taskflow to None, run_after=None
[2025-04-20T17:54:38.982+0000] {logging_mixin.py:190} INFO - [2025-04-20T17:54:38.982+0000] {dag.py:4180} INFO - Setting next_dagrun for dataset_alias_example_alias_producer_with_no_taskflow to None, run_after=None
[2025-04-20T17:54:38.984+0000] {logging_mixin.py:190} INFO - [2025-04-20T17:54:38.984+0000] {dag.py:4180} INFO - Setting next_dagrun for dataset_s3_bucket_consumer_with_no_taskflow to None, run_after=None
[2025-04-20T17:54:38.987+0000] {logging_mixin.py:190} INFO - [2025-04-20T17:54:38.986+0000] {dag.py:4180} INFO - Setting next_dagrun for dataset_s3_bucket_producer_with_no_taskflow to None, run_after=None
[2025-04-20T17:54:39.012+0000] {processor.py:208} INFO - Processing /home/airflow/.local/lib/python3.12/site-packages/airflow/example_dags/example_dataset_alias_with_no_taskflow.py took 0.931 seconds
[2025-04-20T17:55:09.386+0000] {processor.py:186} INFO - Started process (PID=842) to work on /home/airflow/.local/lib/python3.12/site-packages/airflow/example_dags/example_dataset_alias_with_no_taskflow.py
[2025-04-20T17:55:09.388+0000] {processor.py:914} INFO - Processing file /home/airflow/.local/lib/python3.12/site-packages/airflow/example_dags/example_dataset_alias_with_no_taskflow.py for tasks to queue
[2025-04-20T17:55:09.391+0000] {logging_mixin.py:190} INFO - [2025-04-20T17:55:09.390+0000] {dagbag.py:588} INFO - Filling up the DagBag from /home/airflow/.local/lib/python3.12/site-packages/airflow/example_dags/example_dataset_alias_with_no_taskflow.py
[2025-04-20T17:55:10.117+0000] {processor.py:925} INFO - DAG(s) 'dataset_alias_example_alias_producer_with_no_taskflow', 'dataset_alias_example_alias_consumer_with_no_taskflow', 'dataset_s3_bucket_producer_with_no_taskflow', 'dataset_s3_bucket_consumer_with_no_taskflow' retrieved from /home/airflow/.local/lib/python3.12/site-packages/airflow/example_dags/example_dataset_alias_with_no_taskflow.py
[2025-04-20T17:55:10.144+0000] {logging_mixin.py:190} INFO - [2025-04-20T17:55:10.144+0000] {dag.py:3239} INFO - Sync 4 DAGs
[2025-04-20T17:55:10.171+0000] {logging_mixin.py:190} INFO - [2025-04-20T17:55:10.171+0000] {dag.py:4180} INFO - Setting next_dagrun for dataset_alias_example_alias_consumer_with_no_taskflow to None, run_after=None
[2025-04-20T17:55:10.175+0000] {logging_mixin.py:190} INFO - [2025-04-20T17:55:10.174+0000] {dag.py:4180} INFO - Setting next_dagrun for dataset_alias_example_alias_producer_with_no_taskflow to None, run_after=None
[2025-04-20T17:55:10.176+0000] {logging_mixin.py:190} INFO - [2025-04-20T17:55:10.176+0000] {dag.py:4180} INFO - Setting next_dagrun for dataset_s3_bucket_consumer_with_no_taskflow to None, run_after=None
[2025-04-20T17:55:10.178+0000] {logging_mixin.py:190} INFO - [2025-04-20T17:55:10.178+0000] {dag.py:4180} INFO - Setting next_dagrun for dataset_s3_bucket_producer_with_no_taskflow to None, run_after=None
[2025-04-20T17:55:10.208+0000] {processor.py:208} INFO - Processing /home/airflow/.local/lib/python3.12/site-packages/airflow/example_dags/example_dataset_alias_with_no_taskflow.py took 0.828 seconds
[2025-04-20T17:55:40.966+0000] {processor.py:186} INFO - Started process (PID=905) to work on /home/airflow/.local/lib/python3.12/site-packages/airflow/example_dags/example_dataset_alias_with_no_taskflow.py
[2025-04-20T17:55:40.968+0000] {processor.py:914} INFO - Processing file /home/airflow/.local/lib/python3.12/site-packages/airflow/example_dags/example_dataset_alias_with_no_taskflow.py for tasks to queue
[2025-04-20T17:55:40.975+0000] {logging_mixin.py:190} INFO - [2025-04-20T17:55:40.974+0000] {dagbag.py:588} INFO - Filling up the DagBag from /home/airflow/.local/lib/python3.12/site-packages/airflow/example_dags/example_dataset_alias_with_no_taskflow.py
[2025-04-20T17:55:41.794+0000] {processor.py:925} INFO - DAG(s) 'dataset_alias_example_alias_producer_with_no_taskflow', 'dataset_alias_example_alias_consumer_with_no_taskflow', 'dataset_s3_bucket_producer_with_no_taskflow', 'dataset_s3_bucket_consumer_with_no_taskflow' retrieved from /home/airflow/.local/lib/python3.12/site-packages/airflow/example_dags/example_dataset_alias_with_no_taskflow.py
[2025-04-20T17:55:41.820+0000] {logging_mixin.py:190} INFO - [2025-04-20T17:55:41.820+0000] {dag.py:3239} INFO - Sync 4 DAGs
[2025-04-20T17:55:41.865+0000] {logging_mixin.py:190} INFO - [2025-04-20T17:55:41.864+0000] {dag.py:4180} INFO - Setting next_dagrun for dataset_alias_example_alias_consumer_with_no_taskflow to None, run_after=None
[2025-04-20T17:55:41.870+0000] {logging_mixin.py:190} INFO - [2025-04-20T17:55:41.870+0000] {dag.py:4180} INFO - Setting next_dagrun for dataset_alias_example_alias_producer_with_no_taskflow to None, run_after=None
[2025-04-20T17:55:41.881+0000] {logging_mixin.py:190} INFO - [2025-04-20T17:55:41.880+0000] {dag.py:4180} INFO - Setting next_dagrun for dataset_s3_bucket_consumer_with_no_taskflow to None, run_after=None
[2025-04-20T17:55:41.884+0000] {logging_mixin.py:190} INFO - [2025-04-20T17:55:41.884+0000] {dag.py:4180} INFO - Setting next_dagrun for dataset_s3_bucket_producer_with_no_taskflow to None, run_after=None
[2025-04-20T17:55:41.916+0000] {processor.py:208} INFO - Processing /home/airflow/.local/lib/python3.12/site-packages/airflow/example_dags/example_dataset_alias_with_no_taskflow.py took 0.959 seconds
[2025-04-20T17:56:12.371+0000] {processor.py:186} INFO - Started process (PID=968) to work on /home/airflow/.local/lib/python3.12/site-packages/airflow/example_dags/example_dataset_alias_with_no_taskflow.py
[2025-04-20T17:56:12.373+0000] {processor.py:914} INFO - Processing file /home/airflow/.local/lib/python3.12/site-packages/airflow/example_dags/example_dataset_alias_with_no_taskflow.py for tasks to queue
[2025-04-20T17:56:12.377+0000] {logging_mixin.py:190} INFO - [2025-04-20T17:56:12.376+0000] {dagbag.py:588} INFO - Filling up the DagBag from /home/airflow/.local/lib/python3.12/site-packages/airflow/example_dags/example_dataset_alias_with_no_taskflow.py
[2025-04-20T17:56:13.135+0000] {processor.py:925} INFO - DAG(s) 'dataset_alias_example_alias_producer_with_no_taskflow', 'dataset_s3_bucket_producer_with_no_taskflow', 'dataset_s3_bucket_consumer_with_no_taskflow', 'dataset_alias_example_alias_consumer_with_no_taskflow' retrieved from /home/airflow/.local/lib/python3.12/site-packages/airflow/example_dags/example_dataset_alias_with_no_taskflow.py
[2025-04-20T17:56:13.164+0000] {logging_mixin.py:190} INFO - [2025-04-20T17:56:13.163+0000] {dag.py:3239} INFO - Sync 4 DAGs
[2025-04-20T17:56:13.194+0000] {logging_mixin.py:190} INFO - [2025-04-20T17:56:13.194+0000] {dag.py:4180} INFO - Setting next_dagrun for dataset_alias_example_alias_consumer_with_no_taskflow to None, run_after=None
[2025-04-20T17:56:13.197+0000] {logging_mixin.py:190} INFO - [2025-04-20T17:56:13.197+0000] {dag.py:4180} INFO - Setting next_dagrun for dataset_alias_example_alias_producer_with_no_taskflow to None, run_after=None
[2025-04-20T17:56:13.199+0000] {logging_mixin.py:190} INFO - [2025-04-20T17:56:13.199+0000] {dag.py:4180} INFO - Setting next_dagrun for dataset_s3_bucket_consumer_with_no_taskflow to None, run_after=None
[2025-04-20T17:56:13.201+0000] {logging_mixin.py:190} INFO - [2025-04-20T17:56:13.201+0000] {dag.py:4180} INFO - Setting next_dagrun for dataset_s3_bucket_producer_with_no_taskflow to None, run_after=None
[2025-04-20T17:56:13.233+0000] {processor.py:208} INFO - Processing /home/airflow/.local/lib/python3.12/site-packages/airflow/example_dags/example_dataset_alias_with_no_taskflow.py took 0.873 seconds
[2025-04-20T17:56:44.126+0000] {processor.py:186} INFO - Started process (PID=1031) to work on /home/airflow/.local/lib/python3.12/site-packages/airflow/example_dags/example_dataset_alias_with_no_taskflow.py
[2025-04-20T17:56:44.127+0000] {processor.py:914} INFO - Processing file /home/airflow/.local/lib/python3.12/site-packages/airflow/example_dags/example_dataset_alias_with_no_taskflow.py for tasks to queue
[2025-04-20T17:56:44.130+0000] {logging_mixin.py:190} INFO - [2025-04-20T17:56:44.130+0000] {dagbag.py:588} INFO - Filling up the DagBag from /home/airflow/.local/lib/python3.12/site-packages/airflow/example_dags/example_dataset_alias_with_no_taskflow.py
[2025-04-20T17:56:44.880+0000] {processor.py:925} INFO - DAG(s) 'dataset_alias_example_alias_producer_with_no_taskflow', 'dataset_alias_example_alias_consumer_with_no_taskflow', 'dataset_s3_bucket_consumer_with_no_taskflow', 'dataset_s3_bucket_producer_with_no_taskflow' retrieved from /home/airflow/.local/lib/python3.12/site-packages/airflow/example_dags/example_dataset_alias_with_no_taskflow.py
[2025-04-20T17:56:44.908+0000] {logging_mixin.py:190} INFO - [2025-04-20T17:56:44.908+0000] {dag.py:3239} INFO - Sync 4 DAGs
[2025-04-20T17:56:44.936+0000] {logging_mixin.py:190} INFO - [2025-04-20T17:56:44.936+0000] {dag.py:4180} INFO - Setting next_dagrun for dataset_alias_example_alias_consumer_with_no_taskflow to None, run_after=None
[2025-04-20T17:56:44.939+0000] {logging_mixin.py:190} INFO - [2025-04-20T17:56:44.939+0000] {dag.py:4180} INFO - Setting next_dagrun for dataset_alias_example_alias_producer_with_no_taskflow to None, run_after=None
[2025-04-20T17:56:44.941+0000] {logging_mixin.py:190} INFO - [2025-04-20T17:56:44.941+0000] {dag.py:4180} INFO - Setting next_dagrun for dataset_s3_bucket_consumer_with_no_taskflow to None, run_after=None
[2025-04-20T17:56:44.943+0000] {logging_mixin.py:190} INFO - [2025-04-20T17:56:44.942+0000] {dag.py:4180} INFO - Setting next_dagrun for dataset_s3_bucket_producer_with_no_taskflow to None, run_after=None
[2025-04-20T17:56:44.975+0000] {processor.py:208} INFO - Processing /home/airflow/.local/lib/python3.12/site-packages/airflow/example_dags/example_dataset_alias_with_no_taskflow.py took 0.858 seconds
[2025-04-20T17:57:15.084+0000] {processor.py:186} INFO - Started process (PID=1093) to work on /home/airflow/.local/lib/python3.12/site-packages/airflow/example_dags/example_dataset_alias_with_no_taskflow.py
[2025-04-20T17:57:15.085+0000] {processor.py:914} INFO - Processing file /home/airflow/.local/lib/python3.12/site-packages/airflow/example_dags/example_dataset_alias_with_no_taskflow.py for tasks to queue
[2025-04-20T17:57:15.090+0000] {logging_mixin.py:190} INFO - [2025-04-20T17:57:15.090+0000] {dagbag.py:588} INFO - Filling up the DagBag from /home/airflow/.local/lib/python3.12/site-packages/airflow/example_dags/example_dataset_alias_with_no_taskflow.py
[2025-04-20T17:57:16.194+0000] {processor.py:925} INFO - DAG(s) 'dataset_s3_bucket_consumer_with_no_taskflow', 'dataset_s3_bucket_producer_with_no_taskflow', 'dataset_alias_example_alias_consumer_with_no_taskflow', 'dataset_alias_example_alias_producer_with_no_taskflow' retrieved from /home/airflow/.local/lib/python3.12/site-packages/airflow/example_dags/example_dataset_alias_with_no_taskflow.py
[2025-04-20T17:57:16.224+0000] {logging_mixin.py:190} INFO - [2025-04-20T17:57:16.223+0000] {dag.py:3239} INFO - Sync 4 DAGs
[2025-04-20T17:57:16.254+0000] {logging_mixin.py:190} INFO - [2025-04-20T17:57:16.254+0000] {dag.py:4180} INFO - Setting next_dagrun for dataset_alias_example_alias_consumer_with_no_taskflow to None, run_after=None
[2025-04-20T17:57:16.257+0000] {logging_mixin.py:190} INFO - [2025-04-20T17:57:16.257+0000] {dag.py:4180} INFO - Setting next_dagrun for dataset_alias_example_alias_producer_with_no_taskflow to None, run_after=None
[2025-04-20T17:57:16.259+0000] {logging_mixin.py:190} INFO - [2025-04-20T17:57:16.259+0000] {dag.py:4180} INFO - Setting next_dagrun for dataset_s3_bucket_consumer_with_no_taskflow to None, run_after=None
[2025-04-20T17:57:16.261+0000] {logging_mixin.py:190} INFO - [2025-04-20T17:57:16.261+0000] {dag.py:4180} INFO - Setting next_dagrun for dataset_s3_bucket_producer_with_no_taskflow to None, run_after=None
[2025-04-20T17:57:16.290+0000] {processor.py:208} INFO - Processing /home/airflow/.local/lib/python3.12/site-packages/airflow/example_dags/example_dataset_alias_with_no_taskflow.py took 1.219 seconds
[2025-04-20T17:57:46.662+0000] {processor.py:186} INFO - Started process (PID=1157) to work on /home/airflow/.local/lib/python3.12/site-packages/airflow/example_dags/example_dataset_alias_with_no_taskflow.py
[2025-04-20T17:57:46.664+0000] {processor.py:914} INFO - Processing file /home/airflow/.local/lib/python3.12/site-packages/airflow/example_dags/example_dataset_alias_with_no_taskflow.py for tasks to queue
[2025-04-20T17:57:46.668+0000] {logging_mixin.py:190} INFO - [2025-04-20T17:57:46.667+0000] {dagbag.py:588} INFO - Filling up the DagBag from /home/airflow/.local/lib/python3.12/site-packages/airflow/example_dags/example_dataset_alias_with_no_taskflow.py
[2025-04-20T17:57:47.422+0000] {processor.py:925} INFO - DAG(s) 'dataset_alias_example_alias_consumer_with_no_taskflow', 'dataset_s3_bucket_producer_with_no_taskflow', 'dataset_alias_example_alias_producer_with_no_taskflow', 'dataset_s3_bucket_consumer_with_no_taskflow' retrieved from /home/airflow/.local/lib/python3.12/site-packages/airflow/example_dags/example_dataset_alias_with_no_taskflow.py
[2025-04-20T17:57:47.452+0000] {logging_mixin.py:190} INFO - [2025-04-20T17:57:47.452+0000] {dag.py:3239} INFO - Sync 4 DAGs
[2025-04-20T17:57:47.479+0000] {logging_mixin.py:190} INFO - [2025-04-20T17:57:47.479+0000] {dag.py:4180} INFO - Setting next_dagrun for dataset_alias_example_alias_consumer_with_no_taskflow to None, run_after=None
[2025-04-20T17:57:47.483+0000] {logging_mixin.py:190} INFO - [2025-04-20T17:57:47.482+0000] {dag.py:4180} INFO - Setting next_dagrun for dataset_alias_example_alias_producer_with_no_taskflow to None, run_after=None
[2025-04-20T17:57:47.487+0000] {logging_mixin.py:190} INFO - [2025-04-20T17:57:47.487+0000] {dag.py:4180} INFO - Setting next_dagrun for dataset_s3_bucket_consumer_with_no_taskflow to None, run_after=None
[2025-04-20T17:57:47.491+0000] {logging_mixin.py:190} INFO - [2025-04-20T17:57:47.490+0000] {dag.py:4180} INFO - Setting next_dagrun for dataset_s3_bucket_producer_with_no_taskflow to None, run_after=None
[2025-04-20T17:57:47.539+0000] {processor.py:208} INFO - Processing /home/airflow/.local/lib/python3.12/site-packages/airflow/example_dags/example_dataset_alias_with_no_taskflow.py took 0.885 seconds
[2025-04-20T17:58:17.689+0000] {processor.py:186} INFO - Started process (PID=1220) to work on /home/airflow/.local/lib/python3.12/site-packages/airflow/example_dags/example_dataset_alias_with_no_taskflow.py
[2025-04-20T17:58:17.690+0000] {processor.py:914} INFO - Processing file /home/airflow/.local/lib/python3.12/site-packages/airflow/example_dags/example_dataset_alias_with_no_taskflow.py for tasks to queue
[2025-04-20T17:58:17.693+0000] {logging_mixin.py:190} INFO - [2025-04-20T17:58:17.693+0000] {dagbag.py:588} INFO - Filling up the DagBag from /home/airflow/.local/lib/python3.12/site-packages/airflow/example_dags/example_dataset_alias_with_no_taskflow.py
[2025-04-20T17:58:18.462+0000] {processor.py:925} INFO - DAG(s) 'dataset_s3_bucket_consumer_with_no_taskflow', 'dataset_alias_example_alias_consumer_with_no_taskflow', 'dataset_alias_example_alias_producer_with_no_taskflow', 'dataset_s3_bucket_producer_with_no_taskflow' retrieved from /home/airflow/.local/lib/python3.12/site-packages/airflow/example_dags/example_dataset_alias_with_no_taskflow.py
[2025-04-20T17:58:18.494+0000] {logging_mixin.py:190} INFO - [2025-04-20T17:58:18.493+0000] {dag.py:3239} INFO - Sync 4 DAGs
[2025-04-20T17:58:18.520+0000] {logging_mixin.py:190} INFO - [2025-04-20T17:58:18.519+0000] {dag.py:4180} INFO - Setting next_dagrun for dataset_alias_example_alias_consumer_with_no_taskflow to None, run_after=None
[2025-04-20T17:58:18.523+0000] {logging_mixin.py:190} INFO - [2025-04-20T17:58:18.523+0000] {dag.py:4180} INFO - Setting next_dagrun for dataset_alias_example_alias_producer_with_no_taskflow to None, run_after=None
[2025-04-20T17:58:18.525+0000] {logging_mixin.py:190} INFO - [2025-04-20T17:58:18.525+0000] {dag.py:4180} INFO - Setting next_dagrun for dataset_s3_bucket_consumer_with_no_taskflow to None, run_after=None
[2025-04-20T17:58:18.527+0000] {logging_mixin.py:190} INFO - [2025-04-20T17:58:18.527+0000] {dag.py:4180} INFO - Setting next_dagrun for dataset_s3_bucket_producer_with_no_taskflow to None, run_after=None
[2025-04-20T17:58:18.555+0000] {processor.py:208} INFO - Processing /home/airflow/.local/lib/python3.12/site-packages/airflow/example_dags/example_dataset_alias_with_no_taskflow.py took 0.874 seconds
[2025-04-20T17:58:48.822+0000] {processor.py:186} INFO - Started process (PID=1283) to work on /home/airflow/.local/lib/python3.12/site-packages/airflow/example_dags/example_dataset_alias_with_no_taskflow.py
[2025-04-20T17:58:48.823+0000] {processor.py:914} INFO - Processing file /home/airflow/.local/lib/python3.12/site-packages/airflow/example_dags/example_dataset_alias_with_no_taskflow.py for tasks to queue
[2025-04-20T17:58:48.826+0000] {logging_mixin.py:190} INFO - [2025-04-20T17:58:48.826+0000] {dagbag.py:588} INFO - Filling up the DagBag from /home/airflow/.local/lib/python3.12/site-packages/airflow/example_dags/example_dataset_alias_with_no_taskflow.py
[2025-04-20T17:58:49.675+0000] {processor.py:925} INFO - DAG(s) 'dataset_alias_example_alias_producer_with_no_taskflow', 'dataset_s3_bucket_producer_with_no_taskflow', 'dataset_alias_example_alias_consumer_with_no_taskflow', 'dataset_s3_bucket_consumer_with_no_taskflow' retrieved from /home/airflow/.local/lib/python3.12/site-packages/airflow/example_dags/example_dataset_alias_with_no_taskflow.py
[2025-04-20T17:58:49.711+0000] {logging_mixin.py:190} INFO - [2025-04-20T17:58:49.711+0000] {dag.py:3239} INFO - Sync 4 DAGs
[2025-04-20T17:58:49.747+0000] {logging_mixin.py:190} INFO - [2025-04-20T17:58:49.747+0000] {dag.py:4180} INFO - Setting next_dagrun for dataset_alias_example_alias_consumer_with_no_taskflow to None, run_after=None
[2025-04-20T17:58:49.751+0000] {logging_mixin.py:190} INFO - [2025-04-20T17:58:49.751+0000] {dag.py:4180} INFO - Setting next_dagrun for dataset_alias_example_alias_producer_with_no_taskflow to None, run_after=None
[2025-04-20T17:58:49.753+0000] {logging_mixin.py:190} INFO - [2025-04-20T17:58:49.753+0000] {dag.py:4180} INFO - Setting next_dagrun for dataset_s3_bucket_consumer_with_no_taskflow to None, run_after=None
[2025-04-20T17:58:49.756+0000] {logging_mixin.py:190} INFO - [2025-04-20T17:58:49.756+0000] {dag.py:4180} INFO - Setting next_dagrun for dataset_s3_bucket_producer_with_no_taskflow to None, run_after=None
[2025-04-20T17:58:49.787+0000] {processor.py:208} INFO - Processing /home/airflow/.local/lib/python3.12/site-packages/airflow/example_dags/example_dataset_alias_with_no_taskflow.py took 0.973 seconds
[2025-04-20T18:04:48.449+0000] {processor.py:186} INFO - Started process (PID=84) to work on /home/airflow/.local/lib/python3.12/site-packages/airflow/example_dags/example_dataset_alias_with_no_taskflow.py
[2025-04-20T18:04:48.450+0000] {processor.py:914} INFO - Processing file /home/airflow/.local/lib/python3.12/site-packages/airflow/example_dags/example_dataset_alias_with_no_taskflow.py for tasks to queue
[2025-04-20T18:04:48.453+0000] {logging_mixin.py:190} INFO - [2025-04-20T18:04:48.453+0000] {dagbag.py:588} INFO - Filling up the DagBag from /home/airflow/.local/lib/python3.12/site-packages/airflow/example_dags/example_dataset_alias_with_no_taskflow.py
[2025-04-20T18:04:49.289+0000] {processor.py:925} INFO - DAG(s) 'dataset_s3_bucket_consumer_with_no_taskflow', 'dataset_s3_bucket_producer_with_no_taskflow', 'dataset_alias_example_alias_consumer_with_no_taskflow', 'dataset_alias_example_alias_producer_with_no_taskflow' retrieved from /home/airflow/.local/lib/python3.12/site-packages/airflow/example_dags/example_dataset_alias_with_no_taskflow.py
[2025-04-20T18:04:49.456+0000] {logging_mixin.py:190} INFO - [2025-04-20T18:04:49.455+0000] {override.py:1912} INFO - Created Permission View: can read on DAG:dataset_s3_bucket_consumer_with_no_taskflow
[2025-04-20T18:04:49.473+0000] {logging_mixin.py:190} INFO - [2025-04-20T18:04:49.473+0000] {override.py:1912} INFO - Created Permission View: can edit on DAG:dataset_s3_bucket_consumer_with_no_taskflow
[2025-04-20T18:04:49.483+0000] {logging_mixin.py:190} INFO - [2025-04-20T18:04:49.483+0000] {override.py:1912} INFO - Created Permission View: can delete on DAG:dataset_s3_bucket_consumer_with_no_taskflow
[2025-04-20T18:04:49.496+0000] {logging_mixin.py:190} INFO - [2025-04-20T18:04:49.495+0000] {override.py:1912} INFO - Created Permission View: menu access on DAG Run:dataset_s3_bucket_consumer_with_no_taskflow
[2025-04-20T18:04:49.505+0000] {logging_mixin.py:190} INFO - [2025-04-20T18:04:49.505+0000] {override.py:1912} INFO - Created Permission View: can read on DAG Run:dataset_s3_bucket_consumer_with_no_taskflow
[2025-04-20T18:04:49.516+0000] {logging_mixin.py:190} INFO - [2025-04-20T18:04:49.515+0000] {override.py:1912} INFO - Created Permission View: can create on DAG Run:dataset_s3_bucket_consumer_with_no_taskflow
[2025-04-20T18:04:49.524+0000] {logging_mixin.py:190} INFO - [2025-04-20T18:04:49.524+0000] {override.py:1912} INFO - Created Permission View: can delete on DAG Run:dataset_s3_bucket_consumer_with_no_taskflow
[2025-04-20T18:04:49.546+0000] {logging_mixin.py:190} INFO - [2025-04-20T18:04:49.545+0000] {override.py:1912} INFO - Created Permission View: can read on DAG:dataset_s3_bucket_producer_with_no_taskflow
[2025-04-20T18:04:49.559+0000] {logging_mixin.py:190} INFO - [2025-04-20T18:04:49.558+0000] {override.py:1912} INFO - Created Permission View: can edit on DAG:dataset_s3_bucket_producer_with_no_taskflow
[2025-04-20T18:04:49.569+0000] {logging_mixin.py:190} INFO - [2025-04-20T18:04:49.568+0000] {override.py:1912} INFO - Created Permission View: can delete on DAG:dataset_s3_bucket_producer_with_no_taskflow
[2025-04-20T18:04:49.580+0000] {logging_mixin.py:190} INFO - [2025-04-20T18:04:49.580+0000] {override.py:1912} INFO - Created Permission View: menu access on DAG Run:dataset_s3_bucket_producer_with_no_taskflow
[2025-04-20T18:04:49.594+0000] {logging_mixin.py:190} INFO - [2025-04-20T18:04:49.594+0000] {override.py:1912} INFO - Created Permission View: can read on DAG Run:dataset_s3_bucket_producer_with_no_taskflow
[2025-04-20T18:04:49.604+0000] {logging_mixin.py:190} INFO - [2025-04-20T18:04:49.603+0000] {override.py:1912} INFO - Created Permission View: can create on DAG Run:dataset_s3_bucket_producer_with_no_taskflow
[2025-04-20T18:04:49.615+0000] {logging_mixin.py:190} INFO - [2025-04-20T18:04:49.615+0000] {override.py:1912} INFO - Created Permission View: can delete on DAG Run:dataset_s3_bucket_producer_with_no_taskflow
[2025-04-20T18:04:49.639+0000] {logging_mixin.py:190} INFO - [2025-04-20T18:04:49.639+0000] {override.py:1912} INFO - Created Permission View: can read on DAG:dataset_alias_example_alias_consumer_with_no_taskflow
[2025-04-20T18:04:49.649+0000] {logging_mixin.py:190} INFO - [2025-04-20T18:04:49.648+0000] {override.py:1912} INFO - Created Permission View: can edit on DAG:dataset_alias_example_alias_consumer_with_no_taskflow
[2025-04-20T18:04:49.659+0000] {logging_mixin.py:190} INFO - [2025-04-20T18:04:49.659+0000] {override.py:1912} INFO - Created Permission View: can delete on DAG:dataset_alias_example_alias_consumer_with_no_taskflow
[2025-04-20T18:04:49.676+0000] {logging_mixin.py:190} INFO - [2025-04-20T18:04:49.675+0000] {override.py:1912} INFO - Created Permission View: menu access on DAG Run:dataset_alias_example_alias_consumer_with_no_taskflow
[2025-04-20T18:04:49.688+0000] {logging_mixin.py:190} INFO - [2025-04-20T18:04:49.687+0000] {override.py:1912} INFO - Created Permission View: can read on DAG Run:dataset_alias_example_alias_consumer_with_no_taskflow
[2025-04-20T18:04:49.702+0000] {logging_mixin.py:190} INFO - [2025-04-20T18:04:49.702+0000] {override.py:1912} INFO - Created Permission View: can create on DAG Run:dataset_alias_example_alias_consumer_with_no_taskflow
[2025-04-20T18:04:49.720+0000] {logging_mixin.py:190} INFO - [2025-04-20T18:04:49.720+0000] {override.py:1912} INFO - Created Permission View: can delete on DAG Run:dataset_alias_example_alias_consumer_with_no_taskflow
[2025-04-20T18:04:49.750+0000] {logging_mixin.py:190} INFO - [2025-04-20T18:04:49.750+0000] {override.py:1912} INFO - Created Permission View: can read on DAG:dataset_alias_example_alias_producer_with_no_taskflow
[2025-04-20T18:04:49.762+0000] {logging_mixin.py:190} INFO - [2025-04-20T18:04:49.761+0000] {override.py:1912} INFO - Created Permission View: can edit on DAG:dataset_alias_example_alias_producer_with_no_taskflow
[2025-04-20T18:04:49.776+0000] {logging_mixin.py:190} INFO - [2025-04-20T18:04:49.775+0000] {override.py:1912} INFO - Created Permission View: can delete on DAG:dataset_alias_example_alias_producer_with_no_taskflow
[2025-04-20T18:04:49.958+0000] {logging_mixin.py:190} INFO - [2025-04-20T18:04:49.957+0000] {override.py:1912} INFO - Created Permission View: menu access on DAG Run:dataset_alias_example_alias_producer_with_no_taskflow
[2025-04-20T18:04:50.069+0000] {logging_mixin.py:190} INFO - [2025-04-20T18:04:50.068+0000] {override.py:1912} INFO - Created Permission View: can read on DAG Run:dataset_alias_example_alias_producer_with_no_taskflow
[2025-04-20T18:04:50.404+0000] {logging_mixin.py:190} INFO - [2025-04-20T18:04:50.404+0000] {override.py:1912} INFO - Created Permission View: can create on DAG Run:dataset_alias_example_alias_producer_with_no_taskflow
[2025-04-20T18:04:50.554+0000] {logging_mixin.py:190} INFO - [2025-04-20T18:04:50.554+0000] {override.py:1912} INFO - Created Permission View: can delete on DAG Run:dataset_alias_example_alias_producer_with_no_taskflow
[2025-04-20T18:04:50.555+0000] {logging_mixin.py:190} INFO - [2025-04-20T18:04:50.555+0000] {dag.py:3239} INFO - Sync 4 DAGs
[2025-04-20T18:04:50.573+0000] {logging_mixin.py:190} INFO - [2025-04-20T18:04:50.573+0000] {dag.py:3262} INFO - Creating ORM DAG for dataset_alias_example_alias_consumer_with_no_taskflow
[2025-04-20T18:04:50.574+0000] {logging_mixin.py:190} INFO - [2025-04-20T18:04:50.574+0000] {dag.py:3262} INFO - Creating ORM DAG for dataset_s3_bucket_consumer_with_no_taskflow
[2025-04-20T18:04:50.575+0000] {logging_mixin.py:190} INFO - [2025-04-20T18:04:50.575+0000] {dag.py:3262} INFO - Creating ORM DAG for dataset_alias_example_alias_producer_with_no_taskflow
[2025-04-20T18:04:50.577+0000] {logging_mixin.py:190} INFO - [2025-04-20T18:04:50.576+0000] {dag.py:3262} INFO - Creating ORM DAG for dataset_s3_bucket_producer_with_no_taskflow
[2025-04-20T18:04:50.590+0000] {logging_mixin.py:190} INFO - [2025-04-20T18:04:50.589+0000] {dag.py:4180} INFO - Setting next_dagrun for dataset_alias_example_alias_consumer_with_no_taskflow to None, run_after=None
[2025-04-20T18:04:50.591+0000] {logging_mixin.py:190} INFO - [2025-04-20T18:04:50.591+0000] {dag.py:4180} INFO - Setting next_dagrun for dataset_alias_example_alias_producer_with_no_taskflow to None, run_after=None
[2025-04-20T18:04:50.592+0000] {logging_mixin.py:190} INFO - [2025-04-20T18:04:50.592+0000] {dag.py:4180} INFO - Setting next_dagrun for dataset_s3_bucket_consumer_with_no_taskflow to None, run_after=None
[2025-04-20T18:04:50.593+0000] {logging_mixin.py:190} INFO - [2025-04-20T18:04:50.593+0000] {dag.py:4180} INFO - Setting next_dagrun for dataset_s3_bucket_producer_with_no_taskflow to None, run_after=None
[2025-04-20T18:04:50.719+0000] {processor.py:208} INFO - Processing /home/airflow/.local/lib/python3.12/site-packages/airflow/example_dags/example_dataset_alias_with_no_taskflow.py took 2.279 seconds
[2025-04-20T18:05:21.575+0000] {processor.py:186} INFO - Started process (PID=147) to work on /home/airflow/.local/lib/python3.12/site-packages/airflow/example_dags/example_dataset_alias_with_no_taskflow.py
[2025-04-20T18:05:21.576+0000] {processor.py:914} INFO - Processing file /home/airflow/.local/lib/python3.12/site-packages/airflow/example_dags/example_dataset_alias_with_no_taskflow.py for tasks to queue
[2025-04-20T18:05:21.579+0000] {logging_mixin.py:190} INFO - [2025-04-20T18:05:21.579+0000] {dagbag.py:588} INFO - Filling up the DagBag from /home/airflow/.local/lib/python3.12/site-packages/airflow/example_dags/example_dataset_alias_with_no_taskflow.py
[2025-04-20T18:05:22.343+0000] {processor.py:925} INFO - DAG(s) 'dataset_s3_bucket_producer_with_no_taskflow', 'dataset_alias_example_alias_producer_with_no_taskflow', 'dataset_alias_example_alias_consumer_with_no_taskflow', 'dataset_s3_bucket_consumer_with_no_taskflow' retrieved from /home/airflow/.local/lib/python3.12/site-packages/airflow/example_dags/example_dataset_alias_with_no_taskflow.py
[2025-04-20T18:05:22.371+0000] {logging_mixin.py:190} INFO - [2025-04-20T18:05:22.370+0000] {dag.py:3239} INFO - Sync 4 DAGs
[2025-04-20T18:05:22.400+0000] {logging_mixin.py:190} INFO - [2025-04-20T18:05:22.399+0000] {dag.py:4180} INFO - Setting next_dagrun for dataset_alias_example_alias_consumer_with_no_taskflow to None, run_after=None
[2025-04-20T18:05:22.403+0000] {logging_mixin.py:190} INFO - [2025-04-20T18:05:22.403+0000] {dag.py:4180} INFO - Setting next_dagrun for dataset_alias_example_alias_producer_with_no_taskflow to None, run_after=None
[2025-04-20T18:05:22.406+0000] {logging_mixin.py:190} INFO - [2025-04-20T18:05:22.405+0000] {dag.py:4180} INFO - Setting next_dagrun for dataset_s3_bucket_consumer_with_no_taskflow to None, run_after=None
[2025-04-20T18:05:22.408+0000] {logging_mixin.py:190} INFO - [2025-04-20T18:05:22.408+0000] {dag.py:4180} INFO - Setting next_dagrun for dataset_s3_bucket_producer_with_no_taskflow to None, run_after=None
[2025-04-20T18:05:22.595+0000] {processor.py:208} INFO - Processing /home/airflow/.local/lib/python3.12/site-packages/airflow/example_dags/example_dataset_alias_with_no_taskflow.py took 1.028 seconds
[2025-04-20T18:05:53.504+0000] {processor.py:186} INFO - Started process (PID=210) to work on /home/airflow/.local/lib/python3.12/site-packages/airflow/example_dags/example_dataset_alias_with_no_taskflow.py
[2025-04-20T18:05:53.506+0000] {processor.py:914} INFO - Processing file /home/airflow/.local/lib/python3.12/site-packages/airflow/example_dags/example_dataset_alias_with_no_taskflow.py for tasks to queue
[2025-04-20T18:05:53.509+0000] {logging_mixin.py:190} INFO - [2025-04-20T18:05:53.509+0000] {dagbag.py:588} INFO - Filling up the DagBag from /home/airflow/.local/lib/python3.12/site-packages/airflow/example_dags/example_dataset_alias_with_no_taskflow.py
[2025-04-20T18:05:54.735+0000] {processor.py:925} INFO - DAG(s) 'dataset_s3_bucket_producer_with_no_taskflow', 'dataset_s3_bucket_consumer_with_no_taskflow', 'dataset_alias_example_alias_producer_with_no_taskflow', 'dataset_alias_example_alias_consumer_with_no_taskflow' retrieved from /home/airflow/.local/lib/python3.12/site-packages/airflow/example_dags/example_dataset_alias_with_no_taskflow.py
[2025-04-20T18:05:54.765+0000] {logging_mixin.py:190} INFO - [2025-04-20T18:05:54.764+0000] {dag.py:3239} INFO - Sync 4 DAGs
[2025-04-20T18:05:54.796+0000] {logging_mixin.py:190} INFO - [2025-04-20T18:05:54.796+0000] {dag.py:4180} INFO - Setting next_dagrun for dataset_alias_example_alias_consumer_with_no_taskflow to None, run_after=None
[2025-04-20T18:05:54.799+0000] {logging_mixin.py:190} INFO - [2025-04-20T18:05:54.799+0000] {dag.py:4180} INFO - Setting next_dagrun for dataset_alias_example_alias_producer_with_no_taskflow to None, run_after=None
[2025-04-20T18:05:54.801+0000] {logging_mixin.py:190} INFO - [2025-04-20T18:05:54.801+0000] {dag.py:4180} INFO - Setting next_dagrun for dataset_s3_bucket_consumer_with_no_taskflow to None, run_after=None
[2025-04-20T18:05:54.803+0000] {logging_mixin.py:190} INFO - [2025-04-20T18:05:54.802+0000] {dag.py:4180} INFO - Setting next_dagrun for dataset_s3_bucket_producer_with_no_taskflow to None, run_after=None
[2025-04-20T18:05:54.832+0000] {processor.py:208} INFO - Processing /home/airflow/.local/lib/python3.12/site-packages/airflow/example_dags/example_dataset_alias_with_no_taskflow.py took 1.335 seconds
[2025-04-20T18:06:24.989+0000] {processor.py:186} INFO - Started process (PID=273) to work on /home/airflow/.local/lib/python3.12/site-packages/airflow/example_dags/example_dataset_alias_with_no_taskflow.py
[2025-04-20T18:06:24.991+0000] {processor.py:914} INFO - Processing file /home/airflow/.local/lib/python3.12/site-packages/airflow/example_dags/example_dataset_alias_with_no_taskflow.py for tasks to queue
[2025-04-20T18:06:24.996+0000] {logging_mixin.py:190} INFO - [2025-04-20T18:06:24.995+0000] {dagbag.py:588} INFO - Filling up the DagBag from /home/airflow/.local/lib/python3.12/site-packages/airflow/example_dags/example_dataset_alias_with_no_taskflow.py
[2025-04-20T18:06:25.730+0000] {processor.py:925} INFO - DAG(s) 'dataset_alias_example_alias_consumer_with_no_taskflow', 'dataset_alias_example_alias_producer_with_no_taskflow', 'dataset_s3_bucket_producer_with_no_taskflow', 'dataset_s3_bucket_consumer_with_no_taskflow' retrieved from /home/airflow/.local/lib/python3.12/site-packages/airflow/example_dags/example_dataset_alias_with_no_taskflow.py
[2025-04-20T18:06:25.757+0000] {logging_mixin.py:190} INFO - [2025-04-20T18:06:25.756+0000] {dag.py:3239} INFO - Sync 4 DAGs
[2025-04-20T18:06:25.788+0000] {logging_mixin.py:190} INFO - [2025-04-20T18:06:25.788+0000] {dag.py:4180} INFO - Setting next_dagrun for dataset_alias_example_alias_consumer_with_no_taskflow to None, run_after=None
[2025-04-20T18:06:25.792+0000] {logging_mixin.py:190} INFO - [2025-04-20T18:06:25.791+0000] {dag.py:4180} INFO - Setting next_dagrun for dataset_alias_example_alias_producer_with_no_taskflow to None, run_after=None
[2025-04-20T18:06:25.794+0000] {logging_mixin.py:190} INFO - [2025-04-20T18:06:25.794+0000] {dag.py:4180} INFO - Setting next_dagrun for dataset_s3_bucket_consumer_with_no_taskflow to None, run_after=None
[2025-04-20T18:06:25.797+0000] {logging_mixin.py:190} INFO - [2025-04-20T18:06:25.796+0000] {dag.py:4180} INFO - Setting next_dagrun for dataset_s3_bucket_producer_with_no_taskflow to None, run_after=None
[2025-04-20T18:06:25.828+0000] {processor.py:208} INFO - Processing /home/airflow/.local/lib/python3.12/site-packages/airflow/example_dags/example_dataset_alias_with_no_taskflow.py took 0.848 seconds
[2025-04-20T18:06:56.690+0000] {processor.py:186} INFO - Started process (PID=336) to work on /home/airflow/.local/lib/python3.12/site-packages/airflow/example_dags/example_dataset_alias_with_no_taskflow.py
[2025-04-20T18:06:56.692+0000] {processor.py:914} INFO - Processing file /home/airflow/.local/lib/python3.12/site-packages/airflow/example_dags/example_dataset_alias_with_no_taskflow.py for tasks to queue
[2025-04-20T18:06:56.697+0000] {logging_mixin.py:190} INFO - [2025-04-20T18:06:56.697+0000] {dagbag.py:588} INFO - Filling up the DagBag from /home/airflow/.local/lib/python3.12/site-packages/airflow/example_dags/example_dataset_alias_with_no_taskflow.py
[2025-04-20T18:06:57.718+0000] {processor.py:925} INFO - DAG(s) 'dataset_alias_example_alias_consumer_with_no_taskflow', 'dataset_s3_bucket_consumer_with_no_taskflow', 'dataset_alias_example_alias_producer_with_no_taskflow', 'dataset_s3_bucket_producer_with_no_taskflow' retrieved from /home/airflow/.local/lib/python3.12/site-packages/airflow/example_dags/example_dataset_alias_with_no_taskflow.py
[2025-04-20T18:06:57.751+0000] {logging_mixin.py:190} INFO - [2025-04-20T18:06:57.750+0000] {dag.py:3239} INFO - Sync 4 DAGs
[2025-04-20T18:06:57.778+0000] {logging_mixin.py:190} INFO - [2025-04-20T18:06:57.777+0000] {dag.py:4180} INFO - Setting next_dagrun for dataset_alias_example_alias_consumer_with_no_taskflow to None, run_after=None
[2025-04-20T18:06:57.782+0000] {logging_mixin.py:190} INFO - [2025-04-20T18:06:57.782+0000] {dag.py:4180} INFO - Setting next_dagrun for dataset_alias_example_alias_producer_with_no_taskflow to None, run_after=None
[2025-04-20T18:06:57.786+0000] {logging_mixin.py:190} INFO - [2025-04-20T18:06:57.785+0000] {dag.py:4180} INFO - Setting next_dagrun for dataset_s3_bucket_consumer_with_no_taskflow to None, run_after=None
[2025-04-20T18:06:57.788+0000] {logging_mixin.py:190} INFO - [2025-04-20T18:06:57.787+0000] {dag.py:4180} INFO - Setting next_dagrun for dataset_s3_bucket_producer_with_no_taskflow to None, run_after=None
[2025-04-20T18:06:57.822+0000] {processor.py:208} INFO - Processing /home/airflow/.local/lib/python3.12/site-packages/airflow/example_dags/example_dataset_alias_with_no_taskflow.py took 1.146 seconds
[2025-04-20T18:07:28.274+0000] {processor.py:186} INFO - Started process (PID=399) to work on /home/airflow/.local/lib/python3.12/site-packages/airflow/example_dags/example_dataset_alias_with_no_taskflow.py
[2025-04-20T18:07:28.276+0000] {processor.py:914} INFO - Processing file /home/airflow/.local/lib/python3.12/site-packages/airflow/example_dags/example_dataset_alias_with_no_taskflow.py for tasks to queue
[2025-04-20T18:07:28.281+0000] {logging_mixin.py:190} INFO - [2025-04-20T18:07:28.281+0000] {dagbag.py:588} INFO - Filling up the DagBag from /home/airflow/.local/lib/python3.12/site-packages/airflow/example_dags/example_dataset_alias_with_no_taskflow.py
[2025-04-20T18:07:29.024+0000] {processor.py:925} INFO - DAG(s) 'dataset_s3_bucket_consumer_with_no_taskflow', 'dataset_s3_bucket_producer_with_no_taskflow', 'dataset_alias_example_alias_consumer_with_no_taskflow', 'dataset_alias_example_alias_producer_with_no_taskflow' retrieved from /home/airflow/.local/lib/python3.12/site-packages/airflow/example_dags/example_dataset_alias_with_no_taskflow.py
[2025-04-20T18:07:29.051+0000] {logging_mixin.py:190} INFO - [2025-04-20T18:07:29.051+0000] {dag.py:3239} INFO - Sync 4 DAGs
[2025-04-20T18:07:29.079+0000] {logging_mixin.py:190} INFO - [2025-04-20T18:07:29.079+0000] {dag.py:4180} INFO - Setting next_dagrun for dataset_alias_example_alias_consumer_with_no_taskflow to None, run_after=None
[2025-04-20T18:07:29.084+0000] {logging_mixin.py:190} INFO - [2025-04-20T18:07:29.084+0000] {dag.py:4180} INFO - Setting next_dagrun for dataset_alias_example_alias_producer_with_no_taskflow to None, run_after=None
[2025-04-20T18:07:29.086+0000] {logging_mixin.py:190} INFO - [2025-04-20T18:07:29.086+0000] {dag.py:4180} INFO - Setting next_dagrun for dataset_s3_bucket_consumer_with_no_taskflow to None, run_after=None
[2025-04-20T18:07:29.088+0000] {logging_mixin.py:190} INFO - [2025-04-20T18:07:29.088+0000] {dag.py:4180} INFO - Setting next_dagrun for dataset_s3_bucket_producer_with_no_taskflow to None, run_after=None
[2025-04-20T18:07:29.117+0000] {processor.py:208} INFO - Processing /home/airflow/.local/lib/python3.12/site-packages/airflow/example_dags/example_dataset_alias_with_no_taskflow.py took 0.854 seconds
[2025-04-20T18:07:59.646+0000] {processor.py:186} INFO - Started process (PID=462) to work on /home/airflow/.local/lib/python3.12/site-packages/airflow/example_dags/example_dataset_alias_with_no_taskflow.py
[2025-04-20T18:07:59.649+0000] {processor.py:914} INFO - Processing file /home/airflow/.local/lib/python3.12/site-packages/airflow/example_dags/example_dataset_alias_with_no_taskflow.py for tasks to queue
[2025-04-20T18:07:59.653+0000] {logging_mixin.py:190} INFO - [2025-04-20T18:07:59.652+0000] {dagbag.py:588} INFO - Filling up the DagBag from /home/airflow/.local/lib/python3.12/site-packages/airflow/example_dags/example_dataset_alias_with_no_taskflow.py
[2025-04-20T18:08:00.766+0000] {processor.py:925} INFO - DAG(s) 'dataset_alias_example_alias_consumer_with_no_taskflow', 'dataset_s3_bucket_consumer_with_no_taskflow', 'dataset_s3_bucket_producer_with_no_taskflow', 'dataset_alias_example_alias_producer_with_no_taskflow' retrieved from /home/airflow/.local/lib/python3.12/site-packages/airflow/example_dags/example_dataset_alias_with_no_taskflow.py
[2025-04-20T18:08:00.811+0000] {logging_mixin.py:190} INFO - [2025-04-20T18:08:00.810+0000] {dag.py:3239} INFO - Sync 4 DAGs
[2025-04-20T18:08:00.849+0000] {logging_mixin.py:190} INFO - [2025-04-20T18:08:00.849+0000] {dag.py:4180} INFO - Setting next_dagrun for dataset_alias_example_alias_consumer_with_no_taskflow to None, run_after=None
[2025-04-20T18:08:00.853+0000] {logging_mixin.py:190} INFO - [2025-04-20T18:08:00.853+0000] {dag.py:4180} INFO - Setting next_dagrun for dataset_alias_example_alias_producer_with_no_taskflow to None, run_after=None
[2025-04-20T18:08:00.855+0000] {logging_mixin.py:190} INFO - [2025-04-20T18:08:00.855+0000] {dag.py:4180} INFO - Setting next_dagrun for dataset_s3_bucket_consumer_with_no_taskflow to None, run_after=None
[2025-04-20T18:08:00.857+0000] {logging_mixin.py:190} INFO - [2025-04-20T18:08:00.857+0000] {dag.py:4180} INFO - Setting next_dagrun for dataset_s3_bucket_producer_with_no_taskflow to None, run_after=None
[2025-04-20T18:08:00.899+0000] {processor.py:208} INFO - Processing /home/airflow/.local/lib/python3.12/site-packages/airflow/example_dags/example_dataset_alias_with_no_taskflow.py took 1.265 seconds
[2025-04-20T18:08:31.282+0000] {processor.py:186} INFO - Started process (PID=525) to work on /home/airflow/.local/lib/python3.12/site-packages/airflow/example_dags/example_dataset_alias_with_no_taskflow.py
[2025-04-20T18:08:31.283+0000] {processor.py:914} INFO - Processing file /home/airflow/.local/lib/python3.12/site-packages/airflow/example_dags/example_dataset_alias_with_no_taskflow.py for tasks to queue
[2025-04-20T18:08:31.289+0000] {logging_mixin.py:190} INFO - [2025-04-20T18:08:31.288+0000] {dagbag.py:588} INFO - Filling up the DagBag from /home/airflow/.local/lib/python3.12/site-packages/airflow/example_dags/example_dataset_alias_with_no_taskflow.py
[2025-04-20T18:08:32.291+0000] {processor.py:925} INFO - DAG(s) 'dataset_s3_bucket_producer_with_no_taskflow', 'dataset_alias_example_alias_consumer_with_no_taskflow', 'dataset_alias_example_alias_producer_with_no_taskflow', 'dataset_s3_bucket_consumer_with_no_taskflow' retrieved from /home/airflow/.local/lib/python3.12/site-packages/airflow/example_dags/example_dataset_alias_with_no_taskflow.py
[2025-04-20T18:08:32.336+0000] {logging_mixin.py:190} INFO - [2025-04-20T18:08:32.335+0000] {dag.py:3239} INFO - Sync 4 DAGs
[2025-04-20T18:08:32.380+0000] {logging_mixin.py:190} INFO - [2025-04-20T18:08:32.380+0000] {dag.py:4180} INFO - Setting next_dagrun for dataset_alias_example_alias_consumer_with_no_taskflow to None, run_after=None
[2025-04-20T18:08:32.385+0000] {logging_mixin.py:190} INFO - [2025-04-20T18:08:32.385+0000] {dag.py:4180} INFO - Setting next_dagrun for dataset_alias_example_alias_producer_with_no_taskflow to None, run_after=None
[2025-04-20T18:08:32.387+0000] {logging_mixin.py:190} INFO - [2025-04-20T18:08:32.387+0000] {dag.py:4180} INFO - Setting next_dagrun for dataset_s3_bucket_consumer_with_no_taskflow to None, run_after=None
[2025-04-20T18:08:32.390+0000] {logging_mixin.py:190} INFO - [2025-04-20T18:08:32.390+0000] {dag.py:4180} INFO - Setting next_dagrun for dataset_s3_bucket_producer_with_no_taskflow to None, run_after=None
[2025-04-20T18:08:32.442+0000] {processor.py:208} INFO - Processing /home/airflow/.local/lib/python3.12/site-packages/airflow/example_dags/example_dataset_alias_with_no_taskflow.py took 1.176 seconds
[2025-04-20T18:09:02.645+0000] {processor.py:186} INFO - Started process (PID=588) to work on /home/airflow/.local/lib/python3.12/site-packages/airflow/example_dags/example_dataset_alias_with_no_taskflow.py
[2025-04-20T18:09:02.647+0000] {processor.py:914} INFO - Processing file /home/airflow/.local/lib/python3.12/site-packages/airflow/example_dags/example_dataset_alias_with_no_taskflow.py for tasks to queue
[2025-04-20T18:09:02.650+0000] {logging_mixin.py:190} INFO - [2025-04-20T18:09:02.650+0000] {dagbag.py:588} INFO - Filling up the DagBag from /home/airflow/.local/lib/python3.12/site-packages/airflow/example_dags/example_dataset_alias_with_no_taskflow.py
[2025-04-20T18:09:03.422+0000] {processor.py:925} INFO - DAG(s) 'dataset_s3_bucket_producer_with_no_taskflow', 'dataset_alias_example_alias_consumer_with_no_taskflow', 'dataset_alias_example_alias_producer_with_no_taskflow', 'dataset_s3_bucket_consumer_with_no_taskflow' retrieved from /home/airflow/.local/lib/python3.12/site-packages/airflow/example_dags/example_dataset_alias_with_no_taskflow.py
[2025-04-20T18:09:03.455+0000] {logging_mixin.py:190} INFO - [2025-04-20T18:09:03.455+0000] {dag.py:3239} INFO - Sync 4 DAGs
[2025-04-20T18:09:03.492+0000] {logging_mixin.py:190} INFO - [2025-04-20T18:09:03.491+0000] {dag.py:4180} INFO - Setting next_dagrun for dataset_alias_example_alias_consumer_with_no_taskflow to None, run_after=None
[2025-04-20T18:09:03.496+0000] {logging_mixin.py:190} INFO - [2025-04-20T18:09:03.495+0000] {dag.py:4180} INFO - Setting next_dagrun for dataset_alias_example_alias_producer_with_no_taskflow to None, run_after=None
[2025-04-20T18:09:03.499+0000] {logging_mixin.py:190} INFO - [2025-04-20T18:09:03.499+0000] {dag.py:4180} INFO - Setting next_dagrun for dataset_s3_bucket_consumer_with_no_taskflow to None, run_after=None
[2025-04-20T18:09:03.502+0000] {logging_mixin.py:190} INFO - [2025-04-20T18:09:03.501+0000] {dag.py:4180} INFO - Setting next_dagrun for dataset_s3_bucket_producer_with_no_taskflow to None, run_after=None
[2025-04-20T18:09:03.541+0000] {processor.py:208} INFO - Processing /home/airflow/.local/lib/python3.12/site-packages/airflow/example_dags/example_dataset_alias_with_no_taskflow.py took 0.905 seconds
