[2025-04-20T17:48:53.943+0000] {processor.py:186} INFO - Started process (PID=99) to work on /home/airflow/.local/lib/python3.12/site-packages/airflow/example_dags/example_task_group_decorator.py
[2025-04-20T17:48:53.944+0000] {processor.py:914} INFO - Processing file /home/airflow/.local/lib/python3.12/site-packages/airflow/example_dags/example_task_group_decorator.py for tasks to queue
[2025-04-20T17:48:53.948+0000] {logging_mixin.py:190} INFO - [2025-04-20T17:48:53.947+0000] {dagbag.py:588} INFO - Filling up the DagBag from /home/airflow/.local/lib/python3.12/site-packages/airflow/example_dags/example_task_group_decorator.py
[2025-04-20T17:48:53.973+0000] {processor.py:925} INFO - DAG(s) 'example_task_group_decorator' retrieved from /home/airflow/.local/lib/python3.12/site-packages/airflow/example_dags/example_task_group_decorator.py
[2025-04-20T17:48:54.121+0000] {logging_mixin.py:190} INFO - [2025-04-20T17:48:54.120+0000] {override.py:1912} INFO - Created Permission View: can read on DAG:example_task_group_decorator
[2025-04-20T17:48:54.136+0000] {logging_mixin.py:190} INFO - [2025-04-20T17:48:54.136+0000] {override.py:1912} INFO - Created Permission View: can edit on DAG:example_task_group_decorator
[2025-04-20T17:48:54.147+0000] {logging_mixin.py:190} INFO - [2025-04-20T17:48:54.146+0000] {override.py:1912} INFO - Created Permission View: can delete on DAG:example_task_group_decorator
[2025-04-20T17:48:54.159+0000] {logging_mixin.py:190} INFO - [2025-04-20T17:48:54.159+0000] {override.py:1912} INFO - Created Permission View: can read on DAG Run:example_task_group_decorator
[2025-04-20T17:48:54.172+0000] {logging_mixin.py:190} INFO - [2025-04-20T17:48:54.172+0000] {override.py:1912} INFO - Created Permission View: can create on DAG Run:example_task_group_decorator
[2025-04-20T17:48:54.182+0000] {logging_mixin.py:190} INFO - [2025-04-20T17:48:54.182+0000] {override.py:1912} INFO - Created Permission View: menu access on DAG Run:example_task_group_decorator
[2025-04-20T17:48:54.192+0000] {logging_mixin.py:190} INFO - [2025-04-20T17:48:54.192+0000] {override.py:1912} INFO - Created Permission View: can delete on DAG Run:example_task_group_decorator
[2025-04-20T17:48:54.193+0000] {logging_mixin.py:190} INFO - [2025-04-20T17:48:54.193+0000] {dag.py:3239} INFO - Sync 1 DAGs
[2025-04-20T17:48:54.212+0000] {logging_mixin.py:190} INFO - [2025-04-20T17:48:54.211+0000] {dag.py:3262} INFO - Creating ORM DAG for example_task_group_decorator
[2025-04-20T17:48:54.214+0000] {logging_mixin.py:190} INFO - [2025-04-20T17:48:54.213+0000] {dag.py:4180} INFO - Setting next_dagrun for example_task_group_decorator to None, run_after=None
[2025-04-20T17:48:54.240+0000] {processor.py:208} INFO - Processing /home/airflow/.local/lib/python3.12/site-packages/airflow/example_dags/example_task_group_decorator.py took 0.306 seconds
[2025-04-20T17:49:25.084+0000] {processor.py:186} INFO - Started process (PID=162) to work on /home/airflow/.local/lib/python3.12/site-packages/airflow/example_dags/example_task_group_decorator.py
[2025-04-20T17:49:25.089+0000] {processor.py:914} INFO - Processing file /home/airflow/.local/lib/python3.12/site-packages/airflow/example_dags/example_task_group_decorator.py for tasks to queue
[2025-04-20T17:49:25.094+0000] {logging_mixin.py:190} INFO - [2025-04-20T17:49:25.094+0000] {dagbag.py:588} INFO - Filling up the DagBag from /home/airflow/.local/lib/python3.12/site-packages/airflow/example_dags/example_task_group_decorator.py
[2025-04-20T17:49:25.132+0000] {processor.py:925} INFO - DAG(s) 'example_task_group_decorator' retrieved from /home/airflow/.local/lib/python3.12/site-packages/airflow/example_dags/example_task_group_decorator.py
[2025-04-20T17:49:25.188+0000] {logging_mixin.py:190} INFO - [2025-04-20T17:49:25.188+0000] {dag.py:3239} INFO - Sync 1 DAGs
[2025-04-20T17:49:25.223+0000] {logging_mixin.py:190} INFO - [2025-04-20T17:49:25.223+0000] {dag.py:4180} INFO - Setting next_dagrun for example_task_group_decorator to None, run_after=None
[2025-04-20T17:49:25.272+0000] {processor.py:208} INFO - Processing /home/airflow/.local/lib/python3.12/site-packages/airflow/example_dags/example_task_group_decorator.py took 0.199 seconds
[2025-04-20T17:49:55.548+0000] {processor.py:186} INFO - Started process (PID=224) to work on /home/airflow/.local/lib/python3.12/site-packages/airflow/example_dags/example_task_group_decorator.py
[2025-04-20T17:49:55.549+0000] {processor.py:914} INFO - Processing file /home/airflow/.local/lib/python3.12/site-packages/airflow/example_dags/example_task_group_decorator.py for tasks to queue
[2025-04-20T17:49:55.553+0000] {logging_mixin.py:190} INFO - [2025-04-20T17:49:55.553+0000] {dagbag.py:588} INFO - Filling up the DagBag from /home/airflow/.local/lib/python3.12/site-packages/airflow/example_dags/example_task_group_decorator.py
[2025-04-20T17:49:55.574+0000] {processor.py:925} INFO - DAG(s) 'example_task_group_decorator' retrieved from /home/airflow/.local/lib/python3.12/site-packages/airflow/example_dags/example_task_group_decorator.py
[2025-04-20T17:49:55.608+0000] {logging_mixin.py:190} INFO - [2025-04-20T17:49:55.608+0000] {dag.py:3239} INFO - Sync 1 DAGs
[2025-04-20T17:49:55.632+0000] {logging_mixin.py:190} INFO - [2025-04-20T17:49:55.631+0000] {dag.py:4180} INFO - Setting next_dagrun for example_task_group_decorator to None, run_after=None
[2025-04-20T17:49:55.693+0000] {processor.py:208} INFO - Processing /home/airflow/.local/lib/python3.12/site-packages/airflow/example_dags/example_task_group_decorator.py took 0.154 seconds
[2025-04-20T17:50:26.740+0000] {processor.py:186} INFO - Started process (PID=287) to work on /home/airflow/.local/lib/python3.12/site-packages/airflow/example_dags/example_task_group_decorator.py
[2025-04-20T17:50:26.741+0000] {processor.py:914} INFO - Processing file /home/airflow/.local/lib/python3.12/site-packages/airflow/example_dags/example_task_group_decorator.py for tasks to queue
[2025-04-20T17:50:26.745+0000] {logging_mixin.py:190} INFO - [2025-04-20T17:50:26.745+0000] {dagbag.py:588} INFO - Filling up the DagBag from /home/airflow/.local/lib/python3.12/site-packages/airflow/example_dags/example_task_group_decorator.py
[2025-04-20T17:50:26.769+0000] {processor.py:925} INFO - DAG(s) 'example_task_group_decorator' retrieved from /home/airflow/.local/lib/python3.12/site-packages/airflow/example_dags/example_task_group_decorator.py
[2025-04-20T17:50:26.799+0000] {logging_mixin.py:190} INFO - [2025-04-20T17:50:26.799+0000] {dag.py:3239} INFO - Sync 1 DAGs
[2025-04-20T17:50:26.816+0000] {logging_mixin.py:190} INFO - [2025-04-20T17:50:26.816+0000] {dag.py:4180} INFO - Setting next_dagrun for example_task_group_decorator to None, run_after=None
[2025-04-20T17:50:26.845+0000] {processor.py:208} INFO - Processing /home/airflow/.local/lib/python3.12/site-packages/airflow/example_dags/example_task_group_decorator.py took 0.114 seconds
[2025-04-20T17:50:58.507+0000] {processor.py:186} INFO - Started process (PID=350) to work on /home/airflow/.local/lib/python3.12/site-packages/airflow/example_dags/example_task_group_decorator.py
[2025-04-20T17:50:58.508+0000] {processor.py:914} INFO - Processing file /home/airflow/.local/lib/python3.12/site-packages/airflow/example_dags/example_task_group_decorator.py for tasks to queue
[2025-04-20T17:50:58.511+0000] {logging_mixin.py:190} INFO - [2025-04-20T17:50:58.511+0000] {dagbag.py:588} INFO - Filling up the DagBag from /home/airflow/.local/lib/python3.12/site-packages/airflow/example_dags/example_task_group_decorator.py
[2025-04-20T17:50:58.533+0000] {processor.py:925} INFO - DAG(s) 'example_task_group_decorator' retrieved from /home/airflow/.local/lib/python3.12/site-packages/airflow/example_dags/example_task_group_decorator.py
[2025-04-20T17:50:58.570+0000] {logging_mixin.py:190} INFO - [2025-04-20T17:50:58.570+0000] {dag.py:3239} INFO - Sync 1 DAGs
[2025-04-20T17:50:58.592+0000] {logging_mixin.py:190} INFO - [2025-04-20T17:50:58.591+0000] {dag.py:4180} INFO - Setting next_dagrun for example_task_group_decorator to None, run_after=None
[2025-04-20T17:50:58.617+0000] {processor.py:208} INFO - Processing /home/airflow/.local/lib/python3.12/site-packages/airflow/example_dags/example_task_group_decorator.py took 0.118 seconds
[2025-04-20T17:51:30.491+0000] {processor.py:186} INFO - Started process (PID=413) to work on /home/airflow/.local/lib/python3.12/site-packages/airflow/example_dags/example_task_group_decorator.py
[2025-04-20T17:51:30.492+0000] {processor.py:914} INFO - Processing file /home/airflow/.local/lib/python3.12/site-packages/airflow/example_dags/example_task_group_decorator.py for tasks to queue
[2025-04-20T17:51:30.496+0000] {logging_mixin.py:190} INFO - [2025-04-20T17:51:30.496+0000] {dagbag.py:588} INFO - Filling up the DagBag from /home/airflow/.local/lib/python3.12/site-packages/airflow/example_dags/example_task_group_decorator.py
[2025-04-20T17:51:30.521+0000] {processor.py:925} INFO - DAG(s) 'example_task_group_decorator' retrieved from /home/airflow/.local/lib/python3.12/site-packages/airflow/example_dags/example_task_group_decorator.py
[2025-04-20T17:51:30.556+0000] {logging_mixin.py:190} INFO - [2025-04-20T17:51:30.556+0000] {dag.py:3239} INFO - Sync 1 DAGs
[2025-04-20T17:51:30.575+0000] {logging_mixin.py:190} INFO - [2025-04-20T17:51:30.575+0000] {dag.py:4180} INFO - Setting next_dagrun for example_task_group_decorator to None, run_after=None
[2025-04-20T17:51:30.598+0000] {processor.py:208} INFO - Processing /home/airflow/.local/lib/python3.12/site-packages/airflow/example_dags/example_task_group_decorator.py took 0.120 seconds
[2025-04-20T17:52:02.013+0000] {processor.py:186} INFO - Started process (PID=476) to work on /home/airflow/.local/lib/python3.12/site-packages/airflow/example_dags/example_task_group_decorator.py
[2025-04-20T17:52:02.015+0000] {processor.py:914} INFO - Processing file /home/airflow/.local/lib/python3.12/site-packages/airflow/example_dags/example_task_group_decorator.py for tasks to queue
[2025-04-20T17:52:02.019+0000] {logging_mixin.py:190} INFO - [2025-04-20T17:52:02.018+0000] {dagbag.py:588} INFO - Filling up the DagBag from /home/airflow/.local/lib/python3.12/site-packages/airflow/example_dags/example_task_group_decorator.py
[2025-04-20T17:52:02.043+0000] {processor.py:925} INFO - DAG(s) 'example_task_group_decorator' retrieved from /home/airflow/.local/lib/python3.12/site-packages/airflow/example_dags/example_task_group_decorator.py
[2025-04-20T17:52:02.097+0000] {logging_mixin.py:190} INFO - [2025-04-20T17:52:02.097+0000] {dag.py:3239} INFO - Sync 1 DAGs
[2025-04-20T17:52:02.120+0000] {logging_mixin.py:190} INFO - [2025-04-20T17:52:02.120+0000] {dag.py:4180} INFO - Setting next_dagrun for example_task_group_decorator to None, run_after=None
[2025-04-20T17:52:02.158+0000] {processor.py:208} INFO - Processing /home/airflow/.local/lib/python3.12/site-packages/airflow/example_dags/example_task_group_decorator.py took 0.153 seconds
[2025-04-20T17:52:33.684+0000] {processor.py:186} INFO - Started process (PID=538) to work on /home/airflow/.local/lib/python3.12/site-packages/airflow/example_dags/example_task_group_decorator.py
[2025-04-20T17:52:33.686+0000] {processor.py:914} INFO - Processing file /home/airflow/.local/lib/python3.12/site-packages/airflow/example_dags/example_task_group_decorator.py for tasks to queue
[2025-04-20T17:52:33.690+0000] {logging_mixin.py:190} INFO - [2025-04-20T17:52:33.690+0000] {dagbag.py:588} INFO - Filling up the DagBag from /home/airflow/.local/lib/python3.12/site-packages/airflow/example_dags/example_task_group_decorator.py
[2025-04-20T17:52:33.714+0000] {processor.py:925} INFO - DAG(s) 'example_task_group_decorator' retrieved from /home/airflow/.local/lib/python3.12/site-packages/airflow/example_dags/example_task_group_decorator.py
[2025-04-20T17:52:33.749+0000] {logging_mixin.py:190} INFO - [2025-04-20T17:52:33.748+0000] {dag.py:3239} INFO - Sync 1 DAGs
[2025-04-20T17:52:33.769+0000] {logging_mixin.py:190} INFO - [2025-04-20T17:52:33.769+0000] {dag.py:4180} INFO - Setting next_dagrun for example_task_group_decorator to None, run_after=None
[2025-04-20T17:52:33.794+0000] {processor.py:208} INFO - Processing /home/airflow/.local/lib/python3.12/site-packages/airflow/example_dags/example_task_group_decorator.py took 0.120 seconds
[2025-04-20T17:53:05.892+0000] {processor.py:186} INFO - Started process (PID=607) to work on /home/airflow/.local/lib/python3.12/site-packages/airflow/example_dags/example_task_group_decorator.py
[2025-04-20T17:53:05.894+0000] {processor.py:914} INFO - Processing file /home/airflow/.local/lib/python3.12/site-packages/airflow/example_dags/example_task_group_decorator.py for tasks to queue
[2025-04-20T17:53:05.909+0000] {logging_mixin.py:190} INFO - [2025-04-20T17:53:05.906+0000] {dagbag.py:588} INFO - Filling up the DagBag from /home/airflow/.local/lib/python3.12/site-packages/airflow/example_dags/example_task_group_decorator.py
[2025-04-20T17:53:05.955+0000] {processor.py:925} INFO - DAG(s) 'example_task_group_decorator' retrieved from /home/airflow/.local/lib/python3.12/site-packages/airflow/example_dags/example_task_group_decorator.py
[2025-04-20T17:53:06.005+0000] {logging_mixin.py:190} INFO - [2025-04-20T17:53:06.004+0000] {dag.py:3239} INFO - Sync 1 DAGs
[2025-04-20T17:53:06.027+0000] {logging_mixin.py:190} INFO - [2025-04-20T17:53:06.027+0000] {dag.py:4180} INFO - Setting next_dagrun for example_task_group_decorator to None, run_after=None
[2025-04-20T17:53:06.059+0000] {processor.py:208} INFO - Processing /home/airflow/.local/lib/python3.12/site-packages/airflow/example_dags/example_task_group_decorator.py took 0.184 seconds
[2025-04-20T17:53:37.730+0000] {processor.py:186} INFO - Started process (PID=670) to work on /home/airflow/.local/lib/python3.12/site-packages/airflow/example_dags/example_task_group_decorator.py
[2025-04-20T17:53:37.732+0000] {processor.py:914} INFO - Processing file /home/airflow/.local/lib/python3.12/site-packages/airflow/example_dags/example_task_group_decorator.py for tasks to queue
[2025-04-20T17:53:37.736+0000] {logging_mixin.py:190} INFO - [2025-04-20T17:53:37.736+0000] {dagbag.py:588} INFO - Filling up the DagBag from /home/airflow/.local/lib/python3.12/site-packages/airflow/example_dags/example_task_group_decorator.py
[2025-04-20T17:53:37.762+0000] {processor.py:925} INFO - DAG(s) 'example_task_group_decorator' retrieved from /home/airflow/.local/lib/python3.12/site-packages/airflow/example_dags/example_task_group_decorator.py
[2025-04-20T17:53:37.805+0000] {logging_mixin.py:190} INFO - [2025-04-20T17:53:37.805+0000] {dag.py:3239} INFO - Sync 1 DAGs
[2025-04-20T17:53:37.827+0000] {logging_mixin.py:190} INFO - [2025-04-20T17:53:37.827+0000] {dag.py:4180} INFO - Setting next_dagrun for example_task_group_decorator to None, run_after=None
[2025-04-20T17:53:37.858+0000] {processor.py:208} INFO - Processing /home/airflow/.local/lib/python3.12/site-packages/airflow/example_dags/example_task_group_decorator.py took 0.139 seconds
[2025-04-20T17:54:09.275+0000] {processor.py:186} INFO - Started process (PID=733) to work on /home/airflow/.local/lib/python3.12/site-packages/airflow/example_dags/example_task_group_decorator.py
[2025-04-20T17:54:09.276+0000] {processor.py:914} INFO - Processing file /home/airflow/.local/lib/python3.12/site-packages/airflow/example_dags/example_task_group_decorator.py for tasks to queue
[2025-04-20T17:54:09.280+0000] {logging_mixin.py:190} INFO - [2025-04-20T17:54:09.279+0000] {dagbag.py:588} INFO - Filling up the DagBag from /home/airflow/.local/lib/python3.12/site-packages/airflow/example_dags/example_task_group_decorator.py
[2025-04-20T17:54:09.299+0000] {processor.py:925} INFO - DAG(s) 'example_task_group_decorator' retrieved from /home/airflow/.local/lib/python3.12/site-packages/airflow/example_dags/example_task_group_decorator.py
[2025-04-20T17:54:09.332+0000] {logging_mixin.py:190} INFO - [2025-04-20T17:54:09.332+0000] {dag.py:3239} INFO - Sync 1 DAGs
[2025-04-20T17:54:09.350+0000] {logging_mixin.py:190} INFO - [2025-04-20T17:54:09.350+0000] {dag.py:4180} INFO - Setting next_dagrun for example_task_group_decorator to None, run_after=None
[2025-04-20T17:54:09.375+0000] {processor.py:208} INFO - Processing /home/airflow/.local/lib/python3.12/site-packages/airflow/example_dags/example_task_group_decorator.py took 0.109 seconds
[2025-04-20T17:54:40.412+0000] {processor.py:186} INFO - Started process (PID=796) to work on /home/airflow/.local/lib/python3.12/site-packages/airflow/example_dags/example_task_group_decorator.py
[2025-04-20T17:54:40.414+0000] {processor.py:914} INFO - Processing file /home/airflow/.local/lib/python3.12/site-packages/airflow/example_dags/example_task_group_decorator.py for tasks to queue
[2025-04-20T17:54:40.418+0000] {logging_mixin.py:190} INFO - [2025-04-20T17:54:40.417+0000] {dagbag.py:588} INFO - Filling up the DagBag from /home/airflow/.local/lib/python3.12/site-packages/airflow/example_dags/example_task_group_decorator.py
[2025-04-20T17:54:40.441+0000] {processor.py:925} INFO - DAG(s) 'example_task_group_decorator' retrieved from /home/airflow/.local/lib/python3.12/site-packages/airflow/example_dags/example_task_group_decorator.py
[2025-04-20T17:54:40.477+0000] {logging_mixin.py:190} INFO - [2025-04-20T17:54:40.477+0000] {dag.py:3239} INFO - Sync 1 DAGs
[2025-04-20T17:54:40.501+0000] {logging_mixin.py:190} INFO - [2025-04-20T17:54:40.501+0000] {dag.py:4180} INFO - Setting next_dagrun for example_task_group_decorator to None, run_after=None
[2025-04-20T17:54:40.533+0000] {processor.py:208} INFO - Processing /home/airflow/.local/lib/python3.12/site-packages/airflow/example_dags/example_task_group_decorator.py took 0.128 seconds
[2025-04-20T17:55:11.659+0000] {processor.py:186} INFO - Started process (PID=859) to work on /home/airflow/.local/lib/python3.12/site-packages/airflow/example_dags/example_task_group_decorator.py
[2025-04-20T17:55:11.660+0000] {processor.py:914} INFO - Processing file /home/airflow/.local/lib/python3.12/site-packages/airflow/example_dags/example_task_group_decorator.py for tasks to queue
[2025-04-20T17:55:11.664+0000] {logging_mixin.py:190} INFO - [2025-04-20T17:55:11.664+0000] {dagbag.py:588} INFO - Filling up the DagBag from /home/airflow/.local/lib/python3.12/site-packages/airflow/example_dags/example_task_group_decorator.py
[2025-04-20T17:55:11.683+0000] {processor.py:925} INFO - DAG(s) 'example_task_group_decorator' retrieved from /home/airflow/.local/lib/python3.12/site-packages/airflow/example_dags/example_task_group_decorator.py
[2025-04-20T17:55:11.723+0000] {logging_mixin.py:190} INFO - [2025-04-20T17:55:11.722+0000] {dag.py:3239} INFO - Sync 1 DAGs
[2025-04-20T17:55:11.762+0000] {logging_mixin.py:190} INFO - [2025-04-20T17:55:11.761+0000] {dag.py:4180} INFO - Setting next_dagrun for example_task_group_decorator to None, run_after=None
[2025-04-20T17:55:11.793+0000] {processor.py:208} INFO - Processing /home/airflow/.local/lib/python3.12/site-packages/airflow/example_dags/example_task_group_decorator.py took 0.142 seconds
[2025-04-20T17:55:43.494+0000] {processor.py:186} INFO - Started process (PID=922) to work on /home/airflow/.local/lib/python3.12/site-packages/airflow/example_dags/example_task_group_decorator.py
[2025-04-20T17:55:43.495+0000] {processor.py:914} INFO - Processing file /home/airflow/.local/lib/python3.12/site-packages/airflow/example_dags/example_task_group_decorator.py for tasks to queue
[2025-04-20T17:55:43.498+0000] {logging_mixin.py:190} INFO - [2025-04-20T17:55:43.498+0000] {dagbag.py:588} INFO - Filling up the DagBag from /home/airflow/.local/lib/python3.12/site-packages/airflow/example_dags/example_task_group_decorator.py
[2025-04-20T17:55:43.532+0000] {processor.py:925} INFO - DAG(s) 'example_task_group_decorator' retrieved from /home/airflow/.local/lib/python3.12/site-packages/airflow/example_dags/example_task_group_decorator.py
[2025-04-20T17:55:43.590+0000] {logging_mixin.py:190} INFO - [2025-04-20T17:55:43.589+0000] {dag.py:3239} INFO - Sync 1 DAGs
[2025-04-20T17:55:43.615+0000] {logging_mixin.py:190} INFO - [2025-04-20T17:55:43.615+0000] {dag.py:4180} INFO - Setting next_dagrun for example_task_group_decorator to None, run_after=None
[2025-04-20T17:55:43.655+0000] {processor.py:208} INFO - Processing /home/airflow/.local/lib/python3.12/site-packages/airflow/example_dags/example_task_group_decorator.py took 0.169 seconds
[2025-04-20T17:56:14.761+0000] {processor.py:186} INFO - Started process (PID=985) to work on /home/airflow/.local/lib/python3.12/site-packages/airflow/example_dags/example_task_group_decorator.py
[2025-04-20T17:56:14.762+0000] {processor.py:914} INFO - Processing file /home/airflow/.local/lib/python3.12/site-packages/airflow/example_dags/example_task_group_decorator.py for tasks to queue
[2025-04-20T17:56:14.766+0000] {logging_mixin.py:190} INFO - [2025-04-20T17:56:14.765+0000] {dagbag.py:588} INFO - Filling up the DagBag from /home/airflow/.local/lib/python3.12/site-packages/airflow/example_dags/example_task_group_decorator.py
[2025-04-20T17:56:14.785+0000] {processor.py:925} INFO - DAG(s) 'example_task_group_decorator' retrieved from /home/airflow/.local/lib/python3.12/site-packages/airflow/example_dags/example_task_group_decorator.py
[2025-04-20T17:56:14.820+0000] {logging_mixin.py:190} INFO - [2025-04-20T17:56:14.819+0000] {dag.py:3239} INFO - Sync 1 DAGs
[2025-04-20T17:56:14.840+0000] {logging_mixin.py:190} INFO - [2025-04-20T17:56:14.840+0000] {dag.py:4180} INFO - Setting next_dagrun for example_task_group_decorator to None, run_after=None
[2025-04-20T17:56:14.868+0000] {processor.py:208} INFO - Processing /home/airflow/.local/lib/python3.12/site-packages/airflow/example_dags/example_task_group_decorator.py took 0.115 seconds
[2025-04-20T17:56:46.615+0000] {processor.py:186} INFO - Started process (PID=1048) to work on /home/airflow/.local/lib/python3.12/site-packages/airflow/example_dags/example_task_group_decorator.py
[2025-04-20T17:56:46.616+0000] {processor.py:914} INFO - Processing file /home/airflow/.local/lib/python3.12/site-packages/airflow/example_dags/example_task_group_decorator.py for tasks to queue
[2025-04-20T17:56:46.622+0000] {logging_mixin.py:190} INFO - [2025-04-20T17:56:46.621+0000] {dagbag.py:588} INFO - Filling up the DagBag from /home/airflow/.local/lib/python3.12/site-packages/airflow/example_dags/example_task_group_decorator.py
[2025-04-20T17:56:46.655+0000] {processor.py:925} INFO - DAG(s) 'example_task_group_decorator' retrieved from /home/airflow/.local/lib/python3.12/site-packages/airflow/example_dags/example_task_group_decorator.py
[2025-04-20T17:56:46.701+0000] {logging_mixin.py:190} INFO - [2025-04-20T17:56:46.701+0000] {dag.py:3239} INFO - Sync 1 DAGs
[2025-04-20T17:56:46.728+0000] {logging_mixin.py:190} INFO - [2025-04-20T17:56:46.727+0000] {dag.py:4180} INFO - Setting next_dagrun for example_task_group_decorator to None, run_after=None
[2025-04-20T17:56:46.758+0000] {processor.py:208} INFO - Processing /home/airflow/.local/lib/python3.12/site-packages/airflow/example_dags/example_task_group_decorator.py took 0.156 seconds
[2025-04-20T17:57:17.747+0000] {processor.py:186} INFO - Started process (PID=1111) to work on /home/airflow/.local/lib/python3.12/site-packages/airflow/example_dags/example_task_group_decorator.py
[2025-04-20T17:57:17.748+0000] {processor.py:914} INFO - Processing file /home/airflow/.local/lib/python3.12/site-packages/airflow/example_dags/example_task_group_decorator.py for tasks to queue
[2025-04-20T17:57:17.752+0000] {logging_mixin.py:190} INFO - [2025-04-20T17:57:17.751+0000] {dagbag.py:588} INFO - Filling up the DagBag from /home/airflow/.local/lib/python3.12/site-packages/airflow/example_dags/example_task_group_decorator.py
[2025-04-20T17:57:17.781+0000] {processor.py:925} INFO - DAG(s) 'example_task_group_decorator' retrieved from /home/airflow/.local/lib/python3.12/site-packages/airflow/example_dags/example_task_group_decorator.py
[2025-04-20T17:57:17.814+0000] {logging_mixin.py:190} INFO - [2025-04-20T17:57:17.814+0000] {dag.py:3239} INFO - Sync 1 DAGs
[2025-04-20T17:57:17.834+0000] {logging_mixin.py:190} INFO - [2025-04-20T17:57:17.834+0000] {dag.py:4180} INFO - Setting next_dagrun for example_task_group_decorator to None, run_after=None
[2025-04-20T17:57:17.863+0000] {processor.py:208} INFO - Processing /home/airflow/.local/lib/python3.12/site-packages/airflow/example_dags/example_task_group_decorator.py took 0.125 seconds
[2025-04-20T17:57:48.967+0000] {processor.py:186} INFO - Started process (PID=1174) to work on /home/airflow/.local/lib/python3.12/site-packages/airflow/example_dags/example_task_group_decorator.py
[2025-04-20T17:57:48.968+0000] {processor.py:914} INFO - Processing file /home/airflow/.local/lib/python3.12/site-packages/airflow/example_dags/example_task_group_decorator.py for tasks to queue
[2025-04-20T17:57:48.972+0000] {logging_mixin.py:190} INFO - [2025-04-20T17:57:48.972+0000] {dagbag.py:588} INFO - Filling up the DagBag from /home/airflow/.local/lib/python3.12/site-packages/airflow/example_dags/example_task_group_decorator.py
[2025-04-20T17:57:48.991+0000] {processor.py:925} INFO - DAG(s) 'example_task_group_decorator' retrieved from /home/airflow/.local/lib/python3.12/site-packages/airflow/example_dags/example_task_group_decorator.py
[2025-04-20T17:57:49.023+0000] {logging_mixin.py:190} INFO - [2025-04-20T17:57:49.023+0000] {dag.py:3239} INFO - Sync 1 DAGs
[2025-04-20T17:57:49.041+0000] {logging_mixin.py:190} INFO - [2025-04-20T17:57:49.041+0000] {dag.py:4180} INFO - Setting next_dagrun for example_task_group_decorator to None, run_after=None
[2025-04-20T17:57:49.069+0000] {processor.py:208} INFO - Processing /home/airflow/.local/lib/python3.12/site-packages/airflow/example_dags/example_task_group_decorator.py took 0.110 seconds
[2025-04-20T17:58:20.181+0000] {processor.py:186} INFO - Started process (PID=1237) to work on /home/airflow/.local/lib/python3.12/site-packages/airflow/example_dags/example_task_group_decorator.py
[2025-04-20T17:58:20.182+0000] {processor.py:914} INFO - Processing file /home/airflow/.local/lib/python3.12/site-packages/airflow/example_dags/example_task_group_decorator.py for tasks to queue
[2025-04-20T17:58:20.186+0000] {logging_mixin.py:190} INFO - [2025-04-20T17:58:20.186+0000] {dagbag.py:588} INFO - Filling up the DagBag from /home/airflow/.local/lib/python3.12/site-packages/airflow/example_dags/example_task_group_decorator.py
[2025-04-20T17:58:20.210+0000] {processor.py:925} INFO - DAG(s) 'example_task_group_decorator' retrieved from /home/airflow/.local/lib/python3.12/site-packages/airflow/example_dags/example_task_group_decorator.py
[2025-04-20T17:58:20.245+0000] {logging_mixin.py:190} INFO - [2025-04-20T17:58:20.244+0000] {dag.py:3239} INFO - Sync 1 DAGs
[2025-04-20T17:58:20.265+0000] {logging_mixin.py:190} INFO - [2025-04-20T17:58:20.265+0000] {dag.py:4180} INFO - Setting next_dagrun for example_task_group_decorator to None, run_after=None
[2025-04-20T17:58:20.294+0000] {processor.py:208} INFO - Processing /home/airflow/.local/lib/python3.12/site-packages/airflow/example_dags/example_task_group_decorator.py took 0.122 seconds
[2025-04-20T17:58:51.393+0000] {processor.py:186} INFO - Started process (PID=1300) to work on /home/airflow/.local/lib/python3.12/site-packages/airflow/example_dags/example_task_group_decorator.py
[2025-04-20T17:58:51.395+0000] {processor.py:914} INFO - Processing file /home/airflow/.local/lib/python3.12/site-packages/airflow/example_dags/example_task_group_decorator.py for tasks to queue
[2025-04-20T17:58:51.399+0000] {logging_mixin.py:190} INFO - [2025-04-20T17:58:51.399+0000] {dagbag.py:588} INFO - Filling up the DagBag from /home/airflow/.local/lib/python3.12/site-packages/airflow/example_dags/example_task_group_decorator.py
[2025-04-20T17:58:51.424+0000] {processor.py:925} INFO - DAG(s) 'example_task_group_decorator' retrieved from /home/airflow/.local/lib/python3.12/site-packages/airflow/example_dags/example_task_group_decorator.py
[2025-04-20T17:58:51.456+0000] {logging_mixin.py:190} INFO - [2025-04-20T17:58:51.455+0000] {dag.py:3239} INFO - Sync 1 DAGs
[2025-04-20T17:58:51.475+0000] {logging_mixin.py:190} INFO - [2025-04-20T17:58:51.475+0000] {dag.py:4180} INFO - Setting next_dagrun for example_task_group_decorator to None, run_after=None
[2025-04-20T17:58:51.499+0000] {processor.py:208} INFO - Processing /home/airflow/.local/lib/python3.12/site-packages/airflow/example_dags/example_task_group_decorator.py took 0.115 seconds
[2025-04-20T18:04:54.662+0000] {processor.py:186} INFO - Started process (PID=102) to work on /home/airflow/.local/lib/python3.12/site-packages/airflow/example_dags/example_task_group_decorator.py
[2025-04-20T18:04:54.667+0000] {processor.py:914} INFO - Processing file /home/airflow/.local/lib/python3.12/site-packages/airflow/example_dags/example_task_group_decorator.py for tasks to queue
[2025-04-20T18:04:54.671+0000] {logging_mixin.py:190} INFO - [2025-04-20T18:04:54.670+0000] {dagbag.py:588} INFO - Filling up the DagBag from /home/airflow/.local/lib/python3.12/site-packages/airflow/example_dags/example_task_group_decorator.py
[2025-04-20T18:04:54.693+0000] {processor.py:925} INFO - DAG(s) 'example_task_group_decorator' retrieved from /home/airflow/.local/lib/python3.12/site-packages/airflow/example_dags/example_task_group_decorator.py
[2025-04-20T18:04:54.861+0000] {logging_mixin.py:190} INFO - [2025-04-20T18:04:54.860+0000] {override.py:1912} INFO - Created Permission View: can read on DAG:example_task_group_decorator
[2025-04-20T18:04:54.876+0000] {logging_mixin.py:190} INFO - [2025-04-20T18:04:54.875+0000] {override.py:1912} INFO - Created Permission View: can edit on DAG:example_task_group_decorator
[2025-04-20T18:04:54.885+0000] {logging_mixin.py:190} INFO - [2025-04-20T18:04:54.885+0000] {override.py:1912} INFO - Created Permission View: can delete on DAG:example_task_group_decorator
[2025-04-20T18:04:54.897+0000] {logging_mixin.py:190} INFO - [2025-04-20T18:04:54.897+0000] {override.py:1912} INFO - Created Permission View: menu access on DAG Run:example_task_group_decorator
[2025-04-20T18:04:54.906+0000] {logging_mixin.py:190} INFO - [2025-04-20T18:04:54.906+0000] {override.py:1912} INFO - Created Permission View: can read on DAG Run:example_task_group_decorator
[2025-04-20T18:04:54.915+0000] {logging_mixin.py:190} INFO - [2025-04-20T18:04:54.915+0000] {override.py:1912} INFO - Created Permission View: can create on DAG Run:example_task_group_decorator
[2025-04-20T18:04:54.924+0000] {logging_mixin.py:190} INFO - [2025-04-20T18:04:54.923+0000] {override.py:1912} INFO - Created Permission View: can delete on DAG Run:example_task_group_decorator
[2025-04-20T18:04:54.925+0000] {logging_mixin.py:190} INFO - [2025-04-20T18:04:54.925+0000] {dag.py:3239} INFO - Sync 1 DAGs
[2025-04-20T18:04:54.942+0000] {logging_mixin.py:190} INFO - [2025-04-20T18:04:54.942+0000] {dag.py:3262} INFO - Creating ORM DAG for example_task_group_decorator
[2025-04-20T18:04:54.944+0000] {logging_mixin.py:190} INFO - [2025-04-20T18:04:54.944+0000] {dag.py:4180} INFO - Setting next_dagrun for example_task_group_decorator to None, run_after=None
[2025-04-20T18:04:54.969+0000] {processor.py:208} INFO - Processing /home/airflow/.local/lib/python3.12/site-packages/airflow/example_dags/example_task_group_decorator.py took 0.316 seconds
[2025-04-20T18:05:25.843+0000] {processor.py:186} INFO - Started process (PID=165) to work on /home/airflow/.local/lib/python3.12/site-packages/airflow/example_dags/example_task_group_decorator.py
[2025-04-20T18:05:25.844+0000] {processor.py:914} INFO - Processing file /home/airflow/.local/lib/python3.12/site-packages/airflow/example_dags/example_task_group_decorator.py for tasks to queue
[2025-04-20T18:05:25.847+0000] {logging_mixin.py:190} INFO - [2025-04-20T18:05:25.847+0000] {dagbag.py:588} INFO - Filling up the DagBag from /home/airflow/.local/lib/python3.12/site-packages/airflow/example_dags/example_task_group_decorator.py
[2025-04-20T18:05:25.865+0000] {processor.py:925} INFO - DAG(s) 'example_task_group_decorator' retrieved from /home/airflow/.local/lib/python3.12/site-packages/airflow/example_dags/example_task_group_decorator.py
[2025-04-20T18:05:25.899+0000] {logging_mixin.py:190} INFO - [2025-04-20T18:05:25.899+0000] {dag.py:3239} INFO - Sync 1 DAGs
[2025-04-20T18:05:25.915+0000] {logging_mixin.py:190} INFO - [2025-04-20T18:05:25.915+0000] {dag.py:4180} INFO - Setting next_dagrun for example_task_group_decorator to None, run_after=None
[2025-04-20T18:05:25.971+0000] {processor.py:208} INFO - Processing /home/airflow/.local/lib/python3.12/site-packages/airflow/example_dags/example_task_group_decorator.py took 0.135 seconds
[2025-04-20T18:05:56.489+0000] {processor.py:186} INFO - Started process (PID=227) to work on /home/airflow/.local/lib/python3.12/site-packages/airflow/example_dags/example_task_group_decorator.py
[2025-04-20T18:05:56.490+0000] {processor.py:914} INFO - Processing file /home/airflow/.local/lib/python3.12/site-packages/airflow/example_dags/example_task_group_decorator.py for tasks to queue
[2025-04-20T18:05:56.495+0000] {logging_mixin.py:190} INFO - [2025-04-20T18:05:56.495+0000] {dagbag.py:588} INFO - Filling up the DagBag from /home/airflow/.local/lib/python3.12/site-packages/airflow/example_dags/example_task_group_decorator.py
[2025-04-20T18:05:56.516+0000] {processor.py:925} INFO - DAG(s) 'example_task_group_decorator' retrieved from /home/airflow/.local/lib/python3.12/site-packages/airflow/example_dags/example_task_group_decorator.py
[2025-04-20T18:05:56.553+0000] {logging_mixin.py:190} INFO - [2025-04-20T18:05:56.553+0000] {dag.py:3239} INFO - Sync 1 DAGs
[2025-04-20T18:05:56.571+0000] {logging_mixin.py:190} INFO - [2025-04-20T18:05:56.571+0000] {dag.py:4180} INFO - Setting next_dagrun for example_task_group_decorator to None, run_after=None
[2025-04-20T18:05:56.600+0000] {processor.py:208} INFO - Processing /home/airflow/.local/lib/python3.12/site-packages/airflow/example_dags/example_task_group_decorator.py took 0.119 seconds
[2025-04-20T18:06:27.327+0000] {processor.py:186} INFO - Started process (PID=290) to work on /home/airflow/.local/lib/python3.12/site-packages/airflow/example_dags/example_task_group_decorator.py
[2025-04-20T18:06:27.329+0000] {processor.py:914} INFO - Processing file /home/airflow/.local/lib/python3.12/site-packages/airflow/example_dags/example_task_group_decorator.py for tasks to queue
[2025-04-20T18:06:27.337+0000] {logging_mixin.py:190} INFO - [2025-04-20T18:06:27.336+0000] {dagbag.py:588} INFO - Filling up the DagBag from /home/airflow/.local/lib/python3.12/site-packages/airflow/example_dags/example_task_group_decorator.py
[2025-04-20T18:06:27.375+0000] {processor.py:925} INFO - DAG(s) 'example_task_group_decorator' retrieved from /home/airflow/.local/lib/python3.12/site-packages/airflow/example_dags/example_task_group_decorator.py
[2025-04-20T18:06:27.414+0000] {logging_mixin.py:190} INFO - [2025-04-20T18:06:27.414+0000] {dag.py:3239} INFO - Sync 1 DAGs
[2025-04-20T18:06:27.439+0000] {logging_mixin.py:190} INFO - [2025-04-20T18:06:27.439+0000] {dag.py:4180} INFO - Setting next_dagrun for example_task_group_decorator to None, run_after=None
[2025-04-20T18:06:27.473+0000] {processor.py:208} INFO - Processing /home/airflow/.local/lib/python3.12/site-packages/airflow/example_dags/example_task_group_decorator.py took 0.159 seconds
[2025-04-20T18:06:59.366+0000] {processor.py:186} INFO - Started process (PID=353) to work on /home/airflow/.local/lib/python3.12/site-packages/airflow/example_dags/example_task_group_decorator.py
[2025-04-20T18:06:59.368+0000] {processor.py:914} INFO - Processing file /home/airflow/.local/lib/python3.12/site-packages/airflow/example_dags/example_task_group_decorator.py for tasks to queue
[2025-04-20T18:06:59.372+0000] {logging_mixin.py:190} INFO - [2025-04-20T18:06:59.372+0000] {dagbag.py:588} INFO - Filling up the DagBag from /home/airflow/.local/lib/python3.12/site-packages/airflow/example_dags/example_task_group_decorator.py
[2025-04-20T18:06:59.392+0000] {processor.py:925} INFO - DAG(s) 'example_task_group_decorator' retrieved from /home/airflow/.local/lib/python3.12/site-packages/airflow/example_dags/example_task_group_decorator.py
[2025-04-20T18:06:59.430+0000] {logging_mixin.py:190} INFO - [2025-04-20T18:06:59.430+0000] {dag.py:3239} INFO - Sync 1 DAGs
[2025-04-20T18:06:59.450+0000] {logging_mixin.py:190} INFO - [2025-04-20T18:06:59.449+0000] {dag.py:4180} INFO - Setting next_dagrun for example_task_group_decorator to None, run_after=None
[2025-04-20T18:06:59.479+0000] {processor.py:208} INFO - Processing /home/airflow/.local/lib/python3.12/site-packages/airflow/example_dags/example_task_group_decorator.py took 0.123 seconds
[2025-04-20T18:07:30.922+0000] {processor.py:186} INFO - Started process (PID=416) to work on /home/airflow/.local/lib/python3.12/site-packages/airflow/example_dags/example_task_group_decorator.py
[2025-04-20T18:07:30.923+0000] {processor.py:914} INFO - Processing file /home/airflow/.local/lib/python3.12/site-packages/airflow/example_dags/example_task_group_decorator.py for tasks to queue
[2025-04-20T18:07:30.927+0000] {logging_mixin.py:190} INFO - [2025-04-20T18:07:30.926+0000] {dagbag.py:588} INFO - Filling up the DagBag from /home/airflow/.local/lib/python3.12/site-packages/airflow/example_dags/example_task_group_decorator.py
[2025-04-20T18:07:30.948+0000] {processor.py:925} INFO - DAG(s) 'example_task_group_decorator' retrieved from /home/airflow/.local/lib/python3.12/site-packages/airflow/example_dags/example_task_group_decorator.py
[2025-04-20T18:07:30.984+0000] {logging_mixin.py:190} INFO - [2025-04-20T18:07:30.984+0000] {dag.py:3239} INFO - Sync 1 DAGs
[2025-04-20T18:07:31.005+0000] {logging_mixin.py:190} INFO - [2025-04-20T18:07:31.005+0000] {dag.py:4180} INFO - Setting next_dagrun for example_task_group_decorator to None, run_after=None
[2025-04-20T18:07:31.033+0000] {processor.py:208} INFO - Processing /home/airflow/.local/lib/python3.12/site-packages/airflow/example_dags/example_task_group_decorator.py took 0.119 seconds
[2025-04-20T18:08:02.879+0000] {processor.py:186} INFO - Started process (PID=479) to work on /home/airflow/.local/lib/python3.12/site-packages/airflow/example_dags/example_task_group_decorator.py
[2025-04-20T18:08:02.897+0000] {processor.py:914} INFO - Processing file /home/airflow/.local/lib/python3.12/site-packages/airflow/example_dags/example_task_group_decorator.py for tasks to queue
[2025-04-20T18:08:02.910+0000] {logging_mixin.py:190} INFO - [2025-04-20T18:08:02.909+0000] {dagbag.py:588} INFO - Filling up the DagBag from /home/airflow/.local/lib/python3.12/site-packages/airflow/example_dags/example_task_group_decorator.py
[2025-04-20T18:08:02.947+0000] {processor.py:925} INFO - DAG(s) 'example_task_group_decorator' retrieved from /home/airflow/.local/lib/python3.12/site-packages/airflow/example_dags/example_task_group_decorator.py
[2025-04-20T18:08:02.997+0000] {logging_mixin.py:190} INFO - [2025-04-20T18:08:02.996+0000] {dag.py:3239} INFO - Sync 1 DAGs
[2025-04-20T18:08:03.020+0000] {logging_mixin.py:190} INFO - [2025-04-20T18:08:03.019+0000] {dag.py:4180} INFO - Setting next_dagrun for example_task_group_decorator to None, run_after=None
[2025-04-20T18:08:03.064+0000] {processor.py:208} INFO - Processing /home/airflow/.local/lib/python3.12/site-packages/airflow/example_dags/example_task_group_decorator.py took 0.194 seconds
[2025-04-20T18:08:34.436+0000] {processor.py:186} INFO - Started process (PID=542) to work on /home/airflow/.local/lib/python3.12/site-packages/airflow/example_dags/example_task_group_decorator.py
[2025-04-20T18:08:34.437+0000] {processor.py:914} INFO - Processing file /home/airflow/.local/lib/python3.12/site-packages/airflow/example_dags/example_task_group_decorator.py for tasks to queue
[2025-04-20T18:08:34.442+0000] {logging_mixin.py:190} INFO - [2025-04-20T18:08:34.442+0000] {dagbag.py:588} INFO - Filling up the DagBag from /home/airflow/.local/lib/python3.12/site-packages/airflow/example_dags/example_task_group_decorator.py
[2025-04-20T18:08:34.475+0000] {processor.py:925} INFO - DAG(s) 'example_task_group_decorator' retrieved from /home/airflow/.local/lib/python3.12/site-packages/airflow/example_dags/example_task_group_decorator.py
[2025-04-20T18:08:34.545+0000] {logging_mixin.py:190} INFO - [2025-04-20T18:08:34.545+0000] {dag.py:3239} INFO - Sync 1 DAGs
[2025-04-20T18:08:34.593+0000] {logging_mixin.py:190} INFO - [2025-04-20T18:08:34.592+0000] {dag.py:4180} INFO - Setting next_dagrun for example_task_group_decorator to None, run_after=None
[2025-04-20T18:08:34.878+0000] {processor.py:208} INFO - Processing /home/airflow/.local/lib/python3.12/site-packages/airflow/example_dags/example_task_group_decorator.py took 0.457 seconds
[2025-04-20T18:09:05.568+0000] {processor.py:186} INFO - Started process (PID=605) to work on /home/airflow/.local/lib/python3.12/site-packages/airflow/example_dags/example_task_group_decorator.py
[2025-04-20T18:09:05.570+0000] {processor.py:914} INFO - Processing file /home/airflow/.local/lib/python3.12/site-packages/airflow/example_dags/example_task_group_decorator.py for tasks to queue
[2025-04-20T18:09:05.574+0000] {logging_mixin.py:190} INFO - [2025-04-20T18:09:05.573+0000] {dagbag.py:588} INFO - Filling up the DagBag from /home/airflow/.local/lib/python3.12/site-packages/airflow/example_dags/example_task_group_decorator.py
[2025-04-20T18:09:05.615+0000] {processor.py:925} INFO - DAG(s) 'example_task_group_decorator' retrieved from /home/airflow/.local/lib/python3.12/site-packages/airflow/example_dags/example_task_group_decorator.py
[2025-04-20T18:09:05.655+0000] {logging_mixin.py:190} INFO - [2025-04-20T18:09:05.655+0000] {dag.py:3239} INFO - Sync 1 DAGs
[2025-04-20T18:09:05.676+0000] {logging_mixin.py:190} INFO - [2025-04-20T18:09:05.675+0000] {dag.py:4180} INFO - Setting next_dagrun for example_task_group_decorator to None, run_after=None
[2025-04-20T18:09:05.704+0000] {processor.py:208} INFO - Processing /home/airflow/.local/lib/python3.12/site-packages/airflow/example_dags/example_task_group_decorator.py took 0.143 seconds
[2025-04-20T18:09:36.477+0000] {processor.py:186} INFO - Started process (PID=674) to work on /home/airflow/.local/lib/python3.12/site-packages/airflow/example_dags/example_task_group_decorator.py
[2025-04-20T18:09:36.480+0000] {processor.py:914} INFO - Processing file /home/airflow/.local/lib/python3.12/site-packages/airflow/example_dags/example_task_group_decorator.py for tasks to queue
[2025-04-20T18:09:36.486+0000] {logging_mixin.py:190} INFO - [2025-04-20T18:09:36.485+0000] {dagbag.py:588} INFO - Filling up the DagBag from /home/airflow/.local/lib/python3.12/site-packages/airflow/example_dags/example_task_group_decorator.py
[2025-04-20T18:09:36.512+0000] {processor.py:925} INFO - DAG(s) 'example_task_group_decorator' retrieved from /home/airflow/.local/lib/python3.12/site-packages/airflow/example_dags/example_task_group_decorator.py
[2025-04-20T18:09:36.559+0000] {logging_mixin.py:190} INFO - [2025-04-20T18:09:36.559+0000] {dag.py:3239} INFO - Sync 1 DAGs
[2025-04-20T18:09:36.580+0000] {logging_mixin.py:190} INFO - [2025-04-20T18:09:36.579+0000] {dag.py:4180} INFO - Setting next_dagrun for example_task_group_decorator to None, run_after=None
[2025-04-20T18:09:36.607+0000] {processor.py:208} INFO - Processing /home/airflow/.local/lib/python3.12/site-packages/airflow/example_dags/example_task_group_decorator.py took 0.153 seconds
