[2025-04-20T17:48:42.584+0000] {processor.py:186} INFO - Started process (PID=75) to work on /home/airflow/.local/lib/python3.12/site-packages/airflow/example_dags/example_setup_teardown.py
[2025-04-20T17:48:42.588+0000] {processor.py:914} INFO - Processing file /home/airflow/.local/lib/python3.12/site-packages/airflow/example_dags/example_setup_teardown.py for tasks to queue
[2025-04-20T17:48:42.594+0000] {logging_mixin.py:190} INFO - [2025-04-20T17:48:42.593+0000] {dagbag.py:588} INFO - Filling up the DagBag from /home/airflow/.local/lib/python3.12/site-packages/airflow/example_dags/example_setup_teardown.py
[2025-04-20T17:48:42.653+0000] {processor.py:925} INFO - DAG(s) 'example_setup_teardown' retrieved from /home/airflow/.local/lib/python3.12/site-packages/airflow/example_dags/example_setup_teardown.py
[2025-04-20T17:48:43.022+0000] {logging_mixin.py:190} INFO - [2025-04-20T17:48:43.021+0000] {override.py:1912} INFO - Created Permission View: can read on DAG:example_setup_teardown
[2025-04-20T17:48:43.048+0000] {logging_mixin.py:190} INFO - [2025-04-20T17:48:43.047+0000] {override.py:1912} INFO - Created Permission View: can edit on DAG:example_setup_teardown
[2025-04-20T17:48:43.092+0000] {logging_mixin.py:190} INFO - [2025-04-20T17:48:43.091+0000] {override.py:1912} INFO - Created Permission View: can delete on DAG:example_setup_teardown
[2025-04-20T17:48:43.138+0000] {logging_mixin.py:190} INFO - [2025-04-20T17:48:43.137+0000] {override.py:1912} INFO - Created Permission View: can read on DAG Run:example_setup_teardown
[2025-04-20T17:48:43.168+0000] {logging_mixin.py:190} INFO - [2025-04-20T17:48:43.168+0000] {override.py:1912} INFO - Created Permission View: can create on DAG Run:example_setup_teardown
[2025-04-20T17:48:43.194+0000] {logging_mixin.py:190} INFO - [2025-04-20T17:48:43.194+0000] {override.py:1912} INFO - Created Permission View: menu access on DAG Run:example_setup_teardown
[2025-04-20T17:48:43.226+0000] {logging_mixin.py:190} INFO - [2025-04-20T17:48:43.226+0000] {override.py:1912} INFO - Created Permission View: can delete on DAG Run:example_setup_teardown
[2025-04-20T17:48:43.227+0000] {logging_mixin.py:190} INFO - [2025-04-20T17:48:43.226+0000] {dag.py:3239} INFO - Sync 1 DAGs
[2025-04-20T17:48:43.250+0000] {logging_mixin.py:190} INFO - [2025-04-20T17:48:43.249+0000] {dag.py:3262} INFO - Creating ORM DAG for example_setup_teardown
[2025-04-20T17:48:43.251+0000] {logging_mixin.py:190} INFO - [2025-04-20T17:48:43.251+0000] {dag.py:4180} INFO - Setting next_dagrun for example_setup_teardown to None, run_after=None
[2025-04-20T17:48:43.291+0000] {processor.py:208} INFO - Processing /home/airflow/.local/lib/python3.12/site-packages/airflow/example_dags/example_setup_teardown.py took 0.723 seconds
[2025-04-20T17:49:13.525+0000] {processor.py:186} INFO - Started process (PID=138) to work on /home/airflow/.local/lib/python3.12/site-packages/airflow/example_dags/example_setup_teardown.py
[2025-04-20T17:49:13.526+0000] {processor.py:914} INFO - Processing file /home/airflow/.local/lib/python3.12/site-packages/airflow/example_dags/example_setup_teardown.py for tasks to queue
[2025-04-20T17:49:13.528+0000] {logging_mixin.py:190} INFO - [2025-04-20T17:49:13.528+0000] {dagbag.py:588} INFO - Filling up the DagBag from /home/airflow/.local/lib/python3.12/site-packages/airflow/example_dags/example_setup_teardown.py
[2025-04-20T17:49:13.537+0000] {processor.py:925} INFO - DAG(s) 'example_setup_teardown' retrieved from /home/airflow/.local/lib/python3.12/site-packages/airflow/example_dags/example_setup_teardown.py
[2025-04-20T17:49:13.560+0000] {logging_mixin.py:190} INFO - [2025-04-20T17:49:13.560+0000] {dag.py:3239} INFO - Sync 1 DAGs
[2025-04-20T17:49:13.575+0000] {logging_mixin.py:190} INFO - [2025-04-20T17:49:13.575+0000] {dag.py:4180} INFO - Setting next_dagrun for example_setup_teardown to None, run_after=None
[2025-04-20T17:49:13.599+0000] {processor.py:208} INFO - Processing /home/airflow/.local/lib/python3.12/site-packages/airflow/example_dags/example_setup_teardown.py took 0.081 seconds
[2025-04-20T17:49:43.689+0000] {processor.py:186} INFO - Started process (PID=201) to work on /home/airflow/.local/lib/python3.12/site-packages/airflow/example_dags/example_setup_teardown.py
[2025-04-20T17:49:43.694+0000] {processor.py:914} INFO - Processing file /home/airflow/.local/lib/python3.12/site-packages/airflow/example_dags/example_setup_teardown.py for tasks to queue
[2025-04-20T17:49:43.698+0000] {logging_mixin.py:190} INFO - [2025-04-20T17:49:43.698+0000] {dagbag.py:588} INFO - Filling up the DagBag from /home/airflow/.local/lib/python3.12/site-packages/airflow/example_dags/example_setup_teardown.py
[2025-04-20T17:49:43.710+0000] {processor.py:925} INFO - DAG(s) 'example_setup_teardown' retrieved from /home/airflow/.local/lib/python3.12/site-packages/airflow/example_dags/example_setup_teardown.py
[2025-04-20T17:49:43.741+0000] {logging_mixin.py:190} INFO - [2025-04-20T17:49:43.741+0000] {dag.py:3239} INFO - Sync 1 DAGs
[2025-04-20T17:49:43.761+0000] {logging_mixin.py:190} INFO - [2025-04-20T17:49:43.761+0000] {dag.py:4180} INFO - Setting next_dagrun for example_setup_teardown to None, run_after=None
[2025-04-20T17:49:43.793+0000] {processor.py:208} INFO - Processing /home/airflow/.local/lib/python3.12/site-packages/airflow/example_dags/example_setup_teardown.py took 0.112 seconds
[2025-04-20T17:50:14.743+0000] {processor.py:186} INFO - Started process (PID=264) to work on /home/airflow/.local/lib/python3.12/site-packages/airflow/example_dags/example_setup_teardown.py
[2025-04-20T17:50:14.745+0000] {processor.py:914} INFO - Processing file /home/airflow/.local/lib/python3.12/site-packages/airflow/example_dags/example_setup_teardown.py for tasks to queue
[2025-04-20T17:50:14.750+0000] {logging_mixin.py:190} INFO - [2025-04-20T17:50:14.750+0000] {dagbag.py:588} INFO - Filling up the DagBag from /home/airflow/.local/lib/python3.12/site-packages/airflow/example_dags/example_setup_teardown.py
[2025-04-20T17:50:14.766+0000] {processor.py:925} INFO - DAG(s) 'example_setup_teardown' retrieved from /home/airflow/.local/lib/python3.12/site-packages/airflow/example_dags/example_setup_teardown.py
[2025-04-20T17:50:14.800+0000] {logging_mixin.py:190} INFO - [2025-04-20T17:50:14.800+0000] {dag.py:3239} INFO - Sync 1 DAGs
[2025-04-20T17:50:14.827+0000] {logging_mixin.py:190} INFO - [2025-04-20T17:50:14.827+0000] {dag.py:4180} INFO - Setting next_dagrun for example_setup_teardown to None, run_after=None
[2025-04-20T17:50:14.857+0000] {processor.py:208} INFO - Processing /home/airflow/.local/lib/python3.12/site-packages/airflow/example_dags/example_setup_teardown.py took 0.125 seconds
[2025-04-20T17:50:45.727+0000] {processor.py:186} INFO - Started process (PID=327) to work on /home/airflow/.local/lib/python3.12/site-packages/airflow/example_dags/example_setup_teardown.py
[2025-04-20T17:50:45.729+0000] {processor.py:914} INFO - Processing file /home/airflow/.local/lib/python3.12/site-packages/airflow/example_dags/example_setup_teardown.py for tasks to queue
[2025-04-20T17:50:45.733+0000] {logging_mixin.py:190} INFO - [2025-04-20T17:50:45.732+0000] {dagbag.py:588} INFO - Filling up the DagBag from /home/airflow/.local/lib/python3.12/site-packages/airflow/example_dags/example_setup_teardown.py
[2025-04-20T17:50:45.744+0000] {processor.py:925} INFO - DAG(s) 'example_setup_teardown' retrieved from /home/airflow/.local/lib/python3.12/site-packages/airflow/example_dags/example_setup_teardown.py
[2025-04-20T17:50:45.768+0000] {logging_mixin.py:190} INFO - [2025-04-20T17:50:45.768+0000] {dag.py:3239} INFO - Sync 1 DAGs
[2025-04-20T17:50:45.786+0000] {logging_mixin.py:190} INFO - [2025-04-20T17:50:45.786+0000] {dag.py:4180} INFO - Setting next_dagrun for example_setup_teardown to None, run_after=None
[2025-04-20T17:50:45.813+0000] {processor.py:208} INFO - Processing /home/airflow/.local/lib/python3.12/site-packages/airflow/example_dags/example_setup_teardown.py took 0.094 seconds
[2025-04-20T17:51:16.554+0000] {processor.py:186} INFO - Started process (PID=390) to work on /home/airflow/.local/lib/python3.12/site-packages/airflow/example_dags/example_setup_teardown.py
[2025-04-20T17:51:16.590+0000] {processor.py:914} INFO - Processing file /home/airflow/.local/lib/python3.12/site-packages/airflow/example_dags/example_setup_teardown.py for tasks to queue
[2025-04-20T17:51:16.595+0000] {logging_mixin.py:190} INFO - [2025-04-20T17:51:16.595+0000] {dagbag.py:588} INFO - Filling up the DagBag from /home/airflow/.local/lib/python3.12/site-packages/airflow/example_dags/example_setup_teardown.py
[2025-04-20T17:51:16.611+0000] {processor.py:925} INFO - DAG(s) 'example_setup_teardown' retrieved from /home/airflow/.local/lib/python3.12/site-packages/airflow/example_dags/example_setup_teardown.py
[2025-04-20T17:51:16.638+0000] {logging_mixin.py:190} INFO - [2025-04-20T17:51:16.638+0000] {dag.py:3239} INFO - Sync 1 DAGs
[2025-04-20T17:51:16.658+0000] {logging_mixin.py:190} INFO - [2025-04-20T17:51:16.657+0000] {dag.py:4180} INFO - Setting next_dagrun for example_setup_teardown to None, run_after=None
[2025-04-20T17:51:16.689+0000] {processor.py:208} INFO - Processing /home/airflow/.local/lib/python3.12/site-packages/airflow/example_dags/example_setup_teardown.py took 0.146 seconds
[2025-04-20T17:51:47.392+0000] {processor.py:186} INFO - Started process (PID=453) to work on /home/airflow/.local/lib/python3.12/site-packages/airflow/example_dags/example_setup_teardown.py
[2025-04-20T17:51:47.393+0000] {processor.py:914} INFO - Processing file /home/airflow/.local/lib/python3.12/site-packages/airflow/example_dags/example_setup_teardown.py for tasks to queue
[2025-04-20T17:51:47.396+0000] {logging_mixin.py:190} INFO - [2025-04-20T17:51:47.396+0000] {dagbag.py:588} INFO - Filling up the DagBag from /home/airflow/.local/lib/python3.12/site-packages/airflow/example_dags/example_setup_teardown.py
[2025-04-20T17:51:47.408+0000] {processor.py:925} INFO - DAG(s) 'example_setup_teardown' retrieved from /home/airflow/.local/lib/python3.12/site-packages/airflow/example_dags/example_setup_teardown.py
[2025-04-20T17:51:47.434+0000] {logging_mixin.py:190} INFO - [2025-04-20T17:51:47.434+0000] {dag.py:3239} INFO - Sync 1 DAGs
[2025-04-20T17:51:47.453+0000] {logging_mixin.py:190} INFO - [2025-04-20T17:51:47.453+0000] {dag.py:4180} INFO - Setting next_dagrun for example_setup_teardown to None, run_after=None
[2025-04-20T17:51:47.482+0000] {processor.py:208} INFO - Processing /home/airflow/.local/lib/python3.12/site-packages/airflow/example_dags/example_setup_teardown.py took 0.097 seconds
[2025-04-20T17:52:17.895+0000] {processor.py:186} INFO - Started process (PID=515) to work on /home/airflow/.local/lib/python3.12/site-packages/airflow/example_dags/example_setup_teardown.py
[2025-04-20T17:52:17.897+0000] {processor.py:914} INFO - Processing file /home/airflow/.local/lib/python3.12/site-packages/airflow/example_dags/example_setup_teardown.py for tasks to queue
[2025-04-20T17:52:17.901+0000] {logging_mixin.py:190} INFO - [2025-04-20T17:52:17.900+0000] {dagbag.py:588} INFO - Filling up the DagBag from /home/airflow/.local/lib/python3.12/site-packages/airflow/example_dags/example_setup_teardown.py
[2025-04-20T17:52:17.913+0000] {processor.py:925} INFO - DAG(s) 'example_setup_teardown' retrieved from /home/airflow/.local/lib/python3.12/site-packages/airflow/example_dags/example_setup_teardown.py
[2025-04-20T17:52:17.945+0000] {logging_mixin.py:190} INFO - [2025-04-20T17:52:17.945+0000] {dag.py:3239} INFO - Sync 1 DAGs
[2025-04-20T17:52:17.964+0000] {logging_mixin.py:190} INFO - [2025-04-20T17:52:17.964+0000] {dag.py:4180} INFO - Setting next_dagrun for example_setup_teardown to None, run_after=None
[2025-04-20T17:52:18.004+0000] {processor.py:208} INFO - Processing /home/airflow/.local/lib/python3.12/site-packages/airflow/example_dags/example_setup_teardown.py took 0.118 seconds
[2025-04-20T17:52:48.271+0000] {processor.py:186} INFO - Started process (PID=578) to work on /home/airflow/.local/lib/python3.12/site-packages/airflow/example_dags/example_setup_teardown.py
[2025-04-20T17:52:48.273+0000] {processor.py:914} INFO - Processing file /home/airflow/.local/lib/python3.12/site-packages/airflow/example_dags/example_setup_teardown.py for tasks to queue
[2025-04-20T17:52:48.276+0000] {logging_mixin.py:190} INFO - [2025-04-20T17:52:48.276+0000] {dagbag.py:588} INFO - Filling up the DagBag from /home/airflow/.local/lib/python3.12/site-packages/airflow/example_dags/example_setup_teardown.py
[2025-04-20T17:52:48.285+0000] {processor.py:925} INFO - DAG(s) 'example_setup_teardown' retrieved from /home/airflow/.local/lib/python3.12/site-packages/airflow/example_dags/example_setup_teardown.py
[2025-04-20T17:52:48.309+0000] {logging_mixin.py:190} INFO - [2025-04-20T17:52:48.309+0000] {dag.py:3239} INFO - Sync 1 DAGs
[2025-04-20T17:52:48.325+0000] {logging_mixin.py:190} INFO - [2025-04-20T17:52:48.325+0000] {dag.py:4180} INFO - Setting next_dagrun for example_setup_teardown to None, run_after=None
[2025-04-20T17:52:48.350+0000] {processor.py:208} INFO - Processing /home/airflow/.local/lib/python3.12/site-packages/airflow/example_dags/example_setup_teardown.py took 0.087 seconds
[2025-04-20T17:53:19.428+0000] {processor.py:186} INFO - Started process (PID=641) to work on /home/airflow/.local/lib/python3.12/site-packages/airflow/example_dags/example_setup_teardown.py
[2025-04-20T17:53:19.429+0000] {processor.py:914} INFO - Processing file /home/airflow/.local/lib/python3.12/site-packages/airflow/example_dags/example_setup_teardown.py for tasks to queue
[2025-04-20T17:53:19.433+0000] {logging_mixin.py:190} INFO - [2025-04-20T17:53:19.432+0000] {dagbag.py:588} INFO - Filling up the DagBag from /home/airflow/.local/lib/python3.12/site-packages/airflow/example_dags/example_setup_teardown.py
[2025-04-20T17:53:19.448+0000] {processor.py:925} INFO - DAG(s) 'example_setup_teardown' retrieved from /home/airflow/.local/lib/python3.12/site-packages/airflow/example_dags/example_setup_teardown.py
[2025-04-20T17:53:19.479+0000] {logging_mixin.py:190} INFO - [2025-04-20T17:53:19.479+0000] {dag.py:3239} INFO - Sync 1 DAGs
[2025-04-20T17:53:19.507+0000] {logging_mixin.py:190} INFO - [2025-04-20T17:53:19.507+0000] {dag.py:4180} INFO - Setting next_dagrun for example_setup_teardown to None, run_after=None
[2025-04-20T17:53:19.537+0000] {processor.py:208} INFO - Processing /home/airflow/.local/lib/python3.12/site-packages/airflow/example_dags/example_setup_teardown.py took 0.119 seconds
[2025-04-20T17:53:50.325+0000] {processor.py:186} INFO - Started process (PID=704) to work on /home/airflow/.local/lib/python3.12/site-packages/airflow/example_dags/example_setup_teardown.py
[2025-04-20T17:53:50.327+0000] {processor.py:914} INFO - Processing file /home/airflow/.local/lib/python3.12/site-packages/airflow/example_dags/example_setup_teardown.py for tasks to queue
[2025-04-20T17:53:50.330+0000] {logging_mixin.py:190} INFO - [2025-04-20T17:53:50.329+0000] {dagbag.py:588} INFO - Filling up the DagBag from /home/airflow/.local/lib/python3.12/site-packages/airflow/example_dags/example_setup_teardown.py
[2025-04-20T17:53:50.344+0000] {processor.py:925} INFO - DAG(s) 'example_setup_teardown' retrieved from /home/airflow/.local/lib/python3.12/site-packages/airflow/example_dags/example_setup_teardown.py
[2025-04-20T17:53:50.369+0000] {logging_mixin.py:190} INFO - [2025-04-20T17:53:50.369+0000] {dag.py:3239} INFO - Sync 1 DAGs
[2025-04-20T17:53:50.390+0000] {logging_mixin.py:190} INFO - [2025-04-20T17:53:50.390+0000] {dag.py:4180} INFO - Setting next_dagrun for example_setup_teardown to None, run_after=None
[2025-04-20T17:53:50.414+0000] {processor.py:208} INFO - Processing /home/airflow/.local/lib/python3.12/site-packages/airflow/example_dags/example_setup_teardown.py took 0.098 seconds
[2025-04-20T17:54:20.607+0000] {processor.py:186} INFO - Started process (PID=767) to work on /home/airflow/.local/lib/python3.12/site-packages/airflow/example_dags/example_setup_teardown.py
[2025-04-20T17:54:20.609+0000] {processor.py:914} INFO - Processing file /home/airflow/.local/lib/python3.12/site-packages/airflow/example_dags/example_setup_teardown.py for tasks to queue
[2025-04-20T17:54:20.612+0000] {logging_mixin.py:190} INFO - [2025-04-20T17:54:20.612+0000] {dagbag.py:588} INFO - Filling up the DagBag from /home/airflow/.local/lib/python3.12/site-packages/airflow/example_dags/example_setup_teardown.py
[2025-04-20T17:54:20.623+0000] {processor.py:925} INFO - DAG(s) 'example_setup_teardown' retrieved from /home/airflow/.local/lib/python3.12/site-packages/airflow/example_dags/example_setup_teardown.py
[2025-04-20T17:54:20.646+0000] {logging_mixin.py:190} INFO - [2025-04-20T17:54:20.646+0000] {dag.py:3239} INFO - Sync 1 DAGs
[2025-04-20T17:54:20.664+0000] {logging_mixin.py:190} INFO - [2025-04-20T17:54:20.663+0000] {dag.py:4180} INFO - Setting next_dagrun for example_setup_teardown to None, run_after=None
[2025-04-20T17:54:20.688+0000] {processor.py:208} INFO - Processing /home/airflow/.local/lib/python3.12/site-packages/airflow/example_dags/example_setup_teardown.py took 0.088 seconds
[2025-04-20T17:54:51.695+0000] {processor.py:186} INFO - Started process (PID=830) to work on /home/airflow/.local/lib/python3.12/site-packages/airflow/example_dags/example_setup_teardown.py
[2025-04-20T17:54:51.696+0000] {processor.py:914} INFO - Processing file /home/airflow/.local/lib/python3.12/site-packages/airflow/example_dags/example_setup_teardown.py for tasks to queue
[2025-04-20T17:54:51.699+0000] {logging_mixin.py:190} INFO - [2025-04-20T17:54:51.699+0000] {dagbag.py:588} INFO - Filling up the DagBag from /home/airflow/.local/lib/python3.12/site-packages/airflow/example_dags/example_setup_teardown.py
[2025-04-20T17:54:51.711+0000] {processor.py:925} INFO - DAG(s) 'example_setup_teardown' retrieved from /home/airflow/.local/lib/python3.12/site-packages/airflow/example_dags/example_setup_teardown.py
[2025-04-20T17:54:51.735+0000] {logging_mixin.py:190} INFO - [2025-04-20T17:54:51.735+0000] {dag.py:3239} INFO - Sync 1 DAGs
[2025-04-20T17:54:51.756+0000] {logging_mixin.py:190} INFO - [2025-04-20T17:54:51.755+0000] {dag.py:4180} INFO - Setting next_dagrun for example_setup_teardown to None, run_after=None
[2025-04-20T17:54:51.780+0000] {processor.py:208} INFO - Processing /home/airflow/.local/lib/python3.12/site-packages/airflow/example_dags/example_setup_teardown.py took 0.094 seconds
[2025-04-20T17:55:22.300+0000] {processor.py:186} INFO - Started process (PID=893) to work on /home/airflow/.local/lib/python3.12/site-packages/airflow/example_dags/example_setup_teardown.py
[2025-04-20T17:55:22.304+0000] {processor.py:914} INFO - Processing file /home/airflow/.local/lib/python3.12/site-packages/airflow/example_dags/example_setup_teardown.py for tasks to queue
[2025-04-20T17:55:22.310+0000] {logging_mixin.py:190} INFO - [2025-04-20T17:55:22.309+0000] {dagbag.py:588} INFO - Filling up the DagBag from /home/airflow/.local/lib/python3.12/site-packages/airflow/example_dags/example_setup_teardown.py
[2025-04-20T17:55:22.326+0000] {processor.py:925} INFO - DAG(s) 'example_setup_teardown' retrieved from /home/airflow/.local/lib/python3.12/site-packages/airflow/example_dags/example_setup_teardown.py
[2025-04-20T17:55:22.360+0000] {logging_mixin.py:190} INFO - [2025-04-20T17:55:22.360+0000] {dag.py:3239} INFO - Sync 1 DAGs
[2025-04-20T17:55:22.382+0000] {logging_mixin.py:190} INFO - [2025-04-20T17:55:22.381+0000] {dag.py:4180} INFO - Setting next_dagrun for example_setup_teardown to None, run_after=None
[2025-04-20T17:55:22.411+0000] {processor.py:208} INFO - Processing /home/airflow/.local/lib/python3.12/site-packages/airflow/example_dags/example_setup_teardown.py took 0.122 seconds
[2025-04-20T17:55:52.716+0000] {processor.py:186} INFO - Started process (PID=956) to work on /home/airflow/.local/lib/python3.12/site-packages/airflow/example_dags/example_setup_teardown.py
[2025-04-20T17:55:52.718+0000] {processor.py:914} INFO - Processing file /home/airflow/.local/lib/python3.12/site-packages/airflow/example_dags/example_setup_teardown.py for tasks to queue
[2025-04-20T17:55:52.721+0000] {logging_mixin.py:190} INFO - [2025-04-20T17:55:52.721+0000] {dagbag.py:588} INFO - Filling up the DagBag from /home/airflow/.local/lib/python3.12/site-packages/airflow/example_dags/example_setup_teardown.py
[2025-04-20T17:55:52.734+0000] {processor.py:925} INFO - DAG(s) 'example_setup_teardown' retrieved from /home/airflow/.local/lib/python3.12/site-packages/airflow/example_dags/example_setup_teardown.py
[2025-04-20T17:55:52.760+0000] {logging_mixin.py:190} INFO - [2025-04-20T17:55:52.759+0000] {dag.py:3239} INFO - Sync 1 DAGs
[2025-04-20T17:55:52.776+0000] {logging_mixin.py:190} INFO - [2025-04-20T17:55:52.776+0000] {dag.py:4180} INFO - Setting next_dagrun for example_setup_teardown to None, run_after=None
[2025-04-20T17:55:52.802+0000] {processor.py:208} INFO - Processing /home/airflow/.local/lib/python3.12/site-packages/airflow/example_dags/example_setup_teardown.py took 0.095 seconds
[2025-04-20T17:56:23.623+0000] {processor.py:186} INFO - Started process (PID=1019) to work on /home/airflow/.local/lib/python3.12/site-packages/airflow/example_dags/example_setup_teardown.py
[2025-04-20T17:56:23.625+0000] {processor.py:914} INFO - Processing file /home/airflow/.local/lib/python3.12/site-packages/airflow/example_dags/example_setup_teardown.py for tasks to queue
[2025-04-20T17:56:23.628+0000] {logging_mixin.py:190} INFO - [2025-04-20T17:56:23.628+0000] {dagbag.py:588} INFO - Filling up the DagBag from /home/airflow/.local/lib/python3.12/site-packages/airflow/example_dags/example_setup_teardown.py
[2025-04-20T17:56:23.640+0000] {processor.py:925} INFO - DAG(s) 'example_setup_teardown' retrieved from /home/airflow/.local/lib/python3.12/site-packages/airflow/example_dags/example_setup_teardown.py
[2025-04-20T17:56:23.668+0000] {logging_mixin.py:190} INFO - [2025-04-20T17:56:23.668+0000] {dag.py:3239} INFO - Sync 1 DAGs
[2025-04-20T17:56:23.688+0000] {logging_mixin.py:190} INFO - [2025-04-20T17:56:23.687+0000] {dag.py:4180} INFO - Setting next_dagrun for example_setup_teardown to None, run_after=None
[2025-04-20T17:56:23.712+0000] {processor.py:208} INFO - Processing /home/airflow/.local/lib/python3.12/site-packages/airflow/example_dags/example_setup_teardown.py took 0.096 seconds
[2025-04-20T17:56:54.617+0000] {processor.py:186} INFO - Started process (PID=1082) to work on /home/airflow/.local/lib/python3.12/site-packages/airflow/example_dags/example_setup_teardown.py
[2025-04-20T17:56:54.618+0000] {processor.py:914} INFO - Processing file /home/airflow/.local/lib/python3.12/site-packages/airflow/example_dags/example_setup_teardown.py for tasks to queue
[2025-04-20T17:56:54.621+0000] {logging_mixin.py:190} INFO - [2025-04-20T17:56:54.621+0000] {dagbag.py:588} INFO - Filling up the DagBag from /home/airflow/.local/lib/python3.12/site-packages/airflow/example_dags/example_setup_teardown.py
[2025-04-20T17:56:54.631+0000] {processor.py:925} INFO - DAG(s) 'example_setup_teardown' retrieved from /home/airflow/.local/lib/python3.12/site-packages/airflow/example_dags/example_setup_teardown.py
[2025-04-20T17:56:54.657+0000] {logging_mixin.py:190} INFO - [2025-04-20T17:56:54.657+0000] {dag.py:3239} INFO - Sync 1 DAGs
[2025-04-20T17:56:54.676+0000] {logging_mixin.py:190} INFO - [2025-04-20T17:56:54.676+0000] {dag.py:4180} INFO - Setting next_dagrun for example_setup_teardown to None, run_after=None
[2025-04-20T17:56:54.702+0000] {processor.py:208} INFO - Processing /home/airflow/.local/lib/python3.12/site-packages/airflow/example_dags/example_setup_teardown.py took 0.092 seconds
[2025-04-20T17:57:25.040+0000] {processor.py:186} INFO - Started process (PID=1145) to work on /home/airflow/.local/lib/python3.12/site-packages/airflow/example_dags/example_setup_teardown.py
[2025-04-20T17:57:25.042+0000] {processor.py:914} INFO - Processing file /home/airflow/.local/lib/python3.12/site-packages/airflow/example_dags/example_setup_teardown.py for tasks to queue
[2025-04-20T17:57:25.045+0000] {logging_mixin.py:190} INFO - [2025-04-20T17:57:25.044+0000] {dagbag.py:588} INFO - Filling up the DagBag from /home/airflow/.local/lib/python3.12/site-packages/airflow/example_dags/example_setup_teardown.py
[2025-04-20T17:57:25.056+0000] {processor.py:925} INFO - DAG(s) 'example_setup_teardown' retrieved from /home/airflow/.local/lib/python3.12/site-packages/airflow/example_dags/example_setup_teardown.py
[2025-04-20T17:57:25.080+0000] {logging_mixin.py:190} INFO - [2025-04-20T17:57:25.080+0000] {dag.py:3239} INFO - Sync 1 DAGs
[2025-04-20T17:57:25.100+0000] {logging_mixin.py:190} INFO - [2025-04-20T17:57:25.099+0000] {dag.py:4180} INFO - Setting next_dagrun for example_setup_teardown to None, run_after=None
[2025-04-20T17:57:25.125+0000] {processor.py:208} INFO - Processing /home/airflow/.local/lib/python3.12/site-packages/airflow/example_dags/example_setup_teardown.py took 0.092 seconds
[2025-04-20T17:57:56.206+0000] {processor.py:186} INFO - Started process (PID=1208) to work on /home/airflow/.local/lib/python3.12/site-packages/airflow/example_dags/example_setup_teardown.py
[2025-04-20T17:57:56.208+0000] {processor.py:914} INFO - Processing file /home/airflow/.local/lib/python3.12/site-packages/airflow/example_dags/example_setup_teardown.py for tasks to queue
[2025-04-20T17:57:56.211+0000] {logging_mixin.py:190} INFO - [2025-04-20T17:57:56.211+0000] {dagbag.py:588} INFO - Filling up the DagBag from /home/airflow/.local/lib/python3.12/site-packages/airflow/example_dags/example_setup_teardown.py
[2025-04-20T17:57:56.225+0000] {processor.py:925} INFO - DAG(s) 'example_setup_teardown' retrieved from /home/airflow/.local/lib/python3.12/site-packages/airflow/example_dags/example_setup_teardown.py
[2025-04-20T17:57:56.252+0000] {logging_mixin.py:190} INFO - [2025-04-20T17:57:56.252+0000] {dag.py:3239} INFO - Sync 1 DAGs
[2025-04-20T17:57:56.275+0000] {logging_mixin.py:190} INFO - [2025-04-20T17:57:56.275+0000] {dag.py:4180} INFO - Setting next_dagrun for example_setup_teardown to None, run_after=None
[2025-04-20T17:57:56.301+0000] {processor.py:208} INFO - Processing /home/airflow/.local/lib/python3.12/site-packages/airflow/example_dags/example_setup_teardown.py took 0.104 seconds
[2025-04-20T17:58:27.127+0000] {processor.py:186} INFO - Started process (PID=1271) to work on /home/airflow/.local/lib/python3.12/site-packages/airflow/example_dags/example_setup_teardown.py
[2025-04-20T17:58:27.129+0000] {processor.py:914} INFO - Processing file /home/airflow/.local/lib/python3.12/site-packages/airflow/example_dags/example_setup_teardown.py for tasks to queue
[2025-04-20T17:58:27.132+0000] {logging_mixin.py:190} INFO - [2025-04-20T17:58:27.131+0000] {dagbag.py:588} INFO - Filling up the DagBag from /home/airflow/.local/lib/python3.12/site-packages/airflow/example_dags/example_setup_teardown.py
[2025-04-20T17:58:27.143+0000] {processor.py:925} INFO - DAG(s) 'example_setup_teardown' retrieved from /home/airflow/.local/lib/python3.12/site-packages/airflow/example_dags/example_setup_teardown.py
[2025-04-20T17:58:27.172+0000] {logging_mixin.py:190} INFO - [2025-04-20T17:58:27.172+0000] {dag.py:3239} INFO - Sync 1 DAGs
[2025-04-20T17:58:27.191+0000] {logging_mixin.py:190} INFO - [2025-04-20T17:58:27.191+0000] {dag.py:4180} INFO - Setting next_dagrun for example_setup_teardown to None, run_after=None
[2025-04-20T17:58:27.214+0000] {processor.py:208} INFO - Processing /home/airflow/.local/lib/python3.12/site-packages/airflow/example_dags/example_setup_teardown.py took 0.095 seconds
[2025-04-20T18:04:46.216+0000] {processor.py:186} INFO - Started process (PID=78) to work on /home/airflow/.local/lib/python3.12/site-packages/airflow/example_dags/example_setup_teardown.py
[2025-04-20T18:04:46.218+0000] {processor.py:914} INFO - Processing file /home/airflow/.local/lib/python3.12/site-packages/airflow/example_dags/example_setup_teardown.py for tasks to queue
[2025-04-20T18:04:46.223+0000] {logging_mixin.py:190} INFO - [2025-04-20T18:04:46.223+0000] {dagbag.py:588} INFO - Filling up the DagBag from /home/airflow/.local/lib/python3.12/site-packages/airflow/example_dags/example_setup_teardown.py
[2025-04-20T18:04:46.251+0000] {processor.py:925} INFO - DAG(s) 'example_setup_teardown' retrieved from /home/airflow/.local/lib/python3.12/site-packages/airflow/example_dags/example_setup_teardown.py
[2025-04-20T18:04:46.607+0000] {logging_mixin.py:190} INFO - [2025-04-20T18:04:46.607+0000] {override.py:1912} INFO - Created Permission View: can read on DAG:example_setup_teardown
[2025-04-20T18:04:46.635+0000] {logging_mixin.py:190} INFO - [2025-04-20T18:04:46.634+0000] {override.py:1912} INFO - Created Permission View: can edit on DAG:example_setup_teardown
[2025-04-20T18:04:46.651+0000] {logging_mixin.py:190} INFO - [2025-04-20T18:04:46.651+0000] {override.py:1912} INFO - Created Permission View: can delete on DAG:example_setup_teardown
[2025-04-20T18:04:46.664+0000] {logging_mixin.py:190} INFO - [2025-04-20T18:04:46.664+0000] {override.py:1912} INFO - Created Permission View: menu access on DAG Run:example_setup_teardown
[2025-04-20T18:04:46.676+0000] {logging_mixin.py:190} INFO - [2025-04-20T18:04:46.676+0000] {override.py:1912} INFO - Created Permission View: can read on DAG Run:example_setup_teardown
[2025-04-20T18:04:46.689+0000] {logging_mixin.py:190} INFO - [2025-04-20T18:04:46.689+0000] {override.py:1912} INFO - Created Permission View: can create on DAG Run:example_setup_teardown
[2025-04-20T18:04:46.701+0000] {logging_mixin.py:190} INFO - [2025-04-20T18:04:46.701+0000] {override.py:1912} INFO - Created Permission View: can delete on DAG Run:example_setup_teardown
[2025-04-20T18:04:46.702+0000] {logging_mixin.py:190} INFO - [2025-04-20T18:04:46.702+0000] {dag.py:3239} INFO - Sync 1 DAGs
[2025-04-20T18:04:46.723+0000] {logging_mixin.py:190} INFO - [2025-04-20T18:04:46.723+0000] {dag.py:3262} INFO - Creating ORM DAG for example_setup_teardown
[2025-04-20T18:04:46.725+0000] {logging_mixin.py:190} INFO - [2025-04-20T18:04:46.725+0000] {dag.py:4180} INFO - Setting next_dagrun for example_setup_teardown to None, run_after=None
[2025-04-20T18:04:46.762+0000] {processor.py:208} INFO - Processing /home/airflow/.local/lib/python3.12/site-packages/airflow/example_dags/example_setup_teardown.py took 0.567 seconds
[2025-04-20T18:05:17.210+0000] {processor.py:186} INFO - Started process (PID=141) to work on /home/airflow/.local/lib/python3.12/site-packages/airflow/example_dags/example_setup_teardown.py
[2025-04-20T18:05:17.211+0000] {processor.py:914} INFO - Processing file /home/airflow/.local/lib/python3.12/site-packages/airflow/example_dags/example_setup_teardown.py for tasks to queue
[2025-04-20T18:05:17.214+0000] {logging_mixin.py:190} INFO - [2025-04-20T18:05:17.213+0000] {dagbag.py:588} INFO - Filling up the DagBag from /home/airflow/.local/lib/python3.12/site-packages/airflow/example_dags/example_setup_teardown.py
[2025-04-20T18:05:17.222+0000] {processor.py:925} INFO - DAG(s) 'example_setup_teardown' retrieved from /home/airflow/.local/lib/python3.12/site-packages/airflow/example_dags/example_setup_teardown.py
[2025-04-20T18:05:17.246+0000] {logging_mixin.py:190} INFO - [2025-04-20T18:05:17.246+0000] {dag.py:3239} INFO - Sync 1 DAGs
[2025-04-20T18:05:17.264+0000] {logging_mixin.py:190} INFO - [2025-04-20T18:05:17.263+0000] {dag.py:4180} INFO - Setting next_dagrun for example_setup_teardown to None, run_after=None
[2025-04-20T18:05:17.284+0000] {processor.py:208} INFO - Processing /home/airflow/.local/lib/python3.12/site-packages/airflow/example_dags/example_setup_teardown.py took 0.081 seconds
[2025-04-20T18:05:48.220+0000] {processor.py:186} INFO - Started process (PID=204) to work on /home/airflow/.local/lib/python3.12/site-packages/airflow/example_dags/example_setup_teardown.py
[2025-04-20T18:05:48.221+0000] {processor.py:914} INFO - Processing file /home/airflow/.local/lib/python3.12/site-packages/airflow/example_dags/example_setup_teardown.py for tasks to queue
[2025-04-20T18:05:48.224+0000] {logging_mixin.py:190} INFO - [2025-04-20T18:05:48.224+0000] {dagbag.py:588} INFO - Filling up the DagBag from /home/airflow/.local/lib/python3.12/site-packages/airflow/example_dags/example_setup_teardown.py
[2025-04-20T18:05:48.238+0000] {processor.py:925} INFO - DAG(s) 'example_setup_teardown' retrieved from /home/airflow/.local/lib/python3.12/site-packages/airflow/example_dags/example_setup_teardown.py
[2025-04-20T18:05:48.265+0000] {logging_mixin.py:190} INFO - [2025-04-20T18:05:48.265+0000] {dag.py:3239} INFO - Sync 1 DAGs
[2025-04-20T18:05:48.283+0000] {logging_mixin.py:190} INFO - [2025-04-20T18:05:48.282+0000] {dag.py:4180} INFO - Setting next_dagrun for example_setup_teardown to None, run_after=None
[2025-04-20T18:05:48.313+0000] {processor.py:208} INFO - Processing /home/airflow/.local/lib/python3.12/site-packages/airflow/example_dags/example_setup_teardown.py took 0.103 seconds
[2025-04-20T18:06:18.505+0000] {processor.py:186} INFO - Started process (PID=267) to work on /home/airflow/.local/lib/python3.12/site-packages/airflow/example_dags/example_setup_teardown.py
[2025-04-20T18:06:18.507+0000] {processor.py:914} INFO - Processing file /home/airflow/.local/lib/python3.12/site-packages/airflow/example_dags/example_setup_teardown.py for tasks to queue
[2025-04-20T18:06:18.509+0000] {logging_mixin.py:190} INFO - [2025-04-20T18:06:18.509+0000] {dagbag.py:588} INFO - Filling up the DagBag from /home/airflow/.local/lib/python3.12/site-packages/airflow/example_dags/example_setup_teardown.py
[2025-04-20T18:06:18.520+0000] {processor.py:925} INFO - DAG(s) 'example_setup_teardown' retrieved from /home/airflow/.local/lib/python3.12/site-packages/airflow/example_dags/example_setup_teardown.py
[2025-04-20T18:06:18.542+0000] {logging_mixin.py:190} INFO - [2025-04-20T18:06:18.542+0000] {dag.py:3239} INFO - Sync 1 DAGs
[2025-04-20T18:06:18.559+0000] {logging_mixin.py:190} INFO - [2025-04-20T18:06:18.559+0000] {dag.py:4180} INFO - Setting next_dagrun for example_setup_teardown to None, run_after=None
[2025-04-20T18:06:18.586+0000] {processor.py:208} INFO - Processing /home/airflow/.local/lib/python3.12/site-packages/airflow/example_dags/example_setup_teardown.py took 0.089 seconds
[2025-04-20T18:06:49.289+0000] {processor.py:186} INFO - Started process (PID=330) to work on /home/airflow/.local/lib/python3.12/site-packages/airflow/example_dags/example_setup_teardown.py
[2025-04-20T18:06:49.291+0000] {processor.py:914} INFO - Processing file /home/airflow/.local/lib/python3.12/site-packages/airflow/example_dags/example_setup_teardown.py for tasks to queue
[2025-04-20T18:06:49.295+0000] {logging_mixin.py:190} INFO - [2025-04-20T18:06:49.295+0000] {dagbag.py:588} INFO - Filling up the DagBag from /home/airflow/.local/lib/python3.12/site-packages/airflow/example_dags/example_setup_teardown.py
[2025-04-20T18:06:49.313+0000] {processor.py:925} INFO - DAG(s) 'example_setup_teardown' retrieved from /home/airflow/.local/lib/python3.12/site-packages/airflow/example_dags/example_setup_teardown.py
[2025-04-20T18:06:49.354+0000] {logging_mixin.py:190} INFO - [2025-04-20T18:06:49.354+0000] {dag.py:3239} INFO - Sync 1 DAGs
[2025-04-20T18:06:49.386+0000] {logging_mixin.py:190} INFO - [2025-04-20T18:06:49.386+0000] {dag.py:4180} INFO - Setting next_dagrun for example_setup_teardown to None, run_after=None
[2025-04-20T18:06:49.431+0000] {processor.py:208} INFO - Processing /home/airflow/.local/lib/python3.12/site-packages/airflow/example_dags/example_setup_teardown.py took 0.159 seconds
[2025-04-20T18:07:20.422+0000] {processor.py:186} INFO - Started process (PID=393) to work on /home/airflow/.local/lib/python3.12/site-packages/airflow/example_dags/example_setup_teardown.py
[2025-04-20T18:07:20.424+0000] {processor.py:914} INFO - Processing file /home/airflow/.local/lib/python3.12/site-packages/airflow/example_dags/example_setup_teardown.py for tasks to queue
[2025-04-20T18:07:20.430+0000] {logging_mixin.py:190} INFO - [2025-04-20T18:07:20.430+0000] {dagbag.py:588} INFO - Filling up the DagBag from /home/airflow/.local/lib/python3.12/site-packages/airflow/example_dags/example_setup_teardown.py
[2025-04-20T18:07:20.451+0000] {processor.py:925} INFO - DAG(s) 'example_setup_teardown' retrieved from /home/airflow/.local/lib/python3.12/site-packages/airflow/example_dags/example_setup_teardown.py
[2025-04-20T18:07:20.499+0000] {logging_mixin.py:190} INFO - [2025-04-20T18:07:20.498+0000] {dag.py:3239} INFO - Sync 1 DAGs
[2025-04-20T18:07:20.533+0000] {logging_mixin.py:190} INFO - [2025-04-20T18:07:20.532+0000] {dag.py:4180} INFO - Setting next_dagrun for example_setup_teardown to None, run_after=None
[2025-04-20T18:07:20.571+0000] {processor.py:208} INFO - Processing /home/airflow/.local/lib/python3.12/site-packages/airflow/example_dags/example_setup_teardown.py took 0.170 seconds
[2025-04-20T18:07:51.234+0000] {processor.py:186} INFO - Started process (PID=456) to work on /home/airflow/.local/lib/python3.12/site-packages/airflow/example_dags/example_setup_teardown.py
[2025-04-20T18:07:51.239+0000] {processor.py:914} INFO - Processing file /home/airflow/.local/lib/python3.12/site-packages/airflow/example_dags/example_setup_teardown.py for tasks to queue
[2025-04-20T18:07:51.242+0000] {logging_mixin.py:190} INFO - [2025-04-20T18:07:51.242+0000] {dagbag.py:588} INFO - Filling up the DagBag from /home/airflow/.local/lib/python3.12/site-packages/airflow/example_dags/example_setup_teardown.py
[2025-04-20T18:07:51.258+0000] {processor.py:925} INFO - DAG(s) 'example_setup_teardown' retrieved from /home/airflow/.local/lib/python3.12/site-packages/airflow/example_dags/example_setup_teardown.py
[2025-04-20T18:07:51.288+0000] {logging_mixin.py:190} INFO - [2025-04-20T18:07:51.288+0000] {dag.py:3239} INFO - Sync 1 DAGs
[2025-04-20T18:07:51.311+0000] {logging_mixin.py:190} INFO - [2025-04-20T18:07:51.311+0000] {dag.py:4180} INFO - Setting next_dagrun for example_setup_teardown to None, run_after=None
[2025-04-20T18:07:51.342+0000] {processor.py:208} INFO - Processing /home/airflow/.local/lib/python3.12/site-packages/airflow/example_dags/example_setup_teardown.py took 0.118 seconds
[2025-04-20T18:08:21.809+0000] {processor.py:186} INFO - Started process (PID=519) to work on /home/airflow/.local/lib/python3.12/site-packages/airflow/example_dags/example_setup_teardown.py
[2025-04-20T18:08:21.811+0000] {processor.py:914} INFO - Processing file /home/airflow/.local/lib/python3.12/site-packages/airflow/example_dags/example_setup_teardown.py for tasks to queue
[2025-04-20T18:08:21.814+0000] {logging_mixin.py:190} INFO - [2025-04-20T18:08:21.813+0000] {dagbag.py:588} INFO - Filling up the DagBag from /home/airflow/.local/lib/python3.12/site-packages/airflow/example_dags/example_setup_teardown.py
[2025-04-20T18:08:21.824+0000] {processor.py:925} INFO - DAG(s) 'example_setup_teardown' retrieved from /home/airflow/.local/lib/python3.12/site-packages/airflow/example_dags/example_setup_teardown.py
[2025-04-20T18:08:21.850+0000] {logging_mixin.py:190} INFO - [2025-04-20T18:08:21.850+0000] {dag.py:3239} INFO - Sync 1 DAGs
[2025-04-20T18:08:21.868+0000] {logging_mixin.py:190} INFO - [2025-04-20T18:08:21.868+0000] {dag.py:4180} INFO - Setting next_dagrun for example_setup_teardown to None, run_after=None
[2025-04-20T18:08:21.906+0000] {processor.py:208} INFO - Processing /home/airflow/.local/lib/python3.12/site-packages/airflow/example_dags/example_setup_teardown.py took 0.104 seconds
[2025-04-20T18:08:52.022+0000] {processor.py:186} INFO - Started process (PID=582) to work on /home/airflow/.local/lib/python3.12/site-packages/airflow/example_dags/example_setup_teardown.py
[2025-04-20T18:08:52.024+0000] {processor.py:914} INFO - Processing file /home/airflow/.local/lib/python3.12/site-packages/airflow/example_dags/example_setup_teardown.py for tasks to queue
[2025-04-20T18:08:52.027+0000] {logging_mixin.py:190} INFO - [2025-04-20T18:08:52.026+0000] {dagbag.py:588} INFO - Filling up the DagBag from /home/airflow/.local/lib/python3.12/site-packages/airflow/example_dags/example_setup_teardown.py
[2025-04-20T18:08:52.038+0000] {processor.py:925} INFO - DAG(s) 'example_setup_teardown' retrieved from /home/airflow/.local/lib/python3.12/site-packages/airflow/example_dags/example_setup_teardown.py
[2025-04-20T18:08:52.068+0000] {logging_mixin.py:190} INFO - [2025-04-20T18:08:52.068+0000] {dag.py:3239} INFO - Sync 1 DAGs
[2025-04-20T18:08:52.091+0000] {logging_mixin.py:190} INFO - [2025-04-20T18:08:52.091+0000] {dag.py:4180} INFO - Setting next_dagrun for example_setup_teardown to None, run_after=None
[2025-04-20T18:08:52.124+0000] {processor.py:208} INFO - Processing /home/airflow/.local/lib/python3.12/site-packages/airflow/example_dags/example_setup_teardown.py took 0.111 seconds
[2025-04-20T18:09:22.472+0000] {processor.py:186} INFO - Started process (PID=645) to work on /home/airflow/.local/lib/python3.12/site-packages/airflow/example_dags/example_setup_teardown.py
[2025-04-20T18:09:22.475+0000] {processor.py:914} INFO - Processing file /home/airflow/.local/lib/python3.12/site-packages/airflow/example_dags/example_setup_teardown.py for tasks to queue
[2025-04-20T18:09:22.479+0000] {logging_mixin.py:190} INFO - [2025-04-20T18:09:22.479+0000] {dagbag.py:588} INFO - Filling up the DagBag from /home/airflow/.local/lib/python3.12/site-packages/airflow/example_dags/example_setup_teardown.py
[2025-04-20T18:09:22.499+0000] {processor.py:925} INFO - DAG(s) 'example_setup_teardown' retrieved from /home/airflow/.local/lib/python3.12/site-packages/airflow/example_dags/example_setup_teardown.py
[2025-04-20T18:09:22.531+0000] {logging_mixin.py:190} INFO - [2025-04-20T18:09:22.530+0000] {dag.py:3239} INFO - Sync 1 DAGs
[2025-04-20T18:09:22.554+0000] {logging_mixin.py:190} INFO - [2025-04-20T18:09:22.554+0000] {dag.py:4180} INFO - Setting next_dagrun for example_setup_teardown to None, run_after=None
[2025-04-20T18:09:22.582+0000] {processor.py:208} INFO - Processing /home/airflow/.local/lib/python3.12/site-packages/airflow/example_dags/example_setup_teardown.py took 0.120 seconds
