[2025-04-20T17:48:40.886+0000] {processor.py:186} INFO - Started process (PID=72) to work on /home/airflow/.local/lib/python3.12/site-packages/airflow/example_dags/example_local_kubernetes_executor.py
[2025-04-20T17:48:40.888+0000] {processor.py:914} INFO - Processing file /home/airflow/.local/lib/python3.12/site-packages/airflow/example_dags/example_local_kubernetes_executor.py for tasks to queue
[2025-04-20T17:48:40.890+0000] {logging_mixin.py:190} INFO - [2025-04-20T17:48:40.890+0000] {dagbag.py:588} INFO - Filling up the DagBag from /home/airflow/.local/lib/python3.12/site-packages/airflow/example_dags/example_local_kubernetes_executor.py
[2025-04-20T17:48:40.915+0000] {processor.py:925} INFO - DAG(s) 'example_local_kubernetes_executor' retrieved from /home/airflow/.local/lib/python3.12/site-packages/airflow/example_dags/example_local_kubernetes_executor.py
[2025-04-20T17:48:41.277+0000] {logging_mixin.py:190} INFO - [2025-04-20T17:48:41.276+0000] {override.py:1912} INFO - Created Permission View: can read on DAG:example_local_kubernetes_executor
[2025-04-20T17:48:41.301+0000] {logging_mixin.py:190} INFO - [2025-04-20T17:48:41.300+0000] {override.py:1912} INFO - Created Permission View: can edit on DAG:example_local_kubernetes_executor
[2025-04-20T17:48:41.316+0000] {logging_mixin.py:190} INFO - [2025-04-20T17:48:41.316+0000] {override.py:1912} INFO - Created Permission View: can delete on DAG:example_local_kubernetes_executor
[2025-04-20T17:48:41.331+0000] {logging_mixin.py:190} INFO - [2025-04-20T17:48:41.331+0000] {override.py:1912} INFO - Created Permission View: can read on DAG Run:example_local_kubernetes_executor
[2025-04-20T17:48:41.341+0000] {logging_mixin.py:190} INFO - [2025-04-20T17:48:41.341+0000] {override.py:1912} INFO - Created Permission View: can create on DAG Run:example_local_kubernetes_executor
[2025-04-20T17:48:41.358+0000] {logging_mixin.py:190} INFO - [2025-04-20T17:48:41.357+0000] {override.py:1912} INFO - Created Permission View: menu access on DAG Run:example_local_kubernetes_executor
[2025-04-20T17:48:41.373+0000] {logging_mixin.py:190} INFO - [2025-04-20T17:48:41.373+0000] {override.py:1912} INFO - Created Permission View: can delete on DAG Run:example_local_kubernetes_executor
[2025-04-20T17:48:41.374+0000] {logging_mixin.py:190} INFO - [2025-04-20T17:48:41.374+0000] {dag.py:3239} INFO - Sync 1 DAGs
[2025-04-20T17:48:41.398+0000] {logging_mixin.py:190} INFO - [2025-04-20T17:48:41.397+0000] {dag.py:3262} INFO - Creating ORM DAG for example_local_kubernetes_executor
[2025-04-20T17:48:41.399+0000] {logging_mixin.py:190} INFO - [2025-04-20T17:48:41.399+0000] {dag.py:4180} INFO - Setting next_dagrun for example_local_kubernetes_executor to None, run_after=None
[2025-04-20T17:48:41.432+0000] {processor.py:208} INFO - Processing /home/airflow/.local/lib/python3.12/site-packages/airflow/example_dags/example_local_kubernetes_executor.py took 0.558 seconds
[2025-04-20T17:49:12.352+0000] {processor.py:186} INFO - Started process (PID=135) to work on /home/airflow/.local/lib/python3.12/site-packages/airflow/example_dags/example_local_kubernetes_executor.py
[2025-04-20T17:49:12.353+0000] {processor.py:914} INFO - Processing file /home/airflow/.local/lib/python3.12/site-packages/airflow/example_dags/example_local_kubernetes_executor.py for tasks to queue
[2025-04-20T17:49:12.356+0000] {logging_mixin.py:190} INFO - [2025-04-20T17:49:12.356+0000] {dagbag.py:588} INFO - Filling up the DagBag from /home/airflow/.local/lib/python3.12/site-packages/airflow/example_dags/example_local_kubernetes_executor.py
[2025-04-20T17:49:12.369+0000] {processor.py:925} INFO - DAG(s) 'example_local_kubernetes_executor' retrieved from /home/airflow/.local/lib/python3.12/site-packages/airflow/example_dags/example_local_kubernetes_executor.py
[2025-04-20T17:49:12.394+0000] {logging_mixin.py:190} INFO - [2025-04-20T17:49:12.394+0000] {dag.py:3239} INFO - Sync 1 DAGs
[2025-04-20T17:49:12.413+0000] {logging_mixin.py:190} INFO - [2025-04-20T17:49:12.413+0000] {dag.py:4180} INFO - Setting next_dagrun for example_local_kubernetes_executor to None, run_after=None
[2025-04-20T17:49:12.446+0000] {processor.py:208} INFO - Processing /home/airflow/.local/lib/python3.12/site-packages/airflow/example_dags/example_local_kubernetes_executor.py took 0.101 seconds
[2025-04-20T17:49:42.505+0000] {processor.py:186} INFO - Started process (PID=198) to work on /home/airflow/.local/lib/python3.12/site-packages/airflow/example_dags/example_local_kubernetes_executor.py
[2025-04-20T17:49:42.510+0000] {processor.py:914} INFO - Processing file /home/airflow/.local/lib/python3.12/site-packages/airflow/example_dags/example_local_kubernetes_executor.py for tasks to queue
[2025-04-20T17:49:42.514+0000] {logging_mixin.py:190} INFO - [2025-04-20T17:49:42.513+0000] {dagbag.py:588} INFO - Filling up the DagBag from /home/airflow/.local/lib/python3.12/site-packages/airflow/example_dags/example_local_kubernetes_executor.py
[2025-04-20T17:49:42.526+0000] {processor.py:925} INFO - DAG(s) 'example_local_kubernetes_executor' retrieved from /home/airflow/.local/lib/python3.12/site-packages/airflow/example_dags/example_local_kubernetes_executor.py
[2025-04-20T17:49:42.555+0000] {logging_mixin.py:190} INFO - [2025-04-20T17:49:42.554+0000] {dag.py:3239} INFO - Sync 1 DAGs
[2025-04-20T17:49:42.572+0000] {logging_mixin.py:190} INFO - [2025-04-20T17:49:42.572+0000] {dag.py:4180} INFO - Setting next_dagrun for example_local_kubernetes_executor to None, run_after=None
[2025-04-20T17:49:42.600+0000] {processor.py:208} INFO - Processing /home/airflow/.local/lib/python3.12/site-packages/airflow/example_dags/example_local_kubernetes_executor.py took 0.105 seconds
[2025-04-20T17:50:13.365+0000] {processor.py:186} INFO - Started process (PID=261) to work on /home/airflow/.local/lib/python3.12/site-packages/airflow/example_dags/example_local_kubernetes_executor.py
[2025-04-20T17:50:13.367+0000] {processor.py:914} INFO - Processing file /home/airflow/.local/lib/python3.12/site-packages/airflow/example_dags/example_local_kubernetes_executor.py for tasks to queue
[2025-04-20T17:50:13.371+0000] {logging_mixin.py:190} INFO - [2025-04-20T17:50:13.371+0000] {dagbag.py:588} INFO - Filling up the DagBag from /home/airflow/.local/lib/python3.12/site-packages/airflow/example_dags/example_local_kubernetes_executor.py
[2025-04-20T17:50:13.389+0000] {processor.py:925} INFO - DAG(s) 'example_local_kubernetes_executor' retrieved from /home/airflow/.local/lib/python3.12/site-packages/airflow/example_dags/example_local_kubernetes_executor.py
[2025-04-20T17:50:13.419+0000] {logging_mixin.py:190} INFO - [2025-04-20T17:50:13.419+0000] {dag.py:3239} INFO - Sync 1 DAGs
[2025-04-20T17:50:13.440+0000] {logging_mixin.py:190} INFO - [2025-04-20T17:50:13.440+0000] {dag.py:4180} INFO - Setting next_dagrun for example_local_kubernetes_executor to None, run_after=None
[2025-04-20T17:50:13.470+0000] {processor.py:208} INFO - Processing /home/airflow/.local/lib/python3.12/site-packages/airflow/example_dags/example_local_kubernetes_executor.py took 0.113 seconds
[2025-04-20T17:50:44.432+0000] {processor.py:186} INFO - Started process (PID=324) to work on /home/airflow/.local/lib/python3.12/site-packages/airflow/example_dags/example_local_kubernetes_executor.py
[2025-04-20T17:50:44.434+0000] {processor.py:914} INFO - Processing file /home/airflow/.local/lib/python3.12/site-packages/airflow/example_dags/example_local_kubernetes_executor.py for tasks to queue
[2025-04-20T17:50:44.438+0000] {logging_mixin.py:190} INFO - [2025-04-20T17:50:44.437+0000] {dagbag.py:588} INFO - Filling up the DagBag from /home/airflow/.local/lib/python3.12/site-packages/airflow/example_dags/example_local_kubernetes_executor.py
[2025-04-20T17:50:44.452+0000] {processor.py:925} INFO - DAG(s) 'example_local_kubernetes_executor' retrieved from /home/airflow/.local/lib/python3.12/site-packages/airflow/example_dags/example_local_kubernetes_executor.py
[2025-04-20T17:50:44.477+0000] {logging_mixin.py:190} INFO - [2025-04-20T17:50:44.477+0000] {dag.py:3239} INFO - Sync 1 DAGs
[2025-04-20T17:50:44.495+0000] {logging_mixin.py:190} INFO - [2025-04-20T17:50:44.495+0000] {dag.py:4180} INFO - Setting next_dagrun for example_local_kubernetes_executor to None, run_after=None
[2025-04-20T17:50:44.524+0000] {processor.py:208} INFO - Processing /home/airflow/.local/lib/python3.12/site-packages/airflow/example_dags/example_local_kubernetes_executor.py took 0.101 seconds
[2025-04-20T17:51:15.154+0000] {processor.py:186} INFO - Started process (PID=387) to work on /home/airflow/.local/lib/python3.12/site-packages/airflow/example_dags/example_local_kubernetes_executor.py
[2025-04-20T17:51:15.159+0000] {processor.py:914} INFO - Processing file /home/airflow/.local/lib/python3.12/site-packages/airflow/example_dags/example_local_kubernetes_executor.py for tasks to queue
[2025-04-20T17:51:15.167+0000] {logging_mixin.py:190} INFO - [2025-04-20T17:51:15.165+0000] {dagbag.py:588} INFO - Filling up the DagBag from /home/airflow/.local/lib/python3.12/site-packages/airflow/example_dags/example_local_kubernetes_executor.py
[2025-04-20T17:51:15.187+0000] {processor.py:925} INFO - DAG(s) 'example_local_kubernetes_executor' retrieved from /home/airflow/.local/lib/python3.12/site-packages/airflow/example_dags/example_local_kubernetes_executor.py
[2025-04-20T17:51:15.219+0000] {logging_mixin.py:190} INFO - [2025-04-20T17:51:15.219+0000] {dag.py:3239} INFO - Sync 1 DAGs
[2025-04-20T17:51:15.248+0000] {logging_mixin.py:190} INFO - [2025-04-20T17:51:15.248+0000] {dag.py:4180} INFO - Setting next_dagrun for example_local_kubernetes_executor to None, run_after=None
[2025-04-20T17:51:15.282+0000] {processor.py:208} INFO - Processing /home/airflow/.local/lib/python3.12/site-packages/airflow/example_dags/example_local_kubernetes_executor.py took 0.146 seconds
[2025-04-20T17:51:46.007+0000] {processor.py:186} INFO - Started process (PID=450) to work on /home/airflow/.local/lib/python3.12/site-packages/airflow/example_dags/example_local_kubernetes_executor.py
[2025-04-20T17:51:46.009+0000] {processor.py:914} INFO - Processing file /home/airflow/.local/lib/python3.12/site-packages/airflow/example_dags/example_local_kubernetes_executor.py for tasks to queue
[2025-04-20T17:51:46.012+0000] {logging_mixin.py:190} INFO - [2025-04-20T17:51:46.012+0000] {dagbag.py:588} INFO - Filling up the DagBag from /home/airflow/.local/lib/python3.12/site-packages/airflow/example_dags/example_local_kubernetes_executor.py
[2025-04-20T17:51:46.026+0000] {processor.py:925} INFO - DAG(s) 'example_local_kubernetes_executor' retrieved from /home/airflow/.local/lib/python3.12/site-packages/airflow/example_dags/example_local_kubernetes_executor.py
[2025-04-20T17:51:46.058+0000] {logging_mixin.py:190} INFO - [2025-04-20T17:51:46.057+0000] {dag.py:3239} INFO - Sync 1 DAGs
[2025-04-20T17:51:46.082+0000] {logging_mixin.py:190} INFO - [2025-04-20T17:51:46.081+0000] {dag.py:4180} INFO - Setting next_dagrun for example_local_kubernetes_executor to None, run_after=None
[2025-04-20T17:51:46.113+0000] {processor.py:208} INFO - Processing /home/airflow/.local/lib/python3.12/site-packages/airflow/example_dags/example_local_kubernetes_executor.py took 0.114 seconds
[2025-04-20T17:52:16.602+0000] {processor.py:186} INFO - Started process (PID=512) to work on /home/airflow/.local/lib/python3.12/site-packages/airflow/example_dags/example_local_kubernetes_executor.py
[2025-04-20T17:52:16.604+0000] {processor.py:914} INFO - Processing file /home/airflow/.local/lib/python3.12/site-packages/airflow/example_dags/example_local_kubernetes_executor.py for tasks to queue
[2025-04-20T17:52:16.607+0000] {logging_mixin.py:190} INFO - [2025-04-20T17:52:16.607+0000] {dagbag.py:588} INFO - Filling up the DagBag from /home/airflow/.local/lib/python3.12/site-packages/airflow/example_dags/example_local_kubernetes_executor.py
[2025-04-20T17:52:16.619+0000] {processor.py:925} INFO - DAG(s) 'example_local_kubernetes_executor' retrieved from /home/airflow/.local/lib/python3.12/site-packages/airflow/example_dags/example_local_kubernetes_executor.py
[2025-04-20T17:52:16.641+0000] {logging_mixin.py:190} INFO - [2025-04-20T17:52:16.641+0000] {dag.py:3239} INFO - Sync 1 DAGs
[2025-04-20T17:52:16.659+0000] {logging_mixin.py:190} INFO - [2025-04-20T17:52:16.659+0000] {dag.py:4180} INFO - Setting next_dagrun for example_local_kubernetes_executor to None, run_after=None
[2025-04-20T17:52:16.681+0000] {processor.py:208} INFO - Processing /home/airflow/.local/lib/python3.12/site-packages/airflow/example_dags/example_local_kubernetes_executor.py took 0.087 seconds
[2025-04-20T17:52:46.973+0000] {processor.py:186} INFO - Started process (PID=575) to work on /home/airflow/.local/lib/python3.12/site-packages/airflow/example_dags/example_local_kubernetes_executor.py
[2025-04-20T17:52:46.975+0000] {processor.py:914} INFO - Processing file /home/airflow/.local/lib/python3.12/site-packages/airflow/example_dags/example_local_kubernetes_executor.py for tasks to queue
[2025-04-20T17:52:46.978+0000] {logging_mixin.py:190} INFO - [2025-04-20T17:52:46.978+0000] {dagbag.py:588} INFO - Filling up the DagBag from /home/airflow/.local/lib/python3.12/site-packages/airflow/example_dags/example_local_kubernetes_executor.py
[2025-04-20T17:52:46.990+0000] {processor.py:925} INFO - DAG(s) 'example_local_kubernetes_executor' retrieved from /home/airflow/.local/lib/python3.12/site-packages/airflow/example_dags/example_local_kubernetes_executor.py
[2025-04-20T17:52:47.018+0000] {logging_mixin.py:190} INFO - [2025-04-20T17:52:47.017+0000] {dag.py:3239} INFO - Sync 1 DAGs
[2025-04-20T17:52:47.035+0000] {logging_mixin.py:190} INFO - [2025-04-20T17:52:47.034+0000] {dag.py:4180} INFO - Setting next_dagrun for example_local_kubernetes_executor to None, run_after=None
[2025-04-20T17:52:47.060+0000] {processor.py:208} INFO - Processing /home/airflow/.local/lib/python3.12/site-packages/airflow/example_dags/example_local_kubernetes_executor.py took 0.095 seconds
[2025-04-20T17:53:18.045+0000] {processor.py:186} INFO - Started process (PID=638) to work on /home/airflow/.local/lib/python3.12/site-packages/airflow/example_dags/example_local_kubernetes_executor.py
[2025-04-20T17:53:18.046+0000] {processor.py:914} INFO - Processing file /home/airflow/.local/lib/python3.12/site-packages/airflow/example_dags/example_local_kubernetes_executor.py for tasks to queue
[2025-04-20T17:53:18.052+0000] {logging_mixin.py:190} INFO - [2025-04-20T17:53:18.052+0000] {dagbag.py:588} INFO - Filling up the DagBag from /home/airflow/.local/lib/python3.12/site-packages/airflow/example_dags/example_local_kubernetes_executor.py
[2025-04-20T17:53:18.071+0000] {processor.py:925} INFO - DAG(s) 'example_local_kubernetes_executor' retrieved from /home/airflow/.local/lib/python3.12/site-packages/airflow/example_dags/example_local_kubernetes_executor.py
[2025-04-20T17:53:18.099+0000] {logging_mixin.py:190} INFO - [2025-04-20T17:53:18.099+0000] {dag.py:3239} INFO - Sync 1 DAGs
[2025-04-20T17:53:18.142+0000] {logging_mixin.py:190} INFO - [2025-04-20T17:53:18.142+0000] {dag.py:4180} INFO - Setting next_dagrun for example_local_kubernetes_executor to None, run_after=None
[2025-04-20T17:53:18.173+0000] {processor.py:208} INFO - Processing /home/airflow/.local/lib/python3.12/site-packages/airflow/example_dags/example_local_kubernetes_executor.py took 0.139 seconds
[2025-04-20T17:53:49.017+0000] {processor.py:186} INFO - Started process (PID=701) to work on /home/airflow/.local/lib/python3.12/site-packages/airflow/example_dags/example_local_kubernetes_executor.py
[2025-04-20T17:53:49.018+0000] {processor.py:914} INFO - Processing file /home/airflow/.local/lib/python3.12/site-packages/airflow/example_dags/example_local_kubernetes_executor.py for tasks to queue
[2025-04-20T17:53:49.022+0000] {logging_mixin.py:190} INFO - [2025-04-20T17:53:49.021+0000] {dagbag.py:588} INFO - Filling up the DagBag from /home/airflow/.local/lib/python3.12/site-packages/airflow/example_dags/example_local_kubernetes_executor.py
[2025-04-20T17:53:49.031+0000] {processor.py:925} INFO - DAG(s) 'example_local_kubernetes_executor' retrieved from /home/airflow/.local/lib/python3.12/site-packages/airflow/example_dags/example_local_kubernetes_executor.py
[2025-04-20T17:53:49.055+0000] {logging_mixin.py:190} INFO - [2025-04-20T17:53:49.055+0000] {dag.py:3239} INFO - Sync 1 DAGs
[2025-04-20T17:53:49.072+0000] {logging_mixin.py:190} INFO - [2025-04-20T17:53:49.072+0000] {dag.py:4180} INFO - Setting next_dagrun for example_local_kubernetes_executor to None, run_after=None
[2025-04-20T17:53:49.097+0000] {processor.py:208} INFO - Processing /home/airflow/.local/lib/python3.12/site-packages/airflow/example_dags/example_local_kubernetes_executor.py took 0.086 seconds
[2025-04-20T17:54:19.253+0000] {processor.py:186} INFO - Started process (PID=764) to work on /home/airflow/.local/lib/python3.12/site-packages/airflow/example_dags/example_local_kubernetes_executor.py
[2025-04-20T17:54:19.255+0000] {processor.py:914} INFO - Processing file /home/airflow/.local/lib/python3.12/site-packages/airflow/example_dags/example_local_kubernetes_executor.py for tasks to queue
[2025-04-20T17:54:19.259+0000] {logging_mixin.py:190} INFO - [2025-04-20T17:54:19.259+0000] {dagbag.py:588} INFO - Filling up the DagBag from /home/airflow/.local/lib/python3.12/site-packages/airflow/example_dags/example_local_kubernetes_executor.py
[2025-04-20T17:54:19.277+0000] {processor.py:925} INFO - DAG(s) 'example_local_kubernetes_executor' retrieved from /home/airflow/.local/lib/python3.12/site-packages/airflow/example_dags/example_local_kubernetes_executor.py
[2025-04-20T17:54:19.313+0000] {logging_mixin.py:190} INFO - [2025-04-20T17:54:19.313+0000] {dag.py:3239} INFO - Sync 1 DAGs
[2025-04-20T17:54:19.337+0000] {logging_mixin.py:190} INFO - [2025-04-20T17:54:19.336+0000] {dag.py:4180} INFO - Setting next_dagrun for example_local_kubernetes_executor to None, run_after=None
[2025-04-20T17:54:19.371+0000] {processor.py:208} INFO - Processing /home/airflow/.local/lib/python3.12/site-packages/airflow/example_dags/example_local_kubernetes_executor.py took 0.129 seconds
[2025-04-20T17:54:50.376+0000] {processor.py:186} INFO - Started process (PID=827) to work on /home/airflow/.local/lib/python3.12/site-packages/airflow/example_dags/example_local_kubernetes_executor.py
[2025-04-20T17:54:50.378+0000] {processor.py:914} INFO - Processing file /home/airflow/.local/lib/python3.12/site-packages/airflow/example_dags/example_local_kubernetes_executor.py for tasks to queue
[2025-04-20T17:54:50.381+0000] {logging_mixin.py:190} INFO - [2025-04-20T17:54:50.381+0000] {dagbag.py:588} INFO - Filling up the DagBag from /home/airflow/.local/lib/python3.12/site-packages/airflow/example_dags/example_local_kubernetes_executor.py
[2025-04-20T17:54:50.395+0000] {processor.py:925} INFO - DAG(s) 'example_local_kubernetes_executor' retrieved from /home/airflow/.local/lib/python3.12/site-packages/airflow/example_dags/example_local_kubernetes_executor.py
[2025-04-20T17:54:50.424+0000] {logging_mixin.py:190} INFO - [2025-04-20T17:54:50.424+0000] {dag.py:3239} INFO - Sync 1 DAGs
[2025-04-20T17:54:50.444+0000] {logging_mixin.py:190} INFO - [2025-04-20T17:54:50.444+0000] {dag.py:4180} INFO - Setting next_dagrun for example_local_kubernetes_executor to None, run_after=None
[2025-04-20T17:54:50.474+0000] {processor.py:208} INFO - Processing /home/airflow/.local/lib/python3.12/site-packages/airflow/example_dags/example_local_kubernetes_executor.py took 0.109 seconds
[2025-04-20T17:55:20.913+0000] {processor.py:186} INFO - Started process (PID=890) to work on /home/airflow/.local/lib/python3.12/site-packages/airflow/example_dags/example_local_kubernetes_executor.py
[2025-04-20T17:55:20.914+0000] {processor.py:914} INFO - Processing file /home/airflow/.local/lib/python3.12/site-packages/airflow/example_dags/example_local_kubernetes_executor.py for tasks to queue
[2025-04-20T17:55:20.922+0000] {logging_mixin.py:190} INFO - [2025-04-20T17:55:20.921+0000] {dagbag.py:588} INFO - Filling up the DagBag from /home/airflow/.local/lib/python3.12/site-packages/airflow/example_dags/example_local_kubernetes_executor.py
[2025-04-20T17:55:20.947+0000] {processor.py:925} INFO - DAG(s) 'example_local_kubernetes_executor' retrieved from /home/airflow/.local/lib/python3.12/site-packages/airflow/example_dags/example_local_kubernetes_executor.py
[2025-04-20T17:55:20.978+0000] {logging_mixin.py:190} INFO - [2025-04-20T17:55:20.978+0000] {dag.py:3239} INFO - Sync 1 DAGs
[2025-04-20T17:55:20.998+0000] {logging_mixin.py:190} INFO - [2025-04-20T17:55:20.998+0000] {dag.py:4180} INFO - Setting next_dagrun for example_local_kubernetes_executor to None, run_after=None
[2025-04-20T17:55:21.028+0000] {processor.py:208} INFO - Processing /home/airflow/.local/lib/python3.12/site-packages/airflow/example_dags/example_local_kubernetes_executor.py took 0.123 seconds
[2025-04-20T17:55:51.405+0000] {processor.py:186} INFO - Started process (PID=953) to work on /home/airflow/.local/lib/python3.12/site-packages/airflow/example_dags/example_local_kubernetes_executor.py
[2025-04-20T17:55:51.407+0000] {processor.py:914} INFO - Processing file /home/airflow/.local/lib/python3.12/site-packages/airflow/example_dags/example_local_kubernetes_executor.py for tasks to queue
[2025-04-20T17:55:51.410+0000] {logging_mixin.py:190} INFO - [2025-04-20T17:55:51.410+0000] {dagbag.py:588} INFO - Filling up the DagBag from /home/airflow/.local/lib/python3.12/site-packages/airflow/example_dags/example_local_kubernetes_executor.py
[2025-04-20T17:55:51.425+0000] {processor.py:925} INFO - DAG(s) 'example_local_kubernetes_executor' retrieved from /home/airflow/.local/lib/python3.12/site-packages/airflow/example_dags/example_local_kubernetes_executor.py
[2025-04-20T17:55:51.451+0000] {logging_mixin.py:190} INFO - [2025-04-20T17:55:51.451+0000] {dag.py:3239} INFO - Sync 1 DAGs
[2025-04-20T17:55:51.470+0000] {logging_mixin.py:190} INFO - [2025-04-20T17:55:51.469+0000] {dag.py:4180} INFO - Setting next_dagrun for example_local_kubernetes_executor to None, run_after=None
[2025-04-20T17:55:51.496+0000] {processor.py:208} INFO - Processing /home/airflow/.local/lib/python3.12/site-packages/airflow/example_dags/example_local_kubernetes_executor.py took 0.099 seconds
[2025-04-20T17:56:22.338+0000] {processor.py:186} INFO - Started process (PID=1016) to work on /home/airflow/.local/lib/python3.12/site-packages/airflow/example_dags/example_local_kubernetes_executor.py
[2025-04-20T17:56:22.339+0000] {processor.py:914} INFO - Processing file /home/airflow/.local/lib/python3.12/site-packages/airflow/example_dags/example_local_kubernetes_executor.py for tasks to queue
[2025-04-20T17:56:22.342+0000] {logging_mixin.py:190} INFO - [2025-04-20T17:56:22.342+0000] {dagbag.py:588} INFO - Filling up the DagBag from /home/airflow/.local/lib/python3.12/site-packages/airflow/example_dags/example_local_kubernetes_executor.py
[2025-04-20T17:56:22.354+0000] {processor.py:925} INFO - DAG(s) 'example_local_kubernetes_executor' retrieved from /home/airflow/.local/lib/python3.12/site-packages/airflow/example_dags/example_local_kubernetes_executor.py
[2025-04-20T17:56:22.380+0000] {logging_mixin.py:190} INFO - [2025-04-20T17:56:22.380+0000] {dag.py:3239} INFO - Sync 1 DAGs
[2025-04-20T17:56:22.397+0000] {logging_mixin.py:190} INFO - [2025-04-20T17:56:22.397+0000] {dag.py:4180} INFO - Setting next_dagrun for example_local_kubernetes_executor to None, run_after=None
[2025-04-20T17:56:22.425+0000] {processor.py:208} INFO - Processing /home/airflow/.local/lib/python3.12/site-packages/airflow/example_dags/example_local_kubernetes_executor.py took 0.095 seconds
[2025-04-20T17:56:53.274+0000] {processor.py:186} INFO - Started process (PID=1079) to work on /home/airflow/.local/lib/python3.12/site-packages/airflow/example_dags/example_local_kubernetes_executor.py
[2025-04-20T17:56:53.276+0000] {processor.py:914} INFO - Processing file /home/airflow/.local/lib/python3.12/site-packages/airflow/example_dags/example_local_kubernetes_executor.py for tasks to queue
[2025-04-20T17:56:53.279+0000] {logging_mixin.py:190} INFO - [2025-04-20T17:56:53.278+0000] {dagbag.py:588} INFO - Filling up the DagBag from /home/airflow/.local/lib/python3.12/site-packages/airflow/example_dags/example_local_kubernetes_executor.py
[2025-04-20T17:56:53.291+0000] {processor.py:925} INFO - DAG(s) 'example_local_kubernetes_executor' retrieved from /home/airflow/.local/lib/python3.12/site-packages/airflow/example_dags/example_local_kubernetes_executor.py
[2025-04-20T17:56:53.316+0000] {logging_mixin.py:190} INFO - [2025-04-20T17:56:53.315+0000] {dag.py:3239} INFO - Sync 1 DAGs
[2025-04-20T17:56:53.333+0000] {logging_mixin.py:190} INFO - [2025-04-20T17:56:53.333+0000] {dag.py:4180} INFO - Setting next_dagrun for example_local_kubernetes_executor to None, run_after=None
[2025-04-20T17:56:53.359+0000] {processor.py:208} INFO - Processing /home/airflow/.local/lib/python3.12/site-packages/airflow/example_dags/example_local_kubernetes_executor.py took 0.092 seconds
[2025-04-20T17:57:23.660+0000] {processor.py:186} INFO - Started process (PID=1142) to work on /home/airflow/.local/lib/python3.12/site-packages/airflow/example_dags/example_local_kubernetes_executor.py
[2025-04-20T17:57:23.661+0000] {processor.py:914} INFO - Processing file /home/airflow/.local/lib/python3.12/site-packages/airflow/example_dags/example_local_kubernetes_executor.py for tasks to queue
[2025-04-20T17:57:23.664+0000] {logging_mixin.py:190} INFO - [2025-04-20T17:57:23.664+0000] {dagbag.py:588} INFO - Filling up the DagBag from /home/airflow/.local/lib/python3.12/site-packages/airflow/example_dags/example_local_kubernetes_executor.py
[2025-04-20T17:57:23.678+0000] {processor.py:925} INFO - DAG(s) 'example_local_kubernetes_executor' retrieved from /home/airflow/.local/lib/python3.12/site-packages/airflow/example_dags/example_local_kubernetes_executor.py
[2025-04-20T17:57:23.702+0000] {logging_mixin.py:190} INFO - [2025-04-20T17:57:23.702+0000] {dag.py:3239} INFO - Sync 1 DAGs
[2025-04-20T17:57:23.723+0000] {logging_mixin.py:190} INFO - [2025-04-20T17:57:23.723+0000] {dag.py:4180} INFO - Setting next_dagrun for example_local_kubernetes_executor to None, run_after=None
[2025-04-20T17:57:23.751+0000] {processor.py:208} INFO - Processing /home/airflow/.local/lib/python3.12/site-packages/airflow/example_dags/example_local_kubernetes_executor.py took 0.099 seconds
[2025-04-20T17:57:53.860+0000] {processor.py:186} INFO - Started process (PID=1205) to work on /home/airflow/.local/lib/python3.12/site-packages/airflow/example_dags/example_local_kubernetes_executor.py
[2025-04-20T17:57:53.861+0000] {processor.py:914} INFO - Processing file /home/airflow/.local/lib/python3.12/site-packages/airflow/example_dags/example_local_kubernetes_executor.py for tasks to queue
[2025-04-20T17:57:53.864+0000] {logging_mixin.py:190} INFO - [2025-04-20T17:57:53.864+0000] {dagbag.py:588} INFO - Filling up the DagBag from /home/airflow/.local/lib/python3.12/site-packages/airflow/example_dags/example_local_kubernetes_executor.py
[2025-04-20T17:57:53.878+0000] {processor.py:925} INFO - DAG(s) 'example_local_kubernetes_executor' retrieved from /home/airflow/.local/lib/python3.12/site-packages/airflow/example_dags/example_local_kubernetes_executor.py
[2025-04-20T17:57:53.904+0000] {logging_mixin.py:190} INFO - [2025-04-20T17:57:53.904+0000] {dag.py:3239} INFO - Sync 1 DAGs
[2025-04-20T17:57:53.924+0000] {logging_mixin.py:190} INFO - [2025-04-20T17:57:53.924+0000] {dag.py:4180} INFO - Setting next_dagrun for example_local_kubernetes_executor to None, run_after=None
[2025-04-20T17:57:53.949+0000] {processor.py:208} INFO - Processing /home/airflow/.local/lib/python3.12/site-packages/airflow/example_dags/example_local_kubernetes_executor.py took 0.098 seconds
[2025-04-20T17:58:24.871+0000] {processor.py:186} INFO - Started process (PID=1268) to work on /home/airflow/.local/lib/python3.12/site-packages/airflow/example_dags/example_local_kubernetes_executor.py
[2025-04-20T17:58:24.873+0000] {processor.py:914} INFO - Processing file /home/airflow/.local/lib/python3.12/site-packages/airflow/example_dags/example_local_kubernetes_executor.py for tasks to queue
[2025-04-20T17:58:24.876+0000] {logging_mixin.py:190} INFO - [2025-04-20T17:58:24.876+0000] {dagbag.py:588} INFO - Filling up the DagBag from /home/airflow/.local/lib/python3.12/site-packages/airflow/example_dags/example_local_kubernetes_executor.py
[2025-04-20T17:58:24.893+0000] {processor.py:925} INFO - DAG(s) 'example_local_kubernetes_executor' retrieved from /home/airflow/.local/lib/python3.12/site-packages/airflow/example_dags/example_local_kubernetes_executor.py
[2025-04-20T17:58:24.923+0000] {logging_mixin.py:190} INFO - [2025-04-20T17:58:24.923+0000] {dag.py:3239} INFO - Sync 1 DAGs
[2025-04-20T17:58:24.949+0000] {logging_mixin.py:190} INFO - [2025-04-20T17:58:24.948+0000] {dag.py:4180} INFO - Setting next_dagrun for example_local_kubernetes_executor to None, run_after=None
[2025-04-20T17:58:24.975+0000] {processor.py:208} INFO - Processing /home/airflow/.local/lib/python3.12/site-packages/airflow/example_dags/example_local_kubernetes_executor.py took 0.114 seconds
[2025-04-20T17:58:55.950+0000] {processor.py:186} INFO - Started process (PID=1331) to work on /home/airflow/.local/lib/python3.12/site-packages/airflow/example_dags/example_local_kubernetes_executor.py
[2025-04-20T17:58:55.956+0000] {processor.py:914} INFO - Processing file /home/airflow/.local/lib/python3.12/site-packages/airflow/example_dags/example_local_kubernetes_executor.py for tasks to queue
[2025-04-20T17:58:55.964+0000] {logging_mixin.py:190} INFO - [2025-04-20T17:58:55.963+0000] {dagbag.py:588} INFO - Filling up the DagBag from /home/airflow/.local/lib/python3.12/site-packages/airflow/example_dags/example_local_kubernetes_executor.py
[2025-04-20T17:58:55.993+0000] {processor.py:925} INFO - DAG(s) 'example_local_kubernetes_executor' retrieved from /home/airflow/.local/lib/python3.12/site-packages/airflow/example_dags/example_local_kubernetes_executor.py
[2025-04-20T17:58:56.045+0000] {logging_mixin.py:190} INFO - [2025-04-20T17:58:56.044+0000] {dag.py:3239} INFO - Sync 1 DAGs
[2025-04-20T17:58:56.100+0000] {logging_mixin.py:190} INFO - [2025-04-20T17:58:56.100+0000] {dag.py:4180} INFO - Setting next_dagrun for example_local_kubernetes_executor to None, run_after=None
[2025-04-20T17:58:56.151+0000] {processor.py:208} INFO - Processing /home/airflow/.local/lib/python3.12/site-packages/airflow/example_dags/example_local_kubernetes_executor.py took 0.214 seconds
[2025-04-20T18:04:44.508+0000] {processor.py:186} INFO - Started process (PID=75) to work on /home/airflow/.local/lib/python3.12/site-packages/airflow/example_dags/example_local_kubernetes_executor.py
[2025-04-20T18:04:44.510+0000] {processor.py:914} INFO - Processing file /home/airflow/.local/lib/python3.12/site-packages/airflow/example_dags/example_local_kubernetes_executor.py for tasks to queue
[2025-04-20T18:04:44.516+0000] {logging_mixin.py:190} INFO - [2025-04-20T18:04:44.515+0000] {dagbag.py:588} INFO - Filling up the DagBag from /home/airflow/.local/lib/python3.12/site-packages/airflow/example_dags/example_local_kubernetes_executor.py
[2025-04-20T18:04:44.542+0000] {processor.py:925} INFO - DAG(s) 'example_local_kubernetes_executor' retrieved from /home/airflow/.local/lib/python3.12/site-packages/airflow/example_dags/example_local_kubernetes_executor.py
[2025-04-20T18:04:44.905+0000] {logging_mixin.py:190} INFO - [2025-04-20T18:04:44.904+0000] {override.py:1912} INFO - Created Permission View: can read on DAG:example_local_kubernetes_executor
[2025-04-20T18:04:44.923+0000] {logging_mixin.py:190} INFO - [2025-04-20T18:04:44.922+0000] {override.py:1912} INFO - Created Permission View: can edit on DAG:example_local_kubernetes_executor
[2025-04-20T18:04:44.935+0000] {logging_mixin.py:190} INFO - [2025-04-20T18:04:44.935+0000] {override.py:1912} INFO - Created Permission View: can delete on DAG:example_local_kubernetes_executor
[2025-04-20T18:04:44.951+0000] {logging_mixin.py:190} INFO - [2025-04-20T18:04:44.951+0000] {override.py:1912} INFO - Created Permission View: menu access on DAG Run:example_local_kubernetes_executor
[2025-04-20T18:04:44.964+0000] {logging_mixin.py:190} INFO - [2025-04-20T18:04:44.963+0000] {override.py:1912} INFO - Created Permission View: can read on DAG Run:example_local_kubernetes_executor
[2025-04-20T18:04:44.974+0000] {logging_mixin.py:190} INFO - [2025-04-20T18:04:44.973+0000] {override.py:1912} INFO - Created Permission View: can create on DAG Run:example_local_kubernetes_executor
[2025-04-20T18:04:44.986+0000] {logging_mixin.py:190} INFO - [2025-04-20T18:04:44.985+0000] {override.py:1912} INFO - Created Permission View: can delete on DAG Run:example_local_kubernetes_executor
[2025-04-20T18:04:44.986+0000] {logging_mixin.py:190} INFO - [2025-04-20T18:04:44.986+0000] {dag.py:3239} INFO - Sync 1 DAGs
[2025-04-20T18:04:45.015+0000] {logging_mixin.py:190} INFO - [2025-04-20T18:04:45.015+0000] {dag.py:3262} INFO - Creating ORM DAG for example_local_kubernetes_executor
[2025-04-20T18:04:45.017+0000] {logging_mixin.py:190} INFO - [2025-04-20T18:04:45.017+0000] {dag.py:4180} INFO - Setting next_dagrun for example_local_kubernetes_executor to None, run_after=None
[2025-04-20T18:04:45.075+0000] {processor.py:208} INFO - Processing /home/airflow/.local/lib/python3.12/site-packages/airflow/example_dags/example_local_kubernetes_executor.py took 0.576 seconds
[2025-04-20T18:05:15.890+0000] {processor.py:186} INFO - Started process (PID=138) to work on /home/airflow/.local/lib/python3.12/site-packages/airflow/example_dags/example_local_kubernetes_executor.py
[2025-04-20T18:05:15.891+0000] {processor.py:914} INFO - Processing file /home/airflow/.local/lib/python3.12/site-packages/airflow/example_dags/example_local_kubernetes_executor.py for tasks to queue
[2025-04-20T18:05:15.895+0000] {logging_mixin.py:190} INFO - [2025-04-20T18:05:15.894+0000] {dagbag.py:588} INFO - Filling up the DagBag from /home/airflow/.local/lib/python3.12/site-packages/airflow/example_dags/example_local_kubernetes_executor.py
[2025-04-20T18:05:15.910+0000] {processor.py:925} INFO - DAG(s) 'example_local_kubernetes_executor' retrieved from /home/airflow/.local/lib/python3.12/site-packages/airflow/example_dags/example_local_kubernetes_executor.py
[2025-04-20T18:05:15.935+0000] {logging_mixin.py:190} INFO - [2025-04-20T18:05:15.934+0000] {dag.py:3239} INFO - Sync 1 DAGs
[2025-04-20T18:05:15.953+0000] {logging_mixin.py:190} INFO - [2025-04-20T18:05:15.953+0000] {dag.py:4180} INFO - Setting next_dagrun for example_local_kubernetes_executor to None, run_after=None
[2025-04-20T18:05:15.979+0000] {processor.py:208} INFO - Processing /home/airflow/.local/lib/python3.12/site-packages/airflow/example_dags/example_local_kubernetes_executor.py took 0.097 seconds
[2025-04-20T18:05:46.866+0000] {processor.py:186} INFO - Started process (PID=201) to work on /home/airflow/.local/lib/python3.12/site-packages/airflow/example_dags/example_local_kubernetes_executor.py
[2025-04-20T18:05:46.868+0000] {processor.py:914} INFO - Processing file /home/airflow/.local/lib/python3.12/site-packages/airflow/example_dags/example_local_kubernetes_executor.py for tasks to queue
[2025-04-20T18:05:46.872+0000] {logging_mixin.py:190} INFO - [2025-04-20T18:05:46.871+0000] {dagbag.py:588} INFO - Filling up the DagBag from /home/airflow/.local/lib/python3.12/site-packages/airflow/example_dags/example_local_kubernetes_executor.py
[2025-04-20T18:05:46.898+0000] {processor.py:925} INFO - DAG(s) 'example_local_kubernetes_executor' retrieved from /home/airflow/.local/lib/python3.12/site-packages/airflow/example_dags/example_local_kubernetes_executor.py
[2025-04-20T18:05:46.935+0000] {logging_mixin.py:190} INFO - [2025-04-20T18:05:46.935+0000] {dag.py:3239} INFO - Sync 1 DAGs
[2025-04-20T18:05:46.956+0000] {logging_mixin.py:190} INFO - [2025-04-20T18:05:46.956+0000] {dag.py:4180} INFO - Setting next_dagrun for example_local_kubernetes_executor to None, run_after=None
[2025-04-20T18:05:46.982+0000] {processor.py:208} INFO - Processing /home/airflow/.local/lib/python3.12/site-packages/airflow/example_dags/example_local_kubernetes_executor.py took 0.125 seconds
[2025-04-20T18:06:17.163+0000] {processor.py:186} INFO - Started process (PID=264) to work on /home/airflow/.local/lib/python3.12/site-packages/airflow/example_dags/example_local_kubernetes_executor.py
[2025-04-20T18:06:17.165+0000] {processor.py:914} INFO - Processing file /home/airflow/.local/lib/python3.12/site-packages/airflow/example_dags/example_local_kubernetes_executor.py for tasks to queue
[2025-04-20T18:06:17.169+0000] {logging_mixin.py:190} INFO - [2025-04-20T18:06:17.168+0000] {dagbag.py:588} INFO - Filling up the DagBag from /home/airflow/.local/lib/python3.12/site-packages/airflow/example_dags/example_local_kubernetes_executor.py
[2025-04-20T18:06:17.186+0000] {processor.py:925} INFO - DAG(s) 'example_local_kubernetes_executor' retrieved from /home/airflow/.local/lib/python3.12/site-packages/airflow/example_dags/example_local_kubernetes_executor.py
[2025-04-20T18:06:17.216+0000] {logging_mixin.py:190} INFO - [2025-04-20T18:06:17.216+0000] {dag.py:3239} INFO - Sync 1 DAGs
[2025-04-20T18:06:17.246+0000] {logging_mixin.py:190} INFO - [2025-04-20T18:06:17.246+0000] {dag.py:4180} INFO - Setting next_dagrun for example_local_kubernetes_executor to None, run_after=None
[2025-04-20T18:06:17.272+0000] {processor.py:208} INFO - Processing /home/airflow/.local/lib/python3.12/site-packages/airflow/example_dags/example_local_kubernetes_executor.py took 0.119 seconds
[2025-04-20T18:06:47.802+0000] {processor.py:186} INFO - Started process (PID=327) to work on /home/airflow/.local/lib/python3.12/site-packages/airflow/example_dags/example_local_kubernetes_executor.py
[2025-04-20T18:06:47.803+0000] {processor.py:914} INFO - Processing file /home/airflow/.local/lib/python3.12/site-packages/airflow/example_dags/example_local_kubernetes_executor.py for tasks to queue
[2025-04-20T18:06:47.806+0000] {logging_mixin.py:190} INFO - [2025-04-20T18:06:47.806+0000] {dagbag.py:588} INFO - Filling up the DagBag from /home/airflow/.local/lib/python3.12/site-packages/airflow/example_dags/example_local_kubernetes_executor.py
[2025-04-20T18:06:47.823+0000] {processor.py:925} INFO - DAG(s) 'example_local_kubernetes_executor' retrieved from /home/airflow/.local/lib/python3.12/site-packages/airflow/example_dags/example_local_kubernetes_executor.py
[2025-04-20T18:06:47.851+0000] {logging_mixin.py:190} INFO - [2025-04-20T18:06:47.850+0000] {dag.py:3239} INFO - Sync 1 DAGs
[2025-04-20T18:06:47.870+0000] {logging_mixin.py:190} INFO - [2025-04-20T18:06:47.870+0000] {dag.py:4180} INFO - Setting next_dagrun for example_local_kubernetes_executor to None, run_after=None
[2025-04-20T18:06:47.898+0000] {processor.py:208} INFO - Processing /home/airflow/.local/lib/python3.12/site-packages/airflow/example_dags/example_local_kubernetes_executor.py took 0.105 seconds
[2025-04-20T18:07:17.955+0000] {processor.py:186} INFO - Started process (PID=389) to work on /home/airflow/.local/lib/python3.12/site-packages/airflow/example_dags/example_local_kubernetes_executor.py
[2025-04-20T18:07:17.956+0000] {processor.py:914} INFO - Processing file /home/airflow/.local/lib/python3.12/site-packages/airflow/example_dags/example_local_kubernetes_executor.py for tasks to queue
[2025-04-20T18:07:17.961+0000] {logging_mixin.py:190} INFO - [2025-04-20T18:07:17.960+0000] {dagbag.py:588} INFO - Filling up the DagBag from /home/airflow/.local/lib/python3.12/site-packages/airflow/example_dags/example_local_kubernetes_executor.py
[2025-04-20T18:07:17.975+0000] {processor.py:925} INFO - DAG(s) 'example_local_kubernetes_executor' retrieved from /home/airflow/.local/lib/python3.12/site-packages/airflow/example_dags/example_local_kubernetes_executor.py
[2025-04-20T18:07:18.005+0000] {logging_mixin.py:190} INFO - [2025-04-20T18:07:18.004+0000] {dag.py:3239} INFO - Sync 1 DAGs
[2025-04-20T18:07:18.029+0000] {logging_mixin.py:190} INFO - [2025-04-20T18:07:18.029+0000] {dag.py:4180} INFO - Setting next_dagrun for example_local_kubernetes_executor to None, run_after=None
[2025-04-20T18:07:18.062+0000] {processor.py:208} INFO - Processing /home/airflow/.local/lib/python3.12/site-packages/airflow/example_dags/example_local_kubernetes_executor.py took 0.115 seconds
[2025-04-20T18:07:48.905+0000] {processor.py:186} INFO - Started process (PID=453) to work on /home/airflow/.local/lib/python3.12/site-packages/airflow/example_dags/example_local_kubernetes_executor.py
[2025-04-20T18:07:48.907+0000] {processor.py:914} INFO - Processing file /home/airflow/.local/lib/python3.12/site-packages/airflow/example_dags/example_local_kubernetes_executor.py for tasks to queue
[2025-04-20T18:07:48.911+0000] {logging_mixin.py:190} INFO - [2025-04-20T18:07:48.911+0000] {dagbag.py:588} INFO - Filling up the DagBag from /home/airflow/.local/lib/python3.12/site-packages/airflow/example_dags/example_local_kubernetes_executor.py
[2025-04-20T18:07:48.924+0000] {processor.py:925} INFO - DAG(s) 'example_local_kubernetes_executor' retrieved from /home/airflow/.local/lib/python3.12/site-packages/airflow/example_dags/example_local_kubernetes_executor.py
[2025-04-20T18:07:48.954+0000] {logging_mixin.py:190} INFO - [2025-04-20T18:07:48.954+0000] {dag.py:3239} INFO - Sync 1 DAGs
[2025-04-20T18:07:48.972+0000] {logging_mixin.py:190} INFO - [2025-04-20T18:07:48.972+0000] {dag.py:4180} INFO - Setting next_dagrun for example_local_kubernetes_executor to None, run_after=None
[2025-04-20T18:07:49.000+0000] {processor.py:208} INFO - Processing /home/airflow/.local/lib/python3.12/site-packages/airflow/example_dags/example_local_kubernetes_executor.py took 0.104 seconds
[2025-04-20T18:08:19.480+0000] {processor.py:186} INFO - Started process (PID=516) to work on /home/airflow/.local/lib/python3.12/site-packages/airflow/example_dags/example_local_kubernetes_executor.py
[2025-04-20T18:08:19.481+0000] {processor.py:914} INFO - Processing file /home/airflow/.local/lib/python3.12/site-packages/airflow/example_dags/example_local_kubernetes_executor.py for tasks to queue
[2025-04-20T18:08:19.484+0000] {logging_mixin.py:190} INFO - [2025-04-20T18:08:19.484+0000] {dagbag.py:588} INFO - Filling up the DagBag from /home/airflow/.local/lib/python3.12/site-packages/airflow/example_dags/example_local_kubernetes_executor.py
[2025-04-20T18:08:19.496+0000] {processor.py:925} INFO - DAG(s) 'example_local_kubernetes_executor' retrieved from /home/airflow/.local/lib/python3.12/site-packages/airflow/example_dags/example_local_kubernetes_executor.py
[2025-04-20T18:08:19.520+0000] {logging_mixin.py:190} INFO - [2025-04-20T18:08:19.520+0000] {dag.py:3239} INFO - Sync 1 DAGs
[2025-04-20T18:08:19.542+0000] {logging_mixin.py:190} INFO - [2025-04-20T18:08:19.542+0000] {dag.py:4180} INFO - Setting next_dagrun for example_local_kubernetes_executor to None, run_after=None
[2025-04-20T18:08:19.596+0000] {processor.py:208} INFO - Processing /home/airflow/.local/lib/python3.12/site-packages/airflow/example_dags/example_local_kubernetes_executor.py took 0.124 seconds
[2025-04-20T18:08:49.649+0000] {processor.py:186} INFO - Started process (PID=578) to work on /home/airflow/.local/lib/python3.12/site-packages/airflow/example_dags/example_local_kubernetes_executor.py
[2025-04-20T18:08:49.650+0000] {processor.py:914} INFO - Processing file /home/airflow/.local/lib/python3.12/site-packages/airflow/example_dags/example_local_kubernetes_executor.py for tasks to queue
[2025-04-20T18:08:49.653+0000] {logging_mixin.py:190} INFO - [2025-04-20T18:08:49.653+0000] {dagbag.py:588} INFO - Filling up the DagBag from /home/airflow/.local/lib/python3.12/site-packages/airflow/example_dags/example_local_kubernetes_executor.py
[2025-04-20T18:08:49.668+0000] {processor.py:925} INFO - DAG(s) 'example_local_kubernetes_executor' retrieved from /home/airflow/.local/lib/python3.12/site-packages/airflow/example_dags/example_local_kubernetes_executor.py
[2025-04-20T18:08:49.697+0000] {logging_mixin.py:190} INFO - [2025-04-20T18:08:49.697+0000] {dag.py:3239} INFO - Sync 1 DAGs
[2025-04-20T18:08:49.718+0000] {logging_mixin.py:190} INFO - [2025-04-20T18:08:49.718+0000] {dag.py:4180} INFO - Setting next_dagrun for example_local_kubernetes_executor to None, run_after=None
[2025-04-20T18:08:49.747+0000] {processor.py:208} INFO - Processing /home/airflow/.local/lib/python3.12/site-packages/airflow/example_dags/example_local_kubernetes_executor.py took 0.107 seconds
[2025-04-20T18:09:20.093+0000] {processor.py:186} INFO - Started process (PID=642) to work on /home/airflow/.local/lib/python3.12/site-packages/airflow/example_dags/example_local_kubernetes_executor.py
[2025-04-20T18:09:20.094+0000] {processor.py:914} INFO - Processing file /home/airflow/.local/lib/python3.12/site-packages/airflow/example_dags/example_local_kubernetes_executor.py for tasks to queue
[2025-04-20T18:09:20.098+0000] {logging_mixin.py:190} INFO - [2025-04-20T18:09:20.098+0000] {dagbag.py:588} INFO - Filling up the DagBag from /home/airflow/.local/lib/python3.12/site-packages/airflow/example_dags/example_local_kubernetes_executor.py
[2025-04-20T18:09:20.112+0000] {processor.py:925} INFO - DAG(s) 'example_local_kubernetes_executor' retrieved from /home/airflow/.local/lib/python3.12/site-packages/airflow/example_dags/example_local_kubernetes_executor.py
[2025-04-20T18:09:20.139+0000] {logging_mixin.py:190} INFO - [2025-04-20T18:09:20.139+0000] {dag.py:3239} INFO - Sync 1 DAGs
[2025-04-20T18:09:20.159+0000] {logging_mixin.py:190} INFO - [2025-04-20T18:09:20.159+0000] {dag.py:4180} INFO - Setting next_dagrun for example_local_kubernetes_executor to None, run_after=None
[2025-04-20T18:09:20.187+0000] {processor.py:208} INFO - Processing /home/airflow/.local/lib/python3.12/site-packages/airflow/example_dags/example_local_kubernetes_executor.py took 0.101 seconds
