[2025-04-20T17:48:43.339+0000] {processor.py:186} INFO - Started process (PID=77) to work on /home/airflow/.local/lib/python3.12/site-packages/airflow/example_dags/example_python_operator.py
[2025-04-20T17:48:43.340+0000] {processor.py:914} INFO - Processing file /home/airflow/.local/lib/python3.12/site-packages/airflow/example_dags/example_python_operator.py for tasks to queue
[2025-04-20T17:48:43.343+0000] {logging_mixin.py:190} INFO - [2025-04-20T17:48:43.343+0000] {dagbag.py:588} INFO - Filling up the DagBag from /home/airflow/.local/lib/python3.12/site-packages/airflow/example_dags/example_python_operator.py
[2025-04-20T17:48:43.387+0000] {processor.py:925} INFO - DAG(s) 'example_python_operator' retrieved from /home/airflow/.local/lib/python3.12/site-packages/airflow/example_dags/example_python_operator.py
[2025-04-20T17:48:43.610+0000] {logging_mixin.py:190} INFO - [2025-04-20T17:48:43.609+0000] {override.py:1912} INFO - Created Permission View: can read on DAG:example_python_operator
[2025-04-20T17:48:43.647+0000] {logging_mixin.py:190} INFO - [2025-04-20T17:48:43.646+0000] {override.py:1912} INFO - Created Permission View: can edit on DAG:example_python_operator
[2025-04-20T17:48:43.678+0000] {logging_mixin.py:190} INFO - [2025-04-20T17:48:43.678+0000] {override.py:1912} INFO - Created Permission View: can delete on DAG:example_python_operator
[2025-04-20T17:48:43.720+0000] {logging_mixin.py:190} INFO - [2025-04-20T17:48:43.719+0000] {override.py:1912} INFO - Created Permission View: can read on DAG Run:example_python_operator
[2025-04-20T17:48:43.747+0000] {logging_mixin.py:190} INFO - [2025-04-20T17:48:43.747+0000] {override.py:1912} INFO - Created Permission View: can create on DAG Run:example_python_operator
[2025-04-20T17:48:43.771+0000] {logging_mixin.py:190} INFO - [2025-04-20T17:48:43.771+0000] {override.py:1912} INFO - Created Permission View: menu access on DAG Run:example_python_operator
[2025-04-20T17:48:43.795+0000] {logging_mixin.py:190} INFO - [2025-04-20T17:48:43.795+0000] {override.py:1912} INFO - Created Permission View: can delete on DAG Run:example_python_operator
[2025-04-20T17:48:43.797+0000] {logging_mixin.py:190} INFO - [2025-04-20T17:48:43.796+0000] {dag.py:3239} INFO - Sync 1 DAGs
[2025-04-20T17:48:43.824+0000] {logging_mixin.py:190} INFO - [2025-04-20T17:48:43.824+0000] {dag.py:3262} INFO - Creating ORM DAG for example_python_operator
[2025-04-20T17:48:43.826+0000] {logging_mixin.py:190} INFO - [2025-04-20T17:48:43.825+0000] {dag.py:4180} INFO - Setting next_dagrun for example_python_operator to None, run_after=None
[2025-04-20T17:48:43.879+0000] {processor.py:208} INFO - Processing /home/airflow/.local/lib/python3.12/site-packages/airflow/example_dags/example_python_operator.py took 0.548 seconds
[2025-04-20T17:49:14.541+0000] {processor.py:186} INFO - Started process (PID=139) to work on /home/airflow/.local/lib/python3.12/site-packages/airflow/example_dags/example_python_operator.py
[2025-04-20T17:49:14.543+0000] {processor.py:914} INFO - Processing file /home/airflow/.local/lib/python3.12/site-packages/airflow/example_dags/example_python_operator.py for tasks to queue
[2025-04-20T17:49:14.548+0000] {logging_mixin.py:190} INFO - [2025-04-20T17:49:14.548+0000] {dagbag.py:588} INFO - Filling up the DagBag from /home/airflow/.local/lib/python3.12/site-packages/airflow/example_dags/example_python_operator.py
[2025-04-20T17:49:14.563+0000] {processor.py:925} INFO - DAG(s) 'example_python_operator' retrieved from /home/airflow/.local/lib/python3.12/site-packages/airflow/example_dags/example_python_operator.py
[2025-04-20T17:49:14.589+0000] {logging_mixin.py:190} INFO - [2025-04-20T17:49:14.589+0000] {dag.py:3239} INFO - Sync 1 DAGs
[2025-04-20T17:49:14.606+0000] {logging_mixin.py:190} INFO - [2025-04-20T17:49:14.605+0000] {dag.py:4180} INFO - Setting next_dagrun for example_python_operator to None, run_after=None
[2025-04-20T17:49:14.632+0000] {processor.py:208} INFO - Processing /home/airflow/.local/lib/python3.12/site-packages/airflow/example_dags/example_python_operator.py took 0.098 seconds
[2025-04-20T17:49:44.863+0000] {processor.py:186} INFO - Started process (PID=202) to work on /home/airflow/.local/lib/python3.12/site-packages/airflow/example_dags/example_python_operator.py
[2025-04-20T17:49:44.867+0000] {processor.py:914} INFO - Processing file /home/airflow/.local/lib/python3.12/site-packages/airflow/example_dags/example_python_operator.py for tasks to queue
[2025-04-20T17:49:44.872+0000] {logging_mixin.py:190} INFO - [2025-04-20T17:49:44.872+0000] {dagbag.py:588} INFO - Filling up the DagBag from /home/airflow/.local/lib/python3.12/site-packages/airflow/example_dags/example_python_operator.py
[2025-04-20T17:49:44.902+0000] {processor.py:925} INFO - DAG(s) 'example_python_operator' retrieved from /home/airflow/.local/lib/python3.12/site-packages/airflow/example_dags/example_python_operator.py
[2025-04-20T17:49:44.953+0000] {logging_mixin.py:190} INFO - [2025-04-20T17:49:44.953+0000] {dag.py:3239} INFO - Sync 1 DAGs
[2025-04-20T17:49:45.003+0000] {logging_mixin.py:190} INFO - [2025-04-20T17:49:45.003+0000] {dag.py:4180} INFO - Setting next_dagrun for example_python_operator to None, run_after=None
[2025-04-20T17:49:45.067+0000] {processor.py:208} INFO - Processing /home/airflow/.local/lib/python3.12/site-packages/airflow/example_dags/example_python_operator.py took 0.216 seconds
[2025-04-20T17:50:15.764+0000] {processor.py:186} INFO - Started process (PID=265) to work on /home/airflow/.local/lib/python3.12/site-packages/airflow/example_dags/example_python_operator.py
[2025-04-20T17:50:15.765+0000] {processor.py:914} INFO - Processing file /home/airflow/.local/lib/python3.12/site-packages/airflow/example_dags/example_python_operator.py for tasks to queue
[2025-04-20T17:50:15.769+0000] {logging_mixin.py:190} INFO - [2025-04-20T17:50:15.769+0000] {dagbag.py:588} INFO - Filling up the DagBag from /home/airflow/.local/lib/python3.12/site-packages/airflow/example_dags/example_python_operator.py
[2025-04-20T17:50:15.787+0000] {processor.py:925} INFO - DAG(s) 'example_python_operator' retrieved from /home/airflow/.local/lib/python3.12/site-packages/airflow/example_dags/example_python_operator.py
[2025-04-20T17:50:15.817+0000] {logging_mixin.py:190} INFO - [2025-04-20T17:50:15.817+0000] {dag.py:3239} INFO - Sync 1 DAGs
[2025-04-20T17:50:15.837+0000] {logging_mixin.py:190} INFO - [2025-04-20T17:50:15.837+0000] {dag.py:4180} INFO - Setting next_dagrun for example_python_operator to None, run_after=None
[2025-04-20T17:50:15.865+0000] {processor.py:208} INFO - Processing /home/airflow/.local/lib/python3.12/site-packages/airflow/example_dags/example_python_operator.py took 0.109 seconds
[2025-04-20T17:50:46.772+0000] {processor.py:186} INFO - Started process (PID=328) to work on /home/airflow/.local/lib/python3.12/site-packages/airflow/example_dags/example_python_operator.py
[2025-04-20T17:50:46.774+0000] {processor.py:914} INFO - Processing file /home/airflow/.local/lib/python3.12/site-packages/airflow/example_dags/example_python_operator.py for tasks to queue
[2025-04-20T17:50:46.779+0000] {logging_mixin.py:190} INFO - [2025-04-20T17:50:46.778+0000] {dagbag.py:588} INFO - Filling up the DagBag from /home/airflow/.local/lib/python3.12/site-packages/airflow/example_dags/example_python_operator.py
[2025-04-20T17:50:46.803+0000] {processor.py:925} INFO - DAG(s) 'example_python_operator' retrieved from /home/airflow/.local/lib/python3.12/site-packages/airflow/example_dags/example_python_operator.py
[2025-04-20T17:50:46.841+0000] {logging_mixin.py:190} INFO - [2025-04-20T17:50:46.841+0000] {dag.py:3239} INFO - Sync 1 DAGs
[2025-04-20T17:50:46.869+0000] {logging_mixin.py:190} INFO - [2025-04-20T17:50:46.869+0000] {dag.py:4180} INFO - Setting next_dagrun for example_python_operator to None, run_after=None
[2025-04-20T17:50:46.905+0000] {processor.py:208} INFO - Processing /home/airflow/.local/lib/python3.12/site-packages/airflow/example_dags/example_python_operator.py took 0.144 seconds
[2025-04-20T17:51:17.566+0000] {processor.py:186} INFO - Started process (PID=391) to work on /home/airflow/.local/lib/python3.12/site-packages/airflow/example_dags/example_python_operator.py
[2025-04-20T17:51:17.571+0000] {processor.py:914} INFO - Processing file /home/airflow/.local/lib/python3.12/site-packages/airflow/example_dags/example_python_operator.py for tasks to queue
[2025-04-20T17:51:17.574+0000] {logging_mixin.py:190} INFO - [2025-04-20T17:51:17.574+0000] {dagbag.py:588} INFO - Filling up the DagBag from /home/airflow/.local/lib/python3.12/site-packages/airflow/example_dags/example_python_operator.py
[2025-04-20T17:51:17.593+0000] {processor.py:925} INFO - DAG(s) 'example_python_operator' retrieved from /home/airflow/.local/lib/python3.12/site-packages/airflow/example_dags/example_python_operator.py
[2025-04-20T17:51:17.623+0000] {logging_mixin.py:190} INFO - [2025-04-20T17:51:17.622+0000] {dag.py:3239} INFO - Sync 1 DAGs
[2025-04-20T17:51:17.640+0000] {logging_mixin.py:190} INFO - [2025-04-20T17:51:17.640+0000] {dag.py:4180} INFO - Setting next_dagrun for example_python_operator to None, run_after=None
[2025-04-20T17:51:17.668+0000] {processor.py:208} INFO - Processing /home/airflow/.local/lib/python3.12/site-packages/airflow/example_dags/example_python_operator.py took 0.110 seconds
[2025-04-20T17:51:48.431+0000] {processor.py:186} INFO - Started process (PID=454) to work on /home/airflow/.local/lib/python3.12/site-packages/airflow/example_dags/example_python_operator.py
[2025-04-20T17:51:48.432+0000] {processor.py:914} INFO - Processing file /home/airflow/.local/lib/python3.12/site-packages/airflow/example_dags/example_python_operator.py for tasks to queue
[2025-04-20T17:51:48.435+0000] {logging_mixin.py:190} INFO - [2025-04-20T17:51:48.434+0000] {dagbag.py:588} INFO - Filling up the DagBag from /home/airflow/.local/lib/python3.12/site-packages/airflow/example_dags/example_python_operator.py
[2025-04-20T17:51:48.450+0000] {processor.py:925} INFO - DAG(s) 'example_python_operator' retrieved from /home/airflow/.local/lib/python3.12/site-packages/airflow/example_dags/example_python_operator.py
[2025-04-20T17:51:48.476+0000] {logging_mixin.py:190} INFO - [2025-04-20T17:51:48.476+0000] {dag.py:3239} INFO - Sync 1 DAGs
[2025-04-20T17:51:48.494+0000] {logging_mixin.py:190} INFO - [2025-04-20T17:51:48.494+0000] {dag.py:4180} INFO - Setting next_dagrun for example_python_operator to None, run_after=None
[2025-04-20T17:51:48.524+0000] {processor.py:208} INFO - Processing /home/airflow/.local/lib/python3.12/site-packages/airflow/example_dags/example_python_operator.py took 0.101 seconds
[2025-04-20T17:52:18.942+0000] {processor.py:186} INFO - Started process (PID=516) to work on /home/airflow/.local/lib/python3.12/site-packages/airflow/example_dags/example_python_operator.py
[2025-04-20T17:52:18.944+0000] {processor.py:914} INFO - Processing file /home/airflow/.local/lib/python3.12/site-packages/airflow/example_dags/example_python_operator.py for tasks to queue
[2025-04-20T17:52:18.948+0000] {logging_mixin.py:190} INFO - [2025-04-20T17:52:18.947+0000] {dagbag.py:588} INFO - Filling up the DagBag from /home/airflow/.local/lib/python3.12/site-packages/airflow/example_dags/example_python_operator.py
[2025-04-20T17:52:18.969+0000] {processor.py:925} INFO - DAG(s) 'example_python_operator' retrieved from /home/airflow/.local/lib/python3.12/site-packages/airflow/example_dags/example_python_operator.py
[2025-04-20T17:52:19.006+0000] {logging_mixin.py:190} INFO - [2025-04-20T17:52:19.006+0000] {dag.py:3239} INFO - Sync 1 DAGs
[2025-04-20T17:52:19.031+0000] {logging_mixin.py:190} INFO - [2025-04-20T17:52:19.031+0000] {dag.py:4180} INFO - Setting next_dagrun for example_python_operator to None, run_after=None
[2025-04-20T17:52:19.059+0000] {processor.py:208} INFO - Processing /home/airflow/.local/lib/python3.12/site-packages/airflow/example_dags/example_python_operator.py took 0.132 seconds
[2025-04-20T17:52:49.286+0000] {processor.py:186} INFO - Started process (PID=579) to work on /home/airflow/.local/lib/python3.12/site-packages/airflow/example_dags/example_python_operator.py
[2025-04-20T17:52:49.288+0000] {processor.py:914} INFO - Processing file /home/airflow/.local/lib/python3.12/site-packages/airflow/example_dags/example_python_operator.py for tasks to queue
[2025-04-20T17:52:49.292+0000] {logging_mixin.py:190} INFO - [2025-04-20T17:52:49.291+0000] {dagbag.py:588} INFO - Filling up the DagBag from /home/airflow/.local/lib/python3.12/site-packages/airflow/example_dags/example_python_operator.py
[2025-04-20T17:52:49.309+0000] {processor.py:925} INFO - DAG(s) 'example_python_operator' retrieved from /home/airflow/.local/lib/python3.12/site-packages/airflow/example_dags/example_python_operator.py
[2025-04-20T17:52:49.339+0000] {logging_mixin.py:190} INFO - [2025-04-20T17:52:49.339+0000] {dag.py:3239} INFO - Sync 1 DAGs
[2025-04-20T17:52:49.359+0000] {logging_mixin.py:190} INFO - [2025-04-20T17:52:49.359+0000] {dag.py:4180} INFO - Setting next_dagrun for example_python_operator to None, run_after=None
[2025-04-20T17:52:49.391+0000] {processor.py:208} INFO - Processing /home/airflow/.local/lib/python3.12/site-packages/airflow/example_dags/example_python_operator.py took 0.113 seconds
[2025-04-20T17:53:19.452+0000] {processor.py:186} INFO - Started process (PID=642) to work on /home/airflow/.local/lib/python3.12/site-packages/airflow/example_dags/example_python_operator.py
[2025-04-20T17:53:19.454+0000] {processor.py:914} INFO - Processing file /home/airflow/.local/lib/python3.12/site-packages/airflow/example_dags/example_python_operator.py for tasks to queue
[2025-04-20T17:53:19.458+0000] {logging_mixin.py:190} INFO - [2025-04-20T17:53:19.457+0000] {dagbag.py:588} INFO - Filling up the DagBag from /home/airflow/.local/lib/python3.12/site-packages/airflow/example_dags/example_python_operator.py
[2025-04-20T17:53:19.483+0000] {processor.py:925} INFO - DAG(s) 'example_python_operator' retrieved from /home/airflow/.local/lib/python3.12/site-packages/airflow/example_dags/example_python_operator.py
[2025-04-20T17:53:19.516+0000] {logging_mixin.py:190} INFO - [2025-04-20T17:53:19.516+0000] {dag.py:3239} INFO - Sync 1 DAGs
[2025-04-20T17:53:19.540+0000] {logging_mixin.py:190} INFO - [2025-04-20T17:53:19.540+0000] {dag.py:4180} INFO - Setting next_dagrun for example_python_operator to None, run_after=None
[2025-04-20T17:53:19.571+0000] {processor.py:208} INFO - Processing /home/airflow/.local/lib/python3.12/site-packages/airflow/example_dags/example_python_operator.py took 0.131 seconds
[2025-04-20T17:53:50.354+0000] {processor.py:186} INFO - Started process (PID=705) to work on /home/airflow/.local/lib/python3.12/site-packages/airflow/example_dags/example_python_operator.py
[2025-04-20T17:53:50.355+0000] {processor.py:914} INFO - Processing file /home/airflow/.local/lib/python3.12/site-packages/airflow/example_dags/example_python_operator.py for tasks to queue
[2025-04-20T17:53:50.358+0000] {logging_mixin.py:190} INFO - [2025-04-20T17:53:50.358+0000] {dagbag.py:588} INFO - Filling up the DagBag from /home/airflow/.local/lib/python3.12/site-packages/airflow/example_dags/example_python_operator.py
[2025-04-20T17:53:50.375+0000] {processor.py:925} INFO - DAG(s) 'example_python_operator' retrieved from /home/airflow/.local/lib/python3.12/site-packages/airflow/example_dags/example_python_operator.py
[2025-04-20T17:53:50.404+0000] {logging_mixin.py:190} INFO - [2025-04-20T17:53:50.404+0000] {dag.py:3239} INFO - Sync 1 DAGs
[2025-04-20T17:53:50.423+0000] {logging_mixin.py:190} INFO - [2025-04-20T17:53:50.423+0000] {dag.py:4180} INFO - Setting next_dagrun for example_python_operator to None, run_after=None
[2025-04-20T17:53:50.449+0000] {processor.py:208} INFO - Processing /home/airflow/.local/lib/python3.12/site-packages/airflow/example_dags/example_python_operator.py took 0.105 seconds
[2025-04-20T17:54:20.739+0000] {processor.py:186} INFO - Started process (PID=768) to work on /home/airflow/.local/lib/python3.12/site-packages/airflow/example_dags/example_python_operator.py
[2025-04-20T17:54:20.740+0000] {processor.py:914} INFO - Processing file /home/airflow/.local/lib/python3.12/site-packages/airflow/example_dags/example_python_operator.py for tasks to queue
[2025-04-20T17:54:20.743+0000] {logging_mixin.py:190} INFO - [2025-04-20T17:54:20.742+0000] {dagbag.py:588} INFO - Filling up the DagBag from /home/airflow/.local/lib/python3.12/site-packages/airflow/example_dags/example_python_operator.py
[2025-04-20T17:54:20.759+0000] {processor.py:925} INFO - DAG(s) 'example_python_operator' retrieved from /home/airflow/.local/lib/python3.12/site-packages/airflow/example_dags/example_python_operator.py
[2025-04-20T17:54:20.787+0000] {logging_mixin.py:190} INFO - [2025-04-20T17:54:20.787+0000] {dag.py:3239} INFO - Sync 1 DAGs
[2025-04-20T17:54:20.804+0000] {logging_mixin.py:190} INFO - [2025-04-20T17:54:20.804+0000] {dag.py:4180} INFO - Setting next_dagrun for example_python_operator to None, run_after=None
[2025-04-20T17:54:20.830+0000] {processor.py:208} INFO - Processing /home/airflow/.local/lib/python3.12/site-packages/airflow/example_dags/example_python_operator.py took 0.100 seconds
[2025-04-20T17:54:51.719+0000] {processor.py:186} INFO - Started process (PID=831) to work on /home/airflow/.local/lib/python3.12/site-packages/airflow/example_dags/example_python_operator.py
[2025-04-20T17:54:51.720+0000] {processor.py:914} INFO - Processing file /home/airflow/.local/lib/python3.12/site-packages/airflow/example_dags/example_python_operator.py for tasks to queue
[2025-04-20T17:54:51.724+0000] {logging_mixin.py:190} INFO - [2025-04-20T17:54:51.723+0000] {dagbag.py:588} INFO - Filling up the DagBag from /home/airflow/.local/lib/python3.12/site-packages/airflow/example_dags/example_python_operator.py
[2025-04-20T17:54:51.741+0000] {processor.py:925} INFO - DAG(s) 'example_python_operator' retrieved from /home/airflow/.local/lib/python3.12/site-packages/airflow/example_dags/example_python_operator.py
[2025-04-20T17:54:51.768+0000] {logging_mixin.py:190} INFO - [2025-04-20T17:54:51.768+0000] {dag.py:3239} INFO - Sync 1 DAGs
[2025-04-20T17:54:51.788+0000] {logging_mixin.py:190} INFO - [2025-04-20T17:54:51.787+0000] {dag.py:4180} INFO - Setting next_dagrun for example_python_operator to None, run_after=None
[2025-04-20T17:54:51.813+0000] {processor.py:208} INFO - Processing /home/airflow/.local/lib/python3.12/site-packages/airflow/example_dags/example_python_operator.py took 0.103 seconds
[2025-04-20T17:55:22.465+0000] {processor.py:186} INFO - Started process (PID=894) to work on /home/airflow/.local/lib/python3.12/site-packages/airflow/example_dags/example_python_operator.py
[2025-04-20T17:55:22.467+0000] {processor.py:914} INFO - Processing file /home/airflow/.local/lib/python3.12/site-packages/airflow/example_dags/example_python_operator.py for tasks to queue
[2025-04-20T17:55:22.471+0000] {logging_mixin.py:190} INFO - [2025-04-20T17:55:22.471+0000] {dagbag.py:588} INFO - Filling up the DagBag from /home/airflow/.local/lib/python3.12/site-packages/airflow/example_dags/example_python_operator.py
[2025-04-20T17:55:22.491+0000] {processor.py:925} INFO - DAG(s) 'example_python_operator' retrieved from /home/airflow/.local/lib/python3.12/site-packages/airflow/example_dags/example_python_operator.py
[2025-04-20T17:55:22.523+0000] {logging_mixin.py:190} INFO - [2025-04-20T17:55:22.523+0000] {dag.py:3239} INFO - Sync 1 DAGs
[2025-04-20T17:55:22.546+0000] {logging_mixin.py:190} INFO - [2025-04-20T17:55:22.545+0000] {dag.py:4180} INFO - Setting next_dagrun for example_python_operator to None, run_after=None
[2025-04-20T17:55:22.578+0000] {processor.py:208} INFO - Processing /home/airflow/.local/lib/python3.12/site-packages/airflow/example_dags/example_python_operator.py took 0.121 seconds
[2025-04-20T17:55:52.856+0000] {processor.py:186} INFO - Started process (PID=957) to work on /home/airflow/.local/lib/python3.12/site-packages/airflow/example_dags/example_python_operator.py
[2025-04-20T17:55:52.857+0000] {processor.py:914} INFO - Processing file /home/airflow/.local/lib/python3.12/site-packages/airflow/example_dags/example_python_operator.py for tasks to queue
[2025-04-20T17:55:52.861+0000] {logging_mixin.py:190} INFO - [2025-04-20T17:55:52.861+0000] {dagbag.py:588} INFO - Filling up the DagBag from /home/airflow/.local/lib/python3.12/site-packages/airflow/example_dags/example_python_operator.py
[2025-04-20T17:55:52.876+0000] {processor.py:925} INFO - DAG(s) 'example_python_operator' retrieved from /home/airflow/.local/lib/python3.12/site-packages/airflow/example_dags/example_python_operator.py
[2025-04-20T17:55:52.903+0000] {logging_mixin.py:190} INFO - [2025-04-20T17:55:52.903+0000] {dag.py:3239} INFO - Sync 1 DAGs
[2025-04-20T17:55:52.921+0000] {logging_mixin.py:190} INFO - [2025-04-20T17:55:52.920+0000] {dag.py:4180} INFO - Setting next_dagrun for example_python_operator to None, run_after=None
[2025-04-20T17:55:52.946+0000] {processor.py:208} INFO - Processing /home/airflow/.local/lib/python3.12/site-packages/airflow/example_dags/example_python_operator.py took 0.097 seconds
[2025-04-20T17:56:23.644+0000] {processor.py:186} INFO - Started process (PID=1020) to work on /home/airflow/.local/lib/python3.12/site-packages/airflow/example_dags/example_python_operator.py
[2025-04-20T17:56:23.645+0000] {processor.py:914} INFO - Processing file /home/airflow/.local/lib/python3.12/site-packages/airflow/example_dags/example_python_operator.py for tasks to queue
[2025-04-20T17:56:23.648+0000] {logging_mixin.py:190} INFO - [2025-04-20T17:56:23.648+0000] {dagbag.py:588} INFO - Filling up the DagBag from /home/airflow/.local/lib/python3.12/site-packages/airflow/example_dags/example_python_operator.py
[2025-04-20T17:56:23.667+0000] {processor.py:925} INFO - DAG(s) 'example_python_operator' retrieved from /home/airflow/.local/lib/python3.12/site-packages/airflow/example_dags/example_python_operator.py
[2025-04-20T17:56:23.695+0000] {logging_mixin.py:190} INFO - [2025-04-20T17:56:23.695+0000] {dag.py:3239} INFO - Sync 1 DAGs
[2025-04-20T17:56:23.713+0000] {logging_mixin.py:190} INFO - [2025-04-20T17:56:23.713+0000] {dag.py:4180} INFO - Setting next_dagrun for example_python_operator to None, run_after=None
[2025-04-20T17:56:23.736+0000] {processor.py:208} INFO - Processing /home/airflow/.local/lib/python3.12/site-packages/airflow/example_dags/example_python_operator.py took 0.101 seconds
[2025-04-20T17:56:54.626+0000] {processor.py:186} INFO - Started process (PID=1083) to work on /home/airflow/.local/lib/python3.12/site-packages/airflow/example_dags/example_python_operator.py
[2025-04-20T17:56:54.627+0000] {processor.py:914} INFO - Processing file /home/airflow/.local/lib/python3.12/site-packages/airflow/example_dags/example_python_operator.py for tasks to queue
[2025-04-20T17:56:54.629+0000] {logging_mixin.py:190} INFO - [2025-04-20T17:56:54.629+0000] {dagbag.py:588} INFO - Filling up the DagBag from /home/airflow/.local/lib/python3.12/site-packages/airflow/example_dags/example_python_operator.py
[2025-04-20T17:56:54.646+0000] {processor.py:925} INFO - DAG(s) 'example_python_operator' retrieved from /home/airflow/.local/lib/python3.12/site-packages/airflow/example_dags/example_python_operator.py
[2025-04-20T17:56:54.674+0000] {logging_mixin.py:190} INFO - [2025-04-20T17:56:54.674+0000] {dag.py:3239} INFO - Sync 1 DAGs
[2025-04-20T17:56:54.693+0000] {logging_mixin.py:190} INFO - [2025-04-20T17:56:54.693+0000] {dag.py:4180} INFO - Setting next_dagrun for example_python_operator to None, run_after=None
[2025-04-20T17:56:54.717+0000] {processor.py:208} INFO - Processing /home/airflow/.local/lib/python3.12/site-packages/airflow/example_dags/example_python_operator.py took 0.099 seconds
[2025-04-20T17:57:25.050+0000] {processor.py:186} INFO - Started process (PID=1146) to work on /home/airflow/.local/lib/python3.12/site-packages/airflow/example_dags/example_python_operator.py
[2025-04-20T17:57:25.051+0000] {processor.py:914} INFO - Processing file /home/airflow/.local/lib/python3.12/site-packages/airflow/example_dags/example_python_operator.py for tasks to queue
[2025-04-20T17:57:25.055+0000] {logging_mixin.py:190} INFO - [2025-04-20T17:57:25.054+0000] {dagbag.py:588} INFO - Filling up the DagBag from /home/airflow/.local/lib/python3.12/site-packages/airflow/example_dags/example_python_operator.py
[2025-04-20T17:57:25.072+0000] {processor.py:925} INFO - DAG(s) 'example_python_operator' retrieved from /home/airflow/.local/lib/python3.12/site-packages/airflow/example_dags/example_python_operator.py
[2025-04-20T17:57:25.101+0000] {logging_mixin.py:190} INFO - [2025-04-20T17:57:25.101+0000] {dag.py:3239} INFO - Sync 1 DAGs
[2025-04-20T17:57:25.123+0000] {logging_mixin.py:190} INFO - [2025-04-20T17:57:25.123+0000] {dag.py:4180} INFO - Setting next_dagrun for example_python_operator to None, run_after=None
[2025-04-20T17:57:25.154+0000] {processor.py:208} INFO - Processing /home/airflow/.local/lib/python3.12/site-packages/airflow/example_dags/example_python_operator.py took 0.112 seconds
[2025-04-20T17:57:56.233+0000] {processor.py:186} INFO - Started process (PID=1209) to work on /home/airflow/.local/lib/python3.12/site-packages/airflow/example_dags/example_python_operator.py
[2025-04-20T17:57:56.236+0000] {processor.py:914} INFO - Processing file /home/airflow/.local/lib/python3.12/site-packages/airflow/example_dags/example_python_operator.py for tasks to queue
[2025-04-20T17:57:56.240+0000] {logging_mixin.py:190} INFO - [2025-04-20T17:57:56.240+0000] {dagbag.py:588} INFO - Filling up the DagBag from /home/airflow/.local/lib/python3.12/site-packages/airflow/example_dags/example_python_operator.py
[2025-04-20T17:57:56.257+0000] {processor.py:925} INFO - DAG(s) 'example_python_operator' retrieved from /home/airflow/.local/lib/python3.12/site-packages/airflow/example_dags/example_python_operator.py
[2025-04-20T17:57:56.286+0000] {logging_mixin.py:190} INFO - [2025-04-20T17:57:56.286+0000] {dag.py:3239} INFO - Sync 1 DAGs
[2025-04-20T17:57:56.307+0000] {logging_mixin.py:190} INFO - [2025-04-20T17:57:56.306+0000] {dag.py:4180} INFO - Setting next_dagrun for example_python_operator to None, run_after=None
[2025-04-20T17:57:56.332+0000] {processor.py:208} INFO - Processing /home/airflow/.local/lib/python3.12/site-packages/airflow/example_dags/example_python_operator.py took 0.110 seconds
[2025-04-20T17:58:27.264+0000] {processor.py:186} INFO - Started process (PID=1272) to work on /home/airflow/.local/lib/python3.12/site-packages/airflow/example_dags/example_python_operator.py
[2025-04-20T17:58:27.266+0000] {processor.py:914} INFO - Processing file /home/airflow/.local/lib/python3.12/site-packages/airflow/example_dags/example_python_operator.py for tasks to queue
[2025-04-20T17:58:27.269+0000] {logging_mixin.py:190} INFO - [2025-04-20T17:58:27.268+0000] {dagbag.py:588} INFO - Filling up the DagBag from /home/airflow/.local/lib/python3.12/site-packages/airflow/example_dags/example_python_operator.py
[2025-04-20T17:58:27.286+0000] {processor.py:925} INFO - DAG(s) 'example_python_operator' retrieved from /home/airflow/.local/lib/python3.12/site-packages/airflow/example_dags/example_python_operator.py
[2025-04-20T17:58:27.315+0000] {logging_mixin.py:190} INFO - [2025-04-20T17:58:27.315+0000] {dag.py:3239} INFO - Sync 1 DAGs
[2025-04-20T17:58:27.333+0000] {logging_mixin.py:190} INFO - [2025-04-20T17:58:27.332+0000] {dag.py:4180} INFO - Setting next_dagrun for example_python_operator to None, run_after=None
[2025-04-20T17:58:27.361+0000] {processor.py:208} INFO - Processing /home/airflow/.local/lib/python3.12/site-packages/airflow/example_dags/example_python_operator.py took 0.104 seconds
[2025-04-20T18:04:46.823+0000] {processor.py:186} INFO - Started process (PID=80) to work on /home/airflow/.local/lib/python3.12/site-packages/airflow/example_dags/example_python_operator.py
[2025-04-20T18:04:46.824+0000] {processor.py:914} INFO - Processing file /home/airflow/.local/lib/python3.12/site-packages/airflow/example_dags/example_python_operator.py for tasks to queue
[2025-04-20T18:04:46.831+0000] {logging_mixin.py:190} INFO - [2025-04-20T18:04:46.830+0000] {dagbag.py:588} INFO - Filling up the DagBag from /home/airflow/.local/lib/python3.12/site-packages/airflow/example_dags/example_python_operator.py
[2025-04-20T18:04:46.876+0000] {processor.py:925} INFO - DAG(s) 'example_python_operator' retrieved from /home/airflow/.local/lib/python3.12/site-packages/airflow/example_dags/example_python_operator.py
[2025-04-20T18:04:47.166+0000] {logging_mixin.py:190} INFO - [2025-04-20T18:04:47.165+0000] {override.py:1912} INFO - Created Permission View: can read on DAG:example_python_operator
[2025-04-20T18:04:47.182+0000] {logging_mixin.py:190} INFO - [2025-04-20T18:04:47.181+0000] {override.py:1912} INFO - Created Permission View: can edit on DAG:example_python_operator
[2025-04-20T18:04:47.199+0000] {logging_mixin.py:190} INFO - [2025-04-20T18:04:47.194+0000] {override.py:1912} INFO - Created Permission View: can delete on DAG:example_python_operator
[2025-04-20T18:04:47.218+0000] {logging_mixin.py:190} INFO - [2025-04-20T18:04:47.218+0000] {override.py:1912} INFO - Created Permission View: menu access on DAG Run:example_python_operator
[2025-04-20T18:04:47.229+0000] {logging_mixin.py:190} INFO - [2025-04-20T18:04:47.229+0000] {override.py:1912} INFO - Created Permission View: can read on DAG Run:example_python_operator
[2025-04-20T18:04:47.243+0000] {logging_mixin.py:190} INFO - [2025-04-20T18:04:47.242+0000] {override.py:1912} INFO - Created Permission View: can create on DAG Run:example_python_operator
[2025-04-20T18:04:47.253+0000] {logging_mixin.py:190} INFO - [2025-04-20T18:04:47.253+0000] {override.py:1912} INFO - Created Permission View: can delete on DAG Run:example_python_operator
[2025-04-20T18:04:47.254+0000] {logging_mixin.py:190} INFO - [2025-04-20T18:04:47.254+0000] {dag.py:3239} INFO - Sync 1 DAGs
[2025-04-20T18:04:47.278+0000] {logging_mixin.py:190} INFO - [2025-04-20T18:04:47.278+0000] {dag.py:3262} INFO - Creating ORM DAG for example_python_operator
[2025-04-20T18:04:47.282+0000] {logging_mixin.py:190} INFO - [2025-04-20T18:04:47.280+0000] {dag.py:4180} INFO - Setting next_dagrun for example_python_operator to None, run_after=None
[2025-04-20T18:04:47.311+0000] {processor.py:208} INFO - Processing /home/airflow/.local/lib/python3.12/site-packages/airflow/example_dags/example_python_operator.py took 0.505 seconds
[2025-04-20T18:05:18.239+0000] {processor.py:186} INFO - Started process (PID=142) to work on /home/airflow/.local/lib/python3.12/site-packages/airflow/example_dags/example_python_operator.py
[2025-04-20T18:05:18.240+0000] {processor.py:914} INFO - Processing file /home/airflow/.local/lib/python3.12/site-packages/airflow/example_dags/example_python_operator.py for tasks to queue
[2025-04-20T18:05:18.245+0000] {logging_mixin.py:190} INFO - [2025-04-20T18:05:18.244+0000] {dagbag.py:588} INFO - Filling up the DagBag from /home/airflow/.local/lib/python3.12/site-packages/airflow/example_dags/example_python_operator.py
[2025-04-20T18:05:18.260+0000] {processor.py:925} INFO - DAG(s) 'example_python_operator' retrieved from /home/airflow/.local/lib/python3.12/site-packages/airflow/example_dags/example_python_operator.py
[2025-04-20T18:05:18.285+0000] {logging_mixin.py:190} INFO - [2025-04-20T18:05:18.285+0000] {dag.py:3239} INFO - Sync 1 DAGs
[2025-04-20T18:05:18.304+0000] {logging_mixin.py:190} INFO - [2025-04-20T18:05:18.303+0000] {dag.py:4180} INFO - Setting next_dagrun for example_python_operator to None, run_after=None
[2025-04-20T18:05:18.332+0000] {processor.py:208} INFO - Processing /home/airflow/.local/lib/python3.12/site-packages/airflow/example_dags/example_python_operator.py took 0.101 seconds
[2025-04-20T18:05:49.246+0000] {processor.py:186} INFO - Started process (PID=205) to work on /home/airflow/.local/lib/python3.12/site-packages/airflow/example_dags/example_python_operator.py
[2025-04-20T18:05:49.247+0000] {processor.py:914} INFO - Processing file /home/airflow/.local/lib/python3.12/site-packages/airflow/example_dags/example_python_operator.py for tasks to queue
[2025-04-20T18:05:49.251+0000] {logging_mixin.py:190} INFO - [2025-04-20T18:05:49.250+0000] {dagbag.py:588} INFO - Filling up the DagBag from /home/airflow/.local/lib/python3.12/site-packages/airflow/example_dags/example_python_operator.py
[2025-04-20T18:05:49.268+0000] {processor.py:925} INFO - DAG(s) 'example_python_operator' retrieved from /home/airflow/.local/lib/python3.12/site-packages/airflow/example_dags/example_python_operator.py
[2025-04-20T18:05:49.311+0000] {logging_mixin.py:190} INFO - [2025-04-20T18:05:49.311+0000] {dag.py:3239} INFO - Sync 1 DAGs
[2025-04-20T18:05:49.336+0000] {logging_mixin.py:190} INFO - [2025-04-20T18:05:49.336+0000] {dag.py:4180} INFO - Setting next_dagrun for example_python_operator to None, run_after=None
[2025-04-20T18:05:49.373+0000] {processor.py:208} INFO - Processing /home/airflow/.local/lib/python3.12/site-packages/airflow/example_dags/example_python_operator.py took 0.135 seconds
[2025-04-20T18:06:19.559+0000] {processor.py:186} INFO - Started process (PID=268) to work on /home/airflow/.local/lib/python3.12/site-packages/airflow/example_dags/example_python_operator.py
[2025-04-20T18:06:19.562+0000] {processor.py:914} INFO - Processing file /home/airflow/.local/lib/python3.12/site-packages/airflow/example_dags/example_python_operator.py for tasks to queue
[2025-04-20T18:06:19.573+0000] {logging_mixin.py:190} INFO - [2025-04-20T18:06:19.572+0000] {dagbag.py:588} INFO - Filling up the DagBag from /home/airflow/.local/lib/python3.12/site-packages/airflow/example_dags/example_python_operator.py
[2025-04-20T18:06:19.609+0000] {processor.py:925} INFO - DAG(s) 'example_python_operator' retrieved from /home/airflow/.local/lib/python3.12/site-packages/airflow/example_dags/example_python_operator.py
[2025-04-20T18:06:19.644+0000] {logging_mixin.py:190} INFO - [2025-04-20T18:06:19.643+0000] {dag.py:3239} INFO - Sync 1 DAGs
[2025-04-20T18:06:19.666+0000] {logging_mixin.py:190} INFO - [2025-04-20T18:06:19.666+0000] {dag.py:4180} INFO - Setting next_dagrun for example_python_operator to None, run_after=None
[2025-04-20T18:06:19.696+0000] {processor.py:208} INFO - Processing /home/airflow/.local/lib/python3.12/site-packages/airflow/example_dags/example_python_operator.py took 0.154 seconds
[2025-04-20T18:06:50.292+0000] {processor.py:186} INFO - Started process (PID=331) to work on /home/airflow/.local/lib/python3.12/site-packages/airflow/example_dags/example_python_operator.py
[2025-04-20T18:06:50.294+0000] {processor.py:914} INFO - Processing file /home/airflow/.local/lib/python3.12/site-packages/airflow/example_dags/example_python_operator.py for tasks to queue
[2025-04-20T18:06:50.299+0000] {logging_mixin.py:190} INFO - [2025-04-20T18:06:50.298+0000] {dagbag.py:588} INFO - Filling up the DagBag from /home/airflow/.local/lib/python3.12/site-packages/airflow/example_dags/example_python_operator.py
[2025-04-20T18:06:50.319+0000] {processor.py:925} INFO - DAG(s) 'example_python_operator' retrieved from /home/airflow/.local/lib/python3.12/site-packages/airflow/example_dags/example_python_operator.py
[2025-04-20T18:06:50.351+0000] {logging_mixin.py:190} INFO - [2025-04-20T18:06:50.351+0000] {dag.py:3239} INFO - Sync 1 DAGs
[2025-04-20T18:06:50.372+0000] {logging_mixin.py:190} INFO - [2025-04-20T18:06:50.372+0000] {dag.py:4180} INFO - Setting next_dagrun for example_python_operator to None, run_after=None
[2025-04-20T18:06:50.403+0000] {processor.py:208} INFO - Processing /home/airflow/.local/lib/python3.12/site-packages/airflow/example_dags/example_python_operator.py took 0.120 seconds
[2025-04-20T18:07:20.645+0000] {processor.py:186} INFO - Started process (PID=394) to work on /home/airflow/.local/lib/python3.12/site-packages/airflow/example_dags/example_python_operator.py
[2025-04-20T18:07:20.648+0000] {processor.py:914} INFO - Processing file /home/airflow/.local/lib/python3.12/site-packages/airflow/example_dags/example_python_operator.py for tasks to queue
[2025-04-20T18:07:20.653+0000] {logging_mixin.py:190} INFO - [2025-04-20T18:07:20.652+0000] {dagbag.py:588} INFO - Filling up the DagBag from /home/airflow/.local/lib/python3.12/site-packages/airflow/example_dags/example_python_operator.py
[2025-04-20T18:07:20.688+0000] {processor.py:925} INFO - DAG(s) 'example_python_operator' retrieved from /home/airflow/.local/lib/python3.12/site-packages/airflow/example_dags/example_python_operator.py
[2025-04-20T18:07:20.733+0000] {logging_mixin.py:190} INFO - [2025-04-20T18:07:20.733+0000] {dag.py:3239} INFO - Sync 1 DAGs
[2025-04-20T18:07:20.767+0000] {logging_mixin.py:190} INFO - [2025-04-20T18:07:20.766+0000] {dag.py:4180} INFO - Setting next_dagrun for example_python_operator to None, run_after=None
[2025-04-20T18:07:20.852+0000] {processor.py:208} INFO - Processing /home/airflow/.local/lib/python3.12/site-packages/airflow/example_dags/example_python_operator.py took 0.225 seconds
[2025-04-20T18:07:51.258+0000] {processor.py:186} INFO - Started process (PID=457) to work on /home/airflow/.local/lib/python3.12/site-packages/airflow/example_dags/example_python_operator.py
[2025-04-20T18:07:51.259+0000] {processor.py:914} INFO - Processing file /home/airflow/.local/lib/python3.12/site-packages/airflow/example_dags/example_python_operator.py for tasks to queue
[2025-04-20T18:07:51.263+0000] {logging_mixin.py:190} INFO - [2025-04-20T18:07:51.263+0000] {dagbag.py:588} INFO - Filling up the DagBag from /home/airflow/.local/lib/python3.12/site-packages/airflow/example_dags/example_python_operator.py
[2025-04-20T18:07:51.284+0000] {processor.py:925} INFO - DAG(s) 'example_python_operator' retrieved from /home/airflow/.local/lib/python3.12/site-packages/airflow/example_dags/example_python_operator.py
[2025-04-20T18:07:51.317+0000] {logging_mixin.py:190} INFO - [2025-04-20T18:07:51.316+0000] {dag.py:3239} INFO - Sync 1 DAGs
[2025-04-20T18:07:51.338+0000] {logging_mixin.py:190} INFO - [2025-04-20T18:07:51.338+0000] {dag.py:4180} INFO - Setting next_dagrun for example_python_operator to None, run_after=None
[2025-04-20T18:07:51.366+0000] {processor.py:208} INFO - Processing /home/airflow/.local/lib/python3.12/site-packages/airflow/example_dags/example_python_operator.py took 0.121 seconds
[2025-04-20T18:08:21.837+0000] {processor.py:186} INFO - Started process (PID=520) to work on /home/airflow/.local/lib/python3.12/site-packages/airflow/example_dags/example_python_operator.py
[2025-04-20T18:08:21.838+0000] {processor.py:914} INFO - Processing file /home/airflow/.local/lib/python3.12/site-packages/airflow/example_dags/example_python_operator.py for tasks to queue
[2025-04-20T18:08:21.841+0000] {logging_mixin.py:190} INFO - [2025-04-20T18:08:21.841+0000] {dagbag.py:588} INFO - Filling up the DagBag from /home/airflow/.local/lib/python3.12/site-packages/airflow/example_dags/example_python_operator.py
[2025-04-20T18:08:21.857+0000] {processor.py:925} INFO - DAG(s) 'example_python_operator' retrieved from /home/airflow/.local/lib/python3.12/site-packages/airflow/example_dags/example_python_operator.py
[2025-04-20T18:08:21.884+0000] {logging_mixin.py:190} INFO - [2025-04-20T18:08:21.884+0000] {dag.py:3239} INFO - Sync 1 DAGs
[2025-04-20T18:08:21.907+0000] {logging_mixin.py:190} INFO - [2025-04-20T18:08:21.907+0000] {dag.py:4180} INFO - Setting next_dagrun for example_python_operator to None, run_after=None
[2025-04-20T18:08:21.964+0000] {processor.py:208} INFO - Processing /home/airflow/.local/lib/python3.12/site-packages/airflow/example_dags/example_python_operator.py took 0.137 seconds
[2025-04-20T18:08:52.189+0000] {processor.py:186} INFO - Started process (PID=583) to work on /home/airflow/.local/lib/python3.12/site-packages/airflow/example_dags/example_python_operator.py
[2025-04-20T18:08:52.190+0000] {processor.py:914} INFO - Processing file /home/airflow/.local/lib/python3.12/site-packages/airflow/example_dags/example_python_operator.py for tasks to queue
[2025-04-20T18:08:52.194+0000] {logging_mixin.py:190} INFO - [2025-04-20T18:08:52.193+0000] {dagbag.py:588} INFO - Filling up the DagBag from /home/airflow/.local/lib/python3.12/site-packages/airflow/example_dags/example_python_operator.py
[2025-04-20T18:08:52.212+0000] {processor.py:925} INFO - DAG(s) 'example_python_operator' retrieved from /home/airflow/.local/lib/python3.12/site-packages/airflow/example_dags/example_python_operator.py
[2025-04-20T18:08:52.246+0000] {logging_mixin.py:190} INFO - [2025-04-20T18:08:52.245+0000] {dag.py:3239} INFO - Sync 1 DAGs
[2025-04-20T18:08:52.269+0000] {logging_mixin.py:190} INFO - [2025-04-20T18:08:52.268+0000] {dag.py:4180} INFO - Setting next_dagrun for example_python_operator to None, run_after=None
[2025-04-20T18:08:52.295+0000] {processor.py:208} INFO - Processing /home/airflow/.local/lib/python3.12/site-packages/airflow/example_dags/example_python_operator.py took 0.116 seconds
[2025-04-20T18:09:22.505+0000] {processor.py:186} INFO - Started process (PID=646) to work on /home/airflow/.local/lib/python3.12/site-packages/airflow/example_dags/example_python_operator.py
[2025-04-20T18:09:22.507+0000] {processor.py:914} INFO - Processing file /home/airflow/.local/lib/python3.12/site-packages/airflow/example_dags/example_python_operator.py for tasks to queue
[2025-04-20T18:09:22.513+0000] {logging_mixin.py:190} INFO - [2025-04-20T18:09:22.512+0000] {dagbag.py:588} INFO - Filling up the DagBag from /home/airflow/.local/lib/python3.12/site-packages/airflow/example_dags/example_python_operator.py
[2025-04-20T18:09:22.534+0000] {processor.py:925} INFO - DAG(s) 'example_python_operator' retrieved from /home/airflow/.local/lib/python3.12/site-packages/airflow/example_dags/example_python_operator.py
[2025-04-20T18:09:22.566+0000] {logging_mixin.py:190} INFO - [2025-04-20T18:09:22.566+0000] {dag.py:3239} INFO - Sync 1 DAGs
[2025-04-20T18:09:22.592+0000] {logging_mixin.py:190} INFO - [2025-04-20T18:09:22.591+0000] {dag.py:4180} INFO - Setting next_dagrun for example_python_operator to None, run_after=None
[2025-04-20T18:09:22.618+0000] {processor.py:208} INFO - Processing /home/airflow/.local/lib/python3.12/site-packages/airflow/example_dags/example_python_operator.py took 0.123 seconds
