[2025-04-20T17:48:51.472+0000] {processor.py:186} INFO - Started process (PID=88) to work on /home/airflow/.local/lib/python3.12/site-packages/airflow/example_dags/example_branch_python_dop_operator_3.py
[2025-04-20T17:48:51.474+0000] {processor.py:914} INFO - Processing file /home/airflow/.local/lib/python3.12/site-packages/airflow/example_dags/example_branch_python_dop_operator_3.py for tasks to queue
[2025-04-20T17:48:51.477+0000] {logging_mixin.py:190} INFO - [2025-04-20T17:48:51.477+0000] {dagbag.py:588} INFO - Filling up the DagBag from /home/airflow/.local/lib/python3.12/site-packages/airflow/example_dags/example_branch_python_dop_operator_3.py
[2025-04-20T17:48:51.495+0000] {processor.py:925} INFO - DAG(s) 'example_branch_dop_operator_v3' retrieved from /home/airflow/.local/lib/python3.12/site-packages/airflow/example_dags/example_branch_python_dop_operator_3.py
[2025-04-20T17:48:51.660+0000] {logging_mixin.py:190} INFO - [2025-04-20T17:48:51.660+0000] {override.py:1912} INFO - Created Permission View: can read on DAG:example_branch_dop_operator_v3
[2025-04-20T17:48:51.674+0000] {logging_mixin.py:190} INFO - [2025-04-20T17:48:51.674+0000] {override.py:1912} INFO - Created Permission View: can edit on DAG:example_branch_dop_operator_v3
[2025-04-20T17:48:51.683+0000] {logging_mixin.py:190} INFO - [2025-04-20T17:48:51.683+0000] {override.py:1912} INFO - Created Permission View: can delete on DAG:example_branch_dop_operator_v3
[2025-04-20T17:48:51.694+0000] {logging_mixin.py:190} INFO - [2025-04-20T17:48:51.693+0000] {override.py:1912} INFO - Created Permission View: can read on DAG Run:example_branch_dop_operator_v3
[2025-04-20T17:48:51.702+0000] {logging_mixin.py:190} INFO - [2025-04-20T17:48:51.702+0000] {override.py:1912} INFO - Created Permission View: can create on DAG Run:example_branch_dop_operator_v3
[2025-04-20T17:48:51.712+0000] {logging_mixin.py:190} INFO - [2025-04-20T17:48:51.712+0000] {override.py:1912} INFO - Created Permission View: menu access on DAG Run:example_branch_dop_operator_v3
[2025-04-20T17:48:51.721+0000] {logging_mixin.py:190} INFO - [2025-04-20T17:48:51.721+0000] {override.py:1912} INFO - Created Permission View: can delete on DAG Run:example_branch_dop_operator_v3
[2025-04-20T17:48:51.722+0000] {logging_mixin.py:190} INFO - [2025-04-20T17:48:51.722+0000] {dag.py:3239} INFO - Sync 1 DAGs
[2025-04-20T17:48:51.741+0000] {logging_mixin.py:190} INFO - [2025-04-20T17:48:51.740+0000] {dag.py:3262} INFO - Creating ORM DAG for example_branch_dop_operator_v3
[2025-04-20T17:48:51.762+0000] {logging_mixin.py:190} INFO - [2025-04-20T17:48:51.761+0000] {dag.py:4180} INFO - Setting next_dagrun for example_branch_dop_operator_v3 to 2025-04-20 17:47:00+00:00, run_after=2025-04-20 17:48:00+00:00
[2025-04-20T17:48:51.790+0000] {processor.py:208} INFO - Processing /home/airflow/.local/lib/python3.12/site-packages/airflow/example_dags/example_branch_python_dop_operator_3.py took 0.325 seconds
[2025-04-20T17:49:22.901+0000] {processor.py:186} INFO - Started process (PID=151) to work on /home/airflow/.local/lib/python3.12/site-packages/airflow/example_dags/example_branch_python_dop_operator_3.py
[2025-04-20T17:49:22.902+0000] {processor.py:914} INFO - Processing file /home/airflow/.local/lib/python3.12/site-packages/airflow/example_dags/example_branch_python_dop_operator_3.py for tasks to queue
[2025-04-20T17:49:22.906+0000] {logging_mixin.py:190} INFO - [2025-04-20T17:49:22.906+0000] {dagbag.py:588} INFO - Filling up the DagBag from /home/airflow/.local/lib/python3.12/site-packages/airflow/example_dags/example_branch_python_dop_operator_3.py
[2025-04-20T17:49:22.927+0000] {processor.py:925} INFO - DAG(s) 'example_branch_dop_operator_v3' retrieved from /home/airflow/.local/lib/python3.12/site-packages/airflow/example_dags/example_branch_python_dop_operator_3.py
[2025-04-20T17:49:22.968+0000] {logging_mixin.py:190} INFO - [2025-04-20T17:49:22.968+0000] {dag.py:3239} INFO - Sync 1 DAGs
[2025-04-20T17:49:23.057+0000] {logging_mixin.py:190} INFO - [2025-04-20T17:49:23.057+0000] {dag.py:4180} INFO - Setting next_dagrun for example_branch_dop_operator_v3 to 2025-04-20 17:48:00+00:00, run_after=2025-04-20 17:49:00+00:00
[2025-04-20T17:49:23.198+0000] {processor.py:208} INFO - Processing /home/airflow/.local/lib/python3.12/site-packages/airflow/example_dags/example_branch_python_dop_operator_3.py took 0.311 seconds
[2025-04-20T17:49:54.470+0000] {processor.py:186} INFO - Started process (PID=214) to work on /home/airflow/.local/lib/python3.12/site-packages/airflow/example_dags/example_branch_python_dop_operator_3.py
[2025-04-20T17:49:54.471+0000] {processor.py:914} INFO - Processing file /home/airflow/.local/lib/python3.12/site-packages/airflow/example_dags/example_branch_python_dop_operator_3.py for tasks to queue
[2025-04-20T17:49:54.474+0000] {logging_mixin.py:190} INFO - [2025-04-20T17:49:54.474+0000] {dagbag.py:588} INFO - Filling up the DagBag from /home/airflow/.local/lib/python3.12/site-packages/airflow/example_dags/example_branch_python_dop_operator_3.py
[2025-04-20T17:49:54.488+0000] {processor.py:925} INFO - DAG(s) 'example_branch_dop_operator_v3' retrieved from /home/airflow/.local/lib/python3.12/site-packages/airflow/example_dags/example_branch_python_dop_operator_3.py
[2025-04-20T17:49:54.510+0000] {logging_mixin.py:190} INFO - [2025-04-20T17:49:54.510+0000] {dag.py:3239} INFO - Sync 1 DAGs
[2025-04-20T17:49:54.543+0000] {logging_mixin.py:190} INFO - [2025-04-20T17:49:54.542+0000] {dag.py:4180} INFO - Setting next_dagrun for example_branch_dop_operator_v3 to 2025-04-20 17:48:00+00:00, run_after=2025-04-20 17:49:00+00:00
[2025-04-20T17:49:54.571+0000] {processor.py:208} INFO - Processing /home/airflow/.local/lib/python3.12/site-packages/airflow/example_dags/example_branch_python_dop_operator_3.py took 0.110 seconds
[2025-04-20T17:50:25.819+0000] {processor.py:186} INFO - Started process (PID=277) to work on /home/airflow/.local/lib/python3.12/site-packages/airflow/example_dags/example_branch_python_dop_operator_3.py
[2025-04-20T17:50:25.820+0000] {processor.py:914} INFO - Processing file /home/airflow/.local/lib/python3.12/site-packages/airflow/example_dags/example_branch_python_dop_operator_3.py for tasks to queue
[2025-04-20T17:50:25.823+0000] {logging_mixin.py:190} INFO - [2025-04-20T17:50:25.823+0000] {dagbag.py:588} INFO - Filling up the DagBag from /home/airflow/.local/lib/python3.12/site-packages/airflow/example_dags/example_branch_python_dop_operator_3.py
[2025-04-20T17:50:25.838+0000] {processor.py:925} INFO - DAG(s) 'example_branch_dop_operator_v3' retrieved from /home/airflow/.local/lib/python3.12/site-packages/airflow/example_dags/example_branch_python_dop_operator_3.py
[2025-04-20T17:50:25.863+0000] {logging_mixin.py:190} INFO - [2025-04-20T17:50:25.862+0000] {dag.py:3239} INFO - Sync 1 DAGs
[2025-04-20T17:50:25.920+0000] {logging_mixin.py:190} INFO - [2025-04-20T17:50:25.919+0000] {dag.py:4180} INFO - Setting next_dagrun for example_branch_dop_operator_v3 to 2025-04-20 17:49:00+00:00, run_after=2025-04-20 17:50:00+00:00
[2025-04-20T17:50:25.961+0000] {processor.py:208} INFO - Processing /home/airflow/.local/lib/python3.12/site-packages/airflow/example_dags/example_branch_python_dop_operator_3.py took 0.152 seconds
[2025-04-20T17:50:57.658+0000] {processor.py:186} INFO - Started process (PID=340) to work on /home/airflow/.local/lib/python3.12/site-packages/airflow/example_dags/example_branch_python_dop_operator_3.py
[2025-04-20T17:50:57.660+0000] {processor.py:914} INFO - Processing file /home/airflow/.local/lib/python3.12/site-packages/airflow/example_dags/example_branch_python_dop_operator_3.py for tasks to queue
[2025-04-20T17:50:57.664+0000] {logging_mixin.py:190} INFO - [2025-04-20T17:50:57.663+0000] {dagbag.py:588} INFO - Filling up the DagBag from /home/airflow/.local/lib/python3.12/site-packages/airflow/example_dags/example_branch_python_dop_operator_3.py
[2025-04-20T17:50:57.682+0000] {processor.py:925} INFO - DAG(s) 'example_branch_dop_operator_v3' retrieved from /home/airflow/.local/lib/python3.12/site-packages/airflow/example_dags/example_branch_python_dop_operator_3.py
[2025-04-20T17:50:57.713+0000] {logging_mixin.py:190} INFO - [2025-04-20T17:50:57.712+0000] {dag.py:3239} INFO - Sync 1 DAGs
[2025-04-20T17:50:57.750+0000] {logging_mixin.py:190} INFO - [2025-04-20T17:50:57.750+0000] {dag.py:4180} INFO - Setting next_dagrun for example_branch_dop_operator_v3 to 2025-04-20 17:49:00+00:00, run_after=2025-04-20 17:50:00+00:00
[2025-04-20T17:50:57.776+0000] {processor.py:208} INFO - Processing /home/airflow/.local/lib/python3.12/site-packages/airflow/example_dags/example_branch_python_dop_operator_3.py took 0.131 seconds
[2025-04-20T17:51:29.386+0000] {processor.py:186} INFO - Started process (PID=403) to work on /home/airflow/.local/lib/python3.12/site-packages/airflow/example_dags/example_branch_python_dop_operator_3.py
[2025-04-20T17:51:29.390+0000] {processor.py:914} INFO - Processing file /home/airflow/.local/lib/python3.12/site-packages/airflow/example_dags/example_branch_python_dop_operator_3.py for tasks to queue
[2025-04-20T17:51:29.393+0000] {logging_mixin.py:190} INFO - [2025-04-20T17:51:29.393+0000] {dagbag.py:588} INFO - Filling up the DagBag from /home/airflow/.local/lib/python3.12/site-packages/airflow/example_dags/example_branch_python_dop_operator_3.py
[2025-04-20T17:51:29.411+0000] {processor.py:925} INFO - DAG(s) 'example_branch_dop_operator_v3' retrieved from /home/airflow/.local/lib/python3.12/site-packages/airflow/example_dags/example_branch_python_dop_operator_3.py
[2025-04-20T17:51:29.438+0000] {logging_mixin.py:190} INFO - [2025-04-20T17:51:29.437+0000] {dag.py:3239} INFO - Sync 1 DAGs
[2025-04-20T17:51:29.488+0000] {logging_mixin.py:190} INFO - [2025-04-20T17:51:29.488+0000] {dag.py:4180} INFO - Setting next_dagrun for example_branch_dop_operator_v3 to 2025-04-20 17:50:00+00:00, run_after=2025-04-20 17:51:00+00:00
[2025-04-20T17:51:29.526+0000] {processor.py:208} INFO - Processing /home/airflow/.local/lib/python3.12/site-packages/airflow/example_dags/example_branch_python_dop_operator_3.py took 0.152 seconds
[2025-04-20T17:52:01.160+0000] {processor.py:186} INFO - Started process (PID=466) to work on /home/airflow/.local/lib/python3.12/site-packages/airflow/example_dags/example_branch_python_dop_operator_3.py
[2025-04-20T17:52:01.161+0000] {processor.py:914} INFO - Processing file /home/airflow/.local/lib/python3.12/site-packages/airflow/example_dags/example_branch_python_dop_operator_3.py for tasks to queue
[2025-04-20T17:52:01.165+0000] {logging_mixin.py:190} INFO - [2025-04-20T17:52:01.165+0000] {dagbag.py:588} INFO - Filling up the DagBag from /home/airflow/.local/lib/python3.12/site-packages/airflow/example_dags/example_branch_python_dop_operator_3.py
[2025-04-20T17:52:01.182+0000] {processor.py:925} INFO - DAG(s) 'example_branch_dop_operator_v3' retrieved from /home/airflow/.local/lib/python3.12/site-packages/airflow/example_dags/example_branch_python_dop_operator_3.py
[2025-04-20T17:52:01.208+0000] {logging_mixin.py:190} INFO - [2025-04-20T17:52:01.208+0000] {dag.py:3239} INFO - Sync 1 DAGs
[2025-04-20T17:52:01.244+0000] {logging_mixin.py:190} INFO - [2025-04-20T17:52:01.244+0000] {dag.py:4180} INFO - Setting next_dagrun for example_branch_dop_operator_v3 to 2025-04-20 17:51:00+00:00, run_after=2025-04-20 17:52:00+00:00
[2025-04-20T17:52:01.269+0000] {processor.py:208} INFO - Processing /home/airflow/.local/lib/python3.12/site-packages/airflow/example_dags/example_branch_python_dop_operator_3.py took 0.116 seconds
[2025-04-20T17:52:32.634+0000] {processor.py:186} INFO - Started process (PID=528) to work on /home/airflow/.local/lib/python3.12/site-packages/airflow/example_dags/example_branch_python_dop_operator_3.py
[2025-04-20T17:52:32.635+0000] {processor.py:914} INFO - Processing file /home/airflow/.local/lib/python3.12/site-packages/airflow/example_dags/example_branch_python_dop_operator_3.py for tasks to queue
[2025-04-20T17:52:32.638+0000] {logging_mixin.py:190} INFO - [2025-04-20T17:52:32.638+0000] {dagbag.py:588} INFO - Filling up the DagBag from /home/airflow/.local/lib/python3.12/site-packages/airflow/example_dags/example_branch_python_dop_operator_3.py
[2025-04-20T17:52:32.652+0000] {processor.py:925} INFO - DAG(s) 'example_branch_dop_operator_v3' retrieved from /home/airflow/.local/lib/python3.12/site-packages/airflow/example_dags/example_branch_python_dop_operator_3.py
[2025-04-20T17:52:32.676+0000] {logging_mixin.py:190} INFO - [2025-04-20T17:52:32.676+0000] {dag.py:3239} INFO - Sync 1 DAGs
[2025-04-20T17:52:32.715+0000] {logging_mixin.py:190} INFO - [2025-04-20T17:52:32.714+0000] {dag.py:4180} INFO - Setting next_dagrun for example_branch_dop_operator_v3 to 2025-04-20 17:51:00+00:00, run_after=2025-04-20 17:52:00+00:00
[2025-04-20T17:52:32.740+0000] {processor.py:208} INFO - Processing /home/airflow/.local/lib/python3.12/site-packages/airflow/example_dags/example_branch_python_dop_operator_3.py took 0.115 seconds
[2025-04-20T17:53:04.438+0000] {processor.py:186} INFO - Started process (PID=597) to work on /home/airflow/.local/lib/python3.12/site-packages/airflow/example_dags/example_branch_python_dop_operator_3.py
[2025-04-20T17:53:04.439+0000] {processor.py:914} INFO - Processing file /home/airflow/.local/lib/python3.12/site-packages/airflow/example_dags/example_branch_python_dop_operator_3.py for tasks to queue
[2025-04-20T17:53:04.443+0000] {logging_mixin.py:190} INFO - [2025-04-20T17:53:04.442+0000] {dagbag.py:588} INFO - Filling up the DagBag from /home/airflow/.local/lib/python3.12/site-packages/airflow/example_dags/example_branch_python_dop_operator_3.py
[2025-04-20T17:53:04.464+0000] {processor.py:925} INFO - DAG(s) 'example_branch_dop_operator_v3' retrieved from /home/airflow/.local/lib/python3.12/site-packages/airflow/example_dags/example_branch_python_dop_operator_3.py
[2025-04-20T17:53:04.494+0000] {logging_mixin.py:190} INFO - [2025-04-20T17:53:04.494+0000] {dag.py:3239} INFO - Sync 1 DAGs
[2025-04-20T17:53:04.564+0000] {logging_mixin.py:190} INFO - [2025-04-20T17:53:04.563+0000] {dag.py:4180} INFO - Setting next_dagrun for example_branch_dop_operator_v3 to 2025-04-20 17:52:00+00:00, run_after=2025-04-20 17:53:00+00:00
[2025-04-20T17:53:04.597+0000] {processor.py:208} INFO - Processing /home/airflow/.local/lib/python3.12/site-packages/airflow/example_dags/example_branch_python_dop_operator_3.py took 0.172 seconds
[2025-04-20T17:53:36.743+0000] {processor.py:186} INFO - Started process (PID=660) to work on /home/airflow/.local/lib/python3.12/site-packages/airflow/example_dags/example_branch_python_dop_operator_3.py
[2025-04-20T17:53:36.745+0000] {processor.py:914} INFO - Processing file /home/airflow/.local/lib/python3.12/site-packages/airflow/example_dags/example_branch_python_dop_operator_3.py for tasks to queue
[2025-04-20T17:53:36.748+0000] {logging_mixin.py:190} INFO - [2025-04-20T17:53:36.748+0000] {dagbag.py:588} INFO - Filling up the DagBag from /home/airflow/.local/lib/python3.12/site-packages/airflow/example_dags/example_branch_python_dop_operator_3.py
[2025-04-20T17:53:36.764+0000] {processor.py:925} INFO - DAG(s) 'example_branch_dop_operator_v3' retrieved from /home/airflow/.local/lib/python3.12/site-packages/airflow/example_dags/example_branch_python_dop_operator_3.py
[2025-04-20T17:53:36.795+0000] {logging_mixin.py:190} INFO - [2025-04-20T17:53:36.795+0000] {dag.py:3239} INFO - Sync 1 DAGs
[2025-04-20T17:53:36.840+0000] {logging_mixin.py:190} INFO - [2025-04-20T17:53:36.840+0000] {dag.py:4180} INFO - Setting next_dagrun for example_branch_dop_operator_v3 to 2025-04-20 17:52:00+00:00, run_after=2025-04-20 17:53:00+00:00
[2025-04-20T17:53:36.867+0000] {processor.py:208} INFO - Processing /home/airflow/.local/lib/python3.12/site-packages/airflow/example_dags/example_branch_python_dop_operator_3.py took 0.131 seconds
[2025-04-20T17:54:08.226+0000] {processor.py:186} INFO - Started process (PID=723) to work on /home/airflow/.local/lib/python3.12/site-packages/airflow/example_dags/example_branch_python_dop_operator_3.py
[2025-04-20T17:54:08.227+0000] {processor.py:914} INFO - Processing file /home/airflow/.local/lib/python3.12/site-packages/airflow/example_dags/example_branch_python_dop_operator_3.py for tasks to queue
[2025-04-20T17:54:08.232+0000] {logging_mixin.py:190} INFO - [2025-04-20T17:54:08.231+0000] {dagbag.py:588} INFO - Filling up the DagBag from /home/airflow/.local/lib/python3.12/site-packages/airflow/example_dags/example_branch_python_dop_operator_3.py
[2025-04-20T17:54:08.275+0000] {processor.py:925} INFO - DAG(s) 'example_branch_dop_operator_v3' retrieved from /home/airflow/.local/lib/python3.12/site-packages/airflow/example_dags/example_branch_python_dop_operator_3.py
[2025-04-20T17:54:08.318+0000] {logging_mixin.py:190} INFO - [2025-04-20T17:54:08.318+0000] {dag.py:3239} INFO - Sync 1 DAGs
[2025-04-20T17:54:08.373+0000] {logging_mixin.py:190} INFO - [2025-04-20T17:54:08.373+0000] {dag.py:4180} INFO - Setting next_dagrun for example_branch_dop_operator_v3 to 2025-04-20 17:53:00+00:00, run_after=2025-04-20 17:54:00+00:00
[2025-04-20T17:54:08.406+0000] {processor.py:208} INFO - Processing /home/airflow/.local/lib/python3.12/site-packages/airflow/example_dags/example_branch_python_dop_operator_3.py took 0.193 seconds
[2025-04-20T17:54:39.577+0000] {processor.py:186} INFO - Started process (PID=786) to work on /home/airflow/.local/lib/python3.12/site-packages/airflow/example_dags/example_branch_python_dop_operator_3.py
[2025-04-20T17:54:39.579+0000] {processor.py:914} INFO - Processing file /home/airflow/.local/lib/python3.12/site-packages/airflow/example_dags/example_branch_python_dop_operator_3.py for tasks to queue
[2025-04-20T17:54:39.582+0000] {logging_mixin.py:190} INFO - [2025-04-20T17:54:39.582+0000] {dagbag.py:588} INFO - Filling up the DagBag from /home/airflow/.local/lib/python3.12/site-packages/airflow/example_dags/example_branch_python_dop_operator_3.py
[2025-04-20T17:54:39.598+0000] {processor.py:925} INFO - DAG(s) 'example_branch_dop_operator_v3' retrieved from /home/airflow/.local/lib/python3.12/site-packages/airflow/example_dags/example_branch_python_dop_operator_3.py
[2025-04-20T17:54:39.624+0000] {logging_mixin.py:190} INFO - [2025-04-20T17:54:39.624+0000] {dag.py:3239} INFO - Sync 1 DAGs
[2025-04-20T17:54:39.659+0000] {logging_mixin.py:190} INFO - [2025-04-20T17:54:39.659+0000] {dag.py:4180} INFO - Setting next_dagrun for example_branch_dop_operator_v3 to 2025-04-20 17:53:00+00:00, run_after=2025-04-20 17:54:00+00:00
[2025-04-20T17:54:39.685+0000] {processor.py:208} INFO - Processing /home/airflow/.local/lib/python3.12/site-packages/airflow/example_dags/example_branch_python_dop_operator_3.py took 0.117 seconds
[2025-04-20T17:55:10.772+0000] {processor.py:186} INFO - Started process (PID=849) to work on /home/airflow/.local/lib/python3.12/site-packages/airflow/example_dags/example_branch_python_dop_operator_3.py
[2025-04-20T17:55:10.774+0000] {processor.py:914} INFO - Processing file /home/airflow/.local/lib/python3.12/site-packages/airflow/example_dags/example_branch_python_dop_operator_3.py for tasks to queue
[2025-04-20T17:55:10.778+0000] {logging_mixin.py:190} INFO - [2025-04-20T17:55:10.777+0000] {dagbag.py:588} INFO - Filling up the DagBag from /home/airflow/.local/lib/python3.12/site-packages/airflow/example_dags/example_branch_python_dop_operator_3.py
[2025-04-20T17:55:10.798+0000] {processor.py:925} INFO - DAG(s) 'example_branch_dop_operator_v3' retrieved from /home/airflow/.local/lib/python3.12/site-packages/airflow/example_dags/example_branch_python_dop_operator_3.py
[2025-04-20T17:55:10.830+0000] {logging_mixin.py:190} INFO - [2025-04-20T17:55:10.830+0000] {dag.py:3239} INFO - Sync 1 DAGs
[2025-04-20T17:55:10.885+0000] {logging_mixin.py:190} INFO - [2025-04-20T17:55:10.884+0000] {dag.py:4180} INFO - Setting next_dagrun for example_branch_dop_operator_v3 to 2025-04-20 17:54:00+00:00, run_after=2025-04-20 17:55:00+00:00
[2025-04-20T17:55:10.915+0000] {processor.py:208} INFO - Processing /home/airflow/.local/lib/python3.12/site-packages/airflow/example_dags/example_branch_python_dop_operator_3.py took 0.155 seconds
[2025-04-20T17:55:42.475+0000] {processor.py:186} INFO - Started process (PID=912) to work on /home/airflow/.local/lib/python3.12/site-packages/airflow/example_dags/example_branch_python_dop_operator_3.py
[2025-04-20T17:55:42.476+0000] {processor.py:914} INFO - Processing file /home/airflow/.local/lib/python3.12/site-packages/airflow/example_dags/example_branch_python_dop_operator_3.py for tasks to queue
[2025-04-20T17:55:42.479+0000] {logging_mixin.py:190} INFO - [2025-04-20T17:55:42.479+0000] {dagbag.py:588} INFO - Filling up the DagBag from /home/airflow/.local/lib/python3.12/site-packages/airflow/example_dags/example_branch_python_dop_operator_3.py
[2025-04-20T17:55:42.494+0000] {processor.py:925} INFO - DAG(s) 'example_branch_dop_operator_v3' retrieved from /home/airflow/.local/lib/python3.12/site-packages/airflow/example_dags/example_branch_python_dop_operator_3.py
[2025-04-20T17:55:42.522+0000] {logging_mixin.py:190} INFO - [2025-04-20T17:55:42.521+0000] {dag.py:3239} INFO - Sync 1 DAGs
[2025-04-20T17:55:42.560+0000] {logging_mixin.py:190} INFO - [2025-04-20T17:55:42.560+0000] {dag.py:4180} INFO - Setting next_dagrun for example_branch_dop_operator_v3 to 2025-04-20 17:54:00+00:00, run_after=2025-04-20 17:55:00+00:00
[2025-04-20T17:55:42.589+0000] {processor.py:208} INFO - Processing /home/airflow/.local/lib/python3.12/site-packages/airflow/example_dags/example_branch_python_dop_operator_3.py took 0.122 seconds
[2025-04-20T17:56:13.807+0000] {processor.py:186} INFO - Started process (PID=975) to work on /home/airflow/.local/lib/python3.12/site-packages/airflow/example_dags/example_branch_python_dop_operator_3.py
[2025-04-20T17:56:13.809+0000] {processor.py:914} INFO - Processing file /home/airflow/.local/lib/python3.12/site-packages/airflow/example_dags/example_branch_python_dop_operator_3.py for tasks to queue
[2025-04-20T17:56:13.813+0000] {logging_mixin.py:190} INFO - [2025-04-20T17:56:13.812+0000] {dagbag.py:588} INFO - Filling up the DagBag from /home/airflow/.local/lib/python3.12/site-packages/airflow/example_dags/example_branch_python_dop_operator_3.py
[2025-04-20T17:56:13.835+0000] {processor.py:925} INFO - DAG(s) 'example_branch_dop_operator_v3' retrieved from /home/airflow/.local/lib/python3.12/site-packages/airflow/example_dags/example_branch_python_dop_operator_3.py
[2025-04-20T17:56:13.872+0000] {logging_mixin.py:190} INFO - [2025-04-20T17:56:13.871+0000] {dag.py:3239} INFO - Sync 1 DAGs
[2025-04-20T17:56:13.929+0000] {logging_mixin.py:190} INFO - [2025-04-20T17:56:13.929+0000] {dag.py:4180} INFO - Setting next_dagrun for example_branch_dop_operator_v3 to 2025-04-20 17:55:00+00:00, run_after=2025-04-20 17:56:00+00:00
[2025-04-20T17:56:13.964+0000] {processor.py:208} INFO - Processing /home/airflow/.local/lib/python3.12/site-packages/airflow/example_dags/example_branch_python_dop_operator_3.py took 0.168 seconds
[2025-04-20T17:56:45.726+0000] {processor.py:186} INFO - Started process (PID=1038) to work on /home/airflow/.local/lib/python3.12/site-packages/airflow/example_dags/example_branch_python_dop_operator_3.py
[2025-04-20T17:56:45.727+0000] {processor.py:914} INFO - Processing file /home/airflow/.local/lib/python3.12/site-packages/airflow/example_dags/example_branch_python_dop_operator_3.py for tasks to queue
[2025-04-20T17:56:45.731+0000] {logging_mixin.py:190} INFO - [2025-04-20T17:56:45.730+0000] {dagbag.py:588} INFO - Filling up the DagBag from /home/airflow/.local/lib/python3.12/site-packages/airflow/example_dags/example_branch_python_dop_operator_3.py
[2025-04-20T17:56:45.745+0000] {processor.py:925} INFO - DAG(s) 'example_branch_dop_operator_v3' retrieved from /home/airflow/.local/lib/python3.12/site-packages/airflow/example_dags/example_branch_python_dop_operator_3.py
[2025-04-20T17:56:45.771+0000] {logging_mixin.py:190} INFO - [2025-04-20T17:56:45.771+0000] {dag.py:3239} INFO - Sync 1 DAGs
[2025-04-20T17:56:45.809+0000] {logging_mixin.py:190} INFO - [2025-04-20T17:56:45.809+0000] {dag.py:4180} INFO - Setting next_dagrun for example_branch_dop_operator_v3 to 2025-04-20 17:55:00+00:00, run_after=2025-04-20 17:56:00+00:00
[2025-04-20T17:56:45.842+0000] {processor.py:208} INFO - Processing /home/airflow/.local/lib/python3.12/site-packages/airflow/example_dags/example_branch_python_dop_operator_3.py took 0.125 seconds
[2025-04-20T17:57:16.863+0000] {processor.py:186} INFO - Started process (PID=1101) to work on /home/airflow/.local/lib/python3.12/site-packages/airflow/example_dags/example_branch_python_dop_operator_3.py
[2025-04-20T17:57:16.865+0000] {processor.py:914} INFO - Processing file /home/airflow/.local/lib/python3.12/site-packages/airflow/example_dags/example_branch_python_dop_operator_3.py for tasks to queue
[2025-04-20T17:57:16.868+0000] {logging_mixin.py:190} INFO - [2025-04-20T17:57:16.867+0000] {dagbag.py:588} INFO - Filling up the DagBag from /home/airflow/.local/lib/python3.12/site-packages/airflow/example_dags/example_branch_python_dop_operator_3.py
[2025-04-20T17:57:16.883+0000] {processor.py:925} INFO - DAG(s) 'example_branch_dop_operator_v3' retrieved from /home/airflow/.local/lib/python3.12/site-packages/airflow/example_dags/example_branch_python_dop_operator_3.py
[2025-04-20T17:57:16.910+0000] {logging_mixin.py:190} INFO - [2025-04-20T17:57:16.909+0000] {dag.py:3239} INFO - Sync 1 DAGs
[2025-04-20T17:57:16.948+0000] {logging_mixin.py:190} INFO - [2025-04-20T17:57:16.948+0000] {dag.py:4180} INFO - Setting next_dagrun for example_branch_dop_operator_v3 to 2025-04-20 17:56:00+00:00, run_after=2025-04-20 17:57:00+00:00
[2025-04-20T17:57:16.977+0000] {processor.py:208} INFO - Processing /home/airflow/.local/lib/python3.12/site-packages/airflow/example_dags/example_branch_python_dop_operator_3.py took 0.123 seconds
[2025-04-20T17:57:48.099+0000] {processor.py:186} INFO - Started process (PID=1164) to work on /home/airflow/.local/lib/python3.12/site-packages/airflow/example_dags/example_branch_python_dop_operator_3.py
[2025-04-20T17:57:48.100+0000] {processor.py:914} INFO - Processing file /home/airflow/.local/lib/python3.12/site-packages/airflow/example_dags/example_branch_python_dop_operator_3.py for tasks to queue
[2025-04-20T17:57:48.104+0000] {logging_mixin.py:190} INFO - [2025-04-20T17:57:48.103+0000] {dagbag.py:588} INFO - Filling up the DagBag from /home/airflow/.local/lib/python3.12/site-packages/airflow/example_dags/example_branch_python_dop_operator_3.py
[2025-04-20T17:57:48.119+0000] {processor.py:925} INFO - DAG(s) 'example_branch_dop_operator_v3' retrieved from /home/airflow/.local/lib/python3.12/site-packages/airflow/example_dags/example_branch_python_dop_operator_3.py
[2025-04-20T17:57:48.143+0000] {logging_mixin.py:190} INFO - [2025-04-20T17:57:48.143+0000] {dag.py:3239} INFO - Sync 1 DAGs
[2025-04-20T17:57:48.195+0000] {logging_mixin.py:190} INFO - [2025-04-20T17:57:48.195+0000] {dag.py:4180} INFO - Setting next_dagrun for example_branch_dop_operator_v3 to 2025-04-20 17:56:00+00:00, run_after=2025-04-20 17:57:00+00:00
[2025-04-20T17:57:48.223+0000] {processor.py:208} INFO - Processing /home/airflow/.local/lib/python3.12/site-packages/airflow/example_dags/example_branch_python_dop_operator_3.py took 0.135 seconds
[2025-04-20T17:58:19.122+0000] {processor.py:186} INFO - Started process (PID=1227) to work on /home/airflow/.local/lib/python3.12/site-packages/airflow/example_dags/example_branch_python_dop_operator_3.py
[2025-04-20T17:58:19.124+0000] {processor.py:914} INFO - Processing file /home/airflow/.local/lib/python3.12/site-packages/airflow/example_dags/example_branch_python_dop_operator_3.py for tasks to queue
[2025-04-20T17:58:19.128+0000] {logging_mixin.py:190} INFO - [2025-04-20T17:58:19.127+0000] {dagbag.py:588} INFO - Filling up the DagBag from /home/airflow/.local/lib/python3.12/site-packages/airflow/example_dags/example_branch_python_dop_operator_3.py
[2025-04-20T17:58:19.149+0000] {processor.py:925} INFO - DAG(s) 'example_branch_dop_operator_v3' retrieved from /home/airflow/.local/lib/python3.12/site-packages/airflow/example_dags/example_branch_python_dop_operator_3.py
[2025-04-20T17:58:19.183+0000] {logging_mixin.py:190} INFO - [2025-04-20T17:58:19.183+0000] {dag.py:3239} INFO - Sync 1 DAGs
[2025-04-20T17:58:19.231+0000] {logging_mixin.py:190} INFO - [2025-04-20T17:58:19.230+0000] {dag.py:4180} INFO - Setting next_dagrun for example_branch_dop_operator_v3 to 2025-04-20 17:57:00+00:00, run_after=2025-04-20 17:58:00+00:00
[2025-04-20T17:58:19.266+0000] {processor.py:208} INFO - Processing /home/airflow/.local/lib/python3.12/site-packages/airflow/example_dags/example_branch_python_dop_operator_3.py took 0.153 seconds
[2025-04-20T17:58:50.389+0000] {processor.py:186} INFO - Started process (PID=1290) to work on /home/airflow/.local/lib/python3.12/site-packages/airflow/example_dags/example_branch_python_dop_operator_3.py
[2025-04-20T17:58:50.391+0000] {processor.py:914} INFO - Processing file /home/airflow/.local/lib/python3.12/site-packages/airflow/example_dags/example_branch_python_dop_operator_3.py for tasks to queue
[2025-04-20T17:58:50.395+0000] {logging_mixin.py:190} INFO - [2025-04-20T17:58:50.394+0000] {dagbag.py:588} INFO - Filling up the DagBag from /home/airflow/.local/lib/python3.12/site-packages/airflow/example_dags/example_branch_python_dop_operator_3.py
[2025-04-20T17:58:50.410+0000] {processor.py:925} INFO - DAG(s) 'example_branch_dop_operator_v3' retrieved from /home/airflow/.local/lib/python3.12/site-packages/airflow/example_dags/example_branch_python_dop_operator_3.py
[2025-04-20T17:58:50.438+0000] {logging_mixin.py:190} INFO - [2025-04-20T17:58:50.438+0000] {dag.py:3239} INFO - Sync 1 DAGs
[2025-04-20T17:58:50.478+0000] {logging_mixin.py:190} INFO - [2025-04-20T17:58:50.478+0000] {dag.py:4180} INFO - Setting next_dagrun for example_branch_dop_operator_v3 to 2025-04-20 17:57:00+00:00, run_after=2025-04-20 17:58:00+00:00
[2025-04-20T17:58:50.507+0000] {processor.py:208} INFO - Processing /home/airflow/.local/lib/python3.12/site-packages/airflow/example_dags/example_branch_python_dop_operator_3.py took 0.127 seconds
[2025-04-20T18:04:52.106+0000] {processor.py:186} INFO - Started process (PID=91) to work on /home/airflow/.local/lib/python3.12/site-packages/airflow/example_dags/example_branch_python_dop_operator_3.py
[2025-04-20T18:04:52.108+0000] {processor.py:914} INFO - Processing file /home/airflow/.local/lib/python3.12/site-packages/airflow/example_dags/example_branch_python_dop_operator_3.py for tasks to queue
[2025-04-20T18:04:52.112+0000] {logging_mixin.py:190} INFO - [2025-04-20T18:04:52.111+0000] {dagbag.py:588} INFO - Filling up the DagBag from /home/airflow/.local/lib/python3.12/site-packages/airflow/example_dags/example_branch_python_dop_operator_3.py
[2025-04-20T18:04:52.128+0000] {processor.py:925} INFO - DAG(s) 'example_branch_dop_operator_v3' retrieved from /home/airflow/.local/lib/python3.12/site-packages/airflow/example_dags/example_branch_python_dop_operator_3.py
[2025-04-20T18:04:52.280+0000] {logging_mixin.py:190} INFO - [2025-04-20T18:04:52.279+0000] {override.py:1912} INFO - Created Permission View: can read on DAG:example_branch_dop_operator_v3
[2025-04-20T18:04:52.292+0000] {logging_mixin.py:190} INFO - [2025-04-20T18:04:52.292+0000] {override.py:1912} INFO - Created Permission View: can edit on DAG:example_branch_dop_operator_v3
[2025-04-20T18:04:52.302+0000] {logging_mixin.py:190} INFO - [2025-04-20T18:04:52.302+0000] {override.py:1912} INFO - Created Permission View: can delete on DAG:example_branch_dop_operator_v3
[2025-04-20T18:04:52.314+0000] {logging_mixin.py:190} INFO - [2025-04-20T18:04:52.313+0000] {override.py:1912} INFO - Created Permission View: menu access on DAG Run:example_branch_dop_operator_v3
[2025-04-20T18:04:52.324+0000] {logging_mixin.py:190} INFO - [2025-04-20T18:04:52.323+0000] {override.py:1912} INFO - Created Permission View: can read on DAG Run:example_branch_dop_operator_v3
[2025-04-20T18:04:52.334+0000] {logging_mixin.py:190} INFO - [2025-04-20T18:04:52.333+0000] {override.py:1912} INFO - Created Permission View: can create on DAG Run:example_branch_dop_operator_v3
[2025-04-20T18:04:52.345+0000] {logging_mixin.py:190} INFO - [2025-04-20T18:04:52.344+0000] {override.py:1912} INFO - Created Permission View: can delete on DAG Run:example_branch_dop_operator_v3
[2025-04-20T18:04:52.345+0000] {logging_mixin.py:190} INFO - [2025-04-20T18:04:52.345+0000] {dag.py:3239} INFO - Sync 1 DAGs
[2025-04-20T18:04:52.364+0000] {logging_mixin.py:190} INFO - [2025-04-20T18:04:52.364+0000] {dag.py:3262} INFO - Creating ORM DAG for example_branch_dop_operator_v3
[2025-04-20T18:04:52.382+0000] {logging_mixin.py:190} INFO - [2025-04-20T18:04:52.382+0000] {dag.py:4180} INFO - Setting next_dagrun for example_branch_dop_operator_v3 to 2025-04-20 18:03:00+00:00, run_after=2025-04-20 18:04:00+00:00
[2025-04-20T18:04:52.405+0000] {processor.py:208} INFO - Processing /home/airflow/.local/lib/python3.12/site-packages/airflow/example_dags/example_branch_python_dop_operator_3.py took 0.307 seconds
[2025-04-20T18:05:23.156+0000] {processor.py:186} INFO - Started process (PID=154) to work on /home/airflow/.local/lib/python3.12/site-packages/airflow/example_dags/example_branch_python_dop_operator_3.py
[2025-04-20T18:05:23.158+0000] {processor.py:914} INFO - Processing file /home/airflow/.local/lib/python3.12/site-packages/airflow/example_dags/example_branch_python_dop_operator_3.py for tasks to queue
[2025-04-20T18:05:23.162+0000] {logging_mixin.py:190} INFO - [2025-04-20T18:05:23.161+0000] {dagbag.py:588} INFO - Filling up the DagBag from /home/airflow/.local/lib/python3.12/site-packages/airflow/example_dags/example_branch_python_dop_operator_3.py
[2025-04-20T18:05:23.176+0000] {processor.py:925} INFO - DAG(s) 'example_branch_dop_operator_v3' retrieved from /home/airflow/.local/lib/python3.12/site-packages/airflow/example_dags/example_branch_python_dop_operator_3.py
[2025-04-20T18:05:23.201+0000] {logging_mixin.py:190} INFO - [2025-04-20T18:05:23.201+0000] {dag.py:3239} INFO - Sync 1 DAGs
[2025-04-20T18:05:23.232+0000] {logging_mixin.py:190} INFO - [2025-04-20T18:05:23.232+0000] {dag.py:4180} INFO - Setting next_dagrun for example_branch_dop_operator_v3 to 2025-04-20 18:04:00+00:00, run_after=2025-04-20 18:05:00+00:00
[2025-04-20T18:05:23.263+0000] {processor.py:208} INFO - Processing /home/airflow/.local/lib/python3.12/site-packages/airflow/example_dags/example_branch_python_dop_operator_3.py took 0.117 seconds
[2025-04-20T18:05:55.440+0000] {processor.py:186} INFO - Started process (PID=217) to work on /home/airflow/.local/lib/python3.12/site-packages/airflow/example_dags/example_branch_python_dop_operator_3.py
[2025-04-20T18:05:55.443+0000] {processor.py:914} INFO - Processing file /home/airflow/.local/lib/python3.12/site-packages/airflow/example_dags/example_branch_python_dop_operator_3.py for tasks to queue
[2025-04-20T18:05:55.448+0000] {logging_mixin.py:190} INFO - [2025-04-20T18:05:55.447+0000] {dagbag.py:588} INFO - Filling up the DagBag from /home/airflow/.local/lib/python3.12/site-packages/airflow/example_dags/example_branch_python_dop_operator_3.py
[2025-04-20T18:05:55.462+0000] {processor.py:925} INFO - DAG(s) 'example_branch_dop_operator_v3' retrieved from /home/airflow/.local/lib/python3.12/site-packages/airflow/example_dags/example_branch_python_dop_operator_3.py
[2025-04-20T18:05:55.495+0000] {logging_mixin.py:190} INFO - [2025-04-20T18:05:55.494+0000] {dag.py:3239} INFO - Sync 1 DAGs
[2025-04-20T18:05:55.536+0000] {logging_mixin.py:190} INFO - [2025-04-20T18:05:55.535+0000] {dag.py:4180} INFO - Setting next_dagrun for example_branch_dop_operator_v3 to 2025-04-20 18:04:00+00:00, run_after=2025-04-20 18:05:00+00:00
[2025-04-20T18:05:55.570+0000] {processor.py:208} INFO - Processing /home/airflow/.local/lib/python3.12/site-packages/airflow/example_dags/example_branch_python_dop_operator_3.py took 0.140 seconds
[2025-04-20T18:06:26.392+0000] {processor.py:186} INFO - Started process (PID=280) to work on /home/airflow/.local/lib/python3.12/site-packages/airflow/example_dags/example_branch_python_dop_operator_3.py
[2025-04-20T18:06:26.394+0000] {processor.py:914} INFO - Processing file /home/airflow/.local/lib/python3.12/site-packages/airflow/example_dags/example_branch_python_dop_operator_3.py for tasks to queue
[2025-04-20T18:06:26.398+0000] {logging_mixin.py:190} INFO - [2025-04-20T18:06:26.397+0000] {dagbag.py:588} INFO - Filling up the DagBag from /home/airflow/.local/lib/python3.12/site-packages/airflow/example_dags/example_branch_python_dop_operator_3.py
[2025-04-20T18:06:26.415+0000] {processor.py:925} INFO - DAG(s) 'example_branch_dop_operator_v3' retrieved from /home/airflow/.local/lib/python3.12/site-packages/airflow/example_dags/example_branch_python_dop_operator_3.py
[2025-04-20T18:06:26.442+0000] {logging_mixin.py:190} INFO - [2025-04-20T18:06:26.442+0000] {dag.py:3239} INFO - Sync 1 DAGs
[2025-04-20T18:06:26.483+0000] {logging_mixin.py:190} INFO - [2025-04-20T18:06:26.483+0000] {dag.py:4180} INFO - Setting next_dagrun for example_branch_dop_operator_v3 to 2025-04-20 18:05:00+00:00, run_after=2025-04-20 18:06:00+00:00
[2025-04-20T18:06:26.511+0000] {processor.py:208} INFO - Processing /home/airflow/.local/lib/python3.12/site-packages/airflow/example_dags/example_branch_python_dop_operator_3.py took 0.126 seconds
[2025-04-20T18:06:58.403+0000] {processor.py:186} INFO - Started process (PID=343) to work on /home/airflow/.local/lib/python3.12/site-packages/airflow/example_dags/example_branch_python_dop_operator_3.py
[2025-04-20T18:06:58.404+0000] {processor.py:914} INFO - Processing file /home/airflow/.local/lib/python3.12/site-packages/airflow/example_dags/example_branch_python_dop_operator_3.py for tasks to queue
[2025-04-20T18:06:58.407+0000] {logging_mixin.py:190} INFO - [2025-04-20T18:06:58.407+0000] {dagbag.py:588} INFO - Filling up the DagBag from /home/airflow/.local/lib/python3.12/site-packages/airflow/example_dags/example_branch_python_dop_operator_3.py
[2025-04-20T18:06:58.423+0000] {processor.py:925} INFO - DAG(s) 'example_branch_dop_operator_v3' retrieved from /home/airflow/.local/lib/python3.12/site-packages/airflow/example_dags/example_branch_python_dop_operator_3.py
[2025-04-20T18:06:58.449+0000] {logging_mixin.py:190} INFO - [2025-04-20T18:06:58.448+0000] {dag.py:3239} INFO - Sync 1 DAGs
[2025-04-20T18:06:58.485+0000] {logging_mixin.py:190} INFO - [2025-04-20T18:06:58.484+0000] {dag.py:4180} INFO - Setting next_dagrun for example_branch_dop_operator_v3 to 2025-04-20 18:05:00+00:00, run_after=2025-04-20 18:06:00+00:00
[2025-04-20T18:06:58.512+0000] {processor.py:208} INFO - Processing /home/airflow/.local/lib/python3.12/site-packages/airflow/example_dags/example_branch_python_dop_operator_3.py took 0.118 seconds
[2025-04-20T18:07:29.823+0000] {processor.py:186} INFO - Started process (PID=406) to work on /home/airflow/.local/lib/python3.12/site-packages/airflow/example_dags/example_branch_python_dop_operator_3.py
[2025-04-20T18:07:29.825+0000] {processor.py:914} INFO - Processing file /home/airflow/.local/lib/python3.12/site-packages/airflow/example_dags/example_branch_python_dop_operator_3.py for tasks to queue
[2025-04-20T18:07:29.831+0000] {logging_mixin.py:190} INFO - [2025-04-20T18:07:29.830+0000] {dagbag.py:588} INFO - Filling up the DagBag from /home/airflow/.local/lib/python3.12/site-packages/airflow/example_dags/example_branch_python_dop_operator_3.py
[2025-04-20T18:07:29.848+0000] {processor.py:925} INFO - DAG(s) 'example_branch_dop_operator_v3' retrieved from /home/airflow/.local/lib/python3.12/site-packages/airflow/example_dags/example_branch_python_dop_operator_3.py
[2025-04-20T18:07:29.877+0000] {logging_mixin.py:190} INFO - [2025-04-20T18:07:29.877+0000] {dag.py:3239} INFO - Sync 1 DAGs
[2025-04-20T18:07:29.921+0000] {logging_mixin.py:190} INFO - [2025-04-20T18:07:29.920+0000] {dag.py:4180} INFO - Setting next_dagrun for example_branch_dop_operator_v3 to 2025-04-20 18:06:00+00:00, run_after=2025-04-20 18:07:00+00:00
[2025-04-20T18:07:29.952+0000] {processor.py:208} INFO - Processing /home/airflow/.local/lib/python3.12/site-packages/airflow/example_dags/example_branch_python_dop_operator_3.py took 0.140 seconds
[2025-04-20T18:08:01.527+0000] {processor.py:186} INFO - Started process (PID=469) to work on /home/airflow/.local/lib/python3.12/site-packages/airflow/example_dags/example_branch_python_dop_operator_3.py
[2025-04-20T18:08:01.539+0000] {processor.py:914} INFO - Processing file /home/airflow/.local/lib/python3.12/site-packages/airflow/example_dags/example_branch_python_dop_operator_3.py for tasks to queue
[2025-04-20T18:08:01.542+0000] {logging_mixin.py:190} INFO - [2025-04-20T18:08:01.542+0000] {dagbag.py:588} INFO - Filling up the DagBag from /home/airflow/.local/lib/python3.12/site-packages/airflow/example_dags/example_branch_python_dop_operator_3.py
[2025-04-20T18:08:01.561+0000] {processor.py:925} INFO - DAG(s) 'example_branch_dop_operator_v3' retrieved from /home/airflow/.local/lib/python3.12/site-packages/airflow/example_dags/example_branch_python_dop_operator_3.py
[2025-04-20T18:08:01.589+0000] {logging_mixin.py:190} INFO - [2025-04-20T18:08:01.589+0000] {dag.py:3239} INFO - Sync 1 DAGs
[2025-04-20T18:08:01.633+0000] {logging_mixin.py:190} INFO - [2025-04-20T18:08:01.632+0000] {dag.py:4180} INFO - Setting next_dagrun for example_branch_dop_operator_v3 to 2025-04-20 18:07:00+00:00, run_after=2025-04-20 18:08:00+00:00
[2025-04-20T18:08:01.679+0000] {processor.py:208} INFO - Processing /home/airflow/.local/lib/python3.12/site-packages/airflow/example_dags/example_branch_python_dop_operator_3.py took 0.163 seconds
[2025-04-20T18:08:33.104+0000] {processor.py:186} INFO - Started process (PID=532) to work on /home/airflow/.local/lib/python3.12/site-packages/airflow/example_dags/example_branch_python_dop_operator_3.py
[2025-04-20T18:08:33.105+0000] {processor.py:914} INFO - Processing file /home/airflow/.local/lib/python3.12/site-packages/airflow/example_dags/example_branch_python_dop_operator_3.py for tasks to queue
[2025-04-20T18:08:33.108+0000] {logging_mixin.py:190} INFO - [2025-04-20T18:08:33.108+0000] {dagbag.py:588} INFO - Filling up the DagBag from /home/airflow/.local/lib/python3.12/site-packages/airflow/example_dags/example_branch_python_dop_operator_3.py
[2025-04-20T18:08:33.127+0000] {processor.py:925} INFO - DAG(s) 'example_branch_dop_operator_v3' retrieved from /home/airflow/.local/lib/python3.12/site-packages/airflow/example_dags/example_branch_python_dop_operator_3.py
[2025-04-20T18:08:33.166+0000] {logging_mixin.py:190} INFO - [2025-04-20T18:08:33.166+0000] {dag.py:3239} INFO - Sync 1 DAGs
[2025-04-20T18:08:33.222+0000] {logging_mixin.py:190} INFO - [2025-04-20T18:08:33.221+0000] {dag.py:4180} INFO - Setting next_dagrun for example_branch_dop_operator_v3 to 2025-04-20 18:07:00+00:00, run_after=2025-04-20 18:08:00+00:00
[2025-04-20T18:08:33.260+0000] {processor.py:208} INFO - Processing /home/airflow/.local/lib/python3.12/site-packages/airflow/example_dags/example_branch_python_dop_operator_3.py took 0.167 seconds
[2025-04-20T18:09:04.469+0000] {processor.py:186} INFO - Started process (PID=595) to work on /home/airflow/.local/lib/python3.12/site-packages/airflow/example_dags/example_branch_python_dop_operator_3.py
[2025-04-20T18:09:04.472+0000] {processor.py:914} INFO - Processing file /home/airflow/.local/lib/python3.12/site-packages/airflow/example_dags/example_branch_python_dop_operator_3.py for tasks to queue
[2025-04-20T18:09:04.481+0000] {logging_mixin.py:190} INFO - [2025-04-20T18:09:04.480+0000] {dagbag.py:588} INFO - Filling up the DagBag from /home/airflow/.local/lib/python3.12/site-packages/airflow/example_dags/example_branch_python_dop_operator_3.py
[2025-04-20T18:09:04.507+0000] {processor.py:925} INFO - DAG(s) 'example_branch_dop_operator_v3' retrieved from /home/airflow/.local/lib/python3.12/site-packages/airflow/example_dags/example_branch_python_dop_operator_3.py
[2025-04-20T18:09:04.546+0000] {logging_mixin.py:190} INFO - [2025-04-20T18:09:04.546+0000] {dag.py:3239} INFO - Sync 1 DAGs
[2025-04-20T18:09:04.585+0000] {logging_mixin.py:190} INFO - [2025-04-20T18:09:04.585+0000] {dag.py:4180} INFO - Setting next_dagrun for example_branch_dop_operator_v3 to 2025-04-20 18:08:00+00:00, run_after=2025-04-20 18:09:00+00:00
[2025-04-20T18:09:04.622+0000] {processor.py:208} INFO - Processing /home/airflow/.local/lib/python3.12/site-packages/airflow/example_dags/example_branch_python_dop_operator_3.py took 0.170 seconds
[2025-04-20T18:09:35.571+0000] {processor.py:186} INFO - Started process (PID=658) to work on /home/airflow/.local/lib/python3.12/site-packages/airflow/example_dags/example_branch_python_dop_operator_3.py
[2025-04-20T18:09:35.573+0000] {processor.py:914} INFO - Processing file /home/airflow/.local/lib/python3.12/site-packages/airflow/example_dags/example_branch_python_dop_operator_3.py for tasks to queue
[2025-04-20T18:09:35.577+0000] {logging_mixin.py:190} INFO - [2025-04-20T18:09:35.576+0000] {dagbag.py:588} INFO - Filling up the DagBag from /home/airflow/.local/lib/python3.12/site-packages/airflow/example_dags/example_branch_python_dop_operator_3.py
[2025-04-20T18:09:35.592+0000] {processor.py:925} INFO - DAG(s) 'example_branch_dop_operator_v3' retrieved from /home/airflow/.local/lib/python3.12/site-packages/airflow/example_dags/example_branch_python_dop_operator_3.py
[2025-04-20T18:09:35.619+0000] {logging_mixin.py:190} INFO - [2025-04-20T18:09:35.619+0000] {dag.py:3239} INFO - Sync 1 DAGs
[2025-04-20T18:09:35.656+0000] {logging_mixin.py:190} INFO - [2025-04-20T18:09:35.656+0000] {dag.py:4180} INFO - Setting next_dagrun for example_branch_dop_operator_v3 to 2025-04-20 18:08:00+00:00, run_after=2025-04-20 18:09:00+00:00
[2025-04-20T18:09:35.688+0000] {processor.py:208} INFO - Processing /home/airflow/.local/lib/python3.12/site-packages/airflow/example_dags/example_branch_python_dop_operator_3.py took 0.125 seconds
