[2025-04-20T17:49:00.442+0000] {processor.py:186} INFO - Started process (PID=121) to work on /home/airflow/.local/lib/python3.12/site-packages/airflow/example_dags/example_task_group.py
[2025-04-20T17:49:00.443+0000] {processor.py:914} INFO - Processing file /home/airflow/.local/lib/python3.12/site-packages/airflow/example_dags/example_task_group.py for tasks to queue
[2025-04-20T17:49:00.447+0000] {logging_mixin.py:190} INFO - [2025-04-20T17:49:00.446+0000] {dagbag.py:588} INFO - Filling up the DagBag from /home/airflow/.local/lib/python3.12/site-packages/airflow/example_dags/example_task_group.py
[2025-04-20T17:49:00.462+0000] {processor.py:925} INFO - DAG(s) 'example_task_group' retrieved from /home/airflow/.local/lib/python3.12/site-packages/airflow/example_dags/example_task_group.py
[2025-04-20T17:49:00.656+0000] {logging_mixin.py:190} INFO - [2025-04-20T17:49:00.654+0000] {override.py:1912} INFO - Created Permission View: can read on DAG:example_task_group
[2025-04-20T17:49:00.692+0000] {logging_mixin.py:190} INFO - [2025-04-20T17:49:00.691+0000] {override.py:1912} INFO - Created Permission View: can edit on DAG:example_task_group
[2025-04-20T17:49:00.709+0000] {logging_mixin.py:190} INFO - [2025-04-20T17:49:00.708+0000] {override.py:1912} INFO - Created Permission View: can delete on DAG:example_task_group
[2025-04-20T17:49:00.728+0000] {logging_mixin.py:190} INFO - [2025-04-20T17:49:00.728+0000] {override.py:1912} INFO - Created Permission View: can read on DAG Run:example_task_group
[2025-04-20T17:49:00.747+0000] {logging_mixin.py:190} INFO - [2025-04-20T17:49:00.747+0000] {override.py:1912} INFO - Created Permission View: can create on DAG Run:example_task_group
[2025-04-20T17:49:00.769+0000] {logging_mixin.py:190} INFO - [2025-04-20T17:49:00.768+0000] {override.py:1912} INFO - Created Permission View: menu access on DAG Run:example_task_group
[2025-04-20T17:49:00.784+0000] {logging_mixin.py:190} INFO - [2025-04-20T17:49:00.784+0000] {override.py:1912} INFO - Created Permission View: can delete on DAG Run:example_task_group
[2025-04-20T17:49:00.785+0000] {logging_mixin.py:190} INFO - [2025-04-20T17:49:00.785+0000] {dag.py:3239} INFO - Sync 1 DAGs
[2025-04-20T17:49:00.815+0000] {logging_mixin.py:190} INFO - [2025-04-20T17:49:00.814+0000] {dag.py:3262} INFO - Creating ORM DAG for example_task_group
[2025-04-20T17:49:00.817+0000] {logging_mixin.py:190} INFO - [2025-04-20T17:49:00.816+0000] {dag.py:4180} INFO - Setting next_dagrun for example_task_group to None, run_after=None
[2025-04-20T17:49:00.874+0000] {processor.py:208} INFO - Processing /home/airflow/.local/lib/python3.12/site-packages/airflow/example_dags/example_task_group.py took 0.440 seconds
[2025-04-20T17:49:30.955+0000] {processor.py:186} INFO - Started process (PID=184) to work on /home/airflow/.local/lib/python3.12/site-packages/airflow/example_dags/example_task_group.py
[2025-04-20T17:49:30.956+0000] {processor.py:914} INFO - Processing file /home/airflow/.local/lib/python3.12/site-packages/airflow/example_dags/example_task_group.py for tasks to queue
[2025-04-20T17:49:30.959+0000] {logging_mixin.py:190} INFO - [2025-04-20T17:49:30.959+0000] {dagbag.py:588} INFO - Filling up the DagBag from /home/airflow/.local/lib/python3.12/site-packages/airflow/example_dags/example_task_group.py
[2025-04-20T17:49:30.972+0000] {processor.py:925} INFO - DAG(s) 'example_task_group' retrieved from /home/airflow/.local/lib/python3.12/site-packages/airflow/example_dags/example_task_group.py
[2025-04-20T17:49:30.998+0000] {logging_mixin.py:190} INFO - [2025-04-20T17:49:30.998+0000] {dag.py:3239} INFO - Sync 1 DAGs
[2025-04-20T17:49:31.016+0000] {logging_mixin.py:190} INFO - [2025-04-20T17:49:31.016+0000] {dag.py:4180} INFO - Setting next_dagrun for example_task_group to None, run_after=None
[2025-04-20T17:49:31.060+0000] {processor.py:208} INFO - Processing /home/airflow/.local/lib/python3.12/site-packages/airflow/example_dags/example_task_group.py took 0.114 seconds
[2025-04-20T17:50:01.825+0000] {processor.py:186} INFO - Started process (PID=247) to work on /home/airflow/.local/lib/python3.12/site-packages/airflow/example_dags/example_task_group.py
[2025-04-20T17:50:01.826+0000] {processor.py:914} INFO - Processing file /home/airflow/.local/lib/python3.12/site-packages/airflow/example_dags/example_task_group.py for tasks to queue
[2025-04-20T17:50:01.829+0000] {logging_mixin.py:190} INFO - [2025-04-20T17:50:01.829+0000] {dagbag.py:588} INFO - Filling up the DagBag from /home/airflow/.local/lib/python3.12/site-packages/airflow/example_dags/example_task_group.py
[2025-04-20T17:50:01.844+0000] {processor.py:925} INFO - DAG(s) 'example_task_group' retrieved from /home/airflow/.local/lib/python3.12/site-packages/airflow/example_dags/example_task_group.py
[2025-04-20T17:50:01.878+0000] {logging_mixin.py:190} INFO - [2025-04-20T17:50:01.878+0000] {dag.py:3239} INFO - Sync 1 DAGs
[2025-04-20T17:50:01.903+0000] {logging_mixin.py:190} INFO - [2025-04-20T17:50:01.902+0000] {dag.py:4180} INFO - Setting next_dagrun for example_task_group to None, run_after=None
[2025-04-20T17:50:01.930+0000] {processor.py:208} INFO - Processing /home/airflow/.local/lib/python3.12/site-packages/airflow/example_dags/example_task_group.py took 0.115 seconds
[2025-04-20T17:50:32.914+0000] {processor.py:186} INFO - Started process (PID=310) to work on /home/airflow/.local/lib/python3.12/site-packages/airflow/example_dags/example_task_group.py
[2025-04-20T17:50:32.916+0000] {processor.py:914} INFO - Processing file /home/airflow/.local/lib/python3.12/site-packages/airflow/example_dags/example_task_group.py for tasks to queue
[2025-04-20T17:50:32.919+0000] {logging_mixin.py:190} INFO - [2025-04-20T17:50:32.919+0000] {dagbag.py:588} INFO - Filling up the DagBag from /home/airflow/.local/lib/python3.12/site-packages/airflow/example_dags/example_task_group.py
[2025-04-20T17:50:32.931+0000] {processor.py:925} INFO - DAG(s) 'example_task_group' retrieved from /home/airflow/.local/lib/python3.12/site-packages/airflow/example_dags/example_task_group.py
[2025-04-20T17:50:32.959+0000] {logging_mixin.py:190} INFO - [2025-04-20T17:50:32.959+0000] {dag.py:3239} INFO - Sync 1 DAGs
[2025-04-20T17:50:32.987+0000] {logging_mixin.py:190} INFO - [2025-04-20T17:50:32.987+0000] {dag.py:4180} INFO - Setting next_dagrun for example_task_group to None, run_after=None
[2025-04-20T17:50:33.016+0000] {processor.py:208} INFO - Processing /home/airflow/.local/lib/python3.12/site-packages/airflow/example_dags/example_task_group.py took 0.108 seconds
[2025-04-20T17:51:04.603+0000] {processor.py:186} INFO - Started process (PID=379) to work on /home/airflow/.local/lib/python3.12/site-packages/airflow/example_dags/example_task_group.py
[2025-04-20T17:51:04.605+0000] {processor.py:914} INFO - Processing file /home/airflow/.local/lib/python3.12/site-packages/airflow/example_dags/example_task_group.py for tasks to queue
[2025-04-20T17:51:04.609+0000] {logging_mixin.py:190} INFO - [2025-04-20T17:51:04.608+0000] {dagbag.py:588} INFO - Filling up the DagBag from /home/airflow/.local/lib/python3.12/site-packages/airflow/example_dags/example_task_group.py
[2025-04-20T17:51:04.621+0000] {processor.py:925} INFO - DAG(s) 'example_task_group' retrieved from /home/airflow/.local/lib/python3.12/site-packages/airflow/example_dags/example_task_group.py
[2025-04-20T17:51:04.647+0000] {logging_mixin.py:190} INFO - [2025-04-20T17:51:04.646+0000] {dag.py:3239} INFO - Sync 1 DAGs
[2025-04-20T17:51:04.668+0000] {logging_mixin.py:190} INFO - [2025-04-20T17:51:04.667+0000] {dag.py:4180} INFO - Setting next_dagrun for example_task_group to None, run_after=None
[2025-04-20T17:51:04.697+0000] {processor.py:208} INFO - Processing /home/airflow/.local/lib/python3.12/site-packages/airflow/example_dags/example_task_group.py took 0.103 seconds
[2025-04-20T17:51:36.498+0000] {processor.py:186} INFO - Started process (PID=442) to work on /home/airflow/.local/lib/python3.12/site-packages/airflow/example_dags/example_task_group.py
[2025-04-20T17:51:36.502+0000] {processor.py:914} INFO - Processing file /home/airflow/.local/lib/python3.12/site-packages/airflow/example_dags/example_task_group.py for tasks to queue
[2025-04-20T17:51:36.505+0000] {logging_mixin.py:190} INFO - [2025-04-20T17:51:36.505+0000] {dagbag.py:588} INFO - Filling up the DagBag from /home/airflow/.local/lib/python3.12/site-packages/airflow/example_dags/example_task_group.py
[2025-04-20T17:51:36.517+0000] {processor.py:925} INFO - DAG(s) 'example_task_group' retrieved from /home/airflow/.local/lib/python3.12/site-packages/airflow/example_dags/example_task_group.py
[2025-04-20T17:51:36.545+0000] {logging_mixin.py:190} INFO - [2025-04-20T17:51:36.545+0000] {dag.py:3239} INFO - Sync 1 DAGs
[2025-04-20T17:51:36.564+0000] {logging_mixin.py:190} INFO - [2025-04-20T17:51:36.563+0000] {dag.py:4180} INFO - Setting next_dagrun for example_task_group to None, run_after=None
[2025-04-20T17:51:36.586+0000] {processor.py:208} INFO - Processing /home/airflow/.local/lib/python3.12/site-packages/airflow/example_dags/example_task_group.py took 0.095 seconds
[2025-04-20T17:52:07.160+0000] {processor.py:186} INFO - Started process (PID=504) to work on /home/airflow/.local/lib/python3.12/site-packages/airflow/example_dags/example_task_group.py
[2025-04-20T17:52:07.161+0000] {processor.py:914} INFO - Processing file /home/airflow/.local/lib/python3.12/site-packages/airflow/example_dags/example_task_group.py for tasks to queue
[2025-04-20T17:52:07.164+0000] {logging_mixin.py:190} INFO - [2025-04-20T17:52:07.164+0000] {dagbag.py:588} INFO - Filling up the DagBag from /home/airflow/.local/lib/python3.12/site-packages/airflow/example_dags/example_task_group.py
[2025-04-20T17:52:07.176+0000] {processor.py:925} INFO - DAG(s) 'example_task_group' retrieved from /home/airflow/.local/lib/python3.12/site-packages/airflow/example_dags/example_task_group.py
[2025-04-20T17:52:07.203+0000] {logging_mixin.py:190} INFO - [2025-04-20T17:52:07.203+0000] {dag.py:3239} INFO - Sync 1 DAGs
[2025-04-20T17:52:07.225+0000] {logging_mixin.py:190} INFO - [2025-04-20T17:52:07.225+0000] {dag.py:4180} INFO - Setting next_dagrun for example_task_group to None, run_after=None
[2025-04-20T17:52:07.249+0000] {processor.py:208} INFO - Processing /home/airflow/.local/lib/python3.12/site-packages/airflow/example_dags/example_task_group.py took 0.096 seconds
[2025-04-20T17:52:38.500+0000] {processor.py:186} INFO - Started process (PID=567) to work on /home/airflow/.local/lib/python3.12/site-packages/airflow/example_dags/example_task_group.py
[2025-04-20T17:52:38.502+0000] {processor.py:914} INFO - Processing file /home/airflow/.local/lib/python3.12/site-packages/airflow/example_dags/example_task_group.py for tasks to queue
[2025-04-20T17:52:38.504+0000] {logging_mixin.py:190} INFO - [2025-04-20T17:52:38.504+0000] {dagbag.py:588} INFO - Filling up the DagBag from /home/airflow/.local/lib/python3.12/site-packages/airflow/example_dags/example_task_group.py
[2025-04-20T17:52:38.516+0000] {processor.py:925} INFO - DAG(s) 'example_task_group' retrieved from /home/airflow/.local/lib/python3.12/site-packages/airflow/example_dags/example_task_group.py
[2025-04-20T17:52:38.545+0000] {logging_mixin.py:190} INFO - [2025-04-20T17:52:38.545+0000] {dag.py:3239} INFO - Sync 1 DAGs
[2025-04-20T17:52:38.564+0000] {logging_mixin.py:190} INFO - [2025-04-20T17:52:38.564+0000] {dag.py:4180} INFO - Setting next_dagrun for example_task_group to None, run_after=None
[2025-04-20T17:52:38.592+0000] {processor.py:208} INFO - Processing /home/airflow/.local/lib/python3.12/site-packages/airflow/example_dags/example_task_group.py took 0.100 seconds
[2025-04-20T17:53:09.627+0000] {processor.py:186} INFO - Started process (PID=630) to work on /home/airflow/.local/lib/python3.12/site-packages/airflow/example_dags/example_task_group.py
[2025-04-20T17:53:09.628+0000] {processor.py:914} INFO - Processing file /home/airflow/.local/lib/python3.12/site-packages/airflow/example_dags/example_task_group.py for tasks to queue
[2025-04-20T17:53:09.631+0000] {logging_mixin.py:190} INFO - [2025-04-20T17:53:09.631+0000] {dagbag.py:588} INFO - Filling up the DagBag from /home/airflow/.local/lib/python3.12/site-packages/airflow/example_dags/example_task_group.py
[2025-04-20T17:53:09.644+0000] {processor.py:925} INFO - DAG(s) 'example_task_group' retrieved from /home/airflow/.local/lib/python3.12/site-packages/airflow/example_dags/example_task_group.py
[2025-04-20T17:53:09.675+0000] {logging_mixin.py:190} INFO - [2025-04-20T17:53:09.674+0000] {dag.py:3239} INFO - Sync 1 DAGs
[2025-04-20T17:53:09.693+0000] {logging_mixin.py:190} INFO - [2025-04-20T17:53:09.693+0000] {dag.py:4180} INFO - Setting next_dagrun for example_task_group to None, run_after=None
[2025-04-20T17:53:09.719+0000] {processor.py:208} INFO - Processing /home/airflow/.local/lib/python3.12/site-packages/airflow/example_dags/example_task_group.py took 0.099 seconds
[2025-04-20T17:53:41.471+0000] {processor.py:186} INFO - Started process (PID=693) to work on /home/airflow/.local/lib/python3.12/site-packages/airflow/example_dags/example_task_group.py
[2025-04-20T17:53:41.473+0000] {processor.py:914} INFO - Processing file /home/airflow/.local/lib/python3.12/site-packages/airflow/example_dags/example_task_group.py for tasks to queue
[2025-04-20T17:53:41.476+0000] {logging_mixin.py:190} INFO - [2025-04-20T17:53:41.476+0000] {dagbag.py:588} INFO - Filling up the DagBag from /home/airflow/.local/lib/python3.12/site-packages/airflow/example_dags/example_task_group.py
[2025-04-20T17:53:41.489+0000] {processor.py:925} INFO - DAG(s) 'example_task_group' retrieved from /home/airflow/.local/lib/python3.12/site-packages/airflow/example_dags/example_task_group.py
[2025-04-20T17:53:41.519+0000] {logging_mixin.py:190} INFO - [2025-04-20T17:53:41.519+0000] {dag.py:3239} INFO - Sync 1 DAGs
[2025-04-20T17:53:41.545+0000] {logging_mixin.py:190} INFO - [2025-04-20T17:53:41.545+0000] {dag.py:4180} INFO - Setting next_dagrun for example_task_group to None, run_after=None
[2025-04-20T17:53:41.574+0000] {processor.py:208} INFO - Processing /home/airflow/.local/lib/python3.12/site-packages/airflow/example_dags/example_task_group.py took 0.110 seconds
[2025-04-20T17:54:12.779+0000] {processor.py:186} INFO - Started process (PID=756) to work on /home/airflow/.local/lib/python3.12/site-packages/airflow/example_dags/example_task_group.py
[2025-04-20T17:54:12.781+0000] {processor.py:914} INFO - Processing file /home/airflow/.local/lib/python3.12/site-packages/airflow/example_dags/example_task_group.py for tasks to queue
[2025-04-20T17:54:12.784+0000] {logging_mixin.py:190} INFO - [2025-04-20T17:54:12.783+0000] {dagbag.py:588} INFO - Filling up the DagBag from /home/airflow/.local/lib/python3.12/site-packages/airflow/example_dags/example_task_group.py
[2025-04-20T17:54:12.800+0000] {processor.py:925} INFO - DAG(s) 'example_task_group' retrieved from /home/airflow/.local/lib/python3.12/site-packages/airflow/example_dags/example_task_group.py
[2025-04-20T17:54:12.831+0000] {logging_mixin.py:190} INFO - [2025-04-20T17:54:12.831+0000] {dag.py:3239} INFO - Sync 1 DAGs
[2025-04-20T17:54:12.857+0000] {logging_mixin.py:190} INFO - [2025-04-20T17:54:12.856+0000] {dag.py:4180} INFO - Setting next_dagrun for example_task_group to None, run_after=None
[2025-04-20T17:54:12.884+0000] {processor.py:208} INFO - Processing /home/airflow/.local/lib/python3.12/site-packages/airflow/example_dags/example_task_group.py took 0.113 seconds
[2025-04-20T17:54:43.916+0000] {processor.py:186} INFO - Started process (PID=819) to work on /home/airflow/.local/lib/python3.12/site-packages/airflow/example_dags/example_task_group.py
[2025-04-20T17:54:43.918+0000] {processor.py:914} INFO - Processing file /home/airflow/.local/lib/python3.12/site-packages/airflow/example_dags/example_task_group.py for tasks to queue
[2025-04-20T17:54:43.922+0000] {logging_mixin.py:190} INFO - [2025-04-20T17:54:43.921+0000] {dagbag.py:588} INFO - Filling up the DagBag from /home/airflow/.local/lib/python3.12/site-packages/airflow/example_dags/example_task_group.py
[2025-04-20T17:54:43.937+0000] {processor.py:925} INFO - DAG(s) 'example_task_group' retrieved from /home/airflow/.local/lib/python3.12/site-packages/airflow/example_dags/example_task_group.py
[2025-04-20T17:54:43.967+0000] {logging_mixin.py:190} INFO - [2025-04-20T17:54:43.966+0000] {dag.py:3239} INFO - Sync 1 DAGs
[2025-04-20T17:54:43.989+0000] {logging_mixin.py:190} INFO - [2025-04-20T17:54:43.989+0000] {dag.py:4180} INFO - Setting next_dagrun for example_task_group to None, run_after=None
[2025-04-20T17:54:44.020+0000] {processor.py:208} INFO - Processing /home/airflow/.local/lib/python3.12/site-packages/airflow/example_dags/example_task_group.py took 0.120 seconds
[2025-04-20T17:55:16.108+0000] {processor.py:186} INFO - Started process (PID=882) to work on /home/airflow/.local/lib/python3.12/site-packages/airflow/example_dags/example_task_group.py
[2025-04-20T17:55:16.110+0000] {processor.py:914} INFO - Processing file /home/airflow/.local/lib/python3.12/site-packages/airflow/example_dags/example_task_group.py for tasks to queue
[2025-04-20T17:55:16.114+0000] {logging_mixin.py:190} INFO - [2025-04-20T17:55:16.113+0000] {dagbag.py:588} INFO - Filling up the DagBag from /home/airflow/.local/lib/python3.12/site-packages/airflow/example_dags/example_task_group.py
[2025-04-20T17:55:16.128+0000] {processor.py:925} INFO - DAG(s) 'example_task_group' retrieved from /home/airflow/.local/lib/python3.12/site-packages/airflow/example_dags/example_task_group.py
[2025-04-20T17:55:16.161+0000] {logging_mixin.py:190} INFO - [2025-04-20T17:55:16.160+0000] {dag.py:3239} INFO - Sync 1 DAGs
[2025-04-20T17:55:16.190+0000] {logging_mixin.py:190} INFO - [2025-04-20T17:55:16.189+0000] {dag.py:4180} INFO - Setting next_dagrun for example_task_group to None, run_after=None
[2025-04-20T17:55:16.223+0000] {processor.py:208} INFO - Processing /home/airflow/.local/lib/python3.12/site-packages/airflow/example_dags/example_task_group.py took 0.126 seconds
[2025-04-20T17:55:47.930+0000] {processor.py:186} INFO - Started process (PID=945) to work on /home/airflow/.local/lib/python3.12/site-packages/airflow/example_dags/example_task_group.py
[2025-04-20T17:55:47.932+0000] {processor.py:914} INFO - Processing file /home/airflow/.local/lib/python3.12/site-packages/airflow/example_dags/example_task_group.py for tasks to queue
[2025-04-20T17:55:47.936+0000] {logging_mixin.py:190} INFO - [2025-04-20T17:55:47.935+0000] {dagbag.py:588} INFO - Filling up the DagBag from /home/airflow/.local/lib/python3.12/site-packages/airflow/example_dags/example_task_group.py
[2025-04-20T17:55:47.948+0000] {processor.py:925} INFO - DAG(s) 'example_task_group' retrieved from /home/airflow/.local/lib/python3.12/site-packages/airflow/example_dags/example_task_group.py
[2025-04-20T17:55:47.975+0000] {logging_mixin.py:190} INFO - [2025-04-20T17:55:47.975+0000] {dag.py:3239} INFO - Sync 1 DAGs
[2025-04-20T17:55:47.994+0000] {logging_mixin.py:190} INFO - [2025-04-20T17:55:47.993+0000] {dag.py:4180} INFO - Setting next_dagrun for example_task_group to None, run_after=None
[2025-04-20T17:55:48.029+0000] {processor.py:208} INFO - Processing /home/airflow/.local/lib/python3.12/site-packages/airflow/example_dags/example_task_group.py took 0.105 seconds
[2025-04-20T17:56:18.860+0000] {processor.py:186} INFO - Started process (PID=1008) to work on /home/airflow/.local/lib/python3.12/site-packages/airflow/example_dags/example_task_group.py
[2025-04-20T17:56:18.862+0000] {processor.py:914} INFO - Processing file /home/airflow/.local/lib/python3.12/site-packages/airflow/example_dags/example_task_group.py for tasks to queue
[2025-04-20T17:56:18.864+0000] {logging_mixin.py:190} INFO - [2025-04-20T17:56:18.864+0000] {dagbag.py:588} INFO - Filling up the DagBag from /home/airflow/.local/lib/python3.12/site-packages/airflow/example_dags/example_task_group.py
[2025-04-20T17:56:18.876+0000] {processor.py:925} INFO - DAG(s) 'example_task_group' retrieved from /home/airflow/.local/lib/python3.12/site-packages/airflow/example_dags/example_task_group.py
[2025-04-20T17:56:18.904+0000] {logging_mixin.py:190} INFO - [2025-04-20T17:56:18.903+0000] {dag.py:3239} INFO - Sync 1 DAGs
[2025-04-20T17:56:18.921+0000] {logging_mixin.py:190} INFO - [2025-04-20T17:56:18.921+0000] {dag.py:4180} INFO - Setting next_dagrun for example_task_group to None, run_after=None
[2025-04-20T17:56:18.949+0000] {processor.py:208} INFO - Processing /home/airflow/.local/lib/python3.12/site-packages/airflow/example_dags/example_task_group.py took 0.096 seconds
[2025-04-20T17:56:49.824+0000] {processor.py:186} INFO - Started process (PID=1071) to work on /home/airflow/.local/lib/python3.12/site-packages/airflow/example_dags/example_task_group.py
[2025-04-20T17:56:49.826+0000] {processor.py:914} INFO - Processing file /home/airflow/.local/lib/python3.12/site-packages/airflow/example_dags/example_task_group.py for tasks to queue
[2025-04-20T17:56:49.829+0000] {logging_mixin.py:190} INFO - [2025-04-20T17:56:49.829+0000] {dagbag.py:588} INFO - Filling up the DagBag from /home/airflow/.local/lib/python3.12/site-packages/airflow/example_dags/example_task_group.py
[2025-04-20T17:56:49.840+0000] {processor.py:925} INFO - DAG(s) 'example_task_group' retrieved from /home/airflow/.local/lib/python3.12/site-packages/airflow/example_dags/example_task_group.py
[2025-04-20T17:56:49.868+0000] {logging_mixin.py:190} INFO - [2025-04-20T17:56:49.867+0000] {dag.py:3239} INFO - Sync 1 DAGs
[2025-04-20T17:56:49.887+0000] {logging_mixin.py:190} INFO - [2025-04-20T17:56:49.886+0000] {dag.py:4180} INFO - Setting next_dagrun for example_task_group to None, run_after=None
[2025-04-20T17:56:49.913+0000] {processor.py:208} INFO - Processing /home/airflow/.local/lib/python3.12/site-packages/airflow/example_dags/example_task_group.py took 0.100 seconds
[2025-04-20T17:57:21.331+0000] {processor.py:186} INFO - Started process (PID=1134) to work on /home/airflow/.local/lib/python3.12/site-packages/airflow/example_dags/example_task_group.py
[2025-04-20T17:57:21.333+0000] {processor.py:914} INFO - Processing file /home/airflow/.local/lib/python3.12/site-packages/airflow/example_dags/example_task_group.py for tasks to queue
[2025-04-20T17:57:21.336+0000] {logging_mixin.py:190} INFO - [2025-04-20T17:57:21.336+0000] {dagbag.py:588} INFO - Filling up the DagBag from /home/airflow/.local/lib/python3.12/site-packages/airflow/example_dags/example_task_group.py
[2025-04-20T17:57:21.349+0000] {processor.py:925} INFO - DAG(s) 'example_task_group' retrieved from /home/airflow/.local/lib/python3.12/site-packages/airflow/example_dags/example_task_group.py
[2025-04-20T17:57:21.374+0000] {logging_mixin.py:190} INFO - [2025-04-20T17:57:21.374+0000] {dag.py:3239} INFO - Sync 1 DAGs
[2025-04-20T17:57:21.393+0000] {logging_mixin.py:190} INFO - [2025-04-20T17:57:21.393+0000] {dag.py:4180} INFO - Setting next_dagrun for example_task_group to None, run_after=None
[2025-04-20T17:57:21.416+0000] {processor.py:208} INFO - Processing /home/airflow/.local/lib/python3.12/site-packages/airflow/example_dags/example_task_group.py took 0.093 seconds
[2025-04-20T17:57:52.331+0000] {processor.py:186} INFO - Started process (PID=1197) to work on /home/airflow/.local/lib/python3.12/site-packages/airflow/example_dags/example_task_group.py
[2025-04-20T17:57:52.332+0000] {processor.py:914} INFO - Processing file /home/airflow/.local/lib/python3.12/site-packages/airflow/example_dags/example_task_group.py for tasks to queue
[2025-04-20T17:57:52.335+0000] {logging_mixin.py:190} INFO - [2025-04-20T17:57:52.335+0000] {dagbag.py:588} INFO - Filling up the DagBag from /home/airflow/.local/lib/python3.12/site-packages/airflow/example_dags/example_task_group.py
[2025-04-20T17:57:52.346+0000] {processor.py:925} INFO - DAG(s) 'example_task_group' retrieved from /home/airflow/.local/lib/python3.12/site-packages/airflow/example_dags/example_task_group.py
[2025-04-20T17:57:52.393+0000] {logging_mixin.py:190} INFO - [2025-04-20T17:57:52.393+0000] {dag.py:3239} INFO - Sync 1 DAGs
[2025-04-20T17:57:52.426+0000] {logging_mixin.py:190} INFO - [2025-04-20T17:57:52.426+0000] {dag.py:4180} INFO - Setting next_dagrun for example_task_group to None, run_after=None
[2025-04-20T17:57:52.449+0000] {processor.py:208} INFO - Processing /home/airflow/.local/lib/python3.12/site-packages/airflow/example_dags/example_task_group.py took 0.125 seconds
[2025-04-20T17:58:23.432+0000] {processor.py:186} INFO - Started process (PID=1260) to work on /home/airflow/.local/lib/python3.12/site-packages/airflow/example_dags/example_task_group.py
[2025-04-20T17:58:23.433+0000] {processor.py:914} INFO - Processing file /home/airflow/.local/lib/python3.12/site-packages/airflow/example_dags/example_task_group.py for tasks to queue
[2025-04-20T17:58:23.437+0000] {logging_mixin.py:190} INFO - [2025-04-20T17:58:23.436+0000] {dagbag.py:588} INFO - Filling up the DagBag from /home/airflow/.local/lib/python3.12/site-packages/airflow/example_dags/example_task_group.py
[2025-04-20T17:58:23.449+0000] {processor.py:925} INFO - DAG(s) 'example_task_group' retrieved from /home/airflow/.local/lib/python3.12/site-packages/airflow/example_dags/example_task_group.py
[2025-04-20T17:58:23.482+0000] {logging_mixin.py:190} INFO - [2025-04-20T17:58:23.482+0000] {dag.py:3239} INFO - Sync 1 DAGs
[2025-04-20T17:58:23.517+0000] {logging_mixin.py:190} INFO - [2025-04-20T17:58:23.516+0000] {dag.py:4180} INFO - Setting next_dagrun for example_task_group to None, run_after=None
[2025-04-20T17:58:23.557+0000] {processor.py:208} INFO - Processing /home/airflow/.local/lib/python3.12/site-packages/airflow/example_dags/example_task_group.py took 0.137 seconds
[2025-04-20T17:58:54.497+0000] {processor.py:186} INFO - Started process (PID=1323) to work on /home/airflow/.local/lib/python3.12/site-packages/airflow/example_dags/example_task_group.py
[2025-04-20T17:58:54.498+0000] {processor.py:914} INFO - Processing file /home/airflow/.local/lib/python3.12/site-packages/airflow/example_dags/example_task_group.py for tasks to queue
[2025-04-20T17:58:54.501+0000] {logging_mixin.py:190} INFO - [2025-04-20T17:58:54.501+0000] {dagbag.py:588} INFO - Filling up the DagBag from /home/airflow/.local/lib/python3.12/site-packages/airflow/example_dags/example_task_group.py
[2025-04-20T17:58:54.514+0000] {processor.py:925} INFO - DAG(s) 'example_task_group' retrieved from /home/airflow/.local/lib/python3.12/site-packages/airflow/example_dags/example_task_group.py
[2025-04-20T17:58:54.542+0000] {logging_mixin.py:190} INFO - [2025-04-20T17:58:54.542+0000] {dag.py:3239} INFO - Sync 1 DAGs
[2025-04-20T17:58:54.562+0000] {logging_mixin.py:190} INFO - [2025-04-20T17:58:54.562+0000] {dag.py:4180} INFO - Setting next_dagrun for example_task_group to None, run_after=None
[2025-04-20T17:58:54.593+0000] {processor.py:208} INFO - Processing /home/airflow/.local/lib/python3.12/site-packages/airflow/example_dags/example_task_group.py took 0.104 seconds
[2025-04-20T18:05:00.089+0000] {processor.py:186} INFO - Started process (PID=124) to work on /home/airflow/.local/lib/python3.12/site-packages/airflow/example_dags/example_task_group.py
[2025-04-20T18:05:00.091+0000] {processor.py:914} INFO - Processing file /home/airflow/.local/lib/python3.12/site-packages/airflow/example_dags/example_task_group.py for tasks to queue
[2025-04-20T18:05:00.095+0000] {logging_mixin.py:190} INFO - [2025-04-20T18:05:00.094+0000] {dagbag.py:588} INFO - Filling up the DagBag from /home/airflow/.local/lib/python3.12/site-packages/airflow/example_dags/example_task_group.py
[2025-04-20T18:05:00.109+0000] {processor.py:925} INFO - DAG(s) 'example_task_group' retrieved from /home/airflow/.local/lib/python3.12/site-packages/airflow/example_dags/example_task_group.py
[2025-04-20T18:05:00.264+0000] {logging_mixin.py:190} INFO - [2025-04-20T18:05:00.263+0000] {override.py:1912} INFO - Created Permission View: can read on DAG:example_task_group
[2025-04-20T18:05:00.276+0000] {logging_mixin.py:190} INFO - [2025-04-20T18:05:00.276+0000] {override.py:1912} INFO - Created Permission View: can edit on DAG:example_task_group
[2025-04-20T18:05:00.294+0000] {logging_mixin.py:190} INFO - [2025-04-20T18:05:00.294+0000] {override.py:1912} INFO - Created Permission View: can delete on DAG:example_task_group
[2025-04-20T18:05:00.313+0000] {logging_mixin.py:190} INFO - [2025-04-20T18:05:00.312+0000] {override.py:1912} INFO - Created Permission View: menu access on DAG Run:example_task_group
[2025-04-20T18:05:00.325+0000] {logging_mixin.py:190} INFO - [2025-04-20T18:05:00.325+0000] {override.py:1912} INFO - Created Permission View: can read on DAG Run:example_task_group
[2025-04-20T18:05:00.335+0000] {logging_mixin.py:190} INFO - [2025-04-20T18:05:00.335+0000] {override.py:1912} INFO - Created Permission View: can create on DAG Run:example_task_group
[2025-04-20T18:05:00.358+0000] {logging_mixin.py:190} INFO - [2025-04-20T18:05:00.357+0000] {override.py:1912} INFO - Created Permission View: can delete on DAG Run:example_task_group
[2025-04-20T18:05:00.359+0000] {logging_mixin.py:190} INFO - [2025-04-20T18:05:00.358+0000] {dag.py:3239} INFO - Sync 1 DAGs
[2025-04-20T18:05:00.383+0000] {logging_mixin.py:190} INFO - [2025-04-20T18:05:00.383+0000] {dag.py:3262} INFO - Creating ORM DAG for example_task_group
[2025-04-20T18:05:00.384+0000] {logging_mixin.py:190} INFO - [2025-04-20T18:05:00.384+0000] {dag.py:4180} INFO - Setting next_dagrun for example_task_group to None, run_after=None
[2025-04-20T18:05:00.406+0000] {processor.py:208} INFO - Processing /home/airflow/.local/lib/python3.12/site-packages/airflow/example_dags/example_task_group.py took 0.326 seconds
[2025-04-20T18:05:31.215+0000] {processor.py:186} INFO - Started process (PID=187) to work on /home/airflow/.local/lib/python3.12/site-packages/airflow/example_dags/example_task_group.py
[2025-04-20T18:05:31.216+0000] {processor.py:914} INFO - Processing file /home/airflow/.local/lib/python3.12/site-packages/airflow/example_dags/example_task_group.py for tasks to queue
[2025-04-20T18:05:31.219+0000] {logging_mixin.py:190} INFO - [2025-04-20T18:05:31.218+0000] {dagbag.py:588} INFO - Filling up the DagBag from /home/airflow/.local/lib/python3.12/site-packages/airflow/example_dags/example_task_group.py
[2025-04-20T18:05:31.229+0000] {processor.py:925} INFO - DAG(s) 'example_task_group' retrieved from /home/airflow/.local/lib/python3.12/site-packages/airflow/example_dags/example_task_group.py
[2025-04-20T18:05:31.251+0000] {logging_mixin.py:190} INFO - [2025-04-20T18:05:31.251+0000] {dag.py:3239} INFO - Sync 1 DAGs
[2025-04-20T18:05:31.268+0000] {logging_mixin.py:190} INFO - [2025-04-20T18:05:31.268+0000] {dag.py:4180} INFO - Setting next_dagrun for example_task_group to None, run_after=None
[2025-04-20T18:05:31.313+0000] {processor.py:208} INFO - Processing /home/airflow/.local/lib/python3.12/site-packages/airflow/example_dags/example_task_group.py took 0.106 seconds
[2025-04-20T18:06:02.670+0000] {processor.py:186} INFO - Started process (PID=250) to work on /home/airflow/.local/lib/python3.12/site-packages/airflow/example_dags/example_task_group.py
[2025-04-20T18:06:02.673+0000] {processor.py:914} INFO - Processing file /home/airflow/.local/lib/python3.12/site-packages/airflow/example_dags/example_task_group.py for tasks to queue
[2025-04-20T18:06:02.677+0000] {logging_mixin.py:190} INFO - [2025-04-20T18:06:02.677+0000] {dagbag.py:588} INFO - Filling up the DagBag from /home/airflow/.local/lib/python3.12/site-packages/airflow/example_dags/example_task_group.py
[2025-04-20T18:06:02.694+0000] {processor.py:925} INFO - DAG(s) 'example_task_group' retrieved from /home/airflow/.local/lib/python3.12/site-packages/airflow/example_dags/example_task_group.py
[2025-04-20T18:06:02.734+0000] {logging_mixin.py:190} INFO - [2025-04-20T18:06:02.733+0000] {dag.py:3239} INFO - Sync 1 DAGs
[2025-04-20T18:06:02.762+0000] {logging_mixin.py:190} INFO - [2025-04-20T18:06:02.761+0000] {dag.py:4180} INFO - Setting next_dagrun for example_task_group to None, run_after=None
[2025-04-20T18:06:02.799+0000] {processor.py:208} INFO - Processing /home/airflow/.local/lib/python3.12/site-packages/airflow/example_dags/example_task_group.py took 0.141 seconds
[2025-04-20T18:06:34.278+0000] {processor.py:186} INFO - Started process (PID=313) to work on /home/airflow/.local/lib/python3.12/site-packages/airflow/example_dags/example_task_group.py
[2025-04-20T18:06:34.279+0000] {processor.py:914} INFO - Processing file /home/airflow/.local/lib/python3.12/site-packages/airflow/example_dags/example_task_group.py for tasks to queue
[2025-04-20T18:06:34.283+0000] {logging_mixin.py:190} INFO - [2025-04-20T18:06:34.282+0000] {dagbag.py:588} INFO - Filling up the DagBag from /home/airflow/.local/lib/python3.12/site-packages/airflow/example_dags/example_task_group.py
[2025-04-20T18:06:34.296+0000] {processor.py:925} INFO - DAG(s) 'example_task_group' retrieved from /home/airflow/.local/lib/python3.12/site-packages/airflow/example_dags/example_task_group.py
[2025-04-20T18:06:34.327+0000] {logging_mixin.py:190} INFO - [2025-04-20T18:06:34.326+0000] {dag.py:3239} INFO - Sync 1 DAGs
[2025-04-20T18:06:34.356+0000] {logging_mixin.py:190} INFO - [2025-04-20T18:06:34.355+0000] {dag.py:4180} INFO - Setting next_dagrun for example_task_group to None, run_after=None
[2025-04-20T18:06:34.386+0000] {processor.py:208} INFO - Processing /home/airflow/.local/lib/python3.12/site-packages/airflow/example_dags/example_task_group.py took 0.116 seconds
[2025-04-20T18:07:05.537+0000] {processor.py:186} INFO - Started process (PID=376) to work on /home/airflow/.local/lib/python3.12/site-packages/airflow/example_dags/example_task_group.py
[2025-04-20T18:07:05.538+0000] {processor.py:914} INFO - Processing file /home/airflow/.local/lib/python3.12/site-packages/airflow/example_dags/example_task_group.py for tasks to queue
[2025-04-20T18:07:05.543+0000] {logging_mixin.py:190} INFO - [2025-04-20T18:07:05.542+0000] {dagbag.py:588} INFO - Filling up the DagBag from /home/airflow/.local/lib/python3.12/site-packages/airflow/example_dags/example_task_group.py
[2025-04-20T18:07:05.555+0000] {processor.py:925} INFO - DAG(s) 'example_task_group' retrieved from /home/airflow/.local/lib/python3.12/site-packages/airflow/example_dags/example_task_group.py
[2025-04-20T18:07:05.581+0000] {logging_mixin.py:190} INFO - [2025-04-20T18:07:05.581+0000] {dag.py:3239} INFO - Sync 1 DAGs
[2025-04-20T18:07:05.598+0000] {logging_mixin.py:190} INFO - [2025-04-20T18:07:05.597+0000] {dag.py:4180} INFO - Setting next_dagrun for example_task_group to None, run_after=None
[2025-04-20T18:07:05.622+0000] {processor.py:208} INFO - Processing /home/airflow/.local/lib/python3.12/site-packages/airflow/example_dags/example_task_group.py took 0.092 seconds
[2025-04-20T18:07:37.360+0000] {processor.py:186} INFO - Started process (PID=445) to work on /home/airflow/.local/lib/python3.12/site-packages/airflow/example_dags/example_task_group.py
[2025-04-20T18:07:37.362+0000] {processor.py:914} INFO - Processing file /home/airflow/.local/lib/python3.12/site-packages/airflow/example_dags/example_task_group.py for tasks to queue
[2025-04-20T18:07:37.365+0000] {logging_mixin.py:190} INFO - [2025-04-20T18:07:37.365+0000] {dagbag.py:588} INFO - Filling up the DagBag from /home/airflow/.local/lib/python3.12/site-packages/airflow/example_dags/example_task_group.py
[2025-04-20T18:07:37.378+0000] {processor.py:925} INFO - DAG(s) 'example_task_group' retrieved from /home/airflow/.local/lib/python3.12/site-packages/airflow/example_dags/example_task_group.py
[2025-04-20T18:07:37.408+0000] {logging_mixin.py:190} INFO - [2025-04-20T18:07:37.408+0000] {dag.py:3239} INFO - Sync 1 DAGs
[2025-04-20T18:07:37.431+0000] {logging_mixin.py:190} INFO - [2025-04-20T18:07:37.430+0000] {dag.py:4180} INFO - Setting next_dagrun for example_task_group to None, run_after=None
[2025-04-20T18:07:37.460+0000] {processor.py:208} INFO - Processing /home/airflow/.local/lib/python3.12/site-packages/airflow/example_dags/example_task_group.py took 0.107 seconds
[2025-04-20T18:08:08.797+0000] {processor.py:186} INFO - Started process (PID=508) to work on /home/airflow/.local/lib/python3.12/site-packages/airflow/example_dags/example_task_group.py
[2025-04-20T18:08:08.798+0000] {processor.py:914} INFO - Processing file /home/airflow/.local/lib/python3.12/site-packages/airflow/example_dags/example_task_group.py for tasks to queue
[2025-04-20T18:08:08.801+0000] {logging_mixin.py:190} INFO - [2025-04-20T18:08:08.801+0000] {dagbag.py:588} INFO - Filling up the DagBag from /home/airflow/.local/lib/python3.12/site-packages/airflow/example_dags/example_task_group.py
[2025-04-20T18:08:08.813+0000] {processor.py:925} INFO - DAG(s) 'example_task_group' retrieved from /home/airflow/.local/lib/python3.12/site-packages/airflow/example_dags/example_task_group.py
[2025-04-20T18:08:08.843+0000] {logging_mixin.py:190} INFO - [2025-04-20T18:08:08.843+0000] {dag.py:3239} INFO - Sync 1 DAGs
[2025-04-20T18:08:08.861+0000] {logging_mixin.py:190} INFO - [2025-04-20T18:08:08.861+0000] {dag.py:4180} INFO - Setting next_dagrun for example_task_group to None, run_after=None
[2025-04-20T18:08:08.904+0000] {processor.py:208} INFO - Processing /home/airflow/.local/lib/python3.12/site-packages/airflow/example_dags/example_task_group.py took 0.115 seconds
[2025-04-20T18:08:40.151+0000] {processor.py:186} INFO - Started process (PID=571) to work on /home/airflow/.local/lib/python3.12/site-packages/airflow/example_dags/example_task_group.py
[2025-04-20T18:08:40.153+0000] {processor.py:914} INFO - Processing file /home/airflow/.local/lib/python3.12/site-packages/airflow/example_dags/example_task_group.py for tasks to queue
[2025-04-20T18:08:40.156+0000] {logging_mixin.py:190} INFO - [2025-04-20T18:08:40.156+0000] {dagbag.py:588} INFO - Filling up the DagBag from /home/airflow/.local/lib/python3.12/site-packages/airflow/example_dags/example_task_group.py
[2025-04-20T18:08:40.171+0000] {processor.py:925} INFO - DAG(s) 'example_task_group' retrieved from /home/airflow/.local/lib/python3.12/site-packages/airflow/example_dags/example_task_group.py
[2025-04-20T18:08:40.207+0000] {logging_mixin.py:190} INFO - [2025-04-20T18:08:40.206+0000] {dag.py:3239} INFO - Sync 1 DAGs
[2025-04-20T18:08:40.233+0000] {logging_mixin.py:190} INFO - [2025-04-20T18:08:40.233+0000] {dag.py:4180} INFO - Setting next_dagrun for example_task_group to None, run_after=None
[2025-04-20T18:08:40.264+0000] {processor.py:208} INFO - Processing /home/airflow/.local/lib/python3.12/site-packages/airflow/example_dags/example_task_group.py took 0.122 seconds
[2025-04-20T18:09:11.594+0000] {processor.py:186} INFO - Started process (PID=634) to work on /home/airflow/.local/lib/python3.12/site-packages/airflow/example_dags/example_task_group.py
[2025-04-20T18:09:11.597+0000] {processor.py:914} INFO - Processing file /home/airflow/.local/lib/python3.12/site-packages/airflow/example_dags/example_task_group.py for tasks to queue
[2025-04-20T18:09:11.602+0000] {logging_mixin.py:190} INFO - [2025-04-20T18:09:11.602+0000] {dagbag.py:588} INFO - Filling up the DagBag from /home/airflow/.local/lib/python3.12/site-packages/airflow/example_dags/example_task_group.py
[2025-04-20T18:09:11.619+0000] {processor.py:925} INFO - DAG(s) 'example_task_group' retrieved from /home/airflow/.local/lib/python3.12/site-packages/airflow/example_dags/example_task_group.py
[2025-04-20T18:09:11.656+0000] {logging_mixin.py:190} INFO - [2025-04-20T18:09:11.655+0000] {dag.py:3239} INFO - Sync 1 DAGs
[2025-04-20T18:09:11.697+0000] {logging_mixin.py:190} INFO - [2025-04-20T18:09:11.696+0000] {dag.py:4180} INFO - Setting next_dagrun for example_task_group to None, run_after=None
[2025-04-20T18:09:11.734+0000] {processor.py:208} INFO - Processing /home/airflow/.local/lib/python3.12/site-packages/airflow/example_dags/example_task_group.py took 0.148 seconds
[2025-04-20T18:09:43.595+0000] {processor.py:186} INFO - Started process (PID=697) to work on /home/airflow/.local/lib/python3.12/site-packages/airflow/example_dags/example_task_group.py
[2025-04-20T18:09:43.597+0000] {processor.py:914} INFO - Processing file /home/airflow/.local/lib/python3.12/site-packages/airflow/example_dags/example_task_group.py for tasks to queue
[2025-04-20T18:09:43.601+0000] {logging_mixin.py:190} INFO - [2025-04-20T18:09:43.601+0000] {dagbag.py:588} INFO - Filling up the DagBag from /home/airflow/.local/lib/python3.12/site-packages/airflow/example_dags/example_task_group.py
[2025-04-20T18:09:43.613+0000] {processor.py:925} INFO - DAG(s) 'example_task_group' retrieved from /home/airflow/.local/lib/python3.12/site-packages/airflow/example_dags/example_task_group.py
[2025-04-20T18:09:43.642+0000] {logging_mixin.py:190} INFO - [2025-04-20T18:09:43.642+0000] {dag.py:3239} INFO - Sync 1 DAGs
[2025-04-20T18:09:43.675+0000] {logging_mixin.py:190} INFO - [2025-04-20T18:09:43.674+0000] {dag.py:4180} INFO - Setting next_dagrun for example_task_group to None, run_after=None
[2025-04-20T18:09:43.712+0000] {processor.py:208} INFO - Processing /home/airflow/.local/lib/python3.12/site-packages/airflow/example_dags/example_task_group.py took 0.125 seconds
[2025-04-20T18:10:14.655+0000] {processor.py:186} INFO - Started process (PID=760) to work on /home/airflow/.local/lib/python3.12/site-packages/airflow/example_dags/example_task_group.py
[2025-04-20T18:10:14.656+0000] {processor.py:914} INFO - Processing file /home/airflow/.local/lib/python3.12/site-packages/airflow/example_dags/example_task_group.py for tasks to queue
[2025-04-20T18:10:14.660+0000] {logging_mixin.py:190} INFO - [2025-04-20T18:10:14.659+0000] {dagbag.py:588} INFO - Filling up the DagBag from /home/airflow/.local/lib/python3.12/site-packages/airflow/example_dags/example_task_group.py
[2025-04-20T18:10:14.673+0000] {processor.py:925} INFO - DAG(s) 'example_task_group' retrieved from /home/airflow/.local/lib/python3.12/site-packages/airflow/example_dags/example_task_group.py
[2025-04-20T18:10:14.701+0000] {logging_mixin.py:190} INFO - [2025-04-20T18:10:14.701+0000] {dag.py:3239} INFO - Sync 1 DAGs
[2025-04-20T18:10:14.720+0000] {logging_mixin.py:190} INFO - [2025-04-20T18:10:14.720+0000] {dag.py:4180} INFO - Setting next_dagrun for example_task_group to None, run_after=None
[2025-04-20T18:10:14.747+0000] {processor.py:208} INFO - Processing /home/airflow/.local/lib/python3.12/site-packages/airflow/example_dags/example_task_group.py took 0.100 seconds
