[2025-04-20T17:48:40.809+0000] {processor.py:186} INFO - Started process (PID=71) to work on /home/airflow/.local/lib/python3.12/site-packages/airflow/example_dags/example_latest_only_with_trigger.py
[2025-04-20T17:48:40.811+0000] {processor.py:914} INFO - Processing file /home/airflow/.local/lib/python3.12/site-packages/airflow/example_dags/example_latest_only_with_trigger.py for tasks to queue
[2025-04-20T17:48:40.816+0000] {logging_mixin.py:190} INFO - [2025-04-20T17:48:40.816+0000] {dagbag.py:588} INFO - Filling up the DagBag from /home/airflow/.local/lib/python3.12/site-packages/airflow/example_dags/example_latest_only_with_trigger.py
[2025-04-20T17:48:40.838+0000] {processor.py:925} INFO - DAG(s) 'latest_only_with_trigger' retrieved from /home/airflow/.local/lib/python3.12/site-packages/airflow/example_dags/example_latest_only_with_trigger.py
[2025-04-20T17:48:41.274+0000] {logging_mixin.py:190} INFO - [2025-04-20T17:48:41.271+0000] {override.py:1912} INFO - Created Permission View: can read on DAG:latest_only_with_trigger
[2025-04-20T17:48:41.299+0000] {logging_mixin.py:190} INFO - [2025-04-20T17:48:41.299+0000] {override.py:1912} INFO - Created Permission View: can edit on DAG:latest_only_with_trigger
[2025-04-20T17:48:41.311+0000] {logging_mixin.py:190} INFO - [2025-04-20T17:48:41.310+0000] {override.py:1912} INFO - Created Permission View: can delete on DAG:latest_only_with_trigger
[2025-04-20T17:48:41.323+0000] {logging_mixin.py:190} INFO - [2025-04-20T17:48:41.323+0000] {override.py:1912} INFO - Created Permission View: can read on DAG Run:latest_only_with_trigger
[2025-04-20T17:48:41.340+0000] {logging_mixin.py:190} INFO - [2025-04-20T17:48:41.339+0000] {override.py:1912} INFO - Created Permission View: can create on DAG Run:latest_only_with_trigger
[2025-04-20T17:48:41.357+0000] {logging_mixin.py:190} INFO - [2025-04-20T17:48:41.356+0000] {override.py:1912} INFO - Created Permission View: menu access on DAG Run:latest_only_with_trigger
[2025-04-20T17:48:41.368+0000] {logging_mixin.py:190} INFO - [2025-04-20T17:48:41.368+0000] {override.py:1912} INFO - Created Permission View: can delete on DAG Run:latest_only_with_trigger
[2025-04-20T17:48:41.369+0000] {logging_mixin.py:190} INFO - [2025-04-20T17:48:41.369+0000] {dag.py:3239} INFO - Sync 1 DAGs
[2025-04-20T17:48:41.394+0000] {logging_mixin.py:190} INFO - [2025-04-20T17:48:41.394+0000] {dag.py:3262} INFO - Creating ORM DAG for latest_only_with_trigger
[2025-04-20T17:48:41.412+0000] {logging_mixin.py:190} INFO - [2025-04-20T17:48:41.411+0000] {dag.py:4180} INFO - Setting next_dagrun for latest_only_with_trigger to 2025-04-20 12:00:00+00:00, run_after=2025-04-20 16:00:00+00:00
[2025-04-20T17:48:41.435+0000] {processor.py:208} INFO - Processing /home/airflow/.local/lib/python3.12/site-packages/airflow/example_dags/example_latest_only_with_trigger.py took 0.639 seconds
[2025-04-20T17:49:12.352+0000] {processor.py:186} INFO - Started process (PID=134) to work on /home/airflow/.local/lib/python3.12/site-packages/airflow/example_dags/example_latest_only_with_trigger.py
[2025-04-20T17:49:12.353+0000] {processor.py:914} INFO - Processing file /home/airflow/.local/lib/python3.12/site-packages/airflow/example_dags/example_latest_only_with_trigger.py for tasks to queue
[2025-04-20T17:49:12.356+0000] {logging_mixin.py:190} INFO - [2025-04-20T17:49:12.356+0000] {dagbag.py:588} INFO - Filling up the DagBag from /home/airflow/.local/lib/python3.12/site-packages/airflow/example_dags/example_latest_only_with_trigger.py
[2025-04-20T17:49:12.367+0000] {processor.py:925} INFO - DAG(s) 'latest_only_with_trigger' retrieved from /home/airflow/.local/lib/python3.12/site-packages/airflow/example_dags/example_latest_only_with_trigger.py
[2025-04-20T17:49:12.394+0000] {logging_mixin.py:190} INFO - [2025-04-20T17:49:12.394+0000] {dag.py:3239} INFO - Sync 1 DAGs
[2025-04-20T17:49:12.427+0000] {logging_mixin.py:190} INFO - [2025-04-20T17:49:12.427+0000] {dag.py:4180} INFO - Setting next_dagrun for latest_only_with_trigger to 2025-04-20 12:00:00+00:00, run_after=2025-04-20 16:00:00+00:00
[2025-04-20T17:49:12.451+0000] {processor.py:208} INFO - Processing /home/airflow/.local/lib/python3.12/site-packages/airflow/example_dags/example_latest_only_with_trigger.py took 0.107 seconds
[2025-04-20T17:49:42.505+0000] {processor.py:186} INFO - Started process (PID=197) to work on /home/airflow/.local/lib/python3.12/site-packages/airflow/example_dags/example_latest_only_with_trigger.py
[2025-04-20T17:49:42.510+0000] {processor.py:914} INFO - Processing file /home/airflow/.local/lib/python3.12/site-packages/airflow/example_dags/example_latest_only_with_trigger.py for tasks to queue
[2025-04-20T17:49:42.513+0000] {logging_mixin.py:190} INFO - [2025-04-20T17:49:42.513+0000] {dagbag.py:588} INFO - Filling up the DagBag from /home/airflow/.local/lib/python3.12/site-packages/airflow/example_dags/example_latest_only_with_trigger.py
[2025-04-20T17:49:42.524+0000] {processor.py:925} INFO - DAG(s) 'latest_only_with_trigger' retrieved from /home/airflow/.local/lib/python3.12/site-packages/airflow/example_dags/example_latest_only_with_trigger.py
[2025-04-20T17:49:42.552+0000] {logging_mixin.py:190} INFO - [2025-04-20T17:49:42.552+0000] {dag.py:3239} INFO - Sync 1 DAGs
[2025-04-20T17:49:42.581+0000] {logging_mixin.py:190} INFO - [2025-04-20T17:49:42.581+0000] {dag.py:4180} INFO - Setting next_dagrun for latest_only_with_trigger to 2025-04-20 12:00:00+00:00, run_after=2025-04-20 16:00:00+00:00
[2025-04-20T17:49:42.605+0000] {processor.py:208} INFO - Processing /home/airflow/.local/lib/python3.12/site-packages/airflow/example_dags/example_latest_only_with_trigger.py took 0.109 seconds
[2025-04-20T17:50:13.366+0000] {processor.py:186} INFO - Started process (PID=260) to work on /home/airflow/.local/lib/python3.12/site-packages/airflow/example_dags/example_latest_only_with_trigger.py
[2025-04-20T17:50:13.368+0000] {processor.py:914} INFO - Processing file /home/airflow/.local/lib/python3.12/site-packages/airflow/example_dags/example_latest_only_with_trigger.py for tasks to queue
[2025-04-20T17:50:13.371+0000] {logging_mixin.py:190} INFO - [2025-04-20T17:50:13.371+0000] {dagbag.py:588} INFO - Filling up the DagBag from /home/airflow/.local/lib/python3.12/site-packages/airflow/example_dags/example_latest_only_with_trigger.py
[2025-04-20T17:50:13.387+0000] {processor.py:925} INFO - DAG(s) 'latest_only_with_trigger' retrieved from /home/airflow/.local/lib/python3.12/site-packages/airflow/example_dags/example_latest_only_with_trigger.py
[2025-04-20T17:50:13.418+0000] {logging_mixin.py:190} INFO - [2025-04-20T17:50:13.417+0000] {dag.py:3239} INFO - Sync 1 DAGs
[2025-04-20T17:50:13.449+0000] {logging_mixin.py:190} INFO - [2025-04-20T17:50:13.449+0000] {dag.py:4180} INFO - Setting next_dagrun for latest_only_with_trigger to 2025-04-20 12:00:00+00:00, run_after=2025-04-20 16:00:00+00:00
[2025-04-20T17:50:13.479+0000] {processor.py:208} INFO - Processing /home/airflow/.local/lib/python3.12/site-packages/airflow/example_dags/example_latest_only_with_trigger.py took 0.123 seconds
[2025-04-20T17:50:44.430+0000] {processor.py:186} INFO - Started process (PID=323) to work on /home/airflow/.local/lib/python3.12/site-packages/airflow/example_dags/example_latest_only_with_trigger.py
[2025-04-20T17:50:44.431+0000] {processor.py:914} INFO - Processing file /home/airflow/.local/lib/python3.12/site-packages/airflow/example_dags/example_latest_only_with_trigger.py for tasks to queue
[2025-04-20T17:50:44.436+0000] {logging_mixin.py:190} INFO - [2025-04-20T17:50:44.435+0000] {dagbag.py:588} INFO - Filling up the DagBag from /home/airflow/.local/lib/python3.12/site-packages/airflow/example_dags/example_latest_only_with_trigger.py
[2025-04-20T17:50:44.446+0000] {processor.py:925} INFO - DAG(s) 'latest_only_with_trigger' retrieved from /home/airflow/.local/lib/python3.12/site-packages/airflow/example_dags/example_latest_only_with_trigger.py
[2025-04-20T17:50:44.475+0000] {logging_mixin.py:190} INFO - [2025-04-20T17:50:44.475+0000] {dag.py:3239} INFO - Sync 1 DAGs
[2025-04-20T17:50:44.505+0000] {logging_mixin.py:190} INFO - [2025-04-20T17:50:44.505+0000] {dag.py:4180} INFO - Setting next_dagrun for latest_only_with_trigger to 2025-04-20 12:00:00+00:00, run_after=2025-04-20 16:00:00+00:00
[2025-04-20T17:50:44.534+0000] {processor.py:208} INFO - Processing /home/airflow/.local/lib/python3.12/site-packages/airflow/example_dags/example_latest_only_with_trigger.py took 0.113 seconds
[2025-04-20T17:51:15.153+0000] {processor.py:186} INFO - Started process (PID=386) to work on /home/airflow/.local/lib/python3.12/site-packages/airflow/example_dags/example_latest_only_with_trigger.py
[2025-04-20T17:51:15.159+0000] {processor.py:914} INFO - Processing file /home/airflow/.local/lib/python3.12/site-packages/airflow/example_dags/example_latest_only_with_trigger.py for tasks to queue
[2025-04-20T17:51:15.164+0000] {logging_mixin.py:190} INFO - [2025-04-20T17:51:15.164+0000] {dagbag.py:588} INFO - Filling up the DagBag from /home/airflow/.local/lib/python3.12/site-packages/airflow/example_dags/example_latest_only_with_trigger.py
[2025-04-20T17:51:15.183+0000] {processor.py:925} INFO - DAG(s) 'latest_only_with_trigger' retrieved from /home/airflow/.local/lib/python3.12/site-packages/airflow/example_dags/example_latest_only_with_trigger.py
[2025-04-20T17:51:15.219+0000] {logging_mixin.py:190} INFO - [2025-04-20T17:51:15.219+0000] {dag.py:3239} INFO - Sync 1 DAGs
[2025-04-20T17:51:15.263+0000] {logging_mixin.py:190} INFO - [2025-04-20T17:51:15.263+0000] {dag.py:4180} INFO - Setting next_dagrun for latest_only_with_trigger to 2025-04-20 12:00:00+00:00, run_after=2025-04-20 16:00:00+00:00
[2025-04-20T17:51:15.299+0000] {processor.py:208} INFO - Processing /home/airflow/.local/lib/python3.12/site-packages/airflow/example_dags/example_latest_only_with_trigger.py took 0.166 seconds
[2025-04-20T17:51:46.007+0000] {processor.py:186} INFO - Started process (PID=449) to work on /home/airflow/.local/lib/python3.12/site-packages/airflow/example_dags/example_latest_only_with_trigger.py
[2025-04-20T17:51:46.009+0000] {processor.py:914} INFO - Processing file /home/airflow/.local/lib/python3.12/site-packages/airflow/example_dags/example_latest_only_with_trigger.py for tasks to queue
[2025-04-20T17:51:46.013+0000] {logging_mixin.py:190} INFO - [2025-04-20T17:51:46.012+0000] {dagbag.py:588} INFO - Filling up the DagBag from /home/airflow/.local/lib/python3.12/site-packages/airflow/example_dags/example_latest_only_with_trigger.py
[2025-04-20T17:51:46.023+0000] {processor.py:925} INFO - DAG(s) 'latest_only_with_trigger' retrieved from /home/airflow/.local/lib/python3.12/site-packages/airflow/example_dags/example_latest_only_with_trigger.py
[2025-04-20T17:51:46.054+0000] {logging_mixin.py:190} INFO - [2025-04-20T17:51:46.054+0000] {dag.py:3239} INFO - Sync 1 DAGs
[2025-04-20T17:51:46.092+0000] {logging_mixin.py:190} INFO - [2025-04-20T17:51:46.092+0000] {dag.py:4180} INFO - Setting next_dagrun for latest_only_with_trigger to 2025-04-20 12:00:00+00:00, run_after=2025-04-20 16:00:00+00:00
[2025-04-20T17:51:46.123+0000] {processor.py:208} INFO - Processing /home/airflow/.local/lib/python3.12/site-packages/airflow/example_dags/example_latest_only_with_trigger.py took 0.123 seconds
[2025-04-20T17:52:16.602+0000] {processor.py:186} INFO - Started process (PID=511) to work on /home/airflow/.local/lib/python3.12/site-packages/airflow/example_dags/example_latest_only_with_trigger.py
[2025-04-20T17:52:16.604+0000] {processor.py:914} INFO - Processing file /home/airflow/.local/lib/python3.12/site-packages/airflow/example_dags/example_latest_only_with_trigger.py for tasks to queue
[2025-04-20T17:52:16.608+0000] {logging_mixin.py:190} INFO - [2025-04-20T17:52:16.607+0000] {dagbag.py:588} INFO - Filling up the DagBag from /home/airflow/.local/lib/python3.12/site-packages/airflow/example_dags/example_latest_only_with_trigger.py
[2025-04-20T17:52:16.617+0000] {processor.py:925} INFO - DAG(s) 'latest_only_with_trigger' retrieved from /home/airflow/.local/lib/python3.12/site-packages/airflow/example_dags/example_latest_only_with_trigger.py
[2025-04-20T17:52:16.641+0000] {logging_mixin.py:190} INFO - [2025-04-20T17:52:16.641+0000] {dag.py:3239} INFO - Sync 1 DAGs
[2025-04-20T17:52:16.669+0000] {logging_mixin.py:190} INFO - [2025-04-20T17:52:16.669+0000] {dag.py:4180} INFO - Setting next_dagrun for latest_only_with_trigger to 2025-04-20 12:00:00+00:00, run_after=2025-04-20 16:00:00+00:00
[2025-04-20T17:52:16.693+0000] {processor.py:208} INFO - Processing /home/airflow/.local/lib/python3.12/site-packages/airflow/example_dags/example_latest_only_with_trigger.py took 0.099 seconds
[2025-04-20T17:52:46.973+0000] {processor.py:186} INFO - Started process (PID=574) to work on /home/airflow/.local/lib/python3.12/site-packages/airflow/example_dags/example_latest_only_with_trigger.py
[2025-04-20T17:52:46.975+0000] {processor.py:914} INFO - Processing file /home/airflow/.local/lib/python3.12/site-packages/airflow/example_dags/example_latest_only_with_trigger.py for tasks to queue
[2025-04-20T17:52:46.978+0000] {logging_mixin.py:190} INFO - [2025-04-20T17:52:46.978+0000] {dagbag.py:588} INFO - Filling up the DagBag from /home/airflow/.local/lib/python3.12/site-packages/airflow/example_dags/example_latest_only_with_trigger.py
[2025-04-20T17:52:46.988+0000] {processor.py:925} INFO - DAG(s) 'latest_only_with_trigger' retrieved from /home/airflow/.local/lib/python3.12/site-packages/airflow/example_dags/example_latest_only_with_trigger.py
[2025-04-20T17:52:47.018+0000] {logging_mixin.py:190} INFO - [2025-04-20T17:52:47.017+0000] {dag.py:3239} INFO - Sync 1 DAGs
[2025-04-20T17:52:47.045+0000] {logging_mixin.py:190} INFO - [2025-04-20T17:52:47.045+0000] {dag.py:4180} INFO - Setting next_dagrun for latest_only_with_trigger to 2025-04-20 12:00:00+00:00, run_after=2025-04-20 16:00:00+00:00
[2025-04-20T17:52:47.070+0000] {processor.py:208} INFO - Processing /home/airflow/.local/lib/python3.12/site-packages/airflow/example_dags/example_latest_only_with_trigger.py took 0.106 seconds
[2025-04-20T17:53:18.046+0000] {processor.py:186} INFO - Started process (PID=637) to work on /home/airflow/.local/lib/python3.12/site-packages/airflow/example_dags/example_latest_only_with_trigger.py
[2025-04-20T17:53:18.048+0000] {processor.py:914} INFO - Processing file /home/airflow/.local/lib/python3.12/site-packages/airflow/example_dags/example_latest_only_with_trigger.py for tasks to queue
[2025-04-20T17:53:18.053+0000] {logging_mixin.py:190} INFO - [2025-04-20T17:53:18.052+0000] {dagbag.py:588} INFO - Filling up the DagBag from /home/airflow/.local/lib/python3.12/site-packages/airflow/example_dags/example_latest_only_with_trigger.py
[2025-04-20T17:53:18.065+0000] {processor.py:925} INFO - DAG(s) 'latest_only_with_trigger' retrieved from /home/airflow/.local/lib/python3.12/site-packages/airflow/example_dags/example_latest_only_with_trigger.py
[2025-04-20T17:53:18.100+0000] {logging_mixin.py:190} INFO - [2025-04-20T17:53:18.100+0000] {dag.py:3239} INFO - Sync 1 DAGs
[2025-04-20T17:53:18.156+0000] {logging_mixin.py:190} INFO - [2025-04-20T17:53:18.155+0000] {dag.py:4180} INFO - Setting next_dagrun for latest_only_with_trigger to 2025-04-20 12:00:00+00:00, run_after=2025-04-20 16:00:00+00:00
[2025-04-20T17:53:18.186+0000] {processor.py:208} INFO - Processing /home/airflow/.local/lib/python3.12/site-packages/airflow/example_dags/example_latest_only_with_trigger.py took 0.151 seconds
[2025-04-20T17:53:49.015+0000] {processor.py:186} INFO - Started process (PID=700) to work on /home/airflow/.local/lib/python3.12/site-packages/airflow/example_dags/example_latest_only_with_trigger.py
[2025-04-20T17:53:49.016+0000] {processor.py:914} INFO - Processing file /home/airflow/.local/lib/python3.12/site-packages/airflow/example_dags/example_latest_only_with_trigger.py for tasks to queue
[2025-04-20T17:53:49.020+0000] {logging_mixin.py:190} INFO - [2025-04-20T17:53:49.020+0000] {dagbag.py:588} INFO - Filling up the DagBag from /home/airflow/.local/lib/python3.12/site-packages/airflow/example_dags/example_latest_only_with_trigger.py
[2025-04-20T17:53:49.028+0000] {processor.py:925} INFO - DAG(s) 'latest_only_with_trigger' retrieved from /home/airflow/.local/lib/python3.12/site-packages/airflow/example_dags/example_latest_only_with_trigger.py
[2025-04-20T17:53:49.053+0000] {logging_mixin.py:190} INFO - [2025-04-20T17:53:49.053+0000] {dag.py:3239} INFO - Sync 1 DAGs
[2025-04-20T17:53:49.080+0000] {logging_mixin.py:190} INFO - [2025-04-20T17:53:49.080+0000] {dag.py:4180} INFO - Setting next_dagrun for latest_only_with_trigger to 2025-04-20 12:00:00+00:00, run_after=2025-04-20 16:00:00+00:00
[2025-04-20T17:53:49.104+0000] {processor.py:208} INFO - Processing /home/airflow/.local/lib/python3.12/site-packages/airflow/example_dags/example_latest_only_with_trigger.py took 0.096 seconds
[2025-04-20T17:54:19.252+0000] {processor.py:186} INFO - Started process (PID=763) to work on /home/airflow/.local/lib/python3.12/site-packages/airflow/example_dags/example_latest_only_with_trigger.py
[2025-04-20T17:54:19.253+0000] {processor.py:914} INFO - Processing file /home/airflow/.local/lib/python3.12/site-packages/airflow/example_dags/example_latest_only_with_trigger.py for tasks to queue
[2025-04-20T17:54:19.259+0000] {logging_mixin.py:190} INFO - [2025-04-20T17:54:19.258+0000] {dagbag.py:588} INFO - Filling up the DagBag from /home/airflow/.local/lib/python3.12/site-packages/airflow/example_dags/example_latest_only_with_trigger.py
[2025-04-20T17:54:19.272+0000] {processor.py:925} INFO - DAG(s) 'latest_only_with_trigger' retrieved from /home/airflow/.local/lib/python3.12/site-packages/airflow/example_dags/example_latest_only_with_trigger.py
[2025-04-20T17:54:19.308+0000] {logging_mixin.py:190} INFO - [2025-04-20T17:54:19.308+0000] {dag.py:3239} INFO - Sync 1 DAGs
[2025-04-20T17:54:19.347+0000] {logging_mixin.py:190} INFO - [2025-04-20T17:54:19.347+0000] {dag.py:4180} INFO - Setting next_dagrun for latest_only_with_trigger to 2025-04-20 12:00:00+00:00, run_after=2025-04-20 16:00:00+00:00
[2025-04-20T17:54:19.374+0000] {processor.py:208} INFO - Processing /home/airflow/.local/lib/python3.12/site-packages/airflow/example_dags/example_latest_only_with_trigger.py took 0.132 seconds
[2025-04-20T17:54:50.375+0000] {processor.py:186} INFO - Started process (PID=826) to work on /home/airflow/.local/lib/python3.12/site-packages/airflow/example_dags/example_latest_only_with_trigger.py
[2025-04-20T17:54:50.376+0000] {processor.py:914} INFO - Processing file /home/airflow/.local/lib/python3.12/site-packages/airflow/example_dags/example_latest_only_with_trigger.py for tasks to queue
[2025-04-20T17:54:50.381+0000] {logging_mixin.py:190} INFO - [2025-04-20T17:54:50.380+0000] {dagbag.py:588} INFO - Filling up the DagBag from /home/airflow/.local/lib/python3.12/site-packages/airflow/example_dags/example_latest_only_with_trigger.py
[2025-04-20T17:54:50.395+0000] {processor.py:925} INFO - DAG(s) 'latest_only_with_trigger' retrieved from /home/airflow/.local/lib/python3.12/site-packages/airflow/example_dags/example_latest_only_with_trigger.py
[2025-04-20T17:54:50.426+0000] {logging_mixin.py:190} INFO - [2025-04-20T17:54:50.426+0000] {dag.py:3239} INFO - Sync 1 DAGs
[2025-04-20T17:54:50.469+0000] {logging_mixin.py:190} INFO - [2025-04-20T17:54:50.468+0000] {dag.py:4180} INFO - Setting next_dagrun for latest_only_with_trigger to 2025-04-20 12:00:00+00:00, run_after=2025-04-20 16:00:00+00:00
[2025-04-20T17:54:50.493+0000] {processor.py:208} INFO - Processing /home/airflow/.local/lib/python3.12/site-packages/airflow/example_dags/example_latest_only_with_trigger.py took 0.128 seconds
[2025-04-20T17:55:20.912+0000] {processor.py:186} INFO - Started process (PID=889) to work on /home/airflow/.local/lib/python3.12/site-packages/airflow/example_dags/example_latest_only_with_trigger.py
[2025-04-20T17:55:20.913+0000] {processor.py:914} INFO - Processing file /home/airflow/.local/lib/python3.12/site-packages/airflow/example_dags/example_latest_only_with_trigger.py for tasks to queue
[2025-04-20T17:55:20.922+0000] {logging_mixin.py:190} INFO - [2025-04-20T17:55:20.922+0000] {dagbag.py:588} INFO - Filling up the DagBag from /home/airflow/.local/lib/python3.12/site-packages/airflow/example_dags/example_latest_only_with_trigger.py
[2025-04-20T17:55:20.943+0000] {processor.py:925} INFO - DAG(s) 'latest_only_with_trigger' retrieved from /home/airflow/.local/lib/python3.12/site-packages/airflow/example_dags/example_latest_only_with_trigger.py
[2025-04-20T17:55:20.977+0000] {logging_mixin.py:190} INFO - [2025-04-20T17:55:20.977+0000] {dag.py:3239} INFO - Sync 1 DAGs
[2025-04-20T17:55:21.012+0000] {logging_mixin.py:190} INFO - [2025-04-20T17:55:21.012+0000] {dag.py:4180} INFO - Setting next_dagrun for latest_only_with_trigger to 2025-04-20 12:00:00+00:00, run_after=2025-04-20 16:00:00+00:00
[2025-04-20T17:55:21.040+0000] {processor.py:208} INFO - Processing /home/airflow/.local/lib/python3.12/site-packages/airflow/example_dags/example_latest_only_with_trigger.py took 0.136 seconds
[2025-04-20T17:55:51.405+0000] {processor.py:186} INFO - Started process (PID=952) to work on /home/airflow/.local/lib/python3.12/site-packages/airflow/example_dags/example_latest_only_with_trigger.py
[2025-04-20T17:55:51.406+0000] {processor.py:914} INFO - Processing file /home/airflow/.local/lib/python3.12/site-packages/airflow/example_dags/example_latest_only_with_trigger.py for tasks to queue
[2025-04-20T17:55:51.410+0000] {logging_mixin.py:190} INFO - [2025-04-20T17:55:51.409+0000] {dagbag.py:588} INFO - Filling up the DagBag from /home/airflow/.local/lib/python3.12/site-packages/airflow/example_dags/example_latest_only_with_trigger.py
[2025-04-20T17:55:51.421+0000] {processor.py:925} INFO - DAG(s) 'latest_only_with_trigger' retrieved from /home/airflow/.local/lib/python3.12/site-packages/airflow/example_dags/example_latest_only_with_trigger.py
[2025-04-20T17:55:51.450+0000] {logging_mixin.py:190} INFO - [2025-04-20T17:55:51.449+0000] {dag.py:3239} INFO - Sync 1 DAGs
[2025-04-20T17:55:51.479+0000] {logging_mixin.py:190} INFO - [2025-04-20T17:55:51.479+0000] {dag.py:4180} INFO - Setting next_dagrun for latest_only_with_trigger to 2025-04-20 12:00:00+00:00, run_after=2025-04-20 16:00:00+00:00
[2025-04-20T17:55:51.505+0000] {processor.py:208} INFO - Processing /home/airflow/.local/lib/python3.12/site-packages/airflow/example_dags/example_latest_only_with_trigger.py took 0.108 seconds
[2025-04-20T17:56:22.338+0000] {processor.py:186} INFO - Started process (PID=1015) to work on /home/airflow/.local/lib/python3.12/site-packages/airflow/example_dags/example_latest_only_with_trigger.py
[2025-04-20T17:56:22.339+0000] {processor.py:914} INFO - Processing file /home/airflow/.local/lib/python3.12/site-packages/airflow/example_dags/example_latest_only_with_trigger.py for tasks to queue
[2025-04-20T17:56:22.342+0000] {logging_mixin.py:190} INFO - [2025-04-20T17:56:22.342+0000] {dagbag.py:588} INFO - Filling up the DagBag from /home/airflow/.local/lib/python3.12/site-packages/airflow/example_dags/example_latest_only_with_trigger.py
[2025-04-20T17:56:22.352+0000] {processor.py:925} INFO - DAG(s) 'latest_only_with_trigger' retrieved from /home/airflow/.local/lib/python3.12/site-packages/airflow/example_dags/example_latest_only_with_trigger.py
[2025-04-20T17:56:22.380+0000] {logging_mixin.py:190} INFO - [2025-04-20T17:56:22.379+0000] {dag.py:3239} INFO - Sync 1 DAGs
[2025-04-20T17:56:22.409+0000] {logging_mixin.py:190} INFO - [2025-04-20T17:56:22.409+0000] {dag.py:4180} INFO - Setting next_dagrun for latest_only_with_trigger to 2025-04-20 12:00:00+00:00, run_after=2025-04-20 16:00:00+00:00
[2025-04-20T17:56:22.435+0000] {processor.py:208} INFO - Processing /home/airflow/.local/lib/python3.12/site-packages/airflow/example_dags/example_latest_only_with_trigger.py took 0.105 seconds
[2025-04-20T17:56:53.274+0000] {processor.py:186} INFO - Started process (PID=1078) to work on /home/airflow/.local/lib/python3.12/site-packages/airflow/example_dags/example_latest_only_with_trigger.py
[2025-04-20T17:56:53.276+0000] {processor.py:914} INFO - Processing file /home/airflow/.local/lib/python3.12/site-packages/airflow/example_dags/example_latest_only_with_trigger.py for tasks to queue
[2025-04-20T17:56:53.279+0000] {logging_mixin.py:190} INFO - [2025-04-20T17:56:53.278+0000] {dagbag.py:588} INFO - Filling up the DagBag from /home/airflow/.local/lib/python3.12/site-packages/airflow/example_dags/example_latest_only_with_trigger.py
[2025-04-20T17:56:53.288+0000] {processor.py:925} INFO - DAG(s) 'latest_only_with_trigger' retrieved from /home/airflow/.local/lib/python3.12/site-packages/airflow/example_dags/example_latest_only_with_trigger.py
[2025-04-20T17:56:53.315+0000] {logging_mixin.py:190} INFO - [2025-04-20T17:56:53.315+0000] {dag.py:3239} INFO - Sync 1 DAGs
[2025-04-20T17:56:53.344+0000] {logging_mixin.py:190} INFO - [2025-04-20T17:56:53.344+0000] {dag.py:4180} INFO - Setting next_dagrun for latest_only_with_trigger to 2025-04-20 12:00:00+00:00, run_after=2025-04-20 16:00:00+00:00
[2025-04-20T17:56:53.367+0000] {processor.py:208} INFO - Processing /home/airflow/.local/lib/python3.12/site-packages/airflow/example_dags/example_latest_only_with_trigger.py took 0.100 seconds
[2025-04-20T17:57:23.660+0000] {processor.py:186} INFO - Started process (PID=1141) to work on /home/airflow/.local/lib/python3.12/site-packages/airflow/example_dags/example_latest_only_with_trigger.py
[2025-04-20T17:57:23.661+0000] {processor.py:914} INFO - Processing file /home/airflow/.local/lib/python3.12/site-packages/airflow/example_dags/example_latest_only_with_trigger.py for tasks to queue
[2025-04-20T17:57:23.664+0000] {logging_mixin.py:190} INFO - [2025-04-20T17:57:23.664+0000] {dagbag.py:588} INFO - Filling up the DagBag from /home/airflow/.local/lib/python3.12/site-packages/airflow/example_dags/example_latest_only_with_trigger.py
[2025-04-20T17:57:23.675+0000] {processor.py:925} INFO - DAG(s) 'latest_only_with_trigger' retrieved from /home/airflow/.local/lib/python3.12/site-packages/airflow/example_dags/example_latest_only_with_trigger.py
[2025-04-20T17:57:23.702+0000] {logging_mixin.py:190} INFO - [2025-04-20T17:57:23.702+0000] {dag.py:3239} INFO - Sync 1 DAGs
[2025-04-20T17:57:23.735+0000] {logging_mixin.py:190} INFO - [2025-04-20T17:57:23.734+0000] {dag.py:4180} INFO - Setting next_dagrun for latest_only_with_trigger to 2025-04-20 12:00:00+00:00, run_after=2025-04-20 16:00:00+00:00
[2025-04-20T17:57:23.763+0000] {processor.py:208} INFO - Processing /home/airflow/.local/lib/python3.12/site-packages/airflow/example_dags/example_latest_only_with_trigger.py took 0.113 seconds
[2025-04-20T17:57:53.860+0000] {processor.py:186} INFO - Started process (PID=1204) to work on /home/airflow/.local/lib/python3.12/site-packages/airflow/example_dags/example_latest_only_with_trigger.py
[2025-04-20T17:57:53.861+0000] {processor.py:914} INFO - Processing file /home/airflow/.local/lib/python3.12/site-packages/airflow/example_dags/example_latest_only_with_trigger.py for tasks to queue
[2025-04-20T17:57:53.864+0000] {logging_mixin.py:190} INFO - [2025-04-20T17:57:53.864+0000] {dagbag.py:588} INFO - Filling up the DagBag from /home/airflow/.local/lib/python3.12/site-packages/airflow/example_dags/example_latest_only_with_trigger.py
[2025-04-20T17:57:53.876+0000] {processor.py:925} INFO - DAG(s) 'latest_only_with_trigger' retrieved from /home/airflow/.local/lib/python3.12/site-packages/airflow/example_dags/example_latest_only_with_trigger.py
[2025-04-20T17:57:53.903+0000] {logging_mixin.py:190} INFO - [2025-04-20T17:57:53.903+0000] {dag.py:3239} INFO - Sync 1 DAGs
[2025-04-20T17:57:53.935+0000] {logging_mixin.py:190} INFO - [2025-04-20T17:57:53.935+0000] {dag.py:4180} INFO - Setting next_dagrun for latest_only_with_trigger to 2025-04-20 12:00:00+00:00, run_after=2025-04-20 16:00:00+00:00
[2025-04-20T17:57:53.963+0000] {processor.py:208} INFO - Processing /home/airflow/.local/lib/python3.12/site-packages/airflow/example_dags/example_latest_only_with_trigger.py took 0.111 seconds
[2025-04-20T17:58:24.868+0000] {processor.py:186} INFO - Started process (PID=1267) to work on /home/airflow/.local/lib/python3.12/site-packages/airflow/example_dags/example_latest_only_with_trigger.py
[2025-04-20T17:58:24.870+0000] {processor.py:914} INFO - Processing file /home/airflow/.local/lib/python3.12/site-packages/airflow/example_dags/example_latest_only_with_trigger.py for tasks to queue
[2025-04-20T17:58:24.873+0000] {logging_mixin.py:190} INFO - [2025-04-20T17:58:24.873+0000] {dagbag.py:588} INFO - Filling up the DagBag from /home/airflow/.local/lib/python3.12/site-packages/airflow/example_dags/example_latest_only_with_trigger.py
[2025-04-20T17:58:24.886+0000] {processor.py:925} INFO - DAG(s) 'latest_only_with_trigger' retrieved from /home/airflow/.local/lib/python3.12/site-packages/airflow/example_dags/example_latest_only_with_trigger.py
[2025-04-20T17:58:24.920+0000] {logging_mixin.py:190} INFO - [2025-04-20T17:58:24.919+0000] {dag.py:3239} INFO - Sync 1 DAGs
[2025-04-20T17:58:24.954+0000] {logging_mixin.py:190} INFO - [2025-04-20T17:58:24.954+0000] {dag.py:4180} INFO - Setting next_dagrun for latest_only_with_trigger to 2025-04-20 12:00:00+00:00, run_after=2025-04-20 16:00:00+00:00
[2025-04-20T17:58:24.978+0000] {processor.py:208} INFO - Processing /home/airflow/.local/lib/python3.12/site-packages/airflow/example_dags/example_latest_only_with_trigger.py took 0.118 seconds
[2025-04-20T17:58:55.945+0000] {processor.py:186} INFO - Started process (PID=1330) to work on /home/airflow/.local/lib/python3.12/site-packages/airflow/example_dags/example_latest_only_with_trigger.py
[2025-04-20T17:58:55.947+0000] {processor.py:914} INFO - Processing file /home/airflow/.local/lib/python3.12/site-packages/airflow/example_dags/example_latest_only_with_trigger.py for tasks to queue
[2025-04-20T17:58:55.956+0000] {logging_mixin.py:190} INFO - [2025-04-20T17:58:55.955+0000] {dagbag.py:588} INFO - Filling up the DagBag from /home/airflow/.local/lib/python3.12/site-packages/airflow/example_dags/example_latest_only_with_trigger.py
[2025-04-20T17:58:55.987+0000] {processor.py:925} INFO - DAG(s) 'latest_only_with_trigger' retrieved from /home/airflow/.local/lib/python3.12/site-packages/airflow/example_dags/example_latest_only_with_trigger.py
[2025-04-20T17:58:56.056+0000] {logging_mixin.py:190} INFO - [2025-04-20T17:58:56.055+0000] {dag.py:3239} INFO - Sync 1 DAGs
[2025-04-20T17:58:56.150+0000] {logging_mixin.py:190} INFO - [2025-04-20T17:58:56.149+0000] {dag.py:4180} INFO - Setting next_dagrun for latest_only_with_trigger to 2025-04-20 12:00:00+00:00, run_after=2025-04-20 16:00:00+00:00
[2025-04-20T18:04:44.405+0000] {processor.py:186} INFO - Started process (PID=74) to work on /home/airflow/.local/lib/python3.12/site-packages/airflow/example_dags/example_latest_only_with_trigger.py
[2025-04-20T18:04:44.407+0000] {processor.py:914} INFO - Processing file /home/airflow/.local/lib/python3.12/site-packages/airflow/example_dags/example_latest_only_with_trigger.py for tasks to queue
[2025-04-20T18:04:44.422+0000] {logging_mixin.py:190} INFO - [2025-04-20T18:04:44.421+0000] {dagbag.py:588} INFO - Filling up the DagBag from /home/airflow/.local/lib/python3.12/site-packages/airflow/example_dags/example_latest_only_with_trigger.py
[2025-04-20T18:04:44.458+0000] {processor.py:925} INFO - DAG(s) 'latest_only_with_trigger' retrieved from /home/airflow/.local/lib/python3.12/site-packages/airflow/example_dags/example_latest_only_with_trigger.py
[2025-04-20T18:04:44.900+0000] {logging_mixin.py:190} INFO - [2025-04-20T18:04:44.897+0000] {override.py:1912} INFO - Created Permission View: can read on DAG:latest_only_with_trigger
[2025-04-20T18:04:44.917+0000] {logging_mixin.py:190} INFO - [2025-04-20T18:04:44.916+0000] {override.py:1912} INFO - Created Permission View: can edit on DAG:latest_only_with_trigger
[2025-04-20T18:04:44.929+0000] {logging_mixin.py:190} INFO - [2025-04-20T18:04:44.928+0000] {override.py:1912} INFO - Created Permission View: can delete on DAG:latest_only_with_trigger
[2025-04-20T18:04:44.945+0000] {logging_mixin.py:190} INFO - [2025-04-20T18:04:44.944+0000] {override.py:1912} INFO - Created Permission View: menu access on DAG Run:latest_only_with_trigger
[2025-04-20T18:04:44.956+0000] {logging_mixin.py:190} INFO - [2025-04-20T18:04:44.955+0000] {override.py:1912} INFO - Created Permission View: can read on DAG Run:latest_only_with_trigger
[2025-04-20T18:04:44.967+0000] {logging_mixin.py:190} INFO - [2025-04-20T18:04:44.967+0000] {override.py:1912} INFO - Created Permission View: can create on DAG Run:latest_only_with_trigger
[2025-04-20T18:04:44.979+0000] {logging_mixin.py:190} INFO - [2025-04-20T18:04:44.978+0000] {override.py:1912} INFO - Created Permission View: can delete on DAG Run:latest_only_with_trigger
[2025-04-20T18:04:44.980+0000] {logging_mixin.py:190} INFO - [2025-04-20T18:04:44.979+0000] {dag.py:3239} INFO - Sync 1 DAGs
[2025-04-20T18:04:45.005+0000] {logging_mixin.py:190} INFO - [2025-04-20T18:04:45.004+0000] {dag.py:3262} INFO - Creating ORM DAG for latest_only_with_trigger
[2025-04-20T18:04:45.042+0000] {logging_mixin.py:190} INFO - [2025-04-20T18:04:45.041+0000] {dag.py:4180} INFO - Setting next_dagrun for latest_only_with_trigger to 2025-04-20 12:00:00+00:00, run_after=2025-04-20 16:00:00+00:00
[2025-04-20T18:04:45.090+0000] {processor.py:208} INFO - Processing /home/airflow/.local/lib/python3.12/site-packages/airflow/example_dags/example_latest_only_with_trigger.py took 0.697 seconds
[2025-04-20T18:05:15.890+0000] {processor.py:186} INFO - Started process (PID=137) to work on /home/airflow/.local/lib/python3.12/site-packages/airflow/example_dags/example_latest_only_with_trigger.py
[2025-04-20T18:05:15.892+0000] {processor.py:914} INFO - Processing file /home/airflow/.local/lib/python3.12/site-packages/airflow/example_dags/example_latest_only_with_trigger.py for tasks to queue
[2025-04-20T18:05:15.895+0000] {logging_mixin.py:190} INFO - [2025-04-20T18:05:15.895+0000] {dagbag.py:588} INFO - Filling up the DagBag from /home/airflow/.local/lib/python3.12/site-packages/airflow/example_dags/example_latest_only_with_trigger.py
[2025-04-20T18:05:15.906+0000] {processor.py:925} INFO - DAG(s) 'latest_only_with_trigger' retrieved from /home/airflow/.local/lib/python3.12/site-packages/airflow/example_dags/example_latest_only_with_trigger.py
[2025-04-20T18:05:15.934+0000] {logging_mixin.py:190} INFO - [2025-04-20T18:05:15.934+0000] {dag.py:3239} INFO - Sync 1 DAGs
[2025-04-20T18:05:15.963+0000] {logging_mixin.py:190} INFO - [2025-04-20T18:05:15.963+0000] {dag.py:4180} INFO - Setting next_dagrun for latest_only_with_trigger to 2025-04-20 12:00:00+00:00, run_after=2025-04-20 16:00:00+00:00
[2025-04-20T18:05:15.986+0000] {processor.py:208} INFO - Processing /home/airflow/.local/lib/python3.12/site-packages/airflow/example_dags/example_latest_only_with_trigger.py took 0.105 seconds
[2025-04-20T18:05:46.865+0000] {processor.py:186} INFO - Started process (PID=200) to work on /home/airflow/.local/lib/python3.12/site-packages/airflow/example_dags/example_latest_only_with_trigger.py
[2025-04-20T18:05:46.866+0000] {processor.py:914} INFO - Processing file /home/airflow/.local/lib/python3.12/site-packages/airflow/example_dags/example_latest_only_with_trigger.py for tasks to queue
[2025-04-20T18:05:46.871+0000] {logging_mixin.py:190} INFO - [2025-04-20T18:05:46.870+0000] {dagbag.py:588} INFO - Filling up the DagBag from /home/airflow/.local/lib/python3.12/site-packages/airflow/example_dags/example_latest_only_with_trigger.py
[2025-04-20T18:05:46.887+0000] {processor.py:925} INFO - DAG(s) 'latest_only_with_trigger' retrieved from /home/airflow/.local/lib/python3.12/site-packages/airflow/example_dags/example_latest_only_with_trigger.py
[2025-04-20T18:05:46.935+0000] {logging_mixin.py:190} INFO - [2025-04-20T18:05:46.935+0000] {dag.py:3239} INFO - Sync 1 DAGs
[2025-04-20T18:05:46.968+0000] {logging_mixin.py:190} INFO - [2025-04-20T18:05:46.967+0000] {dag.py:4180} INFO - Setting next_dagrun for latest_only_with_trigger to 2025-04-20 12:00:00+00:00, run_after=2025-04-20 16:00:00+00:00
[2025-04-20T18:05:46.992+0000] {processor.py:208} INFO - Processing /home/airflow/.local/lib/python3.12/site-packages/airflow/example_dags/example_latest_only_with_trigger.py took 0.138 seconds
[2025-04-20T18:06:17.163+0000] {processor.py:186} INFO - Started process (PID=263) to work on /home/airflow/.local/lib/python3.12/site-packages/airflow/example_dags/example_latest_only_with_trigger.py
[2025-04-20T18:06:17.165+0000] {processor.py:914} INFO - Processing file /home/airflow/.local/lib/python3.12/site-packages/airflow/example_dags/example_latest_only_with_trigger.py for tasks to queue
[2025-04-20T18:06:17.169+0000] {logging_mixin.py:190} INFO - [2025-04-20T18:06:17.168+0000] {dagbag.py:588} INFO - Filling up the DagBag from /home/airflow/.local/lib/python3.12/site-packages/airflow/example_dags/example_latest_only_with_trigger.py
[2025-04-20T18:06:17.182+0000] {processor.py:925} INFO - DAG(s) 'latest_only_with_trigger' retrieved from /home/airflow/.local/lib/python3.12/site-packages/airflow/example_dags/example_latest_only_with_trigger.py
[2025-04-20T18:06:17.214+0000] {logging_mixin.py:190} INFO - [2025-04-20T18:06:17.214+0000] {dag.py:3239} INFO - Sync 1 DAGs
[2025-04-20T18:06:17.257+0000] {logging_mixin.py:190} INFO - [2025-04-20T18:06:17.256+0000] {dag.py:4180} INFO - Setting next_dagrun for latest_only_with_trigger to 2025-04-20 12:00:00+00:00, run_after=2025-04-20 16:00:00+00:00
[2025-04-20T18:06:17.282+0000] {processor.py:208} INFO - Processing /home/airflow/.local/lib/python3.12/site-packages/airflow/example_dags/example_latest_only_with_trigger.py took 0.129 seconds
[2025-04-20T18:06:47.804+0000] {processor.py:186} INFO - Started process (PID=326) to work on /home/airflow/.local/lib/python3.12/site-packages/airflow/example_dags/example_latest_only_with_trigger.py
[2025-04-20T18:06:47.805+0000] {processor.py:914} INFO - Processing file /home/airflow/.local/lib/python3.12/site-packages/airflow/example_dags/example_latest_only_with_trigger.py for tasks to queue
[2025-04-20T18:06:47.809+0000] {logging_mixin.py:190} INFO - [2025-04-20T18:06:47.808+0000] {dagbag.py:588} INFO - Filling up the DagBag from /home/airflow/.local/lib/python3.12/site-packages/airflow/example_dags/example_latest_only_with_trigger.py
[2025-04-20T18:06:47.822+0000] {processor.py:925} INFO - DAG(s) 'latest_only_with_trigger' retrieved from /home/airflow/.local/lib/python3.12/site-packages/airflow/example_dags/example_latest_only_with_trigger.py
[2025-04-20T18:06:47.850+0000] {logging_mixin.py:190} INFO - [2025-04-20T18:06:47.850+0000] {dag.py:3239} INFO - Sync 1 DAGs
[2025-04-20T18:06:47.889+0000] {logging_mixin.py:190} INFO - [2025-04-20T18:06:47.889+0000] {dag.py:4180} INFO - Setting next_dagrun for latest_only_with_trigger to 2025-04-20 12:00:00+00:00, run_after=2025-04-20 16:00:00+00:00
[2025-04-20T18:06:47.917+0000] {processor.py:208} INFO - Processing /home/airflow/.local/lib/python3.12/site-packages/airflow/example_dags/example_latest_only_with_trigger.py took 0.124 seconds
[2025-04-20T18:07:17.981+0000] {processor.py:186} INFO - Started process (PID=390) to work on /home/airflow/.local/lib/python3.12/site-packages/airflow/example_dags/example_latest_only_with_trigger.py
[2025-04-20T18:07:17.983+0000] {processor.py:914} INFO - Processing file /home/airflow/.local/lib/python3.12/site-packages/airflow/example_dags/example_latest_only_with_trigger.py for tasks to queue
[2025-04-20T18:07:17.987+0000] {logging_mixin.py:190} INFO - [2025-04-20T18:07:17.986+0000] {dagbag.py:588} INFO - Filling up the DagBag from /home/airflow/.local/lib/python3.12/site-packages/airflow/example_dags/example_latest_only_with_trigger.py
[2025-04-20T18:07:18.001+0000] {processor.py:925} INFO - DAG(s) 'latest_only_with_trigger' retrieved from /home/airflow/.local/lib/python3.12/site-packages/airflow/example_dags/example_latest_only_with_trigger.py
[2025-04-20T18:07:18.032+0000] {logging_mixin.py:190} INFO - [2025-04-20T18:07:18.032+0000] {dag.py:3239} INFO - Sync 1 DAGs
[2025-04-20T18:07:18.077+0000] {logging_mixin.py:190} INFO - [2025-04-20T18:07:18.076+0000] {dag.py:4180} INFO - Setting next_dagrun for latest_only_with_trigger to 2025-04-20 12:00:00+00:00, run_after=2025-04-20 16:00:00+00:00
[2025-04-20T18:07:18.132+0000] {processor.py:208} INFO - Processing /home/airflow/.local/lib/python3.12/site-packages/airflow/example_dags/example_latest_only_with_trigger.py took 0.162 seconds
[2025-04-20T18:07:48.905+0000] {processor.py:186} INFO - Started process (PID=452) to work on /home/airflow/.local/lib/python3.12/site-packages/airflow/example_dags/example_latest_only_with_trigger.py
[2025-04-20T18:07:48.907+0000] {processor.py:914} INFO - Processing file /home/airflow/.local/lib/python3.12/site-packages/airflow/example_dags/example_latest_only_with_trigger.py for tasks to queue
[2025-04-20T18:07:48.911+0000] {logging_mixin.py:190} INFO - [2025-04-20T18:07:48.911+0000] {dagbag.py:588} INFO - Filling up the DagBag from /home/airflow/.local/lib/python3.12/site-packages/airflow/example_dags/example_latest_only_with_trigger.py
[2025-04-20T18:07:48.921+0000] {processor.py:925} INFO - DAG(s) 'latest_only_with_trigger' retrieved from /home/airflow/.local/lib/python3.12/site-packages/airflow/example_dags/example_latest_only_with_trigger.py
[2025-04-20T18:07:48.953+0000] {logging_mixin.py:190} INFO - [2025-04-20T18:07:48.953+0000] {dag.py:3239} INFO - Sync 1 DAGs
[2025-04-20T18:07:48.983+0000] {logging_mixin.py:190} INFO - [2025-04-20T18:07:48.982+0000] {dag.py:4180} INFO - Setting next_dagrun for latest_only_with_trigger to 2025-04-20 12:00:00+00:00, run_after=2025-04-20 16:00:00+00:00
[2025-04-20T18:07:49.006+0000] {processor.py:208} INFO - Processing /home/airflow/.local/lib/python3.12/site-packages/airflow/example_dags/example_latest_only_with_trigger.py took 0.109 seconds
[2025-04-20T18:08:19.480+0000] {processor.py:186} INFO - Started process (PID=515) to work on /home/airflow/.local/lib/python3.12/site-packages/airflow/example_dags/example_latest_only_with_trigger.py
[2025-04-20T18:08:19.481+0000] {processor.py:914} INFO - Processing file /home/airflow/.local/lib/python3.12/site-packages/airflow/example_dags/example_latest_only_with_trigger.py for tasks to queue
[2025-04-20T18:08:19.484+0000] {logging_mixin.py:190} INFO - [2025-04-20T18:08:19.484+0000] {dagbag.py:588} INFO - Filling up the DagBag from /home/airflow/.local/lib/python3.12/site-packages/airflow/example_dags/example_latest_only_with_trigger.py
[2025-04-20T18:08:19.493+0000] {processor.py:925} INFO - DAG(s) 'latest_only_with_trigger' retrieved from /home/airflow/.local/lib/python3.12/site-packages/airflow/example_dags/example_latest_only_with_trigger.py
[2025-04-20T18:08:19.520+0000] {logging_mixin.py:190} INFO - [2025-04-20T18:08:19.520+0000] {dag.py:3239} INFO - Sync 1 DAGs
[2025-04-20T18:08:19.557+0000] {logging_mixin.py:190} INFO - [2025-04-20T18:08:19.556+0000] {dag.py:4180} INFO - Setting next_dagrun for latest_only_with_trigger to 2025-04-20 12:00:00+00:00, run_after=2025-04-20 16:00:00+00:00
[2025-04-20T18:08:19.612+0000] {processor.py:208} INFO - Processing /home/airflow/.local/lib/python3.12/site-packages/airflow/example_dags/example_latest_only_with_trigger.py took 0.140 seconds
[2025-04-20T18:08:49.692+0000] {processor.py:186} INFO - Started process (PID=579) to work on /home/airflow/.local/lib/python3.12/site-packages/airflow/example_dags/example_latest_only_with_trigger.py
[2025-04-20T18:08:49.693+0000] {processor.py:914} INFO - Processing file /home/airflow/.local/lib/python3.12/site-packages/airflow/example_dags/example_latest_only_with_trigger.py for tasks to queue
[2025-04-20T18:08:49.697+0000] {logging_mixin.py:190} INFO - [2025-04-20T18:08:49.696+0000] {dagbag.py:588} INFO - Filling up the DagBag from /home/airflow/.local/lib/python3.12/site-packages/airflow/example_dags/example_latest_only_with_trigger.py
[2025-04-20T18:08:49.708+0000] {processor.py:925} INFO - DAG(s) 'latest_only_with_trigger' retrieved from /home/airflow/.local/lib/python3.12/site-packages/airflow/example_dags/example_latest_only_with_trigger.py
[2025-04-20T18:08:49.735+0000] {logging_mixin.py:190} INFO - [2025-04-20T18:08:49.734+0000] {dag.py:3239} INFO - Sync 1 DAGs
[2025-04-20T18:08:49.768+0000] {logging_mixin.py:190} INFO - [2025-04-20T18:08:49.767+0000] {dag.py:4180} INFO - Setting next_dagrun for latest_only_with_trigger to 2025-04-20 12:00:00+00:00, run_after=2025-04-20 16:00:00+00:00
[2025-04-20T18:08:49.791+0000] {processor.py:208} INFO - Processing /home/airflow/.local/lib/python3.12/site-packages/airflow/example_dags/example_latest_only_with_trigger.py took 0.109 seconds
[2025-04-20T18:09:20.093+0000] {processor.py:186} INFO - Started process (PID=641) to work on /home/airflow/.local/lib/python3.12/site-packages/airflow/example_dags/example_latest_only_with_trigger.py
[2025-04-20T18:09:20.095+0000] {processor.py:914} INFO - Processing file /home/airflow/.local/lib/python3.12/site-packages/airflow/example_dags/example_latest_only_with_trigger.py for tasks to queue
[2025-04-20T18:09:20.101+0000] {logging_mixin.py:190} INFO - [2025-04-20T18:09:20.100+0000] {dagbag.py:588} INFO - Filling up the DagBag from /home/airflow/.local/lib/python3.12/site-packages/airflow/example_dags/example_latest_only_with_trigger.py
[2025-04-20T18:09:20.114+0000] {processor.py:925} INFO - DAG(s) 'latest_only_with_trigger' retrieved from /home/airflow/.local/lib/python3.12/site-packages/airflow/example_dags/example_latest_only_with_trigger.py
[2025-04-20T18:09:20.140+0000] {logging_mixin.py:190} INFO - [2025-04-20T18:09:20.140+0000] {dag.py:3239} INFO - Sync 1 DAGs
[2025-04-20T18:09:20.173+0000] {logging_mixin.py:190} INFO - [2025-04-20T18:09:20.172+0000] {dag.py:4180} INFO - Setting next_dagrun for latest_only_with_trigger to 2025-04-20 12:00:00+00:00, run_after=2025-04-20 16:00:00+00:00
[2025-04-20T18:09:20.200+0000] {processor.py:208} INFO - Processing /home/airflow/.local/lib/python3.12/site-packages/airflow/example_dags/example_latest_only_with_trigger.py took 0.114 seconds
[2025-04-20T18:09:50.412+0000] {processor.py:186} INFO - Started process (PID=704) to work on /home/airflow/.local/lib/python3.12/site-packages/airflow/example_dags/example_latest_only_with_trigger.py
[2025-04-20T18:09:50.414+0000] {processor.py:914} INFO - Processing file /home/airflow/.local/lib/python3.12/site-packages/airflow/example_dags/example_latest_only_with_trigger.py for tasks to queue
[2025-04-20T18:09:50.419+0000] {logging_mixin.py:190} INFO - [2025-04-20T18:09:50.418+0000] {dagbag.py:588} INFO - Filling up the DagBag from /home/airflow/.local/lib/python3.12/site-packages/airflow/example_dags/example_latest_only_with_trigger.py
[2025-04-20T18:09:50.434+0000] {processor.py:925} INFO - DAG(s) 'latest_only_with_trigger' retrieved from /home/airflow/.local/lib/python3.12/site-packages/airflow/example_dags/example_latest_only_with_trigger.py
[2025-04-20T18:09:50.474+0000] {logging_mixin.py:190} INFO - [2025-04-20T18:09:50.473+0000] {dag.py:3239} INFO - Sync 1 DAGs
[2025-04-20T18:09:50.511+0000] {logging_mixin.py:190} INFO - [2025-04-20T18:09:50.511+0000] {dag.py:4180} INFO - Setting next_dagrun for latest_only_with_trigger to 2025-04-20 12:00:00+00:00, run_after=2025-04-20 16:00:00+00:00
[2025-04-20T18:09:50.536+0000] {processor.py:208} INFO - Processing /home/airflow/.local/lib/python3.12/site-packages/airflow/example_dags/example_latest_only_with_trigger.py took 0.134 seconds
[2025-04-20T18:10:21.057+0000] {processor.py:186} INFO - Started process (PID=767) to work on /home/airflow/.local/lib/python3.12/site-packages/airflow/example_dags/example_latest_only_with_trigger.py
[2025-04-20T18:10:21.059+0000] {processor.py:914} INFO - Processing file /home/airflow/.local/lib/python3.12/site-packages/airflow/example_dags/example_latest_only_with_trigger.py for tasks to queue
[2025-04-20T18:10:21.064+0000] {logging_mixin.py:190} INFO - [2025-04-20T18:10:21.063+0000] {dagbag.py:588} INFO - Filling up the DagBag from /home/airflow/.local/lib/python3.12/site-packages/airflow/example_dags/example_latest_only_with_trigger.py
[2025-04-20T18:10:21.074+0000] {processor.py:925} INFO - DAG(s) 'latest_only_with_trigger' retrieved from /home/airflow/.local/lib/python3.12/site-packages/airflow/example_dags/example_latest_only_with_trigger.py
[2025-04-20T18:10:21.109+0000] {logging_mixin.py:190} INFO - [2025-04-20T18:10:21.109+0000] {dag.py:3239} INFO - Sync 1 DAGs
[2025-04-20T18:10:21.150+0000] {logging_mixin.py:190} INFO - [2025-04-20T18:10:21.149+0000] {dag.py:4180} INFO - Setting next_dagrun for latest_only_with_trigger to 2025-04-20 12:00:00+00:00, run_after=2025-04-20 16:00:00+00:00
[2025-04-20T18:10:21.181+0000] {processor.py:208} INFO - Processing /home/airflow/.local/lib/python3.12/site-packages/airflow/example_dags/example_latest_only_with_trigger.py took 0.132 seconds
