[2025-04-20T17:48:50.587+0000] {processor.py:186} INFO - Started process (PID=84) to work on /home/airflow/.local/lib/python3.12/site-packages/airflow/example_dags/example_branch_day_of_week_operator.py
[2025-04-20T17:48:50.589+0000] {processor.py:914} INFO - Processing file /home/airflow/.local/lib/python3.12/site-packages/airflow/example_dags/example_branch_day_of_week_operator.py for tasks to queue
[2025-04-20T17:48:50.591+0000] {logging_mixin.py:190} INFO - [2025-04-20T17:48:50.591+0000] {dagbag.py:588} INFO - Filling up the DagBag from /home/airflow/.local/lib/python3.12/site-packages/airflow/example_dags/example_branch_day_of_week_operator.py
[2025-04-20T17:48:50.610+0000] {processor.py:925} INFO - DAG(s) 'example_weekday_branch_operator' retrieved from /home/airflow/.local/lib/python3.12/site-packages/airflow/example_dags/example_branch_day_of_week_operator.py
[2025-04-20T17:48:50.756+0000] {logging_mixin.py:190} INFO - [2025-04-20T17:48:50.755+0000] {override.py:1912} INFO - Created Permission View: can read on DAG:example_weekday_branch_operator
[2025-04-20T17:48:50.769+0000] {logging_mixin.py:190} INFO - [2025-04-20T17:48:50.769+0000] {override.py:1912} INFO - Created Permission View: can edit on DAG:example_weekday_branch_operator
[2025-04-20T17:48:50.779+0000] {logging_mixin.py:190} INFO - [2025-04-20T17:48:50.778+0000] {override.py:1912} INFO - Created Permission View: can delete on DAG:example_weekday_branch_operator
[2025-04-20T17:48:50.791+0000] {logging_mixin.py:190} INFO - [2025-04-20T17:48:50.791+0000] {override.py:1912} INFO - Created Permission View: can read on DAG Run:example_weekday_branch_operator
[2025-04-20T17:48:50.801+0000] {logging_mixin.py:190} INFO - [2025-04-20T17:48:50.800+0000] {override.py:1912} INFO - Created Permission View: can create on DAG Run:example_weekday_branch_operator
[2025-04-20T17:48:50.810+0000] {logging_mixin.py:190} INFO - [2025-04-20T17:48:50.810+0000] {override.py:1912} INFO - Created Permission View: menu access on DAG Run:example_weekday_branch_operator
[2025-04-20T17:48:50.820+0000] {logging_mixin.py:190} INFO - [2025-04-20T17:48:50.820+0000] {override.py:1912} INFO - Created Permission View: can delete on DAG Run:example_weekday_branch_operator
[2025-04-20T17:48:50.821+0000] {logging_mixin.py:190} INFO - [2025-04-20T17:48:50.821+0000] {dag.py:3239} INFO - Sync 1 DAGs
[2025-04-20T17:48:50.836+0000] {logging_mixin.py:190} INFO - [2025-04-20T17:48:50.836+0000] {dag.py:3262} INFO - Creating ORM DAG for example_weekday_branch_operator
[2025-04-20T17:48:50.850+0000] {logging_mixin.py:190} INFO - [2025-04-20T17:48:50.850+0000] {dag.py:4180} INFO - Setting next_dagrun for example_weekday_branch_operator to 2025-04-19 00:00:00+00:00, run_after=2025-04-20 00:00:00+00:00
[2025-04-20T17:48:50.872+0000] {processor.py:208} INFO - Processing /home/airflow/.local/lib/python3.12/site-packages/airflow/example_dags/example_branch_day_of_week_operator.py took 0.293 seconds
[2025-04-20T17:49:22.393+0000] {processor.py:186} INFO - Started process (PID=147) to work on /home/airflow/.local/lib/python3.12/site-packages/airflow/example_dags/example_branch_day_of_week_operator.py
[2025-04-20T17:49:22.394+0000] {processor.py:914} INFO - Processing file /home/airflow/.local/lib/python3.12/site-packages/airflow/example_dags/example_branch_day_of_week_operator.py for tasks to queue
[2025-04-20T17:49:22.399+0000] {logging_mixin.py:190} INFO - [2025-04-20T17:49:22.398+0000] {dagbag.py:588} INFO - Filling up the DagBag from /home/airflow/.local/lib/python3.12/site-packages/airflow/example_dags/example_branch_day_of_week_operator.py
[2025-04-20T17:49:22.413+0000] {processor.py:925} INFO - DAG(s) 'example_weekday_branch_operator' retrieved from /home/airflow/.local/lib/python3.12/site-packages/airflow/example_dags/example_branch_day_of_week_operator.py
[2025-04-20T17:49:22.445+0000] {logging_mixin.py:190} INFO - [2025-04-20T17:49:22.444+0000] {dag.py:3239} INFO - Sync 1 DAGs
[2025-04-20T17:49:22.482+0000] {logging_mixin.py:190} INFO - [2025-04-20T17:49:22.482+0000] {dag.py:4180} INFO - Setting next_dagrun for example_weekday_branch_operator to 2025-04-19 00:00:00+00:00, run_after=2025-04-20 00:00:00+00:00
[2025-04-20T17:49:22.554+0000] {processor.py:208} INFO - Processing /home/airflow/.local/lib/python3.12/site-packages/airflow/example_dags/example_branch_day_of_week_operator.py took 0.170 seconds
[2025-04-20T17:49:54.160+0000] {processor.py:186} INFO - Started process (PID=210) to work on /home/airflow/.local/lib/python3.12/site-packages/airflow/example_dags/example_branch_day_of_week_operator.py
[2025-04-20T17:49:54.161+0000] {processor.py:914} INFO - Processing file /home/airflow/.local/lib/python3.12/site-packages/airflow/example_dags/example_branch_day_of_week_operator.py for tasks to queue
[2025-04-20T17:49:54.163+0000] {logging_mixin.py:190} INFO - [2025-04-20T17:49:54.163+0000] {dagbag.py:588} INFO - Filling up the DagBag from /home/airflow/.local/lib/python3.12/site-packages/airflow/example_dags/example_branch_day_of_week_operator.py
[2025-04-20T17:49:54.176+0000] {processor.py:925} INFO - DAG(s) 'example_weekday_branch_operator' retrieved from /home/airflow/.local/lib/python3.12/site-packages/airflow/example_dags/example_branch_day_of_week_operator.py
[2025-04-20T17:49:54.197+0000] {logging_mixin.py:190} INFO - [2025-04-20T17:49:54.196+0000] {dag.py:3239} INFO - Sync 1 DAGs
[2025-04-20T17:49:54.223+0000] {logging_mixin.py:190} INFO - [2025-04-20T17:49:54.222+0000] {dag.py:4180} INFO - Setting next_dagrun for example_weekday_branch_operator to 2025-04-19 00:00:00+00:00, run_after=2025-04-20 00:00:00+00:00
[2025-04-20T17:49:54.244+0000] {processor.py:208} INFO - Processing /home/airflow/.local/lib/python3.12/site-packages/airflow/example_dags/example_branch_day_of_week_operator.py took 0.091 seconds
[2025-04-20T17:50:25.514+0000] {processor.py:186} INFO - Started process (PID=273) to work on /home/airflow/.local/lib/python3.12/site-packages/airflow/example_dags/example_branch_day_of_week_operator.py
[2025-04-20T17:50:25.517+0000] {processor.py:914} INFO - Processing file /home/airflow/.local/lib/python3.12/site-packages/airflow/example_dags/example_branch_day_of_week_operator.py for tasks to queue
[2025-04-20T17:50:25.521+0000] {logging_mixin.py:190} INFO - [2025-04-20T17:50:25.521+0000] {dagbag.py:588} INFO - Filling up the DagBag from /home/airflow/.local/lib/python3.12/site-packages/airflow/example_dags/example_branch_day_of_week_operator.py
[2025-04-20T17:50:25.538+0000] {processor.py:925} INFO - DAG(s) 'example_weekday_branch_operator' retrieved from /home/airflow/.local/lib/python3.12/site-packages/airflow/example_dags/example_branch_day_of_week_operator.py
[2025-04-20T17:50:25.565+0000] {logging_mixin.py:190} INFO - [2025-04-20T17:50:25.565+0000] {dag.py:3239} INFO - Sync 1 DAGs
[2025-04-20T17:50:25.612+0000] {logging_mixin.py:190} INFO - [2025-04-20T17:50:25.611+0000] {dag.py:4180} INFO - Setting next_dagrun for example_weekday_branch_operator to 2025-04-19 00:00:00+00:00, run_after=2025-04-20 00:00:00+00:00
[2025-04-20T17:50:25.636+0000] {processor.py:208} INFO - Processing /home/airflow/.local/lib/python3.12/site-packages/airflow/example_dags/example_branch_day_of_week_operator.py took 0.135 seconds
[2025-04-20T17:50:57.143+0000] {processor.py:186} INFO - Started process (PID=336) to work on /home/airflow/.local/lib/python3.12/site-packages/airflow/example_dags/example_branch_day_of_week_operator.py
[2025-04-20T17:50:57.145+0000] {processor.py:914} INFO - Processing file /home/airflow/.local/lib/python3.12/site-packages/airflow/example_dags/example_branch_day_of_week_operator.py for tasks to queue
[2025-04-20T17:50:57.148+0000] {logging_mixin.py:190} INFO - [2025-04-20T17:50:57.148+0000] {dagbag.py:588} INFO - Filling up the DagBag from /home/airflow/.local/lib/python3.12/site-packages/airflow/example_dags/example_branch_day_of_week_operator.py
[2025-04-20T17:50:57.160+0000] {processor.py:925} INFO - DAG(s) 'example_weekday_branch_operator' retrieved from /home/airflow/.local/lib/python3.12/site-packages/airflow/example_dags/example_branch_day_of_week_operator.py
[2025-04-20T17:50:57.188+0000] {logging_mixin.py:190} INFO - [2025-04-20T17:50:57.188+0000] {dag.py:3239} INFO - Sync 1 DAGs
[2025-04-20T17:50:57.223+0000] {logging_mixin.py:190} INFO - [2025-04-20T17:50:57.222+0000] {dag.py:4180} INFO - Setting next_dagrun for example_weekday_branch_operator to 2025-04-19 00:00:00+00:00, run_after=2025-04-20 00:00:00+00:00
[2025-04-20T17:50:57.252+0000] {processor.py:208} INFO - Processing /home/airflow/.local/lib/python3.12/site-packages/airflow/example_dags/example_branch_day_of_week_operator.py took 0.118 seconds
[2025-04-20T17:51:29.031+0000] {processor.py:186} INFO - Started process (PID=399) to work on /home/airflow/.local/lib/python3.12/site-packages/airflow/example_dags/example_branch_day_of_week_operator.py
[2025-04-20T17:51:29.035+0000] {processor.py:914} INFO - Processing file /home/airflow/.local/lib/python3.12/site-packages/airflow/example_dags/example_branch_day_of_week_operator.py for tasks to queue
[2025-04-20T17:51:29.038+0000] {logging_mixin.py:190} INFO - [2025-04-20T17:51:29.038+0000] {dagbag.py:588} INFO - Filling up the DagBag from /home/airflow/.local/lib/python3.12/site-packages/airflow/example_dags/example_branch_day_of_week_operator.py
[2025-04-20T17:51:29.051+0000] {processor.py:925} INFO - DAG(s) 'example_weekday_branch_operator' retrieved from /home/airflow/.local/lib/python3.12/site-packages/airflow/example_dags/example_branch_day_of_week_operator.py
[2025-04-20T17:51:29.075+0000] {logging_mixin.py:190} INFO - [2025-04-20T17:51:29.075+0000] {dag.py:3239} INFO - Sync 1 DAGs
[2025-04-20T17:51:29.109+0000] {logging_mixin.py:190} INFO - [2025-04-20T17:51:29.108+0000] {dag.py:4180} INFO - Setting next_dagrun for example_weekday_branch_operator to 2025-04-19 00:00:00+00:00, run_after=2025-04-20 00:00:00+00:00
[2025-04-20T17:51:29.178+0000] {processor.py:208} INFO - Processing /home/airflow/.local/lib/python3.12/site-packages/airflow/example_dags/example_branch_day_of_week_operator.py took 0.155 seconds
[2025-04-20T17:52:00.777+0000] {processor.py:186} INFO - Started process (PID=462) to work on /home/airflow/.local/lib/python3.12/site-packages/airflow/example_dags/example_branch_day_of_week_operator.py
[2025-04-20T17:52:00.778+0000] {processor.py:914} INFO - Processing file /home/airflow/.local/lib/python3.12/site-packages/airflow/example_dags/example_branch_day_of_week_operator.py for tasks to queue
[2025-04-20T17:52:00.783+0000] {logging_mixin.py:190} INFO - [2025-04-20T17:52:00.783+0000] {dagbag.py:588} INFO - Filling up the DagBag from /home/airflow/.local/lib/python3.12/site-packages/airflow/example_dags/example_branch_day_of_week_operator.py
[2025-04-20T17:52:00.798+0000] {processor.py:925} INFO - DAG(s) 'example_weekday_branch_operator' retrieved from /home/airflow/.local/lib/python3.12/site-packages/airflow/example_dags/example_branch_day_of_week_operator.py
[2025-04-20T17:52:00.826+0000] {logging_mixin.py:190} INFO - [2025-04-20T17:52:00.825+0000] {dag.py:3239} INFO - Sync 1 DAGs
[2025-04-20T17:52:00.854+0000] {logging_mixin.py:190} INFO - [2025-04-20T17:52:00.854+0000] {dag.py:4180} INFO - Setting next_dagrun for example_weekday_branch_operator to 2025-04-19 00:00:00+00:00, run_after=2025-04-20 00:00:00+00:00
[2025-04-20T17:52:00.880+0000] {processor.py:208} INFO - Processing /home/airflow/.local/lib/python3.12/site-packages/airflow/example_dags/example_branch_day_of_week_operator.py took 0.110 seconds
[2025-04-20T17:52:32.294+0000] {processor.py:186} INFO - Started process (PID=524) to work on /home/airflow/.local/lib/python3.12/site-packages/airflow/example_dags/example_branch_day_of_week_operator.py
[2025-04-20T17:52:32.295+0000] {processor.py:914} INFO - Processing file /home/airflow/.local/lib/python3.12/site-packages/airflow/example_dags/example_branch_day_of_week_operator.py for tasks to queue
[2025-04-20T17:52:32.298+0000] {logging_mixin.py:190} INFO - [2025-04-20T17:52:32.297+0000] {dagbag.py:588} INFO - Filling up the DagBag from /home/airflow/.local/lib/python3.12/site-packages/airflow/example_dags/example_branch_day_of_week_operator.py
[2025-04-20T17:52:32.308+0000] {processor.py:925} INFO - DAG(s) 'example_weekday_branch_operator' retrieved from /home/airflow/.local/lib/python3.12/site-packages/airflow/example_dags/example_branch_day_of_week_operator.py
[2025-04-20T17:52:32.332+0000] {logging_mixin.py:190} INFO - [2025-04-20T17:52:32.331+0000] {dag.py:3239} INFO - Sync 1 DAGs
[2025-04-20T17:52:32.358+0000] {logging_mixin.py:190} INFO - [2025-04-20T17:52:32.358+0000] {dag.py:4180} INFO - Setting next_dagrun for example_weekday_branch_operator to 2025-04-19 00:00:00+00:00, run_after=2025-04-20 00:00:00+00:00
[2025-04-20T17:52:32.398+0000] {processor.py:208} INFO - Processing /home/airflow/.local/lib/python3.12/site-packages/airflow/example_dags/example_branch_day_of_week_operator.py took 0.110 seconds
[2025-04-20T17:53:04.064+0000] {processor.py:186} INFO - Started process (PID=587) to work on /home/airflow/.local/lib/python3.12/site-packages/airflow/example_dags/example_branch_day_of_week_operator.py
[2025-04-20T17:53:04.066+0000] {processor.py:914} INFO - Processing file /home/airflow/.local/lib/python3.12/site-packages/airflow/example_dags/example_branch_day_of_week_operator.py for tasks to queue
[2025-04-20T17:53:04.071+0000] {logging_mixin.py:190} INFO - [2025-04-20T17:53:04.070+0000] {dagbag.py:588} INFO - Filling up the DagBag from /home/airflow/.local/lib/python3.12/site-packages/airflow/example_dags/example_branch_day_of_week_operator.py
[2025-04-20T17:53:04.089+0000] {processor.py:925} INFO - DAG(s) 'example_weekday_branch_operator' retrieved from /home/airflow/.local/lib/python3.12/site-packages/airflow/example_dags/example_branch_day_of_week_operator.py
[2025-04-20T17:53:04.119+0000] {logging_mixin.py:190} INFO - [2025-04-20T17:53:04.118+0000] {dag.py:3239} INFO - Sync 1 DAGs
[2025-04-20T17:53:04.161+0000] {logging_mixin.py:190} INFO - [2025-04-20T17:53:04.161+0000] {dag.py:4180} INFO - Setting next_dagrun for example_weekday_branch_operator to 2025-04-19 00:00:00+00:00, run_after=2025-04-20 00:00:00+00:00
[2025-04-20T17:53:04.189+0000] {processor.py:208} INFO - Processing /home/airflow/.local/lib/python3.12/site-packages/airflow/example_dags/example_branch_day_of_week_operator.py took 0.138 seconds
[2025-04-20T17:53:36.397+0000] {processor.py:186} INFO - Started process (PID=656) to work on /home/airflow/.local/lib/python3.12/site-packages/airflow/example_dags/example_branch_day_of_week_operator.py
[2025-04-20T17:53:36.399+0000] {processor.py:914} INFO - Processing file /home/airflow/.local/lib/python3.12/site-packages/airflow/example_dags/example_branch_day_of_week_operator.py for tasks to queue
[2025-04-20T17:53:36.402+0000] {logging_mixin.py:190} INFO - [2025-04-20T17:53:36.401+0000] {dagbag.py:588} INFO - Filling up the DagBag from /home/airflow/.local/lib/python3.12/site-packages/airflow/example_dags/example_branch_day_of_week_operator.py
[2025-04-20T17:53:36.416+0000] {processor.py:925} INFO - DAG(s) 'example_weekday_branch_operator' retrieved from /home/airflow/.local/lib/python3.12/site-packages/airflow/example_dags/example_branch_day_of_week_operator.py
[2025-04-20T17:53:36.447+0000] {logging_mixin.py:190} INFO - [2025-04-20T17:53:36.447+0000] {dag.py:3239} INFO - Sync 1 DAGs
[2025-04-20T17:53:36.482+0000] {logging_mixin.py:190} INFO - [2025-04-20T17:53:36.481+0000] {dag.py:4180} INFO - Setting next_dagrun for example_weekday_branch_operator to 2025-04-19 00:00:00+00:00, run_after=2025-04-20 00:00:00+00:00
[2025-04-20T17:53:36.506+0000] {processor.py:208} INFO - Processing /home/airflow/.local/lib/python3.12/site-packages/airflow/example_dags/example_branch_day_of_week_operator.py took 0.118 seconds
[2025-04-20T17:54:07.820+0000] {processor.py:186} INFO - Started process (PID=719) to work on /home/airflow/.local/lib/python3.12/site-packages/airflow/example_dags/example_branch_day_of_week_operator.py
[2025-04-20T17:54:07.822+0000] {processor.py:914} INFO - Processing file /home/airflow/.local/lib/python3.12/site-packages/airflow/example_dags/example_branch_day_of_week_operator.py for tasks to queue
[2025-04-20T17:54:07.826+0000] {logging_mixin.py:190} INFO - [2025-04-20T17:54:07.825+0000] {dagbag.py:588} INFO - Filling up the DagBag from /home/airflow/.local/lib/python3.12/site-packages/airflow/example_dags/example_branch_day_of_week_operator.py
[2025-04-20T17:54:07.842+0000] {processor.py:925} INFO - DAG(s) 'example_weekday_branch_operator' retrieved from /home/airflow/.local/lib/python3.12/site-packages/airflow/example_dags/example_branch_day_of_week_operator.py
[2025-04-20T17:54:07.867+0000] {logging_mixin.py:190} INFO - [2025-04-20T17:54:07.867+0000] {dag.py:3239} INFO - Sync 1 DAGs
[2025-04-20T17:54:07.898+0000] {logging_mixin.py:190} INFO - [2025-04-20T17:54:07.897+0000] {dag.py:4180} INFO - Setting next_dagrun for example_weekday_branch_operator to 2025-04-19 00:00:00+00:00, run_after=2025-04-20 00:00:00+00:00
[2025-04-20T17:54:07.926+0000] {processor.py:208} INFO - Processing /home/airflow/.local/lib/python3.12/site-packages/airflow/example_dags/example_branch_day_of_week_operator.py took 0.117 seconds
[2025-04-20T17:54:39.255+0000] {processor.py:186} INFO - Started process (PID=782) to work on /home/airflow/.local/lib/python3.12/site-packages/airflow/example_dags/example_branch_day_of_week_operator.py
[2025-04-20T17:54:39.257+0000] {processor.py:914} INFO - Processing file /home/airflow/.local/lib/python3.12/site-packages/airflow/example_dags/example_branch_day_of_week_operator.py for tasks to queue
[2025-04-20T17:54:39.260+0000] {logging_mixin.py:190} INFO - [2025-04-20T17:54:39.260+0000] {dagbag.py:588} INFO - Filling up the DagBag from /home/airflow/.local/lib/python3.12/site-packages/airflow/example_dags/example_branch_day_of_week_operator.py
[2025-04-20T17:54:39.279+0000] {processor.py:925} INFO - DAG(s) 'example_weekday_branch_operator' retrieved from /home/airflow/.local/lib/python3.12/site-packages/airflow/example_dags/example_branch_day_of_week_operator.py
[2025-04-20T17:54:39.310+0000] {logging_mixin.py:190} INFO - [2025-04-20T17:54:39.310+0000] {dag.py:3239} INFO - Sync 1 DAGs
[2025-04-20T17:54:39.343+0000] {logging_mixin.py:190} INFO - [2025-04-20T17:54:39.343+0000] {dag.py:4180} INFO - Setting next_dagrun for example_weekday_branch_operator to 2025-04-19 00:00:00+00:00, run_after=2025-04-20 00:00:00+00:00
[2025-04-20T17:54:39.370+0000] {processor.py:208} INFO - Processing /home/airflow/.local/lib/python3.12/site-packages/airflow/example_dags/example_branch_day_of_week_operator.py took 0.123 seconds
[2025-04-20T17:55:10.433+0000] {processor.py:186} INFO - Started process (PID=845) to work on /home/airflow/.local/lib/python3.12/site-packages/airflow/example_dags/example_branch_day_of_week_operator.py
[2025-04-20T17:55:10.434+0000] {processor.py:914} INFO - Processing file /home/airflow/.local/lib/python3.12/site-packages/airflow/example_dags/example_branch_day_of_week_operator.py for tasks to queue
[2025-04-20T17:55:10.437+0000] {logging_mixin.py:190} INFO - [2025-04-20T17:55:10.437+0000] {dagbag.py:588} INFO - Filling up the DagBag from /home/airflow/.local/lib/python3.12/site-packages/airflow/example_dags/example_branch_day_of_week_operator.py
[2025-04-20T17:55:10.452+0000] {processor.py:925} INFO - DAG(s) 'example_weekday_branch_operator' retrieved from /home/airflow/.local/lib/python3.12/site-packages/airflow/example_dags/example_branch_day_of_week_operator.py
[2025-04-20T17:55:10.496+0000] {logging_mixin.py:190} INFO - [2025-04-20T17:55:10.496+0000] {dag.py:3239} INFO - Sync 1 DAGs
[2025-04-20T17:55:10.534+0000] {logging_mixin.py:190} INFO - [2025-04-20T17:55:10.534+0000] {dag.py:4180} INFO - Setting next_dagrun for example_weekday_branch_operator to 2025-04-19 00:00:00+00:00, run_after=2025-04-20 00:00:00+00:00
[2025-04-20T17:55:10.559+0000] {processor.py:208} INFO - Processing /home/airflow/.local/lib/python3.12/site-packages/airflow/example_dags/example_branch_day_of_week_operator.py took 0.133 seconds
[2025-04-20T17:55:42.144+0000] {processor.py:186} INFO - Started process (PID=908) to work on /home/airflow/.local/lib/python3.12/site-packages/airflow/example_dags/example_branch_day_of_week_operator.py
[2025-04-20T17:55:42.145+0000] {processor.py:914} INFO - Processing file /home/airflow/.local/lib/python3.12/site-packages/airflow/example_dags/example_branch_day_of_week_operator.py for tasks to queue
[2025-04-20T17:55:42.148+0000] {logging_mixin.py:190} INFO - [2025-04-20T17:55:42.147+0000] {dagbag.py:588} INFO - Filling up the DagBag from /home/airflow/.local/lib/python3.12/site-packages/airflow/example_dags/example_branch_day_of_week_operator.py
[2025-04-20T17:55:42.160+0000] {processor.py:925} INFO - DAG(s) 'example_weekday_branch_operator' retrieved from /home/airflow/.local/lib/python3.12/site-packages/airflow/example_dags/example_branch_day_of_week_operator.py
[2025-04-20T17:55:42.186+0000] {logging_mixin.py:190} INFO - [2025-04-20T17:55:42.186+0000] {dag.py:3239} INFO - Sync 1 DAGs
[2025-04-20T17:55:42.218+0000] {logging_mixin.py:190} INFO - [2025-04-20T17:55:42.218+0000] {dag.py:4180} INFO - Setting next_dagrun for example_weekday_branch_operator to 2025-04-19 00:00:00+00:00, run_after=2025-04-20 00:00:00+00:00
[2025-04-20T17:55:42.245+0000] {processor.py:208} INFO - Processing /home/airflow/.local/lib/python3.12/site-packages/airflow/example_dags/example_branch_day_of_week_operator.py took 0.108 seconds
[2025-04-20T17:56:13.485+0000] {processor.py:186} INFO - Started process (PID=971) to work on /home/airflow/.local/lib/python3.12/site-packages/airflow/example_dags/example_branch_day_of_week_operator.py
[2025-04-20T17:56:13.486+0000] {processor.py:914} INFO - Processing file /home/airflow/.local/lib/python3.12/site-packages/airflow/example_dags/example_branch_day_of_week_operator.py for tasks to queue
[2025-04-20T17:56:13.490+0000] {logging_mixin.py:190} INFO - [2025-04-20T17:56:13.489+0000] {dagbag.py:588} INFO - Filling up the DagBag from /home/airflow/.local/lib/python3.12/site-packages/airflow/example_dags/example_branch_day_of_week_operator.py
[2025-04-20T17:56:13.505+0000] {processor.py:925} INFO - DAG(s) 'example_weekday_branch_operator' retrieved from /home/airflow/.local/lib/python3.12/site-packages/airflow/example_dags/example_branch_day_of_week_operator.py
[2025-04-20T17:56:13.528+0000] {logging_mixin.py:190} INFO - [2025-04-20T17:56:13.528+0000] {dag.py:3239} INFO - Sync 1 DAGs
[2025-04-20T17:56:13.558+0000] {logging_mixin.py:190} INFO - [2025-04-20T17:56:13.558+0000] {dag.py:4180} INFO - Setting next_dagrun for example_weekday_branch_operator to 2025-04-19 00:00:00+00:00, run_after=2025-04-20 00:00:00+00:00
[2025-04-20T17:56:13.584+0000] {processor.py:208} INFO - Processing /home/airflow/.local/lib/python3.12/site-packages/airflow/example_dags/example_branch_day_of_week_operator.py took 0.108 seconds
[2025-04-20T17:56:45.231+0000] {processor.py:186} INFO - Started process (PID=1034) to work on /home/airflow/.local/lib/python3.12/site-packages/airflow/example_dags/example_branch_day_of_week_operator.py
[2025-04-20T17:56:45.235+0000] {processor.py:914} INFO - Processing file /home/airflow/.local/lib/python3.12/site-packages/airflow/example_dags/example_branch_day_of_week_operator.py for tasks to queue
[2025-04-20T17:56:45.240+0000] {logging_mixin.py:190} INFO - [2025-04-20T17:56:45.239+0000] {dagbag.py:588} INFO - Filling up the DagBag from /home/airflow/.local/lib/python3.12/site-packages/airflow/example_dags/example_branch_day_of_week_operator.py
[2025-04-20T17:56:45.264+0000] {processor.py:925} INFO - DAG(s) 'example_weekday_branch_operator' retrieved from /home/airflow/.local/lib/python3.12/site-packages/airflow/example_dags/example_branch_day_of_week_operator.py
[2025-04-20T17:56:45.316+0000] {logging_mixin.py:190} INFO - [2025-04-20T17:56:45.316+0000] {dag.py:3239} INFO - Sync 1 DAGs
[2025-04-20T17:56:45.377+0000] {logging_mixin.py:190} INFO - [2025-04-20T17:56:45.377+0000] {dag.py:4180} INFO - Setting next_dagrun for example_weekday_branch_operator to 2025-04-19 00:00:00+00:00, run_after=2025-04-20 00:00:00+00:00
[2025-04-20T17:56:45.435+0000] {processor.py:208} INFO - Processing /home/airflow/.local/lib/python3.12/site-packages/airflow/example_dags/example_branch_day_of_week_operator.py took 0.222 seconds
[2025-04-20T17:57:16.517+0000] {processor.py:186} INFO - Started process (PID=1097) to work on /home/airflow/.local/lib/python3.12/site-packages/airflow/example_dags/example_branch_day_of_week_operator.py
[2025-04-20T17:57:16.519+0000] {processor.py:914} INFO - Processing file /home/airflow/.local/lib/python3.12/site-packages/airflow/example_dags/example_branch_day_of_week_operator.py for tasks to queue
[2025-04-20T17:57:16.522+0000] {logging_mixin.py:190} INFO - [2025-04-20T17:57:16.522+0000] {dagbag.py:588} INFO - Filling up the DagBag from /home/airflow/.local/lib/python3.12/site-packages/airflow/example_dags/example_branch_day_of_week_operator.py
[2025-04-20T17:57:16.535+0000] {processor.py:925} INFO - DAG(s) 'example_weekday_branch_operator' retrieved from /home/airflow/.local/lib/python3.12/site-packages/airflow/example_dags/example_branch_day_of_week_operator.py
[2025-04-20T17:57:16.559+0000] {logging_mixin.py:190} INFO - [2025-04-20T17:57:16.559+0000] {dag.py:3239} INFO - Sync 1 DAGs
[2025-04-20T17:57:16.587+0000] {logging_mixin.py:190} INFO - [2025-04-20T17:57:16.587+0000] {dag.py:4180} INFO - Setting next_dagrun for example_weekday_branch_operator to 2025-04-19 00:00:00+00:00, run_after=2025-04-20 00:00:00+00:00
[2025-04-20T17:57:16.636+0000] {processor.py:208} INFO - Processing /home/airflow/.local/lib/python3.12/site-packages/airflow/example_dags/example_branch_day_of_week_operator.py took 0.127 seconds
[2025-04-20T17:57:47.776+0000] {processor.py:186} INFO - Started process (PID=1160) to work on /home/airflow/.local/lib/python3.12/site-packages/airflow/example_dags/example_branch_day_of_week_operator.py
[2025-04-20T17:57:47.778+0000] {processor.py:914} INFO - Processing file /home/airflow/.local/lib/python3.12/site-packages/airflow/example_dags/example_branch_day_of_week_operator.py for tasks to queue
[2025-04-20T17:57:47.782+0000] {logging_mixin.py:190} INFO - [2025-04-20T17:57:47.782+0000] {dagbag.py:588} INFO - Filling up the DagBag from /home/airflow/.local/lib/python3.12/site-packages/airflow/example_dags/example_branch_day_of_week_operator.py
[2025-04-20T17:57:47.798+0000] {processor.py:925} INFO - DAG(s) 'example_weekday_branch_operator' retrieved from /home/airflow/.local/lib/python3.12/site-packages/airflow/example_dags/example_branch_day_of_week_operator.py
[2025-04-20T17:57:47.828+0000] {logging_mixin.py:190} INFO - [2025-04-20T17:57:47.828+0000] {dag.py:3239} INFO - Sync 1 DAGs
[2025-04-20T17:57:47.868+0000] {logging_mixin.py:190} INFO - [2025-04-20T17:57:47.868+0000] {dag.py:4180} INFO - Setting next_dagrun for example_weekday_branch_operator to 2025-04-19 00:00:00+00:00, run_after=2025-04-20 00:00:00+00:00
[2025-04-20T17:57:47.895+0000] {processor.py:208} INFO - Processing /home/airflow/.local/lib/python3.12/site-packages/airflow/example_dags/example_branch_day_of_week_operator.py took 0.129 seconds
[2025-04-20T17:58:18.784+0000] {processor.py:186} INFO - Started process (PID=1223) to work on /home/airflow/.local/lib/python3.12/site-packages/airflow/example_dags/example_branch_day_of_week_operator.py
[2025-04-20T17:58:18.786+0000] {processor.py:914} INFO - Processing file /home/airflow/.local/lib/python3.12/site-packages/airflow/example_dags/example_branch_day_of_week_operator.py for tasks to queue
[2025-04-20T17:58:18.789+0000] {logging_mixin.py:190} INFO - [2025-04-20T17:58:18.788+0000] {dagbag.py:588} INFO - Filling up the DagBag from /home/airflow/.local/lib/python3.12/site-packages/airflow/example_dags/example_branch_day_of_week_operator.py
[2025-04-20T17:58:18.800+0000] {processor.py:925} INFO - DAG(s) 'example_weekday_branch_operator' retrieved from /home/airflow/.local/lib/python3.12/site-packages/airflow/example_dags/example_branch_day_of_week_operator.py
[2025-04-20T17:58:18.825+0000] {logging_mixin.py:190} INFO - [2025-04-20T17:58:18.825+0000] {dag.py:3239} INFO - Sync 1 DAGs
[2025-04-20T17:58:18.854+0000] {logging_mixin.py:190} INFO - [2025-04-20T17:58:18.853+0000] {dag.py:4180} INFO - Setting next_dagrun for example_weekday_branch_operator to 2025-04-19 00:00:00+00:00, run_after=2025-04-20 00:00:00+00:00
[2025-04-20T17:58:18.879+0000] {processor.py:208} INFO - Processing /home/airflow/.local/lib/python3.12/site-packages/airflow/example_dags/example_branch_day_of_week_operator.py took 0.102 seconds
[2025-04-20T17:58:50.045+0000] {processor.py:186} INFO - Started process (PID=1286) to work on /home/airflow/.local/lib/python3.12/site-packages/airflow/example_dags/example_branch_day_of_week_operator.py
[2025-04-20T17:58:50.047+0000] {processor.py:914} INFO - Processing file /home/airflow/.local/lib/python3.12/site-packages/airflow/example_dags/example_branch_day_of_week_operator.py for tasks to queue
[2025-04-20T17:58:50.050+0000] {logging_mixin.py:190} INFO - [2025-04-20T17:58:50.050+0000] {dagbag.py:588} INFO - Filling up the DagBag from /home/airflow/.local/lib/python3.12/site-packages/airflow/example_dags/example_branch_day_of_week_operator.py
[2025-04-20T17:58:50.064+0000] {processor.py:925} INFO - DAG(s) 'example_weekday_branch_operator' retrieved from /home/airflow/.local/lib/python3.12/site-packages/airflow/example_dags/example_branch_day_of_week_operator.py
[2025-04-20T17:58:50.091+0000] {logging_mixin.py:190} INFO - [2025-04-20T17:58:50.091+0000] {dag.py:3239} INFO - Sync 1 DAGs
[2025-04-20T17:58:50.149+0000] {logging_mixin.py:190} INFO - [2025-04-20T17:58:50.149+0000] {dag.py:4180} INFO - Setting next_dagrun for example_weekday_branch_operator to 2025-04-19 00:00:00+00:00, run_after=2025-04-20 00:00:00+00:00
[2025-04-20T17:58:50.179+0000] {processor.py:208} INFO - Processing /home/airflow/.local/lib/python3.12/site-packages/airflow/example_dags/example_branch_day_of_week_operator.py took 0.144 seconds
[2025-04-20T18:04:51.285+0000] {processor.py:186} INFO - Started process (PID=87) to work on /home/airflow/.local/lib/python3.12/site-packages/airflow/example_dags/example_branch_day_of_week_operator.py
[2025-04-20T18:04:51.290+0000] {processor.py:914} INFO - Processing file /home/airflow/.local/lib/python3.12/site-packages/airflow/example_dags/example_branch_day_of_week_operator.py for tasks to queue
[2025-04-20T18:04:51.295+0000] {logging_mixin.py:190} INFO - [2025-04-20T18:04:51.294+0000] {dagbag.py:588} INFO - Filling up the DagBag from /home/airflow/.local/lib/python3.12/site-packages/airflow/example_dags/example_branch_day_of_week_operator.py
[2025-04-20T18:04:51.317+0000] {processor.py:925} INFO - DAG(s) 'example_weekday_branch_operator' retrieved from /home/airflow/.local/lib/python3.12/site-packages/airflow/example_dags/example_branch_day_of_week_operator.py
[2025-04-20T18:04:51.542+0000] {logging_mixin.py:190} INFO - [2025-04-20T18:04:51.541+0000] {override.py:1912} INFO - Created Permission View: can read on DAG:example_weekday_branch_operator
[2025-04-20T18:04:51.561+0000] {logging_mixin.py:190} INFO - [2025-04-20T18:04:51.560+0000] {override.py:1912} INFO - Created Permission View: can edit on DAG:example_weekday_branch_operator
[2025-04-20T18:04:51.573+0000] {logging_mixin.py:190} INFO - [2025-04-20T18:04:51.572+0000] {override.py:1912} INFO - Created Permission View: can delete on DAG:example_weekday_branch_operator
[2025-04-20T18:04:51.588+0000] {logging_mixin.py:190} INFO - [2025-04-20T18:04:51.587+0000] {override.py:1912} INFO - Created Permission View: menu access on DAG Run:example_weekday_branch_operator
[2025-04-20T18:04:51.600+0000] {logging_mixin.py:190} INFO - [2025-04-20T18:04:51.600+0000] {override.py:1912} INFO - Created Permission View: can read on DAG Run:example_weekday_branch_operator
[2025-04-20T18:04:51.610+0000] {logging_mixin.py:190} INFO - [2025-04-20T18:04:51.610+0000] {override.py:1912} INFO - Created Permission View: can create on DAG Run:example_weekday_branch_operator
[2025-04-20T18:04:51.621+0000] {logging_mixin.py:190} INFO - [2025-04-20T18:04:51.621+0000] {override.py:1912} INFO - Created Permission View: can delete on DAG Run:example_weekday_branch_operator
[2025-04-20T18:04:51.623+0000] {logging_mixin.py:190} INFO - [2025-04-20T18:04:51.622+0000] {dag.py:3239} INFO - Sync 1 DAGs
[2025-04-20T18:04:51.652+0000] {logging_mixin.py:190} INFO - [2025-04-20T18:04:51.652+0000] {dag.py:3262} INFO - Creating ORM DAG for example_weekday_branch_operator
[2025-04-20T18:04:51.678+0000] {logging_mixin.py:190} INFO - [2025-04-20T18:04:51.678+0000] {dag.py:4180} INFO - Setting next_dagrun for example_weekday_branch_operator to 2025-04-19 00:00:00+00:00, run_after=2025-04-20 00:00:00+00:00
[2025-04-20T18:04:51.714+0000] {processor.py:208} INFO - Processing /home/airflow/.local/lib/python3.12/site-packages/airflow/example_dags/example_branch_day_of_week_operator.py took 0.441 seconds
[2025-04-20T18:05:22.814+0000] {processor.py:186} INFO - Started process (PID=150) to work on /home/airflow/.local/lib/python3.12/site-packages/airflow/example_dags/example_branch_day_of_week_operator.py
[2025-04-20T18:05:22.816+0000] {processor.py:914} INFO - Processing file /home/airflow/.local/lib/python3.12/site-packages/airflow/example_dags/example_branch_day_of_week_operator.py for tasks to queue
[2025-04-20T18:05:22.818+0000] {logging_mixin.py:190} INFO - [2025-04-20T18:05:22.818+0000] {dagbag.py:588} INFO - Filling up the DagBag from /home/airflow/.local/lib/python3.12/site-packages/airflow/example_dags/example_branch_day_of_week_operator.py
[2025-04-20T18:05:22.831+0000] {processor.py:925} INFO - DAG(s) 'example_weekday_branch_operator' retrieved from /home/airflow/.local/lib/python3.12/site-packages/airflow/example_dags/example_branch_day_of_week_operator.py
[2025-04-20T18:05:22.856+0000] {logging_mixin.py:190} INFO - [2025-04-20T18:05:22.856+0000] {dag.py:3239} INFO - Sync 1 DAGs
[2025-04-20T18:05:22.885+0000] {logging_mixin.py:190} INFO - [2025-04-20T18:05:22.885+0000] {dag.py:4180} INFO - Setting next_dagrun for example_weekday_branch_operator to 2025-04-19 00:00:00+00:00, run_after=2025-04-20 00:00:00+00:00
[2025-04-20T18:05:22.925+0000] {processor.py:208} INFO - Processing /home/airflow/.local/lib/python3.12/site-packages/airflow/example_dags/example_branch_day_of_week_operator.py took 0.118 seconds
[2025-04-20T18:05:55.076+0000] {processor.py:186} INFO - Started process (PID=213) to work on /home/airflow/.local/lib/python3.12/site-packages/airflow/example_dags/example_branch_day_of_week_operator.py
[2025-04-20T18:05:55.078+0000] {processor.py:914} INFO - Processing file /home/airflow/.local/lib/python3.12/site-packages/airflow/example_dags/example_branch_day_of_week_operator.py for tasks to queue
[2025-04-20T18:05:55.081+0000] {logging_mixin.py:190} INFO - [2025-04-20T18:05:55.081+0000] {dagbag.py:588} INFO - Filling up the DagBag from /home/airflow/.local/lib/python3.12/site-packages/airflow/example_dags/example_branch_day_of_week_operator.py
[2025-04-20T18:05:55.095+0000] {processor.py:925} INFO - DAG(s) 'example_weekday_branch_operator' retrieved from /home/airflow/.local/lib/python3.12/site-packages/airflow/example_dags/example_branch_day_of_week_operator.py
[2025-04-20T18:05:55.119+0000] {logging_mixin.py:190} INFO - [2025-04-20T18:05:55.119+0000] {dag.py:3239} INFO - Sync 1 DAGs
[2025-04-20T18:05:55.148+0000] {logging_mixin.py:190} INFO - [2025-04-20T18:05:55.147+0000] {dag.py:4180} INFO - Setting next_dagrun for example_weekday_branch_operator to 2025-04-19 00:00:00+00:00, run_after=2025-04-20 00:00:00+00:00
[2025-04-20T18:05:55.181+0000] {processor.py:208} INFO - Processing /home/airflow/.local/lib/python3.12/site-packages/airflow/example_dags/example_branch_day_of_week_operator.py took 0.115 seconds
[2025-04-20T18:06:26.054+0000] {processor.py:186} INFO - Started process (PID=276) to work on /home/airflow/.local/lib/python3.12/site-packages/airflow/example_dags/example_branch_day_of_week_operator.py
[2025-04-20T18:06:26.056+0000] {processor.py:914} INFO - Processing file /home/airflow/.local/lib/python3.12/site-packages/airflow/example_dags/example_branch_day_of_week_operator.py for tasks to queue
[2025-04-20T18:06:26.058+0000] {logging_mixin.py:190} INFO - [2025-04-20T18:06:26.058+0000] {dagbag.py:588} INFO - Filling up the DagBag from /home/airflow/.local/lib/python3.12/site-packages/airflow/example_dags/example_branch_day_of_week_operator.py
[2025-04-20T18:06:26.070+0000] {processor.py:925} INFO - DAG(s) 'example_weekday_branch_operator' retrieved from /home/airflow/.local/lib/python3.12/site-packages/airflow/example_dags/example_branch_day_of_week_operator.py
[2025-04-20T18:06:26.099+0000] {logging_mixin.py:190} INFO - [2025-04-20T18:06:26.099+0000] {dag.py:3239} INFO - Sync 1 DAGs
[2025-04-20T18:06:26.147+0000] {logging_mixin.py:190} INFO - [2025-04-20T18:06:26.146+0000] {dag.py:4180} INFO - Setting next_dagrun for example_weekday_branch_operator to 2025-04-19 00:00:00+00:00, run_after=2025-04-20 00:00:00+00:00
[2025-04-20T18:06:26.169+0000] {processor.py:208} INFO - Processing /home/airflow/.local/lib/python3.12/site-packages/airflow/example_dags/example_branch_day_of_week_operator.py took 0.120 seconds
[2025-04-20T18:06:58.054+0000] {processor.py:186} INFO - Started process (PID=339) to work on /home/airflow/.local/lib/python3.12/site-packages/airflow/example_dags/example_branch_day_of_week_operator.py
[2025-04-20T18:06:58.055+0000] {processor.py:914} INFO - Processing file /home/airflow/.local/lib/python3.12/site-packages/airflow/example_dags/example_branch_day_of_week_operator.py for tasks to queue
[2025-04-20T18:06:58.058+0000] {logging_mixin.py:190} INFO - [2025-04-20T18:06:58.058+0000] {dagbag.py:588} INFO - Filling up the DagBag from /home/airflow/.local/lib/python3.12/site-packages/airflow/example_dags/example_branch_day_of_week_operator.py
[2025-04-20T18:06:58.073+0000] {processor.py:925} INFO - DAG(s) 'example_weekday_branch_operator' retrieved from /home/airflow/.local/lib/python3.12/site-packages/airflow/example_dags/example_branch_day_of_week_operator.py
[2025-04-20T18:06:58.100+0000] {logging_mixin.py:190} INFO - [2025-04-20T18:06:58.100+0000] {dag.py:3239} INFO - Sync 1 DAGs
[2025-04-20T18:06:58.132+0000] {logging_mixin.py:190} INFO - [2025-04-20T18:06:58.131+0000] {dag.py:4180} INFO - Setting next_dagrun for example_weekday_branch_operator to 2025-04-19 00:00:00+00:00, run_after=2025-04-20 00:00:00+00:00
[2025-04-20T18:06:58.161+0000] {processor.py:208} INFO - Processing /home/airflow/.local/lib/python3.12/site-packages/airflow/example_dags/example_branch_day_of_week_operator.py took 0.114 seconds
[2025-04-20T18:07:29.341+0000] {processor.py:186} INFO - Started process (PID=402) to work on /home/airflow/.local/lib/python3.12/site-packages/airflow/example_dags/example_branch_day_of_week_operator.py
[2025-04-20T18:07:29.342+0000] {processor.py:914} INFO - Processing file /home/airflow/.local/lib/python3.12/site-packages/airflow/example_dags/example_branch_day_of_week_operator.py for tasks to queue
[2025-04-20T18:07:29.345+0000] {logging_mixin.py:190} INFO - [2025-04-20T18:07:29.345+0000] {dagbag.py:588} INFO - Filling up the DagBag from /home/airflow/.local/lib/python3.12/site-packages/airflow/example_dags/example_branch_day_of_week_operator.py
[2025-04-20T18:07:29.361+0000] {processor.py:925} INFO - DAG(s) 'example_weekday_branch_operator' retrieved from /home/airflow/.local/lib/python3.12/site-packages/airflow/example_dags/example_branch_day_of_week_operator.py
[2025-04-20T18:07:29.413+0000] {logging_mixin.py:190} INFO - [2025-04-20T18:07:29.412+0000] {dag.py:3239} INFO - Sync 1 DAGs
[2025-04-20T18:07:29.481+0000] {logging_mixin.py:190} INFO - [2025-04-20T18:07:29.480+0000] {dag.py:4180} INFO - Setting next_dagrun for example_weekday_branch_operator to 2025-04-19 00:00:00+00:00, run_after=2025-04-20 00:00:00+00:00
[2025-04-20T18:07:29.519+0000] {processor.py:208} INFO - Processing /home/airflow/.local/lib/python3.12/site-packages/airflow/example_dags/example_branch_day_of_week_operator.py took 0.184 seconds
[2025-04-20T18:08:01.158+0000] {processor.py:186} INFO - Started process (PID=465) to work on /home/airflow/.local/lib/python3.12/site-packages/airflow/example_dags/example_branch_day_of_week_operator.py
[2025-04-20T18:08:01.162+0000] {processor.py:914} INFO - Processing file /home/airflow/.local/lib/python3.12/site-packages/airflow/example_dags/example_branch_day_of_week_operator.py for tasks to queue
[2025-04-20T18:08:01.166+0000] {logging_mixin.py:190} INFO - [2025-04-20T18:08:01.165+0000] {dagbag.py:588} INFO - Filling up the DagBag from /home/airflow/.local/lib/python3.12/site-packages/airflow/example_dags/example_branch_day_of_week_operator.py
[2025-04-20T18:08:01.181+0000] {processor.py:925} INFO - DAG(s) 'example_weekday_branch_operator' retrieved from /home/airflow/.local/lib/python3.12/site-packages/airflow/example_dags/example_branch_day_of_week_operator.py
[2025-04-20T18:08:01.219+0000] {logging_mixin.py:190} INFO - [2025-04-20T18:08:01.219+0000] {dag.py:3239} INFO - Sync 1 DAGs
[2025-04-20T18:08:01.253+0000] {logging_mixin.py:190} INFO - [2025-04-20T18:08:01.253+0000] {dag.py:4180} INFO - Setting next_dagrun for example_weekday_branch_operator to 2025-04-19 00:00:00+00:00, run_after=2025-04-20 00:00:00+00:00
[2025-04-20T18:08:01.291+0000] {processor.py:208} INFO - Processing /home/airflow/.local/lib/python3.12/site-packages/airflow/example_dags/example_branch_day_of_week_operator.py took 0.143 seconds
[2025-04-20T18:08:32.713+0000] {processor.py:186} INFO - Started process (PID=528) to work on /home/airflow/.local/lib/python3.12/site-packages/airflow/example_dags/example_branch_day_of_week_operator.py
[2025-04-20T18:08:32.715+0000] {processor.py:914} INFO - Processing file /home/airflow/.local/lib/python3.12/site-packages/airflow/example_dags/example_branch_day_of_week_operator.py for tasks to queue
[2025-04-20T18:08:32.719+0000] {logging_mixin.py:190} INFO - [2025-04-20T18:08:32.719+0000] {dagbag.py:588} INFO - Filling up the DagBag from /home/airflow/.local/lib/python3.12/site-packages/airflow/example_dags/example_branch_day_of_week_operator.py
[2025-04-20T18:08:32.741+0000] {processor.py:925} INFO - DAG(s) 'example_weekday_branch_operator' retrieved from /home/airflow/.local/lib/python3.12/site-packages/airflow/example_dags/example_branch_day_of_week_operator.py
[2025-04-20T18:08:32.778+0000] {logging_mixin.py:190} INFO - [2025-04-20T18:08:32.777+0000] {dag.py:3239} INFO - Sync 1 DAGs
[2025-04-20T18:08:32.822+0000] {logging_mixin.py:190} INFO - [2025-04-20T18:08:32.821+0000] {dag.py:4180} INFO - Setting next_dagrun for example_weekday_branch_operator to 2025-04-19 00:00:00+00:00, run_after=2025-04-20 00:00:00+00:00
[2025-04-20T18:08:32.866+0000] {processor.py:208} INFO - Processing /home/airflow/.local/lib/python3.12/site-packages/airflow/example_dags/example_branch_day_of_week_operator.py took 0.163 seconds
[2025-04-20T18:09:03.772+0000] {processor.py:186} INFO - Started process (PID=591) to work on /home/airflow/.local/lib/python3.12/site-packages/airflow/example_dags/example_branch_day_of_week_operator.py
[2025-04-20T18:09:03.773+0000] {processor.py:914} INFO - Processing file /home/airflow/.local/lib/python3.12/site-packages/airflow/example_dags/example_branch_day_of_week_operator.py for tasks to queue
[2025-04-20T18:09:03.780+0000] {logging_mixin.py:190} INFO - [2025-04-20T18:09:03.779+0000] {dagbag.py:588} INFO - Filling up the DagBag from /home/airflow/.local/lib/python3.12/site-packages/airflow/example_dags/example_branch_day_of_week_operator.py
[2025-04-20T18:09:03.797+0000] {processor.py:925} INFO - DAG(s) 'example_weekday_branch_operator' retrieved from /home/airflow/.local/lib/python3.12/site-packages/airflow/example_dags/example_branch_day_of_week_operator.py
[2025-04-20T18:09:03.839+0000] {logging_mixin.py:190} INFO - [2025-04-20T18:09:03.839+0000] {dag.py:3239} INFO - Sync 1 DAGs
[2025-04-20T18:09:03.903+0000] {logging_mixin.py:190} INFO - [2025-04-20T18:09:03.903+0000] {dag.py:4180} INFO - Setting next_dagrun for example_weekday_branch_operator to 2025-04-19 00:00:00+00:00, run_after=2025-04-20 00:00:00+00:00
[2025-04-20T18:09:03.957+0000] {processor.py:208} INFO - Processing /home/airflow/.local/lib/python3.12/site-packages/airflow/example_dags/example_branch_day_of_week_operator.py took 0.195 seconds
[2025-04-20T18:09:35.269+0000] {processor.py:186} INFO - Started process (PID=654) to work on /home/airflow/.local/lib/python3.12/site-packages/airflow/example_dags/example_branch_day_of_week_operator.py
[2025-04-20T18:09:35.270+0000] {processor.py:914} INFO - Processing file /home/airflow/.local/lib/python3.12/site-packages/airflow/example_dags/example_branch_day_of_week_operator.py for tasks to queue
[2025-04-20T18:09:35.273+0000] {logging_mixin.py:190} INFO - [2025-04-20T18:09:35.273+0000] {dagbag.py:588} INFO - Filling up the DagBag from /home/airflow/.local/lib/python3.12/site-packages/airflow/example_dags/example_branch_day_of_week_operator.py
[2025-04-20T18:09:35.287+0000] {processor.py:925} INFO - DAG(s) 'example_weekday_branch_operator' retrieved from /home/airflow/.local/lib/python3.12/site-packages/airflow/example_dags/example_branch_day_of_week_operator.py
[2025-04-20T18:09:35.313+0000] {logging_mixin.py:190} INFO - [2025-04-20T18:09:35.313+0000] {dag.py:3239} INFO - Sync 1 DAGs
[2025-04-20T18:09:35.347+0000] {logging_mixin.py:190} INFO - [2025-04-20T18:09:35.346+0000] {dag.py:4180} INFO - Setting next_dagrun for example_weekday_branch_operator to 2025-04-19 00:00:00+00:00, run_after=2025-04-20 00:00:00+00:00
[2025-04-20T18:09:35.375+0000] {processor.py:208} INFO - Processing /home/airflow/.local/lib/python3.12/site-packages/airflow/example_dags/example_branch_day_of_week_operator.py took 0.114 seconds
[2025-04-20T18:10:07.092+0000] {processor.py:186} INFO - Started process (PID=723) to work on /home/airflow/.local/lib/python3.12/site-packages/airflow/example_dags/example_branch_day_of_week_operator.py
[2025-04-20T18:10:07.094+0000] {processor.py:914} INFO - Processing file /home/airflow/.local/lib/python3.12/site-packages/airflow/example_dags/example_branch_day_of_week_operator.py for tasks to queue
[2025-04-20T18:10:07.105+0000] {logging_mixin.py:190} INFO - [2025-04-20T18:10:07.105+0000] {dagbag.py:588} INFO - Filling up the DagBag from /home/airflow/.local/lib/python3.12/site-packages/airflow/example_dags/example_branch_day_of_week_operator.py
[2025-04-20T18:10:07.124+0000] {processor.py:925} INFO - DAG(s) 'example_weekday_branch_operator' retrieved from /home/airflow/.local/lib/python3.12/site-packages/airflow/example_dags/example_branch_day_of_week_operator.py
[2025-04-20T18:10:07.156+0000] {logging_mixin.py:190} INFO - [2025-04-20T18:10:07.156+0000] {dag.py:3239} INFO - Sync 1 DAGs
[2025-04-20T18:10:07.195+0000] {logging_mixin.py:190} INFO - [2025-04-20T18:10:07.195+0000] {dag.py:4180} INFO - Setting next_dagrun for example_weekday_branch_operator to 2025-04-19 00:00:00+00:00, run_after=2025-04-20 00:00:00+00:00
[2025-04-20T18:10:07.226+0000] {processor.py:208} INFO - Processing /home/airflow/.local/lib/python3.12/site-packages/airflow/example_dags/example_branch_day_of_week_operator.py took 0.148 seconds
