[2025-04-20T17:48:58.820+0000] {processor.py:186} INFO - Started process (PID=113) to work on /home/airflow/.local/lib/python3.12/site-packages/airflow/example_dags/example_complex.py
[2025-04-20T17:48:58.821+0000] {processor.py:914} INFO - Processing file /home/airflow/.local/lib/python3.12/site-packages/airflow/example_dags/example_complex.py for tasks to queue
[2025-04-20T17:48:58.825+0000] {logging_mixin.py:190} INFO - [2025-04-20T17:48:58.824+0000] {dagbag.py:588} INFO - Filling up the DagBag from /home/airflow/.local/lib/python3.12/site-packages/airflow/example_dags/example_complex.py
[2025-04-20T17:48:58.852+0000] {processor.py:925} INFO - DAG(s) 'example_complex' retrieved from /home/airflow/.local/lib/python3.12/site-packages/airflow/example_dags/example_complex.py
[2025-04-20T17:48:59.089+0000] {logging_mixin.py:190} INFO - [2025-04-20T17:48:59.088+0000] {override.py:1912} INFO - Created Permission View: can read on DAG:example_complex
[2025-04-20T17:48:59.108+0000] {logging_mixin.py:190} INFO - [2025-04-20T17:48:59.107+0000] {override.py:1912} INFO - Created Permission View: can edit on DAG:example_complex
[2025-04-20T17:48:59.119+0000] {logging_mixin.py:190} INFO - [2025-04-20T17:48:59.119+0000] {override.py:1912} INFO - Created Permission View: can delete on DAG:example_complex
[2025-04-20T17:48:59.131+0000] {logging_mixin.py:190} INFO - [2025-04-20T17:48:59.131+0000] {override.py:1912} INFO - Created Permission View: can read on DAG Run:example_complex
[2025-04-20T17:48:59.141+0000] {logging_mixin.py:190} INFO - [2025-04-20T17:48:59.141+0000] {override.py:1912} INFO - Created Permission View: can create on DAG Run:example_complex
[2025-04-20T17:48:59.154+0000] {logging_mixin.py:190} INFO - [2025-04-20T17:48:59.153+0000] {override.py:1912} INFO - Created Permission View: menu access on DAG Run:example_complex
[2025-04-20T17:48:59.169+0000] {logging_mixin.py:190} INFO - [2025-04-20T17:48:59.169+0000] {override.py:1912} INFO - Created Permission View: can delete on DAG Run:example_complex
[2025-04-20T17:48:59.170+0000] {logging_mixin.py:190} INFO - [2025-04-20T17:48:59.170+0000] {dag.py:3239} INFO - Sync 1 DAGs
[2025-04-20T17:48:59.193+0000] {logging_mixin.py:190} INFO - [2025-04-20T17:48:59.193+0000] {dag.py:3262} INFO - Creating ORM DAG for example_complex
[2025-04-20T17:48:59.195+0000] {logging_mixin.py:190} INFO - [2025-04-20T17:48:59.194+0000] {dag.py:4180} INFO - Setting next_dagrun for example_complex to None, run_after=None
[2025-04-20T17:48:59.226+0000] {processor.py:208} INFO - Processing /home/airflow/.local/lib/python3.12/site-packages/airflow/example_dags/example_complex.py took 0.419 seconds
[2025-04-20T17:49:29.991+0000] {processor.py:186} INFO - Started process (PID=176) to work on /home/airflow/.local/lib/python3.12/site-packages/airflow/example_dags/example_complex.py
[2025-04-20T17:49:29.993+0000] {processor.py:914} INFO - Processing file /home/airflow/.local/lib/python3.12/site-packages/airflow/example_dags/example_complex.py for tasks to queue
[2025-04-20T17:49:29.996+0000] {logging_mixin.py:190} INFO - [2025-04-20T17:49:29.995+0000] {dagbag.py:588} INFO - Filling up the DagBag from /home/airflow/.local/lib/python3.12/site-packages/airflow/example_dags/example_complex.py
[2025-04-20T17:49:30.017+0000] {processor.py:925} INFO - DAG(s) 'example_complex' retrieved from /home/airflow/.local/lib/python3.12/site-packages/airflow/example_dags/example_complex.py
[2025-04-20T17:49:30.065+0000] {logging_mixin.py:190} INFO - [2025-04-20T17:49:30.065+0000] {dag.py:3239} INFO - Sync 1 DAGs
[2025-04-20T17:49:30.088+0000] {logging_mixin.py:190} INFO - [2025-04-20T17:49:30.088+0000] {dag.py:4180} INFO - Setting next_dagrun for example_complex to None, run_after=None
[2025-04-20T17:49:30.140+0000] {processor.py:208} INFO - Processing /home/airflow/.local/lib/python3.12/site-packages/airflow/example_dags/example_complex.py took 0.161 seconds
[2025-04-20T17:50:01.087+0000] {processor.py:186} INFO - Started process (PID=239) to work on /home/airflow/.local/lib/python3.12/site-packages/airflow/example_dags/example_complex.py
[2025-04-20T17:50:01.092+0000] {processor.py:914} INFO - Processing file /home/airflow/.local/lib/python3.12/site-packages/airflow/example_dags/example_complex.py for tasks to queue
[2025-04-20T17:50:01.097+0000] {logging_mixin.py:190} INFO - [2025-04-20T17:50:01.096+0000] {dagbag.py:588} INFO - Filling up the DagBag from /home/airflow/.local/lib/python3.12/site-packages/airflow/example_dags/example_complex.py
[2025-04-20T17:50:01.118+0000] {processor.py:925} INFO - DAG(s) 'example_complex' retrieved from /home/airflow/.local/lib/python3.12/site-packages/airflow/example_dags/example_complex.py
[2025-04-20T17:50:01.172+0000] {logging_mixin.py:190} INFO - [2025-04-20T17:50:01.172+0000] {dag.py:3239} INFO - Sync 1 DAGs
[2025-04-20T17:50:01.190+0000] {logging_mixin.py:190} INFO - [2025-04-20T17:50:01.189+0000] {dag.py:4180} INFO - Setting next_dagrun for example_complex to None, run_after=None
[2025-04-20T17:50:01.214+0000] {processor.py:208} INFO - Processing /home/airflow/.local/lib/python3.12/site-packages/airflow/example_dags/example_complex.py took 0.144 seconds
[2025-04-20T17:50:32.286+0000] {processor.py:186} INFO - Started process (PID=302) to work on /home/airflow/.local/lib/python3.12/site-packages/airflow/example_dags/example_complex.py
[2025-04-20T17:50:32.288+0000] {processor.py:914} INFO - Processing file /home/airflow/.local/lib/python3.12/site-packages/airflow/example_dags/example_complex.py for tasks to queue
[2025-04-20T17:50:32.291+0000] {logging_mixin.py:190} INFO - [2025-04-20T17:50:32.291+0000] {dagbag.py:588} INFO - Filling up the DagBag from /home/airflow/.local/lib/python3.12/site-packages/airflow/example_dags/example_complex.py
[2025-04-20T17:50:32.307+0000] {processor.py:925} INFO - DAG(s) 'example_complex' retrieved from /home/airflow/.local/lib/python3.12/site-packages/airflow/example_dags/example_complex.py
[2025-04-20T17:50:32.347+0000] {logging_mixin.py:190} INFO - [2025-04-20T17:50:32.347+0000] {dag.py:3239} INFO - Sync 1 DAGs
[2025-04-20T17:50:32.364+0000] {logging_mixin.py:190} INFO - [2025-04-20T17:50:32.364+0000] {dag.py:4180} INFO - Setting next_dagrun for example_complex to None, run_after=None
[2025-04-20T17:50:32.390+0000] {processor.py:208} INFO - Processing /home/airflow/.local/lib/python3.12/site-packages/airflow/example_dags/example_complex.py took 0.111 seconds
[2025-04-20T17:51:03.554+0000] {processor.py:186} INFO - Started process (PID=365) to work on /home/airflow/.local/lib/python3.12/site-packages/airflow/example_dags/example_complex.py
[2025-04-20T17:51:03.555+0000] {processor.py:914} INFO - Processing file /home/airflow/.local/lib/python3.12/site-packages/airflow/example_dags/example_complex.py for tasks to queue
[2025-04-20T17:51:03.558+0000] {logging_mixin.py:190} INFO - [2025-04-20T17:51:03.557+0000] {dagbag.py:588} INFO - Filling up the DagBag from /home/airflow/.local/lib/python3.12/site-packages/airflow/example_dags/example_complex.py
[2025-04-20T17:51:03.572+0000] {processor.py:925} INFO - DAG(s) 'example_complex' retrieved from /home/airflow/.local/lib/python3.12/site-packages/airflow/example_dags/example_complex.py
[2025-04-20T17:51:03.608+0000] {logging_mixin.py:190} INFO - [2025-04-20T17:51:03.608+0000] {dag.py:3239} INFO - Sync 1 DAGs
[2025-04-20T17:51:03.625+0000] {logging_mixin.py:190} INFO - [2025-04-20T17:51:03.625+0000] {dag.py:4180} INFO - Setting next_dagrun for example_complex to None, run_after=None
[2025-04-20T17:51:03.653+0000] {processor.py:208} INFO - Processing /home/airflow/.local/lib/python3.12/site-packages/airflow/example_dags/example_complex.py took 0.106 seconds
[2025-04-20T17:51:35.402+0000] {processor.py:186} INFO - Started process (PID=434) to work on /home/airflow/.local/lib/python3.12/site-packages/airflow/example_dags/example_complex.py
[2025-04-20T17:51:35.408+0000] {processor.py:914} INFO - Processing file /home/airflow/.local/lib/python3.12/site-packages/airflow/example_dags/example_complex.py for tasks to queue
[2025-04-20T17:51:35.419+0000] {logging_mixin.py:190} INFO - [2025-04-20T17:51:35.418+0000] {dagbag.py:588} INFO - Filling up the DagBag from /home/airflow/.local/lib/python3.12/site-packages/airflow/example_dags/example_complex.py
[2025-04-20T17:51:35.467+0000] {processor.py:925} INFO - DAG(s) 'example_complex' retrieved from /home/airflow/.local/lib/python3.12/site-packages/airflow/example_dags/example_complex.py
[2025-04-20T17:51:35.563+0000] {logging_mixin.py:190} INFO - [2025-04-20T17:51:35.562+0000] {dag.py:3239} INFO - Sync 1 DAGs
[2025-04-20T17:51:35.622+0000] {logging_mixin.py:190} INFO - [2025-04-20T17:51:35.621+0000] {dag.py:4180} INFO - Setting next_dagrun for example_complex to None, run_after=None
[2025-04-20T17:51:35.678+0000] {processor.py:208} INFO - Processing /home/airflow/.local/lib/python3.12/site-packages/airflow/example_dags/example_complex.py took 0.292 seconds
[2025-04-20T17:52:06.523+0000] {processor.py:186} INFO - Started process (PID=496) to work on /home/airflow/.local/lib/python3.12/site-packages/airflow/example_dags/example_complex.py
[2025-04-20T17:52:06.525+0000] {processor.py:914} INFO - Processing file /home/airflow/.local/lib/python3.12/site-packages/airflow/example_dags/example_complex.py for tasks to queue
[2025-04-20T17:52:06.528+0000] {logging_mixin.py:190} INFO - [2025-04-20T17:52:06.527+0000] {dagbag.py:588} INFO - Filling up the DagBag from /home/airflow/.local/lib/python3.12/site-packages/airflow/example_dags/example_complex.py
[2025-04-20T17:52:06.546+0000] {processor.py:925} INFO - DAG(s) 'example_complex' retrieved from /home/airflow/.local/lib/python3.12/site-packages/airflow/example_dags/example_complex.py
[2025-04-20T17:52:06.590+0000] {logging_mixin.py:190} INFO - [2025-04-20T17:52:06.590+0000] {dag.py:3239} INFO - Sync 1 DAGs
[2025-04-20T17:52:06.611+0000] {logging_mixin.py:190} INFO - [2025-04-20T17:52:06.610+0000] {dag.py:4180} INFO - Setting next_dagrun for example_complex to None, run_after=None
[2025-04-20T17:52:06.638+0000] {processor.py:208} INFO - Processing /home/airflow/.local/lib/python3.12/site-packages/airflow/example_dags/example_complex.py took 0.124 seconds
[2025-04-20T17:52:37.678+0000] {processor.py:186} INFO - Started process (PID=559) to work on /home/airflow/.local/lib/python3.12/site-packages/airflow/example_dags/example_complex.py
[2025-04-20T17:52:37.680+0000] {processor.py:914} INFO - Processing file /home/airflow/.local/lib/python3.12/site-packages/airflow/example_dags/example_complex.py for tasks to queue
[2025-04-20T17:52:37.683+0000] {logging_mixin.py:190} INFO - [2025-04-20T17:52:37.683+0000] {dagbag.py:588} INFO - Filling up the DagBag from /home/airflow/.local/lib/python3.12/site-packages/airflow/example_dags/example_complex.py
[2025-04-20T17:52:37.703+0000] {processor.py:925} INFO - DAG(s) 'example_complex' retrieved from /home/airflow/.local/lib/python3.12/site-packages/airflow/example_dags/example_complex.py
[2025-04-20T17:52:37.747+0000] {logging_mixin.py:190} INFO - [2025-04-20T17:52:37.747+0000] {dag.py:3239} INFO - Sync 1 DAGs
[2025-04-20T17:52:37.767+0000] {logging_mixin.py:190} INFO - [2025-04-20T17:52:37.766+0000] {dag.py:4180} INFO - Setting next_dagrun for example_complex to None, run_after=None
[2025-04-20T17:52:37.797+0000] {processor.py:208} INFO - Processing /home/airflow/.local/lib/python3.12/site-packages/airflow/example_dags/example_complex.py took 0.126 seconds
[2025-04-20T17:53:08.878+0000] {processor.py:186} INFO - Started process (PID=622) to work on /home/airflow/.local/lib/python3.12/site-packages/airflow/example_dags/example_complex.py
[2025-04-20T17:53:08.880+0000] {processor.py:914} INFO - Processing file /home/airflow/.local/lib/python3.12/site-packages/airflow/example_dags/example_complex.py for tasks to queue
[2025-04-20T17:53:08.884+0000] {logging_mixin.py:190} INFO - [2025-04-20T17:53:08.884+0000] {dagbag.py:588} INFO - Filling up the DagBag from /home/airflow/.local/lib/python3.12/site-packages/airflow/example_dags/example_complex.py
[2025-04-20T17:53:08.901+0000] {processor.py:925} INFO - DAG(s) 'example_complex' retrieved from /home/airflow/.local/lib/python3.12/site-packages/airflow/example_dags/example_complex.py
[2025-04-20T17:53:08.945+0000] {logging_mixin.py:190} INFO - [2025-04-20T17:53:08.944+0000] {dag.py:3239} INFO - Sync 1 DAGs
[2025-04-20T17:53:08.964+0000] {logging_mixin.py:190} INFO - [2025-04-20T17:53:08.964+0000] {dag.py:4180} INFO - Setting next_dagrun for example_complex to None, run_after=None
[2025-04-20T17:53:08.994+0000] {processor.py:208} INFO - Processing /home/airflow/.local/lib/python3.12/site-packages/airflow/example_dags/example_complex.py took 0.125 seconds
[2025-04-20T17:53:40.601+0000] {processor.py:186} INFO - Started process (PID=685) to work on /home/airflow/.local/lib/python3.12/site-packages/airflow/example_dags/example_complex.py
[2025-04-20T17:53:40.602+0000] {processor.py:914} INFO - Processing file /home/airflow/.local/lib/python3.12/site-packages/airflow/example_dags/example_complex.py for tasks to queue
[2025-04-20T17:53:40.606+0000] {logging_mixin.py:190} INFO - [2025-04-20T17:53:40.606+0000] {dagbag.py:588} INFO - Filling up the DagBag from /home/airflow/.local/lib/python3.12/site-packages/airflow/example_dags/example_complex.py
[2025-04-20T17:53:40.632+0000] {processor.py:925} INFO - DAG(s) 'example_complex' retrieved from /home/airflow/.local/lib/python3.12/site-packages/airflow/example_dags/example_complex.py
[2025-04-20T17:53:40.686+0000] {logging_mixin.py:190} INFO - [2025-04-20T17:53:40.686+0000] {dag.py:3239} INFO - Sync 1 DAGs
[2025-04-20T17:53:40.712+0000] {logging_mixin.py:190} INFO - [2025-04-20T17:53:40.712+0000] {dag.py:4180} INFO - Setting next_dagrun for example_complex to None, run_after=None
[2025-04-20T17:53:40.745+0000] {processor.py:208} INFO - Processing /home/airflow/.local/lib/python3.12/site-packages/airflow/example_dags/example_complex.py took 0.158 seconds
[2025-04-20T17:54:11.991+0000] {processor.py:186} INFO - Started process (PID=748) to work on /home/airflow/.local/lib/python3.12/site-packages/airflow/example_dags/example_complex.py
[2025-04-20T17:54:11.992+0000] {processor.py:914} INFO - Processing file /home/airflow/.local/lib/python3.12/site-packages/airflow/example_dags/example_complex.py for tasks to queue
[2025-04-20T17:54:11.995+0000] {logging_mixin.py:190} INFO - [2025-04-20T17:54:11.995+0000] {dagbag.py:588} INFO - Filling up the DagBag from /home/airflow/.local/lib/python3.12/site-packages/airflow/example_dags/example_complex.py
[2025-04-20T17:54:12.013+0000] {processor.py:925} INFO - DAG(s) 'example_complex' retrieved from /home/airflow/.local/lib/python3.12/site-packages/airflow/example_dags/example_complex.py
[2025-04-20T17:54:12.076+0000] {logging_mixin.py:190} INFO - [2025-04-20T17:54:12.075+0000] {dag.py:3239} INFO - Sync 1 DAGs
[2025-04-20T17:54:12.107+0000] {logging_mixin.py:190} INFO - [2025-04-20T17:54:12.107+0000] {dag.py:4180} INFO - Setting next_dagrun for example_complex to None, run_after=None
[2025-04-20T17:54:12.152+0000] {processor.py:208} INFO - Processing /home/airflow/.local/lib/python3.12/site-packages/airflow/example_dags/example_complex.py took 0.169 seconds
[2025-04-20T17:54:43.238+0000] {processor.py:186} INFO - Started process (PID=811) to work on /home/airflow/.local/lib/python3.12/site-packages/airflow/example_dags/example_complex.py
[2025-04-20T17:54:43.240+0000] {processor.py:914} INFO - Processing file /home/airflow/.local/lib/python3.12/site-packages/airflow/example_dags/example_complex.py for tasks to queue
[2025-04-20T17:54:43.242+0000] {logging_mixin.py:190} INFO - [2025-04-20T17:54:43.242+0000] {dagbag.py:588} INFO - Filling up the DagBag from /home/airflow/.local/lib/python3.12/site-packages/airflow/example_dags/example_complex.py
[2025-04-20T17:54:43.259+0000] {processor.py:925} INFO - DAG(s) 'example_complex' retrieved from /home/airflow/.local/lib/python3.12/site-packages/airflow/example_dags/example_complex.py
[2025-04-20T17:54:43.300+0000] {logging_mixin.py:190} INFO - [2025-04-20T17:54:43.300+0000] {dag.py:3239} INFO - Sync 1 DAGs
[2025-04-20T17:54:43.320+0000] {logging_mixin.py:190} INFO - [2025-04-20T17:54:43.320+0000] {dag.py:4180} INFO - Setting next_dagrun for example_complex to None, run_after=None
[2025-04-20T17:54:43.346+0000] {processor.py:208} INFO - Processing /home/airflow/.local/lib/python3.12/site-packages/airflow/example_dags/example_complex.py took 0.116 seconds
[2025-04-20T17:55:15.074+0000] {processor.py:186} INFO - Started process (PID=874) to work on /home/airflow/.local/lib/python3.12/site-packages/airflow/example_dags/example_complex.py
[2025-04-20T17:55:15.076+0000] {processor.py:914} INFO - Processing file /home/airflow/.local/lib/python3.12/site-packages/airflow/example_dags/example_complex.py for tasks to queue
[2025-04-20T17:55:15.081+0000] {logging_mixin.py:190} INFO - [2025-04-20T17:55:15.080+0000] {dagbag.py:588} INFO - Filling up the DagBag from /home/airflow/.local/lib/python3.12/site-packages/airflow/example_dags/example_complex.py
[2025-04-20T17:55:15.102+0000] {processor.py:925} INFO - DAG(s) 'example_complex' retrieved from /home/airflow/.local/lib/python3.12/site-packages/airflow/example_dags/example_complex.py
[2025-04-20T17:55:15.184+0000] {logging_mixin.py:190} INFO - [2025-04-20T17:55:15.183+0000] {dag.py:3239} INFO - Sync 1 DAGs
[2025-04-20T17:55:15.228+0000] {logging_mixin.py:190} INFO - [2025-04-20T17:55:15.228+0000] {dag.py:4180} INFO - Setting next_dagrun for example_complex to None, run_after=None
[2025-04-20T17:55:15.280+0000] {processor.py:208} INFO - Processing /home/airflow/.local/lib/python3.12/site-packages/airflow/example_dags/example_complex.py took 0.215 seconds
[2025-04-20T17:55:47.175+0000] {processor.py:186} INFO - Started process (PID=937) to work on /home/airflow/.local/lib/python3.12/site-packages/airflow/example_dags/example_complex.py
[2025-04-20T17:55:47.176+0000] {processor.py:914} INFO - Processing file /home/airflow/.local/lib/python3.12/site-packages/airflow/example_dags/example_complex.py for tasks to queue
[2025-04-20T17:55:47.179+0000] {logging_mixin.py:190} INFO - [2025-04-20T17:55:47.179+0000] {dagbag.py:588} INFO - Filling up the DagBag from /home/airflow/.local/lib/python3.12/site-packages/airflow/example_dags/example_complex.py
[2025-04-20T17:55:47.198+0000] {processor.py:925} INFO - DAG(s) 'example_complex' retrieved from /home/airflow/.local/lib/python3.12/site-packages/airflow/example_dags/example_complex.py
[2025-04-20T17:55:47.245+0000] {logging_mixin.py:190} INFO - [2025-04-20T17:55:47.245+0000] {dag.py:3239} INFO - Sync 1 DAGs
[2025-04-20T17:55:47.265+0000] {logging_mixin.py:190} INFO - [2025-04-20T17:55:47.265+0000] {dag.py:4180} INFO - Setting next_dagrun for example_complex to None, run_after=None
[2025-04-20T17:55:47.292+0000] {processor.py:208} INFO - Processing /home/airflow/.local/lib/python3.12/site-packages/airflow/example_dags/example_complex.py took 0.126 seconds
[2025-04-20T17:56:18.213+0000] {processor.py:186} INFO - Started process (PID=1000) to work on /home/airflow/.local/lib/python3.12/site-packages/airflow/example_dags/example_complex.py
[2025-04-20T17:56:18.214+0000] {processor.py:914} INFO - Processing file /home/airflow/.local/lib/python3.12/site-packages/airflow/example_dags/example_complex.py for tasks to queue
[2025-04-20T17:56:18.217+0000] {logging_mixin.py:190} INFO - [2025-04-20T17:56:18.217+0000] {dagbag.py:588} INFO - Filling up the DagBag from /home/airflow/.local/lib/python3.12/site-packages/airflow/example_dags/example_complex.py
[2025-04-20T17:56:18.240+0000] {processor.py:925} INFO - DAG(s) 'example_complex' retrieved from /home/airflow/.local/lib/python3.12/site-packages/airflow/example_dags/example_complex.py
[2025-04-20T17:56:18.310+0000] {logging_mixin.py:190} INFO - [2025-04-20T17:56:18.309+0000] {dag.py:3239} INFO - Sync 1 DAGs
[2025-04-20T17:56:18.331+0000] {logging_mixin.py:190} INFO - [2025-04-20T17:56:18.331+0000] {dag.py:4180} INFO - Setting next_dagrun for example_complex to None, run_after=None
[2025-04-20T17:56:18.361+0000] {processor.py:208} INFO - Processing /home/airflow/.local/lib/python3.12/site-packages/airflow/example_dags/example_complex.py took 0.165 seconds
[2025-04-20T17:56:49.180+0000] {processor.py:186} INFO - Started process (PID=1063) to work on /home/airflow/.local/lib/python3.12/site-packages/airflow/example_dags/example_complex.py
[2025-04-20T17:56:49.181+0000] {processor.py:914} INFO - Processing file /home/airflow/.local/lib/python3.12/site-packages/airflow/example_dags/example_complex.py for tasks to queue
[2025-04-20T17:56:49.184+0000] {logging_mixin.py:190} INFO - [2025-04-20T17:56:49.183+0000] {dagbag.py:588} INFO - Filling up the DagBag from /home/airflow/.local/lib/python3.12/site-packages/airflow/example_dags/example_complex.py
[2025-04-20T17:56:49.199+0000] {processor.py:925} INFO - DAG(s) 'example_complex' retrieved from /home/airflow/.local/lib/python3.12/site-packages/airflow/example_dags/example_complex.py
[2025-04-20T17:56:49.241+0000] {logging_mixin.py:190} INFO - [2025-04-20T17:56:49.240+0000] {dag.py:3239} INFO - Sync 1 DAGs
[2025-04-20T17:56:49.259+0000] {logging_mixin.py:190} INFO - [2025-04-20T17:56:49.259+0000] {dag.py:4180} INFO - Setting next_dagrun for example_complex to None, run_after=None
[2025-04-20T17:56:49.286+0000] {processor.py:208} INFO - Processing /home/airflow/.local/lib/python3.12/site-packages/airflow/example_dags/example_complex.py took 0.115 seconds
[2025-04-20T17:57:20.650+0000] {processor.py:186} INFO - Started process (PID=1126) to work on /home/airflow/.local/lib/python3.12/site-packages/airflow/example_dags/example_complex.py
[2025-04-20T17:57:20.651+0000] {processor.py:914} INFO - Processing file /home/airflow/.local/lib/python3.12/site-packages/airflow/example_dags/example_complex.py for tasks to queue
[2025-04-20T17:57:20.656+0000] {logging_mixin.py:190} INFO - [2025-04-20T17:57:20.655+0000] {dagbag.py:588} INFO - Filling up the DagBag from /home/airflow/.local/lib/python3.12/site-packages/airflow/example_dags/example_complex.py
[2025-04-20T17:57:20.677+0000] {processor.py:925} INFO - DAG(s) 'example_complex' retrieved from /home/airflow/.local/lib/python3.12/site-packages/airflow/example_dags/example_complex.py
[2025-04-20T17:57:20.733+0000] {logging_mixin.py:190} INFO - [2025-04-20T17:57:20.732+0000] {dag.py:3239} INFO - Sync 1 DAGs
[2025-04-20T17:57:20.758+0000] {logging_mixin.py:190} INFO - [2025-04-20T17:57:20.758+0000] {dag.py:4180} INFO - Setting next_dagrun for example_complex to None, run_after=None
[2025-04-20T17:57:20.786+0000] {processor.py:208} INFO - Processing /home/airflow/.local/lib/python3.12/site-packages/airflow/example_dags/example_complex.py took 0.147 seconds
[2025-04-20T17:57:51.633+0000] {processor.py:186} INFO - Started process (PID=1189) to work on /home/airflow/.local/lib/python3.12/site-packages/airflow/example_dags/example_complex.py
[2025-04-20T17:57:51.635+0000] {processor.py:914} INFO - Processing file /home/airflow/.local/lib/python3.12/site-packages/airflow/example_dags/example_complex.py for tasks to queue
[2025-04-20T17:57:51.638+0000] {logging_mixin.py:190} INFO - [2025-04-20T17:57:51.638+0000] {dagbag.py:588} INFO - Filling up the DagBag from /home/airflow/.local/lib/python3.12/site-packages/airflow/example_dags/example_complex.py
[2025-04-20T17:57:51.655+0000] {processor.py:925} INFO - DAG(s) 'example_complex' retrieved from /home/airflow/.local/lib/python3.12/site-packages/airflow/example_dags/example_complex.py
[2025-04-20T17:57:51.697+0000] {logging_mixin.py:190} INFO - [2025-04-20T17:57:51.697+0000] {dag.py:3239} INFO - Sync 1 DAGs
[2025-04-20T17:57:51.717+0000] {logging_mixin.py:190} INFO - [2025-04-20T17:57:51.716+0000] {dag.py:4180} INFO - Setting next_dagrun for example_complex to None, run_after=None
[2025-04-20T17:57:51.743+0000] {processor.py:208} INFO - Processing /home/airflow/.local/lib/python3.12/site-packages/airflow/example_dags/example_complex.py took 0.120 seconds
[2025-04-20T17:58:22.431+0000] {processor.py:186} INFO - Started process (PID=1252) to work on /home/airflow/.local/lib/python3.12/site-packages/airflow/example_dags/example_complex.py
[2025-04-20T17:58:22.432+0000] {processor.py:914} INFO - Processing file /home/airflow/.local/lib/python3.12/site-packages/airflow/example_dags/example_complex.py for tasks to queue
[2025-04-20T17:58:22.436+0000] {logging_mixin.py:190} INFO - [2025-04-20T17:58:22.435+0000] {dagbag.py:588} INFO - Filling up the DagBag from /home/airflow/.local/lib/python3.12/site-packages/airflow/example_dags/example_complex.py
[2025-04-20T17:58:22.457+0000] {processor.py:925} INFO - DAG(s) 'example_complex' retrieved from /home/airflow/.local/lib/python3.12/site-packages/airflow/example_dags/example_complex.py
[2025-04-20T17:58:22.515+0000] {logging_mixin.py:190} INFO - [2025-04-20T17:58:22.514+0000] {dag.py:3239} INFO - Sync 1 DAGs
[2025-04-20T17:58:22.542+0000] {logging_mixin.py:190} INFO - [2025-04-20T17:58:22.541+0000] {dag.py:4180} INFO - Setting next_dagrun for example_complex to None, run_after=None
[2025-04-20T17:58:22.567+0000] {processor.py:208} INFO - Processing /home/airflow/.local/lib/python3.12/site-packages/airflow/example_dags/example_complex.py took 0.146 seconds
[2025-04-20T17:58:53.209+0000] {processor.py:186} INFO - Started process (PID=1314) to work on /home/airflow/.local/lib/python3.12/site-packages/airflow/example_dags/example_complex.py
[2025-04-20T17:58:53.210+0000] {processor.py:914} INFO - Processing file /home/airflow/.local/lib/python3.12/site-packages/airflow/example_dags/example_complex.py for tasks to queue
[2025-04-20T17:58:53.213+0000] {logging_mixin.py:190} INFO - [2025-04-20T17:58:53.213+0000] {dagbag.py:588} INFO - Filling up the DagBag from /home/airflow/.local/lib/python3.12/site-packages/airflow/example_dags/example_complex.py
[2025-04-20T17:58:53.230+0000] {processor.py:925} INFO - DAG(s) 'example_complex' retrieved from /home/airflow/.local/lib/python3.12/site-packages/airflow/example_dags/example_complex.py
[2025-04-20T17:58:53.275+0000] {logging_mixin.py:190} INFO - [2025-04-20T17:58:53.275+0000] {dag.py:3239} INFO - Sync 1 DAGs
[2025-04-20T17:58:53.293+0000] {logging_mixin.py:190} INFO - [2025-04-20T17:58:53.293+0000] {dag.py:4180} INFO - Setting next_dagrun for example_complex to None, run_after=None
[2025-04-20T17:58:53.320+0000] {processor.py:208} INFO - Processing /home/airflow/.local/lib/python3.12/site-packages/airflow/example_dags/example_complex.py took 0.120 seconds
[2025-04-20T18:04:58.642+0000] {processor.py:186} INFO - Started process (PID=116) to work on /home/airflow/.local/lib/python3.12/site-packages/airflow/example_dags/example_complex.py
[2025-04-20T18:04:58.644+0000] {processor.py:914} INFO - Processing file /home/airflow/.local/lib/python3.12/site-packages/airflow/example_dags/example_complex.py for tasks to queue
[2025-04-20T18:04:58.648+0000] {logging_mixin.py:190} INFO - [2025-04-20T18:04:58.647+0000] {dagbag.py:588} INFO - Filling up the DagBag from /home/airflow/.local/lib/python3.12/site-packages/airflow/example_dags/example_complex.py
[2025-04-20T18:04:58.673+0000] {processor.py:925} INFO - DAG(s) 'example_complex' retrieved from /home/airflow/.local/lib/python3.12/site-packages/airflow/example_dags/example_complex.py
[2025-04-20T18:04:58.849+0000] {logging_mixin.py:190} INFO - [2025-04-20T18:04:58.848+0000] {override.py:1912} INFO - Created Permission View: can read on DAG:example_complex
[2025-04-20T18:04:58.862+0000] {logging_mixin.py:190} INFO - [2025-04-20T18:04:58.862+0000] {override.py:1912} INFO - Created Permission View: can edit on DAG:example_complex
[2025-04-20T18:04:58.870+0000] {logging_mixin.py:190} INFO - [2025-04-20T18:04:58.870+0000] {override.py:1912} INFO - Created Permission View: can delete on DAG:example_complex
[2025-04-20T18:04:58.880+0000] {logging_mixin.py:190} INFO - [2025-04-20T18:04:58.880+0000] {override.py:1912} INFO - Created Permission View: menu access on DAG Run:example_complex
[2025-04-20T18:04:58.889+0000] {logging_mixin.py:190} INFO - [2025-04-20T18:04:58.888+0000] {override.py:1912} INFO - Created Permission View: can read on DAG Run:example_complex
[2025-04-20T18:04:58.899+0000] {logging_mixin.py:190} INFO - [2025-04-20T18:04:58.898+0000] {override.py:1912} INFO - Created Permission View: can create on DAG Run:example_complex
[2025-04-20T18:04:58.907+0000] {logging_mixin.py:190} INFO - [2025-04-20T18:04:58.907+0000] {override.py:1912} INFO - Created Permission View: can delete on DAG Run:example_complex
[2025-04-20T18:04:58.908+0000] {logging_mixin.py:190} INFO - [2025-04-20T18:04:58.908+0000] {dag.py:3239} INFO - Sync 1 DAGs
[2025-04-20T18:04:58.924+0000] {logging_mixin.py:190} INFO - [2025-04-20T18:04:58.924+0000] {dag.py:3262} INFO - Creating ORM DAG for example_complex
[2025-04-20T18:04:58.926+0000] {logging_mixin.py:190} INFO - [2025-04-20T18:04:58.925+0000] {dag.py:4180} INFO - Setting next_dagrun for example_complex to None, run_after=None
[2025-04-20T18:04:58.951+0000] {processor.py:208} INFO - Processing /home/airflow/.local/lib/python3.12/site-packages/airflow/example_dags/example_complex.py took 0.318 seconds
[2025-04-20T18:05:30.416+0000] {processor.py:186} INFO - Started process (PID=179) to work on /home/airflow/.local/lib/python3.12/site-packages/airflow/example_dags/example_complex.py
[2025-04-20T18:05:30.417+0000] {processor.py:914} INFO - Processing file /home/airflow/.local/lib/python3.12/site-packages/airflow/example_dags/example_complex.py for tasks to queue
[2025-04-20T18:05:30.420+0000] {logging_mixin.py:190} INFO - [2025-04-20T18:05:30.420+0000] {dagbag.py:588} INFO - Filling up the DagBag from /home/airflow/.local/lib/python3.12/site-packages/airflow/example_dags/example_complex.py
[2025-04-20T18:05:30.435+0000] {processor.py:925} INFO - DAG(s) 'example_complex' retrieved from /home/airflow/.local/lib/python3.12/site-packages/airflow/example_dags/example_complex.py
[2025-04-20T18:05:30.476+0000] {logging_mixin.py:190} INFO - [2025-04-20T18:05:30.476+0000] {dag.py:3239} INFO - Sync 1 DAGs
[2025-04-20T18:05:30.493+0000] {logging_mixin.py:190} INFO - [2025-04-20T18:05:30.493+0000] {dag.py:4180} INFO - Setting next_dagrun for example_complex to None, run_after=None
[2025-04-20T18:05:30.530+0000] {processor.py:208} INFO - Processing /home/airflow/.local/lib/python3.12/site-packages/airflow/example_dags/example_complex.py took 0.120 seconds
[2025-04-20T18:06:01.895+0000] {processor.py:186} INFO - Started process (PID=242) to work on /home/airflow/.local/lib/python3.12/site-packages/airflow/example_dags/example_complex.py
[2025-04-20T18:06:01.896+0000] {processor.py:914} INFO - Processing file /home/airflow/.local/lib/python3.12/site-packages/airflow/example_dags/example_complex.py for tasks to queue
[2025-04-20T18:06:01.900+0000] {logging_mixin.py:190} INFO - [2025-04-20T18:06:01.899+0000] {dagbag.py:588} INFO - Filling up the DagBag from /home/airflow/.local/lib/python3.12/site-packages/airflow/example_dags/example_complex.py
[2025-04-20T18:06:01.915+0000] {processor.py:925} INFO - DAG(s) 'example_complex' retrieved from /home/airflow/.local/lib/python3.12/site-packages/airflow/example_dags/example_complex.py
[2025-04-20T18:06:01.951+0000] {logging_mixin.py:190} INFO - [2025-04-20T18:06:01.950+0000] {dag.py:3239} INFO - Sync 1 DAGs
[2025-04-20T18:06:01.972+0000] {logging_mixin.py:190} INFO - [2025-04-20T18:06:01.972+0000] {dag.py:4180} INFO - Setting next_dagrun for example_complex to None, run_after=None
[2025-04-20T18:06:01.999+0000] {processor.py:208} INFO - Processing /home/airflow/.local/lib/python3.12/site-packages/airflow/example_dags/example_complex.py took 0.111 seconds
[2025-04-20T18:06:33.493+0000] {processor.py:186} INFO - Started process (PID=305) to work on /home/airflow/.local/lib/python3.12/site-packages/airflow/example_dags/example_complex.py
[2025-04-20T18:06:33.495+0000] {processor.py:914} INFO - Processing file /home/airflow/.local/lib/python3.12/site-packages/airflow/example_dags/example_complex.py for tasks to queue
[2025-04-20T18:06:33.498+0000] {logging_mixin.py:190} INFO - [2025-04-20T18:06:33.498+0000] {dagbag.py:588} INFO - Filling up the DagBag from /home/airflow/.local/lib/python3.12/site-packages/airflow/example_dags/example_complex.py
[2025-04-20T18:06:33.516+0000] {processor.py:925} INFO - DAG(s) 'example_complex' retrieved from /home/airflow/.local/lib/python3.12/site-packages/airflow/example_dags/example_complex.py
[2025-04-20T18:06:33.556+0000] {logging_mixin.py:190} INFO - [2025-04-20T18:06:33.556+0000] {dag.py:3239} INFO - Sync 1 DAGs
[2025-04-20T18:06:33.574+0000] {logging_mixin.py:190} INFO - [2025-04-20T18:06:33.573+0000] {dag.py:4180} INFO - Setting next_dagrun for example_complex to None, run_after=None
[2025-04-20T18:06:33.600+0000] {processor.py:208} INFO - Processing /home/airflow/.local/lib/python3.12/site-packages/airflow/example_dags/example_complex.py took 0.114 seconds
[2025-04-20T18:07:04.819+0000] {processor.py:186} INFO - Started process (PID=368) to work on /home/airflow/.local/lib/python3.12/site-packages/airflow/example_dags/example_complex.py
[2025-04-20T18:07:04.820+0000] {processor.py:914} INFO - Processing file /home/airflow/.local/lib/python3.12/site-packages/airflow/example_dags/example_complex.py for tasks to queue
[2025-04-20T18:07:04.822+0000] {logging_mixin.py:190} INFO - [2025-04-20T18:07:04.822+0000] {dagbag.py:588} INFO - Filling up the DagBag from /home/airflow/.local/lib/python3.12/site-packages/airflow/example_dags/example_complex.py
[2025-04-20T18:07:04.837+0000] {processor.py:925} INFO - DAG(s) 'example_complex' retrieved from /home/airflow/.local/lib/python3.12/site-packages/airflow/example_dags/example_complex.py
[2025-04-20T18:07:04.872+0000] {logging_mixin.py:190} INFO - [2025-04-20T18:07:04.871+0000] {dag.py:3239} INFO - Sync 1 DAGs
[2025-04-20T18:07:04.888+0000] {logging_mixin.py:190} INFO - [2025-04-20T18:07:04.888+0000] {dag.py:4180} INFO - Setting next_dagrun for example_complex to None, run_after=None
[2025-04-20T18:07:04.917+0000] {processor.py:208} INFO - Processing /home/airflow/.local/lib/python3.12/site-packages/airflow/example_dags/example_complex.py took 0.105 seconds
[2025-04-20T18:07:36.450+0000] {processor.py:186} INFO - Started process (PID=437) to work on /home/airflow/.local/lib/python3.12/site-packages/airflow/example_dags/example_complex.py
[2025-04-20T18:07:36.451+0000] {processor.py:914} INFO - Processing file /home/airflow/.local/lib/python3.12/site-packages/airflow/example_dags/example_complex.py for tasks to queue
[2025-04-20T18:07:36.454+0000] {logging_mixin.py:190} INFO - [2025-04-20T18:07:36.453+0000] {dagbag.py:588} INFO - Filling up the DagBag from /home/airflow/.local/lib/python3.12/site-packages/airflow/example_dags/example_complex.py
[2025-04-20T18:07:36.472+0000] {processor.py:925} INFO - DAG(s) 'example_complex' retrieved from /home/airflow/.local/lib/python3.12/site-packages/airflow/example_dags/example_complex.py
[2025-04-20T18:07:36.519+0000] {logging_mixin.py:190} INFO - [2025-04-20T18:07:36.519+0000] {dag.py:3239} INFO - Sync 1 DAGs
[2025-04-20T18:07:36.539+0000] {logging_mixin.py:190} INFO - [2025-04-20T18:07:36.539+0000] {dag.py:4180} INFO - Setting next_dagrun for example_complex to None, run_after=None
[2025-04-20T18:07:36.565+0000] {processor.py:208} INFO - Processing /home/airflow/.local/lib/python3.12/site-packages/airflow/example_dags/example_complex.py took 0.125 seconds
[2025-04-20T18:08:08.046+0000] {processor.py:186} INFO - Started process (PID=500) to work on /home/airflow/.local/lib/python3.12/site-packages/airflow/example_dags/example_complex.py
[2025-04-20T18:08:08.047+0000] {processor.py:914} INFO - Processing file /home/airflow/.local/lib/python3.12/site-packages/airflow/example_dags/example_complex.py for tasks to queue
[2025-04-20T18:08:08.051+0000] {logging_mixin.py:190} INFO - [2025-04-20T18:08:08.050+0000] {dagbag.py:588} INFO - Filling up the DagBag from /home/airflow/.local/lib/python3.12/site-packages/airflow/example_dags/example_complex.py
[2025-04-20T18:08:08.070+0000] {processor.py:925} INFO - DAG(s) 'example_complex' retrieved from /home/airflow/.local/lib/python3.12/site-packages/airflow/example_dags/example_complex.py
[2025-04-20T18:08:08.113+0000] {logging_mixin.py:190} INFO - [2025-04-20T18:08:08.113+0000] {dag.py:3239} INFO - Sync 1 DAGs
[2025-04-20T18:08:08.132+0000] {logging_mixin.py:190} INFO - [2025-04-20T18:08:08.132+0000] {dag.py:4180} INFO - Setting next_dagrun for example_complex to None, run_after=None
[2025-04-20T18:08:08.172+0000] {processor.py:208} INFO - Processing /home/airflow/.local/lib/python3.12/site-packages/airflow/example_dags/example_complex.py took 0.135 seconds
[2025-04-20T18:08:39.104+0000] {processor.py:186} INFO - Started process (PID=563) to work on /home/airflow/.local/lib/python3.12/site-packages/airflow/example_dags/example_complex.py
[2025-04-20T18:08:39.105+0000] {processor.py:914} INFO - Processing file /home/airflow/.local/lib/python3.12/site-packages/airflow/example_dags/example_complex.py for tasks to queue
[2025-04-20T18:08:39.109+0000] {logging_mixin.py:190} INFO - [2025-04-20T18:08:39.109+0000] {dagbag.py:588} INFO - Filling up the DagBag from /home/airflow/.local/lib/python3.12/site-packages/airflow/example_dags/example_complex.py
[2025-04-20T18:08:39.132+0000] {processor.py:925} INFO - DAG(s) 'example_complex' retrieved from /home/airflow/.local/lib/python3.12/site-packages/airflow/example_dags/example_complex.py
[2025-04-20T18:08:39.257+0000] {logging_mixin.py:190} INFO - [2025-04-20T18:08:39.256+0000] {dag.py:3239} INFO - Sync 1 DAGs
[2025-04-20T18:08:39.293+0000] {logging_mixin.py:190} INFO - [2025-04-20T18:08:39.292+0000] {dag.py:4180} INFO - Setting next_dagrun for example_complex to None, run_after=None
[2025-04-20T18:08:39.326+0000] {processor.py:208} INFO - Processing /home/airflow/.local/lib/python3.12/site-packages/airflow/example_dags/example_complex.py took 0.237 seconds
[2025-04-20T18:09:10.925+0000] {processor.py:186} INFO - Started process (PID=626) to work on /home/airflow/.local/lib/python3.12/site-packages/airflow/example_dags/example_complex.py
[2025-04-20T18:09:10.927+0000] {processor.py:914} INFO - Processing file /home/airflow/.local/lib/python3.12/site-packages/airflow/example_dags/example_complex.py for tasks to queue
[2025-04-20T18:09:10.931+0000] {logging_mixin.py:190} INFO - [2025-04-20T18:09:10.930+0000] {dagbag.py:588} INFO - Filling up the DagBag from /home/airflow/.local/lib/python3.12/site-packages/airflow/example_dags/example_complex.py
[2025-04-20T18:09:10.948+0000] {processor.py:925} INFO - DAG(s) 'example_complex' retrieved from /home/airflow/.local/lib/python3.12/site-packages/airflow/example_dags/example_complex.py
[2025-04-20T18:09:11.000+0000] {logging_mixin.py:190} INFO - [2025-04-20T18:09:10.999+0000] {dag.py:3239} INFO - Sync 1 DAGs
[2025-04-20T18:09:11.020+0000] {logging_mixin.py:190} INFO - [2025-04-20T18:09:11.020+0000] {dag.py:4180} INFO - Setting next_dagrun for example_complex to None, run_after=None
[2025-04-20T18:09:11.048+0000] {processor.py:208} INFO - Processing /home/airflow/.local/lib/python3.12/site-packages/airflow/example_dags/example_complex.py took 0.130 seconds
[2025-04-20T18:09:42.567+0000] {processor.py:186} INFO - Started process (PID=689) to work on /home/airflow/.local/lib/python3.12/site-packages/airflow/example_dags/example_complex.py
[2025-04-20T18:09:42.569+0000] {processor.py:914} INFO - Processing file /home/airflow/.local/lib/python3.12/site-packages/airflow/example_dags/example_complex.py for tasks to queue
[2025-04-20T18:09:42.574+0000] {logging_mixin.py:190} INFO - [2025-04-20T18:09:42.573+0000] {dagbag.py:588} INFO - Filling up the DagBag from /home/airflow/.local/lib/python3.12/site-packages/airflow/example_dags/example_complex.py
[2025-04-20T18:09:42.606+0000] {processor.py:925} INFO - DAG(s) 'example_complex' retrieved from /home/airflow/.local/lib/python3.12/site-packages/airflow/example_dags/example_complex.py
[2025-04-20T18:09:42.704+0000] {logging_mixin.py:190} INFO - [2025-04-20T18:09:42.704+0000] {dag.py:3239} INFO - Sync 1 DAGs
[2025-04-20T18:09:42.744+0000] {logging_mixin.py:190} INFO - [2025-04-20T18:09:42.744+0000] {dag.py:4180} INFO - Setting next_dagrun for example_complex to None, run_after=None
[2025-04-20T18:09:42.788+0000] {processor.py:208} INFO - Processing /home/airflow/.local/lib/python3.12/site-packages/airflow/example_dags/example_complex.py took 0.233 seconds
[2025-04-20T18:10:13.606+0000] {processor.py:186} INFO - Started process (PID=752) to work on /home/airflow/.local/lib/python3.12/site-packages/airflow/example_dags/example_complex.py
[2025-04-20T18:10:13.608+0000] {processor.py:914} INFO - Processing file /home/airflow/.local/lib/python3.12/site-packages/airflow/example_dags/example_complex.py for tasks to queue
[2025-04-20T18:10:13.612+0000] {logging_mixin.py:190} INFO - [2025-04-20T18:10:13.612+0000] {dagbag.py:588} INFO - Filling up the DagBag from /home/airflow/.local/lib/python3.12/site-packages/airflow/example_dags/example_complex.py
[2025-04-20T18:10:13.628+0000] {processor.py:925} INFO - DAG(s) 'example_complex' retrieved from /home/airflow/.local/lib/python3.12/site-packages/airflow/example_dags/example_complex.py
[2025-04-20T18:10:13.668+0000] {logging_mixin.py:190} INFO - [2025-04-20T18:10:13.668+0000] {dag.py:3239} INFO - Sync 1 DAGs
[2025-04-20T18:10:13.691+0000] {logging_mixin.py:190} INFO - [2025-04-20T18:10:13.691+0000] {dag.py:4180} INFO - Setting next_dagrun for example_complex to None, run_after=None
[2025-04-20T18:10:13.732+0000] {processor.py:208} INFO - Processing /home/airflow/.local/lib/python3.12/site-packages/airflow/example_dags/example_complex.py took 0.133 seconds
