[2025-04-20T17:48:55.019+0000] {processor.py:186} INFO - Started process (PID=103) to work on /home/airflow/.local/lib/python3.12/site-packages/airflow/example_dags/example_branch_operator.py
[2025-04-20T17:48:55.022+0000] {processor.py:914} INFO - Processing file /home/airflow/.local/lib/python3.12/site-packages/airflow/example_dags/example_branch_operator.py for tasks to queue
[2025-04-20T17:48:55.032+0000] {logging_mixin.py:190} INFO - [2025-04-20T17:48:55.026+0000] {dagbag.py:588} INFO - Filling up the DagBag from /home/airflow/.local/lib/python3.12/site-packages/airflow/example_dags/example_branch_operator.py
[2025-04-20T17:48:55.100+0000] {processor.py:925} INFO - DAG(s) 'example_branch_operator' retrieved from /home/airflow/.local/lib/python3.12/site-packages/airflow/example_dags/example_branch_operator.py
[2025-04-20T17:48:55.426+0000] {logging_mixin.py:190} INFO - [2025-04-20T17:48:55.424+0000] {override.py:1912} INFO - Created Permission View: can read on DAG:example_branch_operator
[2025-04-20T17:48:55.455+0000] {logging_mixin.py:190} INFO - [2025-04-20T17:48:55.454+0000] {override.py:1912} INFO - Created Permission View: can edit on DAG:example_branch_operator
[2025-04-20T17:48:55.480+0000] {logging_mixin.py:190} INFO - [2025-04-20T17:48:55.478+0000] {override.py:1912} INFO - Created Permission View: can delete on DAG:example_branch_operator
[2025-04-20T17:48:55.509+0000] {logging_mixin.py:190} INFO - [2025-04-20T17:48:55.508+0000] {override.py:1912} INFO - Created Permission View: can read on DAG Run:example_branch_operator
[2025-04-20T17:48:55.531+0000] {logging_mixin.py:190} INFO - [2025-04-20T17:48:55.530+0000] {override.py:1912} INFO - Created Permission View: can create on DAG Run:example_branch_operator
[2025-04-20T17:48:55.550+0000] {logging_mixin.py:190} INFO - [2025-04-20T17:48:55.549+0000] {override.py:1912} INFO - Created Permission View: menu access on DAG Run:example_branch_operator
[2025-04-20T17:48:55.582+0000] {logging_mixin.py:190} INFO - [2025-04-20T17:48:55.582+0000] {override.py:1912} INFO - Created Permission View: can delete on DAG Run:example_branch_operator
[2025-04-20T17:48:55.585+0000] {logging_mixin.py:190} INFO - [2025-04-20T17:48:55.584+0000] {dag.py:3239} INFO - Sync 1 DAGs
[2025-04-20T17:48:55.632+0000] {logging_mixin.py:190} INFO - [2025-04-20T17:48:55.632+0000] {dag.py:3262} INFO - Creating ORM DAG for example_branch_operator
[2025-04-20T17:48:55.667+0000] {logging_mixin.py:190} INFO - [2025-04-20T17:48:55.666+0000] {dag.py:4180} INFO - Setting next_dagrun for example_branch_operator to 2025-04-19 00:00:00+00:00, run_after=2025-04-20 00:00:00+00:00
[2025-04-20T17:48:55.700+0000] {processor.py:208} INFO - Processing /home/airflow/.local/lib/python3.12/site-packages/airflow/example_dags/example_branch_operator.py took 0.699 seconds
[2025-04-20T17:49:25.888+0000] {processor.py:186} INFO - Started process (PID=166) to work on /home/airflow/.local/lib/python3.12/site-packages/airflow/example_dags/example_branch_operator.py
[2025-04-20T17:49:25.889+0000] {processor.py:914} INFO - Processing file /home/airflow/.local/lib/python3.12/site-packages/airflow/example_dags/example_branch_operator.py for tasks to queue
[2025-04-20T17:49:25.892+0000] {logging_mixin.py:190} INFO - [2025-04-20T17:49:25.891+0000] {dagbag.py:588} INFO - Filling up the DagBag from /home/airflow/.local/lib/python3.12/site-packages/airflow/example_dags/example_branch_operator.py
[2025-04-20T17:49:25.918+0000] {processor.py:925} INFO - DAG(s) 'example_branch_operator' retrieved from /home/airflow/.local/lib/python3.12/site-packages/airflow/example_dags/example_branch_operator.py
[2025-04-20T17:49:25.960+0000] {logging_mixin.py:190} INFO - [2025-04-20T17:49:25.959+0000] {dag.py:3239} INFO - Sync 1 DAGs
[2025-04-20T17:49:25.994+0000] {logging_mixin.py:190} INFO - [2025-04-20T17:49:25.994+0000] {dag.py:4180} INFO - Setting next_dagrun for example_branch_operator to 2025-04-19 00:00:00+00:00, run_after=2025-04-20 00:00:00+00:00
[2025-04-20T17:49:26.031+0000] {processor.py:208} INFO - Processing /home/airflow/.local/lib/python3.12/site-packages/airflow/example_dags/example_branch_operator.py took 0.153 seconds
[2025-04-20T17:49:57.025+0000] {processor.py:186} INFO - Started process (PID=229) to work on /home/airflow/.local/lib/python3.12/site-packages/airflow/example_dags/example_branch_operator.py
[2025-04-20T17:49:57.026+0000] {processor.py:914} INFO - Processing file /home/airflow/.local/lib/python3.12/site-packages/airflow/example_dags/example_branch_operator.py for tasks to queue
[2025-04-20T17:49:57.028+0000] {logging_mixin.py:190} INFO - [2025-04-20T17:49:57.028+0000] {dagbag.py:588} INFO - Filling up the DagBag from /home/airflow/.local/lib/python3.12/site-packages/airflow/example_dags/example_branch_operator.py
[2025-04-20T17:49:57.061+0000] {processor.py:925} INFO - DAG(s) 'example_branch_operator' retrieved from /home/airflow/.local/lib/python3.12/site-packages/airflow/example_dags/example_branch_operator.py
[2025-04-20T17:49:57.108+0000] {logging_mixin.py:190} INFO - [2025-04-20T17:49:57.108+0000] {dag.py:3239} INFO - Sync 1 DAGs
[2025-04-20T17:49:57.149+0000] {logging_mixin.py:190} INFO - [2025-04-20T17:49:57.148+0000] {dag.py:4180} INFO - Setting next_dagrun for example_branch_operator to 2025-04-19 00:00:00+00:00, run_after=2025-04-20 00:00:00+00:00
[2025-04-20T17:49:57.194+0000] {processor.py:208} INFO - Processing /home/airflow/.local/lib/python3.12/site-packages/airflow/example_dags/example_branch_operator.py took 0.177 seconds
[2025-04-20T17:50:28.051+0000] {processor.py:186} INFO - Started process (PID=291) to work on /home/airflow/.local/lib/python3.12/site-packages/airflow/example_dags/example_branch_operator.py
[2025-04-20T17:50:28.052+0000] {processor.py:914} INFO - Processing file /home/airflow/.local/lib/python3.12/site-packages/airflow/example_dags/example_branch_operator.py for tasks to queue
[2025-04-20T17:50:28.055+0000] {logging_mixin.py:190} INFO - [2025-04-20T17:50:28.055+0000] {dagbag.py:588} INFO - Filling up the DagBag from /home/airflow/.local/lib/python3.12/site-packages/airflow/example_dags/example_branch_operator.py
[2025-04-20T17:50:28.089+0000] {processor.py:925} INFO - DAG(s) 'example_branch_operator' retrieved from /home/airflow/.local/lib/python3.12/site-packages/airflow/example_dags/example_branch_operator.py
[2025-04-20T17:50:28.134+0000] {logging_mixin.py:190} INFO - [2025-04-20T17:50:28.134+0000] {dag.py:3239} INFO - Sync 1 DAGs
[2025-04-20T17:50:28.182+0000] {logging_mixin.py:190} INFO - [2025-04-20T17:50:28.181+0000] {dag.py:4180} INFO - Setting next_dagrun for example_branch_operator to 2025-04-19 00:00:00+00:00, run_after=2025-04-20 00:00:00+00:00
[2025-04-20T17:50:28.209+0000] {processor.py:208} INFO - Processing /home/airflow/.local/lib/python3.12/site-packages/airflow/example_dags/example_branch_operator.py took 0.166 seconds
[2025-04-20T17:50:58.834+0000] {processor.py:186} INFO - Started process (PID=354) to work on /home/airflow/.local/lib/python3.12/site-packages/airflow/example_dags/example_branch_operator.py
[2025-04-20T17:50:58.838+0000] {processor.py:914} INFO - Processing file /home/airflow/.local/lib/python3.12/site-packages/airflow/example_dags/example_branch_operator.py for tasks to queue
[2025-04-20T17:50:58.845+0000] {logging_mixin.py:190} INFO - [2025-04-20T17:50:58.844+0000] {dagbag.py:588} INFO - Filling up the DagBag from /home/airflow/.local/lib/python3.12/site-packages/airflow/example_dags/example_branch_operator.py
[2025-04-20T17:50:58.886+0000] {processor.py:925} INFO - DAG(s) 'example_branch_operator' retrieved from /home/airflow/.local/lib/python3.12/site-packages/airflow/example_dags/example_branch_operator.py
[2025-04-20T17:50:58.942+0000] {logging_mixin.py:190} INFO - [2025-04-20T17:50:58.942+0000] {dag.py:3239} INFO - Sync 1 DAGs
[2025-04-20T17:50:58.985+0000] {logging_mixin.py:190} INFO - [2025-04-20T17:50:58.985+0000] {dag.py:4180} INFO - Setting next_dagrun for example_branch_operator to 2025-04-19 00:00:00+00:00, run_after=2025-04-20 00:00:00+00:00
[2025-04-20T17:50:59.018+0000] {processor.py:208} INFO - Processing /home/airflow/.local/lib/python3.12/site-packages/airflow/example_dags/example_branch_operator.py took 0.206 seconds
[2025-04-20T17:51:30.782+0000] {processor.py:186} INFO - Started process (PID=417) to work on /home/airflow/.local/lib/python3.12/site-packages/airflow/example_dags/example_branch_operator.py
[2025-04-20T17:51:30.788+0000] {processor.py:914} INFO - Processing file /home/airflow/.local/lib/python3.12/site-packages/airflow/example_dags/example_branch_operator.py for tasks to queue
[2025-04-20T17:51:30.798+0000] {logging_mixin.py:190} INFO - [2025-04-20T17:51:30.797+0000] {dagbag.py:588} INFO - Filling up the DagBag from /home/airflow/.local/lib/python3.12/site-packages/airflow/example_dags/example_branch_operator.py
[2025-04-20T17:51:30.842+0000] {processor.py:925} INFO - DAG(s) 'example_branch_operator' retrieved from /home/airflow/.local/lib/python3.12/site-packages/airflow/example_dags/example_branch_operator.py
[2025-04-20T17:51:30.882+0000] {logging_mixin.py:190} INFO - [2025-04-20T17:51:30.881+0000] {dag.py:3239} INFO - Sync 1 DAGs
[2025-04-20T17:51:30.915+0000] {logging_mixin.py:190} INFO - [2025-04-20T17:51:30.914+0000] {dag.py:4180} INFO - Setting next_dagrun for example_branch_operator to 2025-04-19 00:00:00+00:00, run_after=2025-04-20 00:00:00+00:00
[2025-04-20T17:51:30.940+0000] {processor.py:208} INFO - Processing /home/airflow/.local/lib/python3.12/site-packages/airflow/example_dags/example_branch_operator.py took 0.166 seconds
[2025-04-20T17:52:02.369+0000] {processor.py:186} INFO - Started process (PID=480) to work on /home/airflow/.local/lib/python3.12/site-packages/airflow/example_dags/example_branch_operator.py
[2025-04-20T17:52:02.371+0000] {processor.py:914} INFO - Processing file /home/airflow/.local/lib/python3.12/site-packages/airflow/example_dags/example_branch_operator.py for tasks to queue
[2025-04-20T17:52:02.374+0000] {logging_mixin.py:190} INFO - [2025-04-20T17:52:02.374+0000] {dagbag.py:588} INFO - Filling up the DagBag from /home/airflow/.local/lib/python3.12/site-packages/airflow/example_dags/example_branch_operator.py
[2025-04-20T17:52:02.401+0000] {processor.py:925} INFO - DAG(s) 'example_branch_operator' retrieved from /home/airflow/.local/lib/python3.12/site-packages/airflow/example_dags/example_branch_operator.py
[2025-04-20T17:52:02.446+0000] {logging_mixin.py:190} INFO - [2025-04-20T17:52:02.446+0000] {dag.py:3239} INFO - Sync 1 DAGs
[2025-04-20T17:52:02.486+0000] {logging_mixin.py:190} INFO - [2025-04-20T17:52:02.486+0000] {dag.py:4180} INFO - Setting next_dagrun for example_branch_operator to 2025-04-19 00:00:00+00:00, run_after=2025-04-20 00:00:00+00:00
[2025-04-20T17:52:02.517+0000] {processor.py:208} INFO - Processing /home/airflow/.local/lib/python3.12/site-packages/airflow/example_dags/example_branch_operator.py took 0.160 seconds
[2025-04-20T17:52:34.029+0000] {processor.py:186} INFO - Started process (PID=542) to work on /home/airflow/.local/lib/python3.12/site-packages/airflow/example_dags/example_branch_operator.py
[2025-04-20T17:52:34.030+0000] {processor.py:914} INFO - Processing file /home/airflow/.local/lib/python3.12/site-packages/airflow/example_dags/example_branch_operator.py for tasks to queue
[2025-04-20T17:52:34.034+0000] {logging_mixin.py:190} INFO - [2025-04-20T17:52:34.033+0000] {dagbag.py:588} INFO - Filling up the DagBag from /home/airflow/.local/lib/python3.12/site-packages/airflow/example_dags/example_branch_operator.py
[2025-04-20T17:52:34.062+0000] {processor.py:925} INFO - DAG(s) 'example_branch_operator' retrieved from /home/airflow/.local/lib/python3.12/site-packages/airflow/example_dags/example_branch_operator.py
[2025-04-20T17:52:34.107+0000] {logging_mixin.py:190} INFO - [2025-04-20T17:52:34.107+0000] {dag.py:3239} INFO - Sync 1 DAGs
[2025-04-20T17:52:34.142+0000] {logging_mixin.py:190} INFO - [2025-04-20T17:52:34.142+0000] {dag.py:4180} INFO - Setting next_dagrun for example_branch_operator to 2025-04-19 00:00:00+00:00, run_after=2025-04-20 00:00:00+00:00
[2025-04-20T17:52:34.178+0000] {processor.py:208} INFO - Processing /home/airflow/.local/lib/python3.12/site-packages/airflow/example_dags/example_branch_operator.py took 0.159 seconds
[2025-04-20T17:53:06.384+0000] {processor.py:186} INFO - Started process (PID=611) to work on /home/airflow/.local/lib/python3.12/site-packages/airflow/example_dags/example_branch_operator.py
[2025-04-20T17:53:06.388+0000] {processor.py:914} INFO - Processing file /home/airflow/.local/lib/python3.12/site-packages/airflow/example_dags/example_branch_operator.py for tasks to queue
[2025-04-20T17:53:06.392+0000] {logging_mixin.py:190} INFO - [2025-04-20T17:53:06.391+0000] {dagbag.py:588} INFO - Filling up the DagBag from /home/airflow/.local/lib/python3.12/site-packages/airflow/example_dags/example_branch_operator.py
[2025-04-20T17:53:06.428+0000] {processor.py:925} INFO - DAG(s) 'example_branch_operator' retrieved from /home/airflow/.local/lib/python3.12/site-packages/airflow/example_dags/example_branch_operator.py
[2025-04-20T17:53:06.492+0000] {logging_mixin.py:190} INFO - [2025-04-20T17:53:06.492+0000] {dag.py:3239} INFO - Sync 1 DAGs
[2025-04-20T17:53:06.542+0000] {logging_mixin.py:190} INFO - [2025-04-20T17:53:06.542+0000] {dag.py:4180} INFO - Setting next_dagrun for example_branch_operator to 2025-04-19 00:00:00+00:00, run_after=2025-04-20 00:00:00+00:00
[2025-04-20T17:53:06.579+0000] {processor.py:208} INFO - Processing /home/airflow/.local/lib/python3.12/site-packages/airflow/example_dags/example_branch_operator.py took 0.208 seconds
[2025-04-20T17:53:38.150+0000] {processor.py:186} INFO - Started process (PID=674) to work on /home/airflow/.local/lib/python3.12/site-packages/airflow/example_dags/example_branch_operator.py
[2025-04-20T17:53:38.152+0000] {processor.py:914} INFO - Processing file /home/airflow/.local/lib/python3.12/site-packages/airflow/example_dags/example_branch_operator.py for tasks to queue
[2025-04-20T17:53:38.157+0000] {logging_mixin.py:190} INFO - [2025-04-20T17:53:38.156+0000] {dagbag.py:588} INFO - Filling up the DagBag from /home/airflow/.local/lib/python3.12/site-packages/airflow/example_dags/example_branch_operator.py
[2025-04-20T17:53:38.206+0000] {processor.py:925} INFO - DAG(s) 'example_branch_operator' retrieved from /home/airflow/.local/lib/python3.12/site-packages/airflow/example_dags/example_branch_operator.py
[2025-04-20T17:53:38.311+0000] {logging_mixin.py:190} INFO - [2025-04-20T17:53:38.311+0000] {dag.py:3239} INFO - Sync 1 DAGs
[2025-04-20T17:53:38.372+0000] {logging_mixin.py:190} INFO - [2025-04-20T17:53:38.371+0000] {dag.py:4180} INFO - Setting next_dagrun for example_branch_operator to 2025-04-19 00:00:00+00:00, run_after=2025-04-20 00:00:00+00:00
[2025-04-20T17:53:38.404+0000] {processor.py:208} INFO - Processing /home/airflow/.local/lib/python3.12/site-packages/airflow/example_dags/example_branch_operator.py took 0.268 seconds
[2025-04-20T17:54:09.575+0000] {processor.py:186} INFO - Started process (PID=737) to work on /home/airflow/.local/lib/python3.12/site-packages/airflow/example_dags/example_branch_operator.py
[2025-04-20T17:54:09.576+0000] {processor.py:914} INFO - Processing file /home/airflow/.local/lib/python3.12/site-packages/airflow/example_dags/example_branch_operator.py for tasks to queue
[2025-04-20T17:54:09.579+0000] {logging_mixin.py:190} INFO - [2025-04-20T17:54:09.579+0000] {dagbag.py:588} INFO - Filling up the DagBag from /home/airflow/.local/lib/python3.12/site-packages/airflow/example_dags/example_branch_operator.py
[2025-04-20T17:54:09.604+0000] {processor.py:925} INFO - DAG(s) 'example_branch_operator' retrieved from /home/airflow/.local/lib/python3.12/site-packages/airflow/example_dags/example_branch_operator.py
[2025-04-20T17:54:09.644+0000] {logging_mixin.py:190} INFO - [2025-04-20T17:54:09.644+0000] {dag.py:3239} INFO - Sync 1 DAGs
[2025-04-20T17:54:09.679+0000] {logging_mixin.py:190} INFO - [2025-04-20T17:54:09.679+0000] {dag.py:4180} INFO - Setting next_dagrun for example_branch_operator to 2025-04-19 00:00:00+00:00, run_after=2025-04-20 00:00:00+00:00
[2025-04-20T17:54:09.707+0000] {processor.py:208} INFO - Processing /home/airflow/.local/lib/python3.12/site-packages/airflow/example_dags/example_branch_operator.py took 0.141 seconds
[2025-04-20T17:54:40.736+0000] {processor.py:186} INFO - Started process (PID=800) to work on /home/airflow/.local/lib/python3.12/site-packages/airflow/example_dags/example_branch_operator.py
[2025-04-20T17:54:40.738+0000] {processor.py:914} INFO - Processing file /home/airflow/.local/lib/python3.12/site-packages/airflow/example_dags/example_branch_operator.py for tasks to queue
[2025-04-20T17:54:40.741+0000] {logging_mixin.py:190} INFO - [2025-04-20T17:54:40.740+0000] {dagbag.py:588} INFO - Filling up the DagBag from /home/airflow/.local/lib/python3.12/site-packages/airflow/example_dags/example_branch_operator.py
[2025-04-20T17:54:40.767+0000] {processor.py:925} INFO - DAG(s) 'example_branch_operator' retrieved from /home/airflow/.local/lib/python3.12/site-packages/airflow/example_dags/example_branch_operator.py
[2025-04-20T17:54:40.806+0000] {logging_mixin.py:190} INFO - [2025-04-20T17:54:40.806+0000] {dag.py:3239} INFO - Sync 1 DAGs
[2025-04-20T17:54:40.839+0000] {logging_mixin.py:190} INFO - [2025-04-20T17:54:40.839+0000] {dag.py:4180} INFO - Setting next_dagrun for example_branch_operator to 2025-04-19 00:00:00+00:00, run_after=2025-04-20 00:00:00+00:00
[2025-04-20T17:54:40.866+0000] {processor.py:208} INFO - Processing /home/airflow/.local/lib/python3.12/site-packages/airflow/example_dags/example_branch_operator.py took 0.140 seconds
[2025-04-20T17:55:11.990+0000] {processor.py:186} INFO - Started process (PID=863) to work on /home/airflow/.local/lib/python3.12/site-packages/airflow/example_dags/example_branch_operator.py
[2025-04-20T17:55:11.991+0000] {processor.py:914} INFO - Processing file /home/airflow/.local/lib/python3.12/site-packages/airflow/example_dags/example_branch_operator.py for tasks to queue
[2025-04-20T17:55:11.994+0000] {logging_mixin.py:190} INFO - [2025-04-20T17:55:11.994+0000] {dagbag.py:588} INFO - Filling up the DagBag from /home/airflow/.local/lib/python3.12/site-packages/airflow/example_dags/example_branch_operator.py
[2025-04-20T17:55:12.019+0000] {processor.py:925} INFO - DAG(s) 'example_branch_operator' retrieved from /home/airflow/.local/lib/python3.12/site-packages/airflow/example_dags/example_branch_operator.py
[2025-04-20T17:55:12.067+0000] {logging_mixin.py:190} INFO - [2025-04-20T17:55:12.066+0000] {dag.py:3239} INFO - Sync 1 DAGs
[2025-04-20T17:55:12.117+0000] {logging_mixin.py:190} INFO - [2025-04-20T17:55:12.116+0000] {dag.py:4180} INFO - Setting next_dagrun for example_branch_operator to 2025-04-19 00:00:00+00:00, run_after=2025-04-20 00:00:00+00:00
[2025-04-20T17:55:12.155+0000] {processor.py:208} INFO - Processing /home/airflow/.local/lib/python3.12/site-packages/airflow/example_dags/example_branch_operator.py took 0.176 seconds
[2025-04-20T17:55:44.073+0000] {processor.py:186} INFO - Started process (PID=926) to work on /home/airflow/.local/lib/python3.12/site-packages/airflow/example_dags/example_branch_operator.py
[2025-04-20T17:55:44.074+0000] {processor.py:914} INFO - Processing file /home/airflow/.local/lib/python3.12/site-packages/airflow/example_dags/example_branch_operator.py for tasks to queue
[2025-04-20T17:55:44.077+0000] {logging_mixin.py:190} INFO - [2025-04-20T17:55:44.077+0000] {dagbag.py:588} INFO - Filling up the DagBag from /home/airflow/.local/lib/python3.12/site-packages/airflow/example_dags/example_branch_operator.py
[2025-04-20T17:55:44.103+0000] {processor.py:925} INFO - DAG(s) 'example_branch_operator' retrieved from /home/airflow/.local/lib/python3.12/site-packages/airflow/example_dags/example_branch_operator.py
[2025-04-20T17:55:44.143+0000] {logging_mixin.py:190} INFO - [2025-04-20T17:55:44.143+0000] {dag.py:3239} INFO - Sync 1 DAGs
[2025-04-20T17:55:44.180+0000] {logging_mixin.py:190} INFO - [2025-04-20T17:55:44.180+0000] {dag.py:4180} INFO - Setting next_dagrun for example_branch_operator to 2025-04-19 00:00:00+00:00, run_after=2025-04-20 00:00:00+00:00
[2025-04-20T17:55:44.210+0000] {processor.py:208} INFO - Processing /home/airflow/.local/lib/python3.12/site-packages/airflow/example_dags/example_branch_operator.py took 0.145 seconds
[2025-04-20T17:56:15.066+0000] {processor.py:186} INFO - Started process (PID=989) to work on /home/airflow/.local/lib/python3.12/site-packages/airflow/example_dags/example_branch_operator.py
[2025-04-20T17:56:15.068+0000] {processor.py:914} INFO - Processing file /home/airflow/.local/lib/python3.12/site-packages/airflow/example_dags/example_branch_operator.py for tasks to queue
[2025-04-20T17:56:15.071+0000] {logging_mixin.py:190} INFO - [2025-04-20T17:56:15.071+0000] {dagbag.py:588} INFO - Filling up the DagBag from /home/airflow/.local/lib/python3.12/site-packages/airflow/example_dags/example_branch_operator.py
[2025-04-20T17:56:15.107+0000] {processor.py:925} INFO - DAG(s) 'example_branch_operator' retrieved from /home/airflow/.local/lib/python3.12/site-packages/airflow/example_dags/example_branch_operator.py
[2025-04-20T17:56:15.160+0000] {logging_mixin.py:190} INFO - [2025-04-20T17:56:15.160+0000] {dag.py:3239} INFO - Sync 1 DAGs
[2025-04-20T17:56:15.218+0000] {logging_mixin.py:190} INFO - [2025-04-20T17:56:15.217+0000] {dag.py:4180} INFO - Setting next_dagrun for example_branch_operator to 2025-04-19 00:00:00+00:00, run_after=2025-04-20 00:00:00+00:00
[2025-04-20T17:56:15.258+0000] {processor.py:208} INFO - Processing /home/airflow/.local/lib/python3.12/site-packages/airflow/example_dags/example_branch_operator.py took 0.201 seconds
[2025-04-20T17:56:46.971+0000] {processor.py:186} INFO - Started process (PID=1052) to work on /home/airflow/.local/lib/python3.12/site-packages/airflow/example_dags/example_branch_operator.py
[2025-04-20T17:56:46.973+0000] {processor.py:914} INFO - Processing file /home/airflow/.local/lib/python3.12/site-packages/airflow/example_dags/example_branch_operator.py for tasks to queue
[2025-04-20T17:56:46.976+0000] {logging_mixin.py:190} INFO - [2025-04-20T17:56:46.975+0000] {dagbag.py:588} INFO - Filling up the DagBag from /home/airflow/.local/lib/python3.12/site-packages/airflow/example_dags/example_branch_operator.py
[2025-04-20T17:56:47.001+0000] {processor.py:925} INFO - DAG(s) 'example_branch_operator' retrieved from /home/airflow/.local/lib/python3.12/site-packages/airflow/example_dags/example_branch_operator.py
[2025-04-20T17:56:47.039+0000] {logging_mixin.py:190} INFO - [2025-04-20T17:56:47.038+0000] {dag.py:3239} INFO - Sync 1 DAGs
[2025-04-20T17:56:47.071+0000] {logging_mixin.py:190} INFO - [2025-04-20T17:56:47.070+0000] {dag.py:4180} INFO - Setting next_dagrun for example_branch_operator to 2025-04-19 00:00:00+00:00, run_after=2025-04-20 00:00:00+00:00
[2025-04-20T17:56:47.095+0000] {processor.py:208} INFO - Processing /home/airflow/.local/lib/python3.12/site-packages/airflow/example_dags/example_branch_operator.py took 0.133 seconds
[2025-04-20T17:57:18.063+0000] {processor.py:186} INFO - Started process (PID=1115) to work on /home/airflow/.local/lib/python3.12/site-packages/airflow/example_dags/example_branch_operator.py
[2025-04-20T17:57:18.065+0000] {processor.py:914} INFO - Processing file /home/airflow/.local/lib/python3.12/site-packages/airflow/example_dags/example_branch_operator.py for tasks to queue
[2025-04-20T17:57:18.068+0000] {logging_mixin.py:190} INFO - [2025-04-20T17:57:18.067+0000] {dagbag.py:588} INFO - Filling up the DagBag from /home/airflow/.local/lib/python3.12/site-packages/airflow/example_dags/example_branch_operator.py
[2025-04-20T17:57:18.093+0000] {processor.py:925} INFO - DAG(s) 'example_branch_operator' retrieved from /home/airflow/.local/lib/python3.12/site-packages/airflow/example_dags/example_branch_operator.py
[2025-04-20T17:57:18.132+0000] {logging_mixin.py:190} INFO - [2025-04-20T17:57:18.131+0000] {dag.py:3239} INFO - Sync 1 DAGs
[2025-04-20T17:57:18.163+0000] {logging_mixin.py:190} INFO - [2025-04-20T17:57:18.162+0000] {dag.py:4180} INFO - Setting next_dagrun for example_branch_operator to 2025-04-19 00:00:00+00:00, run_after=2025-04-20 00:00:00+00:00
[2025-04-20T17:57:18.192+0000] {processor.py:208} INFO - Processing /home/airflow/.local/lib/python3.12/site-packages/airflow/example_dags/example_branch_operator.py took 0.137 seconds
[2025-04-20T17:57:49.252+0000] {processor.py:186} INFO - Started process (PID=1178) to work on /home/airflow/.local/lib/python3.12/site-packages/airflow/example_dags/example_branch_operator.py
[2025-04-20T17:57:49.253+0000] {processor.py:914} INFO - Processing file /home/airflow/.local/lib/python3.12/site-packages/airflow/example_dags/example_branch_operator.py for tasks to queue
[2025-04-20T17:57:49.256+0000] {logging_mixin.py:190} INFO - [2025-04-20T17:57:49.256+0000] {dagbag.py:588} INFO - Filling up the DagBag from /home/airflow/.local/lib/python3.12/site-packages/airflow/example_dags/example_branch_operator.py
[2025-04-20T17:57:49.280+0000] {processor.py:925} INFO - DAG(s) 'example_branch_operator' retrieved from /home/airflow/.local/lib/python3.12/site-packages/airflow/example_dags/example_branch_operator.py
[2025-04-20T17:57:49.324+0000] {logging_mixin.py:190} INFO - [2025-04-20T17:57:49.323+0000] {dag.py:3239} INFO - Sync 1 DAGs
[2025-04-20T17:57:49.356+0000] {logging_mixin.py:190} INFO - [2025-04-20T17:57:49.356+0000] {dag.py:4180} INFO - Setting next_dagrun for example_branch_operator to 2025-04-19 00:00:00+00:00, run_after=2025-04-20 00:00:00+00:00
[2025-04-20T17:57:49.380+0000] {processor.py:208} INFO - Processing /home/airflow/.local/lib/python3.12/site-packages/airflow/example_dags/example_branch_operator.py took 0.137 seconds
[2025-04-20T17:58:20.494+0000] {processor.py:186} INFO - Started process (PID=1241) to work on /home/airflow/.local/lib/python3.12/site-packages/airflow/example_dags/example_branch_operator.py
[2025-04-20T17:58:20.496+0000] {processor.py:914} INFO - Processing file /home/airflow/.local/lib/python3.12/site-packages/airflow/example_dags/example_branch_operator.py for tasks to queue
[2025-04-20T17:58:20.499+0000] {logging_mixin.py:190} INFO - [2025-04-20T17:58:20.499+0000] {dagbag.py:588} INFO - Filling up the DagBag from /home/airflow/.local/lib/python3.12/site-packages/airflow/example_dags/example_branch_operator.py
[2025-04-20T17:58:20.526+0000] {processor.py:925} INFO - DAG(s) 'example_branch_operator' retrieved from /home/airflow/.local/lib/python3.12/site-packages/airflow/example_dags/example_branch_operator.py
[2025-04-20T17:58:20.565+0000] {logging_mixin.py:190} INFO - [2025-04-20T17:58:20.564+0000] {dag.py:3239} INFO - Sync 1 DAGs
[2025-04-20T17:58:20.597+0000] {logging_mixin.py:190} INFO - [2025-04-20T17:58:20.596+0000] {dag.py:4180} INFO - Setting next_dagrun for example_branch_operator to 2025-04-19 00:00:00+00:00, run_after=2025-04-20 00:00:00+00:00
[2025-04-20T17:58:20.622+0000] {processor.py:208} INFO - Processing /home/airflow/.local/lib/python3.12/site-packages/airflow/example_dags/example_branch_operator.py took 0.136 seconds
[2025-04-20T17:58:51.726+0000] {processor.py:186} INFO - Started process (PID=1304) to work on /home/airflow/.local/lib/python3.12/site-packages/airflow/example_dags/example_branch_operator.py
[2025-04-20T17:58:51.728+0000] {processor.py:914} INFO - Processing file /home/airflow/.local/lib/python3.12/site-packages/airflow/example_dags/example_branch_operator.py for tasks to queue
[2025-04-20T17:58:51.732+0000] {logging_mixin.py:190} INFO - [2025-04-20T17:58:51.732+0000] {dagbag.py:588} INFO - Filling up the DagBag from /home/airflow/.local/lib/python3.12/site-packages/airflow/example_dags/example_branch_operator.py
[2025-04-20T17:58:51.769+0000] {processor.py:925} INFO - DAG(s) 'example_branch_operator' retrieved from /home/airflow/.local/lib/python3.12/site-packages/airflow/example_dags/example_branch_operator.py
[2025-04-20T17:58:51.817+0000] {logging_mixin.py:190} INFO - [2025-04-20T17:58:51.816+0000] {dag.py:3239} INFO - Sync 1 DAGs
[2025-04-20T17:58:51.859+0000] {logging_mixin.py:190} INFO - [2025-04-20T17:58:51.859+0000] {dag.py:4180} INFO - Setting next_dagrun for example_branch_operator to 2025-04-19 00:00:00+00:00, run_after=2025-04-20 00:00:00+00:00
[2025-04-20T17:58:51.885+0000] {processor.py:208} INFO - Processing /home/airflow/.local/lib/python3.12/site-packages/airflow/example_dags/example_branch_operator.py took 0.176 seconds
[2025-04-20T18:04:55.694+0000] {processor.py:186} INFO - Started process (PID=106) to work on /home/airflow/.local/lib/python3.12/site-packages/airflow/example_dags/example_branch_operator.py
[2025-04-20T18:04:55.699+0000] {processor.py:914} INFO - Processing file /home/airflow/.local/lib/python3.12/site-packages/airflow/example_dags/example_branch_operator.py for tasks to queue
[2025-04-20T18:04:55.702+0000] {logging_mixin.py:190} INFO - [2025-04-20T18:04:55.702+0000] {dagbag.py:588} INFO - Filling up the DagBag from /home/airflow/.local/lib/python3.12/site-packages/airflow/example_dags/example_branch_operator.py
[2025-04-20T18:04:55.727+0000] {processor.py:925} INFO - DAG(s) 'example_branch_operator' retrieved from /home/airflow/.local/lib/python3.12/site-packages/airflow/example_dags/example_branch_operator.py
[2025-04-20T18:04:55.890+0000] {logging_mixin.py:190} INFO - [2025-04-20T18:04:55.890+0000] {override.py:1912} INFO - Created Permission View: can read on DAG:example_branch_operator
[2025-04-20T18:04:55.905+0000] {logging_mixin.py:190} INFO - [2025-04-20T18:04:55.904+0000] {override.py:1912} INFO - Created Permission View: can edit on DAG:example_branch_operator
[2025-04-20T18:04:55.913+0000] {logging_mixin.py:190} INFO - [2025-04-20T18:04:55.913+0000] {override.py:1912} INFO - Created Permission View: can delete on DAG:example_branch_operator
[2025-04-20T18:04:55.924+0000] {logging_mixin.py:190} INFO - [2025-04-20T18:04:55.924+0000] {override.py:1912} INFO - Created Permission View: menu access on DAG Run:example_branch_operator
[2025-04-20T18:04:55.932+0000] {logging_mixin.py:190} INFO - [2025-04-20T18:04:55.932+0000] {override.py:1912} INFO - Created Permission View: can read on DAG Run:example_branch_operator
[2025-04-20T18:04:55.942+0000] {logging_mixin.py:190} INFO - [2025-04-20T18:04:55.941+0000] {override.py:1912} INFO - Created Permission View: can create on DAG Run:example_branch_operator
[2025-04-20T18:04:55.951+0000] {logging_mixin.py:190} INFO - [2025-04-20T18:04:55.951+0000] {override.py:1912} INFO - Created Permission View: can delete on DAG Run:example_branch_operator
[2025-04-20T18:04:55.952+0000] {logging_mixin.py:190} INFO - [2025-04-20T18:04:55.951+0000] {dag.py:3239} INFO - Sync 1 DAGs
[2025-04-20T18:04:55.968+0000] {logging_mixin.py:190} INFO - [2025-04-20T18:04:55.967+0000] {dag.py:3262} INFO - Creating ORM DAG for example_branch_operator
[2025-04-20T18:04:55.981+0000] {logging_mixin.py:190} INFO - [2025-04-20T18:04:55.981+0000] {dag.py:4180} INFO - Setting next_dagrun for example_branch_operator to 2025-04-19 00:00:00+00:00, run_after=2025-04-20 00:00:00+00:00
[2025-04-20T18:04:56.007+0000] {processor.py:208} INFO - Processing /home/airflow/.local/lib/python3.12/site-packages/airflow/example_dags/example_branch_operator.py took 0.323 seconds
[2025-04-20T18:05:26.484+0000] {processor.py:186} INFO - Started process (PID=169) to work on /home/airflow/.local/lib/python3.12/site-packages/airflow/example_dags/example_branch_operator.py
[2025-04-20T18:05:26.485+0000] {processor.py:914} INFO - Processing file /home/airflow/.local/lib/python3.12/site-packages/airflow/example_dags/example_branch_operator.py for tasks to queue
[2025-04-20T18:05:26.488+0000] {logging_mixin.py:190} INFO - [2025-04-20T18:05:26.487+0000] {dagbag.py:588} INFO - Filling up the DagBag from /home/airflow/.local/lib/python3.12/site-packages/airflow/example_dags/example_branch_operator.py
[2025-04-20T18:05:26.510+0000] {processor.py:925} INFO - DAG(s) 'example_branch_operator' retrieved from /home/airflow/.local/lib/python3.12/site-packages/airflow/example_dags/example_branch_operator.py
[2025-04-20T18:05:26.547+0000] {logging_mixin.py:190} INFO - [2025-04-20T18:05:26.547+0000] {dag.py:3239} INFO - Sync 1 DAGs
[2025-04-20T18:05:26.579+0000] {logging_mixin.py:190} INFO - [2025-04-20T18:05:26.578+0000] {dag.py:4180} INFO - Setting next_dagrun for example_branch_operator to 2025-04-19 00:00:00+00:00, run_after=2025-04-20 00:00:00+00:00
[2025-04-20T18:05:26.629+0000] {processor.py:208} INFO - Processing /home/airflow/.local/lib/python3.12/site-packages/airflow/example_dags/example_branch_operator.py took 0.152 seconds
[2025-04-20T18:05:56.974+0000] {processor.py:186} INFO - Started process (PID=232) to work on /home/airflow/.local/lib/python3.12/site-packages/airflow/example_dags/example_branch_operator.py
[2025-04-20T18:05:56.976+0000] {processor.py:914} INFO - Processing file /home/airflow/.local/lib/python3.12/site-packages/airflow/example_dags/example_branch_operator.py for tasks to queue
[2025-04-20T18:05:56.980+0000] {logging_mixin.py:190} INFO - [2025-04-20T18:05:56.979+0000] {dagbag.py:588} INFO - Filling up the DagBag from /home/airflow/.local/lib/python3.12/site-packages/airflow/example_dags/example_branch_operator.py
[2025-04-20T18:05:57.012+0000] {processor.py:925} INFO - DAG(s) 'example_branch_operator' retrieved from /home/airflow/.local/lib/python3.12/site-packages/airflow/example_dags/example_branch_operator.py
[2025-04-20T18:05:57.064+0000] {logging_mixin.py:190} INFO - [2025-04-20T18:05:57.063+0000] {dag.py:3239} INFO - Sync 1 DAGs
[2025-04-20T18:05:57.109+0000] {logging_mixin.py:190} INFO - [2025-04-20T18:05:57.109+0000] {dag.py:4180} INFO - Setting next_dagrun for example_branch_operator to 2025-04-19 00:00:00+00:00, run_after=2025-04-20 00:00:00+00:00
[2025-04-20T18:05:57.150+0000] {processor.py:208} INFO - Processing /home/airflow/.local/lib/python3.12/site-packages/airflow/example_dags/example_branch_operator.py took 0.189 seconds
[2025-04-20T18:06:27.683+0000] {processor.py:186} INFO - Started process (PID=294) to work on /home/airflow/.local/lib/python3.12/site-packages/airflow/example_dags/example_branch_operator.py
[2025-04-20T18:06:27.685+0000] {processor.py:914} INFO - Processing file /home/airflow/.local/lib/python3.12/site-packages/airflow/example_dags/example_branch_operator.py for tasks to queue
[2025-04-20T18:06:27.689+0000] {logging_mixin.py:190} INFO - [2025-04-20T18:06:27.688+0000] {dagbag.py:588} INFO - Filling up the DagBag from /home/airflow/.local/lib/python3.12/site-packages/airflow/example_dags/example_branch_operator.py
[2025-04-20T18:06:27.718+0000] {processor.py:925} INFO - DAG(s) 'example_branch_operator' retrieved from /home/airflow/.local/lib/python3.12/site-packages/airflow/example_dags/example_branch_operator.py
[2025-04-20T18:06:27.758+0000] {logging_mixin.py:190} INFO - [2025-04-20T18:06:27.758+0000] {dag.py:3239} INFO - Sync 1 DAGs
[2025-04-20T18:06:27.789+0000] {logging_mixin.py:190} INFO - [2025-04-20T18:06:27.788+0000] {dag.py:4180} INFO - Setting next_dagrun for example_branch_operator to 2025-04-19 00:00:00+00:00, run_after=2025-04-20 00:00:00+00:00
[2025-04-20T18:06:27.812+0000] {processor.py:208} INFO - Processing /home/airflow/.local/lib/python3.12/site-packages/airflow/example_dags/example_branch_operator.py took 0.137 seconds
[2025-04-20T18:06:59.685+0000] {processor.py:186} INFO - Started process (PID=357) to work on /home/airflow/.local/lib/python3.12/site-packages/airflow/example_dags/example_branch_operator.py
[2025-04-20T18:06:59.686+0000] {processor.py:914} INFO - Processing file /home/airflow/.local/lib/python3.12/site-packages/airflow/example_dags/example_branch_operator.py for tasks to queue
[2025-04-20T18:06:59.689+0000] {logging_mixin.py:190} INFO - [2025-04-20T18:06:59.688+0000] {dagbag.py:588} INFO - Filling up the DagBag from /home/airflow/.local/lib/python3.12/site-packages/airflow/example_dags/example_branch_operator.py
[2025-04-20T18:06:59.716+0000] {processor.py:925} INFO - DAG(s) 'example_branch_operator' retrieved from /home/airflow/.local/lib/python3.12/site-packages/airflow/example_dags/example_branch_operator.py
[2025-04-20T18:06:59.760+0000] {logging_mixin.py:190} INFO - [2025-04-20T18:06:59.759+0000] {dag.py:3239} INFO - Sync 1 DAGs
[2025-04-20T18:06:59.805+0000] {logging_mixin.py:190} INFO - [2025-04-20T18:06:59.804+0000] {dag.py:4180} INFO - Setting next_dagrun for example_branch_operator to 2025-04-19 00:00:00+00:00, run_after=2025-04-20 00:00:00+00:00
[2025-04-20T18:06:59.836+0000] {processor.py:208} INFO - Processing /home/airflow/.local/lib/python3.12/site-packages/airflow/example_dags/example_branch_operator.py took 0.162 seconds
[2025-04-20T18:07:31.256+0000] {processor.py:186} INFO - Started process (PID=420) to work on /home/airflow/.local/lib/python3.12/site-packages/airflow/example_dags/example_branch_operator.py
[2025-04-20T18:07:31.258+0000] {processor.py:914} INFO - Processing file /home/airflow/.local/lib/python3.12/site-packages/airflow/example_dags/example_branch_operator.py for tasks to queue
[2025-04-20T18:07:31.262+0000] {logging_mixin.py:190} INFO - [2025-04-20T18:07:31.262+0000] {dagbag.py:588} INFO - Filling up the DagBag from /home/airflow/.local/lib/python3.12/site-packages/airflow/example_dags/example_branch_operator.py
[2025-04-20T18:07:31.288+0000] {processor.py:925} INFO - DAG(s) 'example_branch_operator' retrieved from /home/airflow/.local/lib/python3.12/site-packages/airflow/example_dags/example_branch_operator.py
[2025-04-20T18:07:31.373+0000] {logging_mixin.py:190} INFO - [2025-04-20T18:07:31.372+0000] {dag.py:3239} INFO - Sync 1 DAGs
[2025-04-20T18:07:31.435+0000] {logging_mixin.py:190} INFO - [2025-04-20T18:07:31.434+0000] {dag.py:4180} INFO - Setting next_dagrun for example_branch_operator to 2025-04-19 00:00:00+00:00, run_after=2025-04-20 00:00:00+00:00
[2025-04-20T18:07:31.470+0000] {processor.py:208} INFO - Processing /home/airflow/.local/lib/python3.12/site-packages/airflow/example_dags/example_branch_operator.py took 0.224 seconds
[2025-04-20T18:08:03.337+0000] {processor.py:186} INFO - Started process (PID=483) to work on /home/airflow/.local/lib/python3.12/site-packages/airflow/example_dags/example_branch_operator.py
[2025-04-20T18:08:03.339+0000] {processor.py:914} INFO - Processing file /home/airflow/.local/lib/python3.12/site-packages/airflow/example_dags/example_branch_operator.py for tasks to queue
[2025-04-20T18:08:03.344+0000] {logging_mixin.py:190} INFO - [2025-04-20T18:08:03.343+0000] {dagbag.py:588} INFO - Filling up the DagBag from /home/airflow/.local/lib/python3.12/site-packages/airflow/example_dags/example_branch_operator.py
[2025-04-20T18:08:03.381+0000] {processor.py:925} INFO - DAG(s) 'example_branch_operator' retrieved from /home/airflow/.local/lib/python3.12/site-packages/airflow/example_dags/example_branch_operator.py
[2025-04-20T18:08:03.497+0000] {logging_mixin.py:190} INFO - [2025-04-20T18:08:03.497+0000] {dag.py:3239} INFO - Sync 1 DAGs
[2025-04-20T18:08:03.572+0000] {logging_mixin.py:190} INFO - [2025-04-20T18:08:03.571+0000] {dag.py:4180} INFO - Setting next_dagrun for example_branch_operator to 2025-04-19 00:00:00+00:00, run_after=2025-04-20 00:00:00+00:00
[2025-04-20T18:08:03.631+0000] {processor.py:208} INFO - Processing /home/airflow/.local/lib/python3.12/site-packages/airflow/example_dags/example_branch_operator.py took 0.307 seconds
[2025-04-20T18:08:35.187+0000] {processor.py:186} INFO - Started process (PID=546) to work on /home/airflow/.local/lib/python3.12/site-packages/airflow/example_dags/example_branch_operator.py
[2025-04-20T18:08:35.188+0000] {processor.py:914} INFO - Processing file /home/airflow/.local/lib/python3.12/site-packages/airflow/example_dags/example_branch_operator.py for tasks to queue
[2025-04-20T18:08:35.191+0000] {logging_mixin.py:190} INFO - [2025-04-20T18:08:35.191+0000] {dagbag.py:588} INFO - Filling up the DagBag from /home/airflow/.local/lib/python3.12/site-packages/airflow/example_dags/example_branch_operator.py
[2025-04-20T18:08:35.227+0000] {processor.py:925} INFO - DAG(s) 'example_branch_operator' retrieved from /home/airflow/.local/lib/python3.12/site-packages/airflow/example_dags/example_branch_operator.py
[2025-04-20T18:08:35.284+0000] {logging_mixin.py:190} INFO - [2025-04-20T18:08:35.284+0000] {dag.py:3239} INFO - Sync 1 DAGs
[2025-04-20T18:08:35.324+0000] {logging_mixin.py:190} INFO - [2025-04-20T18:08:35.324+0000] {dag.py:4180} INFO - Setting next_dagrun for example_branch_operator to 2025-04-19 00:00:00+00:00, run_after=2025-04-20 00:00:00+00:00
[2025-04-20T18:08:35.358+0000] {processor.py:208} INFO - Processing /home/airflow/.local/lib/python3.12/site-packages/airflow/example_dags/example_branch_operator.py took 0.182 seconds
[2025-04-20T18:09:05.908+0000] {processor.py:186} INFO - Started process (PID=609) to work on /home/airflow/.local/lib/python3.12/site-packages/airflow/example_dags/example_branch_operator.py
[2025-04-20T18:09:05.909+0000] {processor.py:914} INFO - Processing file /home/airflow/.local/lib/python3.12/site-packages/airflow/example_dags/example_branch_operator.py for tasks to queue
[2025-04-20T18:09:05.912+0000] {logging_mixin.py:190} INFO - [2025-04-20T18:09:05.912+0000] {dagbag.py:588} INFO - Filling up the DagBag from /home/airflow/.local/lib/python3.12/site-packages/airflow/example_dags/example_branch_operator.py
[2025-04-20T18:09:05.939+0000] {processor.py:925} INFO - DAG(s) 'example_branch_operator' retrieved from /home/airflow/.local/lib/python3.12/site-packages/airflow/example_dags/example_branch_operator.py
[2025-04-20T18:09:05.976+0000] {logging_mixin.py:190} INFO - [2025-04-20T18:09:05.976+0000] {dag.py:3239} INFO - Sync 1 DAGs
[2025-04-20T18:09:06.008+0000] {logging_mixin.py:190} INFO - [2025-04-20T18:09:06.008+0000] {dag.py:4180} INFO - Setting next_dagrun for example_branch_operator to 2025-04-19 00:00:00+00:00, run_after=2025-04-20 00:00:00+00:00
[2025-04-20T18:09:06.031+0000] {processor.py:208} INFO - Processing /home/airflow/.local/lib/python3.12/site-packages/airflow/example_dags/example_branch_operator.py took 0.131 seconds
