[2025-04-20T17:48:44.467+0000] {processor.py:186} INFO - Started process (PID=79) to work on /home/airflow/.local/lib/python3.12/site-packages/airflow/example_dags/example_skip_dag.py
[2025-04-20T17:48:44.469+0000] {processor.py:914} INFO - Processing file /home/airflow/.local/lib/python3.12/site-packages/airflow/example_dags/example_skip_dag.py for tasks to queue
[2025-04-20T17:48:44.472+0000] {logging_mixin.py:190} INFO - [2025-04-20T17:48:44.471+0000] {dagbag.py:588} INFO - Filling up the DagBag from /home/airflow/.local/lib/python3.12/site-packages/airflow/example_dags/example_skip_dag.py
[2025-04-20T17:48:44.485+0000] {processor.py:925} INFO - DAG(s) 'example_skip_dag' retrieved from /home/airflow/.local/lib/python3.12/site-packages/airflow/example_dags/example_skip_dag.py
[2025-04-20T17:48:44.669+0000] {logging_mixin.py:190} INFO - [2025-04-20T17:48:44.668+0000] {override.py:1912} INFO - Created Permission View: can read on DAG:example_skip_dag
[2025-04-20T17:48:44.695+0000] {logging_mixin.py:190} INFO - [2025-04-20T17:48:44.695+0000] {override.py:1912} INFO - Created Permission View: can edit on DAG:example_skip_dag
[2025-04-20T17:48:44.719+0000] {logging_mixin.py:190} INFO - [2025-04-20T17:48:44.718+0000] {override.py:1912} INFO - Created Permission View: can delete on DAG:example_skip_dag
[2025-04-20T17:48:44.754+0000] {logging_mixin.py:190} INFO - [2025-04-20T17:48:44.753+0000] {override.py:1912} INFO - Created Permission View: can read on DAG Run:example_skip_dag
[2025-04-20T17:48:44.777+0000] {logging_mixin.py:190} INFO - [2025-04-20T17:48:44.776+0000] {override.py:1912} INFO - Created Permission View: can create on DAG Run:example_skip_dag
[2025-04-20T17:48:44.800+0000] {logging_mixin.py:190} INFO - [2025-04-20T17:48:44.799+0000] {override.py:1912} INFO - Created Permission View: menu access on DAG Run:example_skip_dag
[2025-04-20T17:48:44.823+0000] {logging_mixin.py:190} INFO - [2025-04-20T17:48:44.823+0000] {override.py:1912} INFO - Created Permission View: can delete on DAG Run:example_skip_dag
[2025-04-20T17:48:44.824+0000] {logging_mixin.py:190} INFO - [2025-04-20T17:48:44.824+0000] {dag.py:3239} INFO - Sync 1 DAGs
[2025-04-20T17:48:44.846+0000] {logging_mixin.py:190} INFO - [2025-04-20T17:48:44.846+0000] {dag.py:3262} INFO - Creating ORM DAG for example_skip_dag
[2025-04-20T17:48:44.869+0000] {logging_mixin.py:190} INFO - [2025-04-20T17:48:44.869+0000] {dag.py:4180} INFO - Setting next_dagrun for example_skip_dag to 2025-04-19 00:00:00+00:00, run_after=2025-04-20 00:00:00+00:00
[2025-04-20T17:48:44.910+0000] {processor.py:208} INFO - Processing /home/airflow/.local/lib/python3.12/site-packages/airflow/example_dags/example_skip_dag.py took 0.451 seconds
[2025-04-20T17:49:15.735+0000] {processor.py:186} INFO - Started process (PID=141) to work on /home/airflow/.local/lib/python3.12/site-packages/airflow/example_dags/example_skip_dag.py
[2025-04-20T17:49:15.736+0000] {processor.py:914} INFO - Processing file /home/airflow/.local/lib/python3.12/site-packages/airflow/example_dags/example_skip_dag.py for tasks to queue
[2025-04-20T17:49:15.739+0000] {logging_mixin.py:190} INFO - [2025-04-20T17:49:15.739+0000] {dagbag.py:588} INFO - Filling up the DagBag from /home/airflow/.local/lib/python3.12/site-packages/airflow/example_dags/example_skip_dag.py
[2025-04-20T17:49:15.750+0000] {processor.py:925} INFO - DAG(s) 'example_skip_dag' retrieved from /home/airflow/.local/lib/python3.12/site-packages/airflow/example_dags/example_skip_dag.py
[2025-04-20T17:49:15.779+0000] {logging_mixin.py:190} INFO - [2025-04-20T17:49:15.779+0000] {dag.py:3239} INFO - Sync 1 DAGs
[2025-04-20T17:49:15.808+0000] {logging_mixin.py:190} INFO - [2025-04-20T17:49:15.808+0000] {dag.py:4180} INFO - Setting next_dagrun for example_skip_dag to 2025-04-19 00:00:00+00:00, run_after=2025-04-20 00:00:00+00:00
[2025-04-20T17:49:15.837+0000] {processor.py:208} INFO - Processing /home/airflow/.local/lib/python3.12/site-packages/airflow/example_dags/example_skip_dag.py took 0.113 seconds
[2025-04-20T17:49:45.944+0000] {processor.py:186} INFO - Started process (PID=204) to work on /home/airflow/.local/lib/python3.12/site-packages/airflow/example_dags/example_skip_dag.py
[2025-04-20T17:49:45.949+0000] {processor.py:914} INFO - Processing file /home/airflow/.local/lib/python3.12/site-packages/airflow/example_dags/example_skip_dag.py for tasks to queue
[2025-04-20T17:49:45.953+0000] {logging_mixin.py:190} INFO - [2025-04-20T17:49:45.952+0000] {dagbag.py:588} INFO - Filling up the DagBag from /home/airflow/.local/lib/python3.12/site-packages/airflow/example_dags/example_skip_dag.py
[2025-04-20T17:49:45.965+0000] {processor.py:925} INFO - DAG(s) 'example_skip_dag' retrieved from /home/airflow/.local/lib/python3.12/site-packages/airflow/example_dags/example_skip_dag.py
[2025-04-20T17:49:45.999+0000] {logging_mixin.py:190} INFO - [2025-04-20T17:49:45.998+0000] {dag.py:3239} INFO - Sync 1 DAGs
[2025-04-20T17:49:46.033+0000] {logging_mixin.py:190} INFO - [2025-04-20T17:49:46.033+0000] {dag.py:4180} INFO - Setting next_dagrun for example_skip_dag to 2025-04-19 00:00:00+00:00, run_after=2025-04-20 00:00:00+00:00
[2025-04-20T17:49:46.057+0000] {processor.py:208} INFO - Processing /home/airflow/.local/lib/python3.12/site-packages/airflow/example_dags/example_skip_dag.py took 0.123 seconds
[2025-04-20T17:50:16.809+0000] {processor.py:186} INFO - Started process (PID=267) to work on /home/airflow/.local/lib/python3.12/site-packages/airflow/example_dags/example_skip_dag.py
[2025-04-20T17:50:16.810+0000] {processor.py:914} INFO - Processing file /home/airflow/.local/lib/python3.12/site-packages/airflow/example_dags/example_skip_dag.py for tasks to queue
[2025-04-20T17:50:16.815+0000] {logging_mixin.py:190} INFO - [2025-04-20T17:50:16.814+0000] {dagbag.py:588} INFO - Filling up the DagBag from /home/airflow/.local/lib/python3.12/site-packages/airflow/example_dags/example_skip_dag.py
[2025-04-20T17:50:16.842+0000] {processor.py:925} INFO - DAG(s) 'example_skip_dag' retrieved from /home/airflow/.local/lib/python3.12/site-packages/airflow/example_dags/example_skip_dag.py
[2025-04-20T17:50:16.909+0000] {logging_mixin.py:190} INFO - [2025-04-20T17:50:16.909+0000] {dag.py:3239} INFO - Sync 1 DAGs
[2025-04-20T17:50:16.970+0000] {logging_mixin.py:190} INFO - [2025-04-20T17:50:16.970+0000] {dag.py:4180} INFO - Setting next_dagrun for example_skip_dag to 2025-04-19 00:00:00+00:00, run_after=2025-04-20 00:00:00+00:00
[2025-04-20T17:50:17.021+0000] {processor.py:208} INFO - Processing /home/airflow/.local/lib/python3.12/site-packages/airflow/example_dags/example_skip_dag.py took 0.229 seconds
[2025-04-20T17:50:47.973+0000] {processor.py:186} INFO - Started process (PID=330) to work on /home/airflow/.local/lib/python3.12/site-packages/airflow/example_dags/example_skip_dag.py
[2025-04-20T17:50:47.974+0000] {processor.py:914} INFO - Processing file /home/airflow/.local/lib/python3.12/site-packages/airflow/example_dags/example_skip_dag.py for tasks to queue
[2025-04-20T17:50:47.979+0000] {logging_mixin.py:190} INFO - [2025-04-20T17:50:47.978+0000] {dagbag.py:588} INFO - Filling up the DagBag from /home/airflow/.local/lib/python3.12/site-packages/airflow/example_dags/example_skip_dag.py
[2025-04-20T17:50:47.990+0000] {processor.py:925} INFO - DAG(s) 'example_skip_dag' retrieved from /home/airflow/.local/lib/python3.12/site-packages/airflow/example_dags/example_skip_dag.py
[2025-04-20T17:50:48.025+0000] {logging_mixin.py:190} INFO - [2025-04-20T17:50:48.025+0000] {dag.py:3239} INFO - Sync 1 DAGs
[2025-04-20T17:50:48.078+0000] {logging_mixin.py:190} INFO - [2025-04-20T17:50:48.078+0000] {dag.py:4180} INFO - Setting next_dagrun for example_skip_dag to 2025-04-19 00:00:00+00:00, run_after=2025-04-20 00:00:00+00:00
[2025-04-20T17:50:48.108+0000] {processor.py:208} INFO - Processing /home/airflow/.local/lib/python3.12/site-packages/airflow/example_dags/example_skip_dag.py took 0.147 seconds
[2025-04-20T17:51:18.591+0000] {processor.py:186} INFO - Started process (PID=393) to work on /home/airflow/.local/lib/python3.12/site-packages/airflow/example_dags/example_skip_dag.py
[2025-04-20T17:51:18.596+0000] {processor.py:914} INFO - Processing file /home/airflow/.local/lib/python3.12/site-packages/airflow/example_dags/example_skip_dag.py for tasks to queue
[2025-04-20T17:51:18.600+0000] {logging_mixin.py:190} INFO - [2025-04-20T17:51:18.599+0000] {dagbag.py:588} INFO - Filling up the DagBag from /home/airflow/.local/lib/python3.12/site-packages/airflow/example_dags/example_skip_dag.py
[2025-04-20T17:51:18.610+0000] {processor.py:925} INFO - DAG(s) 'example_skip_dag' retrieved from /home/airflow/.local/lib/python3.12/site-packages/airflow/example_dags/example_skip_dag.py
[2025-04-20T17:51:18.646+0000] {logging_mixin.py:190} INFO - [2025-04-20T17:51:18.646+0000] {dag.py:3239} INFO - Sync 1 DAGs
[2025-04-20T17:51:18.697+0000] {logging_mixin.py:190} INFO - [2025-04-20T17:51:18.697+0000] {dag.py:4180} INFO - Setting next_dagrun for example_skip_dag to 2025-04-19 00:00:00+00:00, run_after=2025-04-20 00:00:00+00:00
[2025-04-20T17:51:18.732+0000] {processor.py:208} INFO - Processing /home/airflow/.local/lib/python3.12/site-packages/airflow/example_dags/example_skip_dag.py took 0.150 seconds
[2025-04-20T17:51:49.562+0000] {processor.py:186} INFO - Started process (PID=456) to work on /home/airflow/.local/lib/python3.12/site-packages/airflow/example_dags/example_skip_dag.py
[2025-04-20T17:51:49.564+0000] {processor.py:914} INFO - Processing file /home/airflow/.local/lib/python3.12/site-packages/airflow/example_dags/example_skip_dag.py for tasks to queue
[2025-04-20T17:51:49.567+0000] {logging_mixin.py:190} INFO - [2025-04-20T17:51:49.567+0000] {dagbag.py:588} INFO - Filling up the DagBag from /home/airflow/.local/lib/python3.12/site-packages/airflow/example_dags/example_skip_dag.py
[2025-04-20T17:51:49.578+0000] {processor.py:925} INFO - DAG(s) 'example_skip_dag' retrieved from /home/airflow/.local/lib/python3.12/site-packages/airflow/example_dags/example_skip_dag.py
[2025-04-20T17:51:49.609+0000] {logging_mixin.py:190} INFO - [2025-04-20T17:51:49.609+0000] {dag.py:3239} INFO - Sync 1 DAGs
[2025-04-20T17:51:49.640+0000] {logging_mixin.py:190} INFO - [2025-04-20T17:51:49.639+0000] {dag.py:4180} INFO - Setting next_dagrun for example_skip_dag to 2025-04-19 00:00:00+00:00, run_after=2025-04-20 00:00:00+00:00
[2025-04-20T17:51:49.665+0000] {processor.py:208} INFO - Processing /home/airflow/.local/lib/python3.12/site-packages/airflow/example_dags/example_skip_dag.py took 0.110 seconds
[2025-04-20T17:52:20.079+0000] {processor.py:186} INFO - Started process (PID=518) to work on /home/airflow/.local/lib/python3.12/site-packages/airflow/example_dags/example_skip_dag.py
[2025-04-20T17:52:20.082+0000] {processor.py:914} INFO - Processing file /home/airflow/.local/lib/python3.12/site-packages/airflow/example_dags/example_skip_dag.py for tasks to queue
[2025-04-20T17:52:20.087+0000] {logging_mixin.py:190} INFO - [2025-04-20T17:52:20.086+0000] {dagbag.py:588} INFO - Filling up the DagBag from /home/airflow/.local/lib/python3.12/site-packages/airflow/example_dags/example_skip_dag.py
[2025-04-20T17:52:20.102+0000] {processor.py:925} INFO - DAG(s) 'example_skip_dag' retrieved from /home/airflow/.local/lib/python3.12/site-packages/airflow/example_dags/example_skip_dag.py
[2025-04-20T17:52:20.145+0000] {logging_mixin.py:190} INFO - [2025-04-20T17:52:20.145+0000] {dag.py:3239} INFO - Sync 1 DAGs
[2025-04-20T17:52:20.193+0000] {logging_mixin.py:190} INFO - [2025-04-20T17:52:20.193+0000] {dag.py:4180} INFO - Setting next_dagrun for example_skip_dag to 2025-04-19 00:00:00+00:00, run_after=2025-04-20 00:00:00+00:00
[2025-04-20T17:52:20.227+0000] {processor.py:208} INFO - Processing /home/airflow/.local/lib/python3.12/site-packages/airflow/example_dags/example_skip_dag.py took 0.159 seconds
[2025-04-20T17:52:50.421+0000] {processor.py:186} INFO - Started process (PID=581) to work on /home/airflow/.local/lib/python3.12/site-packages/airflow/example_dags/example_skip_dag.py
[2025-04-20T17:52:50.423+0000] {processor.py:914} INFO - Processing file /home/airflow/.local/lib/python3.12/site-packages/airflow/example_dags/example_skip_dag.py for tasks to queue
[2025-04-20T17:52:50.427+0000] {logging_mixin.py:190} INFO - [2025-04-20T17:52:50.426+0000] {dagbag.py:588} INFO - Filling up the DagBag from /home/airflow/.local/lib/python3.12/site-packages/airflow/example_dags/example_skip_dag.py
[2025-04-20T17:52:50.443+0000] {processor.py:925} INFO - DAG(s) 'example_skip_dag' retrieved from /home/airflow/.local/lib/python3.12/site-packages/airflow/example_dags/example_skip_dag.py
[2025-04-20T17:52:50.484+0000] {logging_mixin.py:190} INFO - [2025-04-20T17:52:50.483+0000] {dag.py:3239} INFO - Sync 1 DAGs
[2025-04-20T17:52:50.532+0000] {logging_mixin.py:190} INFO - [2025-04-20T17:52:50.532+0000] {dag.py:4180} INFO - Setting next_dagrun for example_skip_dag to 2025-04-19 00:00:00+00:00, run_after=2025-04-20 00:00:00+00:00
[2025-04-20T17:52:50.559+0000] {processor.py:208} INFO - Processing /home/airflow/.local/lib/python3.12/site-packages/airflow/example_dags/example_skip_dag.py took 0.147 seconds
[2025-04-20T17:53:20.649+0000] {processor.py:186} INFO - Started process (PID=644) to work on /home/airflow/.local/lib/python3.12/site-packages/airflow/example_dags/example_skip_dag.py
[2025-04-20T17:53:20.650+0000] {processor.py:914} INFO - Processing file /home/airflow/.local/lib/python3.12/site-packages/airflow/example_dags/example_skip_dag.py for tasks to queue
[2025-04-20T17:53:20.654+0000] {logging_mixin.py:190} INFO - [2025-04-20T17:53:20.653+0000] {dagbag.py:588} INFO - Filling up the DagBag from /home/airflow/.local/lib/python3.12/site-packages/airflow/example_dags/example_skip_dag.py
[2025-04-20T17:53:20.663+0000] {processor.py:925} INFO - DAG(s) 'example_skip_dag' retrieved from /home/airflow/.local/lib/python3.12/site-packages/airflow/example_dags/example_skip_dag.py
[2025-04-20T17:53:20.689+0000] {logging_mixin.py:190} INFO - [2025-04-20T17:53:20.689+0000] {dag.py:3239} INFO - Sync 1 DAGs
[2025-04-20T17:53:20.718+0000] {logging_mixin.py:190} INFO - [2025-04-20T17:53:20.718+0000] {dag.py:4180} INFO - Setting next_dagrun for example_skip_dag to 2025-04-19 00:00:00+00:00, run_after=2025-04-20 00:00:00+00:00
[2025-04-20T17:53:20.741+0000] {processor.py:208} INFO - Processing /home/airflow/.local/lib/python3.12/site-packages/airflow/example_dags/example_skip_dag.py took 0.099 seconds
[2025-04-20T17:53:51.507+0000] {processor.py:186} INFO - Started process (PID=707) to work on /home/airflow/.local/lib/python3.12/site-packages/airflow/example_dags/example_skip_dag.py
[2025-04-20T17:53:51.508+0000] {processor.py:914} INFO - Processing file /home/airflow/.local/lib/python3.12/site-packages/airflow/example_dags/example_skip_dag.py for tasks to queue
[2025-04-20T17:53:51.511+0000] {logging_mixin.py:190} INFO - [2025-04-20T17:53:51.511+0000] {dagbag.py:588} INFO - Filling up the DagBag from /home/airflow/.local/lib/python3.12/site-packages/airflow/example_dags/example_skip_dag.py
[2025-04-20T17:53:51.521+0000] {processor.py:925} INFO - DAG(s) 'example_skip_dag' retrieved from /home/airflow/.local/lib/python3.12/site-packages/airflow/example_dags/example_skip_dag.py
[2025-04-20T17:53:51.548+0000] {logging_mixin.py:190} INFO - [2025-04-20T17:53:51.548+0000] {dag.py:3239} INFO - Sync 1 DAGs
[2025-04-20T17:53:51.580+0000] {logging_mixin.py:190} INFO - [2025-04-20T17:53:51.580+0000] {dag.py:4180} INFO - Setting next_dagrun for example_skip_dag to 2025-04-19 00:00:00+00:00, run_after=2025-04-20 00:00:00+00:00
[2025-04-20T17:53:51.604+0000] {processor.py:208} INFO - Processing /home/airflow/.local/lib/python3.12/site-packages/airflow/example_dags/example_skip_dag.py took 0.104 seconds
[2025-04-20T17:54:21.760+0000] {processor.py:186} INFO - Started process (PID=770) to work on /home/airflow/.local/lib/python3.12/site-packages/airflow/example_dags/example_skip_dag.py
[2025-04-20T17:54:21.762+0000] {processor.py:914} INFO - Processing file /home/airflow/.local/lib/python3.12/site-packages/airflow/example_dags/example_skip_dag.py for tasks to queue
[2025-04-20T17:54:21.764+0000] {logging_mixin.py:190} INFO - [2025-04-20T17:54:21.764+0000] {dagbag.py:588} INFO - Filling up the DagBag from /home/airflow/.local/lib/python3.12/site-packages/airflow/example_dags/example_skip_dag.py
[2025-04-20T17:54:21.775+0000] {processor.py:925} INFO - DAG(s) 'example_skip_dag' retrieved from /home/airflow/.local/lib/python3.12/site-packages/airflow/example_dags/example_skip_dag.py
[2025-04-20T17:54:21.805+0000] {logging_mixin.py:190} INFO - [2025-04-20T17:54:21.804+0000] {dag.py:3239} INFO - Sync 1 DAGs
[2025-04-20T17:54:21.839+0000] {logging_mixin.py:190} INFO - [2025-04-20T17:54:21.839+0000] {dag.py:4180} INFO - Setting next_dagrun for example_skip_dag to 2025-04-19 00:00:00+00:00, run_after=2025-04-20 00:00:00+00:00
[2025-04-20T17:54:21.863+0000] {processor.py:208} INFO - Processing /home/airflow/.local/lib/python3.12/site-packages/airflow/example_dags/example_skip_dag.py took 0.111 seconds
[2025-04-20T17:54:51.998+0000] {processor.py:186} INFO - Started process (PID=833) to work on /home/airflow/.local/lib/python3.12/site-packages/airflow/example_dags/example_skip_dag.py
[2025-04-20T17:54:52.000+0000] {processor.py:914} INFO - Processing file /home/airflow/.local/lib/python3.12/site-packages/airflow/example_dags/example_skip_dag.py for tasks to queue
[2025-04-20T17:54:52.003+0000] {logging_mixin.py:190} INFO - [2025-04-20T17:54:52.003+0000] {dagbag.py:588} INFO - Filling up the DagBag from /home/airflow/.local/lib/python3.12/site-packages/airflow/example_dags/example_skip_dag.py
[2025-04-20T17:54:52.016+0000] {processor.py:925} INFO - DAG(s) 'example_skip_dag' retrieved from /home/airflow/.local/lib/python3.12/site-packages/airflow/example_dags/example_skip_dag.py
[2025-04-20T17:54:52.051+0000] {logging_mixin.py:190} INFO - [2025-04-20T17:54:52.050+0000] {dag.py:3239} INFO - Sync 1 DAGs
[2025-04-20T17:54:52.099+0000] {logging_mixin.py:190} INFO - [2025-04-20T17:54:52.098+0000] {dag.py:4180} INFO - Setting next_dagrun for example_skip_dag to 2025-04-19 00:00:00+00:00, run_after=2025-04-20 00:00:00+00:00
[2025-04-20T17:54:52.135+0000] {processor.py:208} INFO - Processing /home/airflow/.local/lib/python3.12/site-packages/airflow/example_dags/example_skip_dag.py took 0.146 seconds
[2025-04-20T17:55:22.632+0000] {processor.py:186} INFO - Started process (PID=896) to work on /home/airflow/.local/lib/python3.12/site-packages/airflow/example_dags/example_skip_dag.py
[2025-04-20T17:55:22.633+0000] {processor.py:914} INFO - Processing file /home/airflow/.local/lib/python3.12/site-packages/airflow/example_dags/example_skip_dag.py for tasks to queue
[2025-04-20T17:55:22.638+0000] {logging_mixin.py:190} INFO - [2025-04-20T17:55:22.637+0000] {dagbag.py:588} INFO - Filling up the DagBag from /home/airflow/.local/lib/python3.12/site-packages/airflow/example_dags/example_skip_dag.py
[2025-04-20T17:55:22.648+0000] {processor.py:925} INFO - DAG(s) 'example_skip_dag' retrieved from /home/airflow/.local/lib/python3.12/site-packages/airflow/example_dags/example_skip_dag.py
[2025-04-20T17:55:22.679+0000] {logging_mixin.py:190} INFO - [2025-04-20T17:55:22.678+0000] {dag.py:3239} INFO - Sync 1 DAGs
[2025-04-20T17:55:22.711+0000] {logging_mixin.py:190} INFO - [2025-04-20T17:55:22.711+0000] {dag.py:4180} INFO - Setting next_dagrun for example_skip_dag to 2025-04-19 00:00:00+00:00, run_after=2025-04-20 00:00:00+00:00
[2025-04-20T17:55:22.738+0000] {processor.py:208} INFO - Processing /home/airflow/.local/lib/python3.12/site-packages/airflow/example_dags/example_skip_dag.py took 0.117 seconds
[2025-04-20T17:55:53.000+0000] {processor.py:186} INFO - Started process (PID=959) to work on /home/airflow/.local/lib/python3.12/site-packages/airflow/example_dags/example_skip_dag.py
[2025-04-20T17:55:53.001+0000] {processor.py:914} INFO - Processing file /home/airflow/.local/lib/python3.12/site-packages/airflow/example_dags/example_skip_dag.py for tasks to queue
[2025-04-20T17:55:53.006+0000] {logging_mixin.py:190} INFO - [2025-04-20T17:55:53.005+0000] {dagbag.py:588} INFO - Filling up the DagBag from /home/airflow/.local/lib/python3.12/site-packages/airflow/example_dags/example_skip_dag.py
[2025-04-20T17:55:53.015+0000] {processor.py:925} INFO - DAG(s) 'example_skip_dag' retrieved from /home/airflow/.local/lib/python3.12/site-packages/airflow/example_dags/example_skip_dag.py
[2025-04-20T17:55:53.039+0000] {logging_mixin.py:190} INFO - [2025-04-20T17:55:53.038+0000] {dag.py:3239} INFO - Sync 1 DAGs
[2025-04-20T17:55:53.076+0000] {logging_mixin.py:190} INFO - [2025-04-20T17:55:53.075+0000] {dag.py:4180} INFO - Setting next_dagrun for example_skip_dag to 2025-04-19 00:00:00+00:00, run_after=2025-04-20 00:00:00+00:00
[2025-04-20T17:55:53.114+0000] {processor.py:208} INFO - Processing /home/airflow/.local/lib/python3.12/site-packages/airflow/example_dags/example_skip_dag.py took 0.121 seconds
[2025-04-20T17:56:23.781+0000] {processor.py:186} INFO - Started process (PID=1022) to work on /home/airflow/.local/lib/python3.12/site-packages/airflow/example_dags/example_skip_dag.py
[2025-04-20T17:56:23.783+0000] {processor.py:914} INFO - Processing file /home/airflow/.local/lib/python3.12/site-packages/airflow/example_dags/example_skip_dag.py for tasks to queue
[2025-04-20T17:56:23.786+0000] {logging_mixin.py:190} INFO - [2025-04-20T17:56:23.786+0000] {dagbag.py:588} INFO - Filling up the DagBag from /home/airflow/.local/lib/python3.12/site-packages/airflow/example_dags/example_skip_dag.py
[2025-04-20T17:56:23.797+0000] {processor.py:925} INFO - DAG(s) 'example_skip_dag' retrieved from /home/airflow/.local/lib/python3.12/site-packages/airflow/example_dags/example_skip_dag.py
[2025-04-20T17:56:23.826+0000] {logging_mixin.py:190} INFO - [2025-04-20T17:56:23.826+0000] {dag.py:3239} INFO - Sync 1 DAGs
[2025-04-20T17:56:23.859+0000] {logging_mixin.py:190} INFO - [2025-04-20T17:56:23.858+0000] {dag.py:4180} INFO - Setting next_dagrun for example_skip_dag to 2025-04-19 00:00:00+00:00, run_after=2025-04-20 00:00:00+00:00
[2025-04-20T17:56:23.889+0000] {processor.py:208} INFO - Processing /home/airflow/.local/lib/python3.12/site-packages/airflow/example_dags/example_skip_dag.py took 0.115 seconds
[2025-04-20T17:56:54.760+0000] {processor.py:186} INFO - Started process (PID=1085) to work on /home/airflow/.local/lib/python3.12/site-packages/airflow/example_dags/example_skip_dag.py
[2025-04-20T17:56:54.761+0000] {processor.py:914} INFO - Processing file /home/airflow/.local/lib/python3.12/site-packages/airflow/example_dags/example_skip_dag.py for tasks to queue
[2025-04-20T17:56:54.764+0000] {logging_mixin.py:190} INFO - [2025-04-20T17:56:54.764+0000] {dagbag.py:588} INFO - Filling up the DagBag from /home/airflow/.local/lib/python3.12/site-packages/airflow/example_dags/example_skip_dag.py
[2025-04-20T17:56:54.775+0000] {processor.py:925} INFO - DAG(s) 'example_skip_dag' retrieved from /home/airflow/.local/lib/python3.12/site-packages/airflow/example_dags/example_skip_dag.py
[2025-04-20T17:56:54.803+0000] {logging_mixin.py:190} INFO - [2025-04-20T17:56:54.803+0000] {dag.py:3239} INFO - Sync 1 DAGs
[2025-04-20T17:56:54.831+0000] {logging_mixin.py:190} INFO - [2025-04-20T17:56:54.831+0000] {dag.py:4180} INFO - Setting next_dagrun for example_skip_dag to 2025-04-19 00:00:00+00:00, run_after=2025-04-20 00:00:00+00:00
[2025-04-20T17:56:54.853+0000] {processor.py:208} INFO - Processing /home/airflow/.local/lib/python3.12/site-packages/airflow/example_dags/example_skip_dag.py took 0.100 seconds
[2025-04-20T17:57:25.206+0000] {processor.py:186} INFO - Started process (PID=1148) to work on /home/airflow/.local/lib/python3.12/site-packages/airflow/example_dags/example_skip_dag.py
[2025-04-20T17:57:25.208+0000] {processor.py:914} INFO - Processing file /home/airflow/.local/lib/python3.12/site-packages/airflow/example_dags/example_skip_dag.py for tasks to queue
[2025-04-20T17:57:25.213+0000] {logging_mixin.py:190} INFO - [2025-04-20T17:57:25.212+0000] {dagbag.py:588} INFO - Filling up the DagBag from /home/airflow/.local/lib/python3.12/site-packages/airflow/example_dags/example_skip_dag.py
[2025-04-20T17:57:25.231+0000] {processor.py:925} INFO - DAG(s) 'example_skip_dag' retrieved from /home/airflow/.local/lib/python3.12/site-packages/airflow/example_dags/example_skip_dag.py
[2025-04-20T17:57:25.278+0000] {logging_mixin.py:190} INFO - [2025-04-20T17:57:25.278+0000] {dag.py:3239} INFO - Sync 1 DAGs
[2025-04-20T17:57:25.345+0000] {logging_mixin.py:190} INFO - [2025-04-20T17:57:25.345+0000] {dag.py:4180} INFO - Setting next_dagrun for example_skip_dag to 2025-04-19 00:00:00+00:00, run_after=2025-04-20 00:00:00+00:00
[2025-04-20T17:57:25.397+0000] {processor.py:208} INFO - Processing /home/airflow/.local/lib/python3.12/site-packages/airflow/example_dags/example_skip_dag.py took 0.205 seconds
[2025-04-20T17:57:56.376+0000] {processor.py:186} INFO - Started process (PID=1211) to work on /home/airflow/.local/lib/python3.12/site-packages/airflow/example_dags/example_skip_dag.py
[2025-04-20T17:57:56.377+0000] {processor.py:914} INFO - Processing file /home/airflow/.local/lib/python3.12/site-packages/airflow/example_dags/example_skip_dag.py for tasks to queue
[2025-04-20T17:57:56.381+0000] {logging_mixin.py:190} INFO - [2025-04-20T17:57:56.381+0000] {dagbag.py:588} INFO - Filling up the DagBag from /home/airflow/.local/lib/python3.12/site-packages/airflow/example_dags/example_skip_dag.py
[2025-04-20T17:57:56.394+0000] {processor.py:925} INFO - DAG(s) 'example_skip_dag' retrieved from /home/airflow/.local/lib/python3.12/site-packages/airflow/example_dags/example_skip_dag.py
[2025-04-20T17:57:56.425+0000] {logging_mixin.py:190} INFO - [2025-04-20T17:57:56.424+0000] {dag.py:3239} INFO - Sync 1 DAGs
[2025-04-20T17:57:56.458+0000] {logging_mixin.py:190} INFO - [2025-04-20T17:57:56.457+0000] {dag.py:4180} INFO - Setting next_dagrun for example_skip_dag to 2025-04-19 00:00:00+00:00, run_after=2025-04-20 00:00:00+00:00
[2025-04-20T17:57:56.483+0000] {processor.py:208} INFO - Processing /home/airflow/.local/lib/python3.12/site-packages/airflow/example_dags/example_skip_dag.py took 0.117 seconds
[2025-04-20T17:58:27.411+0000] {processor.py:186} INFO - Started process (PID=1274) to work on /home/airflow/.local/lib/python3.12/site-packages/airflow/example_dags/example_skip_dag.py
[2025-04-20T17:58:27.413+0000] {processor.py:914} INFO - Processing file /home/airflow/.local/lib/python3.12/site-packages/airflow/example_dags/example_skip_dag.py for tasks to queue
[2025-04-20T17:58:27.416+0000] {logging_mixin.py:190} INFO - [2025-04-20T17:58:27.416+0000] {dagbag.py:588} INFO - Filling up the DagBag from /home/airflow/.local/lib/python3.12/site-packages/airflow/example_dags/example_skip_dag.py
[2025-04-20T17:58:27.430+0000] {processor.py:925} INFO - DAG(s) 'example_skip_dag' retrieved from /home/airflow/.local/lib/python3.12/site-packages/airflow/example_dags/example_skip_dag.py
[2025-04-20T17:58:27.457+0000] {logging_mixin.py:190} INFO - [2025-04-20T17:58:27.457+0000] {dag.py:3239} INFO - Sync 1 DAGs
[2025-04-20T17:58:27.486+0000] {logging_mixin.py:190} INFO - [2025-04-20T17:58:27.486+0000] {dag.py:4180} INFO - Setting next_dagrun for example_skip_dag to 2025-04-19 00:00:00+00:00, run_after=2025-04-20 00:00:00+00:00
[2025-04-20T17:58:27.513+0000] {processor.py:208} INFO - Processing /home/airflow/.local/lib/python3.12/site-packages/airflow/example_dags/example_skip_dag.py took 0.109 seconds
[2025-04-20T18:04:47.713+0000] {processor.py:186} INFO - Started process (PID=82) to work on /home/airflow/.local/lib/python3.12/site-packages/airflow/example_dags/example_skip_dag.py
[2025-04-20T18:04:47.714+0000] {processor.py:914} INFO - Processing file /home/airflow/.local/lib/python3.12/site-packages/airflow/example_dags/example_skip_dag.py for tasks to queue
[2025-04-20T18:04:47.718+0000] {logging_mixin.py:190} INFO - [2025-04-20T18:04:47.717+0000] {dagbag.py:588} INFO - Filling up the DagBag from /home/airflow/.local/lib/python3.12/site-packages/airflow/example_dags/example_skip_dag.py
[2025-04-20T18:04:47.733+0000] {processor.py:925} INFO - DAG(s) 'example_skip_dag' retrieved from /home/airflow/.local/lib/python3.12/site-packages/airflow/example_dags/example_skip_dag.py
[2025-04-20T18:04:47.923+0000] {logging_mixin.py:190} INFO - [2025-04-20T18:04:47.922+0000] {override.py:1912} INFO - Created Permission View: can read on DAG:example_skip_dag
[2025-04-20T18:04:47.940+0000] {logging_mixin.py:190} INFO - [2025-04-20T18:04:47.940+0000] {override.py:1912} INFO - Created Permission View: can edit on DAG:example_skip_dag
[2025-04-20T18:04:47.949+0000] {logging_mixin.py:190} INFO - [2025-04-20T18:04:47.949+0000] {override.py:1912} INFO - Created Permission View: can delete on DAG:example_skip_dag
[2025-04-20T18:04:47.963+0000] {logging_mixin.py:190} INFO - [2025-04-20T18:04:47.962+0000] {override.py:1912} INFO - Created Permission View: menu access on DAG Run:example_skip_dag
[2025-04-20T18:04:47.973+0000] {logging_mixin.py:190} INFO - [2025-04-20T18:04:47.972+0000] {override.py:1912} INFO - Created Permission View: can read on DAG Run:example_skip_dag
[2025-04-20T18:04:47.982+0000] {logging_mixin.py:190} INFO - [2025-04-20T18:04:47.981+0000] {override.py:1912} INFO - Created Permission View: can create on DAG Run:example_skip_dag
[2025-04-20T18:04:47.991+0000] {logging_mixin.py:190} INFO - [2025-04-20T18:04:47.990+0000] {override.py:1912} INFO - Created Permission View: can delete on DAG Run:example_skip_dag
[2025-04-20T18:04:47.992+0000] {logging_mixin.py:190} INFO - [2025-04-20T18:04:47.991+0000] {dag.py:3239} INFO - Sync 1 DAGs
[2025-04-20T18:04:48.012+0000] {logging_mixin.py:190} INFO - [2025-04-20T18:04:48.011+0000] {dag.py:3262} INFO - Creating ORM DAG for example_skip_dag
[2025-04-20T18:04:48.028+0000] {logging_mixin.py:190} INFO - [2025-04-20T18:04:48.027+0000] {dag.py:4180} INFO - Setting next_dagrun for example_skip_dag to 2025-04-19 00:00:00+00:00, run_after=2025-04-20 00:00:00+00:00
[2025-04-20T18:04:48.050+0000] {processor.py:208} INFO - Processing /home/airflow/.local/lib/python3.12/site-packages/airflow/example_dags/example_skip_dag.py took 0.346 seconds
[2025-04-20T18:05:18.384+0000] {processor.py:186} INFO - Started process (PID=144) to work on /home/airflow/.local/lib/python3.12/site-packages/airflow/example_dags/example_skip_dag.py
[2025-04-20T18:05:18.385+0000] {processor.py:914} INFO - Processing file /home/airflow/.local/lib/python3.12/site-packages/airflow/example_dags/example_skip_dag.py for tasks to queue
[2025-04-20T18:05:18.387+0000] {logging_mixin.py:190} INFO - [2025-04-20T18:05:18.387+0000] {dagbag.py:588} INFO - Filling up the DagBag from /home/airflow/.local/lib/python3.12/site-packages/airflow/example_dags/example_skip_dag.py
[2025-04-20T18:05:18.398+0000] {processor.py:925} INFO - DAG(s) 'example_skip_dag' retrieved from /home/airflow/.local/lib/python3.12/site-packages/airflow/example_dags/example_skip_dag.py
[2025-04-20T18:05:18.423+0000] {logging_mixin.py:190} INFO - [2025-04-20T18:05:18.423+0000] {dag.py:3239} INFO - Sync 1 DAGs
[2025-04-20T18:05:18.448+0000] {logging_mixin.py:190} INFO - [2025-04-20T18:05:18.448+0000] {dag.py:4180} INFO - Setting next_dagrun for example_skip_dag to 2025-04-19 00:00:00+00:00, run_after=2025-04-20 00:00:00+00:00
[2025-04-20T18:05:18.471+0000] {processor.py:208} INFO - Processing /home/airflow/.local/lib/python3.12/site-packages/airflow/example_dags/example_skip_dag.py took 0.094 seconds
[2025-04-20T18:05:49.425+0000] {processor.py:186} INFO - Started process (PID=207) to work on /home/airflow/.local/lib/python3.12/site-packages/airflow/example_dags/example_skip_dag.py
[2025-04-20T18:05:49.427+0000] {processor.py:914} INFO - Processing file /home/airflow/.local/lib/python3.12/site-packages/airflow/example_dags/example_skip_dag.py for tasks to queue
[2025-04-20T18:05:49.430+0000] {logging_mixin.py:190} INFO - [2025-04-20T18:05:49.430+0000] {dagbag.py:588} INFO - Filling up the DagBag from /home/airflow/.local/lib/python3.12/site-packages/airflow/example_dags/example_skip_dag.py
[2025-04-20T18:05:49.440+0000] {processor.py:925} INFO - DAG(s) 'example_skip_dag' retrieved from /home/airflow/.local/lib/python3.12/site-packages/airflow/example_dags/example_skip_dag.py
[2025-04-20T18:05:49.472+0000] {logging_mixin.py:190} INFO - [2025-04-20T18:05:49.472+0000] {dag.py:3239} INFO - Sync 1 DAGs
[2025-04-20T18:05:49.506+0000] {logging_mixin.py:190} INFO - [2025-04-20T18:05:49.506+0000] {dag.py:4180} INFO - Setting next_dagrun for example_skip_dag to 2025-04-19 00:00:00+00:00, run_after=2025-04-20 00:00:00+00:00
[2025-04-20T18:05:49.532+0000] {processor.py:208} INFO - Processing /home/airflow/.local/lib/python3.12/site-packages/airflow/example_dags/example_skip_dag.py took 0.114 seconds
[2025-04-20T18:06:19.744+0000] {processor.py:186} INFO - Started process (PID=270) to work on /home/airflow/.local/lib/python3.12/site-packages/airflow/example_dags/example_skip_dag.py
[2025-04-20T18:06:19.747+0000] {processor.py:914} INFO - Processing file /home/airflow/.local/lib/python3.12/site-packages/airflow/example_dags/example_skip_dag.py for tasks to queue
[2025-04-20T18:06:19.755+0000] {logging_mixin.py:190} INFO - [2025-04-20T18:06:19.754+0000] {dagbag.py:588} INFO - Filling up the DagBag from /home/airflow/.local/lib/python3.12/site-packages/airflow/example_dags/example_skip_dag.py
[2025-04-20T18:06:19.775+0000] {processor.py:925} INFO - DAG(s) 'example_skip_dag' retrieved from /home/airflow/.local/lib/python3.12/site-packages/airflow/example_dags/example_skip_dag.py
[2025-04-20T18:06:19.819+0000] {logging_mixin.py:190} INFO - [2025-04-20T18:06:19.818+0000] {dag.py:3239} INFO - Sync 1 DAGs
[2025-04-20T18:06:19.856+0000] {logging_mixin.py:190} INFO - [2025-04-20T18:06:19.855+0000] {dag.py:4180} INFO - Setting next_dagrun for example_skip_dag to 2025-04-19 00:00:00+00:00, run_after=2025-04-20 00:00:00+00:00
[2025-04-20T18:06:19.882+0000] {processor.py:208} INFO - Processing /home/airflow/.local/lib/python3.12/site-packages/airflow/example_dags/example_skip_dag.py took 0.149 seconds
[2025-04-20T18:06:50.458+0000] {processor.py:186} INFO - Started process (PID=333) to work on /home/airflow/.local/lib/python3.12/site-packages/airflow/example_dags/example_skip_dag.py
[2025-04-20T18:06:50.460+0000] {processor.py:914} INFO - Processing file /home/airflow/.local/lib/python3.12/site-packages/airflow/example_dags/example_skip_dag.py for tasks to queue
[2025-04-20T18:06:50.463+0000] {logging_mixin.py:190} INFO - [2025-04-20T18:06:50.463+0000] {dagbag.py:588} INFO - Filling up the DagBag from /home/airflow/.local/lib/python3.12/site-packages/airflow/example_dags/example_skip_dag.py
[2025-04-20T18:06:50.473+0000] {processor.py:925} INFO - DAG(s) 'example_skip_dag' retrieved from /home/airflow/.local/lib/python3.12/site-packages/airflow/example_dags/example_skip_dag.py
[2025-04-20T18:06:50.501+0000] {logging_mixin.py:190} INFO - [2025-04-20T18:06:50.501+0000] {dag.py:3239} INFO - Sync 1 DAGs
[2025-04-20T18:06:50.530+0000] {logging_mixin.py:190} INFO - [2025-04-20T18:06:50.530+0000] {dag.py:4180} INFO - Setting next_dagrun for example_skip_dag to 2025-04-19 00:00:00+00:00, run_after=2025-04-20 00:00:00+00:00
[2025-04-20T18:06:50.559+0000] {processor.py:208} INFO - Processing /home/airflow/.local/lib/python3.12/site-packages/airflow/example_dags/example_skip_dag.py took 0.108 seconds
[2025-04-20T18:07:20.935+0000] {processor.py:186} INFO - Started process (PID=396) to work on /home/airflow/.local/lib/python3.12/site-packages/airflow/example_dags/example_skip_dag.py
[2025-04-20T18:07:20.936+0000] {processor.py:914} INFO - Processing file /home/airflow/.local/lib/python3.12/site-packages/airflow/example_dags/example_skip_dag.py for tasks to queue
[2025-04-20T18:07:20.941+0000] {logging_mixin.py:190} INFO - [2025-04-20T18:07:20.941+0000] {dagbag.py:588} INFO - Filling up the DagBag from /home/airflow/.local/lib/python3.12/site-packages/airflow/example_dags/example_skip_dag.py
[2025-04-20T18:07:20.962+0000] {processor.py:925} INFO - DAG(s) 'example_skip_dag' retrieved from /home/airflow/.local/lib/python3.12/site-packages/airflow/example_dags/example_skip_dag.py
[2025-04-20T18:07:21.004+0000] {logging_mixin.py:190} INFO - [2025-04-20T18:07:21.003+0000] {dag.py:3239} INFO - Sync 1 DAGs
[2025-04-20T18:07:21.056+0000] {logging_mixin.py:190} INFO - [2025-04-20T18:07:21.055+0000] {dag.py:4180} INFO - Setting next_dagrun for example_skip_dag to 2025-04-19 00:00:00+00:00, run_after=2025-04-20 00:00:00+00:00
[2025-04-20T18:07:21.115+0000] {processor.py:208} INFO - Processing /home/airflow/.local/lib/python3.12/site-packages/airflow/example_dags/example_skip_dag.py took 0.197 seconds
[2025-04-20T18:07:51.413+0000] {processor.py:186} INFO - Started process (PID=459) to work on /home/airflow/.local/lib/python3.12/site-packages/airflow/example_dags/example_skip_dag.py
[2025-04-20T18:07:51.415+0000] {processor.py:914} INFO - Processing file /home/airflow/.local/lib/python3.12/site-packages/airflow/example_dags/example_skip_dag.py for tasks to queue
[2025-04-20T18:07:51.418+0000] {logging_mixin.py:190} INFO - [2025-04-20T18:07:51.418+0000] {dagbag.py:588} INFO - Filling up the DagBag from /home/airflow/.local/lib/python3.12/site-packages/airflow/example_dags/example_skip_dag.py
[2025-04-20T18:07:51.431+0000] {processor.py:925} INFO - DAG(s) 'example_skip_dag' retrieved from /home/airflow/.local/lib/python3.12/site-packages/airflow/example_dags/example_skip_dag.py
[2025-04-20T18:07:51.463+0000] {logging_mixin.py:190} INFO - [2025-04-20T18:07:51.462+0000] {dag.py:3239} INFO - Sync 1 DAGs
[2025-04-20T18:07:51.495+0000] {logging_mixin.py:190} INFO - [2025-04-20T18:07:51.494+0000] {dag.py:4180} INFO - Setting next_dagrun for example_skip_dag to 2025-04-19 00:00:00+00:00, run_after=2025-04-20 00:00:00+00:00
[2025-04-20T18:07:51.520+0000] {processor.py:208} INFO - Processing /home/airflow/.local/lib/python3.12/site-packages/airflow/example_dags/example_skip_dag.py took 0.117 seconds
[2025-04-20T18:08:22.008+0000] {processor.py:186} INFO - Started process (PID=522) to work on /home/airflow/.local/lib/python3.12/site-packages/airflow/example_dags/example_skip_dag.py
[2025-04-20T18:08:22.010+0000] {processor.py:914} INFO - Processing file /home/airflow/.local/lib/python3.12/site-packages/airflow/example_dags/example_skip_dag.py for tasks to queue
[2025-04-20T18:08:22.013+0000] {logging_mixin.py:190} INFO - [2025-04-20T18:08:22.012+0000] {dagbag.py:588} INFO - Filling up the DagBag from /home/airflow/.local/lib/python3.12/site-packages/airflow/example_dags/example_skip_dag.py
[2025-04-20T18:08:22.023+0000] {processor.py:925} INFO - DAG(s) 'example_skip_dag' retrieved from /home/airflow/.local/lib/python3.12/site-packages/airflow/example_dags/example_skip_dag.py
[2025-04-20T18:08:22.050+0000] {logging_mixin.py:190} INFO - [2025-04-20T18:08:22.049+0000] {dag.py:3239} INFO - Sync 1 DAGs
[2025-04-20T18:08:22.078+0000] {logging_mixin.py:190} INFO - [2025-04-20T18:08:22.078+0000] {dag.py:4180} INFO - Setting next_dagrun for example_skip_dag to 2025-04-19 00:00:00+00:00, run_after=2025-04-20 00:00:00+00:00
[2025-04-20T18:08:22.120+0000] {processor.py:208} INFO - Processing /home/airflow/.local/lib/python3.12/site-packages/airflow/example_dags/example_skip_dag.py took 0.119 seconds
[2025-04-20T18:08:52.352+0000] {processor.py:186} INFO - Started process (PID=585) to work on /home/airflow/.local/lib/python3.12/site-packages/airflow/example_dags/example_skip_dag.py
[2025-04-20T18:08:52.354+0000] {processor.py:914} INFO - Processing file /home/airflow/.local/lib/python3.12/site-packages/airflow/example_dags/example_skip_dag.py for tasks to queue
[2025-04-20T18:08:52.357+0000] {logging_mixin.py:190} INFO - [2025-04-20T18:08:52.357+0000] {dagbag.py:588} INFO - Filling up the DagBag from /home/airflow/.local/lib/python3.12/site-packages/airflow/example_dags/example_skip_dag.py
[2025-04-20T18:08:52.369+0000] {processor.py:925} INFO - DAG(s) 'example_skip_dag' retrieved from /home/airflow/.local/lib/python3.12/site-packages/airflow/example_dags/example_skip_dag.py
[2025-04-20T18:08:52.401+0000] {logging_mixin.py:190} INFO - [2025-04-20T18:08:52.401+0000] {dag.py:3239} INFO - Sync 1 DAGs
[2025-04-20T18:08:52.438+0000] {logging_mixin.py:190} INFO - [2025-04-20T18:08:52.438+0000] {dag.py:4180} INFO - Setting next_dagrun for example_skip_dag to 2025-04-19 00:00:00+00:00, run_after=2025-04-20 00:00:00+00:00
[2025-04-20T18:08:52.472+0000] {processor.py:208} INFO - Processing /home/airflow/.local/lib/python3.12/site-packages/airflow/example_dags/example_skip_dag.py took 0.131 seconds
[2025-04-20T18:09:22.658+0000] {processor.py:186} INFO - Started process (PID=648) to work on /home/airflow/.local/lib/python3.12/site-packages/airflow/example_dags/example_skip_dag.py
[2025-04-20T18:09:22.660+0000] {processor.py:914} INFO - Processing file /home/airflow/.local/lib/python3.12/site-packages/airflow/example_dags/example_skip_dag.py for tasks to queue
[2025-04-20T18:09:22.663+0000] {logging_mixin.py:190} INFO - [2025-04-20T18:09:22.662+0000] {dagbag.py:588} INFO - Filling up the DagBag from /home/airflow/.local/lib/python3.12/site-packages/airflow/example_dags/example_skip_dag.py
[2025-04-20T18:09:22.673+0000] {processor.py:925} INFO - DAG(s) 'example_skip_dag' retrieved from /home/airflow/.local/lib/python3.12/site-packages/airflow/example_dags/example_skip_dag.py
[2025-04-20T18:09:22.701+0000] {logging_mixin.py:190} INFO - [2025-04-20T18:09:22.700+0000] {dag.py:3239} INFO - Sync 1 DAGs
[2025-04-20T18:09:22.732+0000] {logging_mixin.py:190} INFO - [2025-04-20T18:09:22.732+0000] {dag.py:4180} INFO - Setting next_dagrun for example_skip_dag to 2025-04-19 00:00:00+00:00, run_after=2025-04-20 00:00:00+00:00
[2025-04-20T18:09:22.774+0000] {processor.py:208} INFO - Processing /home/airflow/.local/lib/python3.12/site-packages/airflow/example_dags/example_skip_dag.py took 0.124 seconds
[2025-04-20T18:09:53.067+0000] {processor.py:186} INFO - Started process (PID=711) to work on /home/airflow/.local/lib/python3.12/site-packages/airflow/example_dags/example_skip_dag.py
[2025-04-20T18:09:53.069+0000] {processor.py:914} INFO - Processing file /home/airflow/.local/lib/python3.12/site-packages/airflow/example_dags/example_skip_dag.py for tasks to queue
[2025-04-20T18:09:53.073+0000] {logging_mixin.py:190} INFO - [2025-04-20T18:09:53.072+0000] {dagbag.py:588} INFO - Filling up the DagBag from /home/airflow/.local/lib/python3.12/site-packages/airflow/example_dags/example_skip_dag.py
[2025-04-20T18:09:53.085+0000] {processor.py:925} INFO - DAG(s) 'example_skip_dag' retrieved from /home/airflow/.local/lib/python3.12/site-packages/airflow/example_dags/example_skip_dag.py
[2025-04-20T18:09:53.121+0000] {logging_mixin.py:190} INFO - [2025-04-20T18:09:53.120+0000] {dag.py:3239} INFO - Sync 1 DAGs
[2025-04-20T18:09:53.156+0000] {logging_mixin.py:190} INFO - [2025-04-20T18:09:53.155+0000] {dag.py:4180} INFO - Setting next_dagrun for example_skip_dag to 2025-04-19 00:00:00+00:00, run_after=2025-04-20 00:00:00+00:00
[2025-04-20T18:09:53.189+0000] {processor.py:208} INFO - Processing /home/airflow/.local/lib/python3.12/site-packages/airflow/example_dags/example_skip_dag.py took 0.132 seconds
[2025-04-20T18:10:23.593+0000] {processor.py:186} INFO - Started process (PID=774) to work on /home/airflow/.local/lib/python3.12/site-packages/airflow/example_dags/example_skip_dag.py
[2025-04-20T18:10:23.594+0000] {processor.py:914} INFO - Processing file /home/airflow/.local/lib/python3.12/site-packages/airflow/example_dags/example_skip_dag.py for tasks to queue
[2025-04-20T18:10:23.598+0000] {logging_mixin.py:190} INFO - [2025-04-20T18:10:23.598+0000] {dagbag.py:588} INFO - Filling up the DagBag from /home/airflow/.local/lib/python3.12/site-packages/airflow/example_dags/example_skip_dag.py
[2025-04-20T18:10:23.610+0000] {processor.py:925} INFO - DAG(s) 'example_skip_dag' retrieved from /home/airflow/.local/lib/python3.12/site-packages/airflow/example_dags/example_skip_dag.py
[2025-04-20T18:10:23.645+0000] {logging_mixin.py:190} INFO - [2025-04-20T18:10:23.645+0000] {dag.py:3239} INFO - Sync 1 DAGs
[2025-04-20T18:10:23.680+0000] {logging_mixin.py:190} INFO - [2025-04-20T18:10:23.679+0000] {dag.py:4180} INFO - Setting next_dagrun for example_skip_dag to 2025-04-19 00:00:00+00:00, run_after=2025-04-20 00:00:00+00:00
[2025-04-20T18:10:23.717+0000] {processor.py:208} INFO - Processing /home/airflow/.local/lib/python3.12/site-packages/airflow/example_dags/example_skip_dag.py took 0.133 seconds
