[2025-04-20T17:48:50.943+0000] {processor.py:186} INFO - Started process (PID=85) to work on /home/airflow/.local/lib/python3.12/site-packages/airflow/example_dags/example_branch_operator_decorator.py
[2025-04-20T17:48:50.945+0000] {processor.py:914} INFO - Processing file /home/airflow/.local/lib/python3.12/site-packages/airflow/example_dags/example_branch_operator_decorator.py for tasks to queue
[2025-04-20T17:48:50.948+0000] {logging_mixin.py:190} INFO - [2025-04-20T17:48:50.948+0000] {dagbag.py:588} INFO - Filling up the DagBag from /home/airflow/.local/lib/python3.12/site-packages/airflow/example_dags/example_branch_operator_decorator.py
[2025-04-20T17:48:50.980+0000] {processor.py:925} INFO - DAG(s) 'example_branch_python_operator_decorator' retrieved from /home/airflow/.local/lib/python3.12/site-packages/airflow/example_dags/example_branch_operator_decorator.py
[2025-04-20T17:48:51.137+0000] {logging_mixin.py:190} INFO - [2025-04-20T17:48:51.135+0000] {override.py:1912} INFO - Created Permission View: can read on DAG:example_branch_python_operator_decorator
[2025-04-20T17:48:51.154+0000] {logging_mixin.py:190} INFO - [2025-04-20T17:48:51.153+0000] {override.py:1912} INFO - Created Permission View: can edit on DAG:example_branch_python_operator_decorator
[2025-04-20T17:48:51.207+0000] {logging_mixin.py:190} INFO - [2025-04-20T17:48:51.207+0000] {override.py:1912} INFO - Created Permission View: can delete on DAG:example_branch_python_operator_decorator
[2025-04-20T17:48:51.294+0000] {logging_mixin.py:190} INFO - [2025-04-20T17:48:51.294+0000] {override.py:1912} INFO - Created Permission View: can read on DAG Run:example_branch_python_operator_decorator
[2025-04-20T17:48:51.330+0000] {logging_mixin.py:190} INFO - [2025-04-20T17:48:51.329+0000] {override.py:1912} INFO - Created Permission View: can create on DAG Run:example_branch_python_operator_decorator
[2025-04-20T17:48:51.341+0000] {logging_mixin.py:190} INFO - [2025-04-20T17:48:51.341+0000] {override.py:1912} INFO - Created Permission View: menu access on DAG Run:example_branch_python_operator_decorator
[2025-04-20T17:48:51.351+0000] {logging_mixin.py:190} INFO - [2025-04-20T17:48:51.351+0000] {override.py:1912} INFO - Created Permission View: can delete on DAG Run:example_branch_python_operator_decorator
[2025-04-20T17:48:51.352+0000] {logging_mixin.py:190} INFO - [2025-04-20T17:48:51.352+0000] {dag.py:3239} INFO - Sync 1 DAGs
[2025-04-20T17:48:51.372+0000] {logging_mixin.py:190} INFO - [2025-04-20T17:48:51.372+0000] {dag.py:3262} INFO - Creating ORM DAG for example_branch_python_operator_decorator
[2025-04-20T17:48:51.393+0000] {logging_mixin.py:190} INFO - [2025-04-20T17:48:51.393+0000] {dag.py:4180} INFO - Setting next_dagrun for example_branch_python_operator_decorator to 2025-04-19 00:00:00+00:00, run_after=2025-04-20 00:00:00+00:00
[2025-04-20T17:48:51.424+0000] {processor.py:208} INFO - Processing /home/airflow/.local/lib/python3.12/site-packages/airflow/example_dags/example_branch_operator_decorator.py took 0.488 seconds
[2025-04-20T17:49:22.434+0000] {processor.py:186} INFO - Started process (PID=148) to work on /home/airflow/.local/lib/python3.12/site-packages/airflow/example_dags/example_branch_operator_decorator.py
[2025-04-20T17:49:22.436+0000] {processor.py:914} INFO - Processing file /home/airflow/.local/lib/python3.12/site-packages/airflow/example_dags/example_branch_operator_decorator.py for tasks to queue
[2025-04-20T17:49:22.439+0000] {logging_mixin.py:190} INFO - [2025-04-20T17:49:22.438+0000] {dagbag.py:588} INFO - Filling up the DagBag from /home/airflow/.local/lib/python3.12/site-packages/airflow/example_dags/example_branch_operator_decorator.py
[2025-04-20T17:49:22.470+0000] {processor.py:925} INFO - DAG(s) 'example_branch_python_operator_decorator' retrieved from /home/airflow/.local/lib/python3.12/site-packages/airflow/example_dags/example_branch_operator_decorator.py
[2025-04-20T17:49:22.511+0000] {logging_mixin.py:190} INFO - [2025-04-20T17:49:22.510+0000] {dag.py:3239} INFO - Sync 1 DAGs
[2025-04-20T17:49:22.544+0000] {logging_mixin.py:190} INFO - [2025-04-20T17:49:22.544+0000] {dag.py:4180} INFO - Setting next_dagrun for example_branch_python_operator_decorator to 2025-04-19 00:00:00+00:00, run_after=2025-04-20 00:00:00+00:00
[2025-04-20T17:49:22.591+0000] {processor.py:208} INFO - Processing /home/airflow/.local/lib/python3.12/site-packages/airflow/example_dags/example_branch_operator_decorator.py took 0.167 seconds
[2025-04-20T17:49:54.292+0000] {processor.py:186} INFO - Started process (PID=211) to work on /home/airflow/.local/lib/python3.12/site-packages/airflow/example_dags/example_branch_operator_decorator.py
[2025-04-20T17:49:54.294+0000] {processor.py:914} INFO - Processing file /home/airflow/.local/lib/python3.12/site-packages/airflow/example_dags/example_branch_operator_decorator.py for tasks to queue
[2025-04-20T17:49:54.298+0000] {logging_mixin.py:190} INFO - [2025-04-20T17:49:54.297+0000] {dagbag.py:588} INFO - Filling up the DagBag from /home/airflow/.local/lib/python3.12/site-packages/airflow/example_dags/example_branch_operator_decorator.py
[2025-04-20T17:49:54.330+0000] {processor.py:925} INFO - DAG(s) 'example_branch_python_operator_decorator' retrieved from /home/airflow/.local/lib/python3.12/site-packages/airflow/example_dags/example_branch_operator_decorator.py
[2025-04-20T17:49:54.367+0000] {logging_mixin.py:190} INFO - [2025-04-20T17:49:54.366+0000] {dag.py:3239} INFO - Sync 1 DAGs
[2025-04-20T17:49:54.398+0000] {logging_mixin.py:190} INFO - [2025-04-20T17:49:54.397+0000] {dag.py:4180} INFO - Setting next_dagrun for example_branch_python_operator_decorator to 2025-04-19 00:00:00+00:00, run_after=2025-04-20 00:00:00+00:00
[2025-04-20T17:49:54.425+0000] {processor.py:208} INFO - Processing /home/airflow/.local/lib/python3.12/site-packages/airflow/example_dags/example_branch_operator_decorator.py took 0.139 seconds
[2025-04-20T17:50:25.531+0000] {processor.py:186} INFO - Started process (PID=274) to work on /home/airflow/.local/lib/python3.12/site-packages/airflow/example_dags/example_branch_operator_decorator.py
[2025-04-20T17:50:25.534+0000] {processor.py:914} INFO - Processing file /home/airflow/.local/lib/python3.12/site-packages/airflow/example_dags/example_branch_operator_decorator.py for tasks to queue
[2025-04-20T17:50:25.538+0000] {logging_mixin.py:190} INFO - [2025-04-20T17:50:25.537+0000] {dagbag.py:588} INFO - Filling up the DagBag from /home/airflow/.local/lib/python3.12/site-packages/airflow/example_dags/example_branch_operator_decorator.py
[2025-04-20T17:50:25.571+0000] {processor.py:925} INFO - DAG(s) 'example_branch_python_operator_decorator' retrieved from /home/airflow/.local/lib/python3.12/site-packages/airflow/example_dags/example_branch_operator_decorator.py
[2025-04-20T17:50:25.624+0000] {logging_mixin.py:190} INFO - [2025-04-20T17:50:25.623+0000] {dag.py:3239} INFO - Sync 1 DAGs
[2025-04-20T17:50:25.659+0000] {logging_mixin.py:190} INFO - [2025-04-20T17:50:25.659+0000] {dag.py:4180} INFO - Setting next_dagrun for example_branch_python_operator_decorator to 2025-04-19 00:00:00+00:00, run_after=2025-04-20 00:00:00+00:00
[2025-04-20T17:50:25.687+0000] {processor.py:208} INFO - Processing /home/airflow/.local/lib/python3.12/site-packages/airflow/example_dags/example_branch_operator_decorator.py took 0.166 seconds
[2025-04-20T17:50:57.273+0000] {processor.py:186} INFO - Started process (PID=337) to work on /home/airflow/.local/lib/python3.12/site-packages/airflow/example_dags/example_branch_operator_decorator.py
[2025-04-20T17:50:57.275+0000] {processor.py:914} INFO - Processing file /home/airflow/.local/lib/python3.12/site-packages/airflow/example_dags/example_branch_operator_decorator.py for tasks to queue
[2025-04-20T17:50:57.278+0000] {logging_mixin.py:190} INFO - [2025-04-20T17:50:57.277+0000] {dagbag.py:588} INFO - Filling up the DagBag from /home/airflow/.local/lib/python3.12/site-packages/airflow/example_dags/example_branch_operator_decorator.py
[2025-04-20T17:50:57.329+0000] {processor.py:925} INFO - DAG(s) 'example_branch_python_operator_decorator' retrieved from /home/airflow/.local/lib/python3.12/site-packages/airflow/example_dags/example_branch_operator_decorator.py
[2025-04-20T17:50:57.376+0000] {logging_mixin.py:190} INFO - [2025-04-20T17:50:57.375+0000] {dag.py:3239} INFO - Sync 1 DAGs
[2025-04-20T17:50:57.420+0000] {logging_mixin.py:190} INFO - [2025-04-20T17:50:57.419+0000] {dag.py:4180} INFO - Setting next_dagrun for example_branch_python_operator_decorator to 2025-04-19 00:00:00+00:00, run_after=2025-04-20 00:00:00+00:00
[2025-04-20T17:50:57.448+0000] {processor.py:208} INFO - Processing /home/airflow/.local/lib/python3.12/site-packages/airflow/example_dags/example_branch_operator_decorator.py took 0.181 seconds
[2025-04-20T17:51:29.042+0000] {processor.py:186} INFO - Started process (PID=400) to work on /home/airflow/.local/lib/python3.12/site-packages/airflow/example_dags/example_branch_operator_decorator.py
[2025-04-20T17:51:29.044+0000] {processor.py:914} INFO - Processing file /home/airflow/.local/lib/python3.12/site-packages/airflow/example_dags/example_branch_operator_decorator.py for tasks to queue
[2025-04-20T17:51:29.047+0000] {logging_mixin.py:190} INFO - [2025-04-20T17:51:29.046+0000] {dagbag.py:588} INFO - Filling up the DagBag from /home/airflow/.local/lib/python3.12/site-packages/airflow/example_dags/example_branch_operator_decorator.py
[2025-04-20T17:51:29.081+0000] {processor.py:925} INFO - DAG(s) 'example_branch_python_operator_decorator' retrieved from /home/airflow/.local/lib/python3.12/site-packages/airflow/example_dags/example_branch_operator_decorator.py
[2025-04-20T17:51:29.126+0000] {logging_mixin.py:190} INFO - [2025-04-20T17:51:29.125+0000] {dag.py:3239} INFO - Sync 1 DAGs
[2025-04-20T17:51:29.216+0000] {logging_mixin.py:190} INFO - [2025-04-20T17:51:29.216+0000] {dag.py:4180} INFO - Setting next_dagrun for example_branch_python_operator_decorator to 2025-04-19 00:00:00+00:00, run_after=2025-04-20 00:00:00+00:00
[2025-04-20T17:51:29.242+0000] {processor.py:208} INFO - Processing /home/airflow/.local/lib/python3.12/site-packages/airflow/example_dags/example_branch_operator_decorator.py took 0.210 seconds
[2025-04-20T17:52:00.944+0000] {processor.py:186} INFO - Started process (PID=463) to work on /home/airflow/.local/lib/python3.12/site-packages/airflow/example_dags/example_branch_operator_decorator.py
[2025-04-20T17:52:00.946+0000] {processor.py:914} INFO - Processing file /home/airflow/.local/lib/python3.12/site-packages/airflow/example_dags/example_branch_operator_decorator.py for tasks to queue
[2025-04-20T17:52:00.952+0000] {logging_mixin.py:190} INFO - [2025-04-20T17:52:00.951+0000] {dagbag.py:588} INFO - Filling up the DagBag from /home/airflow/.local/lib/python3.12/site-packages/airflow/example_dags/example_branch_operator_decorator.py
[2025-04-20T17:52:00.984+0000] {processor.py:925} INFO - DAG(s) 'example_branch_python_operator_decorator' retrieved from /home/airflow/.local/lib/python3.12/site-packages/airflow/example_dags/example_branch_operator_decorator.py
[2025-04-20T17:52:01.025+0000] {logging_mixin.py:190} INFO - [2025-04-20T17:52:01.025+0000] {dag.py:3239} INFO - Sync 1 DAGs
[2025-04-20T17:52:01.056+0000] {logging_mixin.py:190} INFO - [2025-04-20T17:52:01.056+0000] {dag.py:4180} INFO - Setting next_dagrun for example_branch_python_operator_decorator to 2025-04-19 00:00:00+00:00, run_after=2025-04-20 00:00:00+00:00
[2025-04-20T17:52:01.092+0000] {processor.py:208} INFO - Processing /home/airflow/.local/lib/python3.12/site-packages/airflow/example_dags/example_branch_operator_decorator.py took 0.160 seconds
[2025-04-20T17:52:32.460+0000] {processor.py:186} INFO - Started process (PID=525) to work on /home/airflow/.local/lib/python3.12/site-packages/airflow/example_dags/example_branch_operator_decorator.py
[2025-04-20T17:52:32.462+0000] {processor.py:914} INFO - Processing file /home/airflow/.local/lib/python3.12/site-packages/airflow/example_dags/example_branch_operator_decorator.py for tasks to queue
[2025-04-20T17:52:32.465+0000] {logging_mixin.py:190} INFO - [2025-04-20T17:52:32.464+0000] {dagbag.py:588} INFO - Filling up the DagBag from /home/airflow/.local/lib/python3.12/site-packages/airflow/example_dags/example_branch_operator_decorator.py
[2025-04-20T17:52:32.493+0000] {processor.py:925} INFO - DAG(s) 'example_branch_python_operator_decorator' retrieved from /home/airflow/.local/lib/python3.12/site-packages/airflow/example_dags/example_branch_operator_decorator.py
[2025-04-20T17:52:32.532+0000] {logging_mixin.py:190} INFO - [2025-04-20T17:52:32.532+0000] {dag.py:3239} INFO - Sync 1 DAGs
[2025-04-20T17:52:32.564+0000] {logging_mixin.py:190} INFO - [2025-04-20T17:52:32.564+0000] {dag.py:4180} INFO - Setting next_dagrun for example_branch_python_operator_decorator to 2025-04-19 00:00:00+00:00, run_after=2025-04-20 00:00:00+00:00
[2025-04-20T17:52:32.589+0000] {processor.py:208} INFO - Processing /home/airflow/.local/lib/python3.12/site-packages/airflow/example_dags/example_branch_operator_decorator.py took 0.143 seconds
[2025-04-20T17:53:04.106+0000] {processor.py:186} INFO - Started process (PID=588) to work on /home/airflow/.local/lib/python3.12/site-packages/airflow/example_dags/example_branch_operator_decorator.py
[2025-04-20T17:53:04.108+0000] {processor.py:914} INFO - Processing file /home/airflow/.local/lib/python3.12/site-packages/airflow/example_dags/example_branch_operator_decorator.py for tasks to queue
[2025-04-20T17:53:04.111+0000] {logging_mixin.py:190} INFO - [2025-04-20T17:53:04.111+0000] {dagbag.py:588} INFO - Filling up the DagBag from /home/airflow/.local/lib/python3.12/site-packages/airflow/example_dags/example_branch_operator_decorator.py
[2025-04-20T17:53:04.153+0000] {processor.py:925} INFO - DAG(s) 'example_branch_python_operator_decorator' retrieved from /home/airflow/.local/lib/python3.12/site-packages/airflow/example_dags/example_branch_operator_decorator.py
[2025-04-20T17:53:04.194+0000] {logging_mixin.py:190} INFO - [2025-04-20T17:53:04.194+0000] {dag.py:3239} INFO - Sync 1 DAGs
[2025-04-20T17:53:04.252+0000] {logging_mixin.py:190} INFO - [2025-04-20T17:53:04.251+0000] {dag.py:4180} INFO - Setting next_dagrun for example_branch_python_operator_decorator to 2025-04-19 00:00:00+00:00, run_after=2025-04-20 00:00:00+00:00
[2025-04-20T17:53:04.293+0000] {processor.py:208} INFO - Processing /home/airflow/.local/lib/python3.12/site-packages/airflow/example_dags/example_branch_operator_decorator.py took 0.195 seconds
[2025-04-20T17:53:36.432+0000] {processor.py:186} INFO - Started process (PID=657) to work on /home/airflow/.local/lib/python3.12/site-packages/airflow/example_dags/example_branch_operator_decorator.py
[2025-04-20T17:53:36.433+0000] {processor.py:914} INFO - Processing file /home/airflow/.local/lib/python3.12/site-packages/airflow/example_dags/example_branch_operator_decorator.py for tasks to queue
[2025-04-20T17:53:36.437+0000] {logging_mixin.py:190} INFO - [2025-04-20T17:53:36.436+0000] {dagbag.py:588} INFO - Filling up the DagBag from /home/airflow/.local/lib/python3.12/site-packages/airflow/example_dags/example_branch_operator_decorator.py
[2025-04-20T17:53:36.470+0000] {processor.py:925} INFO - DAG(s) 'example_branch_python_operator_decorator' retrieved from /home/airflow/.local/lib/python3.12/site-packages/airflow/example_dags/example_branch_operator_decorator.py
[2025-04-20T17:53:36.534+0000] {logging_mixin.py:190} INFO - [2025-04-20T17:53:36.534+0000] {dag.py:3239} INFO - Sync 1 DAGs
[2025-04-20T17:53:36.586+0000] {logging_mixin.py:190} INFO - [2025-04-20T17:53:36.586+0000] {dag.py:4180} INFO - Setting next_dagrun for example_branch_python_operator_decorator to 2025-04-19 00:00:00+00:00, run_after=2025-04-20 00:00:00+00:00
[2025-04-20T17:53:36.616+0000] {processor.py:208} INFO - Processing /home/airflow/.local/lib/python3.12/site-packages/airflow/example_dags/example_branch_operator_decorator.py took 0.198 seconds
[2025-04-20T17:54:07.858+0000] {processor.py:186} INFO - Started process (PID=720) to work on /home/airflow/.local/lib/python3.12/site-packages/airflow/example_dags/example_branch_operator_decorator.py
[2025-04-20T17:54:07.859+0000] {processor.py:914} INFO - Processing file /home/airflow/.local/lib/python3.12/site-packages/airflow/example_dags/example_branch_operator_decorator.py for tasks to queue
[2025-04-20T17:54:07.862+0000] {logging_mixin.py:190} INFO - [2025-04-20T17:54:07.862+0000] {dagbag.py:588} INFO - Filling up the DagBag from /home/airflow/.local/lib/python3.12/site-packages/airflow/example_dags/example_branch_operator_decorator.py
[2025-04-20T17:54:07.888+0000] {processor.py:925} INFO - DAG(s) 'example_branch_python_operator_decorator' retrieved from /home/airflow/.local/lib/python3.12/site-packages/airflow/example_dags/example_branch_operator_decorator.py
[2025-04-20T17:54:07.928+0000] {logging_mixin.py:190} INFO - [2025-04-20T17:54:07.928+0000] {dag.py:3239} INFO - Sync 1 DAGs
[2025-04-20T17:54:07.963+0000] {logging_mixin.py:190} INFO - [2025-04-20T17:54:07.963+0000] {dag.py:4180} INFO - Setting next_dagrun for example_branch_python_operator_decorator to 2025-04-19 00:00:00+00:00, run_after=2025-04-20 00:00:00+00:00
[2025-04-20T17:54:07.996+0000] {processor.py:208} INFO - Processing /home/airflow/.local/lib/python3.12/site-packages/airflow/example_dags/example_branch_operator_decorator.py took 0.146 seconds
[2025-04-20T17:54:39.286+0000] {processor.py:186} INFO - Started process (PID=783) to work on /home/airflow/.local/lib/python3.12/site-packages/airflow/example_dags/example_branch_operator_decorator.py
[2025-04-20T17:54:39.288+0000] {processor.py:914} INFO - Processing file /home/airflow/.local/lib/python3.12/site-packages/airflow/example_dags/example_branch_operator_decorator.py for tasks to queue
[2025-04-20T17:54:39.293+0000] {logging_mixin.py:190} INFO - [2025-04-20T17:54:39.292+0000] {dagbag.py:588} INFO - Filling up the DagBag from /home/airflow/.local/lib/python3.12/site-packages/airflow/example_dags/example_branch_operator_decorator.py
[2025-04-20T17:54:39.328+0000] {processor.py:925} INFO - DAG(s) 'example_branch_python_operator_decorator' retrieved from /home/airflow/.local/lib/python3.12/site-packages/airflow/example_dags/example_branch_operator_decorator.py
[2025-04-20T17:54:39.368+0000] {logging_mixin.py:190} INFO - [2025-04-20T17:54:39.367+0000] {dag.py:3239} INFO - Sync 1 DAGs
[2025-04-20T17:54:39.403+0000] {logging_mixin.py:190} INFO - [2025-04-20T17:54:39.402+0000] {dag.py:4180} INFO - Setting next_dagrun for example_branch_python_operator_decorator to 2025-04-19 00:00:00+00:00, run_after=2025-04-20 00:00:00+00:00
[2025-04-20T17:54:39.430+0000] {processor.py:208} INFO - Processing /home/airflow/.local/lib/python3.12/site-packages/airflow/example_dags/example_branch_operator_decorator.py took 0.157 seconds
[2025-04-20T17:55:10.467+0000] {processor.py:186} INFO - Started process (PID=846) to work on /home/airflow/.local/lib/python3.12/site-packages/airflow/example_dags/example_branch_operator_decorator.py
[2025-04-20T17:55:10.469+0000] {processor.py:914} INFO - Processing file /home/airflow/.local/lib/python3.12/site-packages/airflow/example_dags/example_branch_operator_decorator.py for tasks to queue
[2025-04-20T17:55:10.474+0000] {logging_mixin.py:190} INFO - [2025-04-20T17:55:10.473+0000] {dagbag.py:588} INFO - Filling up the DagBag from /home/airflow/.local/lib/python3.12/site-packages/airflow/example_dags/example_branch_operator_decorator.py
[2025-04-20T17:55:10.518+0000] {processor.py:925} INFO - DAG(s) 'example_branch_python_operator_decorator' retrieved from /home/airflow/.local/lib/python3.12/site-packages/airflow/example_dags/example_branch_operator_decorator.py
[2025-04-20T17:55:10.556+0000] {logging_mixin.py:190} INFO - [2025-04-20T17:55:10.556+0000] {dag.py:3239} INFO - Sync 1 DAGs
[2025-04-20T17:55:10.589+0000] {logging_mixin.py:190} INFO - [2025-04-20T17:55:10.589+0000] {dag.py:4180} INFO - Setting next_dagrun for example_branch_python_operator_decorator to 2025-04-19 00:00:00+00:00, run_after=2025-04-20 00:00:00+00:00
[2025-04-20T17:55:10.614+0000] {processor.py:208} INFO - Processing /home/airflow/.local/lib/python3.12/site-packages/airflow/example_dags/example_branch_operator_decorator.py took 0.159 seconds
[2025-04-20T17:55:42.303+0000] {processor.py:186} INFO - Started process (PID=909) to work on /home/airflow/.local/lib/python3.12/site-packages/airflow/example_dags/example_branch_operator_decorator.py
[2025-04-20T17:55:42.304+0000] {processor.py:914} INFO - Processing file /home/airflow/.local/lib/python3.12/site-packages/airflow/example_dags/example_branch_operator_decorator.py for tasks to queue
[2025-04-20T17:55:42.307+0000] {logging_mixin.py:190} INFO - [2025-04-20T17:55:42.306+0000] {dagbag.py:588} INFO - Filling up the DagBag from /home/airflow/.local/lib/python3.12/site-packages/airflow/example_dags/example_branch_operator_decorator.py
[2025-04-20T17:55:42.334+0000] {processor.py:925} INFO - DAG(s) 'example_branch_python_operator_decorator' retrieved from /home/airflow/.local/lib/python3.12/site-packages/airflow/example_dags/example_branch_operator_decorator.py
[2025-04-20T17:55:42.370+0000] {logging_mixin.py:190} INFO - [2025-04-20T17:55:42.370+0000] {dag.py:3239} INFO - Sync 1 DAGs
[2025-04-20T17:55:42.399+0000] {logging_mixin.py:190} INFO - [2025-04-20T17:55:42.399+0000] {dag.py:4180} INFO - Setting next_dagrun for example_branch_python_operator_decorator to 2025-04-19 00:00:00+00:00, run_after=2025-04-20 00:00:00+00:00
[2025-04-20T17:55:42.426+0000] {processor.py:208} INFO - Processing /home/airflow/.local/lib/python3.12/site-packages/airflow/example_dags/example_branch_operator_decorator.py took 0.133 seconds
[2025-04-20T17:56:13.511+0000] {processor.py:186} INFO - Started process (PID=972) to work on /home/airflow/.local/lib/python3.12/site-packages/airflow/example_dags/example_branch_operator_decorator.py
[2025-04-20T17:56:13.513+0000] {processor.py:914} INFO - Processing file /home/airflow/.local/lib/python3.12/site-packages/airflow/example_dags/example_branch_operator_decorator.py for tasks to queue
[2025-04-20T17:56:13.516+0000] {logging_mixin.py:190} INFO - [2025-04-20T17:56:13.515+0000] {dagbag.py:588} INFO - Filling up the DagBag from /home/airflow/.local/lib/python3.12/site-packages/airflow/example_dags/example_branch_operator_decorator.py
[2025-04-20T17:56:13.543+0000] {processor.py:925} INFO - DAG(s) 'example_branch_python_operator_decorator' retrieved from /home/airflow/.local/lib/python3.12/site-packages/airflow/example_dags/example_branch_operator_decorator.py
[2025-04-20T17:56:13.579+0000] {logging_mixin.py:190} INFO - [2025-04-20T17:56:13.579+0000] {dag.py:3239} INFO - Sync 1 DAGs
[2025-04-20T17:56:13.614+0000] {logging_mixin.py:190} INFO - [2025-04-20T17:56:13.614+0000] {dag.py:4180} INFO - Setting next_dagrun for example_branch_python_operator_decorator to 2025-04-19 00:00:00+00:00, run_after=2025-04-20 00:00:00+00:00
[2025-04-20T17:56:13.641+0000] {processor.py:208} INFO - Processing /home/airflow/.local/lib/python3.12/site-packages/airflow/example_dags/example_branch_operator_decorator.py took 0.138 seconds
[2025-04-20T17:56:45.290+0000] {processor.py:186} INFO - Started process (PID=1035) to work on /home/airflow/.local/lib/python3.12/site-packages/airflow/example_dags/example_branch_operator_decorator.py
[2025-04-20T17:56:45.292+0000] {processor.py:914} INFO - Processing file /home/airflow/.local/lib/python3.12/site-packages/airflow/example_dags/example_branch_operator_decorator.py for tasks to queue
[2025-04-20T17:56:45.297+0000] {logging_mixin.py:190} INFO - [2025-04-20T17:56:45.297+0000] {dagbag.py:588} INFO - Filling up the DagBag from /home/airflow/.local/lib/python3.12/site-packages/airflow/example_dags/example_branch_operator_decorator.py
[2025-04-20T17:56:45.361+0000] {processor.py:925} INFO - DAG(s) 'example_branch_python_operator_decorator' retrieved from /home/airflow/.local/lib/python3.12/site-packages/airflow/example_dags/example_branch_operator_decorator.py
[2025-04-20T17:56:45.429+0000] {logging_mixin.py:190} INFO - [2025-04-20T17:56:45.429+0000] {dag.py:3239} INFO - Sync 1 DAGs
[2025-04-20T17:56:45.478+0000] {logging_mixin.py:190} INFO - [2025-04-20T17:56:45.477+0000] {dag.py:4180} INFO - Setting next_dagrun for example_branch_python_operator_decorator to 2025-04-19 00:00:00+00:00, run_after=2025-04-20 00:00:00+00:00
[2025-04-20T17:56:45.517+0000] {processor.py:208} INFO - Processing /home/airflow/.local/lib/python3.12/site-packages/airflow/example_dags/example_branch_operator_decorator.py took 0.241 seconds
[2025-04-20T17:57:16.570+0000] {processor.py:186} INFO - Started process (PID=1098) to work on /home/airflow/.local/lib/python3.12/site-packages/airflow/example_dags/example_branch_operator_decorator.py
[2025-04-20T17:57:16.571+0000] {processor.py:914} INFO - Processing file /home/airflow/.local/lib/python3.12/site-packages/airflow/example_dags/example_branch_operator_decorator.py for tasks to queue
[2025-04-20T17:57:16.574+0000] {logging_mixin.py:190} INFO - [2025-04-20T17:57:16.574+0000] {dagbag.py:588} INFO - Filling up the DagBag from /home/airflow/.local/lib/python3.12/site-packages/airflow/example_dags/example_branch_operator_decorator.py
[2025-04-20T17:57:16.620+0000] {processor.py:925} INFO - DAG(s) 'example_branch_python_operator_decorator' retrieved from /home/airflow/.local/lib/python3.12/site-packages/airflow/example_dags/example_branch_operator_decorator.py
[2025-04-20T17:57:16.685+0000] {logging_mixin.py:190} INFO - [2025-04-20T17:57:16.685+0000] {dag.py:3239} INFO - Sync 1 DAGs
[2025-04-20T17:57:16.723+0000] {logging_mixin.py:190} INFO - [2025-04-20T17:57:16.723+0000] {dag.py:4180} INFO - Setting next_dagrun for example_branch_python_operator_decorator to 2025-04-19 00:00:00+00:00, run_after=2025-04-20 00:00:00+00:00
[2025-04-20T17:57:16.752+0000] {processor.py:208} INFO - Processing /home/airflow/.local/lib/python3.12/site-packages/airflow/example_dags/example_branch_operator_decorator.py took 0.189 seconds
[2025-04-20T17:57:47.823+0000] {processor.py:186} INFO - Started process (PID=1161) to work on /home/airflow/.local/lib/python3.12/site-packages/airflow/example_dags/example_branch_operator_decorator.py
[2025-04-20T17:57:47.825+0000] {processor.py:914} INFO - Processing file /home/airflow/.local/lib/python3.12/site-packages/airflow/example_dags/example_branch_operator_decorator.py for tasks to queue
[2025-04-20T17:57:47.828+0000] {logging_mixin.py:190} INFO - [2025-04-20T17:57:47.828+0000] {dagbag.py:588} INFO - Filling up the DagBag from /home/airflow/.local/lib/python3.12/site-packages/airflow/example_dags/example_branch_operator_decorator.py
[2025-04-20T17:57:47.866+0000] {processor.py:925} INFO - DAG(s) 'example_branch_python_operator_decorator' retrieved from /home/airflow/.local/lib/python3.12/site-packages/airflow/example_dags/example_branch_operator_decorator.py
[2025-04-20T17:57:47.906+0000] {logging_mixin.py:190} INFO - [2025-04-20T17:57:47.906+0000] {dag.py:3239} INFO - Sync 1 DAGs
[2025-04-20T17:57:47.940+0000] {logging_mixin.py:190} INFO - [2025-04-20T17:57:47.940+0000] {dag.py:4180} INFO - Setting next_dagrun for example_branch_python_operator_decorator to 2025-04-19 00:00:00+00:00, run_after=2025-04-20 00:00:00+00:00
[2025-04-20T17:57:47.964+0000] {processor.py:208} INFO - Processing /home/airflow/.local/lib/python3.12/site-packages/airflow/example_dags/example_branch_operator_decorator.py took 0.150 seconds
[2025-04-20T17:58:18.930+0000] {processor.py:186} INFO - Started process (PID=1224) to work on /home/airflow/.local/lib/python3.12/site-packages/airflow/example_dags/example_branch_operator_decorator.py
[2025-04-20T17:58:18.931+0000] {processor.py:914} INFO - Processing file /home/airflow/.local/lib/python3.12/site-packages/airflow/example_dags/example_branch_operator_decorator.py for tasks to queue
[2025-04-20T17:58:18.934+0000] {logging_mixin.py:190} INFO - [2025-04-20T17:58:18.934+0000] {dagbag.py:588} INFO - Filling up the DagBag from /home/airflow/.local/lib/python3.12/site-packages/airflow/example_dags/example_branch_operator_decorator.py
[2025-04-20T17:58:18.964+0000] {processor.py:925} INFO - DAG(s) 'example_branch_python_operator_decorator' retrieved from /home/airflow/.local/lib/python3.12/site-packages/airflow/example_dags/example_branch_operator_decorator.py
[2025-04-20T17:58:19.003+0000] {logging_mixin.py:190} INFO - [2025-04-20T17:58:19.002+0000] {dag.py:3239} INFO - Sync 1 DAGs
[2025-04-20T17:58:19.038+0000] {logging_mixin.py:190} INFO - [2025-04-20T17:58:19.037+0000] {dag.py:4180} INFO - Setting next_dagrun for example_branch_python_operator_decorator to 2025-04-19 00:00:00+00:00, run_after=2025-04-20 00:00:00+00:00
[2025-04-20T17:58:19.072+0000] {processor.py:208} INFO - Processing /home/airflow/.local/lib/python3.12/site-packages/airflow/example_dags/example_branch_operator_decorator.py took 0.148 seconds
[2025-04-20T17:58:50.056+0000] {processor.py:186} INFO - Started process (PID=1287) to work on /home/airflow/.local/lib/python3.12/site-packages/airflow/example_dags/example_branch_operator_decorator.py
[2025-04-20T17:58:50.058+0000] {processor.py:914} INFO - Processing file /home/airflow/.local/lib/python3.12/site-packages/airflow/example_dags/example_branch_operator_decorator.py for tasks to queue
[2025-04-20T17:58:50.060+0000] {logging_mixin.py:190} INFO - [2025-04-20T17:58:50.060+0000] {dagbag.py:588} INFO - Filling up the DagBag from /home/airflow/.local/lib/python3.12/site-packages/airflow/example_dags/example_branch_operator_decorator.py
[2025-04-20T17:58:50.098+0000] {processor.py:925} INFO - DAG(s) 'example_branch_python_operator_decorator' retrieved from /home/airflow/.local/lib/python3.12/site-packages/airflow/example_dags/example_branch_operator_decorator.py
[2025-04-20T17:58:50.157+0000] {logging_mixin.py:190} INFO - [2025-04-20T17:58:50.157+0000] {dag.py:3239} INFO - Sync 1 DAGs
[2025-04-20T17:58:50.195+0000] {logging_mixin.py:190} INFO - [2025-04-20T17:58:50.194+0000] {dag.py:4180} INFO - Setting next_dagrun for example_branch_python_operator_decorator to 2025-04-19 00:00:00+00:00, run_after=2025-04-20 00:00:00+00:00
[2025-04-20T17:58:50.228+0000] {processor.py:208} INFO - Processing /home/airflow/.local/lib/python3.12/site-packages/airflow/example_dags/example_branch_operator_decorator.py took 0.180 seconds
[2025-04-20T18:04:51.675+0000] {processor.py:186} INFO - Started process (PID=88) to work on /home/airflow/.local/lib/python3.12/site-packages/airflow/example_dags/example_branch_operator_decorator.py
[2025-04-20T18:04:51.680+0000] {processor.py:914} INFO - Processing file /home/airflow/.local/lib/python3.12/site-packages/airflow/example_dags/example_branch_operator_decorator.py for tasks to queue
[2025-04-20T18:04:51.685+0000] {logging_mixin.py:190} INFO - [2025-04-20T18:04:51.684+0000] {dagbag.py:588} INFO - Filling up the DagBag from /home/airflow/.local/lib/python3.12/site-packages/airflow/example_dags/example_branch_operator_decorator.py
[2025-04-20T18:04:51.736+0000] {processor.py:925} INFO - DAG(s) 'example_branch_python_operator_decorator' retrieved from /home/airflow/.local/lib/python3.12/site-packages/airflow/example_dags/example_branch_operator_decorator.py
[2025-04-20T18:04:51.904+0000] {logging_mixin.py:190} INFO - [2025-04-20T18:04:51.903+0000] {override.py:1912} INFO - Created Permission View: can read on DAG:example_branch_python_operator_decorator
[2025-04-20T18:04:51.917+0000] {logging_mixin.py:190} INFO - [2025-04-20T18:04:51.917+0000] {override.py:1912} INFO - Created Permission View: can edit on DAG:example_branch_python_operator_decorator
[2025-04-20T18:04:51.929+0000] {logging_mixin.py:190} INFO - [2025-04-20T18:04:51.929+0000] {override.py:1912} INFO - Created Permission View: can delete on DAG:example_branch_python_operator_decorator
[2025-04-20T18:04:51.938+0000] {logging_mixin.py:190} INFO - [2025-04-20T18:04:51.938+0000] {override.py:1912} INFO - Created Permission View: menu access on DAG Run:example_branch_python_operator_decorator
[2025-04-20T18:04:51.948+0000] {logging_mixin.py:190} INFO - [2025-04-20T18:04:51.948+0000] {override.py:1912} INFO - Created Permission View: can read on DAG Run:example_branch_python_operator_decorator
[2025-04-20T18:04:51.957+0000] {logging_mixin.py:190} INFO - [2025-04-20T18:04:51.957+0000] {override.py:1912} INFO - Created Permission View: can create on DAG Run:example_branch_python_operator_decorator
[2025-04-20T18:04:51.967+0000] {logging_mixin.py:190} INFO - [2025-04-20T18:04:51.967+0000] {override.py:1912} INFO - Created Permission View: can delete on DAG Run:example_branch_python_operator_decorator
[2025-04-20T18:04:51.968+0000] {logging_mixin.py:190} INFO - [2025-04-20T18:04:51.968+0000] {dag.py:3239} INFO - Sync 1 DAGs
[2025-04-20T18:04:51.989+0000] {logging_mixin.py:190} INFO - [2025-04-20T18:04:51.989+0000] {dag.py:3262} INFO - Creating ORM DAG for example_branch_python_operator_decorator
[2025-04-20T18:04:52.005+0000] {logging_mixin.py:190} INFO - [2025-04-20T18:04:52.004+0000] {dag.py:4180} INFO - Setting next_dagrun for example_branch_python_operator_decorator to 2025-04-19 00:00:00+00:00, run_after=2025-04-20 00:00:00+00:00
[2025-04-20T18:04:52.030+0000] {processor.py:208} INFO - Processing /home/airflow/.local/lib/python3.12/site-packages/airflow/example_dags/example_branch_operator_decorator.py took 0.367 seconds
[2025-04-20T18:05:22.956+0000] {processor.py:186} INFO - Started process (PID=151) to work on /home/airflow/.local/lib/python3.12/site-packages/airflow/example_dags/example_branch_operator_decorator.py
[2025-04-20T18:05:22.957+0000] {processor.py:914} INFO - Processing file /home/airflow/.local/lib/python3.12/site-packages/airflow/example_dags/example_branch_operator_decorator.py for tasks to queue
[2025-04-20T18:05:22.962+0000] {logging_mixin.py:190} INFO - [2025-04-20T18:05:22.961+0000] {dagbag.py:588} INFO - Filling up the DagBag from /home/airflow/.local/lib/python3.12/site-packages/airflow/example_dags/example_branch_operator_decorator.py
[2025-04-20T18:05:22.988+0000] {processor.py:925} INFO - DAG(s) 'example_branch_python_operator_decorator' retrieved from /home/airflow/.local/lib/python3.12/site-packages/airflow/example_dags/example_branch_operator_decorator.py
[2025-04-20T18:05:23.025+0000] {logging_mixin.py:190} INFO - [2025-04-20T18:05:23.024+0000] {dag.py:3239} INFO - Sync 1 DAGs
[2025-04-20T18:05:23.053+0000] {logging_mixin.py:190} INFO - [2025-04-20T18:05:23.053+0000] {dag.py:4180} INFO - Setting next_dagrun for example_branch_python_operator_decorator to 2025-04-19 00:00:00+00:00, run_after=2025-04-20 00:00:00+00:00
[2025-04-20T18:05:23.110+0000] {processor.py:208} INFO - Processing /home/airflow/.local/lib/python3.12/site-packages/airflow/example_dags/example_branch_operator_decorator.py took 0.160 seconds
[2025-04-20T18:05:55.242+0000] {processor.py:186} INFO - Started process (PID=214) to work on /home/airflow/.local/lib/python3.12/site-packages/airflow/example_dags/example_branch_operator_decorator.py
[2025-04-20T18:05:55.243+0000] {processor.py:914} INFO - Processing file /home/airflow/.local/lib/python3.12/site-packages/airflow/example_dags/example_branch_operator_decorator.py for tasks to queue
[2025-04-20T18:05:55.247+0000] {logging_mixin.py:190} INFO - [2025-04-20T18:05:55.246+0000] {dagbag.py:588} INFO - Filling up the DagBag from /home/airflow/.local/lib/python3.12/site-packages/airflow/example_dags/example_branch_operator_decorator.py
[2025-04-20T18:05:55.274+0000] {processor.py:925} INFO - DAG(s) 'example_branch_python_operator_decorator' retrieved from /home/airflow/.local/lib/python3.12/site-packages/airflow/example_dags/example_branch_operator_decorator.py
[2025-04-20T18:05:55.315+0000] {logging_mixin.py:190} INFO - [2025-04-20T18:05:55.315+0000] {dag.py:3239} INFO - Sync 1 DAGs
[2025-04-20T18:05:55.346+0000] {logging_mixin.py:190} INFO - [2025-04-20T18:05:55.346+0000] {dag.py:4180} INFO - Setting next_dagrun for example_branch_python_operator_decorator to 2025-04-19 00:00:00+00:00, run_after=2025-04-20 00:00:00+00:00
[2025-04-20T18:05:55.376+0000] {processor.py:208} INFO - Processing /home/airflow/.local/lib/python3.12/site-packages/airflow/example_dags/example_branch_operator_decorator.py took 0.146 seconds
[2025-04-20T18:06:26.216+0000] {processor.py:186} INFO - Started process (PID=277) to work on /home/airflow/.local/lib/python3.12/site-packages/airflow/example_dags/example_branch_operator_decorator.py
[2025-04-20T18:06:26.217+0000] {processor.py:914} INFO - Processing file /home/airflow/.local/lib/python3.12/site-packages/airflow/example_dags/example_branch_operator_decorator.py for tasks to queue
[2025-04-20T18:06:26.220+0000] {logging_mixin.py:190} INFO - [2025-04-20T18:06:26.220+0000] {dagbag.py:588} INFO - Filling up the DagBag from /home/airflow/.local/lib/python3.12/site-packages/airflow/example_dags/example_branch_operator_decorator.py
[2025-04-20T18:06:26.249+0000] {processor.py:925} INFO - DAG(s) 'example_branch_python_operator_decorator' retrieved from /home/airflow/.local/lib/python3.12/site-packages/airflow/example_dags/example_branch_operator_decorator.py
[2025-04-20T18:06:26.286+0000] {logging_mixin.py:190} INFO - [2025-04-20T18:06:26.285+0000] {dag.py:3239} INFO - Sync 1 DAGs
[2025-04-20T18:06:26.316+0000] {logging_mixin.py:190} INFO - [2025-04-20T18:06:26.316+0000] {dag.py:4180} INFO - Setting next_dagrun for example_branch_python_operator_decorator to 2025-04-19 00:00:00+00:00, run_after=2025-04-20 00:00:00+00:00
[2025-04-20T18:06:26.343+0000] {processor.py:208} INFO - Processing /home/airflow/.local/lib/python3.12/site-packages/airflow/example_dags/example_branch_operator_decorator.py took 0.134 seconds
[2025-04-20T18:06:58.213+0000] {processor.py:186} INFO - Started process (PID=340) to work on /home/airflow/.local/lib/python3.12/site-packages/airflow/example_dags/example_branch_operator_decorator.py
[2025-04-20T18:06:58.215+0000] {processor.py:914} INFO - Processing file /home/airflow/.local/lib/python3.12/site-packages/airflow/example_dags/example_branch_operator_decorator.py for tasks to queue
[2025-04-20T18:06:58.218+0000] {logging_mixin.py:190} INFO - [2025-04-20T18:06:58.218+0000] {dagbag.py:588} INFO - Filling up the DagBag from /home/airflow/.local/lib/python3.12/site-packages/airflow/example_dags/example_branch_operator_decorator.py
[2025-04-20T18:06:58.248+0000] {processor.py:925} INFO - DAG(s) 'example_branch_python_operator_decorator' retrieved from /home/airflow/.local/lib/python3.12/site-packages/airflow/example_dags/example_branch_operator_decorator.py
[2025-04-20T18:06:58.291+0000] {logging_mixin.py:190} INFO - [2025-04-20T18:06:58.291+0000] {dag.py:3239} INFO - Sync 1 DAGs
[2025-04-20T18:06:58.328+0000] {logging_mixin.py:190} INFO - [2025-04-20T18:06:58.328+0000] {dag.py:4180} INFO - Setting next_dagrun for example_branch_python_operator_decorator to 2025-04-19 00:00:00+00:00, run_after=2025-04-20 00:00:00+00:00
[2025-04-20T18:06:58.355+0000] {processor.py:208} INFO - Processing /home/airflow/.local/lib/python3.12/site-packages/airflow/example_dags/example_branch_operator_decorator.py took 0.150 seconds
[2025-04-20T18:07:29.598+0000] {processor.py:186} INFO - Started process (PID=403) to work on /home/airflow/.local/lib/python3.12/site-packages/airflow/example_dags/example_branch_operator_decorator.py
[2025-04-20T18:07:29.600+0000] {processor.py:914} INFO - Processing file /home/airflow/.local/lib/python3.12/site-packages/airflow/example_dags/example_branch_operator_decorator.py for tasks to queue
[2025-04-20T18:07:29.603+0000] {logging_mixin.py:190} INFO - [2025-04-20T18:07:29.603+0000] {dagbag.py:588} INFO - Filling up the DagBag from /home/airflow/.local/lib/python3.12/site-packages/airflow/example_dags/example_branch_operator_decorator.py
[2025-04-20T18:07:29.642+0000] {processor.py:925} INFO - DAG(s) 'example_branch_python_operator_decorator' retrieved from /home/airflow/.local/lib/python3.12/site-packages/airflow/example_dags/example_branch_operator_decorator.py
[2025-04-20T18:07:29.697+0000] {logging_mixin.py:190} INFO - [2025-04-20T18:07:29.696+0000] {dag.py:3239} INFO - Sync 1 DAGs
[2025-04-20T18:07:29.738+0000] {logging_mixin.py:190} INFO - [2025-04-20T18:07:29.737+0000] {dag.py:4180} INFO - Setting next_dagrun for example_branch_python_operator_decorator to 2025-04-19 00:00:00+00:00, run_after=2025-04-20 00:00:00+00:00
[2025-04-20T18:07:29.773+0000] {processor.py:208} INFO - Processing /home/airflow/.local/lib/python3.12/site-packages/airflow/example_dags/example_branch_operator_decorator.py took 0.189 seconds
[2025-04-20T18:08:01.210+0000] {processor.py:186} INFO - Started process (PID=466) to work on /home/airflow/.local/lib/python3.12/site-packages/airflow/example_dags/example_branch_operator_decorator.py
[2025-04-20T18:08:01.212+0000] {processor.py:914} INFO - Processing file /home/airflow/.local/lib/python3.12/site-packages/airflow/example_dags/example_branch_operator_decorator.py for tasks to queue
[2025-04-20T18:08:01.216+0000] {logging_mixin.py:190} INFO - [2025-04-20T18:08:01.216+0000] {dagbag.py:588} INFO - Filling up the DagBag from /home/airflow/.local/lib/python3.12/site-packages/airflow/example_dags/example_branch_operator_decorator.py
[2025-04-20T18:08:01.248+0000] {processor.py:925} INFO - DAG(s) 'example_branch_python_operator_decorator' retrieved from /home/airflow/.local/lib/python3.12/site-packages/airflow/example_dags/example_branch_operator_decorator.py
[2025-04-20T18:08:01.288+0000] {logging_mixin.py:190} INFO - [2025-04-20T18:08:01.287+0000] {dag.py:3239} INFO - Sync 1 DAGs
[2025-04-20T18:08:01.327+0000] {logging_mixin.py:190} INFO - [2025-04-20T18:08:01.327+0000] {dag.py:4180} INFO - Setting next_dagrun for example_branch_python_operator_decorator to 2025-04-19 00:00:00+00:00, run_after=2025-04-20 00:00:00+00:00
[2025-04-20T18:08:01.360+0000] {processor.py:208} INFO - Processing /home/airflow/.local/lib/python3.12/site-packages/airflow/example_dags/example_branch_operator_decorator.py took 0.160 seconds
[2025-04-20T18:08:32.766+0000] {processor.py:186} INFO - Started process (PID=529) to work on /home/airflow/.local/lib/python3.12/site-packages/airflow/example_dags/example_branch_operator_decorator.py
[2025-04-20T18:08:32.767+0000] {processor.py:914} INFO - Processing file /home/airflow/.local/lib/python3.12/site-packages/airflow/example_dags/example_branch_operator_decorator.py for tasks to queue
[2025-04-20T18:08:32.771+0000] {logging_mixin.py:190} INFO - [2025-04-20T18:08:32.771+0000] {dagbag.py:588} INFO - Filling up the DagBag from /home/airflow/.local/lib/python3.12/site-packages/airflow/example_dags/example_branch_operator_decorator.py
[2025-04-20T18:08:32.816+0000] {processor.py:925} INFO - DAG(s) 'example_branch_python_operator_decorator' retrieved from /home/airflow/.local/lib/python3.12/site-packages/airflow/example_dags/example_branch_operator_decorator.py
[2025-04-20T18:08:32.865+0000] {logging_mixin.py:190} INFO - [2025-04-20T18:08:32.865+0000] {dag.py:3239} INFO - Sync 1 DAGs
[2025-04-20T18:08:32.908+0000] {logging_mixin.py:190} INFO - [2025-04-20T18:08:32.908+0000] {dag.py:4180} INFO - Setting next_dagrun for example_branch_python_operator_decorator to 2025-04-19 00:00:00+00:00, run_after=2025-04-20 00:00:00+00:00
[2025-04-20T18:08:32.951+0000] {processor.py:208} INFO - Processing /home/airflow/.local/lib/python3.12/site-packages/airflow/example_dags/example_branch_operator_decorator.py took 0.198 seconds
[2025-04-20T18:09:04.075+0000] {processor.py:186} INFO - Started process (PID=592) to work on /home/airflow/.local/lib/python3.12/site-packages/airflow/example_dags/example_branch_operator_decorator.py
[2025-04-20T18:09:04.079+0000] {processor.py:914} INFO - Processing file /home/airflow/.local/lib/python3.12/site-packages/airflow/example_dags/example_branch_operator_decorator.py for tasks to queue
[2025-04-20T18:09:04.084+0000] {logging_mixin.py:190} INFO - [2025-04-20T18:09:04.084+0000] {dagbag.py:588} INFO - Filling up the DagBag from /home/airflow/.local/lib/python3.12/site-packages/airflow/example_dags/example_branch_operator_decorator.py
[2025-04-20T18:09:04.154+0000] {processor.py:925} INFO - DAG(s) 'example_branch_python_operator_decorator' retrieved from /home/airflow/.local/lib/python3.12/site-packages/airflow/example_dags/example_branch_operator_decorator.py
[2025-04-20T18:09:04.244+0000] {logging_mixin.py:190} INFO - [2025-04-20T18:09:04.243+0000] {dag.py:3239} INFO - Sync 1 DAGs
[2025-04-20T18:09:04.329+0000] {logging_mixin.py:190} INFO - [2025-04-20T18:09:04.328+0000] {dag.py:4180} INFO - Setting next_dagrun for example_branch_python_operator_decorator to 2025-04-19 00:00:00+00:00, run_after=2025-04-20 00:00:00+00:00
[2025-04-20T18:09:04.375+0000] {processor.py:208} INFO - Processing /home/airflow/.local/lib/python3.12/site-packages/airflow/example_dags/example_branch_operator_decorator.py took 0.319 seconds
[2025-04-20T18:09:35.293+0000] {processor.py:186} INFO - Started process (PID=655) to work on /home/airflow/.local/lib/python3.12/site-packages/airflow/example_dags/example_branch_operator_decorator.py
[2025-04-20T18:09:35.295+0000] {processor.py:914} INFO - Processing file /home/airflow/.local/lib/python3.12/site-packages/airflow/example_dags/example_branch_operator_decorator.py for tasks to queue
[2025-04-20T18:09:35.298+0000] {logging_mixin.py:190} INFO - [2025-04-20T18:09:35.298+0000] {dagbag.py:588} INFO - Filling up the DagBag from /home/airflow/.local/lib/python3.12/site-packages/airflow/example_dags/example_branch_operator_decorator.py
[2025-04-20T18:09:35.328+0000] {processor.py:925} INFO - DAG(s) 'example_branch_python_operator_decorator' retrieved from /home/airflow/.local/lib/python3.12/site-packages/airflow/example_dags/example_branch_operator_decorator.py
[2025-04-20T18:09:35.368+0000] {logging_mixin.py:190} INFO - [2025-04-20T18:09:35.368+0000] {dag.py:3239} INFO - Sync 1 DAGs
[2025-04-20T18:09:35.403+0000] {logging_mixin.py:190} INFO - [2025-04-20T18:09:35.403+0000] {dag.py:4180} INFO - Setting next_dagrun for example_branch_python_operator_decorator to 2025-04-19 00:00:00+00:00, run_after=2025-04-20 00:00:00+00:00
[2025-04-20T18:09:35.433+0000] {processor.py:208} INFO - Processing /home/airflow/.local/lib/python3.12/site-packages/airflow/example_dags/example_branch_operator_decorator.py took 0.148 seconds
