[2025-04-20T17:48:41.490+0000] {processor.py:186} INFO - Started process (PID=73) to work on /home/airflow/.local/lib/python3.12/site-packages/airflow/example_dags/example_bash_operator.py
[2025-04-20T17:48:41.492+0000] {processor.py:914} INFO - Processing file /home/airflow/.local/lib/python3.12/site-packages/airflow/example_dags/example_bash_operator.py for tasks to queue
[2025-04-20T17:48:41.496+0000] {logging_mixin.py:190} INFO - [2025-04-20T17:48:41.495+0000] {dagbag.py:588} INFO - Filling up the DagBag from /home/airflow/.local/lib/python3.12/site-packages/airflow/example_dags/example_bash_operator.py
[2025-04-20T17:48:41.530+0000] {processor.py:925} INFO - DAG(s) 'example_bash_operator' retrieved from /home/airflow/.local/lib/python3.12/site-packages/airflow/example_dags/example_bash_operator.py
[2025-04-20T17:48:41.861+0000] {logging_mixin.py:190} INFO - [2025-04-20T17:48:41.860+0000] {override.py:1912} INFO - Created Permission View: can read on DAG:example_bash_operator
[2025-04-20T17:48:41.981+0000] {logging_mixin.py:190} INFO - [2025-04-20T17:48:41.980+0000] {override.py:1912} INFO - Created Permission View: can edit on DAG:example_bash_operator
[2025-04-20T17:48:42.024+0000] {logging_mixin.py:190} INFO - [2025-04-20T17:48:42.023+0000] {override.py:1912} INFO - Created Permission View: can delete on DAG:example_bash_operator
[2025-04-20T17:48:42.126+0000] {logging_mixin.py:190} INFO - [2025-04-20T17:48:42.126+0000] {override.py:1912} INFO - Created Permission View: can read on DAG Run:example_bash_operator
[2025-04-20T17:48:42.196+0000] {logging_mixin.py:190} INFO - [2025-04-20T17:48:42.195+0000] {override.py:1912} INFO - Created Permission View: can create on DAG Run:example_bash_operator
[2025-04-20T17:48:42.240+0000] {logging_mixin.py:190} INFO - [2025-04-20T17:48:42.240+0000] {override.py:1912} INFO - Created Permission View: menu access on DAG Run:example_bash_operator
[2025-04-20T17:48:42.324+0000] {logging_mixin.py:190} INFO - [2025-04-20T17:48:42.323+0000] {override.py:1912} INFO - Created Permission View: can delete on DAG Run:example_bash_operator
[2025-04-20T17:48:42.326+0000] {logging_mixin.py:190} INFO - [2025-04-20T17:48:42.326+0000] {dag.py:3239} INFO - Sync 1 DAGs
[2025-04-20T17:48:42.390+0000] {logging_mixin.py:190} INFO - [2025-04-20T17:48:42.389+0000] {dag.py:3262} INFO - Creating ORM DAG for example_bash_operator
[2025-04-20T17:48:42.416+0000] {logging_mixin.py:190} INFO - [2025-04-20T17:48:42.416+0000] {dag.py:4180} INFO - Setting next_dagrun for example_bash_operator to 2025-04-19 00:00:00+00:00, run_after=2025-04-20 00:00:00+00:00
[2025-04-20T17:48:42.499+0000] {processor.py:208} INFO - Processing /home/airflow/.local/lib/python3.12/site-packages/airflow/example_dags/example_bash_operator.py took 1.021 seconds
[2025-04-20T17:49:13.383+0000] {processor.py:186} INFO - Started process (PID=136) to work on /home/airflow/.local/lib/python3.12/site-packages/airflow/example_dags/example_bash_operator.py
[2025-04-20T17:49:13.384+0000] {processor.py:914} INFO - Processing file /home/airflow/.local/lib/python3.12/site-packages/airflow/example_dags/example_bash_operator.py for tasks to queue
[2025-04-20T17:49:13.387+0000] {logging_mixin.py:190} INFO - [2025-04-20T17:49:13.387+0000] {dagbag.py:588} INFO - Filling up the DagBag from /home/airflow/.local/lib/python3.12/site-packages/airflow/example_dags/example_bash_operator.py
[2025-04-20T17:49:13.405+0000] {processor.py:925} INFO - DAG(s) 'example_bash_operator' retrieved from /home/airflow/.local/lib/python3.12/site-packages/airflow/example_dags/example_bash_operator.py
[2025-04-20T17:49:13.438+0000] {logging_mixin.py:190} INFO - [2025-04-20T17:49:13.438+0000] {dag.py:3239} INFO - Sync 1 DAGs
[2025-04-20T17:49:13.465+0000] {logging_mixin.py:190} INFO - [2025-04-20T17:49:13.465+0000] {dag.py:4180} INFO - Setting next_dagrun for example_bash_operator to 2025-04-19 00:00:00+00:00, run_after=2025-04-20 00:00:00+00:00
[2025-04-20T17:49:13.491+0000] {processor.py:208} INFO - Processing /home/airflow/.local/lib/python3.12/site-packages/airflow/example_dags/example_bash_operator.py took 0.115 seconds
[2025-04-20T17:49:43.653+0000] {processor.py:186} INFO - Started process (PID=200) to work on /home/airflow/.local/lib/python3.12/site-packages/airflow/example_dags/example_bash_operator.py
[2025-04-20T17:49:43.655+0000] {processor.py:914} INFO - Processing file /home/airflow/.local/lib/python3.12/site-packages/airflow/example_dags/example_bash_operator.py for tasks to queue
[2025-04-20T17:49:43.658+0000] {logging_mixin.py:190} INFO - [2025-04-20T17:49:43.658+0000] {dagbag.py:588} INFO - Filling up the DagBag from /home/airflow/.local/lib/python3.12/site-packages/airflow/example_dags/example_bash_operator.py
[2025-04-20T17:49:43.677+0000] {processor.py:925} INFO - DAG(s) 'example_bash_operator' retrieved from /home/airflow/.local/lib/python3.12/site-packages/airflow/example_dags/example_bash_operator.py
[2025-04-20T17:49:43.714+0000] {logging_mixin.py:190} INFO - [2025-04-20T17:49:43.713+0000] {dag.py:3239} INFO - Sync 1 DAGs
[2025-04-20T17:49:43.753+0000] {logging_mixin.py:190} INFO - [2025-04-20T17:49:43.752+0000] {dag.py:4180} INFO - Setting next_dagrun for example_bash_operator to 2025-04-19 00:00:00+00:00, run_after=2025-04-20 00:00:00+00:00
[2025-04-20T17:49:43.781+0000] {processor.py:208} INFO - Processing /home/airflow/.local/lib/python3.12/site-packages/airflow/example_dags/example_bash_operator.py took 0.135 seconds
[2025-04-20T17:50:14.547+0000] {processor.py:186} INFO - Started process (PID=262) to work on /home/airflow/.local/lib/python3.12/site-packages/airflow/example_dags/example_bash_operator.py
[2025-04-20T17:50:14.549+0000] {processor.py:914} INFO - Processing file /home/airflow/.local/lib/python3.12/site-packages/airflow/example_dags/example_bash_operator.py for tasks to queue
[2025-04-20T17:50:14.554+0000] {logging_mixin.py:190} INFO - [2025-04-20T17:50:14.553+0000] {dagbag.py:588} INFO - Filling up the DagBag from /home/airflow/.local/lib/python3.12/site-packages/airflow/example_dags/example_bash_operator.py
[2025-04-20T17:50:14.578+0000] {processor.py:925} INFO - DAG(s) 'example_bash_operator' retrieved from /home/airflow/.local/lib/python3.12/site-packages/airflow/example_dags/example_bash_operator.py
[2025-04-20T17:50:14.625+0000] {logging_mixin.py:190} INFO - [2025-04-20T17:50:14.624+0000] {dag.py:3239} INFO - Sync 1 DAGs
[2025-04-20T17:50:14.669+0000] {logging_mixin.py:190} INFO - [2025-04-20T17:50:14.669+0000] {dag.py:4180} INFO - Setting next_dagrun for example_bash_operator to 2025-04-19 00:00:00+00:00, run_after=2025-04-20 00:00:00+00:00
[2025-04-20T17:50:14.702+0000] {processor.py:208} INFO - Processing /home/airflow/.local/lib/python3.12/site-packages/airflow/example_dags/example_bash_operator.py took 0.168 seconds
[2025-04-20T17:50:45.586+0000] {processor.py:186} INFO - Started process (PID=325) to work on /home/airflow/.local/lib/python3.12/site-packages/airflow/example_dags/example_bash_operator.py
[2025-04-20T17:50:45.587+0000] {processor.py:914} INFO - Processing file /home/airflow/.local/lib/python3.12/site-packages/airflow/example_dags/example_bash_operator.py for tasks to queue
[2025-04-20T17:50:45.591+0000] {logging_mixin.py:190} INFO - [2025-04-20T17:50:45.591+0000] {dagbag.py:588} INFO - Filling up the DagBag from /home/airflow/.local/lib/python3.12/site-packages/airflow/example_dags/example_bash_operator.py
[2025-04-20T17:50:45.610+0000] {processor.py:925} INFO - DAG(s) 'example_bash_operator' retrieved from /home/airflow/.local/lib/python3.12/site-packages/airflow/example_dags/example_bash_operator.py
[2025-04-20T17:50:45.645+0000] {logging_mixin.py:190} INFO - [2025-04-20T17:50:45.645+0000] {dag.py:3239} INFO - Sync 1 DAGs
[2025-04-20T17:50:45.679+0000] {logging_mixin.py:190} INFO - [2025-04-20T17:50:45.679+0000] {dag.py:4180} INFO - Setting next_dagrun for example_bash_operator to 2025-04-19 00:00:00+00:00, run_after=2025-04-20 00:00:00+00:00
[2025-04-20T17:50:45.705+0000] {processor.py:208} INFO - Processing /home/airflow/.local/lib/python3.12/site-packages/airflow/example_dags/example_bash_operator.py took 0.128 seconds
[2025-04-20T17:51:16.392+0000] {processor.py:186} INFO - Started process (PID=388) to work on /home/airflow/.local/lib/python3.12/site-packages/airflow/example_dags/example_bash_operator.py
[2025-04-20T17:51:16.397+0000] {processor.py:914} INFO - Processing file /home/airflow/.local/lib/python3.12/site-packages/airflow/example_dags/example_bash_operator.py for tasks to queue
[2025-04-20T17:51:16.400+0000] {logging_mixin.py:190} INFO - [2025-04-20T17:51:16.400+0000] {dagbag.py:588} INFO - Filling up the DagBag from /home/airflow/.local/lib/python3.12/site-packages/airflow/example_dags/example_bash_operator.py
[2025-04-20T17:51:16.420+0000] {processor.py:925} INFO - DAG(s) 'example_bash_operator' retrieved from /home/airflow/.local/lib/python3.12/site-packages/airflow/example_dags/example_bash_operator.py
[2025-04-20T17:51:16.456+0000] {logging_mixin.py:190} INFO - [2025-04-20T17:51:16.455+0000] {dag.py:3239} INFO - Sync 1 DAGs
[2025-04-20T17:51:16.484+0000] {logging_mixin.py:190} INFO - [2025-04-20T17:51:16.484+0000] {dag.py:4180} INFO - Setting next_dagrun for example_bash_operator to 2025-04-19 00:00:00+00:00, run_after=2025-04-20 00:00:00+00:00
[2025-04-20T17:51:16.512+0000] {processor.py:208} INFO - Processing /home/airflow/.local/lib/python3.12/site-packages/airflow/example_dags/example_bash_operator.py took 0.127 seconds
[2025-04-20T17:51:47.234+0000] {processor.py:186} INFO - Started process (PID=451) to work on /home/airflow/.local/lib/python3.12/site-packages/airflow/example_dags/example_bash_operator.py
[2025-04-20T17:51:47.236+0000] {processor.py:914} INFO - Processing file /home/airflow/.local/lib/python3.12/site-packages/airflow/example_dags/example_bash_operator.py for tasks to queue
[2025-04-20T17:51:47.239+0000] {logging_mixin.py:190} INFO - [2025-04-20T17:51:47.239+0000] {dagbag.py:588} INFO - Filling up the DagBag from /home/airflow/.local/lib/python3.12/site-packages/airflow/example_dags/example_bash_operator.py
[2025-04-20T17:51:47.256+0000] {processor.py:925} INFO - DAG(s) 'example_bash_operator' retrieved from /home/airflow/.local/lib/python3.12/site-packages/airflow/example_dags/example_bash_operator.py
[2025-04-20T17:51:47.292+0000] {logging_mixin.py:190} INFO - [2025-04-20T17:51:47.292+0000] {dag.py:3239} INFO - Sync 1 DAGs
[2025-04-20T17:51:47.343+0000] {logging_mixin.py:190} INFO - [2025-04-20T17:51:47.343+0000] {dag.py:4180} INFO - Setting next_dagrun for example_bash_operator to 2025-04-19 00:00:00+00:00, run_after=2025-04-20 00:00:00+00:00
[2025-04-20T17:51:47.368+0000] {processor.py:208} INFO - Processing /home/airflow/.local/lib/python3.12/site-packages/airflow/example_dags/example_bash_operator.py took 0.145 seconds
[2025-04-20T17:52:17.741+0000] {processor.py:186} INFO - Started process (PID=513) to work on /home/airflow/.local/lib/python3.12/site-packages/airflow/example_dags/example_bash_operator.py
[2025-04-20T17:52:17.742+0000] {processor.py:914} INFO - Processing file /home/airflow/.local/lib/python3.12/site-packages/airflow/example_dags/example_bash_operator.py for tasks to queue
[2025-04-20T17:52:17.746+0000] {logging_mixin.py:190} INFO - [2025-04-20T17:52:17.745+0000] {dagbag.py:588} INFO - Filling up the DagBag from /home/airflow/.local/lib/python3.12/site-packages/airflow/example_dags/example_bash_operator.py
[2025-04-20T17:52:17.763+0000] {processor.py:925} INFO - DAG(s) 'example_bash_operator' retrieved from /home/airflow/.local/lib/python3.12/site-packages/airflow/example_dags/example_bash_operator.py
[2025-04-20T17:52:17.802+0000] {logging_mixin.py:190} INFO - [2025-04-20T17:52:17.802+0000] {dag.py:3239} INFO - Sync 1 DAGs
[2025-04-20T17:52:17.836+0000] {logging_mixin.py:190} INFO - [2025-04-20T17:52:17.835+0000] {dag.py:4180} INFO - Setting next_dagrun for example_bash_operator to 2025-04-19 00:00:00+00:00, run_after=2025-04-20 00:00:00+00:00
[2025-04-20T17:52:17.861+0000] {processor.py:208} INFO - Processing /home/airflow/.local/lib/python3.12/site-packages/airflow/example_dags/example_bash_operator.py took 0.128 seconds
[2025-04-20T17:52:48.118+0000] {processor.py:186} INFO - Started process (PID=576) to work on /home/airflow/.local/lib/python3.12/site-packages/airflow/example_dags/example_bash_operator.py
[2025-04-20T17:52:48.119+0000] {processor.py:914} INFO - Processing file /home/airflow/.local/lib/python3.12/site-packages/airflow/example_dags/example_bash_operator.py for tasks to queue
[2025-04-20T17:52:48.122+0000] {logging_mixin.py:190} INFO - [2025-04-20T17:52:48.122+0000] {dagbag.py:588} INFO - Filling up the DagBag from /home/airflow/.local/lib/python3.12/site-packages/airflow/example_dags/example_bash_operator.py
[2025-04-20T17:52:48.139+0000] {processor.py:925} INFO - DAG(s) 'example_bash_operator' retrieved from /home/airflow/.local/lib/python3.12/site-packages/airflow/example_dags/example_bash_operator.py
[2025-04-20T17:52:48.173+0000] {logging_mixin.py:190} INFO - [2025-04-20T17:52:48.173+0000] {dag.py:3239} INFO - Sync 1 DAGs
[2025-04-20T17:52:48.202+0000] {logging_mixin.py:190} INFO - [2025-04-20T17:52:48.202+0000] {dag.py:4180} INFO - Setting next_dagrun for example_bash_operator to 2025-04-19 00:00:00+00:00, run_after=2025-04-20 00:00:00+00:00
[2025-04-20T17:52:48.226+0000] {processor.py:208} INFO - Processing /home/airflow/.local/lib/python3.12/site-packages/airflow/example_dags/example_bash_operator.py took 0.117 seconds
[2025-04-20T17:53:19.238+0000] {processor.py:186} INFO - Started process (PID=639) to work on /home/airflow/.local/lib/python3.12/site-packages/airflow/example_dags/example_bash_operator.py
[2025-04-20T17:53:19.239+0000] {processor.py:914} INFO - Processing file /home/airflow/.local/lib/python3.12/site-packages/airflow/example_dags/example_bash_operator.py for tasks to queue
[2025-04-20T17:53:19.243+0000] {logging_mixin.py:190} INFO - [2025-04-20T17:53:19.243+0000] {dagbag.py:588} INFO - Filling up the DagBag from /home/airflow/.local/lib/python3.12/site-packages/airflow/example_dags/example_bash_operator.py
[2025-04-20T17:53:19.265+0000] {processor.py:925} INFO - DAG(s) 'example_bash_operator' retrieved from /home/airflow/.local/lib/python3.12/site-packages/airflow/example_dags/example_bash_operator.py
[2025-04-20T17:53:19.319+0000] {logging_mixin.py:190} INFO - [2025-04-20T17:53:19.319+0000] {dag.py:3239} INFO - Sync 1 DAGs
[2025-04-20T17:53:19.364+0000] {logging_mixin.py:190} INFO - [2025-04-20T17:53:19.364+0000] {dag.py:4180} INFO - Setting next_dagrun for example_bash_operator to 2025-04-19 00:00:00+00:00, run_after=2025-04-20 00:00:00+00:00
[2025-04-20T17:53:19.398+0000] {processor.py:208} INFO - Processing /home/airflow/.local/lib/python3.12/site-packages/airflow/example_dags/example_bash_operator.py took 0.170 seconds
[2025-04-20T17:53:50.161+0000] {processor.py:186} INFO - Started process (PID=702) to work on /home/airflow/.local/lib/python3.12/site-packages/airflow/example_dags/example_bash_operator.py
[2025-04-20T17:53:50.162+0000] {processor.py:914} INFO - Processing file /home/airflow/.local/lib/python3.12/site-packages/airflow/example_dags/example_bash_operator.py for tasks to queue
[2025-04-20T17:53:50.167+0000] {logging_mixin.py:190} INFO - [2025-04-20T17:53:50.166+0000] {dagbag.py:588} INFO - Filling up the DagBag from /home/airflow/.local/lib/python3.12/site-packages/airflow/example_dags/example_bash_operator.py
[2025-04-20T17:53:50.187+0000] {processor.py:925} INFO - DAG(s) 'example_bash_operator' retrieved from /home/airflow/.local/lib/python3.12/site-packages/airflow/example_dags/example_bash_operator.py
[2025-04-20T17:53:50.234+0000] {logging_mixin.py:190} INFO - [2025-04-20T17:53:50.234+0000] {dag.py:3239} INFO - Sync 1 DAGs
[2025-04-20T17:53:50.278+0000] {logging_mixin.py:190} INFO - [2025-04-20T17:53:50.278+0000] {dag.py:4180} INFO - Setting next_dagrun for example_bash_operator to 2025-04-19 00:00:00+00:00, run_after=2025-04-20 00:00:00+00:00
[2025-04-20T17:53:50.307+0000] {processor.py:208} INFO - Processing /home/airflow/.local/lib/python3.12/site-packages/airflow/example_dags/example_bash_operator.py took 0.155 seconds
[2025-04-20T17:54:20.455+0000] {processor.py:186} INFO - Started process (PID=765) to work on /home/airflow/.local/lib/python3.12/site-packages/airflow/example_dags/example_bash_operator.py
[2025-04-20T17:54:20.457+0000] {processor.py:914} INFO - Processing file /home/airflow/.local/lib/python3.12/site-packages/airflow/example_dags/example_bash_operator.py for tasks to queue
[2025-04-20T17:54:20.461+0000] {logging_mixin.py:190} INFO - [2025-04-20T17:54:20.460+0000] {dagbag.py:588} INFO - Filling up the DagBag from /home/airflow/.local/lib/python3.12/site-packages/airflow/example_dags/example_bash_operator.py
[2025-04-20T17:54:20.479+0000] {processor.py:925} INFO - DAG(s) 'example_bash_operator' retrieved from /home/airflow/.local/lib/python3.12/site-packages/airflow/example_dags/example_bash_operator.py
[2025-04-20T17:54:20.513+0000] {logging_mixin.py:190} INFO - [2025-04-20T17:54:20.513+0000] {dag.py:3239} INFO - Sync 1 DAGs
[2025-04-20T17:54:20.542+0000] {logging_mixin.py:190} INFO - [2025-04-20T17:54:20.541+0000] {dag.py:4180} INFO - Setting next_dagrun for example_bash_operator to 2025-04-19 00:00:00+00:00, run_after=2025-04-20 00:00:00+00:00
[2025-04-20T17:54:20.565+0000] {processor.py:208} INFO - Processing /home/airflow/.local/lib/python3.12/site-packages/airflow/example_dags/example_bash_operator.py took 0.117 seconds
[2025-04-20T17:54:51.532+0000] {processor.py:186} INFO - Started process (PID=828) to work on /home/airflow/.local/lib/python3.12/site-packages/airflow/example_dags/example_bash_operator.py
[2025-04-20T17:54:51.534+0000] {processor.py:914} INFO - Processing file /home/airflow/.local/lib/python3.12/site-packages/airflow/example_dags/example_bash_operator.py for tasks to queue
[2025-04-20T17:54:51.538+0000] {logging_mixin.py:190} INFO - [2025-04-20T17:54:51.538+0000] {dagbag.py:588} INFO - Filling up the DagBag from /home/airflow/.local/lib/python3.12/site-packages/airflow/example_dags/example_bash_operator.py
[2025-04-20T17:54:51.554+0000] {processor.py:925} INFO - DAG(s) 'example_bash_operator' retrieved from /home/airflow/.local/lib/python3.12/site-packages/airflow/example_dags/example_bash_operator.py
[2025-04-20T17:54:51.589+0000] {logging_mixin.py:190} INFO - [2025-04-20T17:54:51.589+0000] {dag.py:3239} INFO - Sync 1 DAGs
[2025-04-20T17:54:51.621+0000] {logging_mixin.py:190} INFO - [2025-04-20T17:54:51.621+0000] {dag.py:4180} INFO - Setting next_dagrun for example_bash_operator to 2025-04-19 00:00:00+00:00, run_after=2025-04-20 00:00:00+00:00
[2025-04-20T17:54:51.661+0000] {processor.py:208} INFO - Processing /home/airflow/.local/lib/python3.12/site-packages/airflow/example_dags/example_bash_operator.py took 0.137 seconds
[2025-04-20T17:55:22.096+0000] {processor.py:186} INFO - Started process (PID=891) to work on /home/airflow/.local/lib/python3.12/site-packages/airflow/example_dags/example_bash_operator.py
[2025-04-20T17:55:22.098+0000] {processor.py:914} INFO - Processing file /home/airflow/.local/lib/python3.12/site-packages/airflow/example_dags/example_bash_operator.py for tasks to queue
[2025-04-20T17:55:22.102+0000] {logging_mixin.py:190} INFO - [2025-04-20T17:55:22.102+0000] {dagbag.py:588} INFO - Filling up the DagBag from /home/airflow/.local/lib/python3.12/site-packages/airflow/example_dags/example_bash_operator.py
[2025-04-20T17:55:22.135+0000] {processor.py:925} INFO - DAG(s) 'example_bash_operator' retrieved from /home/airflow/.local/lib/python3.12/site-packages/airflow/example_dags/example_bash_operator.py
[2025-04-20T17:55:22.183+0000] {logging_mixin.py:190} INFO - [2025-04-20T17:55:22.182+0000] {dag.py:3239} INFO - Sync 1 DAGs
[2025-04-20T17:55:22.225+0000] {logging_mixin.py:190} INFO - [2025-04-20T17:55:22.225+0000] {dag.py:4180} INFO - Setting next_dagrun for example_bash_operator to 2025-04-19 00:00:00+00:00, run_after=2025-04-20 00:00:00+00:00
[2025-04-20T17:55:22.255+0000] {processor.py:208} INFO - Processing /home/airflow/.local/lib/python3.12/site-packages/airflow/example_dags/example_bash_operator.py took 0.171 seconds
[2025-04-20T17:55:52.555+0000] {processor.py:186} INFO - Started process (PID=954) to work on /home/airflow/.local/lib/python3.12/site-packages/airflow/example_dags/example_bash_operator.py
[2025-04-20T17:55:52.557+0000] {processor.py:914} INFO - Processing file /home/airflow/.local/lib/python3.12/site-packages/airflow/example_dags/example_bash_operator.py for tasks to queue
[2025-04-20T17:55:52.560+0000] {logging_mixin.py:190} INFO - [2025-04-20T17:55:52.560+0000] {dagbag.py:588} INFO - Filling up the DagBag from /home/airflow/.local/lib/python3.12/site-packages/airflow/example_dags/example_bash_operator.py
[2025-04-20T17:55:52.576+0000] {processor.py:925} INFO - DAG(s) 'example_bash_operator' retrieved from /home/airflow/.local/lib/python3.12/site-packages/airflow/example_dags/example_bash_operator.py
[2025-04-20T17:55:52.612+0000] {logging_mixin.py:190} INFO - [2025-04-20T17:55:52.612+0000] {dag.py:3239} INFO - Sync 1 DAGs
[2025-04-20T17:55:52.642+0000] {logging_mixin.py:190} INFO - [2025-04-20T17:55:52.642+0000] {dag.py:4180} INFO - Setting next_dagrun for example_bash_operator to 2025-04-19 00:00:00+00:00, run_after=2025-04-20 00:00:00+00:00
[2025-04-20T17:55:52.667+0000] {processor.py:208} INFO - Processing /home/airflow/.local/lib/python3.12/site-packages/airflow/example_dags/example_bash_operator.py took 0.120 seconds
[2025-04-20T17:56:23.487+0000] {processor.py:186} INFO - Started process (PID=1017) to work on /home/airflow/.local/lib/python3.12/site-packages/airflow/example_dags/example_bash_operator.py
[2025-04-20T17:56:23.488+0000] {processor.py:914} INFO - Processing file /home/airflow/.local/lib/python3.12/site-packages/airflow/example_dags/example_bash_operator.py for tasks to queue
[2025-04-20T17:56:23.492+0000] {logging_mixin.py:190} INFO - [2025-04-20T17:56:23.491+0000] {dagbag.py:588} INFO - Filling up the DagBag from /home/airflow/.local/lib/python3.12/site-packages/airflow/example_dags/example_bash_operator.py
[2025-04-20T17:56:23.509+0000] {processor.py:925} INFO - DAG(s) 'example_bash_operator' retrieved from /home/airflow/.local/lib/python3.12/site-packages/airflow/example_dags/example_bash_operator.py
[2025-04-20T17:56:23.545+0000] {logging_mixin.py:190} INFO - [2025-04-20T17:56:23.544+0000] {dag.py:3239} INFO - Sync 1 DAGs
[2025-04-20T17:56:23.574+0000] {logging_mixin.py:190} INFO - [2025-04-20T17:56:23.574+0000] {dag.py:4180} INFO - Setting next_dagrun for example_bash_operator to 2025-04-19 00:00:00+00:00, run_after=2025-04-20 00:00:00+00:00
[2025-04-20T17:56:23.598+0000] {processor.py:208} INFO - Processing /home/airflow/.local/lib/python3.12/site-packages/airflow/example_dags/example_bash_operator.py took 0.119 seconds
[2025-04-20T17:56:54.440+0000] {processor.py:186} INFO - Started process (PID=1080) to work on /home/airflow/.local/lib/python3.12/site-packages/airflow/example_dags/example_bash_operator.py
[2025-04-20T17:56:54.441+0000] {processor.py:914} INFO - Processing file /home/airflow/.local/lib/python3.12/site-packages/airflow/example_dags/example_bash_operator.py for tasks to queue
[2025-04-20T17:56:54.444+0000] {logging_mixin.py:190} INFO - [2025-04-20T17:56:54.443+0000] {dagbag.py:588} INFO - Filling up the DagBag from /home/airflow/.local/lib/python3.12/site-packages/airflow/example_dags/example_bash_operator.py
[2025-04-20T17:56:54.464+0000] {processor.py:925} INFO - DAG(s) 'example_bash_operator' retrieved from /home/airflow/.local/lib/python3.12/site-packages/airflow/example_dags/example_bash_operator.py
[2025-04-20T17:56:54.498+0000] {logging_mixin.py:190} INFO - [2025-04-20T17:56:54.498+0000] {dag.py:3239} INFO - Sync 1 DAGs
[2025-04-20T17:56:54.546+0000] {logging_mixin.py:190} INFO - [2025-04-20T17:56:54.546+0000] {dag.py:4180} INFO - Setting next_dagrun for example_bash_operator to 2025-04-19 00:00:00+00:00, run_after=2025-04-20 00:00:00+00:00
[2025-04-20T17:56:54.572+0000] {processor.py:208} INFO - Processing /home/airflow/.local/lib/python3.12/site-packages/airflow/example_dags/example_bash_operator.py took 0.140 seconds
[2025-04-20T17:57:24.834+0000] {processor.py:186} INFO - Started process (PID=1143) to work on /home/airflow/.local/lib/python3.12/site-packages/airflow/example_dags/example_bash_operator.py
[2025-04-20T17:57:24.838+0000] {processor.py:914} INFO - Processing file /home/airflow/.local/lib/python3.12/site-packages/airflow/example_dags/example_bash_operator.py for tasks to queue
[2025-04-20T17:57:24.845+0000] {logging_mixin.py:190} INFO - [2025-04-20T17:57:24.844+0000] {dagbag.py:588} INFO - Filling up the DagBag from /home/airflow/.local/lib/python3.12/site-packages/airflow/example_dags/example_bash_operator.py
[2025-04-20T17:57:24.872+0000] {processor.py:925} INFO - DAG(s) 'example_bash_operator' retrieved from /home/airflow/.local/lib/python3.12/site-packages/airflow/example_dags/example_bash_operator.py
[2025-04-20T17:57:24.931+0000] {logging_mixin.py:190} INFO - [2025-04-20T17:57:24.931+0000] {dag.py:3239} INFO - Sync 1 DAGs
[2025-04-20T17:57:24.984+0000] {logging_mixin.py:190} INFO - [2025-04-20T17:57:24.983+0000] {dag.py:4180} INFO - Setting next_dagrun for example_bash_operator to 2025-04-19 00:00:00+00:00, run_after=2025-04-20 00:00:00+00:00
[2025-04-20T17:57:25.010+0000] {processor.py:208} INFO - Processing /home/airflow/.local/lib/python3.12/site-packages/airflow/example_dags/example_bash_operator.py took 0.195 seconds
[2025-04-20T17:57:56.046+0000] {processor.py:186} INFO - Started process (PID=1206) to work on /home/airflow/.local/lib/python3.12/site-packages/airflow/example_dags/example_bash_operator.py
[2025-04-20T17:57:56.048+0000] {processor.py:914} INFO - Processing file /home/airflow/.local/lib/python3.12/site-packages/airflow/example_dags/example_bash_operator.py for tasks to queue
[2025-04-20T17:57:56.051+0000] {logging_mixin.py:190} INFO - [2025-04-20T17:57:56.051+0000] {dagbag.py:588} INFO - Filling up the DagBag from /home/airflow/.local/lib/python3.12/site-packages/airflow/example_dags/example_bash_operator.py
[2025-04-20T17:57:56.076+0000] {processor.py:925} INFO - DAG(s) 'example_bash_operator' retrieved from /home/airflow/.local/lib/python3.12/site-packages/airflow/example_dags/example_bash_operator.py
[2025-04-20T17:57:56.123+0000] {logging_mixin.py:190} INFO - [2025-04-20T17:57:56.123+0000] {dag.py:3239} INFO - Sync 1 DAGs
[2025-04-20T17:57:56.156+0000] {logging_mixin.py:190} INFO - [2025-04-20T17:57:56.155+0000] {dag.py:4180} INFO - Setting next_dagrun for example_bash_operator to 2025-04-19 00:00:00+00:00, run_after=2025-04-20 00:00:00+00:00
[2025-04-20T17:57:56.179+0000] {processor.py:208} INFO - Processing /home/airflow/.local/lib/python3.12/site-packages/airflow/example_dags/example_bash_operator.py took 0.140 seconds
[2025-04-20T17:58:26.964+0000] {processor.py:186} INFO - Started process (PID=1269) to work on /home/airflow/.local/lib/python3.12/site-packages/airflow/example_dags/example_bash_operator.py
[2025-04-20T17:58:26.965+0000] {processor.py:914} INFO - Processing file /home/airflow/.local/lib/python3.12/site-packages/airflow/example_dags/example_bash_operator.py for tasks to queue
[2025-04-20T17:58:26.968+0000] {logging_mixin.py:190} INFO - [2025-04-20T17:58:26.967+0000] {dagbag.py:588} INFO - Filling up the DagBag from /home/airflow/.local/lib/python3.12/site-packages/airflow/example_dags/example_bash_operator.py
[2025-04-20T17:58:26.985+0000] {processor.py:925} INFO - DAG(s) 'example_bash_operator' retrieved from /home/airflow/.local/lib/python3.12/site-packages/airflow/example_dags/example_bash_operator.py
[2025-04-20T17:58:27.025+0000] {logging_mixin.py:190} INFO - [2025-04-20T17:58:27.024+0000] {dag.py:3239} INFO - Sync 1 DAGs
[2025-04-20T17:58:27.059+0000] {logging_mixin.py:190} INFO - [2025-04-20T17:58:27.059+0000] {dag.py:4180} INFO - Setting next_dagrun for example_bash_operator to 2025-04-19 00:00:00+00:00, run_after=2025-04-20 00:00:00+00:00
[2025-04-20T17:58:27.085+0000] {processor.py:208} INFO - Processing /home/airflow/.local/lib/python3.12/site-packages/airflow/example_dags/example_bash_operator.py took 0.132 seconds
[2025-04-20T18:04:45.152+0000] {processor.py:186} INFO - Started process (PID=76) to work on /home/airflow/.local/lib/python3.12/site-packages/airflow/example_dags/example_bash_operator.py
[2025-04-20T18:04:45.155+0000] {processor.py:914} INFO - Processing file /home/airflow/.local/lib/python3.12/site-packages/airflow/example_dags/example_bash_operator.py for tasks to queue
[2025-04-20T18:04:45.165+0000] {logging_mixin.py:190} INFO - [2025-04-20T18:04:45.164+0000] {dagbag.py:588} INFO - Filling up the DagBag from /home/airflow/.local/lib/python3.12/site-packages/airflow/example_dags/example_bash_operator.py
[2025-04-20T18:04:45.217+0000] {processor.py:925} INFO - DAG(s) 'example_bash_operator' retrieved from /home/airflow/.local/lib/python3.12/site-packages/airflow/example_dags/example_bash_operator.py
[2025-04-20T18:04:45.709+0000] {logging_mixin.py:190} INFO - [2025-04-20T18:04:45.708+0000] {override.py:1912} INFO - Created Permission View: can read on DAG:example_bash_operator
[2025-04-20T18:04:45.763+0000] {logging_mixin.py:190} INFO - [2025-04-20T18:04:45.763+0000] {override.py:1912} INFO - Created Permission View: can edit on DAG:example_bash_operator
[2025-04-20T18:04:45.797+0000] {logging_mixin.py:190} INFO - [2025-04-20T18:04:45.796+0000] {override.py:1912} INFO - Created Permission View: can delete on DAG:example_bash_operator
[2025-04-20T18:04:45.825+0000] {logging_mixin.py:190} INFO - [2025-04-20T18:04:45.824+0000] {override.py:1912} INFO - Created Permission View: menu access on DAG Run:example_bash_operator
[2025-04-20T18:04:45.860+0000] {logging_mixin.py:190} INFO - [2025-04-20T18:04:45.859+0000] {override.py:1912} INFO - Created Permission View: can read on DAG Run:example_bash_operator
[2025-04-20T18:04:45.880+0000] {logging_mixin.py:190} INFO - [2025-04-20T18:04:45.879+0000] {override.py:1912} INFO - Created Permission View: can create on DAG Run:example_bash_operator
[2025-04-20T18:04:45.900+0000] {logging_mixin.py:190} INFO - [2025-04-20T18:04:45.899+0000] {override.py:1912} INFO - Created Permission View: can delete on DAG Run:example_bash_operator
[2025-04-20T18:04:45.902+0000] {logging_mixin.py:190} INFO - [2025-04-20T18:04:45.901+0000] {dag.py:3239} INFO - Sync 1 DAGs
[2025-04-20T18:04:45.965+0000] {logging_mixin.py:190} INFO - [2025-04-20T18:04:45.965+0000] {dag.py:3262} INFO - Creating ORM DAG for example_bash_operator
[2025-04-20T18:04:46.019+0000] {logging_mixin.py:190} INFO - [2025-04-20T18:04:46.018+0000] {dag.py:4180} INFO - Setting next_dagrun for example_bash_operator to 2025-04-19 00:00:00+00:00, run_after=2025-04-20 00:00:00+00:00
[2025-04-20T18:04:46.135+0000] {processor.py:208} INFO - Processing /home/airflow/.local/lib/python3.12/site-packages/airflow/example_dags/example_bash_operator.py took 0.999 seconds
[2025-04-20T18:05:17.067+0000] {processor.py:186} INFO - Started process (PID=139) to work on /home/airflow/.local/lib/python3.12/site-packages/airflow/example_dags/example_bash_operator.py
[2025-04-20T18:05:17.069+0000] {processor.py:914} INFO - Processing file /home/airflow/.local/lib/python3.12/site-packages/airflow/example_dags/example_bash_operator.py for tasks to queue
[2025-04-20T18:05:17.072+0000] {logging_mixin.py:190} INFO - [2025-04-20T18:05:17.072+0000] {dagbag.py:588} INFO - Filling up the DagBag from /home/airflow/.local/lib/python3.12/site-packages/airflow/example_dags/example_bash_operator.py
[2025-04-20T18:05:17.088+0000] {processor.py:925} INFO - DAG(s) 'example_bash_operator' retrieved from /home/airflow/.local/lib/python3.12/site-packages/airflow/example_dags/example_bash_operator.py
[2025-04-20T18:05:17.125+0000] {logging_mixin.py:190} INFO - [2025-04-20T18:05:17.124+0000] {dag.py:3239} INFO - Sync 1 DAGs
[2025-04-20T18:05:17.151+0000] {logging_mixin.py:190} INFO - [2025-04-20T18:05:17.151+0000] {dag.py:4180} INFO - Setting next_dagrun for example_bash_operator to 2025-04-19 00:00:00+00:00, run_after=2025-04-20 00:00:00+00:00
[2025-04-20T18:05:17.178+0000] {processor.py:208} INFO - Processing /home/airflow/.local/lib/python3.12/site-packages/airflow/example_dags/example_bash_operator.py took 0.120 seconds
[2025-04-20T18:05:48.053+0000] {processor.py:186} INFO - Started process (PID=202) to work on /home/airflow/.local/lib/python3.12/site-packages/airflow/example_dags/example_bash_operator.py
[2025-04-20T18:05:48.054+0000] {processor.py:914} INFO - Processing file /home/airflow/.local/lib/python3.12/site-packages/airflow/example_dags/example_bash_operator.py for tasks to queue
[2025-04-20T18:05:48.059+0000] {logging_mixin.py:190} INFO - [2025-04-20T18:05:48.058+0000] {dagbag.py:588} INFO - Filling up the DagBag from /home/airflow/.local/lib/python3.12/site-packages/airflow/example_dags/example_bash_operator.py
[2025-04-20T18:05:48.081+0000] {processor.py:925} INFO - DAG(s) 'example_bash_operator' retrieved from /home/airflow/.local/lib/python3.12/site-packages/airflow/example_dags/example_bash_operator.py
[2025-04-20T18:05:48.121+0000] {logging_mixin.py:190} INFO - [2025-04-20T18:05:48.121+0000] {dag.py:3239} INFO - Sync 1 DAGs
[2025-04-20T18:05:48.151+0000] {logging_mixin.py:190} INFO - [2025-04-20T18:05:48.150+0000] {dag.py:4180} INFO - Setting next_dagrun for example_bash_operator to 2025-04-19 00:00:00+00:00, run_after=2025-04-20 00:00:00+00:00
[2025-04-20T18:05:48.175+0000] {processor.py:208} INFO - Processing /home/airflow/.local/lib/python3.12/site-packages/airflow/example_dags/example_bash_operator.py took 0.133 seconds
[2025-04-20T18:06:18.359+0000] {processor.py:186} INFO - Started process (PID=265) to work on /home/airflow/.local/lib/python3.12/site-packages/airflow/example_dags/example_bash_operator.py
[2025-04-20T18:06:18.361+0000] {processor.py:914} INFO - Processing file /home/airflow/.local/lib/python3.12/site-packages/airflow/example_dags/example_bash_operator.py for tasks to queue
[2025-04-20T18:06:18.364+0000] {logging_mixin.py:190} INFO - [2025-04-20T18:06:18.364+0000] {dagbag.py:588} INFO - Filling up the DagBag from /home/airflow/.local/lib/python3.12/site-packages/airflow/example_dags/example_bash_operator.py
[2025-04-20T18:06:18.380+0000] {processor.py:925} INFO - DAG(s) 'example_bash_operator' retrieved from /home/airflow/.local/lib/python3.12/site-packages/airflow/example_dags/example_bash_operator.py
[2025-04-20T18:06:18.413+0000] {logging_mixin.py:190} INFO - [2025-04-20T18:06:18.413+0000] {dag.py:3239} INFO - Sync 1 DAGs
[2025-04-20T18:06:18.442+0000] {logging_mixin.py:190} INFO - [2025-04-20T18:06:18.442+0000] {dag.py:4180} INFO - Setting next_dagrun for example_bash_operator to 2025-04-19 00:00:00+00:00, run_after=2025-04-20 00:00:00+00:00
[2025-04-20T18:06:18.467+0000] {processor.py:208} INFO - Processing /home/airflow/.local/lib/python3.12/site-packages/airflow/example_dags/example_bash_operator.py took 0.115 seconds
[2025-04-20T18:06:48.988+0000] {processor.py:186} INFO - Started process (PID=328) to work on /home/airflow/.local/lib/python3.12/site-packages/airflow/example_dags/example_bash_operator.py
[2025-04-20T18:06:48.990+0000] {processor.py:914} INFO - Processing file /home/airflow/.local/lib/python3.12/site-packages/airflow/example_dags/example_bash_operator.py for tasks to queue
[2025-04-20T18:06:48.995+0000] {logging_mixin.py:190} INFO - [2025-04-20T18:06:48.994+0000] {dagbag.py:588} INFO - Filling up the DagBag from /home/airflow/.local/lib/python3.12/site-packages/airflow/example_dags/example_bash_operator.py
[2025-04-20T18:06:49.027+0000] {processor.py:925} INFO - DAG(s) 'example_bash_operator' retrieved from /home/airflow/.local/lib/python3.12/site-packages/airflow/example_dags/example_bash_operator.py
[2025-04-20T18:06:49.099+0000] {logging_mixin.py:190} INFO - [2025-04-20T18:06:49.099+0000] {dag.py:3239} INFO - Sync 1 DAGs
[2025-04-20T18:06:49.172+0000] {logging_mixin.py:190} INFO - [2025-04-20T18:06:49.172+0000] {dag.py:4180} INFO - Setting next_dagrun for example_bash_operator to 2025-04-19 00:00:00+00:00, run_after=2025-04-20 00:00:00+00:00
[2025-04-20T18:06:49.216+0000] {processor.py:208} INFO - Processing /home/airflow/.local/lib/python3.12/site-packages/airflow/example_dags/example_bash_operator.py took 0.246 seconds
[2025-04-20T18:07:20.157+0000] {processor.py:186} INFO - Started process (PID=391) to work on /home/airflow/.local/lib/python3.12/site-packages/airflow/example_dags/example_bash_operator.py
[2025-04-20T18:07:20.161+0000] {processor.py:914} INFO - Processing file /home/airflow/.local/lib/python3.12/site-packages/airflow/example_dags/example_bash_operator.py for tasks to queue
[2025-04-20T18:07:20.166+0000] {logging_mixin.py:190} INFO - [2025-04-20T18:07:20.165+0000] {dagbag.py:588} INFO - Filling up the DagBag from /home/airflow/.local/lib/python3.12/site-packages/airflow/example_dags/example_bash_operator.py
[2025-04-20T18:07:20.222+0000] {processor.py:925} INFO - DAG(s) 'example_bash_operator' retrieved from /home/airflow/.local/lib/python3.12/site-packages/airflow/example_dags/example_bash_operator.py
[2025-04-20T18:07:20.285+0000] {logging_mixin.py:190} INFO - [2025-04-20T18:07:20.284+0000] {dag.py:3239} INFO - Sync 1 DAGs
[2025-04-20T18:07:20.343+0000] {logging_mixin.py:190} INFO - [2025-04-20T18:07:20.343+0000] {dag.py:4180} INFO - Setting next_dagrun for example_bash_operator to 2025-04-19 00:00:00+00:00, run_after=2025-04-20 00:00:00+00:00
[2025-04-20T18:07:20.384+0000] {processor.py:208} INFO - Processing /home/airflow/.local/lib/python3.12/site-packages/airflow/example_dags/example_bash_operator.py took 0.238 seconds
[2025-04-20T18:07:51.075+0000] {processor.py:186} INFO - Started process (PID=454) to work on /home/airflow/.local/lib/python3.12/site-packages/airflow/example_dags/example_bash_operator.py
[2025-04-20T18:07:51.079+0000] {processor.py:914} INFO - Processing file /home/airflow/.local/lib/python3.12/site-packages/airflow/example_dags/example_bash_operator.py for tasks to queue
[2025-04-20T18:07:51.083+0000] {logging_mixin.py:190} INFO - [2025-04-20T18:07:51.083+0000] {dagbag.py:588} INFO - Filling up the DagBag from /home/airflow/.local/lib/python3.12/site-packages/airflow/example_dags/example_bash_operator.py
[2025-04-20T18:07:51.100+0000] {processor.py:925} INFO - DAG(s) 'example_bash_operator' retrieved from /home/airflow/.local/lib/python3.12/site-packages/airflow/example_dags/example_bash_operator.py
[2025-04-20T18:07:51.138+0000] {logging_mixin.py:190} INFO - [2025-04-20T18:07:51.138+0000] {dag.py:3239} INFO - Sync 1 DAGs
[2025-04-20T18:07:51.173+0000] {logging_mixin.py:190} INFO - [2025-04-20T18:07:51.173+0000] {dag.py:4180} INFO - Setting next_dagrun for example_bash_operator to 2025-04-19 00:00:00+00:00, run_after=2025-04-20 00:00:00+00:00
[2025-04-20T18:07:51.200+0000] {processor.py:208} INFO - Processing /home/airflow/.local/lib/python3.12/site-packages/airflow/example_dags/example_bash_operator.py took 0.133 seconds
[2025-04-20T18:08:21.662+0000] {processor.py:186} INFO - Started process (PID=517) to work on /home/airflow/.local/lib/python3.12/site-packages/airflow/example_dags/example_bash_operator.py
[2025-04-20T18:08:21.663+0000] {processor.py:914} INFO - Processing file /home/airflow/.local/lib/python3.12/site-packages/airflow/example_dags/example_bash_operator.py for tasks to queue
[2025-04-20T18:08:21.666+0000] {logging_mixin.py:190} INFO - [2025-04-20T18:08:21.666+0000] {dagbag.py:588} INFO - Filling up the DagBag from /home/airflow/.local/lib/python3.12/site-packages/airflow/example_dags/example_bash_operator.py
[2025-04-20T18:08:21.681+0000] {processor.py:925} INFO - DAG(s) 'example_bash_operator' retrieved from /home/airflow/.local/lib/python3.12/site-packages/airflow/example_dags/example_bash_operator.py
[2025-04-20T18:08:21.717+0000] {logging_mixin.py:190} INFO - [2025-04-20T18:08:21.716+0000] {dag.py:3239} INFO - Sync 1 DAGs
[2025-04-20T18:08:21.746+0000] {logging_mixin.py:190} INFO - [2025-04-20T18:08:21.746+0000] {dag.py:4180} INFO - Setting next_dagrun for example_bash_operator to 2025-04-19 00:00:00+00:00, run_after=2025-04-20 00:00:00+00:00
[2025-04-20T18:08:21.790+0000] {processor.py:208} INFO - Processing /home/airflow/.local/lib/python3.12/site-packages/airflow/example_dags/example_bash_operator.py took 0.136 seconds
[2025-04-20T18:08:51.852+0000] {processor.py:186} INFO - Started process (PID=580) to work on /home/airflow/.local/lib/python3.12/site-packages/airflow/example_dags/example_bash_operator.py
[2025-04-20T18:08:51.854+0000] {processor.py:914} INFO - Processing file /home/airflow/.local/lib/python3.12/site-packages/airflow/example_dags/example_bash_operator.py for tasks to queue
[2025-04-20T18:08:51.857+0000] {logging_mixin.py:190} INFO - [2025-04-20T18:08:51.857+0000] {dagbag.py:588} INFO - Filling up the DagBag from /home/airflow/.local/lib/python3.12/site-packages/airflow/example_dags/example_bash_operator.py
[2025-04-20T18:08:51.877+0000] {processor.py:925} INFO - DAG(s) 'example_bash_operator' retrieved from /home/airflow/.local/lib/python3.12/site-packages/airflow/example_dags/example_bash_operator.py
[2025-04-20T18:08:51.918+0000] {logging_mixin.py:190} INFO - [2025-04-20T18:08:51.917+0000] {dag.py:3239} INFO - Sync 1 DAGs
[2025-04-20T18:08:51.952+0000] {logging_mixin.py:190} INFO - [2025-04-20T18:08:51.952+0000] {dag.py:4180} INFO - Setting next_dagrun for example_bash_operator to 2025-04-19 00:00:00+00:00, run_after=2025-04-20 00:00:00+00:00
[2025-04-20T18:08:51.978+0000] {processor.py:208} INFO - Processing /home/airflow/.local/lib/python3.12/site-packages/airflow/example_dags/example_bash_operator.py took 0.136 seconds
[2025-04-20T18:09:22.282+0000] {processor.py:186} INFO - Started process (PID=643) to work on /home/airflow/.local/lib/python3.12/site-packages/airflow/example_dags/example_bash_operator.py
[2025-04-20T18:09:22.283+0000] {processor.py:914} INFO - Processing file /home/airflow/.local/lib/python3.12/site-packages/airflow/example_dags/example_bash_operator.py for tasks to queue
[2025-04-20T18:09:22.288+0000] {logging_mixin.py:190} INFO - [2025-04-20T18:09:22.287+0000] {dagbag.py:588} INFO - Filling up the DagBag from /home/airflow/.local/lib/python3.12/site-packages/airflow/example_dags/example_bash_operator.py
[2025-04-20T18:09:22.310+0000] {processor.py:925} INFO - DAG(s) 'example_bash_operator' retrieved from /home/airflow/.local/lib/python3.12/site-packages/airflow/example_dags/example_bash_operator.py
[2025-04-20T18:09:22.358+0000] {logging_mixin.py:190} INFO - [2025-04-20T18:09:22.358+0000] {dag.py:3239} INFO - Sync 1 DAGs
[2025-04-20T18:09:22.408+0000] {logging_mixin.py:190} INFO - [2025-04-20T18:09:22.407+0000] {dag.py:4180} INFO - Setting next_dagrun for example_bash_operator to 2025-04-19 00:00:00+00:00, run_after=2025-04-20 00:00:00+00:00
[2025-04-20T18:09:22.450+0000] {processor.py:208} INFO - Processing /home/airflow/.local/lib/python3.12/site-packages/airflow/example_dags/example_bash_operator.py took 0.180 seconds
