[2025-04-20T17:48:52.197+0000] {processor.py:186} INFO - Started process (PID=92) to work on /home/airflow/.local/lib/python3.12/site-packages/airflow/example_dags/example_dag_decorator.py
[2025-04-20T17:48:52.198+0000] {processor.py:914} INFO - Processing file /home/airflow/.local/lib/python3.12/site-packages/airflow/example_dags/example_dag_decorator.py for tasks to queue
[2025-04-20T17:48:52.201+0000] {logging_mixin.py:190} INFO - [2025-04-20T17:48:52.201+0000] {dagbag.py:588} INFO - Filling up the DagBag from /home/airflow/.local/lib/python3.12/site-packages/airflow/example_dags/example_dag_decorator.py
[2025-04-20T17:48:52.676+0000] {processor.py:925} INFO - DAG(s) 'example_dag_decorator' retrieved from /home/airflow/.local/lib/python3.12/site-packages/airflow/example_dags/example_dag_decorator.py
[2025-04-20T17:48:52.837+0000] {logging_mixin.py:190} INFO - [2025-04-20T17:48:52.836+0000] {override.py:1912} INFO - Created Permission View: can read on DAG:example_dag_decorator
[2025-04-20T17:48:52.850+0000] {logging_mixin.py:190} INFO - [2025-04-20T17:48:52.850+0000] {override.py:1912} INFO - Created Permission View: can edit on DAG:example_dag_decorator
[2025-04-20T17:48:52.864+0000] {logging_mixin.py:190} INFO - [2025-04-20T17:48:52.863+0000] {override.py:1912} INFO - Created Permission View: can delete on DAG:example_dag_decorator
[2025-04-20T17:48:52.878+0000] {logging_mixin.py:190} INFO - [2025-04-20T17:48:52.878+0000] {override.py:1912} INFO - Created Permission View: can read on DAG Run:example_dag_decorator
[2025-04-20T17:48:52.890+0000] {logging_mixin.py:190} INFO - [2025-04-20T17:48:52.889+0000] {override.py:1912} INFO - Created Permission View: can create on DAG Run:example_dag_decorator
[2025-04-20T17:48:52.899+0000] {logging_mixin.py:190} INFO - [2025-04-20T17:48:52.899+0000] {override.py:1912} INFO - Created Permission View: menu access on DAG Run:example_dag_decorator
[2025-04-20T17:48:52.910+0000] {logging_mixin.py:190} INFO - [2025-04-20T17:48:52.909+0000] {override.py:1912} INFO - Created Permission View: can delete on DAG Run:example_dag_decorator
[2025-04-20T17:48:52.910+0000] {logging_mixin.py:190} INFO - [2025-04-20T17:48:52.910+0000] {dag.py:3239} INFO - Sync 1 DAGs
[2025-04-20T17:48:52.934+0000] {logging_mixin.py:190} INFO - [2025-04-20T17:48:52.934+0000] {dag.py:3262} INFO - Creating ORM DAG for example_dag_decorator
[2025-04-20T17:48:52.936+0000] {logging_mixin.py:190} INFO - [2025-04-20T17:48:52.935+0000] {dag.py:4180} INFO - Setting next_dagrun for example_dag_decorator to None, run_after=None
[2025-04-20T17:48:52.966+0000] {processor.py:208} INFO - Processing /home/airflow/.local/lib/python3.12/site-packages/airflow/example_dags/example_dag_decorator.py took 0.778 seconds
[2025-04-20T17:49:23.442+0000] {processor.py:186} INFO - Started process (PID=155) to work on /home/airflow/.local/lib/python3.12/site-packages/airflow/example_dags/example_dag_decorator.py
[2025-04-20T17:49:23.444+0000] {processor.py:914} INFO - Processing file /home/airflow/.local/lib/python3.12/site-packages/airflow/example_dags/example_dag_decorator.py for tasks to queue
[2025-04-20T17:49:23.449+0000] {logging_mixin.py:190} INFO - [2025-04-20T17:49:23.448+0000] {dagbag.py:588} INFO - Filling up the DagBag from /home/airflow/.local/lib/python3.12/site-packages/airflow/example_dags/example_dag_decorator.py
[2025-04-20T17:49:23.601+0000] {processor.py:925} INFO - DAG(s) 'example_dag_decorator' retrieved from /home/airflow/.local/lib/python3.12/site-packages/airflow/example_dags/example_dag_decorator.py
[2025-04-20T17:49:23.778+0000] {logging_mixin.py:190} INFO - [2025-04-20T17:49:23.778+0000] {dag.py:3239} INFO - Sync 1 DAGs
[2025-04-20T17:49:23.799+0000] {logging_mixin.py:190} INFO - [2025-04-20T17:49:23.799+0000] {dag.py:4180} INFO - Setting next_dagrun for example_dag_decorator to None, run_after=None
[2025-04-20T17:49:23.845+0000] {processor.py:208} INFO - Processing /home/airflow/.local/lib/python3.12/site-packages/airflow/example_dags/example_dag_decorator.py took 0.414 seconds
[2025-04-20T17:49:54.771+0000] {processor.py:186} INFO - Started process (PID=218) to work on /home/airflow/.local/lib/python3.12/site-packages/airflow/example_dags/example_dag_decorator.py
[2025-04-20T17:49:54.772+0000] {processor.py:914} INFO - Processing file /home/airflow/.local/lib/python3.12/site-packages/airflow/example_dags/example_dag_decorator.py for tasks to queue
[2025-04-20T17:49:54.775+0000] {logging_mixin.py:190} INFO - [2025-04-20T17:49:54.775+0000] {dagbag.py:588} INFO - Filling up the DagBag from /home/airflow/.local/lib/python3.12/site-packages/airflow/example_dags/example_dag_decorator.py
[2025-04-20T17:49:54.948+0000] {processor.py:925} INFO - DAG(s) 'example_dag_decorator' retrieved from /home/airflow/.local/lib/python3.12/site-packages/airflow/example_dags/example_dag_decorator.py
[2025-04-20T17:49:55.229+0000] {logging_mixin.py:190} INFO - [2025-04-20T17:49:55.228+0000] {dag.py:3239} INFO - Sync 1 DAGs
[2025-04-20T17:49:55.258+0000] {logging_mixin.py:190} INFO - [2025-04-20T17:49:55.258+0000] {dag.py:4180} INFO - Setting next_dagrun for example_dag_decorator to None, run_after=None
[2025-04-20T17:49:55.302+0000] {processor.py:208} INFO - Processing /home/airflow/.local/lib/python3.12/site-packages/airflow/example_dags/example_dag_decorator.py took 0.539 seconds
[2025-04-20T17:50:26.206+0000] {processor.py:186} INFO - Started process (PID=282) to work on /home/airflow/.local/lib/python3.12/site-packages/airflow/example_dags/example_dag_decorator.py
[2025-04-20T17:50:26.208+0000] {processor.py:914} INFO - Processing file /home/airflow/.local/lib/python3.12/site-packages/airflow/example_dags/example_dag_decorator.py for tasks to queue
[2025-04-20T17:50:26.212+0000] {logging_mixin.py:190} INFO - [2025-04-20T17:50:26.211+0000] {dagbag.py:588} INFO - Filling up the DagBag from /home/airflow/.local/lib/python3.12/site-packages/airflow/example_dags/example_dag_decorator.py
[2025-04-20T17:50:26.353+0000] {processor.py:925} INFO - DAG(s) 'example_dag_decorator' retrieved from /home/airflow/.local/lib/python3.12/site-packages/airflow/example_dags/example_dag_decorator.py
[2025-04-20T17:50:26.518+0000] {logging_mixin.py:190} INFO - [2025-04-20T17:50:26.517+0000] {dag.py:3239} INFO - Sync 1 DAGs
[2025-04-20T17:50:26.534+0000] {logging_mixin.py:190} INFO - [2025-04-20T17:50:26.533+0000] {dag.py:4180} INFO - Setting next_dagrun for example_dag_decorator to None, run_after=None
[2025-04-20T17:50:26.558+0000] {processor.py:208} INFO - Processing /home/airflow/.local/lib/python3.12/site-packages/airflow/example_dags/example_dag_decorator.py took 0.362 seconds
[2025-04-20T17:50:57.958+0000] {processor.py:186} INFO - Started process (PID=344) to work on /home/airflow/.local/lib/python3.12/site-packages/airflow/example_dags/example_dag_decorator.py
[2025-04-20T17:50:57.959+0000] {processor.py:914} INFO - Processing file /home/airflow/.local/lib/python3.12/site-packages/airflow/example_dags/example_dag_decorator.py for tasks to queue
[2025-04-20T17:50:57.962+0000] {logging_mixin.py:190} INFO - [2025-04-20T17:50:57.962+0000] {dagbag.py:588} INFO - Filling up the DagBag from /home/airflow/.local/lib/python3.12/site-packages/airflow/example_dags/example_dag_decorator.py
[2025-04-20T17:50:58.131+0000] {processor.py:925} INFO - DAG(s) 'example_dag_decorator' retrieved from /home/airflow/.local/lib/python3.12/site-packages/airflow/example_dags/example_dag_decorator.py
[2025-04-20T17:50:58.279+0000] {logging_mixin.py:190} INFO - [2025-04-20T17:50:58.278+0000] {dag.py:3239} INFO - Sync 1 DAGs
[2025-04-20T17:50:58.296+0000] {logging_mixin.py:190} INFO - [2025-04-20T17:50:58.295+0000] {dag.py:4180} INFO - Setting next_dagrun for example_dag_decorator to None, run_after=None
[2025-04-20T17:50:58.325+0000] {processor.py:208} INFO - Processing /home/airflow/.local/lib/python3.12/site-packages/airflow/example_dags/example_dag_decorator.py took 0.377 seconds
[2025-04-20T17:51:29.782+0000] {processor.py:186} INFO - Started process (PID=407) to work on /home/airflow/.local/lib/python3.12/site-packages/airflow/example_dags/example_dag_decorator.py
[2025-04-20T17:51:29.786+0000] {processor.py:914} INFO - Processing file /home/airflow/.local/lib/python3.12/site-packages/airflow/example_dags/example_dag_decorator.py for tasks to queue
[2025-04-20T17:51:29.790+0000] {logging_mixin.py:190} INFO - [2025-04-20T17:51:29.789+0000] {dagbag.py:588} INFO - Filling up the DagBag from /home/airflow/.local/lib/python3.12/site-packages/airflow/example_dags/example_dag_decorator.py
[2025-04-20T17:51:29.973+0000] {processor.py:925} INFO - DAG(s) 'example_dag_decorator' retrieved from /home/airflow/.local/lib/python3.12/site-packages/airflow/example_dags/example_dag_decorator.py
[2025-04-20T17:51:30.207+0000] {logging_mixin.py:190} INFO - [2025-04-20T17:51:30.207+0000] {dag.py:3239} INFO - Sync 1 DAGs
[2025-04-20T17:51:30.229+0000] {logging_mixin.py:190} INFO - [2025-04-20T17:51:30.229+0000] {dag.py:4180} INFO - Setting next_dagrun for example_dag_decorator to None, run_after=None
[2025-04-20T17:51:30.266+0000] {processor.py:208} INFO - Processing /home/airflow/.local/lib/python3.12/site-packages/airflow/example_dags/example_dag_decorator.py took 0.494 seconds
[2025-04-20T17:52:01.464+0000] {processor.py:186} INFO - Started process (PID=470) to work on /home/airflow/.local/lib/python3.12/site-packages/airflow/example_dags/example_dag_decorator.py
[2025-04-20T17:52:01.466+0000] {processor.py:914} INFO - Processing file /home/airflow/.local/lib/python3.12/site-packages/airflow/example_dags/example_dag_decorator.py for tasks to queue
[2025-04-20T17:52:01.469+0000] {logging_mixin.py:190} INFO - [2025-04-20T17:52:01.468+0000] {dagbag.py:588} INFO - Filling up the DagBag from /home/airflow/.local/lib/python3.12/site-packages/airflow/example_dags/example_dag_decorator.py
[2025-04-20T17:52:01.612+0000] {processor.py:925} INFO - DAG(s) 'example_dag_decorator' retrieved from /home/airflow/.local/lib/python3.12/site-packages/airflow/example_dags/example_dag_decorator.py
[2025-04-20T17:52:01.769+0000] {logging_mixin.py:190} INFO - [2025-04-20T17:52:01.769+0000] {dag.py:3239} INFO - Sync 1 DAGs
[2025-04-20T17:52:01.784+0000] {logging_mixin.py:190} INFO - [2025-04-20T17:52:01.784+0000] {dag.py:4180} INFO - Setting next_dagrun for example_dag_decorator to None, run_after=None
[2025-04-20T17:52:01.810+0000] {processor.py:208} INFO - Processing /home/airflow/.local/lib/python3.12/site-packages/airflow/example_dags/example_dag_decorator.py took 0.354 seconds
[2025-04-20T17:52:32.945+0000] {processor.py:186} INFO - Started process (PID=532) to work on /home/airflow/.local/lib/python3.12/site-packages/airflow/example_dags/example_dag_decorator.py
[2025-04-20T17:52:32.946+0000] {processor.py:914} INFO - Processing file /home/airflow/.local/lib/python3.12/site-packages/airflow/example_dags/example_dag_decorator.py for tasks to queue
[2025-04-20T17:52:32.949+0000] {logging_mixin.py:190} INFO - [2025-04-20T17:52:32.949+0000] {dagbag.py:588} INFO - Filling up the DagBag from /home/airflow/.local/lib/python3.12/site-packages/airflow/example_dags/example_dag_decorator.py
[2025-04-20T17:52:33.081+0000] {processor.py:925} INFO - DAG(s) 'example_dag_decorator' retrieved from /home/airflow/.local/lib/python3.12/site-packages/airflow/example_dags/example_dag_decorator.py
[2025-04-20T17:52:33.239+0000] {logging_mixin.py:190} INFO - [2025-04-20T17:52:33.239+0000] {dag.py:3239} INFO - Sync 1 DAGs
[2025-04-20T17:52:33.266+0000] {logging_mixin.py:190} INFO - [2025-04-20T17:52:33.266+0000] {dag.py:4180} INFO - Setting next_dagrun for example_dag_decorator to None, run_after=None
[2025-04-20T17:52:33.309+0000] {processor.py:208} INFO - Processing /home/airflow/.local/lib/python3.12/site-packages/airflow/example_dags/example_dag_decorator.py took 0.373 seconds
[2025-04-20T17:53:04.851+0000] {processor.py:186} INFO - Started process (PID=601) to work on /home/airflow/.local/lib/python3.12/site-packages/airflow/example_dags/example_dag_decorator.py
[2025-04-20T17:53:04.853+0000] {processor.py:914} INFO - Processing file /home/airflow/.local/lib/python3.12/site-packages/airflow/example_dags/example_dag_decorator.py for tasks to queue
[2025-04-20T17:53:04.858+0000] {logging_mixin.py:190} INFO - [2025-04-20T17:53:04.858+0000] {dagbag.py:588} INFO - Filling up the DagBag from /home/airflow/.local/lib/python3.12/site-packages/airflow/example_dags/example_dag_decorator.py
[2025-04-20T17:53:05.057+0000] {processor.py:925} INFO - DAG(s) 'example_dag_decorator' retrieved from /home/airflow/.local/lib/python3.12/site-packages/airflow/example_dags/example_dag_decorator.py
[2025-04-20T17:53:05.382+0000] {logging_mixin.py:190} INFO - [2025-04-20T17:53:05.382+0000] {dag.py:3239} INFO - Sync 1 DAGs
[2025-04-20T17:53:05.416+0000] {logging_mixin.py:190} INFO - [2025-04-20T17:53:05.415+0000] {dag.py:4180} INFO - Setting next_dagrun for example_dag_decorator to None, run_after=None
[2025-04-20T17:53:05.464+0000] {processor.py:208} INFO - Processing /home/airflow/.local/lib/python3.12/site-packages/airflow/example_dags/example_dag_decorator.py took 0.625 seconds
[2025-04-20T17:53:37.103+0000] {processor.py:186} INFO - Started process (PID=664) to work on /home/airflow/.local/lib/python3.12/site-packages/airflow/example_dags/example_dag_decorator.py
[2025-04-20T17:53:37.105+0000] {processor.py:914} INFO - Processing file /home/airflow/.local/lib/python3.12/site-packages/airflow/example_dags/example_dag_decorator.py for tasks to queue
[2025-04-20T17:53:37.109+0000] {logging_mixin.py:190} INFO - [2025-04-20T17:53:37.108+0000] {dagbag.py:588} INFO - Filling up the DagBag from /home/airflow/.local/lib/python3.12/site-packages/airflow/example_dags/example_dag_decorator.py
[2025-04-20T17:53:37.269+0000] {processor.py:925} INFO - DAG(s) 'example_dag_decorator' retrieved from /home/airflow/.local/lib/python3.12/site-packages/airflow/example_dags/example_dag_decorator.py
[2025-04-20T17:53:37.481+0000] {logging_mixin.py:190} INFO - [2025-04-20T17:53:37.480+0000] {dag.py:3239} INFO - Sync 1 DAGs
[2025-04-20T17:53:37.504+0000] {logging_mixin.py:190} INFO - [2025-04-20T17:53:37.504+0000] {dag.py:4180} INFO - Setting next_dagrun for example_dag_decorator to None, run_after=None
[2025-04-20T17:53:37.530+0000] {processor.py:208} INFO - Processing /home/airflow/.local/lib/python3.12/site-packages/airflow/example_dags/example_dag_decorator.py took 0.437 seconds
[2025-04-20T17:54:08.610+0000] {processor.py:186} INFO - Started process (PID=727) to work on /home/airflow/.local/lib/python3.12/site-packages/airflow/example_dags/example_dag_decorator.py
[2025-04-20T17:54:08.611+0000] {processor.py:914} INFO - Processing file /home/airflow/.local/lib/python3.12/site-packages/airflow/example_dags/example_dag_decorator.py for tasks to queue
[2025-04-20T17:54:08.614+0000] {logging_mixin.py:190} INFO - [2025-04-20T17:54:08.614+0000] {dagbag.py:588} INFO - Filling up the DagBag from /home/airflow/.local/lib/python3.12/site-packages/airflow/example_dags/example_dag_decorator.py
[2025-04-20T17:54:08.743+0000] {processor.py:925} INFO - DAG(s) 'example_dag_decorator' retrieved from /home/airflow/.local/lib/python3.12/site-packages/airflow/example_dags/example_dag_decorator.py
[2025-04-20T17:54:08.950+0000] {logging_mixin.py:190} INFO - [2025-04-20T17:54:08.950+0000] {dag.py:3239} INFO - Sync 1 DAGs
[2025-04-20T17:54:08.985+0000] {logging_mixin.py:190} INFO - [2025-04-20T17:54:08.985+0000] {dag.py:4180} INFO - Setting next_dagrun for example_dag_decorator to None, run_after=None
[2025-04-20T17:54:09.019+0000] {processor.py:208} INFO - Processing /home/airflow/.local/lib/python3.12/site-packages/airflow/example_dags/example_dag_decorator.py took 0.415 seconds
[2025-04-20T17:54:39.889+0000] {processor.py:186} INFO - Started process (PID=790) to work on /home/airflow/.local/lib/python3.12/site-packages/airflow/example_dags/example_dag_decorator.py
[2025-04-20T17:54:39.891+0000] {processor.py:914} INFO - Processing file /home/airflow/.local/lib/python3.12/site-packages/airflow/example_dags/example_dag_decorator.py for tasks to queue
[2025-04-20T17:54:39.894+0000] {logging_mixin.py:190} INFO - [2025-04-20T17:54:39.894+0000] {dagbag.py:588} INFO - Filling up the DagBag from /home/airflow/.local/lib/python3.12/site-packages/airflow/example_dags/example_dag_decorator.py
[2025-04-20T17:54:40.030+0000] {processor.py:925} INFO - DAG(s) 'example_dag_decorator' retrieved from /home/airflow/.local/lib/python3.12/site-packages/airflow/example_dags/example_dag_decorator.py
[2025-04-20T17:54:40.183+0000] {logging_mixin.py:190} INFO - [2025-04-20T17:54:40.182+0000] {dag.py:3239} INFO - Sync 1 DAGs
[2025-04-20T17:54:40.205+0000] {logging_mixin.py:190} INFO - [2025-04-20T17:54:40.204+0000] {dag.py:4180} INFO - Setting next_dagrun for example_dag_decorator to None, run_after=None
[2025-04-20T17:54:40.235+0000] {processor.py:208} INFO - Processing /home/airflow/.local/lib/python3.12/site-packages/airflow/example_dags/example_dag_decorator.py took 0.355 seconds
[2025-04-20T17:55:11.142+0000] {processor.py:186} INFO - Started process (PID=853) to work on /home/airflow/.local/lib/python3.12/site-packages/airflow/example_dags/example_dag_decorator.py
[2025-04-20T17:55:11.143+0000] {processor.py:914} INFO - Processing file /home/airflow/.local/lib/python3.12/site-packages/airflow/example_dags/example_dag_decorator.py for tasks to queue
[2025-04-20T17:55:11.147+0000] {logging_mixin.py:190} INFO - [2025-04-20T17:55:11.147+0000] {dagbag.py:588} INFO - Filling up the DagBag from /home/airflow/.local/lib/python3.12/site-packages/airflow/example_dags/example_dag_decorator.py
[2025-04-20T17:55:11.286+0000] {processor.py:925} INFO - DAG(s) 'example_dag_decorator' retrieved from /home/airflow/.local/lib/python3.12/site-packages/airflow/example_dags/example_dag_decorator.py
[2025-04-20T17:55:11.432+0000] {logging_mixin.py:190} INFO - [2025-04-20T17:55:11.432+0000] {dag.py:3239} INFO - Sync 1 DAGs
[2025-04-20T17:55:11.447+0000] {logging_mixin.py:190} INFO - [2025-04-20T17:55:11.447+0000] {dag.py:4180} INFO - Setting next_dagrun for example_dag_decorator to None, run_after=None
[2025-04-20T17:55:11.476+0000] {processor.py:208} INFO - Processing /home/airflow/.local/lib/python3.12/site-packages/airflow/example_dags/example_dag_decorator.py took 0.345 seconds
[2025-04-20T17:55:42.782+0000] {processor.py:186} INFO - Started process (PID=916) to work on /home/airflow/.local/lib/python3.12/site-packages/airflow/example_dags/example_dag_decorator.py
[2025-04-20T17:55:42.783+0000] {processor.py:914} INFO - Processing file /home/airflow/.local/lib/python3.12/site-packages/airflow/example_dags/example_dag_decorator.py for tasks to queue
[2025-04-20T17:55:42.786+0000] {logging_mixin.py:190} INFO - [2025-04-20T17:55:42.786+0000] {dagbag.py:588} INFO - Filling up the DagBag from /home/airflow/.local/lib/python3.12/site-packages/airflow/example_dags/example_dag_decorator.py
[2025-04-20T17:55:42.922+0000] {processor.py:925} INFO - DAG(s) 'example_dag_decorator' retrieved from /home/airflow/.local/lib/python3.12/site-packages/airflow/example_dags/example_dag_decorator.py
[2025-04-20T17:55:43.076+0000] {logging_mixin.py:190} INFO - [2025-04-20T17:55:43.076+0000] {dag.py:3239} INFO - Sync 1 DAGs
[2025-04-20T17:55:43.092+0000] {logging_mixin.py:190} INFO - [2025-04-20T17:55:43.092+0000] {dag.py:4180} INFO - Setting next_dagrun for example_dag_decorator to None, run_after=None
[2025-04-20T17:55:43.117+0000] {processor.py:208} INFO - Processing /home/airflow/.local/lib/python3.12/site-packages/airflow/example_dags/example_dag_decorator.py took 0.344 seconds
[2025-04-20T17:56:14.201+0000] {processor.py:186} INFO - Started process (PID=979) to work on /home/airflow/.local/lib/python3.12/site-packages/airflow/example_dags/example_dag_decorator.py
[2025-04-20T17:56:14.203+0000] {processor.py:914} INFO - Processing file /home/airflow/.local/lib/python3.12/site-packages/airflow/example_dags/example_dag_decorator.py for tasks to queue
[2025-04-20T17:56:14.207+0000] {logging_mixin.py:190} INFO - [2025-04-20T17:56:14.206+0000] {dagbag.py:588} INFO - Filling up the DagBag from /home/airflow/.local/lib/python3.12/site-packages/airflow/example_dags/example_dag_decorator.py
[2025-04-20T17:56:14.366+0000] {processor.py:925} INFO - DAG(s) 'example_dag_decorator' retrieved from /home/airflow/.local/lib/python3.12/site-packages/airflow/example_dags/example_dag_decorator.py
[2025-04-20T17:56:14.539+0000] {logging_mixin.py:190} INFO - [2025-04-20T17:56:14.539+0000] {dag.py:3239} INFO - Sync 1 DAGs
[2025-04-20T17:56:14.555+0000] {logging_mixin.py:190} INFO - [2025-04-20T17:56:14.555+0000] {dag.py:4180} INFO - Setting next_dagrun for example_dag_decorator to None, run_after=None
[2025-04-20T17:56:14.583+0000] {processor.py:208} INFO - Processing /home/airflow/.local/lib/python3.12/site-packages/airflow/example_dags/example_dag_decorator.py took 0.390 seconds
[2025-04-20T17:56:46.034+0000] {processor.py:186} INFO - Started process (PID=1042) to work on /home/airflow/.local/lib/python3.12/site-packages/airflow/example_dags/example_dag_decorator.py
[2025-04-20T17:56:46.035+0000] {processor.py:914} INFO - Processing file /home/airflow/.local/lib/python3.12/site-packages/airflow/example_dags/example_dag_decorator.py for tasks to queue
[2025-04-20T17:56:46.038+0000] {logging_mixin.py:190} INFO - [2025-04-20T17:56:46.038+0000] {dagbag.py:588} INFO - Filling up the DagBag from /home/airflow/.local/lib/python3.12/site-packages/airflow/example_dags/example_dag_decorator.py
[2025-04-20T17:56:46.181+0000] {processor.py:925} INFO - DAG(s) 'example_dag_decorator' retrieved from /home/airflow/.local/lib/python3.12/site-packages/airflow/example_dags/example_dag_decorator.py
[2025-04-20T17:56:46.347+0000] {logging_mixin.py:190} INFO - [2025-04-20T17:56:46.347+0000] {dag.py:3239} INFO - Sync 1 DAGs
[2025-04-20T17:56:46.366+0000] {logging_mixin.py:190} INFO - [2025-04-20T17:56:46.366+0000] {dag.py:4180} INFO - Setting next_dagrun for example_dag_decorator to None, run_after=None
[2025-04-20T17:56:46.394+0000] {processor.py:208} INFO - Processing /home/airflow/.local/lib/python3.12/site-packages/airflow/example_dags/example_dag_decorator.py took 0.367 seconds
[2025-04-20T17:57:17.189+0000] {processor.py:186} INFO - Started process (PID=1105) to work on /home/airflow/.local/lib/python3.12/site-packages/airflow/example_dags/example_dag_decorator.py
[2025-04-20T17:57:17.191+0000] {processor.py:914} INFO - Processing file /home/airflow/.local/lib/python3.12/site-packages/airflow/example_dags/example_dag_decorator.py for tasks to queue
[2025-04-20T17:57:17.193+0000] {logging_mixin.py:190} INFO - [2025-04-20T17:57:17.193+0000] {dagbag.py:588} INFO - Filling up the DagBag from /home/airflow/.local/lib/python3.12/site-packages/airflow/example_dags/example_dag_decorator.py
[2025-04-20T17:57:17.333+0000] {processor.py:925} INFO - DAG(s) 'example_dag_decorator' retrieved from /home/airflow/.local/lib/python3.12/site-packages/airflow/example_dags/example_dag_decorator.py
[2025-04-20T17:57:17.488+0000] {logging_mixin.py:190} INFO - [2025-04-20T17:57:17.488+0000] {dag.py:3239} INFO - Sync 1 DAGs
[2025-04-20T17:57:17.506+0000] {logging_mixin.py:190} INFO - [2025-04-20T17:57:17.505+0000] {dag.py:4180} INFO - Setting next_dagrun for example_dag_decorator to None, run_after=None
[2025-04-20T17:57:17.534+0000] {processor.py:208} INFO - Processing /home/airflow/.local/lib/python3.12/site-packages/airflow/example_dags/example_dag_decorator.py took 0.356 seconds
[2025-04-20T17:57:48.440+0000] {processor.py:186} INFO - Started process (PID=1168) to work on /home/airflow/.local/lib/python3.12/site-packages/airflow/example_dags/example_dag_decorator.py
[2025-04-20T17:57:48.441+0000] {processor.py:914} INFO - Processing file /home/airflow/.local/lib/python3.12/site-packages/airflow/example_dags/example_dag_decorator.py for tasks to queue
[2025-04-20T17:57:48.444+0000] {logging_mixin.py:190} INFO - [2025-04-20T17:57:48.444+0000] {dagbag.py:588} INFO - Filling up the DagBag from /home/airflow/.local/lib/python3.12/site-packages/airflow/example_dags/example_dag_decorator.py
[2025-04-20T17:57:48.599+0000] {processor.py:925} INFO - DAG(s) 'example_dag_decorator' retrieved from /home/airflow/.local/lib/python3.12/site-packages/airflow/example_dags/example_dag_decorator.py
[2025-04-20T17:57:48.750+0000] {logging_mixin.py:190} INFO - [2025-04-20T17:57:48.750+0000] {dag.py:3239} INFO - Sync 1 DAGs
[2025-04-20T17:57:48.767+0000] {logging_mixin.py:190} INFO - [2025-04-20T17:57:48.767+0000] {dag.py:4180} INFO - Setting next_dagrun for example_dag_decorator to None, run_after=None
[2025-04-20T17:57:48.794+0000] {processor.py:208} INFO - Processing /home/airflow/.local/lib/python3.12/site-packages/airflow/example_dags/example_dag_decorator.py took 0.363 seconds
[2025-04-20T17:58:19.752+0000] {processor.py:186} INFO - Started process (PID=1233) to work on /home/airflow/.local/lib/python3.12/site-packages/airflow/example_dags/example_dag_decorator.py
[2025-04-20T17:58:19.754+0000] {processor.py:914} INFO - Processing file /home/airflow/.local/lib/python3.12/site-packages/airflow/example_dags/example_dag_decorator.py for tasks to queue
[2025-04-20T17:58:19.758+0000] {logging_mixin.py:190} INFO - [2025-04-20T17:58:19.758+0000] {dagbag.py:588} INFO - Filling up the DagBag from /home/airflow/.local/lib/python3.12/site-packages/airflow/example_dags/example_dag_decorator.py
[2025-04-20T17:58:19.926+0000] {processor.py:925} INFO - DAG(s) 'example_dag_decorator' retrieved from /home/airflow/.local/lib/python3.12/site-packages/airflow/example_dags/example_dag_decorator.py
[2025-04-20T17:58:20.089+0000] {logging_mixin.py:190} INFO - [2025-04-20T17:58:20.089+0000] {dag.py:3239} INFO - Sync 1 DAGs
[2025-04-20T17:58:20.106+0000] {logging_mixin.py:190} INFO - [2025-04-20T17:58:20.106+0000] {dag.py:4180} INFO - Setting next_dagrun for example_dag_decorator to None, run_after=None
[2025-04-20T17:58:20.134+0000] {processor.py:208} INFO - Processing /home/airflow/.local/lib/python3.12/site-packages/airflow/example_dags/example_dag_decorator.py took 0.392 seconds
[2025-04-20T17:58:51.060+0000] {processor.py:186} INFO - Started process (PID=1297) to work on /home/airflow/.local/lib/python3.12/site-packages/airflow/example_dags/example_dag_decorator.py
[2025-04-20T17:58:51.062+0000] {processor.py:914} INFO - Processing file /home/airflow/.local/lib/python3.12/site-packages/airflow/example_dags/example_dag_decorator.py for tasks to queue
[2025-04-20T17:58:51.065+0000] {logging_mixin.py:190} INFO - [2025-04-20T17:58:51.065+0000] {dagbag.py:588} INFO - Filling up the DagBag from /home/airflow/.local/lib/python3.12/site-packages/airflow/example_dags/example_dag_decorator.py
[2025-04-20T17:58:51.216+0000] {processor.py:925} INFO - DAG(s) 'example_dag_decorator' retrieved from /home/airflow/.local/lib/python3.12/site-packages/airflow/example_dags/example_dag_decorator.py
[2025-04-20T17:58:51.371+0000] {logging_mixin.py:190} INFO - [2025-04-20T17:58:51.371+0000] {dag.py:3239} INFO - Sync 1 DAGs
[2025-04-20T17:58:51.388+0000] {logging_mixin.py:190} INFO - [2025-04-20T17:58:51.387+0000] {dag.py:4180} INFO - Setting next_dagrun for example_dag_decorator to None, run_after=None
[2025-04-20T17:58:51.418+0000] {processor.py:208} INFO - Processing /home/airflow/.local/lib/python3.12/site-packages/airflow/example_dags/example_dag_decorator.py took 0.366 seconds
[2025-04-20T18:04:52.812+0000] {processor.py:186} INFO - Started process (PID=95) to work on /home/airflow/.local/lib/python3.12/site-packages/airflow/example_dags/example_dag_decorator.py
[2025-04-20T18:04:52.817+0000] {processor.py:914} INFO - Processing file /home/airflow/.local/lib/python3.12/site-packages/airflow/example_dags/example_dag_decorator.py for tasks to queue
[2025-04-20T18:04:52.820+0000] {logging_mixin.py:190} INFO - [2025-04-20T18:04:52.819+0000] {dagbag.py:588} INFO - Filling up the DagBag from /home/airflow/.local/lib/python3.12/site-packages/airflow/example_dags/example_dag_decorator.py
[2025-04-20T18:04:53.305+0000] {processor.py:925} INFO - DAG(s) 'example_dag_decorator' retrieved from /home/airflow/.local/lib/python3.12/site-packages/airflow/example_dags/example_dag_decorator.py
[2025-04-20T18:04:53.450+0000] {logging_mixin.py:190} INFO - [2025-04-20T18:04:53.450+0000] {override.py:1912} INFO - Created Permission View: can read on DAG:example_dag_decorator
[2025-04-20T18:04:53.464+0000] {logging_mixin.py:190} INFO - [2025-04-20T18:04:53.464+0000] {override.py:1912} INFO - Created Permission View: can edit on DAG:example_dag_decorator
[2025-04-20T18:04:53.474+0000] {logging_mixin.py:190} INFO - [2025-04-20T18:04:53.474+0000] {override.py:1912} INFO - Created Permission View: can delete on DAG:example_dag_decorator
[2025-04-20T18:04:53.485+0000] {logging_mixin.py:190} INFO - [2025-04-20T18:04:53.485+0000] {override.py:1912} INFO - Created Permission View: menu access on DAG Run:example_dag_decorator
[2025-04-20T18:04:53.495+0000] {logging_mixin.py:190} INFO - [2025-04-20T18:04:53.494+0000] {override.py:1912} INFO - Created Permission View: can read on DAG Run:example_dag_decorator
[2025-04-20T18:04:53.504+0000] {logging_mixin.py:190} INFO - [2025-04-20T18:04:53.504+0000] {override.py:1912} INFO - Created Permission View: can create on DAG Run:example_dag_decorator
[2025-04-20T18:04:53.514+0000] {logging_mixin.py:190} INFO - [2025-04-20T18:04:53.514+0000] {override.py:1912} INFO - Created Permission View: can delete on DAG Run:example_dag_decorator
[2025-04-20T18:04:53.515+0000] {logging_mixin.py:190} INFO - [2025-04-20T18:04:53.515+0000] {dag.py:3239} INFO - Sync 1 DAGs
[2025-04-20T18:04:53.536+0000] {logging_mixin.py:190} INFO - [2025-04-20T18:04:53.535+0000] {dag.py:3262} INFO - Creating ORM DAG for example_dag_decorator
[2025-04-20T18:04:53.537+0000] {logging_mixin.py:190} INFO - [2025-04-20T18:04:53.537+0000] {dag.py:4180} INFO - Setting next_dagrun for example_dag_decorator to None, run_after=None
[2025-04-20T18:04:53.558+0000] {processor.py:208} INFO - Processing /home/airflow/.local/lib/python3.12/site-packages/airflow/example_dags/example_dag_decorator.py took 0.754 seconds
[2025-04-20T18:05:23.745+0000] {processor.py:186} INFO - Started process (PID=159) to work on /home/airflow/.local/lib/python3.12/site-packages/airflow/example_dags/example_dag_decorator.py
[2025-04-20T18:05:23.747+0000] {processor.py:914} INFO - Processing file /home/airflow/.local/lib/python3.12/site-packages/airflow/example_dags/example_dag_decorator.py for tasks to queue
[2025-04-20T18:05:23.751+0000] {logging_mixin.py:190} INFO - [2025-04-20T18:05:23.750+0000] {dagbag.py:588} INFO - Filling up the DagBag from /home/airflow/.local/lib/python3.12/site-packages/airflow/example_dags/example_dag_decorator.py
[2025-04-20T18:05:23.977+0000] {processor.py:925} INFO - DAG(s) 'example_dag_decorator' retrieved from /home/airflow/.local/lib/python3.12/site-packages/airflow/example_dags/example_dag_decorator.py
[2025-04-20T18:05:24.296+0000] {logging_mixin.py:190} INFO - [2025-04-20T18:05:24.295+0000] {dag.py:3239} INFO - Sync 1 DAGs
[2025-04-20T18:05:24.320+0000] {logging_mixin.py:190} INFO - [2025-04-20T18:05:24.319+0000] {dag.py:4180} INFO - Setting next_dagrun for example_dag_decorator to None, run_after=None
[2025-04-20T18:05:24.359+0000] {processor.py:208} INFO - Processing /home/airflow/.local/lib/python3.12/site-packages/airflow/example_dags/example_dag_decorator.py took 0.626 seconds
[2025-04-20T18:05:55.780+0000] {processor.py:186} INFO - Started process (PID=221) to work on /home/airflow/.local/lib/python3.12/site-packages/airflow/example_dags/example_dag_decorator.py
[2025-04-20T18:05:55.781+0000] {processor.py:914} INFO - Processing file /home/airflow/.local/lib/python3.12/site-packages/airflow/example_dags/example_dag_decorator.py for tasks to queue
[2025-04-20T18:05:55.785+0000] {logging_mixin.py:190} INFO - [2025-04-20T18:05:55.784+0000] {dagbag.py:588} INFO - Filling up the DagBag from /home/airflow/.local/lib/python3.12/site-packages/airflow/example_dags/example_dag_decorator.py
[2025-04-20T18:05:55.920+0000] {processor.py:925} INFO - DAG(s) 'example_dag_decorator' retrieved from /home/airflow/.local/lib/python3.12/site-packages/airflow/example_dags/example_dag_decorator.py
[2025-04-20T18:05:56.106+0000] {logging_mixin.py:190} INFO - [2025-04-20T18:05:56.106+0000] {dag.py:3239} INFO - Sync 1 DAGs
[2025-04-20T18:05:56.123+0000] {logging_mixin.py:190} INFO - [2025-04-20T18:05:56.122+0000] {dag.py:4180} INFO - Setting next_dagrun for example_dag_decorator to None, run_after=None
[2025-04-20T18:05:56.155+0000] {processor.py:208} INFO - Processing /home/airflow/.local/lib/python3.12/site-packages/airflow/example_dags/example_dag_decorator.py took 0.384 seconds
[2025-04-20T18:06:26.819+0000] {processor.py:186} INFO - Started process (PID=285) to work on /home/airflow/.local/lib/python3.12/site-packages/airflow/example_dags/example_dag_decorator.py
[2025-04-20T18:06:26.820+0000] {processor.py:914} INFO - Processing file /home/airflow/.local/lib/python3.12/site-packages/airflow/example_dags/example_dag_decorator.py for tasks to queue
[2025-04-20T18:06:26.824+0000] {logging_mixin.py:190} INFO - [2025-04-20T18:06:26.823+0000] {dagbag.py:588} INFO - Filling up the DagBag from /home/airflow/.local/lib/python3.12/site-packages/airflow/example_dags/example_dag_decorator.py
[2025-04-20T18:06:26.995+0000] {processor.py:925} INFO - DAG(s) 'example_dag_decorator' retrieved from /home/airflow/.local/lib/python3.12/site-packages/airflow/example_dags/example_dag_decorator.py
[2025-04-20T18:06:27.135+0000] {logging_mixin.py:190} INFO - [2025-04-20T18:06:27.134+0000] {dag.py:3239} INFO - Sync 1 DAGs
[2025-04-20T18:06:27.151+0000] {logging_mixin.py:190} INFO - [2025-04-20T18:06:27.151+0000] {dag.py:4180} INFO - Setting next_dagrun for example_dag_decorator to None, run_after=None
[2025-04-20T18:06:27.182+0000] {processor.py:208} INFO - Processing /home/airflow/.local/lib/python3.12/site-packages/airflow/example_dags/example_dag_decorator.py took 0.372 seconds
[2025-04-20T18:06:58.701+0000] {processor.py:186} INFO - Started process (PID=347) to work on /home/airflow/.local/lib/python3.12/site-packages/airflow/example_dags/example_dag_decorator.py
[2025-04-20T18:06:58.702+0000] {processor.py:914} INFO - Processing file /home/airflow/.local/lib/python3.12/site-packages/airflow/example_dags/example_dag_decorator.py for tasks to queue
[2025-04-20T18:06:58.705+0000] {logging_mixin.py:190} INFO - [2025-04-20T18:06:58.704+0000] {dagbag.py:588} INFO - Filling up the DagBag from /home/airflow/.local/lib/python3.12/site-packages/airflow/example_dags/example_dag_decorator.py
[2025-04-20T18:06:58.835+0000] {processor.py:925} INFO - DAG(s) 'example_dag_decorator' retrieved from /home/airflow/.local/lib/python3.12/site-packages/airflow/example_dags/example_dag_decorator.py
[2025-04-20T18:06:58.970+0000] {logging_mixin.py:190} INFO - [2025-04-20T18:06:58.970+0000] {dag.py:3239} INFO - Sync 1 DAGs
[2025-04-20T18:06:58.986+0000] {logging_mixin.py:190} INFO - [2025-04-20T18:06:58.986+0000] {dag.py:4180} INFO - Setting next_dagrun for example_dag_decorator to None, run_after=None
[2025-04-20T18:06:59.014+0000] {processor.py:208} INFO - Processing /home/airflow/.local/lib/python3.12/site-packages/airflow/example_dags/example_dag_decorator.py took 0.321 seconds
[2025-04-20T18:07:30.193+0000] {processor.py:186} INFO - Started process (PID=410) to work on /home/airflow/.local/lib/python3.12/site-packages/airflow/example_dags/example_dag_decorator.py
[2025-04-20T18:07:30.197+0000] {processor.py:914} INFO - Processing file /home/airflow/.local/lib/python3.12/site-packages/airflow/example_dags/example_dag_decorator.py for tasks to queue
[2025-04-20T18:07:30.201+0000] {logging_mixin.py:190} INFO - [2025-04-20T18:07:30.201+0000] {dagbag.py:588} INFO - Filling up the DagBag from /home/airflow/.local/lib/python3.12/site-packages/airflow/example_dags/example_dag_decorator.py
[2025-04-20T18:07:30.411+0000] {processor.py:925} INFO - DAG(s) 'example_dag_decorator' retrieved from /home/airflow/.local/lib/python3.12/site-packages/airflow/example_dags/example_dag_decorator.py
[2025-04-20T18:07:30.695+0000] {logging_mixin.py:190} INFO - [2025-04-20T18:07:30.694+0000] {dag.py:3239} INFO - Sync 1 DAGs
[2025-04-20T18:07:30.720+0000] {logging_mixin.py:190} INFO - [2025-04-20T18:07:30.720+0000] {dag.py:4180} INFO - Setting next_dagrun for example_dag_decorator to None, run_after=None
[2025-04-20T18:07:30.752+0000] {processor.py:208} INFO - Processing /home/airflow/.local/lib/python3.12/site-packages/airflow/example_dags/example_dag_decorator.py took 0.571 seconds
[2025-04-20T18:08:01.938+0000] {processor.py:186} INFO - Started process (PID=473) to work on /home/airflow/.local/lib/python3.12/site-packages/airflow/example_dags/example_dag_decorator.py
[2025-04-20T18:08:01.941+0000] {processor.py:914} INFO - Processing file /home/airflow/.local/lib/python3.12/site-packages/airflow/example_dags/example_dag_decorator.py for tasks to queue
[2025-04-20T18:08:01.947+0000] {logging_mixin.py:190} INFO - [2025-04-20T18:08:01.946+0000] {dagbag.py:588} INFO - Filling up the DagBag from /home/airflow/.local/lib/python3.12/site-packages/airflow/example_dags/example_dag_decorator.py
[2025-04-20T18:08:02.246+0000] {processor.py:925} INFO - DAG(s) 'example_dag_decorator' retrieved from /home/airflow/.local/lib/python3.12/site-packages/airflow/example_dags/example_dag_decorator.py
[2025-04-20T18:08:02.519+0000] {logging_mixin.py:190} INFO - [2025-04-20T18:08:02.519+0000] {dag.py:3239} INFO - Sync 1 DAGs
[2025-04-20T18:08:02.545+0000] {logging_mixin.py:190} INFO - [2025-04-20T18:08:02.545+0000] {dag.py:4180} INFO - Setting next_dagrun for example_dag_decorator to None, run_after=None
[2025-04-20T18:08:02.601+0000] {processor.py:208} INFO - Processing /home/airflow/.local/lib/python3.12/site-packages/airflow/example_dags/example_dag_decorator.py took 0.680 seconds
[2025-04-20T18:08:33.506+0000] {processor.py:186} INFO - Started process (PID=536) to work on /home/airflow/.local/lib/python3.12/site-packages/airflow/example_dags/example_dag_decorator.py
[2025-04-20T18:08:33.507+0000] {processor.py:914} INFO - Processing file /home/airflow/.local/lib/python3.12/site-packages/airflow/example_dags/example_dag_decorator.py for tasks to queue
[2025-04-20T18:08:33.511+0000] {logging_mixin.py:190} INFO - [2025-04-20T18:08:33.510+0000] {dagbag.py:588} INFO - Filling up the DagBag from /home/airflow/.local/lib/python3.12/site-packages/airflow/example_dags/example_dag_decorator.py
[2025-04-20T18:08:33.675+0000] {processor.py:925} INFO - DAG(s) 'example_dag_decorator' retrieved from /home/airflow/.local/lib/python3.12/site-packages/airflow/example_dags/example_dag_decorator.py
[2025-04-20T18:08:33.909+0000] {logging_mixin.py:190} INFO - [2025-04-20T18:08:33.909+0000] {dag.py:3239} INFO - Sync 1 DAGs
[2025-04-20T18:08:33.953+0000] {logging_mixin.py:190} INFO - [2025-04-20T18:08:33.952+0000] {dag.py:4180} INFO - Setting next_dagrun for example_dag_decorator to None, run_after=None
[2025-04-20T18:08:34.056+0000] {processor.py:208} INFO - Processing /home/airflow/.local/lib/python3.12/site-packages/airflow/example_dags/example_dag_decorator.py took 0.560 seconds
[2025-04-20T18:09:04.910+0000] {processor.py:186} INFO - Started process (PID=600) to work on /home/airflow/.local/lib/python3.12/site-packages/airflow/example_dags/example_dag_decorator.py
[2025-04-20T18:09:04.912+0000] {processor.py:914} INFO - Processing file /home/airflow/.local/lib/python3.12/site-packages/airflow/example_dags/example_dag_decorator.py for tasks to queue
[2025-04-20T18:09:04.915+0000] {logging_mixin.py:190} INFO - [2025-04-20T18:09:04.915+0000] {dagbag.py:588} INFO - Filling up the DagBag from /home/airflow/.local/lib/python3.12/site-packages/airflow/example_dags/example_dag_decorator.py
[2025-04-20T18:09:05.056+0000] {processor.py:925} INFO - DAG(s) 'example_dag_decorator' retrieved from /home/airflow/.local/lib/python3.12/site-packages/airflow/example_dags/example_dag_decorator.py
[2025-04-20T18:09:05.203+0000] {logging_mixin.py:190} INFO - [2025-04-20T18:09:05.203+0000] {dag.py:3239} INFO - Sync 1 DAGs
[2025-04-20T18:09:05.223+0000] {logging_mixin.py:190} INFO - [2025-04-20T18:09:05.223+0000] {dag.py:4180} INFO - Setting next_dagrun for example_dag_decorator to None, run_after=None
[2025-04-20T18:09:05.247+0000] {processor.py:208} INFO - Processing /home/airflow/.local/lib/python3.12/site-packages/airflow/example_dags/example_dag_decorator.py took 0.345 seconds
