[2025-04-20T17:48:59.617+0000] {processor.py:186} INFO - Started process (PID=117) to work on /home/airflow/.local/lib/python3.12/site-packages/airflow/example_dags/example_subdag_operator.py
[2025-04-20T17:48:59.618+0000] {processor.py:914} INFO - Processing file /home/airflow/.local/lib/python3.12/site-packages/airflow/example_dags/example_subdag_operator.py for tasks to queue
[2025-04-20T17:48:59.621+0000] {logging_mixin.py:190} INFO - [2025-04-20T17:48:59.621+0000] {dagbag.py:588} INFO - Filling up the DagBag from /home/airflow/.local/lib/python3.12/site-packages/airflow/example_dags/example_subdag_operator.py
[2025-04-20T17:48:59.658+0000] {processor.py:925} INFO - DAG(s) 'example_subdag_operator.section-1', 'example_subdag_operator.section-2', 'example_subdag_operator' retrieved from /home/airflow/.local/lib/python3.12/site-packages/airflow/example_dags/example_subdag_operator.py
[2025-04-20T17:48:59.819+0000] {logging_mixin.py:190} INFO - [2025-04-20T17:48:59.818+0000] {override.py:1912} INFO - Created Permission View: can read on DAG:example_subdag_operator
[2025-04-20T17:48:59.832+0000] {logging_mixin.py:190} INFO - [2025-04-20T17:48:59.832+0000] {override.py:1912} INFO - Created Permission View: can edit on DAG:example_subdag_operator
[2025-04-20T17:48:59.843+0000] {logging_mixin.py:190} INFO - [2025-04-20T17:48:59.842+0000] {override.py:1912} INFO - Created Permission View: can delete on DAG:example_subdag_operator
[2025-04-20T17:48:59.855+0000] {logging_mixin.py:190} INFO - [2025-04-20T17:48:59.855+0000] {override.py:1912} INFO - Created Permission View: can read on DAG Run:example_subdag_operator
[2025-04-20T17:48:59.865+0000] {logging_mixin.py:190} INFO - [2025-04-20T17:48:59.865+0000] {override.py:1912} INFO - Created Permission View: can create on DAG Run:example_subdag_operator
[2025-04-20T17:48:59.875+0000] {logging_mixin.py:190} INFO - [2025-04-20T17:48:59.874+0000] {override.py:1912} INFO - Created Permission View: menu access on DAG Run:example_subdag_operator
[2025-04-20T17:48:59.888+0000] {logging_mixin.py:190} INFO - [2025-04-20T17:48:59.888+0000] {override.py:1912} INFO - Created Permission View: can delete on DAG Run:example_subdag_operator
[2025-04-20T17:48:59.889+0000] {logging_mixin.py:190} INFO - [2025-04-20T17:48:59.889+0000] {dag.py:3239} INFO - Sync 3 DAGs
[2025-04-20T17:48:59.908+0000] {logging_mixin.py:190} INFO - [2025-04-20T17:48:59.908+0000] {dag.py:3262} INFO - Creating ORM DAG for example_subdag_operator
[2025-04-20T17:48:59.910+0000] {logging_mixin.py:190} INFO - [2025-04-20T17:48:59.909+0000] {dag.py:3262} INFO - Creating ORM DAG for example_subdag_operator.section-2
[2025-04-20T17:48:59.911+0000] {logging_mixin.py:190} INFO - [2025-04-20T17:48:59.911+0000] {dag.py:3262} INFO - Creating ORM DAG for example_subdag_operator.section-1
[2025-04-20T17:48:59.924+0000] {logging_mixin.py:190} INFO - [2025-04-20T17:48:59.924+0000] {dag.py:4180} INFO - Setting next_dagrun for example_subdag_operator to 2022-01-01 00:00:00+00:00, run_after=2022-01-01 00:00:00+00:00
[2025-04-20T17:48:59.926+0000] {logging_mixin.py:190} INFO - [2025-04-20T17:48:59.925+0000] {dag.py:4180} INFO - Setting next_dagrun for example_subdag_operator.section-1 to None, run_after=None
[2025-04-20T17:48:59.927+0000] {logging_mixin.py:190} INFO - [2025-04-20T17:48:59.926+0000] {dag.py:4180} INFO - Setting next_dagrun for example_subdag_operator.section-2 to None, run_after=None
[2025-04-20T17:48:59.939+0000] {logging_mixin.py:190} INFO - [2025-04-20T17:48:59.938+0000] {dag.py:3239} INFO - Sync 2 DAGs
[2025-04-20T17:48:59.947+0000] {logging_mixin.py:190} INFO - [2025-04-20T17:48:59.947+0000] {dag.py:4180} INFO - Setting next_dagrun for example_subdag_operator.section-1 to None, run_after=None
[2025-04-20T17:48:59.951+0000] {logging_mixin.py:190} INFO - [2025-04-20T17:48:59.951+0000] {dag.py:4180} INFO - Setting next_dagrun for example_subdag_operator.section-2 to None, run_after=None
[2025-04-20T17:48:59.970+0000] {processor.py:208} INFO - Processing /home/airflow/.local/lib/python3.12/site-packages/airflow/example_dags/example_subdag_operator.py took 0.362 seconds
[2025-04-20T17:49:30.456+0000] {processor.py:186} INFO - Started process (PID=180) to work on /home/airflow/.local/lib/python3.12/site-packages/airflow/example_dags/example_subdag_operator.py
[2025-04-20T17:49:30.457+0000] {processor.py:914} INFO - Processing file /home/airflow/.local/lib/python3.12/site-packages/airflow/example_dags/example_subdag_operator.py for tasks to queue
[2025-04-20T17:49:30.460+0000] {logging_mixin.py:190} INFO - [2025-04-20T17:49:30.460+0000] {dagbag.py:588} INFO - Filling up the DagBag from /home/airflow/.local/lib/python3.12/site-packages/airflow/example_dags/example_subdag_operator.py
[2025-04-20T17:49:30.496+0000] {processor.py:925} INFO - DAG(s) 'example_subdag_operator.section-1', 'example_subdag_operator.section-2', 'example_subdag_operator' retrieved from /home/airflow/.local/lib/python3.12/site-packages/airflow/example_dags/example_subdag_operator.py
[2025-04-20T17:49:30.520+0000] {logging_mixin.py:190} INFO - [2025-04-20T17:49:30.520+0000] {dag.py:3239} INFO - Sync 3 DAGs
[2025-04-20T17:49:30.555+0000] {logging_mixin.py:190} INFO - [2025-04-20T17:49:30.554+0000] {dag.py:4180} INFO - Setting next_dagrun for example_subdag_operator to 2022-01-01 00:00:00+00:00, run_after=2022-01-01 00:00:00+00:00
[2025-04-20T17:49:30.560+0000] {logging_mixin.py:190} INFO - [2025-04-20T17:49:30.560+0000] {dag.py:4180} INFO - Setting next_dagrun for example_subdag_operator.section-1 to None, run_after=None
[2025-04-20T17:49:30.562+0000] {logging_mixin.py:190} INFO - [2025-04-20T17:49:30.562+0000] {dag.py:4180} INFO - Setting next_dagrun for example_subdag_operator.section-2 to None, run_after=None
[2025-04-20T17:49:30.573+0000] {logging_mixin.py:190} INFO - [2025-04-20T17:49:30.573+0000] {dag.py:3239} INFO - Sync 2 DAGs
[2025-04-20T17:49:30.580+0000] {logging_mixin.py:190} INFO - [2025-04-20T17:49:30.580+0000] {dag.py:4180} INFO - Setting next_dagrun for example_subdag_operator.section-1 to None, run_after=None
[2025-04-20T17:49:30.581+0000] {logging_mixin.py:190} INFO - [2025-04-20T17:49:30.581+0000] {dag.py:4180} INFO - Setting next_dagrun for example_subdag_operator.section-2 to None, run_after=None
[2025-04-20T17:49:30.612+0000] {processor.py:208} INFO - Processing /home/airflow/.local/lib/python3.12/site-packages/airflow/example_dags/example_subdag_operator.py took 0.165 seconds
[2025-04-20T17:50:01.468+0000] {processor.py:186} INFO - Started process (PID=243) to work on /home/airflow/.local/lib/python3.12/site-packages/airflow/example_dags/example_subdag_operator.py
[2025-04-20T17:50:01.469+0000] {processor.py:914} INFO - Processing file /home/airflow/.local/lib/python3.12/site-packages/airflow/example_dags/example_subdag_operator.py for tasks to queue
[2025-04-20T17:50:01.473+0000] {logging_mixin.py:190} INFO - [2025-04-20T17:50:01.473+0000] {dagbag.py:588} INFO - Filling up the DagBag from /home/airflow/.local/lib/python3.12/site-packages/airflow/example_dags/example_subdag_operator.py
[2025-04-20T17:50:01.506+0000] {processor.py:925} INFO - DAG(s) 'example_subdag_operator.section-1', 'example_subdag_operator.section-2', 'example_subdag_operator' retrieved from /home/airflow/.local/lib/python3.12/site-packages/airflow/example_dags/example_subdag_operator.py
[2025-04-20T17:50:01.528+0000] {logging_mixin.py:190} INFO - [2025-04-20T17:50:01.528+0000] {dag.py:3239} INFO - Sync 3 DAGs
[2025-04-20T17:50:01.561+0000] {logging_mixin.py:190} INFO - [2025-04-20T17:50:01.561+0000] {dag.py:4180} INFO - Setting next_dagrun for example_subdag_operator to 2022-01-01 00:00:00+00:00, run_after=2022-01-01 00:00:00+00:00
[2025-04-20T17:50:01.567+0000] {logging_mixin.py:190} INFO - [2025-04-20T17:50:01.566+0000] {dag.py:4180} INFO - Setting next_dagrun for example_subdag_operator.section-1 to None, run_after=None
[2025-04-20T17:50:01.570+0000] {logging_mixin.py:190} INFO - [2025-04-20T17:50:01.570+0000] {dag.py:4180} INFO - Setting next_dagrun for example_subdag_operator.section-2 to None, run_after=None
[2025-04-20T17:50:01.579+0000] {logging_mixin.py:190} INFO - [2025-04-20T17:50:01.579+0000] {dag.py:3239} INFO - Sync 2 DAGs
[2025-04-20T17:50:01.589+0000] {logging_mixin.py:190} INFO - [2025-04-20T17:50:01.588+0000] {dag.py:4180} INFO - Setting next_dagrun for example_subdag_operator.section-1 to None, run_after=None
[2025-04-20T17:50:01.590+0000] {logging_mixin.py:190} INFO - [2025-04-20T17:50:01.589+0000] {dag.py:4180} INFO - Setting next_dagrun for example_subdag_operator.section-2 to None, run_after=None
[2025-04-20T17:50:01.607+0000] {processor.py:208} INFO - Processing /home/airflow/.local/lib/python3.12/site-packages/airflow/example_dags/example_subdag_operator.py took 0.157 seconds
[2025-04-20T17:50:32.584+0000] {processor.py:186} INFO - Started process (PID=306) to work on /home/airflow/.local/lib/python3.12/site-packages/airflow/example_dags/example_subdag_operator.py
[2025-04-20T17:50:32.586+0000] {processor.py:914} INFO - Processing file /home/airflow/.local/lib/python3.12/site-packages/airflow/example_dags/example_subdag_operator.py for tasks to queue
[2025-04-20T17:50:32.589+0000] {logging_mixin.py:190} INFO - [2025-04-20T17:50:32.588+0000] {dagbag.py:588} INFO - Filling up the DagBag from /home/airflow/.local/lib/python3.12/site-packages/airflow/example_dags/example_subdag_operator.py
[2025-04-20T17:50:32.621+0000] {processor.py:925} INFO - DAG(s) 'example_subdag_operator.section-1', 'example_subdag_operator.section-2', 'example_subdag_operator' retrieved from /home/airflow/.local/lib/python3.12/site-packages/airflow/example_dags/example_subdag_operator.py
[2025-04-20T17:50:32.640+0000] {logging_mixin.py:190} INFO - [2025-04-20T17:50:32.639+0000] {dag.py:3239} INFO - Sync 3 DAGs
[2025-04-20T17:50:32.670+0000] {logging_mixin.py:190} INFO - [2025-04-20T17:50:32.670+0000] {dag.py:4180} INFO - Setting next_dagrun for example_subdag_operator to 2022-01-01 00:00:00+00:00, run_after=2022-01-01 00:00:00+00:00
[2025-04-20T17:50:32.675+0000] {logging_mixin.py:190} INFO - [2025-04-20T17:50:32.675+0000] {dag.py:4180} INFO - Setting next_dagrun for example_subdag_operator.section-1 to None, run_after=None
[2025-04-20T17:50:32.679+0000] {logging_mixin.py:190} INFO - [2025-04-20T17:50:32.678+0000] {dag.py:4180} INFO - Setting next_dagrun for example_subdag_operator.section-2 to None, run_after=None
[2025-04-20T17:50:32.688+0000] {logging_mixin.py:190} INFO - [2025-04-20T17:50:32.688+0000] {dag.py:3239} INFO - Sync 2 DAGs
[2025-04-20T17:50:32.697+0000] {logging_mixin.py:190} INFO - [2025-04-20T17:50:32.696+0000] {dag.py:4180} INFO - Setting next_dagrun for example_subdag_operator.section-1 to None, run_after=None
[2025-04-20T17:50:32.697+0000] {logging_mixin.py:190} INFO - [2025-04-20T17:50:32.697+0000] {dag.py:4180} INFO - Setting next_dagrun for example_subdag_operator.section-2 to None, run_after=None
[2025-04-20T17:50:32.715+0000] {processor.py:208} INFO - Processing /home/airflow/.local/lib/python3.12/site-packages/airflow/example_dags/example_subdag_operator.py took 0.139 seconds
[2025-04-20T17:51:04.018+0000] {processor.py:186} INFO - Started process (PID=369) to work on /home/airflow/.local/lib/python3.12/site-packages/airflow/example_dags/example_subdag_operator.py
[2025-04-20T17:51:04.020+0000] {processor.py:914} INFO - Processing file /home/airflow/.local/lib/python3.12/site-packages/airflow/example_dags/example_subdag_operator.py for tasks to queue
[2025-04-20T17:51:04.028+0000] {logging_mixin.py:190} INFO - [2025-04-20T17:51:04.027+0000] {dagbag.py:588} INFO - Filling up the DagBag from /home/airflow/.local/lib/python3.12/site-packages/airflow/example_dags/example_subdag_operator.py
[2025-04-20T17:51:04.086+0000] {processor.py:925} INFO - DAG(s) 'example_subdag_operator.section-1', 'example_subdag_operator.section-2', 'example_subdag_operator' retrieved from /home/airflow/.local/lib/python3.12/site-packages/airflow/example_dags/example_subdag_operator.py
[2025-04-20T17:51:04.109+0000] {logging_mixin.py:190} INFO - [2025-04-20T17:51:04.109+0000] {dag.py:3239} INFO - Sync 3 DAGs
[2025-04-20T17:51:04.140+0000] {logging_mixin.py:190} INFO - [2025-04-20T17:51:04.140+0000] {dag.py:4180} INFO - Setting next_dagrun for example_subdag_operator to 2022-01-01 00:00:00+00:00, run_after=2022-01-01 00:00:00+00:00
[2025-04-20T17:51:04.145+0000] {logging_mixin.py:190} INFO - [2025-04-20T17:51:04.145+0000] {dag.py:4180} INFO - Setting next_dagrun for example_subdag_operator.section-1 to None, run_after=None
[2025-04-20T17:51:04.147+0000] {logging_mixin.py:190} INFO - [2025-04-20T17:51:04.147+0000] {dag.py:4180} INFO - Setting next_dagrun for example_subdag_operator.section-2 to None, run_after=None
[2025-04-20T17:51:04.158+0000] {logging_mixin.py:190} INFO - [2025-04-20T17:51:04.158+0000] {dag.py:3239} INFO - Sync 2 DAGs
[2025-04-20T17:51:04.167+0000] {logging_mixin.py:190} INFO - [2025-04-20T17:51:04.166+0000] {dag.py:4180} INFO - Setting next_dagrun for example_subdag_operator.section-1 to None, run_after=None
[2025-04-20T17:51:04.168+0000] {logging_mixin.py:190} INFO - [2025-04-20T17:51:04.168+0000] {dag.py:4180} INFO - Setting next_dagrun for example_subdag_operator.section-2 to None, run_after=None
[2025-04-20T17:51:04.191+0000] {processor.py:208} INFO - Processing /home/airflow/.local/lib/python3.12/site-packages/airflow/example_dags/example_subdag_operator.py took 0.188 seconds
[2025-04-20T17:51:36.160+0000] {processor.py:186} INFO - Started process (PID=438) to work on /home/airflow/.local/lib/python3.12/site-packages/airflow/example_dags/example_subdag_operator.py
[2025-04-20T17:51:36.165+0000] {processor.py:914} INFO - Processing file /home/airflow/.local/lib/python3.12/site-packages/airflow/example_dags/example_subdag_operator.py for tasks to queue
[2025-04-20T17:51:36.169+0000] {logging_mixin.py:190} INFO - [2025-04-20T17:51:36.168+0000] {dagbag.py:588} INFO - Filling up the DagBag from /home/airflow/.local/lib/python3.12/site-packages/airflow/example_dags/example_subdag_operator.py
[2025-04-20T17:51:36.206+0000] {processor.py:925} INFO - DAG(s) 'example_subdag_operator.section-1', 'example_subdag_operator.section-2', 'example_subdag_operator' retrieved from /home/airflow/.local/lib/python3.12/site-packages/airflow/example_dags/example_subdag_operator.py
[2025-04-20T17:51:36.231+0000] {logging_mixin.py:190} INFO - [2025-04-20T17:51:36.231+0000] {dag.py:3239} INFO - Sync 3 DAGs
[2025-04-20T17:51:36.265+0000] {logging_mixin.py:190} INFO - [2025-04-20T17:51:36.265+0000] {dag.py:4180} INFO - Setting next_dagrun for example_subdag_operator to 2022-01-01 00:00:00+00:00, run_after=2022-01-01 00:00:00+00:00
[2025-04-20T17:51:36.271+0000] {logging_mixin.py:190} INFO - [2025-04-20T17:51:36.271+0000] {dag.py:4180} INFO - Setting next_dagrun for example_subdag_operator.section-1 to None, run_after=None
[2025-04-20T17:51:36.273+0000] {logging_mixin.py:190} INFO - [2025-04-20T17:51:36.273+0000] {dag.py:4180} INFO - Setting next_dagrun for example_subdag_operator.section-2 to None, run_after=None
[2025-04-20T17:51:36.283+0000] {logging_mixin.py:190} INFO - [2025-04-20T17:51:36.283+0000] {dag.py:3239} INFO - Sync 2 DAGs
[2025-04-20T17:51:36.292+0000] {logging_mixin.py:190} INFO - [2025-04-20T17:51:36.291+0000] {dag.py:4180} INFO - Setting next_dagrun for example_subdag_operator.section-1 to None, run_after=None
[2025-04-20T17:51:36.293+0000] {logging_mixin.py:190} INFO - [2025-04-20T17:51:36.292+0000] {dag.py:4180} INFO - Setting next_dagrun for example_subdag_operator.section-2 to None, run_after=None
[2025-04-20T17:51:36.312+0000] {processor.py:208} INFO - Processing /home/airflow/.local/lib/python3.12/site-packages/airflow/example_dags/example_subdag_operator.py took 0.160 seconds
[2025-04-20T17:52:06.823+0000] {processor.py:186} INFO - Started process (PID=500) to work on /home/airflow/.local/lib/python3.12/site-packages/airflow/example_dags/example_subdag_operator.py
[2025-04-20T17:52:06.824+0000] {processor.py:914} INFO - Processing file /home/airflow/.local/lib/python3.12/site-packages/airflow/example_dags/example_subdag_operator.py for tasks to queue
[2025-04-20T17:52:06.827+0000] {logging_mixin.py:190} INFO - [2025-04-20T17:52:06.826+0000] {dagbag.py:588} INFO - Filling up the DagBag from /home/airflow/.local/lib/python3.12/site-packages/airflow/example_dags/example_subdag_operator.py
[2025-04-20T17:52:06.862+0000] {processor.py:925} INFO - DAG(s) 'example_subdag_operator.section-1', 'example_subdag_operator.section-2', 'example_subdag_operator' retrieved from /home/airflow/.local/lib/python3.12/site-packages/airflow/example_dags/example_subdag_operator.py
[2025-04-20T17:52:06.887+0000] {logging_mixin.py:190} INFO - [2025-04-20T17:52:06.887+0000] {dag.py:3239} INFO - Sync 3 DAGs
[2025-04-20T17:52:06.917+0000] {logging_mixin.py:190} INFO - [2025-04-20T17:52:06.916+0000] {dag.py:4180} INFO - Setting next_dagrun for example_subdag_operator to 2022-01-01 00:00:00+00:00, run_after=2022-01-01 00:00:00+00:00
[2025-04-20T17:52:06.922+0000] {logging_mixin.py:190} INFO - [2025-04-20T17:52:06.922+0000] {dag.py:4180} INFO - Setting next_dagrun for example_subdag_operator.section-1 to None, run_after=None
[2025-04-20T17:52:06.924+0000] {logging_mixin.py:190} INFO - [2025-04-20T17:52:06.924+0000] {dag.py:4180} INFO - Setting next_dagrun for example_subdag_operator.section-2 to None, run_after=None
[2025-04-20T17:52:06.934+0000] {logging_mixin.py:190} INFO - [2025-04-20T17:52:06.934+0000] {dag.py:3239} INFO - Sync 2 DAGs
[2025-04-20T17:52:06.942+0000] {logging_mixin.py:190} INFO - [2025-04-20T17:52:06.942+0000] {dag.py:4180} INFO - Setting next_dagrun for example_subdag_operator.section-1 to None, run_after=None
[2025-04-20T17:52:06.943+0000] {logging_mixin.py:190} INFO - [2025-04-20T17:52:06.943+0000] {dag.py:4180} INFO - Setting next_dagrun for example_subdag_operator.section-2 to None, run_after=None
[2025-04-20T17:52:06.964+0000] {processor.py:208} INFO - Processing /home/airflow/.local/lib/python3.12/site-packages/airflow/example_dags/example_subdag_operator.py took 0.150 seconds
[2025-04-20T17:52:38.156+0000] {processor.py:186} INFO - Started process (PID=563) to work on /home/airflow/.local/lib/python3.12/site-packages/airflow/example_dags/example_subdag_operator.py
[2025-04-20T17:52:38.157+0000] {processor.py:914} INFO - Processing file /home/airflow/.local/lib/python3.12/site-packages/airflow/example_dags/example_subdag_operator.py for tasks to queue
[2025-04-20T17:52:38.161+0000] {logging_mixin.py:190} INFO - [2025-04-20T17:52:38.161+0000] {dagbag.py:588} INFO - Filling up the DagBag from /home/airflow/.local/lib/python3.12/site-packages/airflow/example_dags/example_subdag_operator.py
[2025-04-20T17:52:38.194+0000] {processor.py:925} INFO - DAG(s) 'example_subdag_operator.section-1', 'example_subdag_operator.section-2', 'example_subdag_operator' retrieved from /home/airflow/.local/lib/python3.12/site-packages/airflow/example_dags/example_subdag_operator.py
[2025-04-20T17:52:38.235+0000] {logging_mixin.py:190} INFO - [2025-04-20T17:52:38.234+0000] {dag.py:3239} INFO - Sync 3 DAGs
[2025-04-20T17:52:38.270+0000] {logging_mixin.py:190} INFO - [2025-04-20T17:52:38.270+0000] {dag.py:4180} INFO - Setting next_dagrun for example_subdag_operator to 2022-01-01 00:00:00+00:00, run_after=2022-01-01 00:00:00+00:00
[2025-04-20T17:52:38.275+0000] {logging_mixin.py:190} INFO - [2025-04-20T17:52:38.274+0000] {dag.py:4180} INFO - Setting next_dagrun for example_subdag_operator.section-1 to None, run_after=None
[2025-04-20T17:52:38.277+0000] {logging_mixin.py:190} INFO - [2025-04-20T17:52:38.276+0000] {dag.py:4180} INFO - Setting next_dagrun for example_subdag_operator.section-2 to None, run_after=None
[2025-04-20T17:52:38.286+0000] {logging_mixin.py:190} INFO - [2025-04-20T17:52:38.285+0000] {dag.py:3239} INFO - Sync 2 DAGs
[2025-04-20T17:52:38.292+0000] {logging_mixin.py:190} INFO - [2025-04-20T17:52:38.292+0000] {dag.py:4180} INFO - Setting next_dagrun for example_subdag_operator.section-1 to None, run_after=None
[2025-04-20T17:52:38.293+0000] {logging_mixin.py:190} INFO - [2025-04-20T17:52:38.293+0000] {dag.py:4180} INFO - Setting next_dagrun for example_subdag_operator.section-2 to None, run_after=None
[2025-04-20T17:52:38.308+0000] {processor.py:208} INFO - Processing /home/airflow/.local/lib/python3.12/site-packages/airflow/example_dags/example_subdag_operator.py took 0.163 seconds
[2025-04-20T17:53:09.303+0000] {processor.py:186} INFO - Started process (PID=626) to work on /home/airflow/.local/lib/python3.12/site-packages/airflow/example_dags/example_subdag_operator.py
[2025-04-20T17:53:09.304+0000] {processor.py:914} INFO - Processing file /home/airflow/.local/lib/python3.12/site-packages/airflow/example_dags/example_subdag_operator.py for tasks to queue
[2025-04-20T17:53:09.307+0000] {logging_mixin.py:190} INFO - [2025-04-20T17:53:09.307+0000] {dagbag.py:588} INFO - Filling up the DagBag from /home/airflow/.local/lib/python3.12/site-packages/airflow/example_dags/example_subdag_operator.py
[2025-04-20T17:53:09.340+0000] {processor.py:925} INFO - DAG(s) 'example_subdag_operator.section-1', 'example_subdag_operator.section-2', 'example_subdag_operator' retrieved from /home/airflow/.local/lib/python3.12/site-packages/airflow/example_dags/example_subdag_operator.py
[2025-04-20T17:53:09.363+0000] {logging_mixin.py:190} INFO - [2025-04-20T17:53:09.362+0000] {dag.py:3239} INFO - Sync 3 DAGs
[2025-04-20T17:53:09.393+0000] {logging_mixin.py:190} INFO - [2025-04-20T17:53:09.393+0000] {dag.py:4180} INFO - Setting next_dagrun for example_subdag_operator to 2022-01-01 00:00:00+00:00, run_after=2022-01-01 00:00:00+00:00
[2025-04-20T17:53:09.399+0000] {logging_mixin.py:190} INFO - [2025-04-20T17:53:09.398+0000] {dag.py:4180} INFO - Setting next_dagrun for example_subdag_operator.section-1 to None, run_after=None
[2025-04-20T17:53:09.401+0000] {logging_mixin.py:190} INFO - [2025-04-20T17:53:09.400+0000] {dag.py:4180} INFO - Setting next_dagrun for example_subdag_operator.section-2 to None, run_after=None
[2025-04-20T17:53:09.408+0000] {logging_mixin.py:190} INFO - [2025-04-20T17:53:09.408+0000] {dag.py:3239} INFO - Sync 2 DAGs
[2025-04-20T17:53:09.415+0000] {logging_mixin.py:190} INFO - [2025-04-20T17:53:09.415+0000] {dag.py:4180} INFO - Setting next_dagrun for example_subdag_operator.section-1 to None, run_after=None
[2025-04-20T17:53:09.416+0000] {logging_mixin.py:190} INFO - [2025-04-20T17:53:09.416+0000] {dag.py:4180} INFO - Setting next_dagrun for example_subdag_operator.section-2 to None, run_after=None
[2025-04-20T17:53:09.434+0000] {processor.py:208} INFO - Processing /home/airflow/.local/lib/python3.12/site-packages/airflow/example_dags/example_subdag_operator.py took 0.139 seconds
[2025-04-20T17:53:40.980+0000] {processor.py:186} INFO - Started process (PID=689) to work on /home/airflow/.local/lib/python3.12/site-packages/airflow/example_dags/example_subdag_operator.py
[2025-04-20T17:53:40.982+0000] {processor.py:914} INFO - Processing file /home/airflow/.local/lib/python3.12/site-packages/airflow/example_dags/example_subdag_operator.py for tasks to queue
[2025-04-20T17:53:40.987+0000] {logging_mixin.py:190} INFO - [2025-04-20T17:53:40.986+0000] {dagbag.py:588} INFO - Filling up the DagBag from /home/airflow/.local/lib/python3.12/site-packages/airflow/example_dags/example_subdag_operator.py
[2025-04-20T17:53:41.035+0000] {processor.py:925} INFO - DAG(s) 'example_subdag_operator.section-1', 'example_subdag_operator.section-2', 'example_subdag_operator' retrieved from /home/airflow/.local/lib/python3.12/site-packages/airflow/example_dags/example_subdag_operator.py
[2025-04-20T17:53:41.072+0000] {logging_mixin.py:190} INFO - [2025-04-20T17:53:41.072+0000] {dag.py:3239} INFO - Sync 3 DAGs
[2025-04-20T17:53:41.119+0000] {logging_mixin.py:190} INFO - [2025-04-20T17:53:41.118+0000] {dag.py:4180} INFO - Setting next_dagrun for example_subdag_operator to 2022-01-01 00:00:00+00:00, run_after=2022-01-01 00:00:00+00:00
[2025-04-20T17:53:41.126+0000] {logging_mixin.py:190} INFO - [2025-04-20T17:53:41.126+0000] {dag.py:4180} INFO - Setting next_dagrun for example_subdag_operator.section-1 to None, run_after=None
[2025-04-20T17:53:41.129+0000] {logging_mixin.py:190} INFO - [2025-04-20T17:53:41.129+0000] {dag.py:4180} INFO - Setting next_dagrun for example_subdag_operator.section-2 to None, run_after=None
[2025-04-20T17:53:41.146+0000] {logging_mixin.py:190} INFO - [2025-04-20T17:53:41.145+0000] {dag.py:3239} INFO - Sync 2 DAGs
[2025-04-20T17:53:41.156+0000] {logging_mixin.py:190} INFO - [2025-04-20T17:53:41.156+0000] {dag.py:4180} INFO - Setting next_dagrun for example_subdag_operator.section-1 to None, run_after=None
[2025-04-20T17:53:41.157+0000] {logging_mixin.py:190} INFO - [2025-04-20T17:53:41.157+0000] {dag.py:4180} INFO - Setting next_dagrun for example_subdag_operator.section-2 to None, run_after=None
[2025-04-20T17:53:41.184+0000] {processor.py:208} INFO - Processing /home/airflow/.local/lib/python3.12/site-packages/airflow/example_dags/example_subdag_operator.py took 0.215 seconds
[2025-04-20T17:54:12.408+0000] {processor.py:186} INFO - Started process (PID=752) to work on /home/airflow/.local/lib/python3.12/site-packages/airflow/example_dags/example_subdag_operator.py
[2025-04-20T17:54:12.410+0000] {processor.py:914} INFO - Processing file /home/airflow/.local/lib/python3.12/site-packages/airflow/example_dags/example_subdag_operator.py for tasks to queue
[2025-04-20T17:54:12.415+0000] {logging_mixin.py:190} INFO - [2025-04-20T17:54:12.414+0000] {dagbag.py:588} INFO - Filling up the DagBag from /home/airflow/.local/lib/python3.12/site-packages/airflow/example_dags/example_subdag_operator.py
[2025-04-20T17:54:12.457+0000] {processor.py:925} INFO - DAG(s) 'example_subdag_operator.section-1', 'example_subdag_operator.section-2', 'example_subdag_operator' retrieved from /home/airflow/.local/lib/python3.12/site-packages/airflow/example_dags/example_subdag_operator.py
[2025-04-20T17:54:12.479+0000] {logging_mixin.py:190} INFO - [2025-04-20T17:54:12.478+0000] {dag.py:3239} INFO - Sync 3 DAGs
[2025-04-20T17:54:12.521+0000] {logging_mixin.py:190} INFO - [2025-04-20T17:54:12.520+0000] {dag.py:4180} INFO - Setting next_dagrun for example_subdag_operator to 2022-01-01 00:00:00+00:00, run_after=2022-01-01 00:00:00+00:00
[2025-04-20T17:54:12.527+0000] {logging_mixin.py:190} INFO - [2025-04-20T17:54:12.527+0000] {dag.py:4180} INFO - Setting next_dagrun for example_subdag_operator.section-1 to None, run_after=None
[2025-04-20T17:54:12.530+0000] {logging_mixin.py:190} INFO - [2025-04-20T17:54:12.529+0000] {dag.py:4180} INFO - Setting next_dagrun for example_subdag_operator.section-2 to None, run_after=None
[2025-04-20T17:54:12.542+0000] {logging_mixin.py:190} INFO - [2025-04-20T17:54:12.541+0000] {dag.py:3239} INFO - Sync 2 DAGs
[2025-04-20T17:54:12.551+0000] {logging_mixin.py:190} INFO - [2025-04-20T17:54:12.551+0000] {dag.py:4180} INFO - Setting next_dagrun for example_subdag_operator.section-1 to None, run_after=None
[2025-04-20T17:54:12.552+0000] {logging_mixin.py:190} INFO - [2025-04-20T17:54:12.552+0000] {dag.py:4180} INFO - Setting next_dagrun for example_subdag_operator.section-2 to None, run_after=None
[2025-04-20T17:54:12.570+0000] {processor.py:208} INFO - Processing /home/airflow/.local/lib/python3.12/site-packages/airflow/example_dags/example_subdag_operator.py took 0.170 seconds
[2025-04-20T17:54:43.558+0000] {processor.py:186} INFO - Started process (PID=815) to work on /home/airflow/.local/lib/python3.12/site-packages/airflow/example_dags/example_subdag_operator.py
[2025-04-20T17:54:43.559+0000] {processor.py:914} INFO - Processing file /home/airflow/.local/lib/python3.12/site-packages/airflow/example_dags/example_subdag_operator.py for tasks to queue
[2025-04-20T17:54:43.562+0000] {logging_mixin.py:190} INFO - [2025-04-20T17:54:43.562+0000] {dagbag.py:588} INFO - Filling up the DagBag from /home/airflow/.local/lib/python3.12/site-packages/airflow/example_dags/example_subdag_operator.py
[2025-04-20T17:54:43.595+0000] {processor.py:925} INFO - DAG(s) 'example_subdag_operator.section-1', 'example_subdag_operator.section-2', 'example_subdag_operator' retrieved from /home/airflow/.local/lib/python3.12/site-packages/airflow/example_dags/example_subdag_operator.py
[2025-04-20T17:54:43.614+0000] {logging_mixin.py:190} INFO - [2025-04-20T17:54:43.614+0000] {dag.py:3239} INFO - Sync 3 DAGs
[2025-04-20T17:54:43.644+0000] {logging_mixin.py:190} INFO - [2025-04-20T17:54:43.644+0000] {dag.py:4180} INFO - Setting next_dagrun for example_subdag_operator to 2022-01-01 00:00:00+00:00, run_after=2022-01-01 00:00:00+00:00
[2025-04-20T17:54:43.650+0000] {logging_mixin.py:190} INFO - [2025-04-20T17:54:43.649+0000] {dag.py:4180} INFO - Setting next_dagrun for example_subdag_operator.section-1 to None, run_after=None
[2025-04-20T17:54:43.652+0000] {logging_mixin.py:190} INFO - [2025-04-20T17:54:43.652+0000] {dag.py:4180} INFO - Setting next_dagrun for example_subdag_operator.section-2 to None, run_after=None
[2025-04-20T17:54:43.661+0000] {logging_mixin.py:190} INFO - [2025-04-20T17:54:43.660+0000] {dag.py:3239} INFO - Sync 2 DAGs
[2025-04-20T17:54:43.671+0000] {logging_mixin.py:190} INFO - [2025-04-20T17:54:43.671+0000] {dag.py:4180} INFO - Setting next_dagrun for example_subdag_operator.section-1 to None, run_after=None
[2025-04-20T17:54:43.672+0000] {logging_mixin.py:190} INFO - [2025-04-20T17:54:43.672+0000] {dag.py:4180} INFO - Setting next_dagrun for example_subdag_operator.section-2 to None, run_after=None
[2025-04-20T17:54:43.691+0000] {processor.py:208} INFO - Processing /home/airflow/.local/lib/python3.12/site-packages/airflow/example_dags/example_subdag_operator.py took 0.140 seconds
[2025-04-20T17:55:15.582+0000] {processor.py:186} INFO - Started process (PID=878) to work on /home/airflow/.local/lib/python3.12/site-packages/airflow/example_dags/example_subdag_operator.py
[2025-04-20T17:55:15.584+0000] {processor.py:914} INFO - Processing file /home/airflow/.local/lib/python3.12/site-packages/airflow/example_dags/example_subdag_operator.py for tasks to queue
[2025-04-20T17:55:15.629+0000] {logging_mixin.py:190} INFO - [2025-04-20T17:55:15.629+0000] {dagbag.py:588} INFO - Filling up the DagBag from /home/airflow/.local/lib/python3.12/site-packages/airflow/example_dags/example_subdag_operator.py
[2025-04-20T17:55:15.717+0000] {processor.py:925} INFO - DAG(s) 'example_subdag_operator.section-1', 'example_subdag_operator.section-2', 'example_subdag_operator' retrieved from /home/airflow/.local/lib/python3.12/site-packages/airflow/example_dags/example_subdag_operator.py
[2025-04-20T17:55:15.765+0000] {logging_mixin.py:190} INFO - [2025-04-20T17:55:15.765+0000] {dag.py:3239} INFO - Sync 3 DAGs
[2025-04-20T17:55:15.810+0000] {logging_mixin.py:190} INFO - [2025-04-20T17:55:15.809+0000] {dag.py:4180} INFO - Setting next_dagrun for example_subdag_operator to 2022-01-01 00:00:00+00:00, run_after=2022-01-01 00:00:00+00:00
[2025-04-20T17:55:15.814+0000] {logging_mixin.py:190} INFO - [2025-04-20T17:55:15.814+0000] {dag.py:4180} INFO - Setting next_dagrun for example_subdag_operator.section-1 to None, run_after=None
[2025-04-20T17:55:15.817+0000] {logging_mixin.py:190} INFO - [2025-04-20T17:55:15.817+0000] {dag.py:4180} INFO - Setting next_dagrun for example_subdag_operator.section-2 to None, run_after=None
[2025-04-20T17:55:15.829+0000] {logging_mixin.py:190} INFO - [2025-04-20T17:55:15.829+0000] {dag.py:3239} INFO - Sync 2 DAGs
[2025-04-20T17:55:15.838+0000] {logging_mixin.py:190} INFO - [2025-04-20T17:55:15.838+0000] {dag.py:4180} INFO - Setting next_dagrun for example_subdag_operator.section-1 to None, run_after=None
[2025-04-20T17:55:15.839+0000] {logging_mixin.py:190} INFO - [2025-04-20T17:55:15.839+0000] {dag.py:4180} INFO - Setting next_dagrun for example_subdag_operator.section-2 to None, run_after=None
[2025-04-20T17:55:15.855+0000] {processor.py:208} INFO - Processing /home/airflow/.local/lib/python3.12/site-packages/airflow/example_dags/example_subdag_operator.py took 0.283 seconds
[2025-04-20T17:55:47.523+0000] {processor.py:186} INFO - Started process (PID=941) to work on /home/airflow/.local/lib/python3.12/site-packages/airflow/example_dags/example_subdag_operator.py
[2025-04-20T17:55:47.524+0000] {processor.py:914} INFO - Processing file /home/airflow/.local/lib/python3.12/site-packages/airflow/example_dags/example_subdag_operator.py for tasks to queue
[2025-04-20T17:55:47.527+0000] {logging_mixin.py:190} INFO - [2025-04-20T17:55:47.527+0000] {dagbag.py:588} INFO - Filling up the DagBag from /home/airflow/.local/lib/python3.12/site-packages/airflow/example_dags/example_subdag_operator.py
[2025-04-20T17:55:47.578+0000] {processor.py:925} INFO - DAG(s) 'example_subdag_operator.section-1', 'example_subdag_operator.section-2', 'example_subdag_operator' retrieved from /home/airflow/.local/lib/python3.12/site-packages/airflow/example_dags/example_subdag_operator.py
[2025-04-20T17:55:47.604+0000] {logging_mixin.py:190} INFO - [2025-04-20T17:55:47.603+0000] {dag.py:3239} INFO - Sync 3 DAGs
[2025-04-20T17:55:47.657+0000] {logging_mixin.py:190} INFO - [2025-04-20T17:55:47.656+0000] {dag.py:4180} INFO - Setting next_dagrun for example_subdag_operator to 2022-01-01 00:00:00+00:00, run_after=2022-01-01 00:00:00+00:00
[2025-04-20T17:55:47.669+0000] {logging_mixin.py:190} INFO - [2025-04-20T17:55:47.668+0000] {dag.py:4180} INFO - Setting next_dagrun for example_subdag_operator.section-1 to None, run_after=None
[2025-04-20T17:55:47.672+0000] {logging_mixin.py:190} INFO - [2025-04-20T17:55:47.672+0000] {dag.py:4180} INFO - Setting next_dagrun for example_subdag_operator.section-2 to None, run_after=None
[2025-04-20T17:55:47.683+0000] {logging_mixin.py:190} INFO - [2025-04-20T17:55:47.683+0000] {dag.py:3239} INFO - Sync 2 DAGs
[2025-04-20T17:55:47.690+0000] {logging_mixin.py:190} INFO - [2025-04-20T17:55:47.690+0000] {dag.py:4180} INFO - Setting next_dagrun for example_subdag_operator.section-1 to None, run_after=None
[2025-04-20T17:55:47.691+0000] {logging_mixin.py:190} INFO - [2025-04-20T17:55:47.691+0000] {dag.py:4180} INFO - Setting next_dagrun for example_subdag_operator.section-2 to None, run_after=None
[2025-04-20T17:55:47.708+0000] {processor.py:208} INFO - Processing /home/airflow/.local/lib/python3.12/site-packages/airflow/example_dags/example_subdag_operator.py took 0.194 seconds
[2025-04-20T17:56:18.532+0000] {processor.py:186} INFO - Started process (PID=1004) to work on /home/airflow/.local/lib/python3.12/site-packages/airflow/example_dags/example_subdag_operator.py
[2025-04-20T17:56:18.534+0000] {processor.py:914} INFO - Processing file /home/airflow/.local/lib/python3.12/site-packages/airflow/example_dags/example_subdag_operator.py for tasks to queue
[2025-04-20T17:56:18.537+0000] {logging_mixin.py:190} INFO - [2025-04-20T17:56:18.536+0000] {dagbag.py:588} INFO - Filling up the DagBag from /home/airflow/.local/lib/python3.12/site-packages/airflow/example_dags/example_subdag_operator.py
[2025-04-20T17:56:18.572+0000] {processor.py:925} INFO - DAG(s) 'example_subdag_operator.section-1', 'example_subdag_operator.section-2', 'example_subdag_operator' retrieved from /home/airflow/.local/lib/python3.12/site-packages/airflow/example_dags/example_subdag_operator.py
[2025-04-20T17:56:18.591+0000] {logging_mixin.py:190} INFO - [2025-04-20T17:56:18.591+0000] {dag.py:3239} INFO - Sync 3 DAGs
[2025-04-20T17:56:18.621+0000] {logging_mixin.py:190} INFO - [2025-04-20T17:56:18.620+0000] {dag.py:4180} INFO - Setting next_dagrun for example_subdag_operator to 2022-01-01 00:00:00+00:00, run_after=2022-01-01 00:00:00+00:00
[2025-04-20T17:56:18.626+0000] {logging_mixin.py:190} INFO - [2025-04-20T17:56:18.625+0000] {dag.py:4180} INFO - Setting next_dagrun for example_subdag_operator.section-1 to None, run_after=None
[2025-04-20T17:56:18.627+0000] {logging_mixin.py:190} INFO - [2025-04-20T17:56:18.627+0000] {dag.py:4180} INFO - Setting next_dagrun for example_subdag_operator.section-2 to None, run_after=None
[2025-04-20T17:56:18.636+0000] {logging_mixin.py:190} INFO - [2025-04-20T17:56:18.636+0000] {dag.py:3239} INFO - Sync 2 DAGs
[2025-04-20T17:56:18.642+0000] {logging_mixin.py:190} INFO - [2025-04-20T17:56:18.642+0000] {dag.py:4180} INFO - Setting next_dagrun for example_subdag_operator.section-1 to None, run_after=None
[2025-04-20T17:56:18.643+0000] {logging_mixin.py:190} INFO - [2025-04-20T17:56:18.643+0000] {dag.py:4180} INFO - Setting next_dagrun for example_subdag_operator.section-2 to None, run_after=None
[2025-04-20T17:56:18.660+0000] {processor.py:208} INFO - Processing /home/airflow/.local/lib/python3.12/site-packages/airflow/example_dags/example_subdag_operator.py took 0.136 seconds
[2025-04-20T17:56:49.464+0000] {processor.py:186} INFO - Started process (PID=1067) to work on /home/airflow/.local/lib/python3.12/site-packages/airflow/example_dags/example_subdag_operator.py
[2025-04-20T17:56:49.465+0000] {processor.py:914} INFO - Processing file /home/airflow/.local/lib/python3.12/site-packages/airflow/example_dags/example_subdag_operator.py for tasks to queue
[2025-04-20T17:56:49.468+0000] {logging_mixin.py:190} INFO - [2025-04-20T17:56:49.468+0000] {dagbag.py:588} INFO - Filling up the DagBag from /home/airflow/.local/lib/python3.12/site-packages/airflow/example_dags/example_subdag_operator.py
[2025-04-20T17:56:49.501+0000] {processor.py:925} INFO - DAG(s) 'example_subdag_operator.section-1', 'example_subdag_operator.section-2', 'example_subdag_operator' retrieved from /home/airflow/.local/lib/python3.12/site-packages/airflow/example_dags/example_subdag_operator.py
[2025-04-20T17:56:49.523+0000] {logging_mixin.py:190} INFO - [2025-04-20T17:56:49.523+0000] {dag.py:3239} INFO - Sync 3 DAGs
[2025-04-20T17:56:49.550+0000] {logging_mixin.py:190} INFO - [2025-04-20T17:56:49.550+0000] {dag.py:4180} INFO - Setting next_dagrun for example_subdag_operator to 2022-01-01 00:00:00+00:00, run_after=2022-01-01 00:00:00+00:00
[2025-04-20T17:56:49.555+0000] {logging_mixin.py:190} INFO - [2025-04-20T17:56:49.555+0000] {dag.py:4180} INFO - Setting next_dagrun for example_subdag_operator.section-1 to None, run_after=None
[2025-04-20T17:56:49.558+0000] {logging_mixin.py:190} INFO - [2025-04-20T17:56:49.558+0000] {dag.py:4180} INFO - Setting next_dagrun for example_subdag_operator.section-2 to None, run_after=None
[2025-04-20T17:56:49.567+0000] {logging_mixin.py:190} INFO - [2025-04-20T17:56:49.566+0000] {dag.py:3239} INFO - Sync 2 DAGs
[2025-04-20T17:56:49.576+0000] {logging_mixin.py:190} INFO - [2025-04-20T17:56:49.575+0000] {dag.py:4180} INFO - Setting next_dagrun for example_subdag_operator.section-1 to None, run_after=None
[2025-04-20T17:56:49.577+0000] {logging_mixin.py:190} INFO - [2025-04-20T17:56:49.576+0000] {dag.py:4180} INFO - Setting next_dagrun for example_subdag_operator.section-2 to None, run_after=None
[2025-04-20T17:56:49.594+0000] {processor.py:208} INFO - Processing /home/airflow/.local/lib/python3.12/site-packages/airflow/example_dags/example_subdag_operator.py took 0.138 seconds
[2025-04-20T17:57:20.991+0000] {processor.py:186} INFO - Started process (PID=1130) to work on /home/airflow/.local/lib/python3.12/site-packages/airflow/example_dags/example_subdag_operator.py
[2025-04-20T17:57:20.992+0000] {processor.py:914} INFO - Processing file /home/airflow/.local/lib/python3.12/site-packages/airflow/example_dags/example_subdag_operator.py for tasks to queue
[2025-04-20T17:57:20.995+0000] {logging_mixin.py:190} INFO - [2025-04-20T17:57:20.995+0000] {dagbag.py:588} INFO - Filling up the DagBag from /home/airflow/.local/lib/python3.12/site-packages/airflow/example_dags/example_subdag_operator.py
[2025-04-20T17:57:21.030+0000] {processor.py:925} INFO - DAG(s) 'example_subdag_operator.section-1', 'example_subdag_operator.section-2', 'example_subdag_operator' retrieved from /home/airflow/.local/lib/python3.12/site-packages/airflow/example_dags/example_subdag_operator.py
[2025-04-20T17:57:21.052+0000] {logging_mixin.py:190} INFO - [2025-04-20T17:57:21.052+0000] {dag.py:3239} INFO - Sync 3 DAGs
[2025-04-20T17:57:21.082+0000] {logging_mixin.py:190} INFO - [2025-04-20T17:57:21.081+0000] {dag.py:4180} INFO - Setting next_dagrun for example_subdag_operator to 2022-01-01 00:00:00+00:00, run_after=2022-01-01 00:00:00+00:00
[2025-04-20T17:57:21.087+0000] {logging_mixin.py:190} INFO - [2025-04-20T17:57:21.087+0000] {dag.py:4180} INFO - Setting next_dagrun for example_subdag_operator.section-1 to None, run_after=None
[2025-04-20T17:57:21.089+0000] {logging_mixin.py:190} INFO - [2025-04-20T17:57:21.089+0000] {dag.py:4180} INFO - Setting next_dagrun for example_subdag_operator.section-2 to None, run_after=None
[2025-04-20T17:57:21.098+0000] {logging_mixin.py:190} INFO - [2025-04-20T17:57:21.097+0000] {dag.py:3239} INFO - Sync 2 DAGs
[2025-04-20T17:57:21.106+0000] {logging_mixin.py:190} INFO - [2025-04-20T17:57:21.105+0000] {dag.py:4180} INFO - Setting next_dagrun for example_subdag_operator.section-1 to None, run_after=None
[2025-04-20T17:57:21.106+0000] {logging_mixin.py:190} INFO - [2025-04-20T17:57:21.106+0000] {dag.py:4180} INFO - Setting next_dagrun for example_subdag_operator.section-2 to None, run_after=None
[2025-04-20T17:57:21.125+0000] {processor.py:208} INFO - Processing /home/airflow/.local/lib/python3.12/site-packages/airflow/example_dags/example_subdag_operator.py took 0.143 seconds
[2025-04-20T17:57:51.949+0000] {processor.py:186} INFO - Started process (PID=1193) to work on /home/airflow/.local/lib/python3.12/site-packages/airflow/example_dags/example_subdag_operator.py
[2025-04-20T17:57:51.950+0000] {processor.py:914} INFO - Processing file /home/airflow/.local/lib/python3.12/site-packages/airflow/example_dags/example_subdag_operator.py for tasks to queue
[2025-04-20T17:57:51.954+0000] {logging_mixin.py:190} INFO - [2025-04-20T17:57:51.954+0000] {dagbag.py:588} INFO - Filling up the DagBag from /home/airflow/.local/lib/python3.12/site-packages/airflow/example_dags/example_subdag_operator.py
[2025-04-20T17:57:51.995+0000] {processor.py:925} INFO - DAG(s) 'example_subdag_operator.section-1', 'example_subdag_operator.section-2', 'example_subdag_operator' retrieved from /home/airflow/.local/lib/python3.12/site-packages/airflow/example_dags/example_subdag_operator.py
[2025-04-20T17:57:52.022+0000] {logging_mixin.py:190} INFO - [2025-04-20T17:57:52.021+0000] {dag.py:3239} INFO - Sync 3 DAGs
[2025-04-20T17:57:52.062+0000] {logging_mixin.py:190} INFO - [2025-04-20T17:57:52.062+0000] {dag.py:4180} INFO - Setting next_dagrun for example_subdag_operator to 2022-01-01 00:00:00+00:00, run_after=2022-01-01 00:00:00+00:00
[2025-04-20T17:57:52.069+0000] {logging_mixin.py:190} INFO - [2025-04-20T17:57:52.069+0000] {dag.py:4180} INFO - Setting next_dagrun for example_subdag_operator.section-1 to None, run_after=None
[2025-04-20T17:57:52.072+0000] {logging_mixin.py:190} INFO - [2025-04-20T17:57:52.072+0000] {dag.py:4180} INFO - Setting next_dagrun for example_subdag_operator.section-2 to None, run_after=None
[2025-04-20T17:57:52.086+0000] {logging_mixin.py:190} INFO - [2025-04-20T17:57:52.085+0000] {dag.py:3239} INFO - Sync 2 DAGs
[2025-04-20T17:57:52.095+0000] {logging_mixin.py:190} INFO - [2025-04-20T17:57:52.094+0000] {dag.py:4180} INFO - Setting next_dagrun for example_subdag_operator.section-1 to None, run_after=None
[2025-04-20T17:57:52.096+0000] {logging_mixin.py:190} INFO - [2025-04-20T17:57:52.095+0000] {dag.py:4180} INFO - Setting next_dagrun for example_subdag_operator.section-2 to None, run_after=None
[2025-04-20T17:57:52.114+0000] {processor.py:208} INFO - Processing /home/airflow/.local/lib/python3.12/site-packages/airflow/example_dags/example_subdag_operator.py took 0.178 seconds
[2025-04-20T17:58:23.024+0000] {processor.py:186} INFO - Started process (PID=1256) to work on /home/airflow/.local/lib/python3.12/site-packages/airflow/example_dags/example_subdag_operator.py
[2025-04-20T17:58:23.025+0000] {processor.py:914} INFO - Processing file /home/airflow/.local/lib/python3.12/site-packages/airflow/example_dags/example_subdag_operator.py for tasks to queue
[2025-04-20T17:58:23.028+0000] {logging_mixin.py:190} INFO - [2025-04-20T17:58:23.028+0000] {dagbag.py:588} INFO - Filling up the DagBag from /home/airflow/.local/lib/python3.12/site-packages/airflow/example_dags/example_subdag_operator.py
[2025-04-20T17:58:23.063+0000] {processor.py:925} INFO - DAG(s) 'example_subdag_operator.section-1', 'example_subdag_operator.section-2', 'example_subdag_operator' retrieved from /home/airflow/.local/lib/python3.12/site-packages/airflow/example_dags/example_subdag_operator.py
[2025-04-20T17:58:23.085+0000] {logging_mixin.py:190} INFO - [2025-04-20T17:58:23.085+0000] {dag.py:3239} INFO - Sync 3 DAGs
[2025-04-20T17:58:23.118+0000] {logging_mixin.py:190} INFO - [2025-04-20T17:58:23.118+0000] {dag.py:4180} INFO - Setting next_dagrun for example_subdag_operator to 2022-01-01 00:00:00+00:00, run_after=2022-01-01 00:00:00+00:00
[2025-04-20T17:58:23.124+0000] {logging_mixin.py:190} INFO - [2025-04-20T17:58:23.123+0000] {dag.py:4180} INFO - Setting next_dagrun for example_subdag_operator.section-1 to None, run_after=None
[2025-04-20T17:58:23.126+0000] {logging_mixin.py:190} INFO - [2025-04-20T17:58:23.126+0000] {dag.py:4180} INFO - Setting next_dagrun for example_subdag_operator.section-2 to None, run_after=None
[2025-04-20T17:58:23.134+0000] {logging_mixin.py:190} INFO - [2025-04-20T17:58:23.134+0000] {dag.py:3239} INFO - Sync 2 DAGs
[2025-04-20T17:58:23.142+0000] {logging_mixin.py:190} INFO - [2025-04-20T17:58:23.142+0000] {dag.py:4180} INFO - Setting next_dagrun for example_subdag_operator.section-1 to None, run_after=None
[2025-04-20T17:58:23.143+0000] {logging_mixin.py:190} INFO - [2025-04-20T17:58:23.143+0000] {dag.py:4180} INFO - Setting next_dagrun for example_subdag_operator.section-2 to None, run_after=None
[2025-04-20T17:58:23.162+0000] {processor.py:208} INFO - Processing /home/airflow/.local/lib/python3.12/site-packages/airflow/example_dags/example_subdag_operator.py took 0.147 seconds
[2025-04-20T17:58:53.961+0000] {processor.py:186} INFO - Started process (PID=1319) to work on /home/airflow/.local/lib/python3.12/site-packages/airflow/example_dags/example_subdag_operator.py
[2025-04-20T17:58:53.963+0000] {processor.py:914} INFO - Processing file /home/airflow/.local/lib/python3.12/site-packages/airflow/example_dags/example_subdag_operator.py for tasks to queue
[2025-04-20T17:58:53.967+0000] {logging_mixin.py:190} INFO - [2025-04-20T17:58:53.966+0000] {dagbag.py:588} INFO - Filling up the DagBag from /home/airflow/.local/lib/python3.12/site-packages/airflow/example_dags/example_subdag_operator.py
[2025-04-20T17:58:54.000+0000] {processor.py:925} INFO - DAG(s) 'example_subdag_operator.section-1', 'example_subdag_operator.section-2', 'example_subdag_operator' retrieved from /home/airflow/.local/lib/python3.12/site-packages/airflow/example_dags/example_subdag_operator.py
[2025-04-20T17:58:54.018+0000] {logging_mixin.py:190} INFO - [2025-04-20T17:58:54.018+0000] {dag.py:3239} INFO - Sync 3 DAGs
[2025-04-20T17:58:54.047+0000] {logging_mixin.py:190} INFO - [2025-04-20T17:58:54.047+0000] {dag.py:4180} INFO - Setting next_dagrun for example_subdag_operator to 2022-01-01 00:00:00+00:00, run_after=2022-01-01 00:00:00+00:00
[2025-04-20T17:58:54.051+0000] {logging_mixin.py:190} INFO - [2025-04-20T17:58:54.051+0000] {dag.py:4180} INFO - Setting next_dagrun for example_subdag_operator.section-1 to None, run_after=None
[2025-04-20T17:58:54.053+0000] {logging_mixin.py:190} INFO - [2025-04-20T17:58:54.053+0000] {dag.py:4180} INFO - Setting next_dagrun for example_subdag_operator.section-2 to None, run_after=None
[2025-04-20T17:58:54.063+0000] {logging_mixin.py:190} INFO - [2025-04-20T17:58:54.062+0000] {dag.py:3239} INFO - Sync 2 DAGs
[2025-04-20T17:58:54.070+0000] {logging_mixin.py:190} INFO - [2025-04-20T17:58:54.070+0000] {dag.py:4180} INFO - Setting next_dagrun for example_subdag_operator.section-1 to None, run_after=None
[2025-04-20T17:58:54.071+0000] {logging_mixin.py:190} INFO - [2025-04-20T17:58:54.071+0000] {dag.py:4180} INFO - Setting next_dagrun for example_subdag_operator.section-2 to None, run_after=None
[2025-04-20T17:58:54.087+0000] {processor.py:208} INFO - Processing /home/airflow/.local/lib/python3.12/site-packages/airflow/example_dags/example_subdag_operator.py took 0.135 seconds
[2025-04-20T18:04:59.329+0000] {processor.py:186} INFO - Started process (PID=120) to work on /home/airflow/.local/lib/python3.12/site-packages/airflow/example_dags/example_subdag_operator.py
[2025-04-20T18:04:59.331+0000] {processor.py:914} INFO - Processing file /home/airflow/.local/lib/python3.12/site-packages/airflow/example_dags/example_subdag_operator.py for tasks to queue
[2025-04-20T18:04:59.335+0000] {logging_mixin.py:190} INFO - [2025-04-20T18:04:59.334+0000] {dagbag.py:588} INFO - Filling up the DagBag from /home/airflow/.local/lib/python3.12/site-packages/airflow/example_dags/example_subdag_operator.py
[2025-04-20T18:04:59.387+0000] {processor.py:925} INFO - DAG(s) 'example_subdag_operator.section-1', 'example_subdag_operator.section-2', 'example_subdag_operator' retrieved from /home/airflow/.local/lib/python3.12/site-packages/airflow/example_dags/example_subdag_operator.py
[2025-04-20T18:04:59.540+0000] {logging_mixin.py:190} INFO - [2025-04-20T18:04:59.540+0000] {override.py:1912} INFO - Created Permission View: can read on DAG:example_subdag_operator
[2025-04-20T18:04:59.555+0000] {logging_mixin.py:190} INFO - [2025-04-20T18:04:59.554+0000] {override.py:1912} INFO - Created Permission View: can edit on DAG:example_subdag_operator
[2025-04-20T18:04:59.563+0000] {logging_mixin.py:190} INFO - [2025-04-20T18:04:59.563+0000] {override.py:1912} INFO - Created Permission View: can delete on DAG:example_subdag_operator
[2025-04-20T18:04:59.573+0000] {logging_mixin.py:190} INFO - [2025-04-20T18:04:59.573+0000] {override.py:1912} INFO - Created Permission View: menu access on DAG Run:example_subdag_operator
[2025-04-20T18:04:59.581+0000] {logging_mixin.py:190} INFO - [2025-04-20T18:04:59.581+0000] {override.py:1912} INFO - Created Permission View: can read on DAG Run:example_subdag_operator
[2025-04-20T18:04:59.590+0000] {logging_mixin.py:190} INFO - [2025-04-20T18:04:59.589+0000] {override.py:1912} INFO - Created Permission View: can create on DAG Run:example_subdag_operator
[2025-04-20T18:04:59.599+0000] {logging_mixin.py:190} INFO - [2025-04-20T18:04:59.599+0000] {override.py:1912} INFO - Created Permission View: can delete on DAG Run:example_subdag_operator
[2025-04-20T18:04:59.600+0000] {logging_mixin.py:190} INFO - [2025-04-20T18:04:59.600+0000] {dag.py:3239} INFO - Sync 3 DAGs
[2025-04-20T18:04:59.618+0000] {logging_mixin.py:190} INFO - [2025-04-20T18:04:59.617+0000] {dag.py:3262} INFO - Creating ORM DAG for example_subdag_operator
[2025-04-20T18:04:59.619+0000] {logging_mixin.py:190} INFO - [2025-04-20T18:04:59.619+0000] {dag.py:3262} INFO - Creating ORM DAG for example_subdag_operator.section-1
[2025-04-20T18:04:59.620+0000] {logging_mixin.py:190} INFO - [2025-04-20T18:04:59.620+0000] {dag.py:3262} INFO - Creating ORM DAG for example_subdag_operator.section-2
[2025-04-20T18:04:59.632+0000] {logging_mixin.py:190} INFO - [2025-04-20T18:04:59.632+0000] {dag.py:4180} INFO - Setting next_dagrun for example_subdag_operator to 2022-01-01 00:00:00+00:00, run_after=2022-01-01 00:00:00+00:00
[2025-04-20T18:04:59.633+0000] {logging_mixin.py:190} INFO - [2025-04-20T18:04:59.633+0000] {dag.py:4180} INFO - Setting next_dagrun for example_subdag_operator.section-1 to None, run_after=None
[2025-04-20T18:04:59.634+0000] {logging_mixin.py:190} INFO - [2025-04-20T18:04:59.634+0000] {dag.py:4180} INFO - Setting next_dagrun for example_subdag_operator.section-2 to None, run_after=None
[2025-04-20T18:04:59.647+0000] {logging_mixin.py:190} INFO - [2025-04-20T18:04:59.647+0000] {dag.py:3239} INFO - Sync 2 DAGs
[2025-04-20T18:04:59.655+0000] {logging_mixin.py:190} INFO - [2025-04-20T18:04:59.655+0000] {dag.py:4180} INFO - Setting next_dagrun for example_subdag_operator.section-1 to None, run_after=None
[2025-04-20T18:04:59.660+0000] {logging_mixin.py:190} INFO - [2025-04-20T18:04:59.659+0000] {dag.py:4180} INFO - Setting next_dagrun for example_subdag_operator.section-2 to None, run_after=None
[2025-04-20T18:04:59.676+0000] {processor.py:208} INFO - Processing /home/airflow/.local/lib/python3.12/site-packages/airflow/example_dags/example_subdag_operator.py took 0.356 seconds
[2025-04-20T18:05:30.891+0000] {processor.py:186} INFO - Started process (PID=183) to work on /home/airflow/.local/lib/python3.12/site-packages/airflow/example_dags/example_subdag_operator.py
[2025-04-20T18:05:30.892+0000] {processor.py:914} INFO - Processing file /home/airflow/.local/lib/python3.12/site-packages/airflow/example_dags/example_subdag_operator.py for tasks to queue
[2025-04-20T18:05:30.895+0000] {logging_mixin.py:190} INFO - [2025-04-20T18:05:30.895+0000] {dagbag.py:588} INFO - Filling up the DagBag from /home/airflow/.local/lib/python3.12/site-packages/airflow/example_dags/example_subdag_operator.py
[2025-04-20T18:05:30.928+0000] {processor.py:925} INFO - DAG(s) 'example_subdag_operator.section-1', 'example_subdag_operator.section-2', 'example_subdag_operator' retrieved from /home/airflow/.local/lib/python3.12/site-packages/airflow/example_dags/example_subdag_operator.py
[2025-04-20T18:05:30.946+0000] {logging_mixin.py:190} INFO - [2025-04-20T18:05:30.946+0000] {dag.py:3239} INFO - Sync 3 DAGs
[2025-04-20T18:05:30.974+0000] {logging_mixin.py:190} INFO - [2025-04-20T18:05:30.974+0000] {dag.py:4180} INFO - Setting next_dagrun for example_subdag_operator to 2022-01-01 00:00:00+00:00, run_after=2022-01-01 00:00:00+00:00
[2025-04-20T18:05:30.979+0000] {logging_mixin.py:190} INFO - [2025-04-20T18:05:30.979+0000] {dag.py:4180} INFO - Setting next_dagrun for example_subdag_operator.section-1 to None, run_after=None
[2025-04-20T18:05:30.981+0000] {logging_mixin.py:190} INFO - [2025-04-20T18:05:30.981+0000] {dag.py:4180} INFO - Setting next_dagrun for example_subdag_operator.section-2 to None, run_after=None
[2025-04-20T18:05:30.987+0000] {logging_mixin.py:190} INFO - [2025-04-20T18:05:30.987+0000] {dag.py:3239} INFO - Sync 2 DAGs
[2025-04-20T18:05:30.994+0000] {logging_mixin.py:190} INFO - [2025-04-20T18:05:30.994+0000] {dag.py:4180} INFO - Setting next_dagrun for example_subdag_operator.section-1 to None, run_after=None
[2025-04-20T18:05:30.995+0000] {logging_mixin.py:190} INFO - [2025-04-20T18:05:30.995+0000] {dag.py:4180} INFO - Setting next_dagrun for example_subdag_operator.section-2 to None, run_after=None
[2025-04-20T18:05:31.022+0000] {processor.py:208} INFO - Processing /home/airflow/.local/lib/python3.12/site-packages/airflow/example_dags/example_subdag_operator.py took 0.138 seconds
[2025-04-20T18:06:02.324+0000] {processor.py:186} INFO - Started process (PID=246) to work on /home/airflow/.local/lib/python3.12/site-packages/airflow/example_dags/example_subdag_operator.py
[2025-04-20T18:06:02.325+0000] {processor.py:914} INFO - Processing file /home/airflow/.local/lib/python3.12/site-packages/airflow/example_dags/example_subdag_operator.py for tasks to queue
[2025-04-20T18:06:02.329+0000] {logging_mixin.py:190} INFO - [2025-04-20T18:06:02.328+0000] {dagbag.py:588} INFO - Filling up the DagBag from /home/airflow/.local/lib/python3.12/site-packages/airflow/example_dags/example_subdag_operator.py
[2025-04-20T18:06:02.362+0000] {processor.py:925} INFO - DAG(s) 'example_subdag_operator.section-1', 'example_subdag_operator.section-2', 'example_subdag_operator' retrieved from /home/airflow/.local/lib/python3.12/site-packages/airflow/example_dags/example_subdag_operator.py
[2025-04-20T18:06:02.380+0000] {logging_mixin.py:190} INFO - [2025-04-20T18:06:02.380+0000] {dag.py:3239} INFO - Sync 3 DAGs
[2025-04-20T18:06:02.406+0000] {logging_mixin.py:190} INFO - [2025-04-20T18:06:02.406+0000] {dag.py:4180} INFO - Setting next_dagrun for example_subdag_operator to 2022-01-01 00:00:00+00:00, run_after=2022-01-01 00:00:00+00:00
[2025-04-20T18:06:02.411+0000] {logging_mixin.py:190} INFO - [2025-04-20T18:06:02.411+0000] {dag.py:4180} INFO - Setting next_dagrun for example_subdag_operator.section-1 to None, run_after=None
[2025-04-20T18:06:02.415+0000] {logging_mixin.py:190} INFO - [2025-04-20T18:06:02.414+0000] {dag.py:4180} INFO - Setting next_dagrun for example_subdag_operator.section-2 to None, run_after=None
[2025-04-20T18:06:02.427+0000] {logging_mixin.py:190} INFO - [2025-04-20T18:06:02.426+0000] {dag.py:3239} INFO - Sync 2 DAGs
[2025-04-20T18:06:02.434+0000] {logging_mixin.py:190} INFO - [2025-04-20T18:06:02.434+0000] {dag.py:4180} INFO - Setting next_dagrun for example_subdag_operator.section-1 to None, run_after=None
[2025-04-20T18:06:02.435+0000] {logging_mixin.py:190} INFO - [2025-04-20T18:06:02.435+0000] {dag.py:4180} INFO - Setting next_dagrun for example_subdag_operator.section-2 to None, run_after=None
[2025-04-20T18:06:02.455+0000] {processor.py:208} INFO - Processing /home/airflow/.local/lib/python3.12/site-packages/airflow/example_dags/example_subdag_operator.py took 0.139 seconds
[2025-04-20T18:06:33.825+0000] {processor.py:186} INFO - Started process (PID=309) to work on /home/airflow/.local/lib/python3.12/site-packages/airflow/example_dags/example_subdag_operator.py
[2025-04-20T18:06:33.827+0000] {processor.py:914} INFO - Processing file /home/airflow/.local/lib/python3.12/site-packages/airflow/example_dags/example_subdag_operator.py for tasks to queue
[2025-04-20T18:06:33.838+0000] {logging_mixin.py:190} INFO - [2025-04-20T18:06:33.834+0000] {dagbag.py:588} INFO - Filling up the DagBag from /home/airflow/.local/lib/python3.12/site-packages/airflow/example_dags/example_subdag_operator.py
[2025-04-20T18:06:33.899+0000] {processor.py:925} INFO - DAG(s) 'example_subdag_operator.section-1', 'example_subdag_operator.section-2', 'example_subdag_operator' retrieved from /home/airflow/.local/lib/python3.12/site-packages/airflow/example_dags/example_subdag_operator.py
[2025-04-20T18:06:33.930+0000] {logging_mixin.py:190} INFO - [2025-04-20T18:06:33.930+0000] {dag.py:3239} INFO - Sync 3 DAGs
[2025-04-20T18:06:33.974+0000] {logging_mixin.py:190} INFO - [2025-04-20T18:06:33.974+0000] {dag.py:4180} INFO - Setting next_dagrun for example_subdag_operator to 2022-01-01 00:00:00+00:00, run_after=2022-01-01 00:00:00+00:00
[2025-04-20T18:06:33.981+0000] {logging_mixin.py:190} INFO - [2025-04-20T18:06:33.981+0000] {dag.py:4180} INFO - Setting next_dagrun for example_subdag_operator.section-1 to None, run_after=None
[2025-04-20T18:06:33.984+0000] {logging_mixin.py:190} INFO - [2025-04-20T18:06:33.983+0000] {dag.py:4180} INFO - Setting next_dagrun for example_subdag_operator.section-2 to None, run_after=None
[2025-04-20T18:06:33.997+0000] {logging_mixin.py:190} INFO - [2025-04-20T18:06:33.997+0000] {dag.py:3239} INFO - Sync 2 DAGs
[2025-04-20T18:06:34.006+0000] {logging_mixin.py:190} INFO - [2025-04-20T18:06:34.006+0000] {dag.py:4180} INFO - Setting next_dagrun for example_subdag_operator.section-1 to None, run_after=None
[2025-04-20T18:06:34.007+0000] {logging_mixin.py:190} INFO - [2025-04-20T18:06:34.007+0000] {dag.py:4180} INFO - Setting next_dagrun for example_subdag_operator.section-2 to None, run_after=None
[2025-04-20T18:06:34.029+0000] {processor.py:208} INFO - Processing /home/airflow/.local/lib/python3.12/site-packages/airflow/example_dags/example_subdag_operator.py took 0.218 seconds
[2025-04-20T18:07:05.253+0000] {processor.py:186} INFO - Started process (PID=372) to work on /home/airflow/.local/lib/python3.12/site-packages/airflow/example_dags/example_subdag_operator.py
[2025-04-20T18:07:05.255+0000] {processor.py:914} INFO - Processing file /home/airflow/.local/lib/python3.12/site-packages/airflow/example_dags/example_subdag_operator.py for tasks to queue
[2025-04-20T18:07:05.258+0000] {logging_mixin.py:190} INFO - [2025-04-20T18:07:05.258+0000] {dagbag.py:588} INFO - Filling up the DagBag from /home/airflow/.local/lib/python3.12/site-packages/airflow/example_dags/example_subdag_operator.py
[2025-04-20T18:07:05.294+0000] {processor.py:925} INFO - DAG(s) 'example_subdag_operator.section-1', 'example_subdag_operator.section-2', 'example_subdag_operator' retrieved from /home/airflow/.local/lib/python3.12/site-packages/airflow/example_dags/example_subdag_operator.py
[2025-04-20T18:07:05.313+0000] {logging_mixin.py:190} INFO - [2025-04-20T18:07:05.312+0000] {dag.py:3239} INFO - Sync 3 DAGs
[2025-04-20T18:07:05.338+0000] {logging_mixin.py:190} INFO - [2025-04-20T18:07:05.338+0000] {dag.py:4180} INFO - Setting next_dagrun for example_subdag_operator to 2022-01-01 00:00:00+00:00, run_after=2022-01-01 00:00:00+00:00
[2025-04-20T18:07:05.343+0000] {logging_mixin.py:190} INFO - [2025-04-20T18:07:05.343+0000] {dag.py:4180} INFO - Setting next_dagrun for example_subdag_operator.section-1 to None, run_after=None
[2025-04-20T18:07:05.346+0000] {logging_mixin.py:190} INFO - [2025-04-20T18:07:05.345+0000] {dag.py:4180} INFO - Setting next_dagrun for example_subdag_operator.section-2 to None, run_after=None
[2025-04-20T18:07:05.354+0000] {logging_mixin.py:190} INFO - [2025-04-20T18:07:05.354+0000] {dag.py:3239} INFO - Sync 2 DAGs
[2025-04-20T18:07:05.363+0000] {logging_mixin.py:190} INFO - [2025-04-20T18:07:05.363+0000] {dag.py:4180} INFO - Setting next_dagrun for example_subdag_operator.section-1 to None, run_after=None
[2025-04-20T18:07:05.363+0000] {logging_mixin.py:190} INFO - [2025-04-20T18:07:05.363+0000] {dag.py:4180} INFO - Setting next_dagrun for example_subdag_operator.section-2 to None, run_after=None
[2025-04-20T18:07:05.381+0000] {processor.py:208} INFO - Processing /home/airflow/.local/lib/python3.12/site-packages/airflow/example_dags/example_subdag_operator.py took 0.136 seconds
[2025-04-20T18:07:36.778+0000] {processor.py:186} INFO - Started process (PID=441) to work on /home/airflow/.local/lib/python3.12/site-packages/airflow/example_dags/example_subdag_operator.py
[2025-04-20T18:07:36.779+0000] {processor.py:914} INFO - Processing file /home/airflow/.local/lib/python3.12/site-packages/airflow/example_dags/example_subdag_operator.py for tasks to queue
[2025-04-20T18:07:36.783+0000] {logging_mixin.py:190} INFO - [2025-04-20T18:07:36.783+0000] {dagbag.py:588} INFO - Filling up the DagBag from /home/airflow/.local/lib/python3.12/site-packages/airflow/example_dags/example_subdag_operator.py
[2025-04-20T18:07:36.818+0000] {processor.py:925} INFO - DAG(s) 'example_subdag_operator.section-1', 'example_subdag_operator.section-2', 'example_subdag_operator' retrieved from /home/airflow/.local/lib/python3.12/site-packages/airflow/example_dags/example_subdag_operator.py
[2025-04-20T18:07:36.846+0000] {logging_mixin.py:190} INFO - [2025-04-20T18:07:36.845+0000] {dag.py:3239} INFO - Sync 3 DAGs
[2025-04-20T18:07:36.886+0000] {logging_mixin.py:190} INFO - [2025-04-20T18:07:36.885+0000] {dag.py:4180} INFO - Setting next_dagrun for example_subdag_operator to 2022-01-01 00:00:00+00:00, run_after=2022-01-01 00:00:00+00:00
[2025-04-20T18:07:36.893+0000] {logging_mixin.py:190} INFO - [2025-04-20T18:07:36.893+0000] {dag.py:4180} INFO - Setting next_dagrun for example_subdag_operator.section-1 to None, run_after=None
[2025-04-20T18:07:36.896+0000] {logging_mixin.py:190} INFO - [2025-04-20T18:07:36.896+0000] {dag.py:4180} INFO - Setting next_dagrun for example_subdag_operator.section-2 to None, run_after=None
[2025-04-20T18:07:36.904+0000] {logging_mixin.py:190} INFO - [2025-04-20T18:07:36.904+0000] {dag.py:3239} INFO - Sync 2 DAGs
[2025-04-20T18:07:36.910+0000] {logging_mixin.py:190} INFO - [2025-04-20T18:07:36.910+0000] {dag.py:4180} INFO - Setting next_dagrun for example_subdag_operator.section-1 to None, run_after=None
[2025-04-20T18:07:36.911+0000] {logging_mixin.py:190} INFO - [2025-04-20T18:07:36.911+0000] {dag.py:4180} INFO - Setting next_dagrun for example_subdag_operator.section-2 to None, run_after=None
[2025-04-20T18:07:36.926+0000] {processor.py:208} INFO - Processing /home/airflow/.local/lib/python3.12/site-packages/airflow/example_dags/example_subdag_operator.py took 0.156 seconds
[2025-04-20T18:08:08.386+0000] {processor.py:186} INFO - Started process (PID=504) to work on /home/airflow/.local/lib/python3.12/site-packages/airflow/example_dags/example_subdag_operator.py
[2025-04-20T18:08:08.388+0000] {processor.py:914} INFO - Processing file /home/airflow/.local/lib/python3.12/site-packages/airflow/example_dags/example_subdag_operator.py for tasks to queue
[2025-04-20T18:08:08.391+0000] {logging_mixin.py:190} INFO - [2025-04-20T18:08:08.390+0000] {dagbag.py:588} INFO - Filling up the DagBag from /home/airflow/.local/lib/python3.12/site-packages/airflow/example_dags/example_subdag_operator.py
[2025-04-20T18:08:08.427+0000] {processor.py:925} INFO - DAG(s) 'example_subdag_operator.section-1', 'example_subdag_operator.section-2', 'example_subdag_operator' retrieved from /home/airflow/.local/lib/python3.12/site-packages/airflow/example_dags/example_subdag_operator.py
[2025-04-20T18:08:08.451+0000] {logging_mixin.py:190} INFO - [2025-04-20T18:08:08.450+0000] {dag.py:3239} INFO - Sync 3 DAGs
[2025-04-20T18:08:08.484+0000] {logging_mixin.py:190} INFO - [2025-04-20T18:08:08.483+0000] {dag.py:4180} INFO - Setting next_dagrun for example_subdag_operator to 2022-01-01 00:00:00+00:00, run_after=2022-01-01 00:00:00+00:00
[2025-04-20T18:08:08.489+0000] {logging_mixin.py:190} INFO - [2025-04-20T18:08:08.488+0000] {dag.py:4180} INFO - Setting next_dagrun for example_subdag_operator.section-1 to None, run_after=None
[2025-04-20T18:08:08.491+0000] {logging_mixin.py:190} INFO - [2025-04-20T18:08:08.490+0000] {dag.py:4180} INFO - Setting next_dagrun for example_subdag_operator.section-2 to None, run_after=None
[2025-04-20T18:08:08.501+0000] {logging_mixin.py:190} INFO - [2025-04-20T18:08:08.501+0000] {dag.py:3239} INFO - Sync 2 DAGs
[2025-04-20T18:08:08.507+0000] {logging_mixin.py:190} INFO - [2025-04-20T18:08:08.507+0000] {dag.py:4180} INFO - Setting next_dagrun for example_subdag_operator.section-1 to None, run_after=None
[2025-04-20T18:08:08.508+0000] {logging_mixin.py:190} INFO - [2025-04-20T18:08:08.508+0000] {dag.py:4180} INFO - Setting next_dagrun for example_subdag_operator.section-2 to None, run_after=None
[2025-04-20T18:08:08.546+0000] {processor.py:208} INFO - Processing /home/airflow/.local/lib/python3.12/site-packages/airflow/example_dags/example_subdag_operator.py took 0.173 seconds
[2025-04-20T18:08:39.756+0000] {processor.py:186} INFO - Started process (PID=567) to work on /home/airflow/.local/lib/python3.12/site-packages/airflow/example_dags/example_subdag_operator.py
[2025-04-20T18:08:39.757+0000] {processor.py:914} INFO - Processing file /home/airflow/.local/lib/python3.12/site-packages/airflow/example_dags/example_subdag_operator.py for tasks to queue
[2025-04-20T18:08:39.760+0000] {logging_mixin.py:190} INFO - [2025-04-20T18:08:39.759+0000] {dagbag.py:588} INFO - Filling up the DagBag from /home/airflow/.local/lib/python3.12/site-packages/airflow/example_dags/example_subdag_operator.py
[2025-04-20T18:08:39.798+0000] {processor.py:925} INFO - DAG(s) 'example_subdag_operator.section-1', 'example_subdag_operator.section-2', 'example_subdag_operator' retrieved from /home/airflow/.local/lib/python3.12/site-packages/airflow/example_dags/example_subdag_operator.py
[2025-04-20T18:08:39.823+0000] {logging_mixin.py:190} INFO - [2025-04-20T18:08:39.822+0000] {dag.py:3239} INFO - Sync 3 DAGs
[2025-04-20T18:08:39.861+0000] {logging_mixin.py:190} INFO - [2025-04-20T18:08:39.860+0000] {dag.py:4180} INFO - Setting next_dagrun for example_subdag_operator to 2022-01-01 00:00:00+00:00, run_after=2022-01-01 00:00:00+00:00
[2025-04-20T18:08:39.868+0000] {logging_mixin.py:190} INFO - [2025-04-20T18:08:39.868+0000] {dag.py:4180} INFO - Setting next_dagrun for example_subdag_operator.section-1 to None, run_after=None
[2025-04-20T18:08:39.871+0000] {logging_mixin.py:190} INFO - [2025-04-20T18:08:39.871+0000] {dag.py:4180} INFO - Setting next_dagrun for example_subdag_operator.section-2 to None, run_after=None
[2025-04-20T18:08:39.881+0000] {logging_mixin.py:190} INFO - [2025-04-20T18:08:39.881+0000] {dag.py:3239} INFO - Sync 2 DAGs
[2025-04-20T18:08:39.893+0000] {logging_mixin.py:190} INFO - [2025-04-20T18:08:39.892+0000] {dag.py:4180} INFO - Setting next_dagrun for example_subdag_operator.section-1 to None, run_after=None
[2025-04-20T18:08:39.893+0000] {logging_mixin.py:190} INFO - [2025-04-20T18:08:39.893+0000] {dag.py:4180} INFO - Setting next_dagrun for example_subdag_operator.section-2 to None, run_after=None
[2025-04-20T18:08:39.948+0000] {processor.py:208} INFO - Processing /home/airflow/.local/lib/python3.12/site-packages/airflow/example_dags/example_subdag_operator.py took 0.202 seconds
[2025-04-20T18:09:11.242+0000] {processor.py:186} INFO - Started process (PID=630) to work on /home/airflow/.local/lib/python3.12/site-packages/airflow/example_dags/example_subdag_operator.py
[2025-04-20T18:09:11.243+0000] {processor.py:914} INFO - Processing file /home/airflow/.local/lib/python3.12/site-packages/airflow/example_dags/example_subdag_operator.py for tasks to queue
[2025-04-20T18:09:11.246+0000] {logging_mixin.py:190} INFO - [2025-04-20T18:09:11.246+0000] {dagbag.py:588} INFO - Filling up the DagBag from /home/airflow/.local/lib/python3.12/site-packages/airflow/example_dags/example_subdag_operator.py
[2025-04-20T18:09:11.283+0000] {processor.py:925} INFO - DAG(s) 'example_subdag_operator.section-1', 'example_subdag_operator.section-2', 'example_subdag_operator' retrieved from /home/airflow/.local/lib/python3.12/site-packages/airflow/example_dags/example_subdag_operator.py
[2025-04-20T18:09:11.312+0000] {logging_mixin.py:190} INFO - [2025-04-20T18:09:11.312+0000] {dag.py:3239} INFO - Sync 3 DAGs
[2025-04-20T18:09:11.347+0000] {logging_mixin.py:190} INFO - [2025-04-20T18:09:11.347+0000] {dag.py:4180} INFO - Setting next_dagrun for example_subdag_operator to 2022-01-01 00:00:00+00:00, run_after=2022-01-01 00:00:00+00:00
[2025-04-20T18:09:11.353+0000] {logging_mixin.py:190} INFO - [2025-04-20T18:09:11.352+0000] {dag.py:4180} INFO - Setting next_dagrun for example_subdag_operator.section-1 to None, run_after=None
[2025-04-20T18:09:11.356+0000] {logging_mixin.py:190} INFO - [2025-04-20T18:09:11.355+0000] {dag.py:4180} INFO - Setting next_dagrun for example_subdag_operator.section-2 to None, run_after=None
[2025-04-20T18:09:11.366+0000] {logging_mixin.py:190} INFO - [2025-04-20T18:09:11.365+0000] {dag.py:3239} INFO - Sync 2 DAGs
[2025-04-20T18:09:11.373+0000] {logging_mixin.py:190} INFO - [2025-04-20T18:09:11.372+0000] {dag.py:4180} INFO - Setting next_dagrun for example_subdag_operator.section-1 to None, run_after=None
[2025-04-20T18:09:11.373+0000] {logging_mixin.py:190} INFO - [2025-04-20T18:09:11.373+0000] {dag.py:4180} INFO - Setting next_dagrun for example_subdag_operator.section-2 to None, run_after=None
[2025-04-20T18:09:11.392+0000] {processor.py:208} INFO - Processing /home/airflow/.local/lib/python3.12/site-packages/airflow/example_dags/example_subdag_operator.py took 0.158 seconds
