[2025-04-20T17:48:43.959+0000] {processor.py:186} INFO - Started process (PID=78) to work on /home/airflow/.local/lib/python3.12/site-packages/airflow/example_dags/example_bash_decorator.py
[2025-04-20T17:48:43.961+0000] {processor.py:914} INFO - Processing file /home/airflow/.local/lib/python3.12/site-packages/airflow/example_dags/example_bash_decorator.py for tasks to queue
[2025-04-20T17:48:43.969+0000] {logging_mixin.py:190} INFO - [2025-04-20T17:48:43.968+0000] {dagbag.py:588} INFO - Filling up the DagBag from /home/airflow/.local/lib/python3.12/site-packages/airflow/example_dags/example_bash_decorator.py
[2025-04-20T17:48:44.007+0000] {processor.py:925} INFO - DAG(s) 'example_bash_decorator' retrieved from /home/airflow/.local/lib/python3.12/site-packages/airflow/example_dags/example_bash_decorator.py
[2025-04-20T17:48:44.214+0000] {logging_mixin.py:190} INFO - [2025-04-20T17:48:44.213+0000] {override.py:1912} INFO - Created Permission View: can read on DAG:example_bash_decorator
[2025-04-20T17:48:44.240+0000] {logging_mixin.py:190} INFO - [2025-04-20T17:48:44.240+0000] {override.py:1912} INFO - Created Permission View: can edit on DAG:example_bash_decorator
[2025-04-20T17:48:44.263+0000] {logging_mixin.py:190} INFO - [2025-04-20T17:48:44.263+0000] {override.py:1912} INFO - Created Permission View: can delete on DAG:example_bash_decorator
[2025-04-20T17:48:44.302+0000] {logging_mixin.py:190} INFO - [2025-04-20T17:48:44.302+0000] {override.py:1912} INFO - Created Permission View: can read on DAG Run:example_bash_decorator
[2025-04-20T17:48:44.327+0000] {logging_mixin.py:190} INFO - [2025-04-20T17:48:44.326+0000] {override.py:1912} INFO - Created Permission View: can create on DAG Run:example_bash_decorator
[2025-04-20T17:48:44.345+0000] {logging_mixin.py:190} INFO - [2025-04-20T17:48:44.345+0000] {override.py:1912} INFO - Created Permission View: menu access on DAG Run:example_bash_decorator
[2025-04-20T17:48:44.367+0000] {logging_mixin.py:190} INFO - [2025-04-20T17:48:44.367+0000] {override.py:1912} INFO - Created Permission View: can delete on DAG Run:example_bash_decorator
[2025-04-20T17:48:44.368+0000] {logging_mixin.py:190} INFO - [2025-04-20T17:48:44.367+0000] {dag.py:3239} INFO - Sync 1 DAGs
[2025-04-20T17:48:44.386+0000] {logging_mixin.py:190} INFO - [2025-04-20T17:48:44.386+0000] {dag.py:3262} INFO - Creating ORM DAG for example_bash_decorator
[2025-04-20T17:48:44.387+0000] {logging_mixin.py:190} INFO - [2025-04-20T17:48:44.387+0000] {dag.py:4180} INFO - Setting next_dagrun for example_bash_decorator to None, run_after=None
[2025-04-20T17:48:44.423+0000] {processor.py:208} INFO - Processing /home/airflow/.local/lib/python3.12/site-packages/airflow/example_dags/example_bash_decorator.py took 0.478 seconds
[2025-04-20T17:49:14.540+0000] {processor.py:186} INFO - Started process (PID=140) to work on /home/airflow/.local/lib/python3.12/site-packages/airflow/example_dags/example_bash_decorator.py
[2025-04-20T17:49:14.543+0000] {processor.py:914} INFO - Processing file /home/airflow/.local/lib/python3.12/site-packages/airflow/example_dags/example_bash_decorator.py for tasks to queue
[2025-04-20T17:49:14.548+0000] {logging_mixin.py:190} INFO - [2025-04-20T17:49:14.548+0000] {dagbag.py:588} INFO - Filling up the DagBag from /home/airflow/.local/lib/python3.12/site-packages/airflow/example_dags/example_bash_decorator.py
[2025-04-20T17:49:14.565+0000] {processor.py:925} INFO - DAG(s) 'example_bash_decorator' retrieved from /home/airflow/.local/lib/python3.12/site-packages/airflow/example_dags/example_bash_decorator.py
[2025-04-20T17:49:14.592+0000] {logging_mixin.py:190} INFO - [2025-04-20T17:49:14.592+0000] {dag.py:3239} INFO - Sync 1 DAGs
[2025-04-20T17:49:14.608+0000] {logging_mixin.py:190} INFO - [2025-04-20T17:49:14.608+0000] {dag.py:4180} INFO - Setting next_dagrun for example_bash_decorator to None, run_after=None
[2025-04-20T17:49:14.634+0000] {processor.py:208} INFO - Processing /home/airflow/.local/lib/python3.12/site-packages/airflow/example_dags/example_bash_decorator.py took 0.100 seconds
[2025-04-20T17:49:44.863+0000] {processor.py:186} INFO - Started process (PID=203) to work on /home/airflow/.local/lib/python3.12/site-packages/airflow/example_dags/example_bash_decorator.py
[2025-04-20T17:49:44.867+0000] {processor.py:914} INFO - Processing file /home/airflow/.local/lib/python3.12/site-packages/airflow/example_dags/example_bash_decorator.py for tasks to queue
[2025-04-20T17:49:44.872+0000] {logging_mixin.py:190} INFO - [2025-04-20T17:49:44.872+0000] {dagbag.py:588} INFO - Filling up the DagBag from /home/airflow/.local/lib/python3.12/site-packages/airflow/example_dags/example_bash_decorator.py
[2025-04-20T17:49:44.909+0000] {processor.py:925} INFO - DAG(s) 'example_bash_decorator' retrieved from /home/airflow/.local/lib/python3.12/site-packages/airflow/example_dags/example_bash_decorator.py
[2025-04-20T17:49:44.956+0000] {logging_mixin.py:190} INFO - [2025-04-20T17:49:44.955+0000] {dag.py:3239} INFO - Sync 1 DAGs
[2025-04-20T17:49:45.006+0000] {logging_mixin.py:190} INFO - [2025-04-20T17:49:45.006+0000] {dag.py:4180} INFO - Setting next_dagrun for example_bash_decorator to None, run_after=None
[2025-04-20T17:49:45.067+0000] {processor.py:208} INFO - Processing /home/airflow/.local/lib/python3.12/site-packages/airflow/example_dags/example_bash_decorator.py took 0.216 seconds
[2025-04-20T17:50:15.765+0000] {processor.py:186} INFO - Started process (PID=266) to work on /home/airflow/.local/lib/python3.12/site-packages/airflow/example_dags/example_bash_decorator.py
[2025-04-20T17:50:15.766+0000] {processor.py:914} INFO - Processing file /home/airflow/.local/lib/python3.12/site-packages/airflow/example_dags/example_bash_decorator.py for tasks to queue
[2025-04-20T17:50:15.770+0000] {logging_mixin.py:190} INFO - [2025-04-20T17:50:15.770+0000] {dagbag.py:588} INFO - Filling up the DagBag from /home/airflow/.local/lib/python3.12/site-packages/airflow/example_dags/example_bash_decorator.py
[2025-04-20T17:50:15.790+0000] {processor.py:925} INFO - DAG(s) 'example_bash_decorator' retrieved from /home/airflow/.local/lib/python3.12/site-packages/airflow/example_dags/example_bash_decorator.py
[2025-04-20T17:50:15.824+0000] {logging_mixin.py:190} INFO - [2025-04-20T17:50:15.824+0000] {dag.py:3239} INFO - Sync 1 DAGs
[2025-04-20T17:50:15.844+0000] {logging_mixin.py:190} INFO - [2025-04-20T17:50:15.844+0000] {dag.py:4180} INFO - Setting next_dagrun for example_bash_decorator to None, run_after=None
[2025-04-20T17:50:15.871+0000] {processor.py:208} INFO - Processing /home/airflow/.local/lib/python3.12/site-packages/airflow/example_dags/example_bash_decorator.py took 0.113 seconds
[2025-04-20T17:50:46.777+0000] {processor.py:186} INFO - Started process (PID=329) to work on /home/airflow/.local/lib/python3.12/site-packages/airflow/example_dags/example_bash_decorator.py
[2025-04-20T17:50:46.778+0000] {processor.py:914} INFO - Processing file /home/airflow/.local/lib/python3.12/site-packages/airflow/example_dags/example_bash_decorator.py for tasks to queue
[2025-04-20T17:50:46.782+0000] {logging_mixin.py:190} INFO - [2025-04-20T17:50:46.781+0000] {dagbag.py:588} INFO - Filling up the DagBag from /home/airflow/.local/lib/python3.12/site-packages/airflow/example_dags/example_bash_decorator.py
[2025-04-20T17:50:46.811+0000] {processor.py:925} INFO - DAG(s) 'example_bash_decorator' retrieved from /home/airflow/.local/lib/python3.12/site-packages/airflow/example_dags/example_bash_decorator.py
[2025-04-20T17:50:46.855+0000] {logging_mixin.py:190} INFO - [2025-04-20T17:50:46.855+0000] {dag.py:3239} INFO - Sync 1 DAGs
[2025-04-20T17:50:46.884+0000] {logging_mixin.py:190} INFO - [2025-04-20T17:50:46.884+0000] {dag.py:4180} INFO - Setting next_dagrun for example_bash_decorator to None, run_after=None
[2025-04-20T17:50:46.914+0000] {processor.py:208} INFO - Processing /home/airflow/.local/lib/python3.12/site-packages/airflow/example_dags/example_bash_decorator.py took 0.148 seconds
[2025-04-20T17:51:17.566+0000] {processor.py:186} INFO - Started process (PID=392) to work on /home/airflow/.local/lib/python3.12/site-packages/airflow/example_dags/example_bash_decorator.py
[2025-04-20T17:51:17.571+0000] {processor.py:914} INFO - Processing file /home/airflow/.local/lib/python3.12/site-packages/airflow/example_dags/example_bash_decorator.py for tasks to queue
[2025-04-20T17:51:17.574+0000] {logging_mixin.py:190} INFO - [2025-04-20T17:51:17.574+0000] {dagbag.py:588} INFO - Filling up the DagBag from /home/airflow/.local/lib/python3.12/site-packages/airflow/example_dags/example_bash_decorator.py
[2025-04-20T17:51:17.596+0000] {processor.py:925} INFO - DAG(s) 'example_bash_decorator' retrieved from /home/airflow/.local/lib/python3.12/site-packages/airflow/example_dags/example_bash_decorator.py
[2025-04-20T17:51:17.626+0000] {logging_mixin.py:190} INFO - [2025-04-20T17:51:17.626+0000] {dag.py:3239} INFO - Sync 1 DAGs
[2025-04-20T17:51:17.642+0000] {logging_mixin.py:190} INFO - [2025-04-20T17:51:17.642+0000] {dag.py:4180} INFO - Setting next_dagrun for example_bash_decorator to None, run_after=None
[2025-04-20T17:51:17.670+0000] {processor.py:208} INFO - Processing /home/airflow/.local/lib/python3.12/site-packages/airflow/example_dags/example_bash_decorator.py took 0.112 seconds
[2025-04-20T17:51:48.431+0000] {processor.py:186} INFO - Started process (PID=455) to work on /home/airflow/.local/lib/python3.12/site-packages/airflow/example_dags/example_bash_decorator.py
[2025-04-20T17:51:48.432+0000] {processor.py:914} INFO - Processing file /home/airflow/.local/lib/python3.12/site-packages/airflow/example_dags/example_bash_decorator.py for tasks to queue
[2025-04-20T17:51:48.435+0000] {logging_mixin.py:190} INFO - [2025-04-20T17:51:48.434+0000] {dagbag.py:588} INFO - Filling up the DagBag from /home/airflow/.local/lib/python3.12/site-packages/airflow/example_dags/example_bash_decorator.py
[2025-04-20T17:51:48.453+0000] {processor.py:925} INFO - DAG(s) 'example_bash_decorator' retrieved from /home/airflow/.local/lib/python3.12/site-packages/airflow/example_dags/example_bash_decorator.py
[2025-04-20T17:51:48.481+0000] {logging_mixin.py:190} INFO - [2025-04-20T17:51:48.480+0000] {dag.py:3239} INFO - Sync 1 DAGs
[2025-04-20T17:51:48.498+0000] {logging_mixin.py:190} INFO - [2025-04-20T17:51:48.497+0000] {dag.py:4180} INFO - Setting next_dagrun for example_bash_decorator to None, run_after=None
[2025-04-20T17:51:48.529+0000] {processor.py:208} INFO - Processing /home/airflow/.local/lib/python3.12/site-packages/airflow/example_dags/example_bash_decorator.py took 0.105 seconds
[2025-04-20T17:52:18.943+0000] {processor.py:186} INFO - Started process (PID=517) to work on /home/airflow/.local/lib/python3.12/site-packages/airflow/example_dags/example_bash_decorator.py
[2025-04-20T17:52:18.945+0000] {processor.py:914} INFO - Processing file /home/airflow/.local/lib/python3.12/site-packages/airflow/example_dags/example_bash_decorator.py for tasks to queue
[2025-04-20T17:52:18.948+0000] {logging_mixin.py:190} INFO - [2025-04-20T17:52:18.947+0000] {dagbag.py:588} INFO - Filling up the DagBag from /home/airflow/.local/lib/python3.12/site-packages/airflow/example_dags/example_bash_decorator.py
[2025-04-20T17:52:18.972+0000] {processor.py:925} INFO - DAG(s) 'example_bash_decorator' retrieved from /home/airflow/.local/lib/python3.12/site-packages/airflow/example_dags/example_bash_decorator.py
[2025-04-20T17:52:19.011+0000] {logging_mixin.py:190} INFO - [2025-04-20T17:52:19.010+0000] {dag.py:3239} INFO - Sync 1 DAGs
[2025-04-20T17:52:19.034+0000] {logging_mixin.py:190} INFO - [2025-04-20T17:52:19.033+0000] {dag.py:4180} INFO - Setting next_dagrun for example_bash_decorator to None, run_after=None
[2025-04-20T17:52:19.061+0000] {processor.py:208} INFO - Processing /home/airflow/.local/lib/python3.12/site-packages/airflow/example_dags/example_bash_decorator.py took 0.132 seconds
[2025-04-20T17:52:49.286+0000] {processor.py:186} INFO - Started process (PID=580) to work on /home/airflow/.local/lib/python3.12/site-packages/airflow/example_dags/example_bash_decorator.py
[2025-04-20T17:52:49.288+0000] {processor.py:914} INFO - Processing file /home/airflow/.local/lib/python3.12/site-packages/airflow/example_dags/example_bash_decorator.py for tasks to queue
[2025-04-20T17:52:49.292+0000] {logging_mixin.py:190} INFO - [2025-04-20T17:52:49.291+0000] {dagbag.py:588} INFO - Filling up the DagBag from /home/airflow/.local/lib/python3.12/site-packages/airflow/example_dags/example_bash_decorator.py
[2025-04-20T17:52:49.311+0000] {processor.py:925} INFO - DAG(s) 'example_bash_decorator' retrieved from /home/airflow/.local/lib/python3.12/site-packages/airflow/example_dags/example_bash_decorator.py
[2025-04-20T17:52:49.343+0000] {logging_mixin.py:190} INFO - [2025-04-20T17:52:49.343+0000] {dag.py:3239} INFO - Sync 1 DAGs
[2025-04-20T17:52:49.364+0000] {logging_mixin.py:190} INFO - [2025-04-20T17:52:49.364+0000] {dag.py:4180} INFO - Setting next_dagrun for example_bash_decorator to None, run_after=None
[2025-04-20T17:52:49.392+0000] {processor.py:208} INFO - Processing /home/airflow/.local/lib/python3.12/site-packages/airflow/example_dags/example_bash_decorator.py took 0.114 seconds
[2025-04-20T17:53:19.583+0000] {processor.py:186} INFO - Started process (PID=643) to work on /home/airflow/.local/lib/python3.12/site-packages/airflow/example_dags/example_bash_decorator.py
[2025-04-20T17:53:19.585+0000] {processor.py:914} INFO - Processing file /home/airflow/.local/lib/python3.12/site-packages/airflow/example_dags/example_bash_decorator.py for tasks to queue
[2025-04-20T17:53:19.594+0000] {logging_mixin.py:190} INFO - [2025-04-20T17:53:19.590+0000] {dagbag.py:588} INFO - Filling up the DagBag from /home/airflow/.local/lib/python3.12/site-packages/airflow/example_dags/example_bash_decorator.py
[2025-04-20T17:53:19.622+0000] {processor.py:925} INFO - DAG(s) 'example_bash_decorator' retrieved from /home/airflow/.local/lib/python3.12/site-packages/airflow/example_dags/example_bash_decorator.py
[2025-04-20T17:53:19.648+0000] {logging_mixin.py:190} INFO - [2025-04-20T17:53:19.648+0000] {dag.py:3239} INFO - Sync 1 DAGs
[2025-04-20T17:53:19.666+0000] {logging_mixin.py:190} INFO - [2025-04-20T17:53:19.666+0000] {dag.py:4180} INFO - Setting next_dagrun for example_bash_decorator to None, run_after=None
[2025-04-20T17:53:19.688+0000] {processor.py:208} INFO - Processing /home/airflow/.local/lib/python3.12/site-packages/airflow/example_dags/example_bash_decorator.py took 0.115 seconds
[2025-04-20T17:53:50.453+0000] {processor.py:186} INFO - Started process (PID=706) to work on /home/airflow/.local/lib/python3.12/site-packages/airflow/example_dags/example_bash_decorator.py
[2025-04-20T17:53:50.455+0000] {processor.py:914} INFO - Processing file /home/airflow/.local/lib/python3.12/site-packages/airflow/example_dags/example_bash_decorator.py for tasks to queue
[2025-04-20T17:53:50.459+0000] {logging_mixin.py:190} INFO - [2025-04-20T17:53:50.458+0000] {dagbag.py:588} INFO - Filling up the DagBag from /home/airflow/.local/lib/python3.12/site-packages/airflow/example_dags/example_bash_decorator.py
[2025-04-20T17:53:50.477+0000] {processor.py:925} INFO - DAG(s) 'example_bash_decorator' retrieved from /home/airflow/.local/lib/python3.12/site-packages/airflow/example_dags/example_bash_decorator.py
[2025-04-20T17:53:50.502+0000] {logging_mixin.py:190} INFO - [2025-04-20T17:53:50.501+0000] {dag.py:3239} INFO - Sync 1 DAGs
[2025-04-20T17:53:50.518+0000] {logging_mixin.py:190} INFO - [2025-04-20T17:53:50.518+0000] {dag.py:4180} INFO - Setting next_dagrun for example_bash_decorator to None, run_after=None
[2025-04-20T17:53:50.544+0000] {processor.py:208} INFO - Processing /home/airflow/.local/lib/python3.12/site-packages/airflow/example_dags/example_bash_decorator.py took 0.099 seconds
[2025-04-20T17:54:20.739+0000] {processor.py:186} INFO - Started process (PID=769) to work on /home/airflow/.local/lib/python3.12/site-packages/airflow/example_dags/example_bash_decorator.py
[2025-04-20T17:54:20.740+0000] {processor.py:914} INFO - Processing file /home/airflow/.local/lib/python3.12/site-packages/airflow/example_dags/example_bash_decorator.py for tasks to queue
[2025-04-20T17:54:20.743+0000] {logging_mixin.py:190} INFO - [2025-04-20T17:54:20.743+0000] {dagbag.py:588} INFO - Filling up the DagBag from /home/airflow/.local/lib/python3.12/site-packages/airflow/example_dags/example_bash_decorator.py
[2025-04-20T17:54:20.762+0000] {processor.py:925} INFO - DAG(s) 'example_bash_decorator' retrieved from /home/airflow/.local/lib/python3.12/site-packages/airflow/example_dags/example_bash_decorator.py
[2025-04-20T17:54:20.792+0000] {logging_mixin.py:190} INFO - [2025-04-20T17:54:20.792+0000] {dag.py:3239} INFO - Sync 1 DAGs
[2025-04-20T17:54:20.810+0000] {logging_mixin.py:190} INFO - [2025-04-20T17:54:20.810+0000] {dag.py:4180} INFO - Setting next_dagrun for example_bash_decorator to None, run_after=None
[2025-04-20T17:54:20.833+0000] {processor.py:208} INFO - Processing /home/airflow/.local/lib/python3.12/site-packages/airflow/example_dags/example_bash_decorator.py took 0.102 seconds
[2025-04-20T17:54:51.821+0000] {processor.py:186} INFO - Started process (PID=832) to work on /home/airflow/.local/lib/python3.12/site-packages/airflow/example_dags/example_bash_decorator.py
[2025-04-20T17:54:51.823+0000] {processor.py:914} INFO - Processing file /home/airflow/.local/lib/python3.12/site-packages/airflow/example_dags/example_bash_decorator.py for tasks to queue
[2025-04-20T17:54:51.827+0000] {logging_mixin.py:190} INFO - [2025-04-20T17:54:51.826+0000] {dagbag.py:588} INFO - Filling up the DagBag from /home/airflow/.local/lib/python3.12/site-packages/airflow/example_dags/example_bash_decorator.py
[2025-04-20T17:54:51.850+0000] {processor.py:925} INFO - DAG(s) 'example_bash_decorator' retrieved from /home/airflow/.local/lib/python3.12/site-packages/airflow/example_dags/example_bash_decorator.py
[2025-04-20T17:54:51.882+0000] {logging_mixin.py:190} INFO - [2025-04-20T17:54:51.882+0000] {dag.py:3239} INFO - Sync 1 DAGs
[2025-04-20T17:54:51.904+0000] {logging_mixin.py:190} INFO - [2025-04-20T17:54:51.903+0000] {dag.py:4180} INFO - Setting next_dagrun for example_bash_decorator to None, run_after=None
[2025-04-20T17:54:51.939+0000] {processor.py:208} INFO - Processing /home/airflow/.local/lib/python3.12/site-packages/airflow/example_dags/example_bash_decorator.py took 0.127 seconds
[2025-04-20T17:55:22.467+0000] {processor.py:186} INFO - Started process (PID=895) to work on /home/airflow/.local/lib/python3.12/site-packages/airflow/example_dags/example_bash_decorator.py
[2025-04-20T17:55:22.468+0000] {processor.py:914} INFO - Processing file /home/airflow/.local/lib/python3.12/site-packages/airflow/example_dags/example_bash_decorator.py for tasks to queue
[2025-04-20T17:55:22.472+0000] {logging_mixin.py:190} INFO - [2025-04-20T17:55:22.471+0000] {dagbag.py:588} INFO - Filling up the DagBag from /home/airflow/.local/lib/python3.12/site-packages/airflow/example_dags/example_bash_decorator.py
[2025-04-20T17:55:22.493+0000] {processor.py:925} INFO - DAG(s) 'example_bash_decorator' retrieved from /home/airflow/.local/lib/python3.12/site-packages/airflow/example_dags/example_bash_decorator.py
[2025-04-20T17:55:22.529+0000] {logging_mixin.py:190} INFO - [2025-04-20T17:55:22.528+0000] {dag.py:3239} INFO - Sync 1 DAGs
[2025-04-20T17:55:22.550+0000] {logging_mixin.py:190} INFO - [2025-04-20T17:55:22.549+0000] {dag.py:4180} INFO - Setting next_dagrun for example_bash_decorator to None, run_after=None
[2025-04-20T17:55:22.579+0000] {processor.py:208} INFO - Processing /home/airflow/.local/lib/python3.12/site-packages/airflow/example_dags/example_bash_decorator.py took 0.120 seconds
[2025-04-20T17:55:52.858+0000] {processor.py:186} INFO - Started process (PID=958) to work on /home/airflow/.local/lib/python3.12/site-packages/airflow/example_dags/example_bash_decorator.py
[2025-04-20T17:55:52.860+0000] {processor.py:914} INFO - Processing file /home/airflow/.local/lib/python3.12/site-packages/airflow/example_dags/example_bash_decorator.py for tasks to queue
[2025-04-20T17:55:52.863+0000] {logging_mixin.py:190} INFO - [2025-04-20T17:55:52.863+0000] {dagbag.py:588} INFO - Filling up the DagBag from /home/airflow/.local/lib/python3.12/site-packages/airflow/example_dags/example_bash_decorator.py
[2025-04-20T17:55:52.881+0000] {processor.py:925} INFO - DAG(s) 'example_bash_decorator' retrieved from /home/airflow/.local/lib/python3.12/site-packages/airflow/example_dags/example_bash_decorator.py
[2025-04-20T17:55:52.910+0000] {logging_mixin.py:190} INFO - [2025-04-20T17:55:52.910+0000] {dag.py:3239} INFO - Sync 1 DAGs
[2025-04-20T17:55:52.927+0000] {logging_mixin.py:190} INFO - [2025-04-20T17:55:52.926+0000] {dag.py:4180} INFO - Setting next_dagrun for example_bash_decorator to None, run_after=None
[2025-04-20T17:55:52.947+0000] {processor.py:208} INFO - Processing /home/airflow/.local/lib/python3.12/site-packages/airflow/example_dags/example_bash_decorator.py took 0.096 seconds
[2025-04-20T17:56:23.754+0000] {processor.py:186} INFO - Started process (PID=1021) to work on /home/airflow/.local/lib/python3.12/site-packages/airflow/example_dags/example_bash_decorator.py
[2025-04-20T17:56:23.756+0000] {processor.py:914} INFO - Processing file /home/airflow/.local/lib/python3.12/site-packages/airflow/example_dags/example_bash_decorator.py for tasks to queue
[2025-04-20T17:56:23.759+0000] {logging_mixin.py:190} INFO - [2025-04-20T17:56:23.758+0000] {dagbag.py:588} INFO - Filling up the DagBag from /home/airflow/.local/lib/python3.12/site-packages/airflow/example_dags/example_bash_decorator.py
[2025-04-20T17:56:23.780+0000] {processor.py:925} INFO - DAG(s) 'example_bash_decorator' retrieved from /home/airflow/.local/lib/python3.12/site-packages/airflow/example_dags/example_bash_decorator.py
[2025-04-20T17:56:23.812+0000] {logging_mixin.py:190} INFO - [2025-04-20T17:56:23.811+0000] {dag.py:3239} INFO - Sync 1 DAGs
[2025-04-20T17:56:23.832+0000] {logging_mixin.py:190} INFO - [2025-04-20T17:56:23.832+0000] {dag.py:4180} INFO - Setting next_dagrun for example_bash_decorator to None, run_after=None
[2025-04-20T17:56:23.857+0000] {processor.py:208} INFO - Processing /home/airflow/.local/lib/python3.12/site-packages/airflow/example_dags/example_bash_decorator.py took 0.111 seconds
[2025-04-20T17:56:54.746+0000] {processor.py:186} INFO - Started process (PID=1084) to work on /home/airflow/.local/lib/python3.12/site-packages/airflow/example_dags/example_bash_decorator.py
[2025-04-20T17:56:54.748+0000] {processor.py:914} INFO - Processing file /home/airflow/.local/lib/python3.12/site-packages/airflow/example_dags/example_bash_decorator.py for tasks to queue
[2025-04-20T17:56:54.751+0000] {logging_mixin.py:190} INFO - [2025-04-20T17:56:54.751+0000] {dagbag.py:588} INFO - Filling up the DagBag from /home/airflow/.local/lib/python3.12/site-packages/airflow/example_dags/example_bash_decorator.py
[2025-04-20T17:56:54.769+0000] {processor.py:925} INFO - DAG(s) 'example_bash_decorator' retrieved from /home/airflow/.local/lib/python3.12/site-packages/airflow/example_dags/example_bash_decorator.py
[2025-04-20T17:56:54.800+0000] {logging_mixin.py:190} INFO - [2025-04-20T17:56:54.800+0000] {dag.py:3239} INFO - Sync 1 DAGs
[2025-04-20T17:56:54.817+0000] {logging_mixin.py:190} INFO - [2025-04-20T17:56:54.816+0000] {dag.py:4180} INFO - Setting next_dagrun for example_bash_decorator to None, run_after=None
[2025-04-20T17:56:54.841+0000] {processor.py:208} INFO - Processing /home/airflow/.local/lib/python3.12/site-packages/airflow/example_dags/example_bash_decorator.py took 0.101 seconds
[2025-04-20T17:57:25.173+0000] {processor.py:186} INFO - Started process (PID=1147) to work on /home/airflow/.local/lib/python3.12/site-packages/airflow/example_dags/example_bash_decorator.py
[2025-04-20T17:57:25.174+0000] {processor.py:914} INFO - Processing file /home/airflow/.local/lib/python3.12/site-packages/airflow/example_dags/example_bash_decorator.py for tasks to queue
[2025-04-20T17:57:25.177+0000] {logging_mixin.py:190} INFO - [2025-04-20T17:57:25.177+0000] {dagbag.py:588} INFO - Filling up the DagBag from /home/airflow/.local/lib/python3.12/site-packages/airflow/example_dags/example_bash_decorator.py
[2025-04-20T17:57:25.208+0000] {processor.py:925} INFO - DAG(s) 'example_bash_decorator' retrieved from /home/airflow/.local/lib/python3.12/site-packages/airflow/example_dags/example_bash_decorator.py
[2025-04-20T17:57:25.258+0000] {logging_mixin.py:190} INFO - [2025-04-20T17:57:25.257+0000] {dag.py:3239} INFO - Sync 1 DAGs
[2025-04-20T17:57:25.301+0000] {logging_mixin.py:190} INFO - [2025-04-20T17:57:25.301+0000] {dag.py:4180} INFO - Setting next_dagrun for example_bash_decorator to None, run_after=None
[2025-04-20T17:57:25.345+0000] {processor.py:208} INFO - Processing /home/airflow/.local/lib/python3.12/site-packages/airflow/example_dags/example_bash_decorator.py took 0.182 seconds
[2025-04-20T17:57:56.342+0000] {processor.py:186} INFO - Started process (PID=1210) to work on /home/airflow/.local/lib/python3.12/site-packages/airflow/example_dags/example_bash_decorator.py
[2025-04-20T17:57:56.343+0000] {processor.py:914} INFO - Processing file /home/airflow/.local/lib/python3.12/site-packages/airflow/example_dags/example_bash_decorator.py for tasks to queue
[2025-04-20T17:57:56.346+0000] {logging_mixin.py:190} INFO - [2025-04-20T17:57:56.346+0000] {dagbag.py:588} INFO - Filling up the DagBag from /home/airflow/.local/lib/python3.12/site-packages/airflow/example_dags/example_bash_decorator.py
[2025-04-20T17:57:56.367+0000] {processor.py:925} INFO - DAG(s) 'example_bash_decorator' retrieved from /home/airflow/.local/lib/python3.12/site-packages/airflow/example_dags/example_bash_decorator.py
[2025-04-20T17:57:56.401+0000] {logging_mixin.py:190} INFO - [2025-04-20T17:57:56.400+0000] {dag.py:3239} INFO - Sync 1 DAGs
[2025-04-20T17:57:56.423+0000] {logging_mixin.py:190} INFO - [2025-04-20T17:57:56.423+0000] {dag.py:4180} INFO - Setting next_dagrun for example_bash_decorator to None, run_after=None
[2025-04-20T17:57:56.447+0000] {processor.py:208} INFO - Processing /home/airflow/.local/lib/python3.12/site-packages/airflow/example_dags/example_bash_decorator.py took 0.113 seconds
[2025-04-20T17:58:27.264+0000] {processor.py:186} INFO - Started process (PID=1273) to work on /home/airflow/.local/lib/python3.12/site-packages/airflow/example_dags/example_bash_decorator.py
[2025-04-20T17:58:27.266+0000] {processor.py:914} INFO - Processing file /home/airflow/.local/lib/python3.12/site-packages/airflow/example_dags/example_bash_decorator.py for tasks to queue
[2025-04-20T17:58:27.269+0000] {logging_mixin.py:190} INFO - [2025-04-20T17:58:27.269+0000] {dagbag.py:588} INFO - Filling up the DagBag from /home/airflow/.local/lib/python3.12/site-packages/airflow/example_dags/example_bash_decorator.py
[2025-04-20T17:58:27.289+0000] {processor.py:925} INFO - DAG(s) 'example_bash_decorator' retrieved from /home/airflow/.local/lib/python3.12/site-packages/airflow/example_dags/example_bash_decorator.py
[2025-04-20T17:58:27.319+0000] {logging_mixin.py:190} INFO - [2025-04-20T17:58:27.319+0000] {dag.py:3239} INFO - Sync 1 DAGs
[2025-04-20T17:58:27.336+0000] {logging_mixin.py:190} INFO - [2025-04-20T17:58:27.335+0000] {dag.py:4180} INFO - Setting next_dagrun for example_bash_decorator to None, run_after=None
[2025-04-20T17:58:27.362+0000] {processor.py:208} INFO - Processing /home/airflow/.local/lib/python3.12/site-packages/airflow/example_dags/example_bash_decorator.py took 0.105 seconds
[2025-04-20T18:04:47.356+0000] {processor.py:186} INFO - Started process (PID=81) to work on /home/airflow/.local/lib/python3.12/site-packages/airflow/example_dags/example_bash_decorator.py
[2025-04-20T18:04:47.358+0000] {processor.py:914} INFO - Processing file /home/airflow/.local/lib/python3.12/site-packages/airflow/example_dags/example_bash_decorator.py for tasks to queue
[2025-04-20T18:04:47.361+0000] {logging_mixin.py:190} INFO - [2025-04-20T18:04:47.361+0000] {dagbag.py:588} INFO - Filling up the DagBag from /home/airflow/.local/lib/python3.12/site-packages/airflow/example_dags/example_bash_decorator.py
[2025-04-20T18:04:47.385+0000] {processor.py:925} INFO - DAG(s) 'example_bash_decorator' retrieved from /home/airflow/.local/lib/python3.12/site-packages/airflow/example_dags/example_bash_decorator.py
[2025-04-20T18:04:47.557+0000] {logging_mixin.py:190} INFO - [2025-04-20T18:04:47.556+0000] {override.py:1912} INFO - Created Permission View: can read on DAG:example_bash_decorator
[2025-04-20T18:04:47.571+0000] {logging_mixin.py:190} INFO - [2025-04-20T18:04:47.571+0000] {override.py:1912} INFO - Created Permission View: can edit on DAG:example_bash_decorator
[2025-04-20T18:04:47.580+0000] {logging_mixin.py:190} INFO - [2025-04-20T18:04:47.580+0000] {override.py:1912} INFO - Created Permission View: can delete on DAG:example_bash_decorator
[2025-04-20T18:04:47.594+0000] {logging_mixin.py:190} INFO - [2025-04-20T18:04:47.594+0000] {override.py:1912} INFO - Created Permission View: menu access on DAG Run:example_bash_decorator
[2025-04-20T18:04:47.603+0000] {logging_mixin.py:190} INFO - [2025-04-20T18:04:47.602+0000] {override.py:1912} INFO - Created Permission View: can read on DAG Run:example_bash_decorator
[2025-04-20T18:04:47.612+0000] {logging_mixin.py:190} INFO - [2025-04-20T18:04:47.612+0000] {override.py:1912} INFO - Created Permission View: can create on DAG Run:example_bash_decorator
[2025-04-20T18:04:47.620+0000] {logging_mixin.py:190} INFO - [2025-04-20T18:04:47.620+0000] {override.py:1912} INFO - Created Permission View: can delete on DAG Run:example_bash_decorator
[2025-04-20T18:04:47.622+0000] {logging_mixin.py:190} INFO - [2025-04-20T18:04:47.622+0000] {dag.py:3239} INFO - Sync 1 DAGs
[2025-04-20T18:04:47.641+0000] {logging_mixin.py:190} INFO - [2025-04-20T18:04:47.641+0000] {dag.py:3262} INFO - Creating ORM DAG for example_bash_decorator
[2025-04-20T18:04:47.643+0000] {logging_mixin.py:190} INFO - [2025-04-20T18:04:47.643+0000] {dag.py:4180} INFO - Setting next_dagrun for example_bash_decorator to None, run_after=None
[2025-04-20T18:04:47.664+0000] {processor.py:208} INFO - Processing /home/airflow/.local/lib/python3.12/site-packages/airflow/example_dags/example_bash_decorator.py took 0.317 seconds
[2025-04-20T18:05:18.238+0000] {processor.py:186} INFO - Started process (PID=143) to work on /home/airflow/.local/lib/python3.12/site-packages/airflow/example_dags/example_bash_decorator.py
[2025-04-20T18:05:18.239+0000] {processor.py:914} INFO - Processing file /home/airflow/.local/lib/python3.12/site-packages/airflow/example_dags/example_bash_decorator.py for tasks to queue
[2025-04-20T18:05:18.243+0000] {logging_mixin.py:190} INFO - [2025-04-20T18:05:18.243+0000] {dagbag.py:588} INFO - Filling up the DagBag from /home/airflow/.local/lib/python3.12/site-packages/airflow/example_dags/example_bash_decorator.py
[2025-04-20T18:05:18.260+0000] {processor.py:925} INFO - DAG(s) 'example_bash_decorator' retrieved from /home/airflow/.local/lib/python3.12/site-packages/airflow/example_dags/example_bash_decorator.py
[2025-04-20T18:05:18.287+0000] {logging_mixin.py:190} INFO - [2025-04-20T18:05:18.286+0000] {dag.py:3239} INFO - Sync 1 DAGs
[2025-04-20T18:05:18.305+0000] {logging_mixin.py:190} INFO - [2025-04-20T18:05:18.305+0000] {dag.py:4180} INFO - Setting next_dagrun for example_bash_decorator to None, run_after=None
[2025-04-20T18:05:18.332+0000] {processor.py:208} INFO - Processing /home/airflow/.local/lib/python3.12/site-packages/airflow/example_dags/example_bash_decorator.py took 0.100 seconds
[2025-04-20T18:05:49.248+0000] {processor.py:186} INFO - Started process (PID=206) to work on /home/airflow/.local/lib/python3.12/site-packages/airflow/example_dags/example_bash_decorator.py
[2025-04-20T18:05:49.250+0000] {processor.py:914} INFO - Processing file /home/airflow/.local/lib/python3.12/site-packages/airflow/example_dags/example_bash_decorator.py for tasks to queue
[2025-04-20T18:05:49.253+0000] {logging_mixin.py:190} INFO - [2025-04-20T18:05:49.252+0000] {dagbag.py:588} INFO - Filling up the DagBag from /home/airflow/.local/lib/python3.12/site-packages/airflow/example_dags/example_bash_decorator.py
[2025-04-20T18:05:49.275+0000] {processor.py:925} INFO - DAG(s) 'example_bash_decorator' retrieved from /home/airflow/.local/lib/python3.12/site-packages/airflow/example_dags/example_bash_decorator.py
[2025-04-20T18:05:49.325+0000] {logging_mixin.py:190} INFO - [2025-04-20T18:05:49.324+0000] {dag.py:3239} INFO - Sync 1 DAGs
[2025-04-20T18:05:49.347+0000] {logging_mixin.py:190} INFO - [2025-04-20T18:05:49.347+0000] {dag.py:4180} INFO - Setting next_dagrun for example_bash_decorator to None, run_after=None
[2025-04-20T18:05:49.373+0000] {processor.py:208} INFO - Processing /home/airflow/.local/lib/python3.12/site-packages/airflow/example_dags/example_bash_decorator.py took 0.133 seconds
[2025-04-20T18:06:19.557+0000] {processor.py:186} INFO - Started process (PID=269) to work on /home/airflow/.local/lib/python3.12/site-packages/airflow/example_dags/example_bash_decorator.py
[2025-04-20T18:06:19.559+0000] {processor.py:914} INFO - Processing file /home/airflow/.local/lib/python3.12/site-packages/airflow/example_dags/example_bash_decorator.py for tasks to queue
[2025-04-20T18:06:19.566+0000] {logging_mixin.py:190} INFO - [2025-04-20T18:06:19.565+0000] {dagbag.py:588} INFO - Filling up the DagBag from /home/airflow/.local/lib/python3.12/site-packages/airflow/example_dags/example_bash_decorator.py
[2025-04-20T18:06:19.608+0000] {processor.py:925} INFO - DAG(s) 'example_bash_decorator' retrieved from /home/airflow/.local/lib/python3.12/site-packages/airflow/example_dags/example_bash_decorator.py
[2025-04-20T18:06:19.648+0000] {logging_mixin.py:190} INFO - [2025-04-20T18:06:19.648+0000] {dag.py:3239} INFO - Sync 1 DAGs
[2025-04-20T18:06:19.669+0000] {logging_mixin.py:190} INFO - [2025-04-20T18:06:19.669+0000] {dag.py:4180} INFO - Setting next_dagrun for example_bash_decorator to None, run_after=None
[2025-04-20T18:06:19.697+0000] {processor.py:208} INFO - Processing /home/airflow/.local/lib/python3.12/site-packages/airflow/example_dags/example_bash_decorator.py took 0.157 seconds
[2025-04-20T18:06:50.294+0000] {processor.py:186} INFO - Started process (PID=332) to work on /home/airflow/.local/lib/python3.12/site-packages/airflow/example_dags/example_bash_decorator.py
[2025-04-20T18:06:50.296+0000] {processor.py:914} INFO - Processing file /home/airflow/.local/lib/python3.12/site-packages/airflow/example_dags/example_bash_decorator.py for tasks to queue
[2025-04-20T18:06:50.300+0000] {logging_mixin.py:190} INFO - [2025-04-20T18:06:50.299+0000] {dagbag.py:588} INFO - Filling up the DagBag from /home/airflow/.local/lib/python3.12/site-packages/airflow/example_dags/example_bash_decorator.py
[2025-04-20T18:06:50.323+0000] {processor.py:925} INFO - DAG(s) 'example_bash_decorator' retrieved from /home/airflow/.local/lib/python3.12/site-packages/airflow/example_dags/example_bash_decorator.py
[2025-04-20T18:06:50.356+0000] {logging_mixin.py:190} INFO - [2025-04-20T18:06:50.356+0000] {dag.py:3239} INFO - Sync 1 DAGs
[2025-04-20T18:06:50.375+0000] {logging_mixin.py:190} INFO - [2025-04-20T18:06:50.375+0000] {dag.py:4180} INFO - Setting next_dagrun for example_bash_decorator to None, run_after=None
[2025-04-20T18:06:50.404+0000] {processor.py:208} INFO - Processing /home/airflow/.local/lib/python3.12/site-packages/airflow/example_dags/example_bash_decorator.py took 0.120 seconds
[2025-04-20T18:07:20.650+0000] {processor.py:186} INFO - Started process (PID=395) to work on /home/airflow/.local/lib/python3.12/site-packages/airflow/example_dags/example_bash_decorator.py
[2025-04-20T18:07:20.652+0000] {processor.py:914} INFO - Processing file /home/airflow/.local/lib/python3.12/site-packages/airflow/example_dags/example_bash_decorator.py for tasks to queue
[2025-04-20T18:07:20.659+0000] {logging_mixin.py:190} INFO - [2025-04-20T18:07:20.658+0000] {dagbag.py:588} INFO - Filling up the DagBag from /home/airflow/.local/lib/python3.12/site-packages/airflow/example_dags/example_bash_decorator.py
[2025-04-20T18:07:20.699+0000] {processor.py:925} INFO - DAG(s) 'example_bash_decorator' retrieved from /home/airflow/.local/lib/python3.12/site-packages/airflow/example_dags/example_bash_decorator.py
[2025-04-20T18:07:20.745+0000] {logging_mixin.py:190} INFO - [2025-04-20T18:07:20.744+0000] {dag.py:3239} INFO - Sync 1 DAGs
[2025-04-20T18:07:20.782+0000] {logging_mixin.py:190} INFO - [2025-04-20T18:07:20.781+0000] {dag.py:4180} INFO - Setting next_dagrun for example_bash_decorator to None, run_after=None
[2025-04-20T18:07:20.855+0000] {processor.py:208} INFO - Processing /home/airflow/.local/lib/python3.12/site-packages/airflow/example_dags/example_bash_decorator.py took 0.223 seconds
[2025-04-20T18:07:51.387+0000] {processor.py:186} INFO - Started process (PID=458) to work on /home/airflow/.local/lib/python3.12/site-packages/airflow/example_dags/example_bash_decorator.py
[2025-04-20T18:07:51.391+0000] {processor.py:914} INFO - Processing file /home/airflow/.local/lib/python3.12/site-packages/airflow/example_dags/example_bash_decorator.py for tasks to queue
[2025-04-20T18:07:51.396+0000] {logging_mixin.py:190} INFO - [2025-04-20T18:07:51.396+0000] {dagbag.py:588} INFO - Filling up the DagBag from /home/airflow/.local/lib/python3.12/site-packages/airflow/example_dags/example_bash_decorator.py
[2025-04-20T18:07:51.422+0000] {processor.py:925} INFO - DAG(s) 'example_bash_decorator' retrieved from /home/airflow/.local/lib/python3.12/site-packages/airflow/example_dags/example_bash_decorator.py
[2025-04-20T18:07:51.454+0000] {logging_mixin.py:190} INFO - [2025-04-20T18:07:51.453+0000] {dag.py:3239} INFO - Sync 1 DAGs
[2025-04-20T18:07:51.476+0000] {logging_mixin.py:190} INFO - [2025-04-20T18:07:51.476+0000] {dag.py:4180} INFO - Setting next_dagrun for example_bash_decorator to None, run_after=None
[2025-04-20T18:07:51.502+0000] {processor.py:208} INFO - Processing /home/airflow/.local/lib/python3.12/site-packages/airflow/example_dags/example_bash_decorator.py took 0.125 seconds
[2025-04-20T18:08:21.948+0000] {processor.py:186} INFO - Started process (PID=521) to work on /home/airflow/.local/lib/python3.12/site-packages/airflow/example_dags/example_bash_decorator.py
[2025-04-20T18:08:21.950+0000] {processor.py:914} INFO - Processing file /home/airflow/.local/lib/python3.12/site-packages/airflow/example_dags/example_bash_decorator.py for tasks to queue
[2025-04-20T18:08:21.952+0000] {logging_mixin.py:190} INFO - [2025-04-20T18:08:21.952+0000] {dagbag.py:588} INFO - Filling up the DagBag from /home/airflow/.local/lib/python3.12/site-packages/airflow/example_dags/example_bash_decorator.py
[2025-04-20T18:08:21.972+0000] {processor.py:925} INFO - DAG(s) 'example_bash_decorator' retrieved from /home/airflow/.local/lib/python3.12/site-packages/airflow/example_dags/example_bash_decorator.py
[2025-04-20T18:08:22.006+0000] {logging_mixin.py:190} INFO - [2025-04-20T18:08:22.006+0000] {dag.py:3239} INFO - Sync 1 DAGs
[2025-04-20T18:08:22.025+0000] {logging_mixin.py:190} INFO - [2025-04-20T18:08:22.025+0000] {dag.py:4180} INFO - Setting next_dagrun for example_bash_decorator to None, run_after=None
[2025-04-20T18:08:22.064+0000] {processor.py:208} INFO - Processing /home/airflow/.local/lib/python3.12/site-packages/airflow/example_dags/example_bash_decorator.py took 0.124 seconds
[2025-04-20T18:08:52.351+0000] {processor.py:186} INFO - Started process (PID=584) to work on /home/airflow/.local/lib/python3.12/site-packages/airflow/example_dags/example_bash_decorator.py
[2025-04-20T18:08:52.353+0000] {processor.py:914} INFO - Processing file /home/airflow/.local/lib/python3.12/site-packages/airflow/example_dags/example_bash_decorator.py for tasks to queue
[2025-04-20T18:08:52.356+0000] {logging_mixin.py:190} INFO - [2025-04-20T18:08:52.355+0000] {dagbag.py:588} INFO - Filling up the DagBag from /home/airflow/.local/lib/python3.12/site-packages/airflow/example_dags/example_bash_decorator.py
[2025-04-20T18:08:52.376+0000] {processor.py:925} INFO - DAG(s) 'example_bash_decorator' retrieved from /home/airflow/.local/lib/python3.12/site-packages/airflow/example_dags/example_bash_decorator.py
[2025-04-20T18:08:52.410+0000] {logging_mixin.py:190} INFO - [2025-04-20T18:08:52.410+0000] {dag.py:3239} INFO - Sync 1 DAGs
[2025-04-20T18:08:52.435+0000] {logging_mixin.py:190} INFO - [2025-04-20T18:08:52.435+0000] {dag.py:4180} INFO - Setting next_dagrun for example_bash_decorator to None, run_after=None
[2025-04-20T18:08:52.465+0000] {processor.py:208} INFO - Processing /home/airflow/.local/lib/python3.12/site-packages/airflow/example_dags/example_bash_decorator.py took 0.124 seconds
[2025-04-20T18:09:22.619+0000] {processor.py:186} INFO - Started process (PID=647) to work on /home/airflow/.local/lib/python3.12/site-packages/airflow/example_dags/example_bash_decorator.py
[2025-04-20T18:09:22.621+0000] {processor.py:914} INFO - Processing file /home/airflow/.local/lib/python3.12/site-packages/airflow/example_dags/example_bash_decorator.py for tasks to queue
[2025-04-20T18:09:22.624+0000] {logging_mixin.py:190} INFO - [2025-04-20T18:09:22.623+0000] {dagbag.py:588} INFO - Filling up the DagBag from /home/airflow/.local/lib/python3.12/site-packages/airflow/example_dags/example_bash_decorator.py
[2025-04-20T18:09:22.645+0000] {processor.py:925} INFO - DAG(s) 'example_bash_decorator' retrieved from /home/airflow/.local/lib/python3.12/site-packages/airflow/example_dags/example_bash_decorator.py
[2025-04-20T18:09:22.674+0000] {logging_mixin.py:190} INFO - [2025-04-20T18:09:22.674+0000] {dag.py:3239} INFO - Sync 1 DAGs
[2025-04-20T18:09:22.692+0000] {logging_mixin.py:190} INFO - [2025-04-20T18:09:22.692+0000] {dag.py:4180} INFO - Setting next_dagrun for example_bash_decorator to None, run_after=None
[2025-04-20T18:09:22.718+0000] {processor.py:208} INFO - Processing /home/airflow/.local/lib/python3.12/site-packages/airflow/example_dags/example_bash_decorator.py took 0.107 seconds
