[2025-04-20T17:49:00.573+0000] {processor.py:186} INFO - Started process (PID=122) to work on /home/airflow/.local/lib/python3.12/site-packages/airflow/example_dags/example_trigger_target_dag.py
[2025-04-20T17:49:00.574+0000] {processor.py:914} INFO - Processing file /home/airflow/.local/lib/python3.12/site-packages/airflow/example_dags/example_trigger_target_dag.py for tasks to queue
[2025-04-20T17:49:00.578+0000] {logging_mixin.py:190} INFO - [2025-04-20T17:49:00.577+0000] {dagbag.py:588} INFO - Filling up the DagBag from /home/airflow/.local/lib/python3.12/site-packages/airflow/example_dags/example_trigger_target_dag.py
[2025-04-20T17:49:00.590+0000] {processor.py:925} INFO - DAG(s) 'example_trigger_target_dag' retrieved from /home/airflow/.local/lib/python3.12/site-packages/airflow/example_dags/example_trigger_target_dag.py
[2025-04-20T17:49:00.855+0000] {logging_mixin.py:190} INFO - [2025-04-20T17:49:00.851+0000] {override.py:1912} INFO - Created Permission View: can read on DAG:example_trigger_target_dag
[2025-04-20T17:49:00.881+0000] {logging_mixin.py:190} INFO - [2025-04-20T17:49:00.880+0000] {override.py:1912} INFO - Created Permission View: can edit on DAG:example_trigger_target_dag
[2025-04-20T17:49:00.895+0000] {logging_mixin.py:190} INFO - [2025-04-20T17:49:00.894+0000] {override.py:1912} INFO - Created Permission View: can delete on DAG:example_trigger_target_dag
[2025-04-20T17:49:00.910+0000] {logging_mixin.py:190} INFO - [2025-04-20T17:49:00.910+0000] {override.py:1912} INFO - Created Permission View: can read on DAG Run:example_trigger_target_dag
[2025-04-20T17:49:00.924+0000] {logging_mixin.py:190} INFO - [2025-04-20T17:49:00.923+0000] {override.py:1912} INFO - Created Permission View: can create on DAG Run:example_trigger_target_dag
[2025-04-20T17:49:00.937+0000] {logging_mixin.py:190} INFO - [2025-04-20T17:49:00.936+0000] {override.py:1912} INFO - Created Permission View: menu access on DAG Run:example_trigger_target_dag
[2025-04-20T17:49:00.952+0000] {logging_mixin.py:190} INFO - [2025-04-20T17:49:00.951+0000] {override.py:1912} INFO - Created Permission View: can delete on DAG Run:example_trigger_target_dag
[2025-04-20T17:49:00.953+0000] {logging_mixin.py:190} INFO - [2025-04-20T17:49:00.953+0000] {dag.py:3239} INFO - Sync 1 DAGs
[2025-04-20T17:49:00.980+0000] {logging_mixin.py:190} INFO - [2025-04-20T17:49:00.980+0000] {dag.py:3262} INFO - Creating ORM DAG for example_trigger_target_dag
[2025-04-20T17:49:00.982+0000] {logging_mixin.py:190} INFO - [2025-04-20T17:49:00.982+0000] {dag.py:4180} INFO - Setting next_dagrun for example_trigger_target_dag to None, run_after=None
[2025-04-20T17:49:01.014+0000] {processor.py:208} INFO - Processing /home/airflow/.local/lib/python3.12/site-packages/airflow/example_dags/example_trigger_target_dag.py took 0.452 seconds
[2025-04-20T17:49:31.114+0000] {processor.py:186} INFO - Started process (PID=185) to work on /home/airflow/.local/lib/python3.12/site-packages/airflow/example_dags/example_trigger_target_dag.py
[2025-04-20T17:49:31.115+0000] {processor.py:914} INFO - Processing file /home/airflow/.local/lib/python3.12/site-packages/airflow/example_dags/example_trigger_target_dag.py for tasks to queue
[2025-04-20T17:49:31.118+0000] {logging_mixin.py:190} INFO - [2025-04-20T17:49:31.118+0000] {dagbag.py:588} INFO - Filling up the DagBag from /home/airflow/.local/lib/python3.12/site-packages/airflow/example_dags/example_trigger_target_dag.py
[2025-04-20T17:49:31.128+0000] {processor.py:925} INFO - DAG(s) 'example_trigger_target_dag' retrieved from /home/airflow/.local/lib/python3.12/site-packages/airflow/example_dags/example_trigger_target_dag.py
[2025-04-20T17:49:31.155+0000] {logging_mixin.py:190} INFO - [2025-04-20T17:49:31.155+0000] {dag.py:3239} INFO - Sync 1 DAGs
[2025-04-20T17:49:31.175+0000] {logging_mixin.py:190} INFO - [2025-04-20T17:49:31.175+0000] {dag.py:4180} INFO - Setting next_dagrun for example_trigger_target_dag to None, run_after=None
[2025-04-20T17:49:31.219+0000] {processor.py:208} INFO - Processing /home/airflow/.local/lib/python3.12/site-packages/airflow/example_dags/example_trigger_target_dag.py took 0.114 seconds
[2025-04-20T17:50:01.907+0000] {processor.py:186} INFO - Started process (PID=248) to work on /home/airflow/.local/lib/python3.12/site-packages/airflow/example_dags/example_trigger_target_dag.py
[2025-04-20T17:50:01.909+0000] {processor.py:914} INFO - Processing file /home/airflow/.local/lib/python3.12/site-packages/airflow/example_dags/example_trigger_target_dag.py for tasks to queue
[2025-04-20T17:50:01.912+0000] {logging_mixin.py:190} INFO - [2025-04-20T17:50:01.912+0000] {dagbag.py:588} INFO - Filling up the DagBag from /home/airflow/.local/lib/python3.12/site-packages/airflow/example_dags/example_trigger_target_dag.py
[2025-04-20T17:50:01.925+0000] {processor.py:925} INFO - DAG(s) 'example_trigger_target_dag' retrieved from /home/airflow/.local/lib/python3.12/site-packages/airflow/example_dags/example_trigger_target_dag.py
[2025-04-20T17:50:01.954+0000] {logging_mixin.py:190} INFO - [2025-04-20T17:50:01.954+0000] {dag.py:3239} INFO - Sync 1 DAGs
[2025-04-20T17:50:01.977+0000] {logging_mixin.py:190} INFO - [2025-04-20T17:50:01.977+0000] {dag.py:4180} INFO - Setting next_dagrun for example_trigger_target_dag to None, run_after=None
[2025-04-20T17:50:02.012+0000] {processor.py:208} INFO - Processing /home/airflow/.local/lib/python3.12/site-packages/airflow/example_dags/example_trigger_target_dag.py took 0.115 seconds
[2025-04-20T17:50:32.992+0000] {processor.py:186} INFO - Started process (PID=311) to work on /home/airflow/.local/lib/python3.12/site-packages/airflow/example_dags/example_trigger_target_dag.py
[2025-04-20T17:50:32.994+0000] {processor.py:914} INFO - Processing file /home/airflow/.local/lib/python3.12/site-packages/airflow/example_dags/example_trigger_target_dag.py for tasks to queue
[2025-04-20T17:50:32.997+0000] {logging_mixin.py:190} INFO - [2025-04-20T17:50:32.996+0000] {dagbag.py:588} INFO - Filling up the DagBag from /home/airflow/.local/lib/python3.12/site-packages/airflow/example_dags/example_trigger_target_dag.py
[2025-04-20T17:50:33.008+0000] {processor.py:925} INFO - DAG(s) 'example_trigger_target_dag' retrieved from /home/airflow/.local/lib/python3.12/site-packages/airflow/example_dags/example_trigger_target_dag.py
[2025-04-20T17:50:33.034+0000] {logging_mixin.py:190} INFO - [2025-04-20T17:50:33.033+0000] {dag.py:3239} INFO - Sync 1 DAGs
[2025-04-20T17:50:33.053+0000] {logging_mixin.py:190} INFO - [2025-04-20T17:50:33.052+0000] {dag.py:4180} INFO - Setting next_dagrun for example_trigger_target_dag to None, run_after=None
[2025-04-20T17:50:33.078+0000] {processor.py:208} INFO - Processing /home/airflow/.local/lib/python3.12/site-packages/airflow/example_dags/example_trigger_target_dag.py took 0.094 seconds
[2025-04-20T17:51:04.609+0000] {processor.py:186} INFO - Started process (PID=380) to work on /home/airflow/.local/lib/python3.12/site-packages/airflow/example_dags/example_trigger_target_dag.py
[2025-04-20T17:51:04.610+0000] {processor.py:914} INFO - Processing file /home/airflow/.local/lib/python3.12/site-packages/airflow/example_dags/example_trigger_target_dag.py for tasks to queue
[2025-04-20T17:51:04.613+0000] {logging_mixin.py:190} INFO - [2025-04-20T17:51:04.613+0000] {dagbag.py:588} INFO - Filling up the DagBag from /home/airflow/.local/lib/python3.12/site-packages/airflow/example_dags/example_trigger_target_dag.py
[2025-04-20T17:51:04.626+0000] {processor.py:925} INFO - DAG(s) 'example_trigger_target_dag' retrieved from /home/airflow/.local/lib/python3.12/site-packages/airflow/example_dags/example_trigger_target_dag.py
[2025-04-20T17:51:04.649+0000] {logging_mixin.py:190} INFO - [2025-04-20T17:51:04.648+0000] {dag.py:3239} INFO - Sync 1 DAGs
[2025-04-20T17:51:04.669+0000] {logging_mixin.py:190} INFO - [2025-04-20T17:51:04.669+0000] {dag.py:4180} INFO - Setting next_dagrun for example_trigger_target_dag to None, run_after=None
[2025-04-20T17:51:04.699+0000] {processor.py:208} INFO - Processing /home/airflow/.local/lib/python3.12/site-packages/airflow/example_dags/example_trigger_target_dag.py took 0.103 seconds
[2025-04-20T17:51:36.634+0000] {processor.py:186} INFO - Started process (PID=443) to work on /home/airflow/.local/lib/python3.12/site-packages/airflow/example_dags/example_trigger_target_dag.py
[2025-04-20T17:51:36.639+0000] {processor.py:914} INFO - Processing file /home/airflow/.local/lib/python3.12/site-packages/airflow/example_dags/example_trigger_target_dag.py for tasks to queue
[2025-04-20T17:51:36.641+0000] {logging_mixin.py:190} INFO - [2025-04-20T17:51:36.641+0000] {dagbag.py:588} INFO - Filling up the DagBag from /home/airflow/.local/lib/python3.12/site-packages/airflow/example_dags/example_trigger_target_dag.py
[2025-04-20T17:51:36.652+0000] {processor.py:925} INFO - DAG(s) 'example_trigger_target_dag' retrieved from /home/airflow/.local/lib/python3.12/site-packages/airflow/example_dags/example_trigger_target_dag.py
[2025-04-20T17:51:36.676+0000] {logging_mixin.py:190} INFO - [2025-04-20T17:51:36.676+0000] {dag.py:3239} INFO - Sync 1 DAGs
[2025-04-20T17:51:36.703+0000] {logging_mixin.py:190} INFO - [2025-04-20T17:51:36.703+0000] {dag.py:4180} INFO - Setting next_dagrun for example_trigger_target_dag to None, run_after=None
[2025-04-20T17:51:36.727+0000] {processor.py:208} INFO - Processing /home/airflow/.local/lib/python3.12/site-packages/airflow/example_dags/example_trigger_target_dag.py took 0.102 seconds
[2025-04-20T17:52:07.186+0000] {processor.py:186} INFO - Started process (PID=505) to work on /home/airflow/.local/lib/python3.12/site-packages/airflow/example_dags/example_trigger_target_dag.py
[2025-04-20T17:52:07.187+0000] {processor.py:914} INFO - Processing file /home/airflow/.local/lib/python3.12/site-packages/airflow/example_dags/example_trigger_target_dag.py for tasks to queue
[2025-04-20T17:52:07.190+0000] {logging_mixin.py:190} INFO - [2025-04-20T17:52:07.190+0000] {dagbag.py:588} INFO - Filling up the DagBag from /home/airflow/.local/lib/python3.12/site-packages/airflow/example_dags/example_trigger_target_dag.py
[2025-04-20T17:52:07.200+0000] {processor.py:925} INFO - DAG(s) 'example_trigger_target_dag' retrieved from /home/airflow/.local/lib/python3.12/site-packages/airflow/example_dags/example_trigger_target_dag.py
[2025-04-20T17:52:07.226+0000] {logging_mixin.py:190} INFO - [2025-04-20T17:52:07.226+0000] {dag.py:3239} INFO - Sync 1 DAGs
[2025-04-20T17:52:07.244+0000] {logging_mixin.py:190} INFO - [2025-04-20T17:52:07.244+0000] {dag.py:4180} INFO - Setting next_dagrun for example_trigger_target_dag to None, run_after=None
[2025-04-20T17:52:07.272+0000] {processor.py:208} INFO - Processing /home/airflow/.local/lib/python3.12/site-packages/airflow/example_dags/example_trigger_target_dag.py took 0.095 seconds
[2025-04-20T17:52:38.558+0000] {processor.py:186} INFO - Started process (PID=568) to work on /home/airflow/.local/lib/python3.12/site-packages/airflow/example_dags/example_trigger_target_dag.py
[2025-04-20T17:52:38.560+0000] {processor.py:914} INFO - Processing file /home/airflow/.local/lib/python3.12/site-packages/airflow/example_dags/example_trigger_target_dag.py for tasks to queue
[2025-04-20T17:52:38.563+0000] {logging_mixin.py:190} INFO - [2025-04-20T17:52:38.563+0000] {dagbag.py:588} INFO - Filling up the DagBag from /home/airflow/.local/lib/python3.12/site-packages/airflow/example_dags/example_trigger_target_dag.py
[2025-04-20T17:52:38.574+0000] {processor.py:925} INFO - DAG(s) 'example_trigger_target_dag' retrieved from /home/airflow/.local/lib/python3.12/site-packages/airflow/example_dags/example_trigger_target_dag.py
[2025-04-20T17:52:38.598+0000] {logging_mixin.py:190} INFO - [2025-04-20T17:52:38.597+0000] {dag.py:3239} INFO - Sync 1 DAGs
[2025-04-20T17:52:38.618+0000] {logging_mixin.py:190} INFO - [2025-04-20T17:52:38.618+0000] {dag.py:4180} INFO - Setting next_dagrun for example_trigger_target_dag to None, run_after=None
[2025-04-20T17:52:38.648+0000] {processor.py:208} INFO - Processing /home/airflow/.local/lib/python3.12/site-packages/airflow/example_dags/example_trigger_target_dag.py took 0.097 seconds
[2025-04-20T17:53:09.656+0000] {processor.py:186} INFO - Started process (PID=631) to work on /home/airflow/.local/lib/python3.12/site-packages/airflow/example_dags/example_trigger_target_dag.py
[2025-04-20T17:53:09.658+0000] {processor.py:914} INFO - Processing file /home/airflow/.local/lib/python3.12/site-packages/airflow/example_dags/example_trigger_target_dag.py for tasks to queue
[2025-04-20T17:53:09.661+0000] {logging_mixin.py:190} INFO - [2025-04-20T17:53:09.661+0000] {dagbag.py:588} INFO - Filling up the DagBag from /home/airflow/.local/lib/python3.12/site-packages/airflow/example_dags/example_trigger_target_dag.py
[2025-04-20T17:53:09.673+0000] {processor.py:925} INFO - DAG(s) 'example_trigger_target_dag' retrieved from /home/airflow/.local/lib/python3.12/site-packages/airflow/example_dags/example_trigger_target_dag.py
[2025-04-20T17:53:09.698+0000] {logging_mixin.py:190} INFO - [2025-04-20T17:53:09.698+0000] {dag.py:3239} INFO - Sync 1 DAGs
[2025-04-20T17:53:09.716+0000] {logging_mixin.py:190} INFO - [2025-04-20T17:53:09.716+0000] {dag.py:4180} INFO - Setting next_dagrun for example_trigger_target_dag to None, run_after=None
[2025-04-20T17:53:09.739+0000] {processor.py:208} INFO - Processing /home/airflow/.local/lib/python3.12/site-packages/airflow/example_dags/example_trigger_target_dag.py took 0.092 seconds
[2025-04-20T17:53:41.540+0000] {processor.py:186} INFO - Started process (PID=694) to work on /home/airflow/.local/lib/python3.12/site-packages/airflow/example_dags/example_trigger_target_dag.py
[2025-04-20T17:53:41.541+0000] {processor.py:914} INFO - Processing file /home/airflow/.local/lib/python3.12/site-packages/airflow/example_dags/example_trigger_target_dag.py for tasks to queue
[2025-04-20T17:53:41.545+0000] {logging_mixin.py:190} INFO - [2025-04-20T17:53:41.545+0000] {dagbag.py:588} INFO - Filling up the DagBag from /home/airflow/.local/lib/python3.12/site-packages/airflow/example_dags/example_trigger_target_dag.py
[2025-04-20T17:53:41.558+0000] {processor.py:925} INFO - DAG(s) 'example_trigger_target_dag' retrieved from /home/airflow/.local/lib/python3.12/site-packages/airflow/example_dags/example_trigger_target_dag.py
[2025-04-20T17:53:41.586+0000] {logging_mixin.py:190} INFO - [2025-04-20T17:53:41.585+0000] {dag.py:3239} INFO - Sync 1 DAGs
[2025-04-20T17:53:41.611+0000] {logging_mixin.py:190} INFO - [2025-04-20T17:53:41.611+0000] {dag.py:4180} INFO - Setting next_dagrun for example_trigger_target_dag to None, run_after=None
[2025-04-20T17:53:41.636+0000] {processor.py:208} INFO - Processing /home/airflow/.local/lib/python3.12/site-packages/airflow/example_dags/example_trigger_target_dag.py took 0.106 seconds
[2025-04-20T17:54:12.876+0000] {processor.py:186} INFO - Started process (PID=757) to work on /home/airflow/.local/lib/python3.12/site-packages/airflow/example_dags/example_trigger_target_dag.py
[2025-04-20T17:54:12.878+0000] {processor.py:914} INFO - Processing file /home/airflow/.local/lib/python3.12/site-packages/airflow/example_dags/example_trigger_target_dag.py for tasks to queue
[2025-04-20T17:54:12.882+0000] {logging_mixin.py:190} INFO - [2025-04-20T17:54:12.881+0000] {dagbag.py:588} INFO - Filling up the DagBag from /home/airflow/.local/lib/python3.12/site-packages/airflow/example_dags/example_trigger_target_dag.py
[2025-04-20T17:54:12.892+0000] {processor.py:925} INFO - DAG(s) 'example_trigger_target_dag' retrieved from /home/airflow/.local/lib/python3.12/site-packages/airflow/example_dags/example_trigger_target_dag.py
[2025-04-20T17:54:12.920+0000] {logging_mixin.py:190} INFO - [2025-04-20T17:54:12.919+0000] {dag.py:3239} INFO - Sync 1 DAGs
[2025-04-20T17:54:12.942+0000] {logging_mixin.py:190} INFO - [2025-04-20T17:54:12.942+0000] {dag.py:4180} INFO - Setting next_dagrun for example_trigger_target_dag to None, run_after=None
[2025-04-20T17:54:12.972+0000] {processor.py:208} INFO - Processing /home/airflow/.local/lib/python3.12/site-packages/airflow/example_dags/example_trigger_target_dag.py took 0.105 seconds
[2025-04-20T17:54:43.999+0000] {processor.py:186} INFO - Started process (PID=820) to work on /home/airflow/.local/lib/python3.12/site-packages/airflow/example_dags/example_trigger_target_dag.py
[2025-04-20T17:54:44.000+0000] {processor.py:914} INFO - Processing file /home/airflow/.local/lib/python3.12/site-packages/airflow/example_dags/example_trigger_target_dag.py for tasks to queue
[2025-04-20T17:54:44.003+0000] {logging_mixin.py:190} INFO - [2025-04-20T17:54:44.003+0000] {dagbag.py:588} INFO - Filling up the DagBag from /home/airflow/.local/lib/python3.12/site-packages/airflow/example_dags/example_trigger_target_dag.py
[2025-04-20T17:54:44.015+0000] {processor.py:925} INFO - DAG(s) 'example_trigger_target_dag' retrieved from /home/airflow/.local/lib/python3.12/site-packages/airflow/example_dags/example_trigger_target_dag.py
[2025-04-20T17:54:44.041+0000] {logging_mixin.py:190} INFO - [2025-04-20T17:54:44.041+0000] {dag.py:3239} INFO - Sync 1 DAGs
[2025-04-20T17:54:44.065+0000] {logging_mixin.py:190} INFO - [2025-04-20T17:54:44.064+0000] {dag.py:4180} INFO - Setting next_dagrun for example_trigger_target_dag to None, run_after=None
[2025-04-20T17:54:44.096+0000] {processor.py:208} INFO - Processing /home/airflow/.local/lib/python3.12/site-packages/airflow/example_dags/example_trigger_target_dag.py took 0.107 seconds
[2025-04-20T17:55:16.285+0000] {processor.py:186} INFO - Started process (PID=883) to work on /home/airflow/.local/lib/python3.12/site-packages/airflow/example_dags/example_trigger_target_dag.py
[2025-04-20T17:55:16.288+0000] {processor.py:914} INFO - Processing file /home/airflow/.local/lib/python3.12/site-packages/airflow/example_dags/example_trigger_target_dag.py for tasks to queue
[2025-04-20T17:55:16.294+0000] {logging_mixin.py:190} INFO - [2025-04-20T17:55:16.293+0000] {dagbag.py:588} INFO - Filling up the DagBag from /home/airflow/.local/lib/python3.12/site-packages/airflow/example_dags/example_trigger_target_dag.py
[2025-04-20T17:55:16.311+0000] {processor.py:925} INFO - DAG(s) 'example_trigger_target_dag' retrieved from /home/airflow/.local/lib/python3.12/site-packages/airflow/example_dags/example_trigger_target_dag.py
[2025-04-20T17:55:16.361+0000] {logging_mixin.py:190} INFO - [2025-04-20T17:55:16.361+0000] {dag.py:3239} INFO - Sync 1 DAGs
[2025-04-20T17:55:16.451+0000] {logging_mixin.py:190} INFO - [2025-04-20T17:55:16.451+0000] {dag.py:4180} INFO - Setting next_dagrun for example_trigger_target_dag to None, run_after=None
[2025-04-20T17:55:16.480+0000] {processor.py:208} INFO - Processing /home/airflow/.local/lib/python3.12/site-packages/airflow/example_dags/example_trigger_target_dag.py took 0.212 seconds
[2025-04-20T17:55:48.080+0000] {processor.py:186} INFO - Started process (PID=946) to work on /home/airflow/.local/lib/python3.12/site-packages/airflow/example_dags/example_trigger_target_dag.py
[2025-04-20T17:55:48.082+0000] {processor.py:914} INFO - Processing file /home/airflow/.local/lib/python3.12/site-packages/airflow/example_dags/example_trigger_target_dag.py for tasks to queue
[2025-04-20T17:55:48.087+0000] {logging_mixin.py:190} INFO - [2025-04-20T17:55:48.086+0000] {dagbag.py:588} INFO - Filling up the DagBag from /home/airflow/.local/lib/python3.12/site-packages/airflow/example_dags/example_trigger_target_dag.py
[2025-04-20T17:55:48.103+0000] {processor.py:925} INFO - DAG(s) 'example_trigger_target_dag' retrieved from /home/airflow/.local/lib/python3.12/site-packages/airflow/example_dags/example_trigger_target_dag.py
[2025-04-20T17:55:48.143+0000] {logging_mixin.py:190} INFO - [2025-04-20T17:55:48.142+0000] {dag.py:3239} INFO - Sync 1 DAGs
[2025-04-20T17:55:48.169+0000] {logging_mixin.py:190} INFO - [2025-04-20T17:55:48.169+0000] {dag.py:4180} INFO - Setting next_dagrun for example_trigger_target_dag to None, run_after=None
[2025-04-20T17:55:48.197+0000] {processor.py:208} INFO - Processing /home/airflow/.local/lib/python3.12/site-packages/airflow/example_dags/example_trigger_target_dag.py took 0.126 seconds
[2025-04-20T17:56:19.002+0000] {processor.py:186} INFO - Started process (PID=1009) to work on /home/airflow/.local/lib/python3.12/site-packages/airflow/example_dags/example_trigger_target_dag.py
[2025-04-20T17:56:19.004+0000] {processor.py:914} INFO - Processing file /home/airflow/.local/lib/python3.12/site-packages/airflow/example_dags/example_trigger_target_dag.py for tasks to queue
[2025-04-20T17:56:19.006+0000] {logging_mixin.py:190} INFO - [2025-04-20T17:56:19.006+0000] {dagbag.py:588} INFO - Filling up the DagBag from /home/airflow/.local/lib/python3.12/site-packages/airflow/example_dags/example_trigger_target_dag.py
[2025-04-20T17:56:19.014+0000] {processor.py:925} INFO - DAG(s) 'example_trigger_target_dag' retrieved from /home/airflow/.local/lib/python3.12/site-packages/airflow/example_dags/example_trigger_target_dag.py
[2025-04-20T17:56:19.038+0000] {logging_mixin.py:190} INFO - [2025-04-20T17:56:19.037+0000] {dag.py:3239} INFO - Sync 1 DAGs
[2025-04-20T17:56:19.055+0000] {logging_mixin.py:190} INFO - [2025-04-20T17:56:19.055+0000] {dag.py:4180} INFO - Setting next_dagrun for example_trigger_target_dag to None, run_after=None
[2025-04-20T17:56:19.080+0000] {processor.py:208} INFO - Processing /home/airflow/.local/lib/python3.12/site-packages/airflow/example_dags/example_trigger_target_dag.py took 0.085 seconds
[2025-04-20T17:56:49.966+0000] {processor.py:186} INFO - Started process (PID=1072) to work on /home/airflow/.local/lib/python3.12/site-packages/airflow/example_dags/example_trigger_target_dag.py
[2025-04-20T17:56:49.968+0000] {processor.py:914} INFO - Processing file /home/airflow/.local/lib/python3.12/site-packages/airflow/example_dags/example_trigger_target_dag.py for tasks to queue
[2025-04-20T17:56:49.970+0000] {logging_mixin.py:190} INFO - [2025-04-20T17:56:49.970+0000] {dagbag.py:588} INFO - Filling up the DagBag from /home/airflow/.local/lib/python3.12/site-packages/airflow/example_dags/example_trigger_target_dag.py
[2025-04-20T17:56:49.980+0000] {processor.py:925} INFO - DAG(s) 'example_trigger_target_dag' retrieved from /home/airflow/.local/lib/python3.12/site-packages/airflow/example_dags/example_trigger_target_dag.py
[2025-04-20T17:56:50.003+0000] {logging_mixin.py:190} INFO - [2025-04-20T17:56:50.003+0000] {dag.py:3239} INFO - Sync 1 DAGs
[2025-04-20T17:56:50.019+0000] {logging_mixin.py:190} INFO - [2025-04-20T17:56:50.018+0000] {dag.py:4180} INFO - Setting next_dagrun for example_trigger_target_dag to None, run_after=None
[2025-04-20T17:56:50.044+0000] {processor.py:208} INFO - Processing /home/airflow/.local/lib/python3.12/site-packages/airflow/example_dags/example_trigger_target_dag.py took 0.085 seconds
[2025-04-20T17:57:21.363+0000] {processor.py:186} INFO - Started process (PID=1135) to work on /home/airflow/.local/lib/python3.12/site-packages/airflow/example_dags/example_trigger_target_dag.py
[2025-04-20T17:57:21.364+0000] {processor.py:914} INFO - Processing file /home/airflow/.local/lib/python3.12/site-packages/airflow/example_dags/example_trigger_target_dag.py for tasks to queue
[2025-04-20T17:57:21.367+0000] {logging_mixin.py:190} INFO - [2025-04-20T17:57:21.367+0000] {dagbag.py:588} INFO - Filling up the DagBag from /home/airflow/.local/lib/python3.12/site-packages/airflow/example_dags/example_trigger_target_dag.py
[2025-04-20T17:57:21.377+0000] {processor.py:925} INFO - DAG(s) 'example_trigger_target_dag' retrieved from /home/airflow/.local/lib/python3.12/site-packages/airflow/example_dags/example_trigger_target_dag.py
[2025-04-20T17:57:21.400+0000] {logging_mixin.py:190} INFO - [2025-04-20T17:57:21.399+0000] {dag.py:3239} INFO - Sync 1 DAGs
[2025-04-20T17:57:21.419+0000] {logging_mixin.py:190} INFO - [2025-04-20T17:57:21.419+0000] {dag.py:4180} INFO - Setting next_dagrun for example_trigger_target_dag to None, run_after=None
[2025-04-20T17:57:21.450+0000] {processor.py:208} INFO - Processing /home/airflow/.local/lib/python3.12/site-packages/airflow/example_dags/example_trigger_target_dag.py took 0.095 seconds
[2025-04-20T17:57:52.488+0000] {processor.py:186} INFO - Started process (PID=1198) to work on /home/airflow/.local/lib/python3.12/site-packages/airflow/example_dags/example_trigger_target_dag.py
[2025-04-20T17:57:52.489+0000] {processor.py:914} INFO - Processing file /home/airflow/.local/lib/python3.12/site-packages/airflow/example_dags/example_trigger_target_dag.py for tasks to queue
[2025-04-20T17:57:52.492+0000] {logging_mixin.py:190} INFO - [2025-04-20T17:57:52.491+0000] {dagbag.py:588} INFO - Filling up the DagBag from /home/airflow/.local/lib/python3.12/site-packages/airflow/example_dags/example_trigger_target_dag.py
[2025-04-20T17:57:52.501+0000] {processor.py:925} INFO - DAG(s) 'example_trigger_target_dag' retrieved from /home/airflow/.local/lib/python3.12/site-packages/airflow/example_dags/example_trigger_target_dag.py
[2025-04-20T17:57:52.523+0000] {logging_mixin.py:190} INFO - [2025-04-20T17:57:52.523+0000] {dag.py:3239} INFO - Sync 1 DAGs
[2025-04-20T17:57:52.541+0000] {logging_mixin.py:190} INFO - [2025-04-20T17:57:52.541+0000] {dag.py:4180} INFO - Setting next_dagrun for example_trigger_target_dag to None, run_after=None
[2025-04-20T17:57:52.563+0000] {processor.py:208} INFO - Processing /home/airflow/.local/lib/python3.12/site-packages/airflow/example_dags/example_trigger_target_dag.py took 0.083 seconds
[2025-04-20T17:58:23.515+0000] {processor.py:186} INFO - Started process (PID=1261) to work on /home/airflow/.local/lib/python3.12/site-packages/airflow/example_dags/example_trigger_target_dag.py
[2025-04-20T17:58:23.518+0000] {processor.py:914} INFO - Processing file /home/airflow/.local/lib/python3.12/site-packages/airflow/example_dags/example_trigger_target_dag.py for tasks to queue
[2025-04-20T17:58:23.530+0000] {logging_mixin.py:190} INFO - [2025-04-20T17:58:23.529+0000] {dagbag.py:588} INFO - Filling up the DagBag from /home/airflow/.local/lib/python3.12/site-packages/airflow/example_dags/example_trigger_target_dag.py
[2025-04-20T17:58:23.546+0000] {processor.py:925} INFO - DAG(s) 'example_trigger_target_dag' retrieved from /home/airflow/.local/lib/python3.12/site-packages/airflow/example_dags/example_trigger_target_dag.py
[2025-04-20T17:58:23.574+0000] {logging_mixin.py:190} INFO - [2025-04-20T17:58:23.573+0000] {dag.py:3239} INFO - Sync 1 DAGs
[2025-04-20T17:58:23.599+0000] {logging_mixin.py:190} INFO - [2025-04-20T17:58:23.598+0000] {dag.py:4180} INFO - Setting next_dagrun for example_trigger_target_dag to None, run_after=None
[2025-04-20T17:58:23.633+0000] {processor.py:208} INFO - Processing /home/airflow/.local/lib/python3.12/site-packages/airflow/example_dags/example_trigger_target_dag.py took 0.131 seconds
[2025-04-20T17:58:54.604+0000] {processor.py:186} INFO - Started process (PID=1324) to work on /home/airflow/.local/lib/python3.12/site-packages/airflow/example_dags/example_trigger_target_dag.py
[2025-04-20T17:58:54.606+0000] {processor.py:914} INFO - Processing file /home/airflow/.local/lib/python3.12/site-packages/airflow/example_dags/example_trigger_target_dag.py for tasks to queue
[2025-04-20T17:58:54.610+0000] {logging_mixin.py:190} INFO - [2025-04-20T17:58:54.609+0000] {dagbag.py:588} INFO - Filling up the DagBag from /home/airflow/.local/lib/python3.12/site-packages/airflow/example_dags/example_trigger_target_dag.py
[2025-04-20T17:58:54.620+0000] {processor.py:925} INFO - DAG(s) 'example_trigger_target_dag' retrieved from /home/airflow/.local/lib/python3.12/site-packages/airflow/example_dags/example_trigger_target_dag.py
[2025-04-20T17:58:54.647+0000] {logging_mixin.py:190} INFO - [2025-04-20T17:58:54.647+0000] {dag.py:3239} INFO - Sync 1 DAGs
[2025-04-20T17:58:54.668+0000] {logging_mixin.py:190} INFO - [2025-04-20T17:58:54.668+0000] {dag.py:4180} INFO - Setting next_dagrun for example_trigger_target_dag to None, run_after=None
[2025-04-20T17:58:54.697+0000] {processor.py:208} INFO - Processing /home/airflow/.local/lib/python3.12/site-packages/airflow/example_dags/example_trigger_target_dag.py took 0.103 seconds
[2025-04-20T18:05:00.222+0000] {processor.py:186} INFO - Started process (PID=125) to work on /home/airflow/.local/lib/python3.12/site-packages/airflow/example_dags/example_trigger_target_dag.py
[2025-04-20T18:05:00.227+0000] {processor.py:914} INFO - Processing file /home/airflow/.local/lib/python3.12/site-packages/airflow/example_dags/example_trigger_target_dag.py for tasks to queue
[2025-04-20T18:05:00.230+0000] {logging_mixin.py:190} INFO - [2025-04-20T18:05:00.230+0000] {dagbag.py:588} INFO - Filling up the DagBag from /home/airflow/.local/lib/python3.12/site-packages/airflow/example_dags/example_trigger_target_dag.py
[2025-04-20T18:05:00.241+0000] {processor.py:925} INFO - DAG(s) 'example_trigger_target_dag' retrieved from /home/airflow/.local/lib/python3.12/site-packages/airflow/example_dags/example_trigger_target_dag.py
[2025-04-20T18:05:00.430+0000] {logging_mixin.py:190} INFO - [2025-04-20T18:05:00.428+0000] {override.py:1912} INFO - Created Permission View: can read on DAG:example_trigger_target_dag
[2025-04-20T18:05:00.448+0000] {logging_mixin.py:190} INFO - [2025-04-20T18:05:00.448+0000] {override.py:1912} INFO - Created Permission View: can edit on DAG:example_trigger_target_dag
[2025-04-20T18:05:00.458+0000] {logging_mixin.py:190} INFO - [2025-04-20T18:05:00.458+0000] {override.py:1912} INFO - Created Permission View: can delete on DAG:example_trigger_target_dag
[2025-04-20T18:05:00.470+0000] {logging_mixin.py:190} INFO - [2025-04-20T18:05:00.469+0000] {override.py:1912} INFO - Created Permission View: menu access on DAG Run:example_trigger_target_dag
[2025-04-20T18:05:00.484+0000] {logging_mixin.py:190} INFO - [2025-04-20T18:05:00.483+0000] {override.py:1912} INFO - Created Permission View: can read on DAG Run:example_trigger_target_dag
[2025-04-20T18:05:00.499+0000] {logging_mixin.py:190} INFO - [2025-04-20T18:05:00.498+0000] {override.py:1912} INFO - Created Permission View: can create on DAG Run:example_trigger_target_dag
[2025-04-20T18:05:00.511+0000] {logging_mixin.py:190} INFO - [2025-04-20T18:05:00.511+0000] {override.py:1912} INFO - Created Permission View: can delete on DAG Run:example_trigger_target_dag
[2025-04-20T18:05:00.512+0000] {logging_mixin.py:190} INFO - [2025-04-20T18:05:00.512+0000] {dag.py:3239} INFO - Sync 1 DAGs
[2025-04-20T18:05:00.537+0000] {logging_mixin.py:190} INFO - [2025-04-20T18:05:00.537+0000] {dag.py:3262} INFO - Creating ORM DAG for example_trigger_target_dag
[2025-04-20T18:05:00.538+0000] {logging_mixin.py:190} INFO - [2025-04-20T18:05:00.538+0000] {dag.py:4180} INFO - Setting next_dagrun for example_trigger_target_dag to None, run_after=None
[2025-04-20T18:05:00.568+0000] {processor.py:208} INFO - Processing /home/airflow/.local/lib/python3.12/site-packages/airflow/example_dags/example_trigger_target_dag.py took 0.353 seconds
[2025-04-20T18:05:31.446+0000] {processor.py:186} INFO - Started process (PID=189) to work on /home/airflow/.local/lib/python3.12/site-packages/airflow/example_dags/example_trigger_target_dag.py
[2025-04-20T18:05:31.448+0000] {processor.py:914} INFO - Processing file /home/airflow/.local/lib/python3.12/site-packages/airflow/example_dags/example_trigger_target_dag.py for tasks to queue
[2025-04-20T18:05:31.451+0000] {logging_mixin.py:190} INFO - [2025-04-20T18:05:31.451+0000] {dagbag.py:588} INFO - Filling up the DagBag from /home/airflow/.local/lib/python3.12/site-packages/airflow/example_dags/example_trigger_target_dag.py
[2025-04-20T18:05:31.462+0000] {processor.py:925} INFO - DAG(s) 'example_trigger_target_dag' retrieved from /home/airflow/.local/lib/python3.12/site-packages/airflow/example_dags/example_trigger_target_dag.py
[2025-04-20T18:05:31.486+0000] {logging_mixin.py:190} INFO - [2025-04-20T18:05:31.486+0000] {dag.py:3239} INFO - Sync 1 DAGs
[2025-04-20T18:05:31.506+0000] {logging_mixin.py:190} INFO - [2025-04-20T18:05:31.505+0000] {dag.py:4180} INFO - Setting next_dagrun for example_trigger_target_dag to None, run_after=None
[2025-04-20T18:05:31.546+0000] {processor.py:208} INFO - Processing /home/airflow/.local/lib/python3.12/site-packages/airflow/example_dags/example_trigger_target_dag.py took 0.108 seconds
[2025-04-20T18:06:02.697+0000] {processor.py:186} INFO - Started process (PID=251) to work on /home/airflow/.local/lib/python3.12/site-packages/airflow/example_dags/example_trigger_target_dag.py
[2025-04-20T18:06:02.699+0000] {processor.py:914} INFO - Processing file /home/airflow/.local/lib/python3.12/site-packages/airflow/example_dags/example_trigger_target_dag.py for tasks to queue
[2025-04-20T18:06:02.704+0000] {logging_mixin.py:190} INFO - [2025-04-20T18:06:02.704+0000] {dagbag.py:588} INFO - Filling up the DagBag from /home/airflow/.local/lib/python3.12/site-packages/airflow/example_dags/example_trigger_target_dag.py
[2025-04-20T18:06:02.719+0000] {processor.py:925} INFO - DAG(s) 'example_trigger_target_dag' retrieved from /home/airflow/.local/lib/python3.12/site-packages/airflow/example_dags/example_trigger_target_dag.py
[2025-04-20T18:06:02.751+0000] {logging_mixin.py:190} INFO - [2025-04-20T18:06:02.751+0000] {dag.py:3239} INFO - Sync 1 DAGs
[2025-04-20T18:06:02.783+0000] {logging_mixin.py:190} INFO - [2025-04-20T18:06:02.783+0000] {dag.py:4180} INFO - Setting next_dagrun for example_trigger_target_dag to None, run_after=None
[2025-04-20T18:06:02.818+0000] {processor.py:208} INFO - Processing /home/airflow/.local/lib/python3.12/site-packages/airflow/example_dags/example_trigger_target_dag.py took 0.133 seconds
[2025-04-20T18:06:34.440+0000] {processor.py:186} INFO - Started process (PID=314) to work on /home/airflow/.local/lib/python3.12/site-packages/airflow/example_dags/example_trigger_target_dag.py
[2025-04-20T18:06:34.441+0000] {processor.py:914} INFO - Processing file /home/airflow/.local/lib/python3.12/site-packages/airflow/example_dags/example_trigger_target_dag.py for tasks to queue
[2025-04-20T18:06:34.445+0000] {logging_mixin.py:190} INFO - [2025-04-20T18:06:34.444+0000] {dagbag.py:588} INFO - Filling up the DagBag from /home/airflow/.local/lib/python3.12/site-packages/airflow/example_dags/example_trigger_target_dag.py
[2025-04-20T18:06:34.456+0000] {processor.py:925} INFO - DAG(s) 'example_trigger_target_dag' retrieved from /home/airflow/.local/lib/python3.12/site-packages/airflow/example_dags/example_trigger_target_dag.py
[2025-04-20T18:06:34.485+0000] {logging_mixin.py:190} INFO - [2025-04-20T18:06:34.485+0000] {dag.py:3239} INFO - Sync 1 DAGs
[2025-04-20T18:06:34.506+0000] {logging_mixin.py:190} INFO - [2025-04-20T18:06:34.505+0000] {dag.py:4180} INFO - Setting next_dagrun for example_trigger_target_dag to None, run_after=None
[2025-04-20T18:06:34.539+0000] {processor.py:208} INFO - Processing /home/airflow/.local/lib/python3.12/site-packages/airflow/example_dags/example_trigger_target_dag.py took 0.108 seconds
[2025-04-20T18:07:05.556+0000] {processor.py:186} INFO - Started process (PID=377) to work on /home/airflow/.local/lib/python3.12/site-packages/airflow/example_dags/example_trigger_target_dag.py
[2025-04-20T18:07:05.558+0000] {processor.py:914} INFO - Processing file /home/airflow/.local/lib/python3.12/site-packages/airflow/example_dags/example_trigger_target_dag.py for tasks to queue
[2025-04-20T18:07:05.561+0000] {logging_mixin.py:190} INFO - [2025-04-20T18:07:05.560+0000] {dagbag.py:588} INFO - Filling up the DagBag from /home/airflow/.local/lib/python3.12/site-packages/airflow/example_dags/example_trigger_target_dag.py
[2025-04-20T18:07:05.571+0000] {processor.py:925} INFO - DAG(s) 'example_trigger_target_dag' retrieved from /home/airflow/.local/lib/python3.12/site-packages/airflow/example_dags/example_trigger_target_dag.py
[2025-04-20T18:07:05.594+0000] {logging_mixin.py:190} INFO - [2025-04-20T18:07:05.593+0000] {dag.py:3239} INFO - Sync 1 DAGs
[2025-04-20T18:07:05.612+0000] {logging_mixin.py:190} INFO - [2025-04-20T18:07:05.612+0000] {dag.py:4180} INFO - Setting next_dagrun for example_trigger_target_dag to None, run_after=None
[2025-04-20T18:07:05.635+0000] {processor.py:208} INFO - Processing /home/airflow/.local/lib/python3.12/site-packages/airflow/example_dags/example_trigger_target_dag.py took 0.086 seconds
[2025-04-20T18:07:37.360+0000] {processor.py:186} INFO - Started process (PID=446) to work on /home/airflow/.local/lib/python3.12/site-packages/airflow/example_dags/example_trigger_target_dag.py
[2025-04-20T18:07:37.362+0000] {processor.py:914} INFO - Processing file /home/airflow/.local/lib/python3.12/site-packages/airflow/example_dags/example_trigger_target_dag.py for tasks to queue
[2025-04-20T18:07:37.365+0000] {logging_mixin.py:190} INFO - [2025-04-20T18:07:37.365+0000] {dagbag.py:588} INFO - Filling up the DagBag from /home/airflow/.local/lib/python3.12/site-packages/airflow/example_dags/example_trigger_target_dag.py
[2025-04-20T18:07:37.377+0000] {processor.py:925} INFO - DAG(s) 'example_trigger_target_dag' retrieved from /home/airflow/.local/lib/python3.12/site-packages/airflow/example_dags/example_trigger_target_dag.py
[2025-04-20T18:07:37.404+0000] {logging_mixin.py:190} INFO - [2025-04-20T18:07:37.403+0000] {dag.py:3239} INFO - Sync 1 DAGs
[2025-04-20T18:07:37.426+0000] {logging_mixin.py:190} INFO - [2025-04-20T18:07:37.425+0000] {dag.py:4180} INFO - Setting next_dagrun for example_trigger_target_dag to None, run_after=None
[2025-04-20T18:07:37.457+0000] {processor.py:208} INFO - Processing /home/airflow/.local/lib/python3.12/site-packages/airflow/example_dags/example_trigger_target_dag.py took 0.105 seconds
[2025-04-20T18:08:08.955+0000] {processor.py:186} INFO - Started process (PID=509) to work on /home/airflow/.local/lib/python3.12/site-packages/airflow/example_dags/example_trigger_target_dag.py
[2025-04-20T18:08:08.956+0000] {processor.py:914} INFO - Processing file /home/airflow/.local/lib/python3.12/site-packages/airflow/example_dags/example_trigger_target_dag.py for tasks to queue
[2025-04-20T18:08:08.959+0000] {logging_mixin.py:190} INFO - [2025-04-20T18:08:08.958+0000] {dagbag.py:588} INFO - Filling up the DagBag from /home/airflow/.local/lib/python3.12/site-packages/airflow/example_dags/example_trigger_target_dag.py
[2025-04-20T18:08:08.972+0000] {processor.py:925} INFO - DAG(s) 'example_trigger_target_dag' retrieved from /home/airflow/.local/lib/python3.12/site-packages/airflow/example_dags/example_trigger_target_dag.py
[2025-04-20T18:08:09.021+0000] {logging_mixin.py:190} INFO - [2025-04-20T18:08:09.020+0000] {dag.py:3239} INFO - Sync 1 DAGs
[2025-04-20T18:08:09.059+0000] {logging_mixin.py:190} INFO - [2025-04-20T18:08:09.058+0000] {dag.py:4180} INFO - Setting next_dagrun for example_trigger_target_dag to None, run_after=None
[2025-04-20T18:08:09.137+0000] {processor.py:208} INFO - Processing /home/airflow/.local/lib/python3.12/site-packages/airflow/example_dags/example_trigger_target_dag.py took 0.190 seconds
[2025-04-20T18:08:40.171+0000] {processor.py:186} INFO - Started process (PID=572) to work on /home/airflow/.local/lib/python3.12/site-packages/airflow/example_dags/example_trigger_target_dag.py
[2025-04-20T18:08:40.173+0000] {processor.py:914} INFO - Processing file /home/airflow/.local/lib/python3.12/site-packages/airflow/example_dags/example_trigger_target_dag.py for tasks to queue
[2025-04-20T18:08:40.176+0000] {logging_mixin.py:190} INFO - [2025-04-20T18:08:40.175+0000] {dagbag.py:588} INFO - Filling up the DagBag from /home/airflow/.local/lib/python3.12/site-packages/airflow/example_dags/example_trigger_target_dag.py
[2025-04-20T18:08:40.190+0000] {processor.py:925} INFO - DAG(s) 'example_trigger_target_dag' retrieved from /home/airflow/.local/lib/python3.12/site-packages/airflow/example_dags/example_trigger_target_dag.py
[2025-04-20T18:08:40.224+0000] {logging_mixin.py:190} INFO - [2025-04-20T18:08:40.223+0000] {dag.py:3239} INFO - Sync 1 DAGs
[2025-04-20T18:08:40.250+0000] {logging_mixin.py:190} INFO - [2025-04-20T18:08:40.249+0000] {dag.py:4180} INFO - Setting next_dagrun for example_trigger_target_dag to None, run_after=None
[2025-04-20T18:08:40.280+0000] {processor.py:208} INFO - Processing /home/airflow/.local/lib/python3.12/site-packages/airflow/example_dags/example_trigger_target_dag.py took 0.120 seconds
[2025-04-20T18:09:11.648+0000] {processor.py:186} INFO - Started process (PID=635) to work on /home/airflow/.local/lib/python3.12/site-packages/airflow/example_dags/example_trigger_target_dag.py
[2025-04-20T18:09:11.650+0000] {processor.py:914} INFO - Processing file /home/airflow/.local/lib/python3.12/site-packages/airflow/example_dags/example_trigger_target_dag.py for tasks to queue
[2025-04-20T18:09:11.653+0000] {logging_mixin.py:190} INFO - [2025-04-20T18:09:11.653+0000] {dagbag.py:588} INFO - Filling up the DagBag from /home/airflow/.local/lib/python3.12/site-packages/airflow/example_dags/example_trigger_target_dag.py
[2025-04-20T18:09:11.678+0000] {processor.py:925} INFO - DAG(s) 'example_trigger_target_dag' retrieved from /home/airflow/.local/lib/python3.12/site-packages/airflow/example_dags/example_trigger_target_dag.py
[2025-04-20T18:09:11.718+0000] {logging_mixin.py:190} INFO - [2025-04-20T18:09:11.718+0000] {dag.py:3239} INFO - Sync 1 DAGs
[2025-04-20T18:09:11.752+0000] {logging_mixin.py:190} INFO - [2025-04-20T18:09:11.751+0000] {dag.py:4180} INFO - Setting next_dagrun for example_trigger_target_dag to None, run_after=None
[2025-04-20T18:09:11.783+0000] {processor.py:208} INFO - Processing /home/airflow/.local/lib/python3.12/site-packages/airflow/example_dags/example_trigger_target_dag.py took 0.147 seconds
