[2025-04-20T17:48:52.498+0000] {processor.py:186} INFO - Started process (PID=93) to work on /home/airflow/.local/lib/python3.12/site-packages/airflow/example_dags/example_external_task_marker_dag.py
[2025-04-20T17:48:52.500+0000] {processor.py:914} INFO - Processing file /home/airflow/.local/lib/python3.12/site-packages/airflow/example_dags/example_external_task_marker_dag.py for tasks to queue
[2025-04-20T17:48:52.503+0000] {logging_mixin.py:190} INFO - [2025-04-20T17:48:52.502+0000] {dagbag.py:588} INFO - Filling up the DagBag from /home/airflow/.local/lib/python3.12/site-packages/airflow/example_dags/example_external_task_marker_dag.py
[2025-04-20T17:48:52.523+0000] {processor.py:925} INFO - DAG(s) 'example_external_task_marker_child', 'example_external_task_marker_parent' retrieved from /home/airflow/.local/lib/python3.12/site-packages/airflow/example_dags/example_external_task_marker_dag.py
[2025-04-20T17:48:52.692+0000] {logging_mixin.py:190} INFO - [2025-04-20T17:48:52.691+0000] {override.py:1912} INFO - Created Permission View: can read on DAG:example_external_task_marker_child
[2025-04-20T17:48:52.706+0000] {logging_mixin.py:190} INFO - [2025-04-20T17:48:52.706+0000] {override.py:1912} INFO - Created Permission View: can edit on DAG:example_external_task_marker_child
[2025-04-20T17:48:52.717+0000] {logging_mixin.py:190} INFO - [2025-04-20T17:48:52.716+0000] {override.py:1912} INFO - Created Permission View: can delete on DAG:example_external_task_marker_child
[2025-04-20T17:48:52.728+0000] {logging_mixin.py:190} INFO - [2025-04-20T17:48:52.727+0000] {override.py:1912} INFO - Created Permission View: can read on DAG Run:example_external_task_marker_child
[2025-04-20T17:48:52.741+0000] {logging_mixin.py:190} INFO - [2025-04-20T17:48:52.740+0000] {override.py:1912} INFO - Created Permission View: can create on DAG Run:example_external_task_marker_child
[2025-04-20T17:48:52.750+0000] {logging_mixin.py:190} INFO - [2025-04-20T17:48:52.749+0000] {override.py:1912} INFO - Created Permission View: menu access on DAG Run:example_external_task_marker_child
[2025-04-20T17:48:52.759+0000] {logging_mixin.py:190} INFO - [2025-04-20T17:48:52.759+0000] {override.py:1912} INFO - Created Permission View: can delete on DAG Run:example_external_task_marker_child
[2025-04-20T17:48:52.779+0000] {logging_mixin.py:190} INFO - [2025-04-20T17:48:52.779+0000] {override.py:1912} INFO - Created Permission View: can read on DAG:example_external_task_marker_parent
[2025-04-20T17:48:52.822+0000] {logging_mixin.py:190} INFO - [2025-04-20T17:48:52.822+0000] {override.py:1912} INFO - Created Permission View: can edit on DAG:example_external_task_marker_parent
[2025-04-20T17:48:52.833+0000] {logging_mixin.py:190} INFO - [2025-04-20T17:48:52.833+0000] {override.py:1912} INFO - Created Permission View: can delete on DAG:example_external_task_marker_parent
[2025-04-20T17:48:52.844+0000] {logging_mixin.py:190} INFO - [2025-04-20T17:48:52.844+0000] {override.py:1912} INFO - Created Permission View: can read on DAG Run:example_external_task_marker_parent
[2025-04-20T17:48:52.854+0000] {logging_mixin.py:190} INFO - [2025-04-20T17:48:52.854+0000] {override.py:1912} INFO - Created Permission View: can create on DAG Run:example_external_task_marker_parent
[2025-04-20T17:48:52.865+0000] {logging_mixin.py:190} INFO - [2025-04-20T17:48:52.865+0000] {override.py:1912} INFO - Created Permission View: menu access on DAG Run:example_external_task_marker_parent
[2025-04-20T17:48:52.876+0000] {logging_mixin.py:190} INFO - [2025-04-20T17:48:52.876+0000] {override.py:1912} INFO - Created Permission View: can delete on DAG Run:example_external_task_marker_parent
[2025-04-20T17:48:52.877+0000] {logging_mixin.py:190} INFO - [2025-04-20T17:48:52.877+0000] {dag.py:3239} INFO - Sync 2 DAGs
[2025-04-20T17:48:52.898+0000] {logging_mixin.py:190} INFO - [2025-04-20T17:48:52.898+0000] {dag.py:3262} INFO - Creating ORM DAG for example_external_task_marker_child
[2025-04-20T17:48:52.900+0000] {logging_mixin.py:190} INFO - [2025-04-20T17:48:52.899+0000] {dag.py:3262} INFO - Creating ORM DAG for example_external_task_marker_parent
[2025-04-20T17:48:52.901+0000] {logging_mixin.py:190} INFO - [2025-04-20T17:48:52.901+0000] {dag.py:4180} INFO - Setting next_dagrun for example_external_task_marker_child to None, run_after=None
[2025-04-20T17:48:52.903+0000] {logging_mixin.py:190} INFO - [2025-04-20T17:48:52.902+0000] {dag.py:4180} INFO - Setting next_dagrun for example_external_task_marker_parent to None, run_after=None
[2025-04-20T17:48:52.927+0000] {processor.py:208} INFO - Processing /home/airflow/.local/lib/python3.12/site-packages/airflow/example_dags/example_external_task_marker_dag.py took 0.438 seconds
[2025-04-20T17:49:23.479+0000] {processor.py:186} INFO - Started process (PID=156) to work on /home/airflow/.local/lib/python3.12/site-packages/airflow/example_dags/example_external_task_marker_dag.py
[2025-04-20T17:49:23.480+0000] {processor.py:914} INFO - Processing file /home/airflow/.local/lib/python3.12/site-packages/airflow/example_dags/example_external_task_marker_dag.py for tasks to queue
[2025-04-20T17:49:23.483+0000] {logging_mixin.py:190} INFO - [2025-04-20T17:49:23.483+0000] {dagbag.py:588} INFO - Filling up the DagBag from /home/airflow/.local/lib/python3.12/site-packages/airflow/example_dags/example_external_task_marker_dag.py
[2025-04-20T17:49:23.496+0000] {processor.py:925} INFO - DAG(s) 'example_external_task_marker_child', 'example_external_task_marker_parent' retrieved from /home/airflow/.local/lib/python3.12/site-packages/airflow/example_dags/example_external_task_marker_dag.py
[2025-04-20T17:49:23.526+0000] {logging_mixin.py:190} INFO - [2025-04-20T17:49:23.526+0000] {dag.py:3239} INFO - Sync 2 DAGs
[2025-04-20T17:49:23.546+0000] {logging_mixin.py:190} INFO - [2025-04-20T17:49:23.546+0000] {dag.py:4180} INFO - Setting next_dagrun for example_external_task_marker_child to None, run_after=None
[2025-04-20T17:49:23.554+0000] {logging_mixin.py:190} INFO - [2025-04-20T17:49:23.554+0000] {dag.py:4180} INFO - Setting next_dagrun for example_external_task_marker_parent to None, run_after=None
[2025-04-20T17:49:23.596+0000] {processor.py:208} INFO - Processing /home/airflow/.local/lib/python3.12/site-packages/airflow/example_dags/example_external_task_marker_dag.py took 0.125 seconds
[2025-04-20T17:49:54.855+0000] {processor.py:186} INFO - Started process (PID=219) to work on /home/airflow/.local/lib/python3.12/site-packages/airflow/example_dags/example_external_task_marker_dag.py
[2025-04-20T17:49:54.856+0000] {processor.py:914} INFO - Processing file /home/airflow/.local/lib/python3.12/site-packages/airflow/example_dags/example_external_task_marker_dag.py for tasks to queue
[2025-04-20T17:49:54.859+0000] {logging_mixin.py:190} INFO - [2025-04-20T17:49:54.859+0000] {dagbag.py:588} INFO - Filling up the DagBag from /home/airflow/.local/lib/python3.12/site-packages/airflow/example_dags/example_external_task_marker_dag.py
[2025-04-20T17:49:54.873+0000] {processor.py:925} INFO - DAG(s) 'example_external_task_marker_child', 'example_external_task_marker_parent' retrieved from /home/airflow/.local/lib/python3.12/site-packages/airflow/example_dags/example_external_task_marker_dag.py
[2025-04-20T17:49:54.913+0000] {logging_mixin.py:190} INFO - [2025-04-20T17:49:54.912+0000] {dag.py:3239} INFO - Sync 2 DAGs
[2025-04-20T17:49:54.939+0000] {logging_mixin.py:190} INFO - [2025-04-20T17:49:54.939+0000] {dag.py:4180} INFO - Setting next_dagrun for example_external_task_marker_child to None, run_after=None
[2025-04-20T17:49:54.950+0000] {logging_mixin.py:190} INFO - [2025-04-20T17:49:54.948+0000] {dag.py:4180} INFO - Setting next_dagrun for example_external_task_marker_parent to None, run_after=None
[2025-04-20T17:49:54.989+0000] {processor.py:208} INFO - Processing /home/airflow/.local/lib/python3.12/site-packages/airflow/example_dags/example_external_task_marker_dag.py took 0.142 seconds
[2025-04-20T17:50:26.179+0000] {processor.py:186} INFO - Started process (PID=281) to work on /home/airflow/.local/lib/python3.12/site-packages/airflow/example_dags/example_external_task_marker_dag.py
[2025-04-20T17:50:26.180+0000] {processor.py:914} INFO - Processing file /home/airflow/.local/lib/python3.12/site-packages/airflow/example_dags/example_external_task_marker_dag.py for tasks to queue
[2025-04-20T17:50:26.183+0000] {logging_mixin.py:190} INFO - [2025-04-20T17:50:26.183+0000] {dagbag.py:588} INFO - Filling up the DagBag from /home/airflow/.local/lib/python3.12/site-packages/airflow/example_dags/example_external_task_marker_dag.py
[2025-04-20T17:50:26.196+0000] {processor.py:925} INFO - DAG(s) 'example_external_task_marker_parent', 'example_external_task_marker_child' retrieved from /home/airflow/.local/lib/python3.12/site-packages/airflow/example_dags/example_external_task_marker_dag.py
[2025-04-20T17:50:26.229+0000] {logging_mixin.py:190} INFO - [2025-04-20T17:50:26.229+0000] {dag.py:3239} INFO - Sync 2 DAGs
[2025-04-20T17:50:26.249+0000] {logging_mixin.py:190} INFO - [2025-04-20T17:50:26.249+0000] {dag.py:4180} INFO - Setting next_dagrun for example_external_task_marker_child to None, run_after=None
[2025-04-20T17:50:26.255+0000] {logging_mixin.py:190} INFO - [2025-04-20T17:50:26.255+0000] {dag.py:4180} INFO - Setting next_dagrun for example_external_task_marker_parent to None, run_after=None
[2025-04-20T17:50:26.277+0000] {processor.py:208} INFO - Processing /home/airflow/.local/lib/python3.12/site-packages/airflow/example_dags/example_external_task_marker_dag.py took 0.110 seconds
[2025-04-20T17:50:57.984+0000] {processor.py:186} INFO - Started process (PID=345) to work on /home/airflow/.local/lib/python3.12/site-packages/airflow/example_dags/example_external_task_marker_dag.py
[2025-04-20T17:50:57.986+0000] {processor.py:914} INFO - Processing file /home/airflow/.local/lib/python3.12/site-packages/airflow/example_dags/example_external_task_marker_dag.py for tasks to queue
[2025-04-20T17:50:57.989+0000] {logging_mixin.py:190} INFO - [2025-04-20T17:50:57.988+0000] {dagbag.py:588} INFO - Filling up the DagBag from /home/airflow/.local/lib/python3.12/site-packages/airflow/example_dags/example_external_task_marker_dag.py
[2025-04-20T17:50:58.002+0000] {processor.py:925} INFO - DAG(s) 'example_external_task_marker_child', 'example_external_task_marker_parent' retrieved from /home/airflow/.local/lib/python3.12/site-packages/airflow/example_dags/example_external_task_marker_dag.py
[2025-04-20T17:50:58.036+0000] {logging_mixin.py:190} INFO - [2025-04-20T17:50:58.035+0000] {dag.py:3239} INFO - Sync 2 DAGs
[2025-04-20T17:50:58.069+0000] {logging_mixin.py:190} INFO - [2025-04-20T17:50:58.069+0000] {dag.py:4180} INFO - Setting next_dagrun for example_external_task_marker_child to None, run_after=None
[2025-04-20T17:50:58.074+0000] {logging_mixin.py:190} INFO - [2025-04-20T17:50:58.074+0000] {dag.py:4180} INFO - Setting next_dagrun for example_external_task_marker_parent to None, run_after=None
[2025-04-20T17:50:58.106+0000] {processor.py:208} INFO - Processing /home/airflow/.local/lib/python3.12/site-packages/airflow/example_dags/example_external_task_marker_dag.py took 0.130 seconds
[2025-04-20T17:51:29.823+0000] {processor.py:186} INFO - Started process (PID=408) to work on /home/airflow/.local/lib/python3.12/site-packages/airflow/example_dags/example_external_task_marker_dag.py
[2025-04-20T17:51:29.828+0000] {processor.py:914} INFO - Processing file /home/airflow/.local/lib/python3.12/site-packages/airflow/example_dags/example_external_task_marker_dag.py for tasks to queue
[2025-04-20T17:51:29.831+0000] {logging_mixin.py:190} INFO - [2025-04-20T17:51:29.830+0000] {dagbag.py:588} INFO - Filling up the DagBag from /home/airflow/.local/lib/python3.12/site-packages/airflow/example_dags/example_external_task_marker_dag.py
[2025-04-20T17:51:29.848+0000] {processor.py:925} INFO - DAG(s) 'example_external_task_marker_parent', 'example_external_task_marker_child' retrieved from /home/airflow/.local/lib/python3.12/site-packages/airflow/example_dags/example_external_task_marker_dag.py
[2025-04-20T17:51:29.895+0000] {logging_mixin.py:190} INFO - [2025-04-20T17:51:29.894+0000] {dag.py:3239} INFO - Sync 2 DAGs
[2025-04-20T17:51:29.921+0000] {logging_mixin.py:190} INFO - [2025-04-20T17:51:29.921+0000] {dag.py:4180} INFO - Setting next_dagrun for example_external_task_marker_child to None, run_after=None
[2025-04-20T17:51:29.927+0000] {logging_mixin.py:190} INFO - [2025-04-20T17:51:29.927+0000] {dag.py:4180} INFO - Setting next_dagrun for example_external_task_marker_parent to None, run_after=None
[2025-04-20T17:51:29.955+0000] {processor.py:208} INFO - Processing /home/airflow/.local/lib/python3.12/site-packages/airflow/example_dags/example_external_task_marker_dag.py took 0.143 seconds
[2025-04-20T17:52:01.557+0000] {processor.py:186} INFO - Started process (PID=471) to work on /home/airflow/.local/lib/python3.12/site-packages/airflow/example_dags/example_external_task_marker_dag.py
[2025-04-20T17:52:01.559+0000] {processor.py:914} INFO - Processing file /home/airflow/.local/lib/python3.12/site-packages/airflow/example_dags/example_external_task_marker_dag.py for tasks to queue
[2025-04-20T17:52:01.562+0000] {logging_mixin.py:190} INFO - [2025-04-20T17:52:01.561+0000] {dagbag.py:588} INFO - Filling up the DagBag from /home/airflow/.local/lib/python3.12/site-packages/airflow/example_dags/example_external_task_marker_dag.py
[2025-04-20T17:52:01.572+0000] {processor.py:925} INFO - DAG(s) 'example_external_task_marker_child', 'example_external_task_marker_parent' retrieved from /home/airflow/.local/lib/python3.12/site-packages/airflow/example_dags/example_external_task_marker_dag.py
[2025-04-20T17:52:01.606+0000] {logging_mixin.py:190} INFO - [2025-04-20T17:52:01.606+0000] {dag.py:3239} INFO - Sync 2 DAGs
[2025-04-20T17:52:01.630+0000] {logging_mixin.py:190} INFO - [2025-04-20T17:52:01.630+0000] {dag.py:4180} INFO - Setting next_dagrun for example_external_task_marker_child to None, run_after=None
[2025-04-20T17:52:01.636+0000] {logging_mixin.py:190} INFO - [2025-04-20T17:52:01.635+0000] {dag.py:4180} INFO - Setting next_dagrun for example_external_task_marker_parent to None, run_after=None
[2025-04-20T17:52:01.657+0000] {processor.py:208} INFO - Processing /home/airflow/.local/lib/python3.12/site-packages/airflow/example_dags/example_external_task_marker_dag.py took 0.107 seconds
[2025-04-20T17:52:33.037+0000] {processor.py:186} INFO - Started process (PID=533) to work on /home/airflow/.local/lib/python3.12/site-packages/airflow/example_dags/example_external_task_marker_dag.py
[2025-04-20T17:52:33.039+0000] {processor.py:914} INFO - Processing file /home/airflow/.local/lib/python3.12/site-packages/airflow/example_dags/example_external_task_marker_dag.py for tasks to queue
[2025-04-20T17:52:33.042+0000] {logging_mixin.py:190} INFO - [2025-04-20T17:52:33.041+0000] {dagbag.py:588} INFO - Filling up the DagBag from /home/airflow/.local/lib/python3.12/site-packages/airflow/example_dags/example_external_task_marker_dag.py
[2025-04-20T17:52:33.052+0000] {processor.py:925} INFO - DAG(s) 'example_external_task_marker_child', 'example_external_task_marker_parent' retrieved from /home/airflow/.local/lib/python3.12/site-packages/airflow/example_dags/example_external_task_marker_dag.py
[2025-04-20T17:52:33.081+0000] {logging_mixin.py:190} INFO - [2025-04-20T17:52:33.081+0000] {dag.py:3239} INFO - Sync 2 DAGs
[2025-04-20T17:52:33.102+0000] {logging_mixin.py:190} INFO - [2025-04-20T17:52:33.102+0000] {dag.py:4180} INFO - Setting next_dagrun for example_external_task_marker_child to None, run_after=None
[2025-04-20T17:52:33.107+0000] {logging_mixin.py:190} INFO - [2025-04-20T17:52:33.107+0000] {dag.py:4180} INFO - Setting next_dagrun for example_external_task_marker_parent to None, run_after=None
[2025-04-20T17:52:33.127+0000] {processor.py:208} INFO - Processing /home/airflow/.local/lib/python3.12/site-packages/airflow/example_dags/example_external_task_marker_dag.py took 0.098 seconds
[2025-04-20T17:53:04.888+0000] {processor.py:186} INFO - Started process (PID=602) to work on /home/airflow/.local/lib/python3.12/site-packages/airflow/example_dags/example_external_task_marker_dag.py
[2025-04-20T17:53:04.889+0000] {processor.py:914} INFO - Processing file /home/airflow/.local/lib/python3.12/site-packages/airflow/example_dags/example_external_task_marker_dag.py for tasks to queue
[2025-04-20T17:53:04.893+0000] {logging_mixin.py:190} INFO - [2025-04-20T17:53:04.892+0000] {dagbag.py:588} INFO - Filling up the DagBag from /home/airflow/.local/lib/python3.12/site-packages/airflow/example_dags/example_external_task_marker_dag.py
[2025-04-20T17:53:04.907+0000] {processor.py:925} INFO - DAG(s) 'example_external_task_marker_parent', 'example_external_task_marker_child' retrieved from /home/airflow/.local/lib/python3.12/site-packages/airflow/example_dags/example_external_task_marker_dag.py
[2025-04-20T17:53:04.947+0000] {logging_mixin.py:190} INFO - [2025-04-20T17:53:04.946+0000] {dag.py:3239} INFO - Sync 2 DAGs
[2025-04-20T17:53:04.977+0000] {logging_mixin.py:190} INFO - [2025-04-20T17:53:04.976+0000] {dag.py:4180} INFO - Setting next_dagrun for example_external_task_marker_child to None, run_after=None
[2025-04-20T17:53:04.985+0000] {logging_mixin.py:190} INFO - [2025-04-20T17:53:04.984+0000] {dag.py:4180} INFO - Setting next_dagrun for example_external_task_marker_parent to None, run_after=None
[2025-04-20T17:53:05.016+0000] {processor.py:208} INFO - Processing /home/airflow/.local/lib/python3.12/site-packages/airflow/example_dags/example_external_task_marker_dag.py took 0.139 seconds
[2025-04-20T17:53:37.145+0000] {processor.py:186} INFO - Started process (PID=665) to work on /home/airflow/.local/lib/python3.12/site-packages/airflow/example_dags/example_external_task_marker_dag.py
[2025-04-20T17:53:37.146+0000] {processor.py:914} INFO - Processing file /home/airflow/.local/lib/python3.12/site-packages/airflow/example_dags/example_external_task_marker_dag.py for tasks to queue
[2025-04-20T17:53:37.149+0000] {logging_mixin.py:190} INFO - [2025-04-20T17:53:37.149+0000] {dagbag.py:588} INFO - Filling up the DagBag from /home/airflow/.local/lib/python3.12/site-packages/airflow/example_dags/example_external_task_marker_dag.py
[2025-04-20T17:53:37.161+0000] {processor.py:925} INFO - DAG(s) 'example_external_task_marker_parent', 'example_external_task_marker_child' retrieved from /home/airflow/.local/lib/python3.12/site-packages/airflow/example_dags/example_external_task_marker_dag.py
[2025-04-20T17:53:37.195+0000] {logging_mixin.py:190} INFO - [2025-04-20T17:53:37.194+0000] {dag.py:3239} INFO - Sync 2 DAGs
[2025-04-20T17:53:37.222+0000] {logging_mixin.py:190} INFO - [2025-04-20T17:53:37.222+0000] {dag.py:4180} INFO - Setting next_dagrun for example_external_task_marker_child to None, run_after=None
[2025-04-20T17:53:37.227+0000] {logging_mixin.py:190} INFO - [2025-04-20T17:53:37.227+0000] {dag.py:4180} INFO - Setting next_dagrun for example_external_task_marker_parent to None, run_after=None
[2025-04-20T17:53:37.254+0000] {processor.py:208} INFO - Processing /home/airflow/.local/lib/python3.12/site-packages/airflow/example_dags/example_external_task_marker_dag.py took 0.118 seconds
[2025-04-20T17:54:08.753+0000] {processor.py:186} INFO - Started process (PID=728) to work on /home/airflow/.local/lib/python3.12/site-packages/airflow/example_dags/example_external_task_marker_dag.py
[2025-04-20T17:54:08.754+0000] {processor.py:914} INFO - Processing file /home/airflow/.local/lib/python3.12/site-packages/airflow/example_dags/example_external_task_marker_dag.py for tasks to queue
[2025-04-20T17:54:08.758+0000] {logging_mixin.py:190} INFO - [2025-04-20T17:54:08.757+0000] {dagbag.py:588} INFO - Filling up the DagBag from /home/airflow/.local/lib/python3.12/site-packages/airflow/example_dags/example_external_task_marker_dag.py
[2025-04-20T17:54:08.773+0000] {processor.py:925} INFO - DAG(s) 'example_external_task_marker_parent', 'example_external_task_marker_child' retrieved from /home/airflow/.local/lib/python3.12/site-packages/airflow/example_dags/example_external_task_marker_dag.py
[2025-04-20T17:54:08.801+0000] {logging_mixin.py:190} INFO - [2025-04-20T17:54:08.801+0000] {dag.py:3239} INFO - Sync 2 DAGs
[2025-04-20T17:54:08.821+0000] {logging_mixin.py:190} INFO - [2025-04-20T17:54:08.821+0000] {dag.py:4180} INFO - Setting next_dagrun for example_external_task_marker_child to None, run_after=None
[2025-04-20T17:54:08.826+0000] {logging_mixin.py:190} INFO - [2025-04-20T17:54:08.826+0000] {dag.py:4180} INFO - Setting next_dagrun for example_external_task_marker_parent to None, run_after=None
[2025-04-20T17:54:08.854+0000] {processor.py:208} INFO - Processing /home/airflow/.local/lib/python3.12/site-packages/airflow/example_dags/example_external_task_marker_dag.py took 0.113 seconds
[2025-04-20T17:54:39.929+0000] {processor.py:186} INFO - Started process (PID=791) to work on /home/airflow/.local/lib/python3.12/site-packages/airflow/example_dags/example_external_task_marker_dag.py
[2025-04-20T17:54:39.930+0000] {processor.py:914} INFO - Processing file /home/airflow/.local/lib/python3.12/site-packages/airflow/example_dags/example_external_task_marker_dag.py for tasks to queue
[2025-04-20T17:54:39.934+0000] {logging_mixin.py:190} INFO - [2025-04-20T17:54:39.933+0000] {dagbag.py:588} INFO - Filling up the DagBag from /home/airflow/.local/lib/python3.12/site-packages/airflow/example_dags/example_external_task_marker_dag.py
[2025-04-20T17:54:39.945+0000] {processor.py:925} INFO - DAG(s) 'example_external_task_marker_parent', 'example_external_task_marker_child' retrieved from /home/airflow/.local/lib/python3.12/site-packages/airflow/example_dags/example_external_task_marker_dag.py
[2025-04-20T17:54:39.977+0000] {logging_mixin.py:190} INFO - [2025-04-20T17:54:39.977+0000] {dag.py:3239} INFO - Sync 2 DAGs
[2025-04-20T17:54:39.996+0000] {logging_mixin.py:190} INFO - [2025-04-20T17:54:39.996+0000] {dag.py:4180} INFO - Setting next_dagrun for example_external_task_marker_child to None, run_after=None
[2025-04-20T17:54:40.002+0000] {logging_mixin.py:190} INFO - [2025-04-20T17:54:40.001+0000] {dag.py:4180} INFO - Setting next_dagrun for example_external_task_marker_parent to None, run_after=None
[2025-04-20T17:54:40.024+0000] {processor.py:208} INFO - Processing /home/airflow/.local/lib/python3.12/site-packages/airflow/example_dags/example_external_task_marker_dag.py took 0.102 seconds
[2025-04-20T17:55:11.181+0000] {processor.py:186} INFO - Started process (PID=854) to work on /home/airflow/.local/lib/python3.12/site-packages/airflow/example_dags/example_external_task_marker_dag.py
[2025-04-20T17:55:11.182+0000] {processor.py:914} INFO - Processing file /home/airflow/.local/lib/python3.12/site-packages/airflow/example_dags/example_external_task_marker_dag.py for tasks to queue
[2025-04-20T17:55:11.187+0000] {logging_mixin.py:190} INFO - [2025-04-20T17:55:11.186+0000] {dagbag.py:588} INFO - Filling up the DagBag from /home/airflow/.local/lib/python3.12/site-packages/airflow/example_dags/example_external_task_marker_dag.py
[2025-04-20T17:55:11.198+0000] {processor.py:925} INFO - DAG(s) 'example_external_task_marker_child', 'example_external_task_marker_parent' retrieved from /home/airflow/.local/lib/python3.12/site-packages/airflow/example_dags/example_external_task_marker_dag.py
[2025-04-20T17:55:11.228+0000] {logging_mixin.py:190} INFO - [2025-04-20T17:55:11.227+0000] {dag.py:3239} INFO - Sync 2 DAGs
[2025-04-20T17:55:11.248+0000] {logging_mixin.py:190} INFO - [2025-04-20T17:55:11.248+0000] {dag.py:4180} INFO - Setting next_dagrun for example_external_task_marker_child to None, run_after=None
[2025-04-20T17:55:11.253+0000] {logging_mixin.py:190} INFO - [2025-04-20T17:55:11.253+0000] {dag.py:4180} INFO - Setting next_dagrun for example_external_task_marker_parent to None, run_after=None
[2025-04-20T17:55:11.276+0000] {processor.py:208} INFO - Processing /home/airflow/.local/lib/python3.12/site-packages/airflow/example_dags/example_external_task_marker_dag.py took 0.104 seconds
[2025-04-20T17:55:42.875+0000] {processor.py:186} INFO - Started process (PID=917) to work on /home/airflow/.local/lib/python3.12/site-packages/airflow/example_dags/example_external_task_marker_dag.py
[2025-04-20T17:55:42.876+0000] {processor.py:914} INFO - Processing file /home/airflow/.local/lib/python3.12/site-packages/airflow/example_dags/example_external_task_marker_dag.py for tasks to queue
[2025-04-20T17:55:42.879+0000] {logging_mixin.py:190} INFO - [2025-04-20T17:55:42.879+0000] {dagbag.py:588} INFO - Filling up the DagBag from /home/airflow/.local/lib/python3.12/site-packages/airflow/example_dags/example_external_task_marker_dag.py
[2025-04-20T17:55:42.891+0000] {processor.py:925} INFO - DAG(s) 'example_external_task_marker_child', 'example_external_task_marker_parent' retrieved from /home/airflow/.local/lib/python3.12/site-packages/airflow/example_dags/example_external_task_marker_dag.py
[2025-04-20T17:55:42.924+0000] {logging_mixin.py:190} INFO - [2025-04-20T17:55:42.924+0000] {dag.py:3239} INFO - Sync 2 DAGs
[2025-04-20T17:55:42.945+0000] {logging_mixin.py:190} INFO - [2025-04-20T17:55:42.945+0000] {dag.py:4180} INFO - Setting next_dagrun for example_external_task_marker_child to None, run_after=None
[2025-04-20T17:55:42.950+0000] {logging_mixin.py:190} INFO - [2025-04-20T17:55:42.950+0000] {dag.py:4180} INFO - Setting next_dagrun for example_external_task_marker_parent to None, run_after=None
[2025-04-20T17:55:42.977+0000] {processor.py:208} INFO - Processing /home/airflow/.local/lib/python3.12/site-packages/airflow/example_dags/example_external_task_marker_dag.py took 0.111 seconds
[2025-04-20T17:56:14.260+0000] {processor.py:186} INFO - Started process (PID=980) to work on /home/airflow/.local/lib/python3.12/site-packages/airflow/example_dags/example_external_task_marker_dag.py
[2025-04-20T17:56:14.261+0000] {processor.py:914} INFO - Processing file /home/airflow/.local/lib/python3.12/site-packages/airflow/example_dags/example_external_task_marker_dag.py for tasks to queue
[2025-04-20T17:56:14.264+0000] {logging_mixin.py:190} INFO - [2025-04-20T17:56:14.264+0000] {dagbag.py:588} INFO - Filling up the DagBag from /home/airflow/.local/lib/python3.12/site-packages/airflow/example_dags/example_external_task_marker_dag.py
[2025-04-20T17:56:14.276+0000] {processor.py:925} INFO - DAG(s) 'example_external_task_marker_child', 'example_external_task_marker_parent' retrieved from /home/airflow/.local/lib/python3.12/site-packages/airflow/example_dags/example_external_task_marker_dag.py
[2025-04-20T17:56:14.306+0000] {logging_mixin.py:190} INFO - [2025-04-20T17:56:14.306+0000] {dag.py:3239} INFO - Sync 2 DAGs
[2025-04-20T17:56:14.327+0000] {logging_mixin.py:190} INFO - [2025-04-20T17:56:14.327+0000] {dag.py:4180} INFO - Setting next_dagrun for example_external_task_marker_child to None, run_after=None
[2025-04-20T17:56:14.332+0000] {logging_mixin.py:190} INFO - [2025-04-20T17:56:14.332+0000] {dag.py:4180} INFO - Setting next_dagrun for example_external_task_marker_parent to None, run_after=None
[2025-04-20T17:56:14.358+0000] {processor.py:208} INFO - Processing /home/airflow/.local/lib/python3.12/site-packages/airflow/example_dags/example_external_task_marker_dag.py took 0.110 seconds
[2025-04-20T17:56:46.043+0000] {processor.py:186} INFO - Started process (PID=1043) to work on /home/airflow/.local/lib/python3.12/site-packages/airflow/example_dags/example_external_task_marker_dag.py
[2025-04-20T17:56:46.044+0000] {processor.py:914} INFO - Processing file /home/airflow/.local/lib/python3.12/site-packages/airflow/example_dags/example_external_task_marker_dag.py for tasks to queue
[2025-04-20T17:56:46.048+0000] {logging_mixin.py:190} INFO - [2025-04-20T17:56:46.047+0000] {dagbag.py:588} INFO - Filling up the DagBag from /home/airflow/.local/lib/python3.12/site-packages/airflow/example_dags/example_external_task_marker_dag.py
[2025-04-20T17:56:46.059+0000] {processor.py:925} INFO - DAG(s) 'example_external_task_marker_parent', 'example_external_task_marker_child' retrieved from /home/airflow/.local/lib/python3.12/site-packages/airflow/example_dags/example_external_task_marker_dag.py
[2025-04-20T17:56:46.089+0000] {logging_mixin.py:190} INFO - [2025-04-20T17:56:46.088+0000] {dag.py:3239} INFO - Sync 2 DAGs
[2025-04-20T17:56:46.109+0000] {logging_mixin.py:190} INFO - [2025-04-20T17:56:46.109+0000] {dag.py:4180} INFO - Setting next_dagrun for example_external_task_marker_child to None, run_after=None
[2025-04-20T17:56:46.114+0000] {logging_mixin.py:190} INFO - [2025-04-20T17:56:46.114+0000] {dag.py:4180} INFO - Setting next_dagrun for example_external_task_marker_parent to None, run_after=None
[2025-04-20T17:56:46.139+0000] {processor.py:208} INFO - Processing /home/airflow/.local/lib/python3.12/site-packages/airflow/example_dags/example_external_task_marker_dag.py took 0.103 seconds
[2025-04-20T17:57:17.245+0000] {processor.py:186} INFO - Started process (PID=1106) to work on /home/airflow/.local/lib/python3.12/site-packages/airflow/example_dags/example_external_task_marker_dag.py
[2025-04-20T17:57:17.247+0000] {processor.py:914} INFO - Processing file /home/airflow/.local/lib/python3.12/site-packages/airflow/example_dags/example_external_task_marker_dag.py for tasks to queue
[2025-04-20T17:57:17.249+0000] {logging_mixin.py:190} INFO - [2025-04-20T17:57:17.249+0000] {dagbag.py:588} INFO - Filling up the DagBag from /home/airflow/.local/lib/python3.12/site-packages/airflow/example_dags/example_external_task_marker_dag.py
[2025-04-20T17:57:17.262+0000] {processor.py:925} INFO - DAG(s) 'example_external_task_marker_parent', 'example_external_task_marker_child' retrieved from /home/airflow/.local/lib/python3.12/site-packages/airflow/example_dags/example_external_task_marker_dag.py
[2025-04-20T17:57:17.292+0000] {logging_mixin.py:190} INFO - [2025-04-20T17:57:17.292+0000] {dag.py:3239} INFO - Sync 2 DAGs
[2025-04-20T17:57:17.312+0000] {logging_mixin.py:190} INFO - [2025-04-20T17:57:17.312+0000] {dag.py:4180} INFO - Setting next_dagrun for example_external_task_marker_child to None, run_after=None
[2025-04-20T17:57:17.317+0000] {logging_mixin.py:190} INFO - [2025-04-20T17:57:17.317+0000] {dag.py:4180} INFO - Setting next_dagrun for example_external_task_marker_parent to None, run_after=None
[2025-04-20T17:57:17.342+0000] {processor.py:208} INFO - Processing /home/airflow/.local/lib/python3.12/site-packages/airflow/example_dags/example_external_task_marker_dag.py took 0.105 seconds
[2025-04-20T17:57:48.484+0000] {processor.py:186} INFO - Started process (PID=1169) to work on /home/airflow/.local/lib/python3.12/site-packages/airflow/example_dags/example_external_task_marker_dag.py
[2025-04-20T17:57:48.486+0000] {processor.py:914} INFO - Processing file /home/airflow/.local/lib/python3.12/site-packages/airflow/example_dags/example_external_task_marker_dag.py for tasks to queue
[2025-04-20T17:57:48.490+0000] {logging_mixin.py:190} INFO - [2025-04-20T17:57:48.489+0000] {dagbag.py:588} INFO - Filling up the DagBag from /home/airflow/.local/lib/python3.12/site-packages/airflow/example_dags/example_external_task_marker_dag.py
[2025-04-20T17:57:48.502+0000] {processor.py:925} INFO - DAG(s) 'example_external_task_marker_child', 'example_external_task_marker_parent' retrieved from /home/airflow/.local/lib/python3.12/site-packages/airflow/example_dags/example_external_task_marker_dag.py
[2025-04-20T17:57:48.533+0000] {logging_mixin.py:190} INFO - [2025-04-20T17:57:48.532+0000] {dag.py:3239} INFO - Sync 2 DAGs
[2025-04-20T17:57:48.550+0000] {logging_mixin.py:190} INFO - [2025-04-20T17:57:48.550+0000] {dag.py:4180} INFO - Setting next_dagrun for example_external_task_marker_child to None, run_after=None
[2025-04-20T17:57:48.555+0000] {logging_mixin.py:190} INFO - [2025-04-20T17:57:48.555+0000] {dag.py:4180} INFO - Setting next_dagrun for example_external_task_marker_parent to None, run_after=None
[2025-04-20T17:57:48.593+0000] {processor.py:208} INFO - Processing /home/airflow/.local/lib/python3.12/site-packages/airflow/example_dags/example_external_task_marker_dag.py took 0.119 seconds
[2025-04-20T17:58:19.584+0000] {processor.py:186} INFO - Started process (PID=1231) to work on /home/airflow/.local/lib/python3.12/site-packages/airflow/example_dags/example_external_task_marker_dag.py
[2025-04-20T17:58:19.586+0000] {processor.py:914} INFO - Processing file /home/airflow/.local/lib/python3.12/site-packages/airflow/example_dags/example_external_task_marker_dag.py for tasks to queue
[2025-04-20T17:58:19.590+0000] {logging_mixin.py:190} INFO - [2025-04-20T17:58:19.590+0000] {dagbag.py:588} INFO - Filling up the DagBag from /home/airflow/.local/lib/python3.12/site-packages/airflow/example_dags/example_external_task_marker_dag.py
[2025-04-20T17:58:19.605+0000] {processor.py:925} INFO - DAG(s) 'example_external_task_marker_child', 'example_external_task_marker_parent' retrieved from /home/airflow/.local/lib/python3.12/site-packages/airflow/example_dags/example_external_task_marker_dag.py
[2025-04-20T17:58:19.644+0000] {logging_mixin.py:190} INFO - [2025-04-20T17:58:19.643+0000] {dag.py:3239} INFO - Sync 2 DAGs
[2025-04-20T17:58:19.673+0000] {logging_mixin.py:190} INFO - [2025-04-20T17:58:19.673+0000] {dag.py:4180} INFO - Setting next_dagrun for example_external_task_marker_child to None, run_after=None
[2025-04-20T17:58:19.681+0000] {logging_mixin.py:190} INFO - [2025-04-20T17:58:19.680+0000] {dag.py:4180} INFO - Setting next_dagrun for example_external_task_marker_parent to None, run_after=None
[2025-04-20T17:58:19.707+0000] {processor.py:208} INFO - Processing /home/airflow/.local/lib/python3.12/site-packages/airflow/example_dags/example_external_task_marker_dag.py took 0.134 seconds
[2025-04-20T17:58:50.759+0000] {processor.py:186} INFO - Started process (PID=1294) to work on /home/airflow/.local/lib/python3.12/site-packages/airflow/example_dags/example_external_task_marker_dag.py
[2025-04-20T17:58:50.760+0000] {processor.py:914} INFO - Processing file /home/airflow/.local/lib/python3.12/site-packages/airflow/example_dags/example_external_task_marker_dag.py for tasks to queue
[2025-04-20T17:58:50.764+0000] {logging_mixin.py:190} INFO - [2025-04-20T17:58:50.764+0000] {dagbag.py:588} INFO - Filling up the DagBag from /home/airflow/.local/lib/python3.12/site-packages/airflow/example_dags/example_external_task_marker_dag.py
[2025-04-20T17:58:50.776+0000] {processor.py:925} INFO - DAG(s) 'example_external_task_marker_child', 'example_external_task_marker_parent' retrieved from /home/airflow/.local/lib/python3.12/site-packages/airflow/example_dags/example_external_task_marker_dag.py
[2025-04-20T17:58:50.821+0000] {logging_mixin.py:190} INFO - [2025-04-20T17:58:50.821+0000] {dag.py:3239} INFO - Sync 2 DAGs
[2025-04-20T17:58:50.845+0000] {logging_mixin.py:190} INFO - [2025-04-20T17:58:50.845+0000] {dag.py:4180} INFO - Setting next_dagrun for example_external_task_marker_child to None, run_after=None
[2025-04-20T17:58:50.851+0000] {logging_mixin.py:190} INFO - [2025-04-20T17:58:50.850+0000] {dag.py:4180} INFO - Setting next_dagrun for example_external_task_marker_parent to None, run_after=None
[2025-04-20T17:58:50.875+0000] {processor.py:208} INFO - Processing /home/airflow/.local/lib/python3.12/site-packages/airflow/example_dags/example_external_task_marker_dag.py took 0.125 seconds
[2025-04-20T18:04:53.114+0000] {processor.py:186} INFO - Started process (PID=96) to work on /home/airflow/.local/lib/python3.12/site-packages/airflow/example_dags/example_external_task_marker_dag.py
[2025-04-20T18:04:53.117+0000] {processor.py:914} INFO - Processing file /home/airflow/.local/lib/python3.12/site-packages/airflow/example_dags/example_external_task_marker_dag.py for tasks to queue
[2025-04-20T18:04:53.120+0000] {logging_mixin.py:190} INFO - [2025-04-20T18:04:53.120+0000] {dagbag.py:588} INFO - Filling up the DagBag from /home/airflow/.local/lib/python3.12/site-packages/airflow/example_dags/example_external_task_marker_dag.py
[2025-04-20T18:04:53.132+0000] {processor.py:925} INFO - DAG(s) 'example_external_task_marker_parent', 'example_external_task_marker_child' retrieved from /home/airflow/.local/lib/python3.12/site-packages/airflow/example_dags/example_external_task_marker_dag.py
[2025-04-20T18:04:53.287+0000] {logging_mixin.py:190} INFO - [2025-04-20T18:04:53.286+0000] {override.py:1912} INFO - Created Permission View: can read on DAG:example_external_task_marker_parent
[2025-04-20T18:04:53.300+0000] {logging_mixin.py:190} INFO - [2025-04-20T18:04:53.300+0000] {override.py:1912} INFO - Created Permission View: can edit on DAG:example_external_task_marker_parent
[2025-04-20T18:04:53.310+0000] {logging_mixin.py:190} INFO - [2025-04-20T18:04:53.309+0000] {override.py:1912} INFO - Created Permission View: can delete on DAG:example_external_task_marker_parent
[2025-04-20T18:04:53.321+0000] {logging_mixin.py:190} INFO - [2025-04-20T18:04:53.321+0000] {override.py:1912} INFO - Created Permission View: menu access on DAG Run:example_external_task_marker_parent
[2025-04-20T18:04:53.331+0000] {logging_mixin.py:190} INFO - [2025-04-20T18:04:53.331+0000] {override.py:1912} INFO - Created Permission View: can read on DAG Run:example_external_task_marker_parent
[2025-04-20T18:04:53.340+0000] {logging_mixin.py:190} INFO - [2025-04-20T18:04:53.339+0000] {override.py:1912} INFO - Created Permission View: can create on DAG Run:example_external_task_marker_parent
[2025-04-20T18:04:53.350+0000] {logging_mixin.py:190} INFO - [2025-04-20T18:04:53.349+0000] {override.py:1912} INFO - Created Permission View: can delete on DAG Run:example_external_task_marker_parent
[2025-04-20T18:04:53.369+0000] {logging_mixin.py:190} INFO - [2025-04-20T18:04:53.368+0000] {override.py:1912} INFO - Created Permission View: can read on DAG:example_external_task_marker_child
[2025-04-20T18:04:53.378+0000] {logging_mixin.py:190} INFO - [2025-04-20T18:04:53.377+0000] {override.py:1912} INFO - Created Permission View: can edit on DAG:example_external_task_marker_child
[2025-04-20T18:04:53.386+0000] {logging_mixin.py:190} INFO - [2025-04-20T18:04:53.386+0000] {override.py:1912} INFO - Created Permission View: can delete on DAG:example_external_task_marker_child
[2025-04-20T18:04:53.398+0000] {logging_mixin.py:190} INFO - [2025-04-20T18:04:53.397+0000] {override.py:1912} INFO - Created Permission View: menu access on DAG Run:example_external_task_marker_child
[2025-04-20T18:04:53.406+0000] {logging_mixin.py:190} INFO - [2025-04-20T18:04:53.406+0000] {override.py:1912} INFO - Created Permission View: can read on DAG Run:example_external_task_marker_child
[2025-04-20T18:04:53.415+0000] {logging_mixin.py:190} INFO - [2025-04-20T18:04:53.415+0000] {override.py:1912} INFO - Created Permission View: can create on DAG Run:example_external_task_marker_child
[2025-04-20T18:04:53.424+0000] {logging_mixin.py:190} INFO - [2025-04-20T18:04:53.424+0000] {override.py:1912} INFO - Created Permission View: can delete on DAG Run:example_external_task_marker_child
[2025-04-20T18:04:53.425+0000] {logging_mixin.py:190} INFO - [2025-04-20T18:04:53.425+0000] {dag.py:3239} INFO - Sync 2 DAGs
[2025-04-20T18:04:53.444+0000] {logging_mixin.py:190} INFO - [2025-04-20T18:04:53.444+0000] {dag.py:3262} INFO - Creating ORM DAG for example_external_task_marker_parent
[2025-04-20T18:04:53.445+0000] {logging_mixin.py:190} INFO - [2025-04-20T18:04:53.445+0000] {dag.py:3262} INFO - Creating ORM DAG for example_external_task_marker_child
[2025-04-20T18:04:53.446+0000] {logging_mixin.py:190} INFO - [2025-04-20T18:04:53.446+0000] {dag.py:4180} INFO - Setting next_dagrun for example_external_task_marker_child to None, run_after=None
[2025-04-20T18:04:53.447+0000] {logging_mixin.py:190} INFO - [2025-04-20T18:04:53.447+0000] {dag.py:4180} INFO - Setting next_dagrun for example_external_task_marker_parent to None, run_after=None
[2025-04-20T18:04:53.471+0000] {processor.py:208} INFO - Processing /home/airflow/.local/lib/python3.12/site-packages/airflow/example_dags/example_external_task_marker_dag.py took 0.370 seconds
[2025-04-20T18:05:23.581+0000] {processor.py:186} INFO - Started process (PID=158) to work on /home/airflow/.local/lib/python3.12/site-packages/airflow/example_dags/example_external_task_marker_dag.py
[2025-04-20T18:05:23.582+0000] {processor.py:914} INFO - Processing file /home/airflow/.local/lib/python3.12/site-packages/airflow/example_dags/example_external_task_marker_dag.py for tasks to queue
[2025-04-20T18:05:23.585+0000] {logging_mixin.py:190} INFO - [2025-04-20T18:05:23.584+0000] {dagbag.py:588} INFO - Filling up the DagBag from /home/airflow/.local/lib/python3.12/site-packages/airflow/example_dags/example_external_task_marker_dag.py
[2025-04-20T18:05:23.593+0000] {processor.py:925} INFO - DAG(s) 'example_external_task_marker_child', 'example_external_task_marker_parent' retrieved from /home/airflow/.local/lib/python3.12/site-packages/airflow/example_dags/example_external_task_marker_dag.py
[2025-04-20T18:05:23.619+0000] {logging_mixin.py:190} INFO - [2025-04-20T18:05:23.619+0000] {dag.py:3239} INFO - Sync 2 DAGs
[2025-04-20T18:05:23.639+0000] {logging_mixin.py:190} INFO - [2025-04-20T18:05:23.639+0000] {dag.py:4180} INFO - Setting next_dagrun for example_external_task_marker_child to None, run_after=None
[2025-04-20T18:05:23.644+0000] {logging_mixin.py:190} INFO - [2025-04-20T18:05:23.644+0000] {dag.py:4180} INFO - Setting next_dagrun for example_external_task_marker_parent to None, run_after=None
[2025-04-20T18:05:23.679+0000] {processor.py:208} INFO - Processing /home/airflow/.local/lib/python3.12/site-packages/airflow/example_dags/example_external_task_marker_dag.py took 0.106 seconds
[2025-04-20T18:05:55.870+0000] {processor.py:186} INFO - Started process (PID=222) to work on /home/airflow/.local/lib/python3.12/site-packages/airflow/example_dags/example_external_task_marker_dag.py
[2025-04-20T18:05:55.872+0000] {processor.py:914} INFO - Processing file /home/airflow/.local/lib/python3.12/site-packages/airflow/example_dags/example_external_task_marker_dag.py for tasks to queue
[2025-04-20T18:05:55.875+0000] {logging_mixin.py:190} INFO - [2025-04-20T18:05:55.874+0000] {dagbag.py:588} INFO - Filling up the DagBag from /home/airflow/.local/lib/python3.12/site-packages/airflow/example_dags/example_external_task_marker_dag.py
[2025-04-20T18:05:55.885+0000] {processor.py:925} INFO - DAG(s) 'example_external_task_marker_parent', 'example_external_task_marker_child' retrieved from /home/airflow/.local/lib/python3.12/site-packages/airflow/example_dags/example_external_task_marker_dag.py
[2025-04-20T18:05:55.914+0000] {logging_mixin.py:190} INFO - [2025-04-20T18:05:55.914+0000] {dag.py:3239} INFO - Sync 2 DAGs
[2025-04-20T18:05:55.936+0000] {logging_mixin.py:190} INFO - [2025-04-20T18:05:55.935+0000] {dag.py:4180} INFO - Setting next_dagrun for example_external_task_marker_child to None, run_after=None
[2025-04-20T18:05:55.943+0000] {logging_mixin.py:190} INFO - [2025-04-20T18:05:55.942+0000] {dag.py:4180} INFO - Setting next_dagrun for example_external_task_marker_parent to None, run_after=None
[2025-04-20T18:05:55.978+0000] {processor.py:208} INFO - Processing /home/airflow/.local/lib/python3.12/site-packages/airflow/example_dags/example_external_task_marker_dag.py took 0.115 seconds
[2025-04-20T18:06:26.711+0000] {processor.py:186} INFO - Started process (PID=284) to work on /home/airflow/.local/lib/python3.12/site-packages/airflow/example_dags/example_external_task_marker_dag.py
[2025-04-20T18:06:26.713+0000] {processor.py:914} INFO - Processing file /home/airflow/.local/lib/python3.12/site-packages/airflow/example_dags/example_external_task_marker_dag.py for tasks to queue
[2025-04-20T18:06:26.717+0000] {logging_mixin.py:190} INFO - [2025-04-20T18:06:26.716+0000] {dagbag.py:588} INFO - Filling up the DagBag from /home/airflow/.local/lib/python3.12/site-packages/airflow/example_dags/example_external_task_marker_dag.py
[2025-04-20T18:06:26.730+0000] {processor.py:925} INFO - DAG(s) 'example_external_task_marker_parent', 'example_external_task_marker_child' retrieved from /home/airflow/.local/lib/python3.12/site-packages/airflow/example_dags/example_external_task_marker_dag.py
[2025-04-20T18:06:26.758+0000] {logging_mixin.py:190} INFO - [2025-04-20T18:06:26.758+0000] {dag.py:3239} INFO - Sync 2 DAGs
[2025-04-20T18:06:26.783+0000] {logging_mixin.py:190} INFO - [2025-04-20T18:06:26.783+0000] {dag.py:4180} INFO - Setting next_dagrun for example_external_task_marker_child to None, run_after=None
[2025-04-20T18:06:26.792+0000] {logging_mixin.py:190} INFO - [2025-04-20T18:06:26.792+0000] {dag.py:4180} INFO - Setting next_dagrun for example_external_task_marker_parent to None, run_after=None
[2025-04-20T18:06:26.819+0000] {processor.py:208} INFO - Processing /home/airflow/.local/lib/python3.12/site-packages/airflow/example_dags/example_external_task_marker_dag.py took 0.119 seconds
[2025-04-20T18:06:58.782+0000] {processor.py:186} INFO - Started process (PID=348) to work on /home/airflow/.local/lib/python3.12/site-packages/airflow/example_dags/example_external_task_marker_dag.py
[2025-04-20T18:06:58.783+0000] {processor.py:914} INFO - Processing file /home/airflow/.local/lib/python3.12/site-packages/airflow/example_dags/example_external_task_marker_dag.py for tasks to queue
[2025-04-20T18:06:58.786+0000] {logging_mixin.py:190} INFO - [2025-04-20T18:06:58.786+0000] {dagbag.py:588} INFO - Filling up the DagBag from /home/airflow/.local/lib/python3.12/site-packages/airflow/example_dags/example_external_task_marker_dag.py
[2025-04-20T18:06:58.798+0000] {processor.py:925} INFO - DAG(s) 'example_external_task_marker_child', 'example_external_task_marker_parent' retrieved from /home/airflow/.local/lib/python3.12/site-packages/airflow/example_dags/example_external_task_marker_dag.py
[2025-04-20T18:06:58.826+0000] {logging_mixin.py:190} INFO - [2025-04-20T18:06:58.825+0000] {dag.py:3239} INFO - Sync 2 DAGs
[2025-04-20T18:06:58.846+0000] {logging_mixin.py:190} INFO - [2025-04-20T18:06:58.845+0000] {dag.py:4180} INFO - Setting next_dagrun for example_external_task_marker_child to None, run_after=None
[2025-04-20T18:06:58.851+0000] {logging_mixin.py:190} INFO - [2025-04-20T18:06:58.851+0000] {dag.py:4180} INFO - Setting next_dagrun for example_external_task_marker_parent to None, run_after=None
[2025-04-20T18:06:58.871+0000] {processor.py:208} INFO - Processing /home/airflow/.local/lib/python3.12/site-packages/airflow/example_dags/example_external_task_marker_dag.py took 0.097 seconds
[2025-04-20T18:07:30.287+0000] {processor.py:186} INFO - Started process (PID=411) to work on /home/airflow/.local/lib/python3.12/site-packages/airflow/example_dags/example_external_task_marker_dag.py
[2025-04-20T18:07:30.289+0000] {processor.py:914} INFO - Processing file /home/airflow/.local/lib/python3.12/site-packages/airflow/example_dags/example_external_task_marker_dag.py for tasks to queue
[2025-04-20T18:07:30.294+0000] {logging_mixin.py:190} INFO - [2025-04-20T18:07:30.293+0000] {dagbag.py:588} INFO - Filling up the DagBag from /home/airflow/.local/lib/python3.12/site-packages/airflow/example_dags/example_external_task_marker_dag.py
[2025-04-20T18:07:30.316+0000] {processor.py:925} INFO - DAG(s) 'example_external_task_marker_parent', 'example_external_task_marker_child' retrieved from /home/airflow/.local/lib/python3.12/site-packages/airflow/example_dags/example_external_task_marker_dag.py
[2025-04-20T18:07:30.366+0000] {logging_mixin.py:190} INFO - [2025-04-20T18:07:30.366+0000] {dag.py:3239} INFO - Sync 2 DAGs
[2025-04-20T18:07:30.404+0000] {logging_mixin.py:190} INFO - [2025-04-20T18:07:30.403+0000] {dag.py:4180} INFO - Setting next_dagrun for example_external_task_marker_child to None, run_after=None
[2025-04-20T18:07:30.412+0000] {logging_mixin.py:190} INFO - [2025-04-20T18:07:30.411+0000] {dag.py:4180} INFO - Setting next_dagrun for example_external_task_marker_parent to None, run_after=None
[2025-04-20T18:07:30.473+0000] {processor.py:208} INFO - Processing /home/airflow/.local/lib/python3.12/site-packages/airflow/example_dags/example_external_task_marker_dag.py took 0.200 seconds
[2025-04-20T18:08:01.957+0000] {processor.py:186} INFO - Started process (PID=474) to work on /home/airflow/.local/lib/python3.12/site-packages/airflow/example_dags/example_external_task_marker_dag.py
[2025-04-20T18:08:01.968+0000] {processor.py:914} INFO - Processing file /home/airflow/.local/lib/python3.12/site-packages/airflow/example_dags/example_external_task_marker_dag.py for tasks to queue
[2025-04-20T18:08:01.974+0000] {logging_mixin.py:190} INFO - [2025-04-20T18:08:01.972+0000] {dagbag.py:588} INFO - Filling up the DagBag from /home/airflow/.local/lib/python3.12/site-packages/airflow/example_dags/example_external_task_marker_dag.py
[2025-04-20T18:08:02.014+0000] {processor.py:925} INFO - DAG(s) 'example_external_task_marker_parent', 'example_external_task_marker_child' retrieved from /home/airflow/.local/lib/python3.12/site-packages/airflow/example_dags/example_external_task_marker_dag.py
[2025-04-20T18:08:02.073+0000] {logging_mixin.py:190} INFO - [2025-04-20T18:08:02.073+0000] {dag.py:3239} INFO - Sync 2 DAGs
[2025-04-20T18:08:02.126+0000] {logging_mixin.py:190} INFO - [2025-04-20T18:08:02.125+0000] {dag.py:4180} INFO - Setting next_dagrun for example_external_task_marker_child to None, run_after=None
[2025-04-20T18:08:02.137+0000] {logging_mixin.py:190} INFO - [2025-04-20T18:08:02.137+0000] {dag.py:4180} INFO - Setting next_dagrun for example_external_task_marker_parent to None, run_after=None
[2025-04-20T18:08:02.192+0000] {processor.py:208} INFO - Processing /home/airflow/.local/lib/python3.12/site-packages/airflow/example_dags/example_external_task_marker_dag.py took 0.253 seconds
[2025-04-20T18:08:33.548+0000] {processor.py:186} INFO - Started process (PID=537) to work on /home/airflow/.local/lib/python3.12/site-packages/airflow/example_dags/example_external_task_marker_dag.py
[2025-04-20T18:08:33.549+0000] {processor.py:914} INFO - Processing file /home/airflow/.local/lib/python3.12/site-packages/airflow/example_dags/example_external_task_marker_dag.py for tasks to queue
[2025-04-20T18:08:33.552+0000] {logging_mixin.py:190} INFO - [2025-04-20T18:08:33.552+0000] {dagbag.py:588} INFO - Filling up the DagBag from /home/airflow/.local/lib/python3.12/site-packages/airflow/example_dags/example_external_task_marker_dag.py
[2025-04-20T18:08:33.563+0000] {processor.py:925} INFO - DAG(s) 'example_external_task_marker_child', 'example_external_task_marker_parent' retrieved from /home/airflow/.local/lib/python3.12/site-packages/airflow/example_dags/example_external_task_marker_dag.py
[2025-04-20T18:08:33.596+0000] {logging_mixin.py:190} INFO - [2025-04-20T18:08:33.596+0000] {dag.py:3239} INFO - Sync 2 DAGs
[2025-04-20T18:08:33.620+0000] {logging_mixin.py:190} INFO - [2025-04-20T18:08:33.619+0000] {dag.py:4180} INFO - Setting next_dagrun for example_external_task_marker_child to None, run_after=None
[2025-04-20T18:08:33.625+0000] {logging_mixin.py:190} INFO - [2025-04-20T18:08:33.625+0000] {dag.py:4180} INFO - Setting next_dagrun for example_external_task_marker_parent to None, run_after=None
[2025-04-20T18:08:33.669+0000] {processor.py:208} INFO - Processing /home/airflow/.local/lib/python3.12/site-packages/airflow/example_dags/example_external_task_marker_dag.py took 0.131 seconds
[2025-04-20T18:09:04.820+0000] {processor.py:186} INFO - Started process (PID=599) to work on /home/airflow/.local/lib/python3.12/site-packages/airflow/example_dags/example_external_task_marker_dag.py
[2025-04-20T18:09:04.821+0000] {processor.py:914} INFO - Processing file /home/airflow/.local/lib/python3.12/site-packages/airflow/example_dags/example_external_task_marker_dag.py for tasks to queue
[2025-04-20T18:09:04.824+0000] {logging_mixin.py:190} INFO - [2025-04-20T18:09:04.824+0000] {dagbag.py:588} INFO - Filling up the DagBag from /home/airflow/.local/lib/python3.12/site-packages/airflow/example_dags/example_external_task_marker_dag.py
[2025-04-20T18:09:04.838+0000] {processor.py:925} INFO - DAG(s) 'example_external_task_marker_child', 'example_external_task_marker_parent' retrieved from /home/airflow/.local/lib/python3.12/site-packages/airflow/example_dags/example_external_task_marker_dag.py
[2025-04-20T18:09:04.872+0000] {logging_mixin.py:190} INFO - [2025-04-20T18:09:04.872+0000] {dag.py:3239} INFO - Sync 2 DAGs
[2025-04-20T18:09:04.894+0000] {logging_mixin.py:190} INFO - [2025-04-20T18:09:04.894+0000] {dag.py:4180} INFO - Setting next_dagrun for example_external_task_marker_child to None, run_after=None
[2025-04-20T18:09:04.901+0000] {logging_mixin.py:190} INFO - [2025-04-20T18:09:04.901+0000] {dag.py:4180} INFO - Setting next_dagrun for example_external_task_marker_parent to None, run_after=None
[2025-04-20T18:09:04.926+0000] {processor.py:208} INFO - Processing /home/airflow/.local/lib/python3.12/site-packages/airflow/example_dags/example_external_task_marker_dag.py took 0.114 seconds
