[2025-04-20T17:48:59.004+0000] {processor.py:186} INFO - Started process (PID=114) to work on /home/airflow/.local/lib/python3.12/site-packages/airflow/example_dags/example_xcom.py
[2025-04-20T17:48:59.005+0000] {processor.py:914} INFO - Processing file /home/airflow/.local/lib/python3.12/site-packages/airflow/example_dags/example_xcom.py for tasks to queue
[2025-04-20T17:48:59.010+0000] {logging_mixin.py:190} INFO - [2025-04-20T17:48:59.009+0000] {dagbag.py:588} INFO - Filling up the DagBag from /home/airflow/.local/lib/python3.12/site-packages/airflow/example_dags/example_xcom.py
[2025-04-20T17:48:59.028+0000] {processor.py:925} INFO - DAG(s) 'example_xcom' retrieved from /home/airflow/.local/lib/python3.12/site-packages/airflow/example_dags/example_xcom.py
[2025-04-20T17:48:59.224+0000] {logging_mixin.py:190} INFO - [2025-04-20T17:48:59.223+0000] {override.py:1912} INFO - Created Permission View: can read on DAG:example_xcom
[2025-04-20T17:48:59.240+0000] {logging_mixin.py:190} INFO - [2025-04-20T17:48:59.239+0000] {override.py:1912} INFO - Created Permission View: can edit on DAG:example_xcom
[2025-04-20T17:48:59.248+0000] {logging_mixin.py:190} INFO - [2025-04-20T17:48:59.248+0000] {override.py:1912} INFO - Created Permission View: can delete on DAG:example_xcom
[2025-04-20T17:48:59.260+0000] {logging_mixin.py:190} INFO - [2025-04-20T17:48:59.259+0000] {override.py:1912} INFO - Created Permission View: can read on DAG Run:example_xcom
[2025-04-20T17:48:59.269+0000] {logging_mixin.py:190} INFO - [2025-04-20T17:48:59.268+0000] {override.py:1912} INFO - Created Permission View: can create on DAG Run:example_xcom
[2025-04-20T17:48:59.280+0000] {logging_mixin.py:190} INFO - [2025-04-20T17:48:59.280+0000] {override.py:1912} INFO - Created Permission View: menu access on DAG Run:example_xcom
[2025-04-20T17:48:59.288+0000] {logging_mixin.py:190} INFO - [2025-04-20T17:48:59.288+0000] {override.py:1912} INFO - Created Permission View: can delete on DAG Run:example_xcom
[2025-04-20T17:48:59.289+0000] {logging_mixin.py:190} INFO - [2025-04-20T17:48:59.289+0000] {dag.py:3239} INFO - Sync 1 DAGs
[2025-04-20T17:48:59.306+0000] {logging_mixin.py:190} INFO - [2025-04-20T17:48:59.306+0000] {dag.py:3262} INFO - Creating ORM DAG for example_xcom
[2025-04-20T17:48:59.318+0000] {logging_mixin.py:190} INFO - [2025-04-20T17:48:59.318+0000] {dag.py:4180} INFO - Setting next_dagrun for example_xcom to 2021-01-01 00:00:00+00:00, run_after=2021-01-01 00:00:00+00:00
[2025-04-20T17:48:59.340+0000] {processor.py:208} INFO - Processing /home/airflow/.local/lib/python3.12/site-packages/airflow/example_dags/example_xcom.py took 0.347 seconds
[2025-04-20T17:49:30.199+0000] {processor.py:186} INFO - Started process (PID=177) to work on /home/airflow/.local/lib/python3.12/site-packages/airflow/example_dags/example_xcom.py
[2025-04-20T17:49:30.201+0000] {processor.py:914} INFO - Processing file /home/airflow/.local/lib/python3.12/site-packages/airflow/example_dags/example_xcom.py for tasks to queue
[2025-04-20T17:49:30.204+0000] {logging_mixin.py:190} INFO - [2025-04-20T17:49:30.204+0000] {dagbag.py:588} INFO - Filling up the DagBag from /home/airflow/.local/lib/python3.12/site-packages/airflow/example_dags/example_xcom.py
[2025-04-20T17:49:30.221+0000] {processor.py:925} INFO - DAG(s) 'example_xcom' retrieved from /home/airflow/.local/lib/python3.12/site-packages/airflow/example_dags/example_xcom.py
[2025-04-20T17:49:30.261+0000] {logging_mixin.py:190} INFO - [2025-04-20T17:49:30.261+0000] {dag.py:3239} INFO - Sync 1 DAGs
[2025-04-20T17:49:30.315+0000] {logging_mixin.py:190} INFO - [2025-04-20T17:49:30.315+0000] {dag.py:4180} INFO - Setting next_dagrun for example_xcom to 2021-01-01 00:00:00+00:00, run_after=2021-01-01 00:00:00+00:00
[2025-04-20T17:49:30.396+0000] {processor.py:208} INFO - Processing /home/airflow/.local/lib/python3.12/site-packages/airflow/example_dags/example_xcom.py took 0.208 seconds
[2025-04-20T17:50:01.117+0000] {processor.py:186} INFO - Started process (PID=240) to work on /home/airflow/.local/lib/python3.12/site-packages/airflow/example_dags/example_xcom.py
[2025-04-20T17:50:01.119+0000] {processor.py:914} INFO - Processing file /home/airflow/.local/lib/python3.12/site-packages/airflow/example_dags/example_xcom.py for tasks to queue
[2025-04-20T17:50:01.122+0000] {logging_mixin.py:190} INFO - [2025-04-20T17:50:01.122+0000] {dagbag.py:588} INFO - Filling up the DagBag from /home/airflow/.local/lib/python3.12/site-packages/airflow/example_dags/example_xcom.py
[2025-04-20T17:50:01.135+0000] {processor.py:925} INFO - DAG(s) 'example_xcom' retrieved from /home/airflow/.local/lib/python3.12/site-packages/airflow/example_dags/example_xcom.py
[2025-04-20T17:50:01.168+0000] {logging_mixin.py:190} INFO - [2025-04-20T17:50:01.167+0000] {dag.py:3239} INFO - Sync 1 DAGs
[2025-04-20T17:50:01.196+0000] {logging_mixin.py:190} INFO - [2025-04-20T17:50:01.196+0000] {dag.py:4180} INFO - Setting next_dagrun for example_xcom to 2021-01-01 00:00:00+00:00, run_after=2021-01-01 00:00:00+00:00
[2025-04-20T17:50:01.222+0000] {processor.py:208} INFO - Processing /home/airflow/.local/lib/python3.12/site-packages/airflow/example_dags/example_xcom.py took 0.112 seconds
[2025-04-20T17:50:32.301+0000] {processor.py:186} INFO - Started process (PID=303) to work on /home/airflow/.local/lib/python3.12/site-packages/airflow/example_dags/example_xcom.py
[2025-04-20T17:50:32.302+0000] {processor.py:914} INFO - Processing file /home/airflow/.local/lib/python3.12/site-packages/airflow/example_dags/example_xcom.py for tasks to queue
[2025-04-20T17:50:32.305+0000] {logging_mixin.py:190} INFO - [2025-04-20T17:50:32.305+0000] {dagbag.py:588} INFO - Filling up the DagBag from /home/airflow/.local/lib/python3.12/site-packages/airflow/example_dags/example_xcom.py
[2025-04-20T17:50:32.319+0000] {processor.py:925} INFO - DAG(s) 'example_xcom' retrieved from /home/airflow/.local/lib/python3.12/site-packages/airflow/example_dags/example_xcom.py
[2025-04-20T17:50:32.344+0000] {logging_mixin.py:190} INFO - [2025-04-20T17:50:32.343+0000] {dag.py:3239} INFO - Sync 1 DAGs
[2025-04-20T17:50:32.371+0000] {logging_mixin.py:190} INFO - [2025-04-20T17:50:32.371+0000] {dag.py:4180} INFO - Setting next_dagrun for example_xcom to 2021-01-01 00:00:00+00:00, run_after=2021-01-01 00:00:00+00:00
[2025-04-20T17:50:32.393+0000] {processor.py:208} INFO - Processing /home/airflow/.local/lib/python3.12/site-packages/airflow/example_dags/example_xcom.py took 0.099 seconds
[2025-04-20T17:51:03.702+0000] {processor.py:186} INFO - Started process (PID=366) to work on /home/airflow/.local/lib/python3.12/site-packages/airflow/example_dags/example_xcom.py
[2025-04-20T17:51:03.703+0000] {processor.py:914} INFO - Processing file /home/airflow/.local/lib/python3.12/site-packages/airflow/example_dags/example_xcom.py for tasks to queue
[2025-04-20T17:51:03.706+0000] {logging_mixin.py:190} INFO - [2025-04-20T17:51:03.706+0000] {dagbag.py:588} INFO - Filling up the DagBag from /home/airflow/.local/lib/python3.12/site-packages/airflow/example_dags/example_xcom.py
[2025-04-20T17:51:03.716+0000] {processor.py:925} INFO - DAG(s) 'example_xcom' retrieved from /home/airflow/.local/lib/python3.12/site-packages/airflow/example_dags/example_xcom.py
[2025-04-20T17:51:03.740+0000] {logging_mixin.py:190} INFO - [2025-04-20T17:51:03.740+0000] {dag.py:3239} INFO - Sync 1 DAGs
[2025-04-20T17:51:03.767+0000] {logging_mixin.py:190} INFO - [2025-04-20T17:51:03.767+0000] {dag.py:4180} INFO - Setting next_dagrun for example_xcom to 2021-01-01 00:00:00+00:00, run_after=2021-01-01 00:00:00+00:00
[2025-04-20T17:51:03.793+0000] {processor.py:208} INFO - Processing /home/airflow/.local/lib/python3.12/site-packages/airflow/example_dags/example_xcom.py took 0.096 seconds
[2025-04-20T17:51:35.780+0000] {processor.py:186} INFO - Started process (PID=435) to work on /home/airflow/.local/lib/python3.12/site-packages/airflow/example_dags/example_xcom.py
[2025-04-20T17:51:35.786+0000] {processor.py:914} INFO - Processing file /home/airflow/.local/lib/python3.12/site-packages/airflow/example_dags/example_xcom.py for tasks to queue
[2025-04-20T17:51:35.790+0000] {logging_mixin.py:190} INFO - [2025-04-20T17:51:35.789+0000] {dagbag.py:588} INFO - Filling up the DagBag from /home/airflow/.local/lib/python3.12/site-packages/airflow/example_dags/example_xcom.py
[2025-04-20T17:51:35.811+0000] {processor.py:925} INFO - DAG(s) 'example_xcom' retrieved from /home/airflow/.local/lib/python3.12/site-packages/airflow/example_dags/example_xcom.py
[2025-04-20T17:51:35.853+0000] {logging_mixin.py:190} INFO - [2025-04-20T17:51:35.852+0000] {dag.py:3239} INFO - Sync 1 DAGs
[2025-04-20T17:51:35.903+0000] {logging_mixin.py:190} INFO - [2025-04-20T17:51:35.903+0000] {dag.py:4180} INFO - Setting next_dagrun for example_xcom to 2021-01-01 00:00:00+00:00, run_after=2021-01-01 00:00:00+00:00
[2025-04-20T17:51:35.947+0000] {processor.py:208} INFO - Processing /home/airflow/.local/lib/python3.12/site-packages/airflow/example_dags/example_xcom.py took 0.179 seconds
[2025-04-20T17:52:06.607+0000] {processor.py:186} INFO - Started process (PID=497) to work on /home/airflow/.local/lib/python3.12/site-packages/airflow/example_dags/example_xcom.py
[2025-04-20T17:52:06.608+0000] {processor.py:914} INFO - Processing file /home/airflow/.local/lib/python3.12/site-packages/airflow/example_dags/example_xcom.py for tasks to queue
[2025-04-20T17:52:06.611+0000] {logging_mixin.py:190} INFO - [2025-04-20T17:52:06.610+0000] {dagbag.py:588} INFO - Filling up the DagBag from /home/airflow/.local/lib/python3.12/site-packages/airflow/example_dags/example_xcom.py
[2025-04-20T17:52:06.623+0000] {processor.py:925} INFO - DAG(s) 'example_xcom' retrieved from /home/airflow/.local/lib/python3.12/site-packages/airflow/example_dags/example_xcom.py
[2025-04-20T17:52:06.651+0000] {logging_mixin.py:190} INFO - [2025-04-20T17:52:06.650+0000] {dag.py:3239} INFO - Sync 1 DAGs
[2025-04-20T17:52:06.681+0000] {logging_mixin.py:190} INFO - [2025-04-20T17:52:06.680+0000] {dag.py:4180} INFO - Setting next_dagrun for example_xcom to 2021-01-01 00:00:00+00:00, run_after=2021-01-01 00:00:00+00:00
[2025-04-20T17:52:06.709+0000] {processor.py:208} INFO - Processing /home/airflow/.local/lib/python3.12/site-packages/airflow/example_dags/example_xcom.py took 0.110 seconds
[2025-04-20T17:52:37.840+0000] {processor.py:186} INFO - Started process (PID=560) to work on /home/airflow/.local/lib/python3.12/site-packages/airflow/example_dags/example_xcom.py
[2025-04-20T17:52:37.841+0000] {processor.py:914} INFO - Processing file /home/airflow/.local/lib/python3.12/site-packages/airflow/example_dags/example_xcom.py for tasks to queue
[2025-04-20T17:52:37.844+0000] {logging_mixin.py:190} INFO - [2025-04-20T17:52:37.843+0000] {dagbag.py:588} INFO - Filling up the DagBag from /home/airflow/.local/lib/python3.12/site-packages/airflow/example_dags/example_xcom.py
[2025-04-20T17:52:37.855+0000] {processor.py:925} INFO - DAG(s) 'example_xcom' retrieved from /home/airflow/.local/lib/python3.12/site-packages/airflow/example_dags/example_xcom.py
[2025-04-20T17:52:37.880+0000] {logging_mixin.py:190} INFO - [2025-04-20T17:52:37.880+0000] {dag.py:3239} INFO - Sync 1 DAGs
[2025-04-20T17:52:37.907+0000] {logging_mixin.py:190} INFO - [2025-04-20T17:52:37.906+0000] {dag.py:4180} INFO - Setting next_dagrun for example_xcom to 2021-01-01 00:00:00+00:00, run_after=2021-01-01 00:00:00+00:00
[2025-04-20T17:52:37.929+0000] {processor.py:208} INFO - Processing /home/airflow/.local/lib/python3.12/site-packages/airflow/example_dags/example_xcom.py took 0.098 seconds
[2025-04-20T17:53:09.032+0000] {processor.py:186} INFO - Started process (PID=623) to work on /home/airflow/.local/lib/python3.12/site-packages/airflow/example_dags/example_xcom.py
[2025-04-20T17:53:09.033+0000] {processor.py:914} INFO - Processing file /home/airflow/.local/lib/python3.12/site-packages/airflow/example_dags/example_xcom.py for tasks to queue
[2025-04-20T17:53:09.036+0000] {logging_mixin.py:190} INFO - [2025-04-20T17:53:09.036+0000] {dagbag.py:588} INFO - Filling up the DagBag from /home/airflow/.local/lib/python3.12/site-packages/airflow/example_dags/example_xcom.py
[2025-04-20T17:53:09.048+0000] {processor.py:925} INFO - DAG(s) 'example_xcom' retrieved from /home/airflow/.local/lib/python3.12/site-packages/airflow/example_dags/example_xcom.py
[2025-04-20T17:53:09.074+0000] {logging_mixin.py:190} INFO - [2025-04-20T17:53:09.074+0000] {dag.py:3239} INFO - Sync 1 DAGs
[2025-04-20T17:53:09.101+0000] {logging_mixin.py:190} INFO - [2025-04-20T17:53:09.101+0000] {dag.py:4180} INFO - Setting next_dagrun for example_xcom to 2021-01-01 00:00:00+00:00, run_after=2021-01-01 00:00:00+00:00
[2025-04-20T17:53:09.127+0000] {processor.py:208} INFO - Processing /home/airflow/.local/lib/python3.12/site-packages/airflow/example_dags/example_xcom.py took 0.103 seconds
[2025-04-20T17:53:40.760+0000] {processor.py:186} INFO - Started process (PID=686) to work on /home/airflow/.local/lib/python3.12/site-packages/airflow/example_dags/example_xcom.py
[2025-04-20T17:53:40.761+0000] {processor.py:914} INFO - Processing file /home/airflow/.local/lib/python3.12/site-packages/airflow/example_dags/example_xcom.py for tasks to queue
[2025-04-20T17:53:40.766+0000] {logging_mixin.py:190} INFO - [2025-04-20T17:53:40.765+0000] {dagbag.py:588} INFO - Filling up the DagBag from /home/airflow/.local/lib/python3.12/site-packages/airflow/example_dags/example_xcom.py
[2025-04-20T17:53:40.793+0000] {processor.py:925} INFO - DAG(s) 'example_xcom' retrieved from /home/airflow/.local/lib/python3.12/site-packages/airflow/example_dags/example_xcom.py
[2025-04-20T17:53:40.823+0000] {logging_mixin.py:190} INFO - [2025-04-20T17:53:40.823+0000] {dag.py:3239} INFO - Sync 1 DAGs
[2025-04-20T17:53:40.858+0000] {logging_mixin.py:190} INFO - [2025-04-20T17:53:40.858+0000] {dag.py:4180} INFO - Setting next_dagrun for example_xcom to 2021-01-01 00:00:00+00:00, run_after=2021-01-01 00:00:00+00:00
[2025-04-20T17:53:40.888+0000] {processor.py:208} INFO - Processing /home/airflow/.local/lib/python3.12/site-packages/airflow/example_dags/example_xcom.py took 0.143 seconds
[2025-04-20T17:54:12.014+0000] {processor.py:186} INFO - Started process (PID=749) to work on /home/airflow/.local/lib/python3.12/site-packages/airflow/example_dags/example_xcom.py
[2025-04-20T17:54:12.015+0000] {processor.py:914} INFO - Processing file /home/airflow/.local/lib/python3.12/site-packages/airflow/example_dags/example_xcom.py for tasks to queue
[2025-04-20T17:54:12.019+0000] {logging_mixin.py:190} INFO - [2025-04-20T17:54:12.018+0000] {dagbag.py:588} INFO - Filling up the DagBag from /home/airflow/.local/lib/python3.12/site-packages/airflow/example_dags/example_xcom.py
[2025-04-20T17:54:12.032+0000] {processor.py:925} INFO - DAG(s) 'example_xcom' retrieved from /home/airflow/.local/lib/python3.12/site-packages/airflow/example_dags/example_xcom.py
[2025-04-20T17:54:12.070+0000] {logging_mixin.py:190} INFO - [2025-04-20T17:54:12.070+0000] {dag.py:3239} INFO - Sync 1 DAGs
[2025-04-20T17:54:12.131+0000] {logging_mixin.py:190} INFO - [2025-04-20T17:54:12.130+0000] {dag.py:4180} INFO - Setting next_dagrun for example_xcom to 2021-01-01 00:00:00+00:00, run_after=2021-01-01 00:00:00+00:00
[2025-04-20T17:54:12.168+0000] {processor.py:208} INFO - Processing /home/airflow/.local/lib/python3.12/site-packages/airflow/example_dags/example_xcom.py took 0.162 seconds
[2025-04-20T17:54:43.240+0000] {processor.py:186} INFO - Started process (PID=812) to work on /home/airflow/.local/lib/python3.12/site-packages/airflow/example_dags/example_xcom.py
[2025-04-20T17:54:43.241+0000] {processor.py:914} INFO - Processing file /home/airflow/.local/lib/python3.12/site-packages/airflow/example_dags/example_xcom.py for tasks to queue
[2025-04-20T17:54:43.243+0000] {logging_mixin.py:190} INFO - [2025-04-20T17:54:43.243+0000] {dagbag.py:588} INFO - Filling up the DagBag from /home/airflow/.local/lib/python3.12/site-packages/airflow/example_dags/example_xcom.py
[2025-04-20T17:54:43.255+0000] {processor.py:925} INFO - DAG(s) 'example_xcom' retrieved from /home/airflow/.local/lib/python3.12/site-packages/airflow/example_dags/example_xcom.py
[2025-04-20T17:54:43.282+0000] {logging_mixin.py:190} INFO - [2025-04-20T17:54:43.282+0000] {dag.py:3239} INFO - Sync 1 DAGs
[2025-04-20T17:54:43.311+0000] {logging_mixin.py:190} INFO - [2025-04-20T17:54:43.311+0000] {dag.py:4180} INFO - Setting next_dagrun for example_xcom to 2021-01-01 00:00:00+00:00, run_after=2021-01-01 00:00:00+00:00
[2025-04-20T17:54:43.339+0000] {processor.py:208} INFO - Processing /home/airflow/.local/lib/python3.12/site-packages/airflow/example_dags/example_xcom.py took 0.107 seconds
[2025-04-20T17:55:15.132+0000] {processor.py:186} INFO - Started process (PID=875) to work on /home/airflow/.local/lib/python3.12/site-packages/airflow/example_dags/example_xcom.py
[2025-04-20T17:55:15.134+0000] {processor.py:914} INFO - Processing file /home/airflow/.local/lib/python3.12/site-packages/airflow/example_dags/example_xcom.py for tasks to queue
[2025-04-20T17:55:15.139+0000] {logging_mixin.py:190} INFO - [2025-04-20T17:55:15.138+0000] {dagbag.py:588} INFO - Filling up the DagBag from /home/airflow/.local/lib/python3.12/site-packages/airflow/example_dags/example_xcom.py
[2025-04-20T17:55:15.165+0000] {processor.py:925} INFO - DAG(s) 'example_xcom' retrieved from /home/airflow/.local/lib/python3.12/site-packages/airflow/example_dags/example_xcom.py
[2025-04-20T17:55:15.215+0000] {logging_mixin.py:190} INFO - [2025-04-20T17:55:15.214+0000] {dag.py:3239} INFO - Sync 1 DAGs
[2025-04-20T17:55:15.293+0000] {logging_mixin.py:190} INFO - [2025-04-20T17:55:15.292+0000] {dag.py:4180} INFO - Setting next_dagrun for example_xcom to 2021-01-01 00:00:00+00:00, run_after=2021-01-01 00:00:00+00:00
[2025-04-20T17:55:15.351+0000] {processor.py:208} INFO - Processing /home/airflow/.local/lib/python3.12/site-packages/airflow/example_dags/example_xcom.py took 0.234 seconds
[2025-04-20T17:55:47.241+0000] {processor.py:186} INFO - Started process (PID=938) to work on /home/airflow/.local/lib/python3.12/site-packages/airflow/example_dags/example_xcom.py
[2025-04-20T17:55:47.243+0000] {processor.py:914} INFO - Processing file /home/airflow/.local/lib/python3.12/site-packages/airflow/example_dags/example_xcom.py for tasks to queue
[2025-04-20T17:55:47.247+0000] {logging_mixin.py:190} INFO - [2025-04-20T17:55:47.246+0000] {dagbag.py:588} INFO - Filling up the DagBag from /home/airflow/.local/lib/python3.12/site-packages/airflow/example_dags/example_xcom.py
[2025-04-20T17:55:47.263+0000] {processor.py:925} INFO - DAG(s) 'example_xcom' retrieved from /home/airflow/.local/lib/python3.12/site-packages/airflow/example_dags/example_xcom.py
[2025-04-20T17:55:47.293+0000] {logging_mixin.py:190} INFO - [2025-04-20T17:55:47.293+0000] {dag.py:3239} INFO - Sync 1 DAGs
[2025-04-20T17:55:47.339+0000] {logging_mixin.py:190} INFO - [2025-04-20T17:55:47.339+0000] {dag.py:4180} INFO - Setting next_dagrun for example_xcom to 2021-01-01 00:00:00+00:00, run_after=2021-01-01 00:00:00+00:00
[2025-04-20T17:55:47.396+0000] {processor.py:208} INFO - Processing /home/airflow/.local/lib/python3.12/site-packages/airflow/example_dags/example_xcom.py took 0.166 seconds
[2025-04-20T17:56:18.301+0000] {processor.py:186} INFO - Started process (PID=1001) to work on /home/airflow/.local/lib/python3.12/site-packages/airflow/example_dags/example_xcom.py
[2025-04-20T17:56:18.303+0000] {processor.py:914} INFO - Processing file /home/airflow/.local/lib/python3.12/site-packages/airflow/example_dags/example_xcom.py for tasks to queue
[2025-04-20T17:56:18.307+0000] {logging_mixin.py:190} INFO - [2025-04-20T17:56:18.306+0000] {dagbag.py:588} INFO - Filling up the DagBag from /home/airflow/.local/lib/python3.12/site-packages/airflow/example_dags/example_xcom.py
[2025-04-20T17:56:18.320+0000] {processor.py:925} INFO - DAG(s) 'example_xcom' retrieved from /home/airflow/.local/lib/python3.12/site-packages/airflow/example_dags/example_xcom.py
[2025-04-20T17:56:18.347+0000] {logging_mixin.py:190} INFO - [2025-04-20T17:56:18.347+0000] {dag.py:3239} INFO - Sync 1 DAGs
[2025-04-20T17:56:18.381+0000] {logging_mixin.py:190} INFO - [2025-04-20T17:56:18.380+0000] {dag.py:4180} INFO - Setting next_dagrun for example_xcom to 2021-01-01 00:00:00+00:00, run_after=2021-01-01 00:00:00+00:00
[2025-04-20T17:56:18.402+0000] {processor.py:208} INFO - Processing /home/airflow/.local/lib/python3.12/site-packages/airflow/example_dags/example_xcom.py took 0.118 seconds
[2025-04-20T17:56:49.221+0000] {processor.py:186} INFO - Started process (PID=1064) to work on /home/airflow/.local/lib/python3.12/site-packages/airflow/example_dags/example_xcom.py
[2025-04-20T17:56:49.223+0000] {processor.py:914} INFO - Processing file /home/airflow/.local/lib/python3.12/site-packages/airflow/example_dags/example_xcom.py for tasks to queue
[2025-04-20T17:56:49.226+0000] {logging_mixin.py:190} INFO - [2025-04-20T17:56:49.225+0000] {dagbag.py:588} INFO - Filling up the DagBag from /home/airflow/.local/lib/python3.12/site-packages/airflow/example_dags/example_xcom.py
[2025-04-20T17:56:49.237+0000] {processor.py:925} INFO - DAG(s) 'example_xcom' retrieved from /home/airflow/.local/lib/python3.12/site-packages/airflow/example_dags/example_xcom.py
[2025-04-20T17:56:49.262+0000] {logging_mixin.py:190} INFO - [2025-04-20T17:56:49.262+0000] {dag.py:3239} INFO - Sync 1 DAGs
[2025-04-20T17:56:49.293+0000] {logging_mixin.py:190} INFO - [2025-04-20T17:56:49.293+0000] {dag.py:4180} INFO - Setting next_dagrun for example_xcom to 2021-01-01 00:00:00+00:00, run_after=2021-01-01 00:00:00+00:00
[2025-04-20T17:56:49.324+0000] {processor.py:208} INFO - Processing /home/airflow/.local/lib/python3.12/site-packages/airflow/example_dags/example_xcom.py took 0.110 seconds
[2025-04-20T17:57:20.753+0000] {processor.py:186} INFO - Started process (PID=1127) to work on /home/airflow/.local/lib/python3.12/site-packages/airflow/example_dags/example_xcom.py
[2025-04-20T17:57:20.755+0000] {processor.py:914} INFO - Processing file /home/airflow/.local/lib/python3.12/site-packages/airflow/example_dags/example_xcom.py for tasks to queue
[2025-04-20T17:57:20.758+0000] {logging_mixin.py:190} INFO - [2025-04-20T17:57:20.758+0000] {dagbag.py:588} INFO - Filling up the DagBag from /home/airflow/.local/lib/python3.12/site-packages/airflow/example_dags/example_xcom.py
[2025-04-20T17:57:20.776+0000] {processor.py:925} INFO - DAG(s) 'example_xcom' retrieved from /home/airflow/.local/lib/python3.12/site-packages/airflow/example_dags/example_xcom.py
[2025-04-20T17:57:20.808+0000] {logging_mixin.py:190} INFO - [2025-04-20T17:57:20.807+0000] {dag.py:3239} INFO - Sync 1 DAGs
[2025-04-20T17:57:20.847+0000] {logging_mixin.py:190} INFO - [2025-04-20T17:57:20.846+0000] {dag.py:4180} INFO - Setting next_dagrun for example_xcom to 2021-01-01 00:00:00+00:00, run_after=2021-01-01 00:00:00+00:00
[2025-04-20T17:57:20.878+0000] {processor.py:208} INFO - Processing /home/airflow/.local/lib/python3.12/site-packages/airflow/example_dags/example_xcom.py took 0.134 seconds
[2025-04-20T17:57:51.680+0000] {processor.py:186} INFO - Started process (PID=1190) to work on /home/airflow/.local/lib/python3.12/site-packages/airflow/example_dags/example_xcom.py
[2025-04-20T17:57:51.681+0000] {processor.py:914} INFO - Processing file /home/airflow/.local/lib/python3.12/site-packages/airflow/example_dags/example_xcom.py for tasks to queue
[2025-04-20T17:57:51.684+0000] {logging_mixin.py:190} INFO - [2025-04-20T17:57:51.684+0000] {dagbag.py:588} INFO - Filling up the DagBag from /home/airflow/.local/lib/python3.12/site-packages/airflow/example_dags/example_xcom.py
[2025-04-20T17:57:51.696+0000] {processor.py:925} INFO - DAG(s) 'example_xcom' retrieved from /home/airflow/.local/lib/python3.12/site-packages/airflow/example_dags/example_xcom.py
[2025-04-20T17:57:51.723+0000] {logging_mixin.py:190} INFO - [2025-04-20T17:57:51.722+0000] {dag.py:3239} INFO - Sync 1 DAGs
[2025-04-20T17:57:51.752+0000] {logging_mixin.py:190} INFO - [2025-04-20T17:57:51.751+0000] {dag.py:4180} INFO - Setting next_dagrun for example_xcom to 2021-01-01 00:00:00+00:00, run_after=2021-01-01 00:00:00+00:00
[2025-04-20T17:57:51.780+0000] {processor.py:208} INFO - Processing /home/airflow/.local/lib/python3.12/site-packages/airflow/example_dags/example_xcom.py took 0.107 seconds
[2025-04-20T17:58:22.606+0000] {processor.py:186} INFO - Started process (PID=1253) to work on /home/airflow/.local/lib/python3.12/site-packages/airflow/example_dags/example_xcom.py
[2025-04-20T17:58:22.607+0000] {processor.py:914} INFO - Processing file /home/airflow/.local/lib/python3.12/site-packages/airflow/example_dags/example_xcom.py for tasks to queue
[2025-04-20T17:58:22.610+0000] {logging_mixin.py:190} INFO - [2025-04-20T17:58:22.610+0000] {dagbag.py:588} INFO - Filling up the DagBag from /home/airflow/.local/lib/python3.12/site-packages/airflow/example_dags/example_xcom.py
[2025-04-20T17:58:22.622+0000] {processor.py:925} INFO - DAG(s) 'example_xcom' retrieved from /home/airflow/.local/lib/python3.12/site-packages/airflow/example_dags/example_xcom.py
[2025-04-20T17:58:22.648+0000] {logging_mixin.py:190} INFO - [2025-04-20T17:58:22.648+0000] {dag.py:3239} INFO - Sync 1 DAGs
[2025-04-20T17:58:22.679+0000] {logging_mixin.py:190} INFO - [2025-04-20T17:58:22.678+0000] {dag.py:4180} INFO - Setting next_dagrun for example_xcom to 2021-01-01 00:00:00+00:00, run_after=2021-01-01 00:00:00+00:00
[2025-04-20T17:58:22.702+0000] {processor.py:208} INFO - Processing /home/airflow/.local/lib/python3.12/site-packages/airflow/example_dags/example_xcom.py took 0.104 seconds
[2025-04-20T17:58:53.363+0000] {processor.py:186} INFO - Started process (PID=1315) to work on /home/airflow/.local/lib/python3.12/site-packages/airflow/example_dags/example_xcom.py
[2025-04-20T17:58:53.364+0000] {processor.py:914} INFO - Processing file /home/airflow/.local/lib/python3.12/site-packages/airflow/example_dags/example_xcom.py for tasks to queue
[2025-04-20T17:58:53.368+0000] {logging_mixin.py:190} INFO - [2025-04-20T17:58:53.367+0000] {dagbag.py:588} INFO - Filling up the DagBag from /home/airflow/.local/lib/python3.12/site-packages/airflow/example_dags/example_xcom.py
[2025-04-20T17:58:53.380+0000] {processor.py:925} INFO - DAG(s) 'example_xcom' retrieved from /home/airflow/.local/lib/python3.12/site-packages/airflow/example_dags/example_xcom.py
[2025-04-20T17:58:53.408+0000] {logging_mixin.py:190} INFO - [2025-04-20T17:58:53.408+0000] {dag.py:3239} INFO - Sync 1 DAGs
[2025-04-20T17:58:53.438+0000] {logging_mixin.py:190} INFO - [2025-04-20T17:58:53.438+0000] {dag.py:4180} INFO - Setting next_dagrun for example_xcom to 2021-01-01 00:00:00+00:00, run_after=2021-01-01 00:00:00+00:00
[2025-04-20T17:58:53.465+0000] {processor.py:208} INFO - Processing /home/airflow/.local/lib/python3.12/site-packages/airflow/example_dags/example_xcom.py took 0.110 seconds
[2025-04-20T18:04:58.775+0000] {processor.py:186} INFO - Started process (PID=117) to work on /home/airflow/.local/lib/python3.12/site-packages/airflow/example_dags/example_xcom.py
[2025-04-20T18:04:58.780+0000] {processor.py:914} INFO - Processing file /home/airflow/.local/lib/python3.12/site-packages/airflow/example_dags/example_xcom.py for tasks to queue
[2025-04-20T18:04:58.783+0000] {logging_mixin.py:190} INFO - [2025-04-20T18:04:58.783+0000] {dagbag.py:588} INFO - Filling up the DagBag from /home/airflow/.local/lib/python3.12/site-packages/airflow/example_dags/example_xcom.py
[2025-04-20T18:04:58.798+0000] {processor.py:925} INFO - DAG(s) 'example_xcom' retrieved from /home/airflow/.local/lib/python3.12/site-packages/airflow/example_dags/example_xcom.py
[2025-04-20T18:04:58.949+0000] {logging_mixin.py:190} INFO - [2025-04-20T18:04:58.948+0000] {override.py:1912} INFO - Created Permission View: can read on DAG:example_xcom
[2025-04-20T18:04:58.962+0000] {logging_mixin.py:190} INFO - [2025-04-20T18:04:58.961+0000] {override.py:1912} INFO - Created Permission View: can edit on DAG:example_xcom
[2025-04-20T18:04:58.971+0000] {logging_mixin.py:190} INFO - [2025-04-20T18:04:58.971+0000] {override.py:1912} INFO - Created Permission View: can delete on DAG:example_xcom
[2025-04-20T18:04:58.982+0000] {logging_mixin.py:190} INFO - [2025-04-20T18:04:58.981+0000] {override.py:1912} INFO - Created Permission View: menu access on DAG Run:example_xcom
[2025-04-20T18:04:58.991+0000] {logging_mixin.py:190} INFO - [2025-04-20T18:04:58.991+0000] {override.py:1912} INFO - Created Permission View: can read on DAG Run:example_xcom
[2025-04-20T18:04:59.000+0000] {logging_mixin.py:190} INFO - [2025-04-20T18:04:59.000+0000] {override.py:1912} INFO - Created Permission View: can create on DAG Run:example_xcom
[2025-04-20T18:04:59.011+0000] {logging_mixin.py:190} INFO - [2025-04-20T18:04:59.011+0000] {override.py:1912} INFO - Created Permission View: can delete on DAG Run:example_xcom
[2025-04-20T18:04:59.012+0000] {logging_mixin.py:190} INFO - [2025-04-20T18:04:59.012+0000] {dag.py:3239} INFO - Sync 1 DAGs
[2025-04-20T18:04:59.028+0000] {logging_mixin.py:190} INFO - [2025-04-20T18:04:59.028+0000] {dag.py:3262} INFO - Creating ORM DAG for example_xcom
[2025-04-20T18:04:59.043+0000] {logging_mixin.py:190} INFO - [2025-04-20T18:04:59.043+0000] {dag.py:4180} INFO - Setting next_dagrun for example_xcom to 2021-01-01 00:00:00+00:00, run_after=2021-01-01 00:00:00+00:00
[2025-04-20T18:04:59.068+0000] {processor.py:208} INFO - Processing /home/airflow/.local/lib/python3.12/site-packages/airflow/example_dags/example_xcom.py took 0.300 seconds
[2025-04-20T18:05:30.550+0000] {processor.py:186} INFO - Started process (PID=180) to work on /home/airflow/.local/lib/python3.12/site-packages/airflow/example_dags/example_xcom.py
[2025-04-20T18:05:30.552+0000] {processor.py:914} INFO - Processing file /home/airflow/.local/lib/python3.12/site-packages/airflow/example_dags/example_xcom.py for tasks to queue
[2025-04-20T18:05:30.563+0000] {logging_mixin.py:190} INFO - [2025-04-20T18:05:30.562+0000] {dagbag.py:588} INFO - Filling up the DagBag from /home/airflow/.local/lib/python3.12/site-packages/airflow/example_dags/example_xcom.py
[2025-04-20T18:05:30.584+0000] {processor.py:925} INFO - DAG(s) 'example_xcom' retrieved from /home/airflow/.local/lib/python3.12/site-packages/airflow/example_dags/example_xcom.py
[2025-04-20T18:05:30.611+0000] {logging_mixin.py:190} INFO - [2025-04-20T18:05:30.611+0000] {dag.py:3239} INFO - Sync 1 DAGs
[2025-04-20T18:05:30.652+0000] {logging_mixin.py:190} INFO - [2025-04-20T18:05:30.652+0000] {dag.py:4180} INFO - Setting next_dagrun for example_xcom to 2021-01-01 00:00:00+00:00, run_after=2021-01-01 00:00:00+00:00
[2025-04-20T18:05:30.703+0000] {processor.py:208} INFO - Processing /home/airflow/.local/lib/python3.12/site-packages/airflow/example_dags/example_xcom.py took 0.160 seconds
[2025-04-20T18:06:02.045+0000] {processor.py:186} INFO - Started process (PID=243) to work on /home/airflow/.local/lib/python3.12/site-packages/airflow/example_dags/example_xcom.py
[2025-04-20T18:06:02.047+0000] {processor.py:914} INFO - Processing file /home/airflow/.local/lib/python3.12/site-packages/airflow/example_dags/example_xcom.py for tasks to queue
[2025-04-20T18:06:02.049+0000] {logging_mixin.py:190} INFO - [2025-04-20T18:06:02.049+0000] {dagbag.py:588} INFO - Filling up the DagBag from /home/airflow/.local/lib/python3.12/site-packages/airflow/example_dags/example_xcom.py
[2025-04-20T18:06:02.062+0000] {processor.py:925} INFO - DAG(s) 'example_xcom' retrieved from /home/airflow/.local/lib/python3.12/site-packages/airflow/example_dags/example_xcom.py
[2025-04-20T18:06:02.089+0000] {logging_mixin.py:190} INFO - [2025-04-20T18:06:02.089+0000] {dag.py:3239} INFO - Sync 1 DAGs
[2025-04-20T18:06:02.116+0000] {logging_mixin.py:190} INFO - [2025-04-20T18:06:02.115+0000] {dag.py:4180} INFO - Setting next_dagrun for example_xcom to 2021-01-01 00:00:00+00:00, run_after=2021-01-01 00:00:00+00:00
[2025-04-20T18:06:02.147+0000] {processor.py:208} INFO - Processing /home/airflow/.local/lib/python3.12/site-packages/airflow/example_dags/example_xcom.py took 0.109 seconds
[2025-04-20T18:06:33.526+0000] {processor.py:186} INFO - Started process (PID=306) to work on /home/airflow/.local/lib/python3.12/site-packages/airflow/example_dags/example_xcom.py
[2025-04-20T18:06:33.527+0000] {processor.py:914} INFO - Processing file /home/airflow/.local/lib/python3.12/site-packages/airflow/example_dags/example_xcom.py for tasks to queue
[2025-04-20T18:06:33.531+0000] {logging_mixin.py:190} INFO - [2025-04-20T18:06:33.530+0000] {dagbag.py:588} INFO - Filling up the DagBag from /home/airflow/.local/lib/python3.12/site-packages/airflow/example_dags/example_xcom.py
[2025-04-20T18:06:33.542+0000] {processor.py:925} INFO - DAG(s) 'example_xcom' retrieved from /home/airflow/.local/lib/python3.12/site-packages/airflow/example_dags/example_xcom.py
[2025-04-20T18:06:33.567+0000] {logging_mixin.py:190} INFO - [2025-04-20T18:06:33.567+0000] {dag.py:3239} INFO - Sync 1 DAGs
[2025-04-20T18:06:33.594+0000] {logging_mixin.py:190} INFO - [2025-04-20T18:06:33.594+0000] {dag.py:4180} INFO - Setting next_dagrun for example_xcom to 2021-01-01 00:00:00+00:00, run_after=2021-01-01 00:00:00+00:00
[2025-04-20T18:06:33.618+0000] {processor.py:208} INFO - Processing /home/airflow/.local/lib/python3.12/site-packages/airflow/example_dags/example_xcom.py took 0.100 seconds
[2025-04-20T18:07:04.968+0000] {processor.py:186} INFO - Started process (PID=369) to work on /home/airflow/.local/lib/python3.12/site-packages/airflow/example_dags/example_xcom.py
[2025-04-20T18:07:04.970+0000] {processor.py:914} INFO - Processing file /home/airflow/.local/lib/python3.12/site-packages/airflow/example_dags/example_xcom.py for tasks to queue
[2025-04-20T18:07:04.973+0000] {logging_mixin.py:190} INFO - [2025-04-20T18:07:04.973+0000] {dagbag.py:588} INFO - Filling up the DagBag from /home/airflow/.local/lib/python3.12/site-packages/airflow/example_dags/example_xcom.py
[2025-04-20T18:07:04.984+0000] {processor.py:925} INFO - DAG(s) 'example_xcom' retrieved from /home/airflow/.local/lib/python3.12/site-packages/airflow/example_dags/example_xcom.py
[2025-04-20T18:07:05.011+0000] {logging_mixin.py:190} INFO - [2025-04-20T18:07:05.011+0000] {dag.py:3239} INFO - Sync 1 DAGs
[2025-04-20T18:07:05.039+0000] {logging_mixin.py:190} INFO - [2025-04-20T18:07:05.039+0000] {dag.py:4180} INFO - Setting next_dagrun for example_xcom to 2021-01-01 00:00:00+00:00, run_after=2021-01-01 00:00:00+00:00
[2025-04-20T18:07:05.065+0000] {processor.py:208} INFO - Processing /home/airflow/.local/lib/python3.12/site-packages/airflow/example_dags/example_xcom.py took 0.104 seconds
[2025-04-20T18:07:36.484+0000] {processor.py:186} INFO - Started process (PID=438) to work on /home/airflow/.local/lib/python3.12/site-packages/airflow/example_dags/example_xcom.py
[2025-04-20T18:07:36.486+0000] {processor.py:914} INFO - Processing file /home/airflow/.local/lib/python3.12/site-packages/airflow/example_dags/example_xcom.py for tasks to queue
[2025-04-20T18:07:36.490+0000] {logging_mixin.py:190} INFO - [2025-04-20T18:07:36.489+0000] {dagbag.py:588} INFO - Filling up the DagBag from /home/airflow/.local/lib/python3.12/site-packages/airflow/example_dags/example_xcom.py
[2025-04-20T18:07:36.504+0000] {processor.py:925} INFO - DAG(s) 'example_xcom' retrieved from /home/airflow/.local/lib/python3.12/site-packages/airflow/example_dags/example_xcom.py
[2025-04-20T18:07:36.532+0000] {logging_mixin.py:190} INFO - [2025-04-20T18:07:36.532+0000] {dag.py:3239} INFO - Sync 1 DAGs
[2025-04-20T18:07:36.563+0000] {logging_mixin.py:190} INFO - [2025-04-20T18:07:36.563+0000] {dag.py:4180} INFO - Setting next_dagrun for example_xcom to 2021-01-01 00:00:00+00:00, run_after=2021-01-01 00:00:00+00:00
[2025-04-20T18:07:36.586+0000] {processor.py:208} INFO - Processing /home/airflow/.local/lib/python3.12/site-packages/airflow/example_dags/example_xcom.py took 0.112 seconds
[2025-04-20T18:08:08.087+0000] {processor.py:186} INFO - Started process (PID=501) to work on /home/airflow/.local/lib/python3.12/site-packages/airflow/example_dags/example_xcom.py
[2025-04-20T18:08:08.088+0000] {processor.py:914} INFO - Processing file /home/airflow/.local/lib/python3.12/site-packages/airflow/example_dags/example_xcom.py for tasks to queue
[2025-04-20T18:08:08.091+0000] {logging_mixin.py:190} INFO - [2025-04-20T18:08:08.091+0000] {dagbag.py:588} INFO - Filling up the DagBag from /home/airflow/.local/lib/python3.12/site-packages/airflow/example_dags/example_xcom.py
[2025-04-20T18:08:08.103+0000] {processor.py:925} INFO - DAG(s) 'example_xcom' retrieved from /home/airflow/.local/lib/python3.12/site-packages/airflow/example_dags/example_xcom.py
[2025-04-20T18:08:08.129+0000] {logging_mixin.py:190} INFO - [2025-04-20T18:08:08.128+0000] {dag.py:3239} INFO - Sync 1 DAGs
[2025-04-20T18:08:08.158+0000] {logging_mixin.py:190} INFO - [2025-04-20T18:08:08.158+0000] {dag.py:4180} INFO - Setting next_dagrun for example_xcom to 2021-01-01 00:00:00+00:00, run_after=2021-01-01 00:00:00+00:00
[2025-04-20T18:08:08.195+0000] {processor.py:208} INFO - Processing /home/airflow/.local/lib/python3.12/site-packages/airflow/example_dags/example_xcom.py took 0.118 seconds
[2025-04-20T18:08:39.380+0000] {processor.py:186} INFO - Started process (PID=564) to work on /home/airflow/.local/lib/python3.12/site-packages/airflow/example_dags/example_xcom.py
[2025-04-20T18:08:39.384+0000] {processor.py:914} INFO - Processing file /home/airflow/.local/lib/python3.12/site-packages/airflow/example_dags/example_xcom.py for tasks to queue
[2025-04-20T18:08:39.390+0000] {logging_mixin.py:190} INFO - [2025-04-20T18:08:39.389+0000] {dagbag.py:588} INFO - Filling up the DagBag from /home/airflow/.local/lib/python3.12/site-packages/airflow/example_dags/example_xcom.py
[2025-04-20T18:08:39.410+0000] {processor.py:925} INFO - DAG(s) 'example_xcom' retrieved from /home/airflow/.local/lib/python3.12/site-packages/airflow/example_dags/example_xcom.py
[2025-04-20T18:08:39.444+0000] {logging_mixin.py:190} INFO - [2025-04-20T18:08:39.443+0000] {dag.py:3239} INFO - Sync 1 DAGs
[2025-04-20T18:08:39.481+0000] {logging_mixin.py:190} INFO - [2025-04-20T18:08:39.479+0000] {dag.py:4180} INFO - Setting next_dagrun for example_xcom to 2021-01-01 00:00:00+00:00, run_after=2021-01-01 00:00:00+00:00
[2025-04-20T18:08:39.512+0000] {processor.py:208} INFO - Processing /home/airflow/.local/lib/python3.12/site-packages/airflow/example_dags/example_xcom.py took 0.142 seconds
[2025-04-20T18:09:11.028+0000] {processor.py:186} INFO - Started process (PID=627) to work on /home/airflow/.local/lib/python3.12/site-packages/airflow/example_dags/example_xcom.py
[2025-04-20T18:09:11.029+0000] {processor.py:914} INFO - Processing file /home/airflow/.local/lib/python3.12/site-packages/airflow/example_dags/example_xcom.py for tasks to queue
[2025-04-20T18:09:11.032+0000] {logging_mixin.py:190} INFO - [2025-04-20T18:09:11.032+0000] {dagbag.py:588} INFO - Filling up the DagBag from /home/airflow/.local/lib/python3.12/site-packages/airflow/example_dags/example_xcom.py
[2025-04-20T18:09:11.046+0000] {processor.py:925} INFO - DAG(s) 'example_xcom' retrieved from /home/airflow/.local/lib/python3.12/site-packages/airflow/example_dags/example_xcom.py
[2025-04-20T18:09:11.073+0000] {logging_mixin.py:190} INFO - [2025-04-20T18:09:11.073+0000] {dag.py:3239} INFO - Sync 1 DAGs
[2025-04-20T18:09:11.107+0000] {logging_mixin.py:190} INFO - [2025-04-20T18:09:11.107+0000] {dag.py:4180} INFO - Setting next_dagrun for example_xcom to 2021-01-01 00:00:00+00:00, run_after=2021-01-01 00:00:00+00:00
[2025-04-20T18:09:11.134+0000] {processor.py:208} INFO - Processing /home/airflow/.local/lib/python3.12/site-packages/airflow/example_dags/example_xcom.py took 0.116 seconds
[2025-04-20T18:09:42.588+0000] {processor.py:186} INFO - Started process (PID=690) to work on /home/airflow/.local/lib/python3.12/site-packages/airflow/example_dags/example_xcom.py
[2025-04-20T18:09:42.590+0000] {processor.py:914} INFO - Processing file /home/airflow/.local/lib/python3.12/site-packages/airflow/example_dags/example_xcom.py for tasks to queue
[2025-04-20T18:09:42.596+0000] {logging_mixin.py:190} INFO - [2025-04-20T18:09:42.595+0000] {dagbag.py:588} INFO - Filling up the DagBag from /home/airflow/.local/lib/python3.12/site-packages/airflow/example_dags/example_xcom.py
[2025-04-20T18:09:42.620+0000] {processor.py:925} INFO - DAG(s) 'example_xcom' retrieved from /home/airflow/.local/lib/python3.12/site-packages/airflow/example_dags/example_xcom.py
[2025-04-20T18:09:42.685+0000] {logging_mixin.py:190} INFO - [2025-04-20T18:09:42.685+0000] {dag.py:3239} INFO - Sync 1 DAGs
[2025-04-20T18:09:42.745+0000] {logging_mixin.py:190} INFO - [2025-04-20T18:09:42.744+0000] {dag.py:4180} INFO - Setting next_dagrun for example_xcom to 2021-01-01 00:00:00+00:00, run_after=2021-01-01 00:00:00+00:00
[2025-04-20T18:09:42.790+0000] {processor.py:208} INFO - Processing /home/airflow/.local/lib/python3.12/site-packages/airflow/example_dags/example_xcom.py took 0.216 seconds
