[2025-04-20T17:48:54.614+0000] {processor.py:186} INFO - Started process (PID=101) to work on /home/airflow/.local/lib/python3.12/site-packages/airflow/example_dags/example_sla_dag.py
[2025-04-20T17:48:54.616+0000] {processor.py:914} INFO - Processing file /home/airflow/.local/lib/python3.12/site-packages/airflow/example_dags/example_sla_dag.py for tasks to queue
[2025-04-20T17:48:54.619+0000] {logging_mixin.py:190} INFO - [2025-04-20T17:48:54.618+0000] {dagbag.py:588} INFO - Filling up the DagBag from /home/airflow/.local/lib/python3.12/site-packages/airflow/example_dags/example_sla_dag.py
[2025-04-20T17:48:54.634+0000] {processor.py:925} INFO - DAG(s) 'example_sla_dag' retrieved from /home/airflow/.local/lib/python3.12/site-packages/airflow/example_dags/example_sla_dag.py
[2025-04-20T17:48:54.778+0000] {logging_mixin.py:190} INFO - [2025-04-20T17:48:54.776+0000] {override.py:1912} INFO - Created Permission View: can read on DAG:example_sla_dag
[2025-04-20T17:48:54.794+0000] {logging_mixin.py:190} INFO - [2025-04-20T17:48:54.794+0000] {override.py:1912} INFO - Created Permission View: can edit on DAG:example_sla_dag
[2025-04-20T17:48:54.804+0000] {logging_mixin.py:190} INFO - [2025-04-20T17:48:54.803+0000] {override.py:1912} INFO - Created Permission View: can delete on DAG:example_sla_dag
[2025-04-20T17:48:54.818+0000] {logging_mixin.py:190} INFO - [2025-04-20T17:48:54.818+0000] {override.py:1912} INFO - Created Permission View: can read on DAG Run:example_sla_dag
[2025-04-20T17:48:54.832+0000] {logging_mixin.py:190} INFO - [2025-04-20T17:48:54.831+0000] {override.py:1912} INFO - Created Permission View: can create on DAG Run:example_sla_dag
[2025-04-20T17:48:54.844+0000] {logging_mixin.py:190} INFO - [2025-04-20T17:48:54.843+0000] {override.py:1912} INFO - Created Permission View: menu access on DAG Run:example_sla_dag
[2025-04-20T17:48:54.858+0000] {logging_mixin.py:190} INFO - [2025-04-20T17:48:54.858+0000] {override.py:1912} INFO - Created Permission View: can delete on DAG Run:example_sla_dag
[2025-04-20T17:48:54.859+0000] {logging_mixin.py:190} INFO - [2025-04-20T17:48:54.859+0000] {dag.py:3239} INFO - Sync 1 DAGs
[2025-04-20T17:48:54.886+0000] {logging_mixin.py:190} INFO - [2025-04-20T17:48:54.886+0000] {dag.py:3262} INFO - Creating ORM DAG for example_sla_dag
[2025-04-20T17:48:54.909+0000] {logging_mixin.py:190} INFO - [2025-04-20T17:48:54.908+0000] {dag.py:4180} INFO - Setting next_dagrun for example_sla_dag to 2025-04-20 17:46:00+00:00, run_after=2025-04-20 17:48:00+00:00
[2025-04-20T17:48:54.938+0000] {processor.py:208} INFO - Processing /home/airflow/.local/lib/python3.12/site-packages/airflow/example_dags/example_sla_dag.py took 0.333 seconds
[2025-04-20T17:49:25.545+0000] {processor.py:186} INFO - Started process (PID=164) to work on /home/airflow/.local/lib/python3.12/site-packages/airflow/example_dags/example_sla_dag.py
[2025-04-20T17:49:25.547+0000] {processor.py:914} INFO - Processing file /home/airflow/.local/lib/python3.12/site-packages/airflow/example_dags/example_sla_dag.py for tasks to queue
[2025-04-20T17:49:25.552+0000] {logging_mixin.py:190} INFO - [2025-04-20T17:49:25.552+0000] {dagbag.py:588} INFO - Filling up the DagBag from /home/airflow/.local/lib/python3.12/site-packages/airflow/example_dags/example_sla_dag.py
[2025-04-20T17:49:25.574+0000] {processor.py:925} INFO - DAG(s) 'example_sla_dag' retrieved from /home/airflow/.local/lib/python3.12/site-packages/airflow/example_dags/example_sla_dag.py
[2025-04-20T17:49:25.606+0000] {logging_mixin.py:190} INFO - [2025-04-20T17:49:25.606+0000] {dag.py:3239} INFO - Sync 1 DAGs
[2025-04-20T17:49:25.651+0000] {logging_mixin.py:190} INFO - [2025-04-20T17:49:25.651+0000] {dag.py:4180} INFO - Setting next_dagrun for example_sla_dag to 2025-04-20 17:46:00+00:00, run_after=2025-04-20 17:48:00+00:00
[2025-04-20T17:49:25.699+0000] {processor.py:208} INFO - Processing /home/airflow/.local/lib/python3.12/site-packages/airflow/example_dags/example_sla_dag.py took 0.164 seconds
[2025-04-20T17:49:55.753+0000] {processor.py:186} INFO - Started process (PID=226) to work on /home/airflow/.local/lib/python3.12/site-packages/airflow/example_dags/example_sla_dag.py
[2025-04-20T17:49:55.755+0000] {processor.py:914} INFO - Processing file /home/airflow/.local/lib/python3.12/site-packages/airflow/example_dags/example_sla_dag.py for tasks to queue
[2025-04-20T17:49:55.760+0000] {logging_mixin.py:190} INFO - [2025-04-20T17:49:55.760+0000] {dagbag.py:588} INFO - Filling up the DagBag from /home/airflow/.local/lib/python3.12/site-packages/airflow/example_dags/example_sla_dag.py
[2025-04-20T17:49:55.779+0000] {processor.py:925} INFO - DAG(s) 'example_sla_dag' retrieved from /home/airflow/.local/lib/python3.12/site-packages/airflow/example_dags/example_sla_dag.py
[2025-04-20T17:49:55.850+0000] {logging_mixin.py:190} INFO - [2025-04-20T17:49:55.849+0000] {dag.py:3239} INFO - Sync 1 DAGs
[2025-04-20T17:49:55.905+0000] {logging_mixin.py:190} INFO - [2025-04-20T17:49:55.905+0000] {dag.py:4180} INFO - Setting next_dagrun for example_sla_dag to 2025-04-20 17:46:00+00:00, run_after=2025-04-20 17:48:00+00:00
[2025-04-20T17:49:55.941+0000] {processor.py:208} INFO - Processing /home/airflow/.local/lib/python3.12/site-packages/airflow/example_dags/example_sla_dag.py took 0.199 seconds
[2025-04-20T17:50:26.893+0000] {processor.py:186} INFO - Started process (PID=289) to work on /home/airflow/.local/lib/python3.12/site-packages/airflow/example_dags/example_sla_dag.py
[2025-04-20T17:50:26.894+0000] {processor.py:914} INFO - Processing file /home/airflow/.local/lib/python3.12/site-packages/airflow/example_dags/example_sla_dag.py for tasks to queue
[2025-04-20T17:50:26.898+0000] {logging_mixin.py:190} INFO - [2025-04-20T17:50:26.897+0000] {dagbag.py:588} INFO - Filling up the DagBag from /home/airflow/.local/lib/python3.12/site-packages/airflow/example_dags/example_sla_dag.py
[2025-04-20T17:50:26.911+0000] {processor.py:925} INFO - DAG(s) 'example_sla_dag' retrieved from /home/airflow/.local/lib/python3.12/site-packages/airflow/example_dags/example_sla_dag.py
[2025-04-20T17:50:26.934+0000] {logging_mixin.py:190} INFO - [2025-04-20T17:50:26.934+0000] {dag.py:3239} INFO - Sync 1 DAGs
[2025-04-20T17:50:26.965+0000] {logging_mixin.py:190} INFO - [2025-04-20T17:50:26.965+0000] {dag.py:4180} INFO - Setting next_dagrun for example_sla_dag to 2025-04-20 17:48:00+00:00, run_after=2025-04-20 17:50:00+00:00
[2025-04-20T17:50:26.989+0000] {processor.py:208} INFO - Processing /home/airflow/.local/lib/python3.12/site-packages/airflow/example_dags/example_sla_dag.py took 0.102 seconds
[2025-04-20T17:50:58.661+0000] {processor.py:186} INFO - Started process (PID=352) to work on /home/airflow/.local/lib/python3.12/site-packages/airflow/example_dags/example_sla_dag.py
[2025-04-20T17:50:58.662+0000] {processor.py:914} INFO - Processing file /home/airflow/.local/lib/python3.12/site-packages/airflow/example_dags/example_sla_dag.py for tasks to queue
[2025-04-20T17:50:58.666+0000] {logging_mixin.py:190} INFO - [2025-04-20T17:50:58.666+0000] {dagbag.py:588} INFO - Filling up the DagBag from /home/airflow/.local/lib/python3.12/site-packages/airflow/example_dags/example_sla_dag.py
[2025-04-20T17:50:58.679+0000] {processor.py:925} INFO - DAG(s) 'example_sla_dag' retrieved from /home/airflow/.local/lib/python3.12/site-packages/airflow/example_dags/example_sla_dag.py
[2025-04-20T17:50:58.703+0000] {logging_mixin.py:190} INFO - [2025-04-20T17:50:58.703+0000] {dag.py:3239} INFO - Sync 1 DAGs
[2025-04-20T17:50:58.742+0000] {logging_mixin.py:190} INFO - [2025-04-20T17:50:58.741+0000] {dag.py:4180} INFO - Setting next_dagrun for example_sla_dag to 2025-04-20 17:48:00+00:00, run_after=2025-04-20 17:50:00+00:00
[2025-04-20T17:50:58.769+0000] {processor.py:208} INFO - Processing /home/airflow/.local/lib/python3.12/site-packages/airflow/example_dags/example_sla_dag.py took 0.116 seconds
[2025-04-20T17:51:30.637+0000] {processor.py:186} INFO - Started process (PID=415) to work on /home/airflow/.local/lib/python3.12/site-packages/airflow/example_dags/example_sla_dag.py
[2025-04-20T17:51:30.638+0000] {processor.py:914} INFO - Processing file /home/airflow/.local/lib/python3.12/site-packages/airflow/example_dags/example_sla_dag.py for tasks to queue
[2025-04-20T17:51:30.642+0000] {logging_mixin.py:190} INFO - [2025-04-20T17:51:30.641+0000] {dagbag.py:588} INFO - Filling up the DagBag from /home/airflow/.local/lib/python3.12/site-packages/airflow/example_dags/example_sla_dag.py
[2025-04-20T17:51:30.657+0000] {processor.py:925} INFO - DAG(s) 'example_sla_dag' retrieved from /home/airflow/.local/lib/python3.12/site-packages/airflow/example_dags/example_sla_dag.py
[2025-04-20T17:51:30.682+0000] {logging_mixin.py:190} INFO - [2025-04-20T17:51:30.681+0000] {dag.py:3239} INFO - Sync 1 DAGs
[2025-04-20T17:51:30.716+0000] {logging_mixin.py:190} INFO - [2025-04-20T17:51:30.716+0000] {dag.py:4180} INFO - Setting next_dagrun for example_sla_dag to 2025-04-20 17:48:00+00:00, run_after=2025-04-20 17:50:00+00:00
[2025-04-20T17:51:30.741+0000] {processor.py:208} INFO - Processing /home/airflow/.local/lib/python3.12/site-packages/airflow/example_dags/example_sla_dag.py took 0.112 seconds
[2025-04-20T17:52:02.207+0000] {processor.py:186} INFO - Started process (PID=478) to work on /home/airflow/.local/lib/python3.12/site-packages/airflow/example_dags/example_sla_dag.py
[2025-04-20T17:52:02.208+0000] {processor.py:914} INFO - Processing file /home/airflow/.local/lib/python3.12/site-packages/airflow/example_dags/example_sla_dag.py for tasks to queue
[2025-04-20T17:52:02.212+0000] {logging_mixin.py:190} INFO - [2025-04-20T17:52:02.211+0000] {dagbag.py:588} INFO - Filling up the DagBag from /home/airflow/.local/lib/python3.12/site-packages/airflow/example_dags/example_sla_dag.py
[2025-04-20T17:52:02.226+0000] {processor.py:925} INFO - DAG(s) 'example_sla_dag' retrieved from /home/airflow/.local/lib/python3.12/site-packages/airflow/example_dags/example_sla_dag.py
[2025-04-20T17:52:02.255+0000] {logging_mixin.py:190} INFO - [2025-04-20T17:52:02.254+0000] {dag.py:3239} INFO - Sync 1 DAGs
[2025-04-20T17:52:02.293+0000] {logging_mixin.py:190} INFO - [2025-04-20T17:52:02.293+0000] {dag.py:4180} INFO - Setting next_dagrun for example_sla_dag to 2025-04-20 17:50:00+00:00, run_after=2025-04-20 17:52:00+00:00
[2025-04-20T17:52:02.322+0000] {processor.py:208} INFO - Processing /home/airflow/.local/lib/python3.12/site-packages/airflow/example_dags/example_sla_dag.py took 0.125 seconds
[2025-04-20T17:52:33.841+0000] {processor.py:186} INFO - Started process (PID=540) to work on /home/airflow/.local/lib/python3.12/site-packages/airflow/example_dags/example_sla_dag.py
[2025-04-20T17:52:33.842+0000] {processor.py:914} INFO - Processing file /home/airflow/.local/lib/python3.12/site-packages/airflow/example_dags/example_sla_dag.py for tasks to queue
[2025-04-20T17:52:33.846+0000] {logging_mixin.py:190} INFO - [2025-04-20T17:52:33.845+0000] {dagbag.py:588} INFO - Filling up the DagBag from /home/airflow/.local/lib/python3.12/site-packages/airflow/example_dags/example_sla_dag.py
[2025-04-20T17:52:33.860+0000] {processor.py:925} INFO - DAG(s) 'example_sla_dag' retrieved from /home/airflow/.local/lib/python3.12/site-packages/airflow/example_dags/example_sla_dag.py
[2025-04-20T17:52:33.886+0000] {logging_mixin.py:190} INFO - [2025-04-20T17:52:33.885+0000] {dag.py:3239} INFO - Sync 1 DAGs
[2025-04-20T17:52:33.918+0000] {logging_mixin.py:190} INFO - [2025-04-20T17:52:33.918+0000] {dag.py:4180} INFO - Setting next_dagrun for example_sla_dag to 2025-04-20 17:50:00+00:00, run_after=2025-04-20 17:52:00+00:00
[2025-04-20T17:52:33.956+0000] {processor.py:208} INFO - Processing /home/airflow/.local/lib/python3.12/site-packages/airflow/example_dags/example_sla_dag.py took 0.126 seconds
[2025-04-20T17:53:06.111+0000] {processor.py:186} INFO - Started process (PID=609) to work on /home/airflow/.local/lib/python3.12/site-packages/airflow/example_dags/example_sla_dag.py
[2025-04-20T17:53:06.113+0000] {processor.py:914} INFO - Processing file /home/airflow/.local/lib/python3.12/site-packages/airflow/example_dags/example_sla_dag.py for tasks to queue
[2025-04-20T17:53:06.119+0000] {logging_mixin.py:190} INFO - [2025-04-20T17:53:06.118+0000] {dagbag.py:588} INFO - Filling up the DagBag from /home/airflow/.local/lib/python3.12/site-packages/airflow/example_dags/example_sla_dag.py
[2025-04-20T17:53:06.139+0000] {processor.py:925} INFO - DAG(s) 'example_sla_dag' retrieved from /home/airflow/.local/lib/python3.12/site-packages/airflow/example_dags/example_sla_dag.py
[2025-04-20T17:53:06.181+0000] {logging_mixin.py:190} INFO - [2025-04-20T17:53:06.181+0000] {dag.py:3239} INFO - Sync 1 DAGs
[2025-04-20T17:53:06.242+0000] {logging_mixin.py:190} INFO - [2025-04-20T17:53:06.241+0000] {dag.py:4180} INFO - Setting next_dagrun for example_sla_dag to 2025-04-20 17:50:00+00:00, run_after=2025-04-20 17:52:00+00:00
[2025-04-20T17:53:06.284+0000] {processor.py:208} INFO - Processing /home/airflow/.local/lib/python3.12/site-packages/airflow/example_dags/example_sla_dag.py took 0.189 seconds
[2025-04-20T17:53:37.903+0000] {processor.py:186} INFO - Started process (PID=672) to work on /home/airflow/.local/lib/python3.12/site-packages/airflow/example_dags/example_sla_dag.py
[2025-04-20T17:53:37.904+0000] {processor.py:914} INFO - Processing file /home/airflow/.local/lib/python3.12/site-packages/airflow/example_dags/example_sla_dag.py for tasks to queue
[2025-04-20T17:53:37.908+0000] {logging_mixin.py:190} INFO - [2025-04-20T17:53:37.908+0000] {dagbag.py:588} INFO - Filling up the DagBag from /home/airflow/.local/lib/python3.12/site-packages/airflow/example_dags/example_sla_dag.py
[2025-04-20T17:53:37.924+0000] {processor.py:925} INFO - DAG(s) 'example_sla_dag' retrieved from /home/airflow/.local/lib/python3.12/site-packages/airflow/example_dags/example_sla_dag.py
[2025-04-20T17:53:37.951+0000] {logging_mixin.py:190} INFO - [2025-04-20T17:53:37.951+0000] {dag.py:3239} INFO - Sync 1 DAGs
[2025-04-20T17:53:38.030+0000] {logging_mixin.py:190} INFO - [2025-04-20T17:53:38.029+0000] {dag.py:4180} INFO - Setting next_dagrun for example_sla_dag to 2025-04-20 17:50:00+00:00, run_after=2025-04-20 17:52:00+00:00
[2025-04-20T17:53:38.073+0000] {processor.py:208} INFO - Processing /home/airflow/.local/lib/python3.12/site-packages/airflow/example_dags/example_sla_dag.py took 0.180 seconds
[2025-04-20T17:54:09.419+0000] {processor.py:186} INFO - Started process (PID=735) to work on /home/airflow/.local/lib/python3.12/site-packages/airflow/example_dags/example_sla_dag.py
[2025-04-20T17:54:09.420+0000] {processor.py:914} INFO - Processing file /home/airflow/.local/lib/python3.12/site-packages/airflow/example_dags/example_sla_dag.py for tasks to queue
[2025-04-20T17:54:09.424+0000] {logging_mixin.py:190} INFO - [2025-04-20T17:54:09.423+0000] {dagbag.py:588} INFO - Filling up the DagBag from /home/airflow/.local/lib/python3.12/site-packages/airflow/example_dags/example_sla_dag.py
[2025-04-20T17:54:09.438+0000] {processor.py:925} INFO - DAG(s) 'example_sla_dag' retrieved from /home/airflow/.local/lib/python3.12/site-packages/airflow/example_dags/example_sla_dag.py
[2025-04-20T17:54:09.462+0000] {logging_mixin.py:190} INFO - [2025-04-20T17:54:09.462+0000] {dag.py:3239} INFO - Sync 1 DAGs
[2025-04-20T17:54:09.501+0000] {logging_mixin.py:190} INFO - [2025-04-20T17:54:09.500+0000] {dag.py:4180} INFO - Setting next_dagrun for example_sla_dag to 2025-04-20 17:52:00+00:00, run_after=2025-04-20 17:54:00+00:00
[2025-04-20T17:54:09.530+0000] {processor.py:208} INFO - Processing /home/airflow/.local/lib/python3.12/site-packages/airflow/example_dags/example_sla_dag.py took 0.120 seconds
[2025-04-20T17:54:40.575+0000] {processor.py:186} INFO - Started process (PID=798) to work on /home/airflow/.local/lib/python3.12/site-packages/airflow/example_dags/example_sla_dag.py
[2025-04-20T17:54:40.577+0000] {processor.py:914} INFO - Processing file /home/airflow/.local/lib/python3.12/site-packages/airflow/example_dags/example_sla_dag.py for tasks to queue
[2025-04-20T17:54:40.580+0000] {logging_mixin.py:190} INFO - [2025-04-20T17:54:40.580+0000] {dagbag.py:588} INFO - Filling up the DagBag from /home/airflow/.local/lib/python3.12/site-packages/airflow/example_dags/example_sla_dag.py
[2025-04-20T17:54:40.594+0000] {processor.py:925} INFO - DAG(s) 'example_sla_dag' retrieved from /home/airflow/.local/lib/python3.12/site-packages/airflow/example_dags/example_sla_dag.py
[2025-04-20T17:54:40.622+0000] {logging_mixin.py:190} INFO - [2025-04-20T17:54:40.622+0000] {dag.py:3239} INFO - Sync 1 DAGs
[2025-04-20T17:54:40.658+0000] {logging_mixin.py:190} INFO - [2025-04-20T17:54:40.658+0000] {dag.py:4180} INFO - Setting next_dagrun for example_sla_dag to 2025-04-20 17:52:00+00:00, run_after=2025-04-20 17:54:00+00:00
[2025-04-20T17:54:40.687+0000] {processor.py:208} INFO - Processing /home/airflow/.local/lib/python3.12/site-packages/airflow/example_dags/example_sla_dag.py took 0.123 seconds
[2025-04-20T17:55:11.834+0000] {processor.py:186} INFO - Started process (PID=861) to work on /home/airflow/.local/lib/python3.12/site-packages/airflow/example_dags/example_sla_dag.py
[2025-04-20T17:55:11.835+0000] {processor.py:914} INFO - Processing file /home/airflow/.local/lib/python3.12/site-packages/airflow/example_dags/example_sla_dag.py for tasks to queue
[2025-04-20T17:55:11.839+0000] {logging_mixin.py:190} INFO - [2025-04-20T17:55:11.839+0000] {dagbag.py:588} INFO - Filling up the DagBag from /home/airflow/.local/lib/python3.12/site-packages/airflow/example_dags/example_sla_dag.py
[2025-04-20T17:55:11.853+0000] {processor.py:925} INFO - DAG(s) 'example_sla_dag' retrieved from /home/airflow/.local/lib/python3.12/site-packages/airflow/example_dags/example_sla_dag.py
[2025-04-20T17:55:11.880+0000] {logging_mixin.py:190} INFO - [2025-04-20T17:55:11.879+0000] {dag.py:3239} INFO - Sync 1 DAGs
[2025-04-20T17:55:11.918+0000] {logging_mixin.py:190} INFO - [2025-04-20T17:55:11.918+0000] {dag.py:4180} INFO - Setting next_dagrun for example_sla_dag to 2025-04-20 17:52:00+00:00, run_after=2025-04-20 17:54:00+00:00
[2025-04-20T17:55:11.943+0000] {processor.py:208} INFO - Processing /home/airflow/.local/lib/python3.12/site-packages/airflow/example_dags/example_sla_dag.py took 0.117 seconds
[2025-04-20T17:55:43.726+0000] {processor.py:186} INFO - Started process (PID=924) to work on /home/airflow/.local/lib/python3.12/site-packages/airflow/example_dags/example_sla_dag.py
[2025-04-20T17:55:43.728+0000] {processor.py:914} INFO - Processing file /home/airflow/.local/lib/python3.12/site-packages/airflow/example_dags/example_sla_dag.py for tasks to queue
[2025-04-20T17:55:43.734+0000] {logging_mixin.py:190} INFO - [2025-04-20T17:55:43.734+0000] {dagbag.py:588} INFO - Filling up the DagBag from /home/airflow/.local/lib/python3.12/site-packages/airflow/example_dags/example_sla_dag.py
[2025-04-20T17:55:43.751+0000] {processor.py:925} INFO - DAG(s) 'example_sla_dag' retrieved from /home/airflow/.local/lib/python3.12/site-packages/airflow/example_dags/example_sla_dag.py
[2025-04-20T17:55:43.786+0000] {logging_mixin.py:190} INFO - [2025-04-20T17:55:43.786+0000] {dag.py:3239} INFO - Sync 1 DAGs
[2025-04-20T17:55:43.832+0000] {logging_mixin.py:190} INFO - [2025-04-20T17:55:43.832+0000] {dag.py:4180} INFO - Setting next_dagrun for example_sla_dag to 2025-04-20 17:52:00+00:00, run_after=2025-04-20 17:54:00+00:00
[2025-04-20T17:55:43.865+0000] {processor.py:208} INFO - Processing /home/airflow/.local/lib/python3.12/site-packages/airflow/example_dags/example_sla_dag.py took 0.151 seconds
[2025-04-20T17:56:14.912+0000] {processor.py:186} INFO - Started process (PID=987) to work on /home/airflow/.local/lib/python3.12/site-packages/airflow/example_dags/example_sla_dag.py
[2025-04-20T17:56:14.914+0000] {processor.py:914} INFO - Processing file /home/airflow/.local/lib/python3.12/site-packages/airflow/example_dags/example_sla_dag.py for tasks to queue
[2025-04-20T17:56:14.919+0000] {logging_mixin.py:190} INFO - [2025-04-20T17:56:14.918+0000] {dagbag.py:588} INFO - Filling up the DagBag from /home/airflow/.local/lib/python3.12/site-packages/airflow/example_dags/example_sla_dag.py
[2025-04-20T17:56:14.932+0000] {processor.py:925} INFO - DAG(s) 'example_sla_dag' retrieved from /home/airflow/.local/lib/python3.12/site-packages/airflow/example_dags/example_sla_dag.py
[2025-04-20T17:56:14.961+0000] {logging_mixin.py:190} INFO - [2025-04-20T17:56:14.961+0000] {dag.py:3239} INFO - Sync 1 DAGs
[2025-04-20T17:56:14.997+0000] {logging_mixin.py:190} INFO - [2025-04-20T17:56:14.997+0000] {dag.py:4180} INFO - Setting next_dagrun for example_sla_dag to 2025-04-20 17:54:00+00:00, run_after=2025-04-20 17:56:00+00:00
[2025-04-20T17:56:15.022+0000] {processor.py:208} INFO - Processing /home/airflow/.local/lib/python3.12/site-packages/airflow/example_dags/example_sla_dag.py took 0.119 seconds
[2025-04-20T17:56:46.805+0000] {processor.py:186} INFO - Started process (PID=1050) to work on /home/airflow/.local/lib/python3.12/site-packages/airflow/example_dags/example_sla_dag.py
[2025-04-20T17:56:46.807+0000] {processor.py:914} INFO - Processing file /home/airflow/.local/lib/python3.12/site-packages/airflow/example_dags/example_sla_dag.py for tasks to queue
[2025-04-20T17:56:46.811+0000] {logging_mixin.py:190} INFO - [2025-04-20T17:56:46.810+0000] {dagbag.py:588} INFO - Filling up the DagBag from /home/airflow/.local/lib/python3.12/site-packages/airflow/example_dags/example_sla_dag.py
[2025-04-20T17:56:46.832+0000] {processor.py:925} INFO - DAG(s) 'example_sla_dag' retrieved from /home/airflow/.local/lib/python3.12/site-packages/airflow/example_dags/example_sla_dag.py
[2025-04-20T17:56:46.863+0000] {logging_mixin.py:190} INFO - [2025-04-20T17:56:46.863+0000] {dag.py:3239} INFO - Sync 1 DAGs
[2025-04-20T17:56:46.905+0000] {logging_mixin.py:190} INFO - [2025-04-20T17:56:46.905+0000] {dag.py:4180} INFO - Setting next_dagrun for example_sla_dag to 2025-04-20 17:54:00+00:00, run_after=2025-04-20 17:56:00+00:00
[2025-04-20T17:56:46.931+0000] {processor.py:208} INFO - Processing /home/airflow/.local/lib/python3.12/site-packages/airflow/example_dags/example_sla_dag.py took 0.136 seconds
[2025-04-20T17:57:17.907+0000] {processor.py:186} INFO - Started process (PID=1113) to work on /home/airflow/.local/lib/python3.12/site-packages/airflow/example_dags/example_sla_dag.py
[2025-04-20T17:57:17.908+0000] {processor.py:914} INFO - Processing file /home/airflow/.local/lib/python3.12/site-packages/airflow/example_dags/example_sla_dag.py for tasks to queue
[2025-04-20T17:57:17.913+0000] {logging_mixin.py:190} INFO - [2025-04-20T17:57:17.912+0000] {dagbag.py:588} INFO - Filling up the DagBag from /home/airflow/.local/lib/python3.12/site-packages/airflow/example_dags/example_sla_dag.py
[2025-04-20T17:57:17.927+0000] {processor.py:925} INFO - DAG(s) 'example_sla_dag' retrieved from /home/airflow/.local/lib/python3.12/site-packages/airflow/example_dags/example_sla_dag.py
[2025-04-20T17:57:17.953+0000] {logging_mixin.py:190} INFO - [2025-04-20T17:57:17.953+0000] {dag.py:3239} INFO - Sync 1 DAGs
[2025-04-20T17:57:17.993+0000] {logging_mixin.py:190} INFO - [2025-04-20T17:57:17.992+0000] {dag.py:4180} INFO - Setting next_dagrun for example_sla_dag to 2025-04-20 17:54:00+00:00, run_after=2025-04-20 17:56:00+00:00
[2025-04-20T17:57:18.019+0000] {processor.py:208} INFO - Processing /home/airflow/.local/lib/python3.12/site-packages/airflow/example_dags/example_sla_dag.py took 0.121 seconds
[2025-04-20T17:57:49.109+0000] {processor.py:186} INFO - Started process (PID=1176) to work on /home/airflow/.local/lib/python3.12/site-packages/airflow/example_dags/example_sla_dag.py
[2025-04-20T17:57:49.110+0000] {processor.py:914} INFO - Processing file /home/airflow/.local/lib/python3.12/site-packages/airflow/example_dags/example_sla_dag.py for tasks to queue
[2025-04-20T17:57:49.113+0000] {logging_mixin.py:190} INFO - [2025-04-20T17:57:49.113+0000] {dagbag.py:588} INFO - Filling up the DagBag from /home/airflow/.local/lib/python3.12/site-packages/airflow/example_dags/example_sla_dag.py
[2025-04-20T17:57:49.126+0000] {processor.py:925} INFO - DAG(s) 'example_sla_dag' retrieved from /home/airflow/.local/lib/python3.12/site-packages/airflow/example_dags/example_sla_dag.py
[2025-04-20T17:57:49.149+0000] {logging_mixin.py:190} INFO - [2025-04-20T17:57:49.149+0000] {dag.py:3239} INFO - Sync 1 DAGs
[2025-04-20T17:57:49.183+0000] {logging_mixin.py:190} INFO - [2025-04-20T17:57:49.183+0000] {dag.py:4180} INFO - Setting next_dagrun for example_sla_dag to 2025-04-20 17:54:00+00:00, run_after=2025-04-20 17:56:00+00:00
[2025-04-20T17:57:49.208+0000] {processor.py:208} INFO - Processing /home/airflow/.local/lib/python3.12/site-packages/airflow/example_dags/example_sla_dag.py took 0.107 seconds
[2025-04-20T17:58:20.337+0000] {processor.py:186} INFO - Started process (PID=1239) to work on /home/airflow/.local/lib/python3.12/site-packages/airflow/example_dags/example_sla_dag.py
[2025-04-20T17:58:20.339+0000] {processor.py:914} INFO - Processing file /home/airflow/.local/lib/python3.12/site-packages/airflow/example_dags/example_sla_dag.py for tasks to queue
[2025-04-20T17:58:20.343+0000] {logging_mixin.py:190} INFO - [2025-04-20T17:58:20.342+0000] {dagbag.py:588} INFO - Filling up the DagBag from /home/airflow/.local/lib/python3.12/site-packages/airflow/example_dags/example_sla_dag.py
[2025-04-20T17:58:20.358+0000] {processor.py:925} INFO - DAG(s) 'example_sla_dag' retrieved from /home/airflow/.local/lib/python3.12/site-packages/airflow/example_dags/example_sla_dag.py
[2025-04-20T17:58:20.387+0000] {logging_mixin.py:190} INFO - [2025-04-20T17:58:20.387+0000] {dag.py:3239} INFO - Sync 1 DAGs
[2025-04-20T17:58:20.424+0000] {logging_mixin.py:190} INFO - [2025-04-20T17:58:20.424+0000] {dag.py:4180} INFO - Setting next_dagrun for example_sla_dag to 2025-04-20 17:56:00+00:00, run_after=2025-04-20 17:58:00+00:00
[2025-04-20T17:58:20.453+0000] {processor.py:208} INFO - Processing /home/airflow/.local/lib/python3.12/site-packages/airflow/example_dags/example_sla_dag.py took 0.124 seconds
[2025-04-20T17:58:51.544+0000] {processor.py:186} INFO - Started process (PID=1302) to work on /home/airflow/.local/lib/python3.12/site-packages/airflow/example_dags/example_sla_dag.py
[2025-04-20T17:58:51.546+0000] {processor.py:914} INFO - Processing file /home/airflow/.local/lib/python3.12/site-packages/airflow/example_dags/example_sla_dag.py for tasks to queue
[2025-04-20T17:58:51.550+0000] {logging_mixin.py:190} INFO - [2025-04-20T17:58:51.549+0000] {dagbag.py:588} INFO - Filling up the DagBag from /home/airflow/.local/lib/python3.12/site-packages/airflow/example_dags/example_sla_dag.py
[2025-04-20T17:58:51.565+0000] {processor.py:925} INFO - DAG(s) 'example_sla_dag' retrieved from /home/airflow/.local/lib/python3.12/site-packages/airflow/example_dags/example_sla_dag.py
[2025-04-20T17:58:51.593+0000] {logging_mixin.py:190} INFO - [2025-04-20T17:58:51.593+0000] {dag.py:3239} INFO - Sync 1 DAGs
[2025-04-20T17:58:51.637+0000] {logging_mixin.py:190} INFO - [2025-04-20T17:58:51.636+0000] {dag.py:4180} INFO - Setting next_dagrun for example_sla_dag to 2025-04-20 17:56:00+00:00, run_after=2025-04-20 17:58:00+00:00
[2025-04-20T17:58:51.666+0000] {processor.py:208} INFO - Processing /home/airflow/.local/lib/python3.12/site-packages/airflow/example_dags/example_sla_dag.py took 0.133 seconds
[2025-04-20T18:04:55.348+0000] {processor.py:186} INFO - Started process (PID=104) to work on /home/airflow/.local/lib/python3.12/site-packages/airflow/example_dags/example_sla_dag.py
[2025-04-20T18:04:55.349+0000] {processor.py:914} INFO - Processing file /home/airflow/.local/lib/python3.12/site-packages/airflow/example_dags/example_sla_dag.py for tasks to queue
[2025-04-20T18:04:55.353+0000] {logging_mixin.py:190} INFO - [2025-04-20T18:04:55.353+0000] {dagbag.py:588} INFO - Filling up the DagBag from /home/airflow/.local/lib/python3.12/site-packages/airflow/example_dags/example_sla_dag.py
[2025-04-20T18:04:55.369+0000] {processor.py:925} INFO - DAG(s) 'example_sla_dag' retrieved from /home/airflow/.local/lib/python3.12/site-packages/airflow/example_dags/example_sla_dag.py
[2025-04-20T18:04:55.516+0000] {logging_mixin.py:190} INFO - [2025-04-20T18:04:55.516+0000] {override.py:1912} INFO - Created Permission View: can read on DAG:example_sla_dag
[2025-04-20T18:04:55.531+0000] {logging_mixin.py:190} INFO - [2025-04-20T18:04:55.530+0000] {override.py:1912} INFO - Created Permission View: can edit on DAG:example_sla_dag
[2025-04-20T18:04:55.539+0000] {logging_mixin.py:190} INFO - [2025-04-20T18:04:55.539+0000] {override.py:1912} INFO - Created Permission View: can delete on DAG:example_sla_dag
[2025-04-20T18:04:55.552+0000] {logging_mixin.py:190} INFO - [2025-04-20T18:04:55.551+0000] {override.py:1912} INFO - Created Permission View: menu access on DAG Run:example_sla_dag
[2025-04-20T18:04:55.564+0000] {logging_mixin.py:190} INFO - [2025-04-20T18:04:55.563+0000] {override.py:1912} INFO - Created Permission View: can read on DAG Run:example_sla_dag
[2025-04-20T18:04:55.574+0000] {logging_mixin.py:190} INFO - [2025-04-20T18:04:55.574+0000] {override.py:1912} INFO - Created Permission View: can create on DAG Run:example_sla_dag
[2025-04-20T18:04:55.584+0000] {logging_mixin.py:190} INFO - [2025-04-20T18:04:55.584+0000] {override.py:1912} INFO - Created Permission View: can delete on DAG Run:example_sla_dag
[2025-04-20T18:04:55.585+0000] {logging_mixin.py:190} INFO - [2025-04-20T18:04:55.585+0000] {dag.py:3239} INFO - Sync 1 DAGs
[2025-04-20T18:04:55.600+0000] {logging_mixin.py:190} INFO - [2025-04-20T18:04:55.600+0000] {dag.py:3262} INFO - Creating ORM DAG for example_sla_dag
[2025-04-20T18:04:55.620+0000] {logging_mixin.py:190} INFO - [2025-04-20T18:04:55.620+0000] {dag.py:4180} INFO - Setting next_dagrun for example_sla_dag to 2025-04-20 18:02:00+00:00, run_after=2025-04-20 18:04:00+00:00
[2025-04-20T18:04:55.647+0000] {processor.py:208} INFO - Processing /home/airflow/.local/lib/python3.12/site-packages/airflow/example_dags/example_sla_dag.py took 0.308 seconds
[2025-04-20T18:05:26.170+0000] {processor.py:186} INFO - Started process (PID=167) to work on /home/airflow/.local/lib/python3.12/site-packages/airflow/example_dags/example_sla_dag.py
[2025-04-20T18:05:26.171+0000] {processor.py:914} INFO - Processing file /home/airflow/.local/lib/python3.12/site-packages/airflow/example_dags/example_sla_dag.py for tasks to queue
[2025-04-20T18:05:26.175+0000] {logging_mixin.py:190} INFO - [2025-04-20T18:05:26.175+0000] {dagbag.py:588} INFO - Filling up the DagBag from /home/airflow/.local/lib/python3.12/site-packages/airflow/example_dags/example_sla_dag.py
[2025-04-20T18:05:26.188+0000] {processor.py:925} INFO - DAG(s) 'example_sla_dag' retrieved from /home/airflow/.local/lib/python3.12/site-packages/airflow/example_dags/example_sla_dag.py
[2025-04-20T18:05:26.213+0000] {logging_mixin.py:190} INFO - [2025-04-20T18:05:26.213+0000] {dag.py:3239} INFO - Sync 1 DAGs
[2025-04-20T18:05:26.248+0000] {logging_mixin.py:190} INFO - [2025-04-20T18:05:26.248+0000] {dag.py:4180} INFO - Setting next_dagrun for example_sla_dag to 2025-04-20 18:02:00+00:00, run_after=2025-04-20 18:04:00+00:00
[2025-04-20T18:05:26.298+0000] {processor.py:208} INFO - Processing /home/airflow/.local/lib/python3.12/site-packages/airflow/example_dags/example_sla_dag.py took 0.135 seconds
[2025-04-20T18:05:56.645+0000] {processor.py:186} INFO - Started process (PID=229) to work on /home/airflow/.local/lib/python3.12/site-packages/airflow/example_dags/example_sla_dag.py
[2025-04-20T18:05:56.647+0000] {processor.py:914} INFO - Processing file /home/airflow/.local/lib/python3.12/site-packages/airflow/example_dags/example_sla_dag.py for tasks to queue
[2025-04-20T18:05:56.652+0000] {logging_mixin.py:190} INFO - [2025-04-20T18:05:56.651+0000] {dagbag.py:588} INFO - Filling up the DagBag from /home/airflow/.local/lib/python3.12/site-packages/airflow/example_dags/example_sla_dag.py
[2025-04-20T18:05:56.668+0000] {processor.py:925} INFO - DAG(s) 'example_sla_dag' retrieved from /home/airflow/.local/lib/python3.12/site-packages/airflow/example_dags/example_sla_dag.py
[2025-04-20T18:05:56.690+0000] {logging_mixin.py:190} INFO - [2025-04-20T18:05:56.690+0000] {dag.py:3239} INFO - Sync 1 DAGs
[2025-04-20T18:05:56.718+0000] {logging_mixin.py:190} INFO - [2025-04-20T18:05:56.718+0000] {dag.py:4180} INFO - Setting next_dagrun for example_sla_dag to 2025-04-20 18:02:00+00:00, run_after=2025-04-20 18:04:00+00:00
[2025-04-20T18:05:56.745+0000] {processor.py:208} INFO - Processing /home/airflow/.local/lib/python3.12/site-packages/airflow/example_dags/example_sla_dag.py took 0.107 seconds
[2025-04-20T18:06:27.521+0000] {processor.py:186} INFO - Started process (PID=292) to work on /home/airflow/.local/lib/python3.12/site-packages/airflow/example_dags/example_sla_dag.py
[2025-04-20T18:06:27.523+0000] {processor.py:914} INFO - Processing file /home/airflow/.local/lib/python3.12/site-packages/airflow/example_dags/example_sla_dag.py for tasks to queue
[2025-04-20T18:06:27.527+0000] {logging_mixin.py:190} INFO - [2025-04-20T18:06:27.527+0000] {dagbag.py:588} INFO - Filling up the DagBag from /home/airflow/.local/lib/python3.12/site-packages/airflow/example_dags/example_sla_dag.py
[2025-04-20T18:06:27.546+0000] {processor.py:925} INFO - DAG(s) 'example_sla_dag' retrieved from /home/airflow/.local/lib/python3.12/site-packages/airflow/example_dags/example_sla_dag.py
[2025-04-20T18:06:27.575+0000] {logging_mixin.py:190} INFO - [2025-04-20T18:06:27.575+0000] {dag.py:3239} INFO - Sync 1 DAGs
[2025-04-20T18:06:27.610+0000] {logging_mixin.py:190} INFO - [2025-04-20T18:06:27.610+0000] {dag.py:4180} INFO - Setting next_dagrun for example_sla_dag to 2025-04-20 18:04:00+00:00, run_after=2025-04-20 18:06:00+00:00
[2025-04-20T18:06:27.638+0000] {processor.py:208} INFO - Processing /home/airflow/.local/lib/python3.12/site-packages/airflow/example_dags/example_sla_dag.py took 0.128 seconds
[2025-04-20T18:06:59.518+0000] {processor.py:186} INFO - Started process (PID=355) to work on /home/airflow/.local/lib/python3.12/site-packages/airflow/example_dags/example_sla_dag.py
[2025-04-20T18:06:59.520+0000] {processor.py:914} INFO - Processing file /home/airflow/.local/lib/python3.12/site-packages/airflow/example_dags/example_sla_dag.py for tasks to queue
[2025-04-20T18:06:59.523+0000] {logging_mixin.py:190} INFO - [2025-04-20T18:06:59.523+0000] {dagbag.py:588} INFO - Filling up the DagBag from /home/airflow/.local/lib/python3.12/site-packages/airflow/example_dags/example_sla_dag.py
[2025-04-20T18:06:59.535+0000] {processor.py:925} INFO - DAG(s) 'example_sla_dag' retrieved from /home/airflow/.local/lib/python3.12/site-packages/airflow/example_dags/example_sla_dag.py
[2025-04-20T18:06:59.559+0000] {logging_mixin.py:190} INFO - [2025-04-20T18:06:59.559+0000] {dag.py:3239} INFO - Sync 1 DAGs
[2025-04-20T18:06:59.592+0000] {logging_mixin.py:190} INFO - [2025-04-20T18:06:59.592+0000] {dag.py:4180} INFO - Setting next_dagrun for example_sla_dag to 2025-04-20 18:04:00+00:00, run_after=2025-04-20 18:06:00+00:00
[2025-04-20T18:06:59.622+0000] {processor.py:208} INFO - Processing /home/airflow/.local/lib/python3.12/site-packages/airflow/example_dags/example_sla_dag.py took 0.112 seconds
[2025-04-20T18:07:31.075+0000] {processor.py:186} INFO - Started process (PID=418) to work on /home/airflow/.local/lib/python3.12/site-packages/airflow/example_dags/example_sla_dag.py
[2025-04-20T18:07:31.076+0000] {processor.py:914} INFO - Processing file /home/airflow/.local/lib/python3.12/site-packages/airflow/example_dags/example_sla_dag.py for tasks to queue
[2025-04-20T18:07:31.080+0000] {logging_mixin.py:190} INFO - [2025-04-20T18:07:31.080+0000] {dagbag.py:588} INFO - Filling up the DagBag from /home/airflow/.local/lib/python3.12/site-packages/airflow/example_dags/example_sla_dag.py
[2025-04-20T18:07:31.093+0000] {processor.py:925} INFO - DAG(s) 'example_sla_dag' retrieved from /home/airflow/.local/lib/python3.12/site-packages/airflow/example_dags/example_sla_dag.py
[2025-04-20T18:07:31.118+0000] {logging_mixin.py:190} INFO - [2025-04-20T18:07:31.117+0000] {dag.py:3239} INFO - Sync 1 DAGs
[2025-04-20T18:07:31.177+0000] {logging_mixin.py:190} INFO - [2025-04-20T18:07:31.176+0000] {dag.py:4180} INFO - Setting next_dagrun for example_sla_dag to 2025-04-20 18:04:00+00:00, run_after=2025-04-20 18:06:00+00:00
[2025-04-20T18:07:31.211+0000] {processor.py:208} INFO - Processing /home/airflow/.local/lib/python3.12/site-packages/airflow/example_dags/example_sla_dag.py took 0.144 seconds
[2025-04-20T18:08:03.114+0000] {processor.py:186} INFO - Started process (PID=481) to work on /home/airflow/.local/lib/python3.12/site-packages/airflow/example_dags/example_sla_dag.py
[2025-04-20T18:08:03.116+0000] {processor.py:914} INFO - Processing file /home/airflow/.local/lib/python3.12/site-packages/airflow/example_dags/example_sla_dag.py for tasks to queue
[2025-04-20T18:08:03.121+0000] {logging_mixin.py:190} INFO - [2025-04-20T18:08:03.120+0000] {dagbag.py:588} INFO - Filling up the DagBag from /home/airflow/.local/lib/python3.12/site-packages/airflow/example_dags/example_sla_dag.py
[2025-04-20T18:08:03.136+0000] {processor.py:925} INFO - DAG(s) 'example_sla_dag' retrieved from /home/airflow/.local/lib/python3.12/site-packages/airflow/example_dags/example_sla_dag.py
[2025-04-20T18:08:03.169+0000] {logging_mixin.py:190} INFO - [2025-04-20T18:08:03.169+0000] {dag.py:3239} INFO - Sync 1 DAGs
[2025-04-20T18:08:03.209+0000] {logging_mixin.py:190} INFO - [2025-04-20T18:08:03.209+0000] {dag.py:4180} INFO - Setting next_dagrun for example_sla_dag to 2025-04-20 18:06:00+00:00, run_after=2025-04-20 18:08:00+00:00
[2025-04-20T18:08:03.275+0000] {processor.py:208} INFO - Processing /home/airflow/.local/lib/python3.12/site-packages/airflow/example_dags/example_sla_dag.py took 0.171 seconds
[2025-04-20T18:08:34.956+0000] {processor.py:186} INFO - Started process (PID=544) to work on /home/airflow/.local/lib/python3.12/site-packages/airflow/example_dags/example_sla_dag.py
[2025-04-20T18:08:34.957+0000] {processor.py:914} INFO - Processing file /home/airflow/.local/lib/python3.12/site-packages/airflow/example_dags/example_sla_dag.py for tasks to queue
[2025-04-20T18:08:34.964+0000] {logging_mixin.py:190} INFO - [2025-04-20T18:08:34.963+0000] {dagbag.py:588} INFO - Filling up the DagBag from /home/airflow/.local/lib/python3.12/site-packages/airflow/example_dags/example_sla_dag.py
[2025-04-20T18:08:34.987+0000] {processor.py:925} INFO - DAG(s) 'example_sla_dag' retrieved from /home/airflow/.local/lib/python3.12/site-packages/airflow/example_dags/example_sla_dag.py
[2025-04-20T18:08:35.020+0000] {logging_mixin.py:190} INFO - [2025-04-20T18:08:35.020+0000] {dag.py:3239} INFO - Sync 1 DAGs
[2025-04-20T18:08:35.086+0000] {logging_mixin.py:190} INFO - [2025-04-20T18:08:35.086+0000] {dag.py:4180} INFO - Setting next_dagrun for example_sla_dag to 2025-04-20 18:06:00+00:00, run_after=2025-04-20 18:08:00+00:00
[2025-04-20T18:08:35.123+0000] {processor.py:208} INFO - Processing /home/airflow/.local/lib/python3.12/site-packages/airflow/example_dags/example_sla_dag.py took 0.178 seconds
[2025-04-20T18:09:05.738+0000] {processor.py:186} INFO - Started process (PID=607) to work on /home/airflow/.local/lib/python3.12/site-packages/airflow/example_dags/example_sla_dag.py
[2025-04-20T18:09:05.739+0000] {processor.py:914} INFO - Processing file /home/airflow/.local/lib/python3.12/site-packages/airflow/example_dags/example_sla_dag.py for tasks to queue
[2025-04-20T18:09:05.743+0000] {logging_mixin.py:190} INFO - [2025-04-20T18:09:05.743+0000] {dagbag.py:588} INFO - Filling up the DagBag from /home/airflow/.local/lib/python3.12/site-packages/airflow/example_dags/example_sla_dag.py
[2025-04-20T18:09:05.761+0000] {processor.py:925} INFO - DAG(s) 'example_sla_dag' retrieved from /home/airflow/.local/lib/python3.12/site-packages/airflow/example_dags/example_sla_dag.py
[2025-04-20T18:09:05.789+0000] {logging_mixin.py:190} INFO - [2025-04-20T18:09:05.789+0000] {dag.py:3239} INFO - Sync 1 DAGs
[2025-04-20T18:09:05.826+0000] {logging_mixin.py:190} INFO - [2025-04-20T18:09:05.826+0000] {dag.py:4180} INFO - Setting next_dagrun for example_sla_dag to 2025-04-20 18:06:00+00:00, run_after=2025-04-20 18:08:00+00:00
[2025-04-20T18:09:05.854+0000] {processor.py:208} INFO - Processing /home/airflow/.local/lib/python3.12/site-packages/airflow/example_dags/example_sla_dag.py took 0.125 seconds
[2025-04-20T18:09:36.653+0000] {processor.py:186} INFO - Started process (PID=676) to work on /home/airflow/.local/lib/python3.12/site-packages/airflow/example_dags/example_sla_dag.py
[2025-04-20T18:09:36.655+0000] {processor.py:914} INFO - Processing file /home/airflow/.local/lib/python3.12/site-packages/airflow/example_dags/example_sla_dag.py for tasks to queue
[2025-04-20T18:09:36.659+0000] {logging_mixin.py:190} INFO - [2025-04-20T18:09:36.659+0000] {dagbag.py:588} INFO - Filling up the DagBag from /home/airflow/.local/lib/python3.12/site-packages/airflow/example_dags/example_sla_dag.py
[2025-04-20T18:09:36.674+0000] {processor.py:925} INFO - DAG(s) 'example_sla_dag' retrieved from /home/airflow/.local/lib/python3.12/site-packages/airflow/example_dags/example_sla_dag.py
[2025-04-20T18:09:36.699+0000] {logging_mixin.py:190} INFO - [2025-04-20T18:09:36.698+0000] {dag.py:3239} INFO - Sync 1 DAGs
[2025-04-20T18:09:36.732+0000] {logging_mixin.py:190} INFO - [2025-04-20T18:09:36.732+0000] {dag.py:4180} INFO - Setting next_dagrun for example_sla_dag to 2025-04-20 18:06:00+00:00, run_after=2025-04-20 18:08:00+00:00
[2025-04-20T18:09:36.758+0000] {processor.py:208} INFO - Processing /home/airflow/.local/lib/python3.12/site-packages/airflow/example_dags/example_sla_dag.py took 0.115 seconds
[2025-04-20T18:10:08.610+0000] {processor.py:186} INFO - Started process (PID=739) to work on /home/airflow/.local/lib/python3.12/site-packages/airflow/example_dags/example_sla_dag.py
[2025-04-20T18:10:08.612+0000] {processor.py:914} INFO - Processing file /home/airflow/.local/lib/python3.12/site-packages/airflow/example_dags/example_sla_dag.py for tasks to queue
[2025-04-20T18:10:08.621+0000] {logging_mixin.py:190} INFO - [2025-04-20T18:10:08.620+0000] {dagbag.py:588} INFO - Filling up the DagBag from /home/airflow/.local/lib/python3.12/site-packages/airflow/example_dags/example_sla_dag.py
[2025-04-20T18:10:08.637+0000] {processor.py:925} INFO - DAG(s) 'example_sla_dag' retrieved from /home/airflow/.local/lib/python3.12/site-packages/airflow/example_dags/example_sla_dag.py
[2025-04-20T18:10:08.661+0000] {logging_mixin.py:190} INFO - [2025-04-20T18:10:08.661+0000] {dag.py:3239} INFO - Sync 1 DAGs
[2025-04-20T18:10:08.695+0000] {logging_mixin.py:190} INFO - [2025-04-20T18:10:08.695+0000] {dag.py:4180} INFO - Setting next_dagrun for example_sla_dag to 2025-04-20 18:08:00+00:00, run_after=2025-04-20 18:10:00+00:00
[2025-04-20T18:10:08.721+0000] {processor.py:208} INFO - Processing /home/airflow/.local/lib/python3.12/site-packages/airflow/example_dags/example_sla_dag.py took 0.119 seconds
