[2025-04-20T17:48:52.129+0000] {processor.py:186} INFO - Started process (PID=91) to work on /home/airflow/.local/lib/python3.12/site-packages/airflow/example_dags/example_sensors.py
[2025-04-20T17:48:52.131+0000] {processor.py:914} INFO - Processing file /home/airflow/.local/lib/python3.12/site-packages/airflow/example_dags/example_sensors.py for tasks to queue
[2025-04-20T17:48:52.134+0000] {logging_mixin.py:190} INFO - [2025-04-20T17:48:52.133+0000] {dagbag.py:588} INFO - Filling up the DagBag from /home/airflow/.local/lib/python3.12/site-packages/airflow/example_dags/example_sensors.py
[2025-04-20T17:48:52.156+0000] {processor.py:925} INFO - DAG(s) 'example_sensors' retrieved from /home/airflow/.local/lib/python3.12/site-packages/airflow/example_dags/example_sensors.py
[2025-04-20T17:48:52.327+0000] {logging_mixin.py:190} INFO - [2025-04-20T17:48:52.327+0000] {override.py:1912} INFO - Created Permission View: can read on DAG:example_sensors
[2025-04-20T17:48:52.340+0000] {logging_mixin.py:190} INFO - [2025-04-20T17:48:52.340+0000] {override.py:1912} INFO - Created Permission View: can edit on DAG:example_sensors
[2025-04-20T17:48:52.349+0000] {logging_mixin.py:190} INFO - [2025-04-20T17:48:52.349+0000] {override.py:1912} INFO - Created Permission View: can delete on DAG:example_sensors
[2025-04-20T17:48:52.363+0000] {logging_mixin.py:190} INFO - [2025-04-20T17:48:52.363+0000] {override.py:1912} INFO - Created Permission View: can read on DAG Run:example_sensors
[2025-04-20T17:48:52.373+0000] {logging_mixin.py:190} INFO - [2025-04-20T17:48:52.372+0000] {override.py:1912} INFO - Created Permission View: can create on DAG Run:example_sensors
[2025-04-20T17:48:52.382+0000] {logging_mixin.py:190} INFO - [2025-04-20T17:48:52.382+0000] {override.py:1912} INFO - Created Permission View: menu access on DAG Run:example_sensors
[2025-04-20T17:48:52.392+0000] {logging_mixin.py:190} INFO - [2025-04-20T17:48:52.392+0000] {override.py:1912} INFO - Created Permission View: can delete on DAG Run:example_sensors
[2025-04-20T17:48:52.393+0000] {logging_mixin.py:190} INFO - [2025-04-20T17:48:52.393+0000] {dag.py:3239} INFO - Sync 1 DAGs
[2025-04-20T17:48:52.411+0000] {logging_mixin.py:190} INFO - [2025-04-20T17:48:52.411+0000] {dag.py:3262} INFO - Creating ORM DAG for example_sensors
[2025-04-20T17:48:52.413+0000] {logging_mixin.py:190} INFO - [2025-04-20T17:48:52.413+0000] {dag.py:4180} INFO - Setting next_dagrun for example_sensors to None, run_after=None
[2025-04-20T17:48:52.443+0000] {processor.py:208} INFO - Processing /home/airflow/.local/lib/python3.12/site-packages/airflow/example_dags/example_sensors.py took 0.322 seconds
[2025-04-20T17:49:23.261+0000] {processor.py:186} INFO - Started process (PID=154) to work on /home/airflow/.local/lib/python3.12/site-packages/airflow/example_dags/example_sensors.py
[2025-04-20T17:49:23.264+0000] {processor.py:914} INFO - Processing file /home/airflow/.local/lib/python3.12/site-packages/airflow/example_dags/example_sensors.py for tasks to queue
[2025-04-20T17:49:23.269+0000] {logging_mixin.py:190} INFO - [2025-04-20T17:49:23.268+0000] {dagbag.py:588} INFO - Filling up the DagBag from /home/airflow/.local/lib/python3.12/site-packages/airflow/example_dags/example_sensors.py
[2025-04-20T17:49:23.298+0000] {processor.py:925} INFO - DAG(s) 'example_sensors' retrieved from /home/airflow/.local/lib/python3.12/site-packages/airflow/example_dags/example_sensors.py
[2025-04-20T17:49:23.347+0000] {logging_mixin.py:190} INFO - [2025-04-20T17:49:23.347+0000] {dag.py:3239} INFO - Sync 1 DAGs
[2025-04-20T17:49:23.373+0000] {logging_mixin.py:190} INFO - [2025-04-20T17:49:23.373+0000] {dag.py:4180} INFO - Setting next_dagrun for example_sensors to None, run_after=None
[2025-04-20T17:49:23.433+0000] {processor.py:208} INFO - Processing /home/airflow/.local/lib/python3.12/site-packages/airflow/example_dags/example_sensors.py took 0.186 seconds
[2025-04-20T17:49:54.702+0000] {processor.py:186} INFO - Started process (PID=217) to work on /home/airflow/.local/lib/python3.12/site-packages/airflow/example_dags/example_sensors.py
[2025-04-20T17:49:54.703+0000] {processor.py:914} INFO - Processing file /home/airflow/.local/lib/python3.12/site-packages/airflow/example_dags/example_sensors.py for tasks to queue
[2025-04-20T17:49:54.707+0000] {logging_mixin.py:190} INFO - [2025-04-20T17:49:54.707+0000] {dagbag.py:588} INFO - Filling up the DagBag from /home/airflow/.local/lib/python3.12/site-packages/airflow/example_dags/example_sensors.py
[2025-04-20T17:49:54.724+0000] {processor.py:925} INFO - DAG(s) 'example_sensors' retrieved from /home/airflow/.local/lib/python3.12/site-packages/airflow/example_dags/example_sensors.py
[2025-04-20T17:49:54.759+0000] {logging_mixin.py:190} INFO - [2025-04-20T17:49:54.759+0000] {dag.py:3239} INFO - Sync 1 DAGs
[2025-04-20T17:49:54.777+0000] {logging_mixin.py:190} INFO - [2025-04-20T17:49:54.777+0000] {dag.py:4180} INFO - Setting next_dagrun for example_sensors to None, run_after=None
[2025-04-20T17:49:54.809+0000] {processor.py:208} INFO - Processing /home/airflow/.local/lib/python3.12/site-packages/airflow/example_dags/example_sensors.py took 0.115 seconds
[2025-04-20T17:50:26.047+0000] {processor.py:186} INFO - Started process (PID=280) to work on /home/airflow/.local/lib/python3.12/site-packages/airflow/example_dags/example_sensors.py
[2025-04-20T17:50:26.048+0000] {processor.py:914} INFO - Processing file /home/airflow/.local/lib/python3.12/site-packages/airflow/example_dags/example_sensors.py for tasks to queue
[2025-04-20T17:50:26.052+0000] {logging_mixin.py:190} INFO - [2025-04-20T17:50:26.051+0000] {dagbag.py:588} INFO - Filling up the DagBag from /home/airflow/.local/lib/python3.12/site-packages/airflow/example_dags/example_sensors.py
[2025-04-20T17:50:26.069+0000] {processor.py:925} INFO - DAG(s) 'example_sensors' retrieved from /home/airflow/.local/lib/python3.12/site-packages/airflow/example_dags/example_sensors.py
[2025-04-20T17:50:26.108+0000] {logging_mixin.py:190} INFO - [2025-04-20T17:50:26.108+0000] {dag.py:3239} INFO - Sync 1 DAGs
[2025-04-20T17:50:26.130+0000] {logging_mixin.py:190} INFO - [2025-04-20T17:50:26.129+0000] {dag.py:4180} INFO - Setting next_dagrun for example_sensors to None, run_after=None
[2025-04-20T17:50:26.158+0000] {processor.py:208} INFO - Processing /home/airflow/.local/lib/python3.12/site-packages/airflow/example_dags/example_sensors.py took 0.120 seconds
[2025-04-20T17:50:57.818+0000] {processor.py:186} INFO - Started process (PID=343) to work on /home/airflow/.local/lib/python3.12/site-packages/airflow/example_dags/example_sensors.py
[2025-04-20T17:50:57.819+0000] {processor.py:914} INFO - Processing file /home/airflow/.local/lib/python3.12/site-packages/airflow/example_dags/example_sensors.py for tasks to queue
[2025-04-20T17:50:57.823+0000] {logging_mixin.py:190} INFO - [2025-04-20T17:50:57.822+0000] {dagbag.py:588} INFO - Filling up the DagBag from /home/airflow/.local/lib/python3.12/site-packages/airflow/example_dags/example_sensors.py
[2025-04-20T17:50:57.847+0000] {processor.py:925} INFO - DAG(s) 'example_sensors' retrieved from /home/airflow/.local/lib/python3.12/site-packages/airflow/example_dags/example_sensors.py
[2025-04-20T17:50:57.890+0000] {logging_mixin.py:190} INFO - [2025-04-20T17:50:57.890+0000] {dag.py:3239} INFO - Sync 1 DAGs
[2025-04-20T17:50:57.909+0000] {logging_mixin.py:190} INFO - [2025-04-20T17:50:57.908+0000] {dag.py:4180} INFO - Setting next_dagrun for example_sensors to None, run_after=None
[2025-04-20T17:50:57.931+0000] {processor.py:208} INFO - Processing /home/airflow/.local/lib/python3.12/site-packages/airflow/example_dags/example_sensors.py took 0.124 seconds
[2025-04-20T17:51:29.631+0000] {processor.py:186} INFO - Started process (PID=406) to work on /home/airflow/.local/lib/python3.12/site-packages/airflow/example_dags/example_sensors.py
[2025-04-20T17:51:29.636+0000] {processor.py:914} INFO - Processing file /home/airflow/.local/lib/python3.12/site-packages/airflow/example_dags/example_sensors.py for tasks to queue
[2025-04-20T17:51:29.641+0000] {logging_mixin.py:190} INFO - [2025-04-20T17:51:29.640+0000] {dagbag.py:588} INFO - Filling up the DagBag from /home/airflow/.local/lib/python3.12/site-packages/airflow/example_dags/example_sensors.py
[2025-04-20T17:51:29.665+0000] {processor.py:925} INFO - DAG(s) 'example_sensors' retrieved from /home/airflow/.local/lib/python3.12/site-packages/airflow/example_dags/example_sensors.py
[2025-04-20T17:51:29.709+0000] {logging_mixin.py:190} INFO - [2025-04-20T17:51:29.708+0000] {dag.py:3239} INFO - Sync 1 DAGs
[2025-04-20T17:51:29.735+0000] {logging_mixin.py:190} INFO - [2025-04-20T17:51:29.735+0000] {dag.py:4180} INFO - Setting next_dagrun for example_sensors to None, run_after=None
[2025-04-20T17:51:29.771+0000] {processor.py:208} INFO - Processing /home/airflow/.local/lib/python3.12/site-packages/airflow/example_dags/example_sensors.py took 0.151 seconds
[2025-04-20T17:52:01.414+0000] {processor.py:186} INFO - Started process (PID=469) to work on /home/airflow/.local/lib/python3.12/site-packages/airflow/example_dags/example_sensors.py
[2025-04-20T17:52:01.415+0000] {processor.py:914} INFO - Processing file /home/airflow/.local/lib/python3.12/site-packages/airflow/example_dags/example_sensors.py for tasks to queue
[2025-04-20T17:52:01.419+0000] {logging_mixin.py:190} INFO - [2025-04-20T17:52:01.418+0000] {dagbag.py:588} INFO - Filling up the DagBag from /home/airflow/.local/lib/python3.12/site-packages/airflow/example_dags/example_sensors.py
[2025-04-20T17:52:01.435+0000] {processor.py:925} INFO - DAG(s) 'example_sensors' retrieved from /home/airflow/.local/lib/python3.12/site-packages/airflow/example_dags/example_sensors.py
[2025-04-20T17:52:01.469+0000] {logging_mixin.py:190} INFO - [2025-04-20T17:52:01.469+0000] {dag.py:3239} INFO - Sync 1 DAGs
[2025-04-20T17:52:01.486+0000] {logging_mixin.py:190} INFO - [2025-04-20T17:52:01.486+0000] {dag.py:4180} INFO - Setting next_dagrun for example_sensors to None, run_after=None
[2025-04-20T17:52:01.511+0000] {processor.py:208} INFO - Processing /home/airflow/.local/lib/python3.12/site-packages/airflow/example_dags/example_sensors.py took 0.107 seconds
[2025-04-20T17:52:32.888+0000] {processor.py:186} INFO - Started process (PID=531) to work on /home/airflow/.local/lib/python3.12/site-packages/airflow/example_dags/example_sensors.py
[2025-04-20T17:52:32.889+0000] {processor.py:914} INFO - Processing file /home/airflow/.local/lib/python3.12/site-packages/airflow/example_dags/example_sensors.py for tasks to queue
[2025-04-20T17:52:32.893+0000] {logging_mixin.py:190} INFO - [2025-04-20T17:52:32.892+0000] {dagbag.py:588} INFO - Filling up the DagBag from /home/airflow/.local/lib/python3.12/site-packages/airflow/example_dags/example_sensors.py
[2025-04-20T17:52:32.910+0000] {processor.py:925} INFO - DAG(s) 'example_sensors' retrieved from /home/airflow/.local/lib/python3.12/site-packages/airflow/example_dags/example_sensors.py
[2025-04-20T17:52:32.946+0000] {logging_mixin.py:190} INFO - [2025-04-20T17:52:32.946+0000] {dag.py:3239} INFO - Sync 1 DAGs
[2025-04-20T17:52:32.965+0000] {logging_mixin.py:190} INFO - [2025-04-20T17:52:32.965+0000] {dag.py:4180} INFO - Setting next_dagrun for example_sensors to None, run_after=None
[2025-04-20T17:52:32.996+0000] {processor.py:208} INFO - Processing /home/airflow/.local/lib/python3.12/site-packages/airflow/example_dags/example_sensors.py took 0.117 seconds
[2025-04-20T17:53:04.690+0000] {processor.py:186} INFO - Started process (PID=600) to work on /home/airflow/.local/lib/python3.12/site-packages/airflow/example_dags/example_sensors.py
[2025-04-20T17:53:04.691+0000] {processor.py:914} INFO - Processing file /home/airflow/.local/lib/python3.12/site-packages/airflow/example_dags/example_sensors.py for tasks to queue
[2025-04-20T17:53:04.695+0000] {logging_mixin.py:190} INFO - [2025-04-20T17:53:04.694+0000] {dagbag.py:588} INFO - Filling up the DagBag from /home/airflow/.local/lib/python3.12/site-packages/airflow/example_dags/example_sensors.py
[2025-04-20T17:53:04.712+0000] {processor.py:925} INFO - DAG(s) 'example_sensors' retrieved from /home/airflow/.local/lib/python3.12/site-packages/airflow/example_dags/example_sensors.py
[2025-04-20T17:53:04.766+0000] {logging_mixin.py:190} INFO - [2025-04-20T17:53:04.765+0000] {dag.py:3239} INFO - Sync 1 DAGs
[2025-04-20T17:53:04.796+0000] {logging_mixin.py:190} INFO - [2025-04-20T17:53:04.795+0000] {dag.py:4180} INFO - Setting next_dagrun for example_sensors to None, run_after=None
[2025-04-20T17:53:04.832+0000] {processor.py:208} INFO - Processing /home/airflow/.local/lib/python3.12/site-packages/airflow/example_dags/example_sensors.py took 0.154 seconds
[2025-04-20T17:53:36.978+0000] {processor.py:186} INFO - Started process (PID=663) to work on /home/airflow/.local/lib/python3.12/site-packages/airflow/example_dags/example_sensors.py
[2025-04-20T17:53:36.979+0000] {processor.py:914} INFO - Processing file /home/airflow/.local/lib/python3.12/site-packages/airflow/example_dags/example_sensors.py for tasks to queue
[2025-04-20T17:53:36.982+0000] {logging_mixin.py:190} INFO - [2025-04-20T17:53:36.982+0000] {dagbag.py:588} INFO - Filling up the DagBag from /home/airflow/.local/lib/python3.12/site-packages/airflow/example_dags/example_sensors.py
[2025-04-20T17:53:37.001+0000] {processor.py:925} INFO - DAG(s) 'example_sensors' retrieved from /home/airflow/.local/lib/python3.12/site-packages/airflow/example_dags/example_sensors.py
[2025-04-20T17:53:37.046+0000] {logging_mixin.py:190} INFO - [2025-04-20T17:53:37.045+0000] {dag.py:3239} INFO - Sync 1 DAGs
[2025-04-20T17:53:37.068+0000] {logging_mixin.py:190} INFO - [2025-04-20T17:53:37.068+0000] {dag.py:4180} INFO - Setting next_dagrun for example_sensors to None, run_after=None
[2025-04-20T17:53:37.103+0000] {processor.py:208} INFO - Processing /home/airflow/.local/lib/python3.12/site-packages/airflow/example_dags/example_sensors.py took 0.134 seconds
[2025-04-20T17:54:08.610+0000] {processor.py:186} INFO - Started process (PID=726) to work on /home/airflow/.local/lib/python3.12/site-packages/airflow/example_dags/example_sensors.py
[2025-04-20T17:54:08.611+0000] {processor.py:914} INFO - Processing file /home/airflow/.local/lib/python3.12/site-packages/airflow/example_dags/example_sensors.py for tasks to queue
[2025-04-20T17:54:08.614+0000] {logging_mixin.py:190} INFO - [2025-04-20T17:54:08.613+0000] {dagbag.py:588} INFO - Filling up the DagBag from /home/airflow/.local/lib/python3.12/site-packages/airflow/example_dags/example_sensors.py
[2025-04-20T17:54:08.627+0000] {processor.py:925} INFO - DAG(s) 'example_sensors' retrieved from /home/airflow/.local/lib/python3.12/site-packages/airflow/example_dags/example_sensors.py
[2025-04-20T17:54:08.661+0000] {logging_mixin.py:190} INFO - [2025-04-20T17:54:08.661+0000] {dag.py:3239} INFO - Sync 1 DAGs
[2025-04-20T17:54:08.680+0000] {logging_mixin.py:190} INFO - [2025-04-20T17:54:08.680+0000] {dag.py:4180} INFO - Setting next_dagrun for example_sensors to None, run_after=None
[2025-04-20T17:54:08.706+0000] {processor.py:208} INFO - Processing /home/airflow/.local/lib/python3.12/site-packages/airflow/example_dags/example_sensors.py took 0.104 seconds
[2025-04-20T17:54:39.776+0000] {processor.py:186} INFO - Started process (PID=789) to work on /home/airflow/.local/lib/python3.12/site-packages/airflow/example_dags/example_sensors.py
[2025-04-20T17:54:39.778+0000] {processor.py:914} INFO - Processing file /home/airflow/.local/lib/python3.12/site-packages/airflow/example_dags/example_sensors.py for tasks to queue
[2025-04-20T17:54:39.781+0000] {logging_mixin.py:190} INFO - [2025-04-20T17:54:39.781+0000] {dagbag.py:588} INFO - Filling up the DagBag from /home/airflow/.local/lib/python3.12/site-packages/airflow/example_dags/example_sensors.py
[2025-04-20T17:54:39.799+0000] {processor.py:925} INFO - DAG(s) 'example_sensors' retrieved from /home/airflow/.local/lib/python3.12/site-packages/airflow/example_dags/example_sensors.py
[2025-04-20T17:54:39.836+0000] {logging_mixin.py:190} INFO - [2025-04-20T17:54:39.836+0000] {dag.py:3239} INFO - Sync 1 DAGs
[2025-04-20T17:54:39.857+0000] {logging_mixin.py:190} INFO - [2025-04-20T17:54:39.857+0000] {dag.py:4180} INFO - Setting next_dagrun for example_sensors to None, run_after=None
[2025-04-20T17:54:39.886+0000] {processor.py:208} INFO - Processing /home/airflow/.local/lib/python3.12/site-packages/airflow/example_dags/example_sensors.py took 0.120 seconds
[2025-04-20T17:55:10.998+0000] {processor.py:186} INFO - Started process (PID=852) to work on /home/airflow/.local/lib/python3.12/site-packages/airflow/example_dags/example_sensors.py
[2025-04-20T17:55:11.000+0000] {processor.py:914} INFO - Processing file /home/airflow/.local/lib/python3.12/site-packages/airflow/example_dags/example_sensors.py for tasks to queue
[2025-04-20T17:55:11.005+0000] {logging_mixin.py:190} INFO - [2025-04-20T17:55:11.004+0000] {dagbag.py:588} INFO - Filling up the DagBag from /home/airflow/.local/lib/python3.12/site-packages/airflow/example_dags/example_sensors.py
[2025-04-20T17:55:11.027+0000] {processor.py:925} INFO - DAG(s) 'example_sensors' retrieved from /home/airflow/.local/lib/python3.12/site-packages/airflow/example_dags/example_sensors.py
[2025-04-20T17:55:11.071+0000] {logging_mixin.py:190} INFO - [2025-04-20T17:55:11.071+0000] {dag.py:3239} INFO - Sync 1 DAGs
[2025-04-20T17:55:11.099+0000] {logging_mixin.py:190} INFO - [2025-04-20T17:55:11.099+0000] {dag.py:4180} INFO - Setting next_dagrun for example_sensors to None, run_after=None
[2025-04-20T17:55:11.133+0000] {processor.py:208} INFO - Processing /home/airflow/.local/lib/python3.12/site-packages/airflow/example_dags/example_sensors.py took 0.145 seconds
[2025-04-20T17:55:42.725+0000] {processor.py:186} INFO - Started process (PID=915) to work on /home/airflow/.local/lib/python3.12/site-packages/airflow/example_dags/example_sensors.py
[2025-04-20T17:55:42.726+0000] {processor.py:914} INFO - Processing file /home/airflow/.local/lib/python3.12/site-packages/airflow/example_dags/example_sensors.py for tasks to queue
[2025-04-20T17:55:42.729+0000] {logging_mixin.py:190} INFO - [2025-04-20T17:55:42.729+0000] {dagbag.py:588} INFO - Filling up the DagBag from /home/airflow/.local/lib/python3.12/site-packages/airflow/example_dags/example_sensors.py
[2025-04-20T17:55:42.744+0000] {processor.py:925} INFO - DAG(s) 'example_sensors' retrieved from /home/airflow/.local/lib/python3.12/site-packages/airflow/example_dags/example_sensors.py
[2025-04-20T17:55:42.783+0000] {logging_mixin.py:190} INFO - [2025-04-20T17:55:42.783+0000] {dag.py:3239} INFO - Sync 1 DAGs
[2025-04-20T17:55:42.801+0000] {logging_mixin.py:190} INFO - [2025-04-20T17:55:42.801+0000] {dag.py:4180} INFO - Setting next_dagrun for example_sensors to None, run_after=None
[2025-04-20T17:55:42.829+0000] {processor.py:208} INFO - Processing /home/airflow/.local/lib/python3.12/site-packages/airflow/example_dags/example_sensors.py took 0.112 seconds
[2025-04-20T17:56:14.050+0000] {processor.py:186} INFO - Started process (PID=978) to work on /home/airflow/.local/lib/python3.12/site-packages/airflow/example_dags/example_sensors.py
[2025-04-20T17:56:14.051+0000] {processor.py:914} INFO - Processing file /home/airflow/.local/lib/python3.12/site-packages/airflow/example_dags/example_sensors.py for tasks to queue
[2025-04-20T17:56:14.055+0000] {logging_mixin.py:190} INFO - [2025-04-20T17:56:14.054+0000] {dagbag.py:588} INFO - Filling up the DagBag from /home/airflow/.local/lib/python3.12/site-packages/airflow/example_dags/example_sensors.py
[2025-04-20T17:56:14.077+0000] {processor.py:925} INFO - DAG(s) 'example_sensors' retrieved from /home/airflow/.local/lib/python3.12/site-packages/airflow/example_dags/example_sensors.py
[2025-04-20T17:56:14.120+0000] {logging_mixin.py:190} INFO - [2025-04-20T17:56:14.120+0000] {dag.py:3239} INFO - Sync 1 DAGs
[2025-04-20T17:56:14.160+0000] {logging_mixin.py:190} INFO - [2025-04-20T17:56:14.160+0000] {dag.py:4180} INFO - Setting next_dagrun for example_sensors to None, run_after=None
[2025-04-20T17:56:14.201+0000] {processor.py:208} INFO - Processing /home/airflow/.local/lib/python3.12/site-packages/airflow/example_dags/example_sensors.py took 0.162 seconds
[2025-04-20T17:56:45.904+0000] {processor.py:186} INFO - Started process (PID=1041) to work on /home/airflow/.local/lib/python3.12/site-packages/airflow/example_dags/example_sensors.py
[2025-04-20T17:56:45.906+0000] {processor.py:914} INFO - Processing file /home/airflow/.local/lib/python3.12/site-packages/airflow/example_dags/example_sensors.py for tasks to queue
[2025-04-20T17:56:45.908+0000] {logging_mixin.py:190} INFO - [2025-04-20T17:56:45.908+0000] {dagbag.py:588} INFO - Filling up the DagBag from /home/airflow/.local/lib/python3.12/site-packages/airflow/example_dags/example_sensors.py
[2025-04-20T17:56:45.923+0000] {processor.py:925} INFO - DAG(s) 'example_sensors' retrieved from /home/airflow/.local/lib/python3.12/site-packages/airflow/example_dags/example_sensors.py
[2025-04-20T17:56:45.959+0000] {logging_mixin.py:190} INFO - [2025-04-20T17:56:45.958+0000] {dag.py:3239} INFO - Sync 1 DAGs
[2025-04-20T17:56:45.978+0000] {logging_mixin.py:190} INFO - [2025-04-20T17:56:45.977+0000] {dag.py:4180} INFO - Setting next_dagrun for example_sensors to None, run_after=None
[2025-04-20T17:56:46.001+0000] {processor.py:208} INFO - Processing /home/airflow/.local/lib/python3.12/site-packages/airflow/example_dags/example_sensors.py took 0.105 seconds
[2025-04-20T17:57:17.088+0000] {processor.py:186} INFO - Started process (PID=1104) to work on /home/airflow/.local/lib/python3.12/site-packages/airflow/example_dags/example_sensors.py
[2025-04-20T17:57:17.090+0000] {processor.py:914} INFO - Processing file /home/airflow/.local/lib/python3.12/site-packages/airflow/example_dags/example_sensors.py for tasks to queue
[2025-04-20T17:57:17.093+0000] {logging_mixin.py:190} INFO - [2025-04-20T17:57:17.093+0000] {dagbag.py:588} INFO - Filling up the DagBag from /home/airflow/.local/lib/python3.12/site-packages/airflow/example_dags/example_sensors.py
[2025-04-20T17:57:17.109+0000] {processor.py:925} INFO - DAG(s) 'example_sensors' retrieved from /home/airflow/.local/lib/python3.12/site-packages/airflow/example_dags/example_sensors.py
[2025-04-20T17:57:17.148+0000] {logging_mixin.py:190} INFO - [2025-04-20T17:57:17.148+0000] {dag.py:3239} INFO - Sync 1 DAGs
[2025-04-20T17:57:17.171+0000] {logging_mixin.py:190} INFO - [2025-04-20T17:57:17.171+0000] {dag.py:4180} INFO - Setting next_dagrun for example_sensors to None, run_after=None
[2025-04-20T17:57:17.202+0000] {processor.py:208} INFO - Processing /home/airflow/.local/lib/python3.12/site-packages/airflow/example_dags/example_sensors.py took 0.123 seconds
[2025-04-20T17:57:48.332+0000] {processor.py:186} INFO - Started process (PID=1167) to work on /home/airflow/.local/lib/python3.12/site-packages/airflow/example_dags/example_sensors.py
[2025-04-20T17:57:48.333+0000] {processor.py:914} INFO - Processing file /home/airflow/.local/lib/python3.12/site-packages/airflow/example_dags/example_sensors.py for tasks to queue
[2025-04-20T17:57:48.337+0000] {logging_mixin.py:190} INFO - [2025-04-20T17:57:48.337+0000] {dagbag.py:588} INFO - Filling up the DagBag from /home/airflow/.local/lib/python3.12/site-packages/airflow/example_dags/example_sensors.py
[2025-04-20T17:57:48.356+0000] {processor.py:925} INFO - DAG(s) 'example_sensors' retrieved from /home/airflow/.local/lib/python3.12/site-packages/airflow/example_dags/example_sensors.py
[2025-04-20T17:57:48.391+0000] {logging_mixin.py:190} INFO - [2025-04-20T17:57:48.391+0000] {dag.py:3239} INFO - Sync 1 DAGs
[2025-04-20T17:57:48.411+0000] {logging_mixin.py:190} INFO - [2025-04-20T17:57:48.411+0000] {dag.py:4180} INFO - Setting next_dagrun for example_sensors to None, run_after=None
[2025-04-20T17:57:48.439+0000] {processor.py:208} INFO - Processing /home/airflow/.local/lib/python3.12/site-packages/airflow/example_dags/example_sensors.py took 0.114 seconds
[2025-04-20T17:58:19.478+0000] {processor.py:186} INFO - Started process (PID=1230) to work on /home/airflow/.local/lib/python3.12/site-packages/airflow/example_dags/example_sensors.py
[2025-04-20T17:58:19.479+0000] {processor.py:914} INFO - Processing file /home/airflow/.local/lib/python3.12/site-packages/airflow/example_dags/example_sensors.py for tasks to queue
[2025-04-20T17:58:19.485+0000] {logging_mixin.py:190} INFO - [2025-04-20T17:58:19.484+0000] {dagbag.py:588} INFO - Filling up the DagBag from /home/airflow/.local/lib/python3.12/site-packages/airflow/example_dags/example_sensors.py
[2025-04-20T17:58:19.511+0000] {processor.py:925} INFO - DAG(s) 'example_sensors' retrieved from /home/airflow/.local/lib/python3.12/site-packages/airflow/example_dags/example_sensors.py
[2025-04-20T17:58:19.562+0000] {logging_mixin.py:190} INFO - [2025-04-20T17:58:19.562+0000] {dag.py:3239} INFO - Sync 1 DAGs
[2025-04-20T17:58:19.587+0000] {logging_mixin.py:190} INFO - [2025-04-20T17:58:19.586+0000] {dag.py:4180} INFO - Setting next_dagrun for example_sensors to None, run_after=None
[2025-04-20T17:58:19.620+0000] {processor.py:208} INFO - Processing /home/airflow/.local/lib/python3.12/site-packages/airflow/example_dags/example_sensors.py took 0.156 seconds
[2025-04-20T17:58:50.574+0000] {processor.py:186} INFO - Started process (PID=1293) to work on /home/airflow/.local/lib/python3.12/site-packages/airflow/example_dags/example_sensors.py
[2025-04-20T17:58:50.576+0000] {processor.py:914} INFO - Processing file /home/airflow/.local/lib/python3.12/site-packages/airflow/example_dags/example_sensors.py for tasks to queue
[2025-04-20T17:58:50.582+0000] {logging_mixin.py:190} INFO - [2025-04-20T17:58:50.581+0000] {dagbag.py:588} INFO - Filling up the DagBag from /home/airflow/.local/lib/python3.12/site-packages/airflow/example_dags/example_sensors.py
[2025-04-20T17:58:50.607+0000] {processor.py:925} INFO - DAG(s) 'example_sensors' retrieved from /home/airflow/.local/lib/python3.12/site-packages/airflow/example_dags/example_sensors.py
[2025-04-20T17:58:50.661+0000] {logging_mixin.py:190} INFO - [2025-04-20T17:58:50.660+0000] {dag.py:3239} INFO - Sync 1 DAGs
[2025-04-20T17:58:50.681+0000] {logging_mixin.py:190} INFO - [2025-04-20T17:58:50.681+0000] {dag.py:4180} INFO - Setting next_dagrun for example_sensors to None, run_after=None
[2025-04-20T17:58:50.711+0000] {processor.py:208} INFO - Processing /home/airflow/.local/lib/python3.12/site-packages/airflow/example_dags/example_sensors.py took 0.147 seconds
[2025-04-20T18:04:52.759+0000] {processor.py:186} INFO - Started process (PID=94) to work on /home/airflow/.local/lib/python3.12/site-packages/airflow/example_dags/example_sensors.py
[2025-04-20T18:04:52.761+0000] {processor.py:914} INFO - Processing file /home/airflow/.local/lib/python3.12/site-packages/airflow/example_dags/example_sensors.py for tasks to queue
[2025-04-20T18:04:52.764+0000] {logging_mixin.py:190} INFO - [2025-04-20T18:04:52.763+0000] {dagbag.py:588} INFO - Filling up the DagBag from /home/airflow/.local/lib/python3.12/site-packages/airflow/example_dags/example_sensors.py
[2025-04-20T18:04:52.782+0000] {processor.py:925} INFO - DAG(s) 'example_sensors' retrieved from /home/airflow/.local/lib/python3.12/site-packages/airflow/example_dags/example_sensors.py
[2025-04-20T18:04:52.948+0000] {logging_mixin.py:190} INFO - [2025-04-20T18:04:52.947+0000] {override.py:1912} INFO - Created Permission View: can read on DAG:example_sensors
[2025-04-20T18:04:52.962+0000] {logging_mixin.py:190} INFO - [2025-04-20T18:04:52.961+0000] {override.py:1912} INFO - Created Permission View: can edit on DAG:example_sensors
[2025-04-20T18:04:52.971+0000] {logging_mixin.py:190} INFO - [2025-04-20T18:04:52.970+0000] {override.py:1912} INFO - Created Permission View: can delete on DAG:example_sensors
[2025-04-20T18:04:52.983+0000] {logging_mixin.py:190} INFO - [2025-04-20T18:04:52.982+0000] {override.py:1912} INFO - Created Permission View: menu access on DAG Run:example_sensors
[2025-04-20T18:04:52.991+0000] {logging_mixin.py:190} INFO - [2025-04-20T18:04:52.991+0000] {override.py:1912} INFO - Created Permission View: can read on DAG Run:example_sensors
[2025-04-20T18:04:53.001+0000] {logging_mixin.py:190} INFO - [2025-04-20T18:04:53.001+0000] {override.py:1912} INFO - Created Permission View: can create on DAG Run:example_sensors
[2025-04-20T18:04:53.010+0000] {logging_mixin.py:190} INFO - [2025-04-20T18:04:53.010+0000] {override.py:1912} INFO - Created Permission View: can delete on DAG Run:example_sensors
[2025-04-20T18:04:53.011+0000] {logging_mixin.py:190} INFO - [2025-04-20T18:04:53.011+0000] {dag.py:3239} INFO - Sync 1 DAGs
[2025-04-20T18:04:53.031+0000] {logging_mixin.py:190} INFO - [2025-04-20T18:04:53.030+0000] {dag.py:3262} INFO - Creating ORM DAG for example_sensors
[2025-04-20T18:04:53.032+0000] {logging_mixin.py:190} INFO - [2025-04-20T18:04:53.032+0000] {dag.py:4180} INFO - Setting next_dagrun for example_sensors to None, run_after=None
[2025-04-20T18:04:53.055+0000] {processor.py:208} INFO - Processing /home/airflow/.local/lib/python3.12/site-packages/airflow/example_dags/example_sensors.py took 0.305 seconds
[2025-04-20T18:05:23.430+0000] {processor.py:186} INFO - Started process (PID=157) to work on /home/airflow/.local/lib/python3.12/site-packages/airflow/example_dags/example_sensors.py
[2025-04-20T18:05:23.432+0000] {processor.py:914} INFO - Processing file /home/airflow/.local/lib/python3.12/site-packages/airflow/example_dags/example_sensors.py for tasks to queue
[2025-04-20T18:05:23.436+0000] {logging_mixin.py:190} INFO - [2025-04-20T18:05:23.435+0000] {dagbag.py:588} INFO - Filling up the DagBag from /home/airflow/.local/lib/python3.12/site-packages/airflow/example_dags/example_sensors.py
[2025-04-20T18:05:23.450+0000] {processor.py:925} INFO - DAG(s) 'example_sensors' retrieved from /home/airflow/.local/lib/python3.12/site-packages/airflow/example_dags/example_sensors.py
[2025-04-20T18:05:23.475+0000] {logging_mixin.py:190} INFO - [2025-04-20T18:05:23.475+0000] {dag.py:3239} INFO - Sync 1 DAGs
[2025-04-20T18:05:23.491+0000] {logging_mixin.py:190} INFO - [2025-04-20T18:05:23.491+0000] {dag.py:4180} INFO - Setting next_dagrun for example_sensors to None, run_after=None
[2025-04-20T18:05:23.536+0000] {processor.py:208} INFO - Processing /home/airflow/.local/lib/python3.12/site-packages/airflow/example_dags/example_sensors.py took 0.114 seconds
[2025-04-20T18:05:55.715+0000] {processor.py:186} INFO - Started process (PID=220) to work on /home/airflow/.local/lib/python3.12/site-packages/airflow/example_dags/example_sensors.py
[2025-04-20T18:05:55.716+0000] {processor.py:914} INFO - Processing file /home/airflow/.local/lib/python3.12/site-packages/airflow/example_dags/example_sensors.py for tasks to queue
[2025-04-20T18:05:55.719+0000] {logging_mixin.py:190} INFO - [2025-04-20T18:05:55.719+0000] {dagbag.py:588} INFO - Filling up the DagBag from /home/airflow/.local/lib/python3.12/site-packages/airflow/example_dags/example_sensors.py
[2025-04-20T18:05:55.740+0000] {processor.py:925} INFO - DAG(s) 'example_sensors' retrieved from /home/airflow/.local/lib/python3.12/site-packages/airflow/example_dags/example_sensors.py
[2025-04-20T18:05:55.784+0000] {logging_mixin.py:190} INFO - [2025-04-20T18:05:55.783+0000] {dag.py:3239} INFO - Sync 1 DAGs
[2025-04-20T18:05:55.805+0000] {logging_mixin.py:190} INFO - [2025-04-20T18:05:55.805+0000] {dag.py:4180} INFO - Setting next_dagrun for example_sensors to None, run_after=None
[2025-04-20T18:05:55.831+0000] {processor.py:208} INFO - Processing /home/airflow/.local/lib/python3.12/site-packages/airflow/example_dags/example_sensors.py took 0.125 seconds
[2025-04-20T18:06:26.649+0000] {processor.py:186} INFO - Started process (PID=283) to work on /home/airflow/.local/lib/python3.12/site-packages/airflow/example_dags/example_sensors.py
[2025-04-20T18:06:26.650+0000] {processor.py:914} INFO - Processing file /home/airflow/.local/lib/python3.12/site-packages/airflow/example_dags/example_sensors.py for tasks to queue
[2025-04-20T18:06:26.653+0000] {logging_mixin.py:190} INFO - [2025-04-20T18:06:26.653+0000] {dagbag.py:588} INFO - Filling up the DagBag from /home/airflow/.local/lib/python3.12/site-packages/airflow/example_dags/example_sensors.py
[2025-04-20T18:06:26.674+0000] {processor.py:925} INFO - DAG(s) 'example_sensors' retrieved from /home/airflow/.local/lib/python3.12/site-packages/airflow/example_dags/example_sensors.py
[2025-04-20T18:06:26.721+0000] {logging_mixin.py:190} INFO - [2025-04-20T18:06:26.721+0000] {dag.py:3239} INFO - Sync 1 DAGs
[2025-04-20T18:06:26.742+0000] {logging_mixin.py:190} INFO - [2025-04-20T18:06:26.742+0000] {dag.py:4180} INFO - Setting next_dagrun for example_sensors to None, run_after=None
[2025-04-20T18:06:26.771+0000] {processor.py:208} INFO - Processing /home/airflow/.local/lib/python3.12/site-packages/airflow/example_dags/example_sensors.py took 0.130 seconds
[2025-04-20T18:06:58.647+0000] {processor.py:186} INFO - Started process (PID=346) to work on /home/airflow/.local/lib/python3.12/site-packages/airflow/example_dags/example_sensors.py
[2025-04-20T18:06:58.648+0000] {processor.py:914} INFO - Processing file /home/airflow/.local/lib/python3.12/site-packages/airflow/example_dags/example_sensors.py for tasks to queue
[2025-04-20T18:06:58.651+0000] {logging_mixin.py:190} INFO - [2025-04-20T18:06:58.650+0000] {dagbag.py:588} INFO - Filling up the DagBag from /home/airflow/.local/lib/python3.12/site-packages/airflow/example_dags/example_sensors.py
[2025-04-20T18:06:58.666+0000] {processor.py:925} INFO - DAG(s) 'example_sensors' retrieved from /home/airflow/.local/lib/python3.12/site-packages/airflow/example_dags/example_sensors.py
[2025-04-20T18:06:58.700+0000] {logging_mixin.py:190} INFO - [2025-04-20T18:06:58.700+0000] {dag.py:3239} INFO - Sync 1 DAGs
[2025-04-20T18:06:58.718+0000] {logging_mixin.py:190} INFO - [2025-04-20T18:06:58.718+0000] {dag.py:4180} INFO - Setting next_dagrun for example_sensors to None, run_after=None
[2025-04-20T18:06:58.745+0000] {processor.py:208} INFO - Processing /home/airflow/.local/lib/python3.12/site-packages/airflow/example_dags/example_sensors.py took 0.107 seconds
[2025-04-20T18:07:30.097+0000] {processor.py:186} INFO - Started process (PID=409) to work on /home/airflow/.local/lib/python3.12/site-packages/airflow/example_dags/example_sensors.py
[2025-04-20T18:07:30.100+0000] {processor.py:914} INFO - Processing file /home/airflow/.local/lib/python3.12/site-packages/airflow/example_dags/example_sensors.py for tasks to queue
[2025-04-20T18:07:30.104+0000] {logging_mixin.py:190} INFO - [2025-04-20T18:07:30.103+0000] {dagbag.py:588} INFO - Filling up the DagBag from /home/airflow/.local/lib/python3.12/site-packages/airflow/example_dags/example_sensors.py
[2025-04-20T18:07:30.124+0000] {processor.py:925} INFO - DAG(s) 'example_sensors' retrieved from /home/airflow/.local/lib/python3.12/site-packages/airflow/example_dags/example_sensors.py
[2025-04-20T18:07:30.167+0000] {logging_mixin.py:190} INFO - [2025-04-20T18:07:30.167+0000] {dag.py:3239} INFO - Sync 1 DAGs
[2025-04-20T18:07:30.197+0000] {logging_mixin.py:190} INFO - [2025-04-20T18:07:30.196+0000] {dag.py:4180} INFO - Setting next_dagrun for example_sensors to None, run_after=None
[2025-04-20T18:07:30.234+0000] {processor.py:208} INFO - Processing /home/airflow/.local/lib/python3.12/site-packages/airflow/example_dags/example_sensors.py took 0.153 seconds
[2025-04-20T18:08:01.754+0000] {processor.py:186} INFO - Started process (PID=472) to work on /home/airflow/.local/lib/python3.12/site-packages/airflow/example_dags/example_sensors.py
[2025-04-20T18:08:01.756+0000] {processor.py:914} INFO - Processing file /home/airflow/.local/lib/python3.12/site-packages/airflow/example_dags/example_sensors.py for tasks to queue
[2025-04-20T18:08:01.759+0000] {logging_mixin.py:190} INFO - [2025-04-20T18:08:01.759+0000] {dagbag.py:588} INFO - Filling up the DagBag from /home/airflow/.local/lib/python3.12/site-packages/airflow/example_dags/example_sensors.py
[2025-04-20T18:08:01.776+0000] {processor.py:925} INFO - DAG(s) 'example_sensors' retrieved from /home/airflow/.local/lib/python3.12/site-packages/airflow/example_dags/example_sensors.py
[2025-04-20T18:08:01.822+0000] {logging_mixin.py:190} INFO - [2025-04-20T18:08:01.822+0000] {dag.py:3239} INFO - Sync 1 DAGs
[2025-04-20T18:08:01.845+0000] {logging_mixin.py:190} INFO - [2025-04-20T18:08:01.844+0000] {dag.py:4180} INFO - Setting next_dagrun for example_sensors to None, run_after=None
[2025-04-20T18:08:01.897+0000] {processor.py:208} INFO - Processing /home/airflow/.local/lib/python3.12/site-packages/airflow/example_dags/example_sensors.py took 0.152 seconds
[2025-04-20T18:08:33.355+0000] {processor.py:186} INFO - Started process (PID=535) to work on /home/airflow/.local/lib/python3.12/site-packages/airflow/example_dags/example_sensors.py
[2025-04-20T18:08:33.357+0000] {processor.py:914} INFO - Processing file /home/airflow/.local/lib/python3.12/site-packages/airflow/example_dags/example_sensors.py for tasks to queue
[2025-04-20T18:08:33.361+0000] {logging_mixin.py:190} INFO - [2025-04-20T18:08:33.361+0000] {dagbag.py:588} INFO - Filling up the DagBag from /home/airflow/.local/lib/python3.12/site-packages/airflow/example_dags/example_sensors.py
[2025-04-20T18:08:33.386+0000] {processor.py:925} INFO - DAG(s) 'example_sensors' retrieved from /home/airflow/.local/lib/python3.12/site-packages/airflow/example_dags/example_sensors.py
[2025-04-20T18:08:33.432+0000] {logging_mixin.py:190} INFO - [2025-04-20T18:08:33.432+0000] {dag.py:3239} INFO - Sync 1 DAGs
[2025-04-20T18:08:33.456+0000] {logging_mixin.py:190} INFO - [2025-04-20T18:08:33.455+0000] {dag.py:4180} INFO - Setting next_dagrun for example_sensors to None, run_after=None
[2025-04-20T18:08:33.498+0000] {processor.py:208} INFO - Processing /home/airflow/.local/lib/python3.12/site-packages/airflow/example_dags/example_sensors.py took 0.155 seconds
[2025-04-20T18:09:04.762+0000] {processor.py:186} INFO - Started process (PID=598) to work on /home/airflow/.local/lib/python3.12/site-packages/airflow/example_dags/example_sensors.py
[2025-04-20T18:09:04.764+0000] {processor.py:914} INFO - Processing file /home/airflow/.local/lib/python3.12/site-packages/airflow/example_dags/example_sensors.py for tasks to queue
[2025-04-20T18:09:04.767+0000] {logging_mixin.py:190} INFO - [2025-04-20T18:09:04.767+0000] {dagbag.py:588} INFO - Filling up the DagBag from /home/airflow/.local/lib/python3.12/site-packages/airflow/example_dags/example_sensors.py
[2025-04-20T18:09:04.783+0000] {processor.py:925} INFO - DAG(s) 'example_sensors' retrieved from /home/airflow/.local/lib/python3.12/site-packages/airflow/example_dags/example_sensors.py
[2025-04-20T18:09:04.818+0000] {logging_mixin.py:190} INFO - [2025-04-20T18:09:04.818+0000] {dag.py:3239} INFO - Sync 1 DAGs
[2025-04-20T18:09:04.839+0000] {logging_mixin.py:190} INFO - [2025-04-20T18:09:04.839+0000] {dag.py:4180} INFO - Setting next_dagrun for example_sensors to None, run_after=None
[2025-04-20T18:09:04.867+0000] {processor.py:208} INFO - Processing /home/airflow/.local/lib/python3.12/site-packages/airflow/example_dags/example_sensors.py took 0.113 seconds
[2025-04-20T18:09:35.762+0000] {processor.py:186} INFO - Started process (PID=661) to work on /home/airflow/.local/lib/python3.12/site-packages/airflow/example_dags/example_sensors.py
[2025-04-20T18:09:35.764+0000] {processor.py:914} INFO - Processing file /home/airflow/.local/lib/python3.12/site-packages/airflow/example_dags/example_sensors.py for tasks to queue
[2025-04-20T18:09:35.768+0000] {logging_mixin.py:190} INFO - [2025-04-20T18:09:35.767+0000] {dagbag.py:588} INFO - Filling up the DagBag from /home/airflow/.local/lib/python3.12/site-packages/airflow/example_dags/example_sensors.py
[2025-04-20T18:09:35.784+0000] {processor.py:925} INFO - DAG(s) 'example_sensors' retrieved from /home/airflow/.local/lib/python3.12/site-packages/airflow/example_dags/example_sensors.py
[2025-04-20T18:09:35.819+0000] {logging_mixin.py:190} INFO - [2025-04-20T18:09:35.819+0000] {dag.py:3239} INFO - Sync 1 DAGs
[2025-04-20T18:09:35.839+0000] {logging_mixin.py:190} INFO - [2025-04-20T18:09:35.838+0000] {dag.py:4180} INFO - Setting next_dagrun for example_sensors to None, run_after=None
[2025-04-20T18:09:35.866+0000] {processor.py:208} INFO - Processing /home/airflow/.local/lib/python3.12/site-packages/airflow/example_dags/example_sensors.py took 0.114 seconds
