[2025-04-20T17:48:55.753+0000] {processor.py:186} INFO - Started process (PID=105) to work on /home/airflow/.local/lib/python3.12/site-packages/airflow/example_dags/tutorial_taskflow_api.py
[2025-04-20T17:48:55.754+0000] {processor.py:914} INFO - Processing file /home/airflow/.local/lib/python3.12/site-packages/airflow/example_dags/tutorial_taskflow_api.py for tasks to queue
[2025-04-20T17:48:55.760+0000] {logging_mixin.py:190} INFO - [2025-04-20T17:48:55.759+0000] {dagbag.py:588} INFO - Filling up the DagBag from /home/airflow/.local/lib/python3.12/site-packages/airflow/example_dags/tutorial_taskflow_api.py
[2025-04-20T17:48:55.777+0000] {processor.py:925} INFO - DAG(s) 'tutorial_taskflow_api' retrieved from /home/airflow/.local/lib/python3.12/site-packages/airflow/example_dags/tutorial_taskflow_api.py
[2025-04-20T17:48:55.925+0000] {logging_mixin.py:190} INFO - [2025-04-20T17:48:55.925+0000] {override.py:1912} INFO - Created Permission View: can read on DAG:tutorial_taskflow_api
[2025-04-20T17:48:55.942+0000] {logging_mixin.py:190} INFO - [2025-04-20T17:48:55.941+0000] {override.py:1912} INFO - Created Permission View: can edit on DAG:tutorial_taskflow_api
[2025-04-20T17:48:55.951+0000] {logging_mixin.py:190} INFO - [2025-04-20T17:48:55.951+0000] {override.py:1912} INFO - Created Permission View: can delete on DAG:tutorial_taskflow_api
[2025-04-20T17:48:55.965+0000] {logging_mixin.py:190} INFO - [2025-04-20T17:48:55.964+0000] {override.py:1912} INFO - Created Permission View: can read on DAG Run:tutorial_taskflow_api
[2025-04-20T17:48:55.974+0000] {logging_mixin.py:190} INFO - [2025-04-20T17:48:55.973+0000] {override.py:1912} INFO - Created Permission View: can create on DAG Run:tutorial_taskflow_api
[2025-04-20T17:48:55.982+0000] {logging_mixin.py:190} INFO - [2025-04-20T17:48:55.982+0000] {override.py:1912} INFO - Created Permission View: menu access on DAG Run:tutorial_taskflow_api
[2025-04-20T17:48:55.991+0000] {logging_mixin.py:190} INFO - [2025-04-20T17:48:55.990+0000] {override.py:1912} INFO - Created Permission View: can delete on DAG Run:tutorial_taskflow_api
[2025-04-20T17:48:55.992+0000] {logging_mixin.py:190} INFO - [2025-04-20T17:48:55.991+0000] {dag.py:3239} INFO - Sync 1 DAGs
[2025-04-20T17:48:56.010+0000] {logging_mixin.py:190} INFO - [2025-04-20T17:48:56.010+0000] {dag.py:3262} INFO - Creating ORM DAG for tutorial_taskflow_api
[2025-04-20T17:48:56.011+0000] {logging_mixin.py:190} INFO - [2025-04-20T17:48:56.011+0000] {dag.py:4180} INFO - Setting next_dagrun for tutorial_taskflow_api to None, run_after=None
[2025-04-20T17:48:56.034+0000] {processor.py:208} INFO - Processing /home/airflow/.local/lib/python3.12/site-packages/airflow/example_dags/tutorial_taskflow_api.py took 0.292 seconds
[2025-04-20T17:49:26.242+0000] {processor.py:186} INFO - Started process (PID=168) to work on /home/airflow/.local/lib/python3.12/site-packages/airflow/example_dags/tutorial_taskflow_api.py
[2025-04-20T17:49:26.244+0000] {processor.py:914} INFO - Processing file /home/airflow/.local/lib/python3.12/site-packages/airflow/example_dags/tutorial_taskflow_api.py for tasks to queue
[2025-04-20T17:49:26.249+0000] {logging_mixin.py:190} INFO - [2025-04-20T17:49:26.248+0000] {dagbag.py:588} INFO - Filling up the DagBag from /home/airflow/.local/lib/python3.12/site-packages/airflow/example_dags/tutorial_taskflow_api.py
[2025-04-20T17:49:26.262+0000] {processor.py:925} INFO - DAG(s) 'tutorial_taskflow_api' retrieved from /home/airflow/.local/lib/python3.12/site-packages/airflow/example_dags/tutorial_taskflow_api.py
[2025-04-20T17:49:26.287+0000] {logging_mixin.py:190} INFO - [2025-04-20T17:49:26.287+0000] {dag.py:3239} INFO - Sync 1 DAGs
[2025-04-20T17:49:26.315+0000] {logging_mixin.py:190} INFO - [2025-04-20T17:49:26.315+0000] {dag.py:4180} INFO - Setting next_dagrun for tutorial_taskflow_api to None, run_after=None
[2025-04-20T17:49:26.358+0000] {processor.py:208} INFO - Processing /home/airflow/.local/lib/python3.12/site-packages/airflow/example_dags/tutorial_taskflow_api.py took 0.125 seconds
[2025-04-20T17:49:57.523+0000] {processor.py:186} INFO - Started process (PID=231) to work on /home/airflow/.local/lib/python3.12/site-packages/airflow/example_dags/tutorial_taskflow_api.py
[2025-04-20T17:49:57.527+0000] {processor.py:914} INFO - Processing file /home/airflow/.local/lib/python3.12/site-packages/airflow/example_dags/tutorial_taskflow_api.py for tasks to queue
[2025-04-20T17:49:57.533+0000] {logging_mixin.py:190} INFO - [2025-04-20T17:49:57.532+0000] {dagbag.py:588} INFO - Filling up the DagBag from /home/airflow/.local/lib/python3.12/site-packages/airflow/example_dags/tutorial_taskflow_api.py
[2025-04-20T17:49:57.556+0000] {processor.py:925} INFO - DAG(s) 'tutorial_taskflow_api' retrieved from /home/airflow/.local/lib/python3.12/site-packages/airflow/example_dags/tutorial_taskflow_api.py
[2025-04-20T17:49:57.592+0000] {logging_mixin.py:190} INFO - [2025-04-20T17:49:57.591+0000] {dag.py:3239} INFO - Sync 1 DAGs
[2025-04-20T17:49:57.629+0000] {logging_mixin.py:190} INFO - [2025-04-20T17:49:57.629+0000] {dag.py:4180} INFO - Setting next_dagrun for tutorial_taskflow_api to None, run_after=None
[2025-04-20T17:49:57.663+0000] {processor.py:208} INFO - Processing /home/airflow/.local/lib/python3.12/site-packages/airflow/example_dags/tutorial_taskflow_api.py took 0.157 seconds
[2025-04-20T17:50:28.246+0000] {processor.py:186} INFO - Started process (PID=293) to work on /home/airflow/.local/lib/python3.12/site-packages/airflow/example_dags/tutorial_taskflow_api.py
[2025-04-20T17:50:28.247+0000] {processor.py:914} INFO - Processing file /home/airflow/.local/lib/python3.12/site-packages/airflow/example_dags/tutorial_taskflow_api.py for tasks to queue
[2025-04-20T17:50:28.250+0000] {logging_mixin.py:190} INFO - [2025-04-20T17:50:28.250+0000] {dagbag.py:588} INFO - Filling up the DagBag from /home/airflow/.local/lib/python3.12/site-packages/airflow/example_dags/tutorial_taskflow_api.py
[2025-04-20T17:50:28.259+0000] {processor.py:925} INFO - DAG(s) 'tutorial_taskflow_api' retrieved from /home/airflow/.local/lib/python3.12/site-packages/airflow/example_dags/tutorial_taskflow_api.py
[2025-04-20T17:50:28.282+0000] {logging_mixin.py:190} INFO - [2025-04-20T17:50:28.281+0000] {dag.py:3239} INFO - Sync 1 DAGs
[2025-04-20T17:50:28.300+0000] {logging_mixin.py:190} INFO - [2025-04-20T17:50:28.300+0000] {dag.py:4180} INFO - Setting next_dagrun for tutorial_taskflow_api to None, run_after=None
[2025-04-20T17:50:28.324+0000] {processor.py:208} INFO - Processing /home/airflow/.local/lib/python3.12/site-packages/airflow/example_dags/tutorial_taskflow_api.py took 0.085 seconds
[2025-04-20T17:50:59.062+0000] {processor.py:186} INFO - Started process (PID=356) to work on /home/airflow/.local/lib/python3.12/site-packages/airflow/example_dags/tutorial_taskflow_api.py
[2025-04-20T17:50:59.064+0000] {processor.py:914} INFO - Processing file /home/airflow/.local/lib/python3.12/site-packages/airflow/example_dags/tutorial_taskflow_api.py for tasks to queue
[2025-04-20T17:50:59.068+0000] {logging_mixin.py:190} INFO - [2025-04-20T17:50:59.067+0000] {dagbag.py:588} INFO - Filling up the DagBag from /home/airflow/.local/lib/python3.12/site-packages/airflow/example_dags/tutorial_taskflow_api.py
[2025-04-20T17:50:59.082+0000] {processor.py:925} INFO - DAG(s) 'tutorial_taskflow_api' retrieved from /home/airflow/.local/lib/python3.12/site-packages/airflow/example_dags/tutorial_taskflow_api.py
[2025-04-20T17:50:59.108+0000] {logging_mixin.py:190} INFO - [2025-04-20T17:50:59.108+0000] {dag.py:3239} INFO - Sync 1 DAGs
[2025-04-20T17:50:59.130+0000] {logging_mixin.py:190} INFO - [2025-04-20T17:50:59.130+0000] {dag.py:4180} INFO - Setting next_dagrun for tutorial_taskflow_api to None, run_after=None
[2025-04-20T17:50:59.162+0000] {processor.py:208} INFO - Processing /home/airflow/.local/lib/python3.12/site-packages/airflow/example_dags/tutorial_taskflow_api.py took 0.109 seconds
[2025-04-20T17:51:30.985+0000] {processor.py:186} INFO - Started process (PID=419) to work on /home/airflow/.local/lib/python3.12/site-packages/airflow/example_dags/tutorial_taskflow_api.py
[2025-04-20T17:51:30.990+0000] {processor.py:914} INFO - Processing file /home/airflow/.local/lib/python3.12/site-packages/airflow/example_dags/tutorial_taskflow_api.py for tasks to queue
[2025-04-20T17:51:30.994+0000] {logging_mixin.py:190} INFO - [2025-04-20T17:51:30.993+0000] {dagbag.py:588} INFO - Filling up the DagBag from /home/airflow/.local/lib/python3.12/site-packages/airflow/example_dags/tutorial_taskflow_api.py
[2025-04-20T17:51:31.008+0000] {processor.py:925} INFO - DAG(s) 'tutorial_taskflow_api' retrieved from /home/airflow/.local/lib/python3.12/site-packages/airflow/example_dags/tutorial_taskflow_api.py
[2025-04-20T17:51:31.034+0000] {logging_mixin.py:190} INFO - [2025-04-20T17:51:31.034+0000] {dag.py:3239} INFO - Sync 1 DAGs
[2025-04-20T17:51:31.053+0000] {logging_mixin.py:190} INFO - [2025-04-20T17:51:31.053+0000] {dag.py:4180} INFO - Setting next_dagrun for tutorial_taskflow_api to None, run_after=None
[2025-04-20T17:51:31.078+0000] {processor.py:208} INFO - Processing /home/airflow/.local/lib/python3.12/site-packages/airflow/example_dags/tutorial_taskflow_api.py took 0.103 seconds
[2025-04-20T17:52:02.553+0000] {processor.py:186} INFO - Started process (PID=482) to work on /home/airflow/.local/lib/python3.12/site-packages/airflow/example_dags/tutorial_taskflow_api.py
[2025-04-20T17:52:02.554+0000] {processor.py:914} INFO - Processing file /home/airflow/.local/lib/python3.12/site-packages/airflow/example_dags/tutorial_taskflow_api.py for tasks to queue
[2025-04-20T17:52:02.557+0000] {logging_mixin.py:190} INFO - [2025-04-20T17:52:02.557+0000] {dagbag.py:588} INFO - Filling up the DagBag from /home/airflow/.local/lib/python3.12/site-packages/airflow/example_dags/tutorial_taskflow_api.py
[2025-04-20T17:52:02.573+0000] {processor.py:925} INFO - DAG(s) 'tutorial_taskflow_api' retrieved from /home/airflow/.local/lib/python3.12/site-packages/airflow/example_dags/tutorial_taskflow_api.py
[2025-04-20T17:52:02.597+0000] {logging_mixin.py:190} INFO - [2025-04-20T17:52:02.596+0000] {dag.py:3239} INFO - Sync 1 DAGs
[2025-04-20T17:52:02.615+0000] {logging_mixin.py:190} INFO - [2025-04-20T17:52:02.615+0000] {dag.py:4180} INFO - Setting next_dagrun for tutorial_taskflow_api to None, run_after=None
[2025-04-20T17:52:02.641+0000] {processor.py:208} INFO - Processing /home/airflow/.local/lib/python3.12/site-packages/airflow/example_dags/tutorial_taskflow_api.py took 0.096 seconds
[2025-04-20T17:52:34.413+0000] {processor.py:186} INFO - Started process (PID=551) to work on /home/airflow/.local/lib/python3.12/site-packages/airflow/example_dags/tutorial_taskflow_api.py
[2025-04-20T17:52:34.414+0000] {processor.py:914} INFO - Processing file /home/airflow/.local/lib/python3.12/site-packages/airflow/example_dags/tutorial_taskflow_api.py for tasks to queue
[2025-04-20T17:52:34.418+0000] {logging_mixin.py:190} INFO - [2025-04-20T17:52:34.417+0000] {dagbag.py:588} INFO - Filling up the DagBag from /home/airflow/.local/lib/python3.12/site-packages/airflow/example_dags/tutorial_taskflow_api.py
[2025-04-20T17:52:34.431+0000] {processor.py:925} INFO - DAG(s) 'tutorial_taskflow_api' retrieved from /home/airflow/.local/lib/python3.12/site-packages/airflow/example_dags/tutorial_taskflow_api.py
[2025-04-20T17:52:34.490+0000] {logging_mixin.py:190} INFO - [2025-04-20T17:52:34.490+0000] {dag.py:3239} INFO - Sync 1 DAGs
[2025-04-20T17:52:34.528+0000] {logging_mixin.py:190} INFO - [2025-04-20T17:52:34.528+0000] {dag.py:4180} INFO - Setting next_dagrun for tutorial_taskflow_api to None, run_after=None
[2025-04-20T17:52:34.557+0000] {processor.py:208} INFO - Processing /home/airflow/.local/lib/python3.12/site-packages/airflow/example_dags/tutorial_taskflow_api.py took 0.154 seconds
[2025-04-20T17:53:06.836+0000] {processor.py:186} INFO - Started process (PID=614) to work on /home/airflow/.local/lib/python3.12/site-packages/airflow/example_dags/tutorial_taskflow_api.py
[2025-04-20T17:53:06.838+0000] {processor.py:914} INFO - Processing file /home/airflow/.local/lib/python3.12/site-packages/airflow/example_dags/tutorial_taskflow_api.py for tasks to queue
[2025-04-20T17:53:06.843+0000] {logging_mixin.py:190} INFO - [2025-04-20T17:53:06.842+0000] {dagbag.py:588} INFO - Filling up the DagBag from /home/airflow/.local/lib/python3.12/site-packages/airflow/example_dags/tutorial_taskflow_api.py
[2025-04-20T17:53:06.861+0000] {processor.py:925} INFO - DAG(s) 'tutorial_taskflow_api' retrieved from /home/airflow/.local/lib/python3.12/site-packages/airflow/example_dags/tutorial_taskflow_api.py
[2025-04-20T17:53:06.919+0000] {logging_mixin.py:190} INFO - [2025-04-20T17:53:06.919+0000] {dag.py:3239} INFO - Sync 1 DAGs
[2025-04-20T17:53:06.972+0000] {logging_mixin.py:190} INFO - [2025-04-20T17:53:06.972+0000] {dag.py:4180} INFO - Setting next_dagrun for tutorial_taskflow_api to None, run_after=None
[2025-04-20T17:53:07.018+0000] {processor.py:208} INFO - Processing /home/airflow/.local/lib/python3.12/site-packages/airflow/example_dags/tutorial_taskflow_api.py took 0.208 seconds
[2025-04-20T17:53:38.448+0000] {processor.py:186} INFO - Started process (PID=676) to work on /home/airflow/.local/lib/python3.12/site-packages/airflow/example_dags/tutorial_taskflow_api.py
[2025-04-20T17:53:38.450+0000] {processor.py:914} INFO - Processing file /home/airflow/.local/lib/python3.12/site-packages/airflow/example_dags/tutorial_taskflow_api.py for tasks to queue
[2025-04-20T17:53:38.454+0000] {logging_mixin.py:190} INFO - [2025-04-20T17:53:38.454+0000] {dagbag.py:588} INFO - Filling up the DagBag from /home/airflow/.local/lib/python3.12/site-packages/airflow/example_dags/tutorial_taskflow_api.py
[2025-04-20T17:53:38.465+0000] {processor.py:925} INFO - DAG(s) 'tutorial_taskflow_api' retrieved from /home/airflow/.local/lib/python3.12/site-packages/airflow/example_dags/tutorial_taskflow_api.py
[2025-04-20T17:53:38.491+0000] {logging_mixin.py:190} INFO - [2025-04-20T17:53:38.491+0000] {dag.py:3239} INFO - Sync 1 DAGs
[2025-04-20T17:53:38.519+0000] {logging_mixin.py:190} INFO - [2025-04-20T17:53:38.518+0000] {dag.py:4180} INFO - Setting next_dagrun for tutorial_taskflow_api to None, run_after=None
[2025-04-20T17:53:38.548+0000] {processor.py:208} INFO - Processing /home/airflow/.local/lib/python3.12/site-packages/airflow/example_dags/tutorial_taskflow_api.py took 0.111 seconds
[2025-04-20T17:54:09.748+0000] {processor.py:186} INFO - Started process (PID=739) to work on /home/airflow/.local/lib/python3.12/site-packages/airflow/example_dags/tutorial_taskflow_api.py
[2025-04-20T17:54:09.749+0000] {processor.py:914} INFO - Processing file /home/airflow/.local/lib/python3.12/site-packages/airflow/example_dags/tutorial_taskflow_api.py for tasks to queue
[2025-04-20T17:54:09.753+0000] {logging_mixin.py:190} INFO - [2025-04-20T17:54:09.752+0000] {dagbag.py:588} INFO - Filling up the DagBag from /home/airflow/.local/lib/python3.12/site-packages/airflow/example_dags/tutorial_taskflow_api.py
[2025-04-20T17:54:09.763+0000] {processor.py:925} INFO - DAG(s) 'tutorial_taskflow_api' retrieved from /home/airflow/.local/lib/python3.12/site-packages/airflow/example_dags/tutorial_taskflow_api.py
[2025-04-20T17:54:09.797+0000] {logging_mixin.py:190} INFO - [2025-04-20T17:54:09.796+0000] {dag.py:3239} INFO - Sync 1 DAGs
[2025-04-20T17:54:09.821+0000] {logging_mixin.py:190} INFO - [2025-04-20T17:54:09.820+0000] {dag.py:4180} INFO - Setting next_dagrun for tutorial_taskflow_api to None, run_after=None
[2025-04-20T17:54:09.847+0000] {processor.py:208} INFO - Processing /home/airflow/.local/lib/python3.12/site-packages/airflow/example_dags/tutorial_taskflow_api.py took 0.106 seconds
[2025-04-20T17:54:40.917+0000] {processor.py:186} INFO - Started process (PID=802) to work on /home/airflow/.local/lib/python3.12/site-packages/airflow/example_dags/tutorial_taskflow_api.py
[2025-04-20T17:54:40.919+0000] {processor.py:914} INFO - Processing file /home/airflow/.local/lib/python3.12/site-packages/airflow/example_dags/tutorial_taskflow_api.py for tasks to queue
[2025-04-20T17:54:40.922+0000] {logging_mixin.py:190} INFO - [2025-04-20T17:54:40.922+0000] {dagbag.py:588} INFO - Filling up the DagBag from /home/airflow/.local/lib/python3.12/site-packages/airflow/example_dags/tutorial_taskflow_api.py
[2025-04-20T17:54:40.936+0000] {processor.py:925} INFO - DAG(s) 'tutorial_taskflow_api' retrieved from /home/airflow/.local/lib/python3.12/site-packages/airflow/example_dags/tutorial_taskflow_api.py
[2025-04-20T17:54:40.969+0000] {logging_mixin.py:190} INFO - [2025-04-20T17:54:40.968+0000] {dag.py:3239} INFO - Sync 1 DAGs
[2025-04-20T17:54:40.995+0000] {logging_mixin.py:190} INFO - [2025-04-20T17:54:40.995+0000] {dag.py:4180} INFO - Setting next_dagrun for tutorial_taskflow_api to None, run_after=None
[2025-04-20T17:54:41.030+0000] {processor.py:208} INFO - Processing /home/airflow/.local/lib/python3.12/site-packages/airflow/example_dags/tutorial_taskflow_api.py took 0.123 seconds
[2025-04-20T17:55:12.207+0000] {processor.py:186} INFO - Started process (PID=865) to work on /home/airflow/.local/lib/python3.12/site-packages/airflow/example_dags/tutorial_taskflow_api.py
[2025-04-20T17:55:12.209+0000] {processor.py:914} INFO - Processing file /home/airflow/.local/lib/python3.12/site-packages/airflow/example_dags/tutorial_taskflow_api.py for tasks to queue
[2025-04-20T17:55:12.213+0000] {logging_mixin.py:190} INFO - [2025-04-20T17:55:12.212+0000] {dagbag.py:588} INFO - Filling up the DagBag from /home/airflow/.local/lib/python3.12/site-packages/airflow/example_dags/tutorial_taskflow_api.py
[2025-04-20T17:55:12.229+0000] {processor.py:925} INFO - DAG(s) 'tutorial_taskflow_api' retrieved from /home/airflow/.local/lib/python3.12/site-packages/airflow/example_dags/tutorial_taskflow_api.py
[2025-04-20T17:55:12.253+0000] {logging_mixin.py:190} INFO - [2025-04-20T17:55:12.253+0000] {dag.py:3239} INFO - Sync 1 DAGs
[2025-04-20T17:55:12.273+0000] {logging_mixin.py:190} INFO - [2025-04-20T17:55:12.273+0000] {dag.py:4180} INFO - Setting next_dagrun for tutorial_taskflow_api to None, run_after=None
[2025-04-20T17:55:12.299+0000] {processor.py:208} INFO - Processing /home/airflow/.local/lib/python3.12/site-packages/airflow/example_dags/tutorial_taskflow_api.py took 0.102 seconds
[2025-04-20T17:55:44.258+0000] {processor.py:186} INFO - Started process (PID=928) to work on /home/airflow/.local/lib/python3.12/site-packages/airflow/example_dags/tutorial_taskflow_api.py
[2025-04-20T17:55:44.259+0000] {processor.py:914} INFO - Processing file /home/airflow/.local/lib/python3.12/site-packages/airflow/example_dags/tutorial_taskflow_api.py for tasks to queue
[2025-04-20T17:55:44.262+0000] {logging_mixin.py:190} INFO - [2025-04-20T17:55:44.262+0000] {dagbag.py:588} INFO - Filling up the DagBag from /home/airflow/.local/lib/python3.12/site-packages/airflow/example_dags/tutorial_taskflow_api.py
[2025-04-20T17:55:44.274+0000] {processor.py:925} INFO - DAG(s) 'tutorial_taskflow_api' retrieved from /home/airflow/.local/lib/python3.12/site-packages/airflow/example_dags/tutorial_taskflow_api.py
[2025-04-20T17:55:44.300+0000] {logging_mixin.py:190} INFO - [2025-04-20T17:55:44.300+0000] {dag.py:3239} INFO - Sync 1 DAGs
[2025-04-20T17:55:44.318+0000] {logging_mixin.py:190} INFO - [2025-04-20T17:55:44.317+0000] {dag.py:4180} INFO - Setting next_dagrun for tutorial_taskflow_api to None, run_after=None
[2025-04-20T17:55:44.347+0000] {processor.py:208} INFO - Processing /home/airflow/.local/lib/python3.12/site-packages/airflow/example_dags/tutorial_taskflow_api.py took 0.097 seconds
[2025-04-20T17:56:15.333+0000] {processor.py:186} INFO - Started process (PID=991) to work on /home/airflow/.local/lib/python3.12/site-packages/airflow/example_dags/tutorial_taskflow_api.py
[2025-04-20T17:56:15.335+0000] {processor.py:914} INFO - Processing file /home/airflow/.local/lib/python3.12/site-packages/airflow/example_dags/tutorial_taskflow_api.py for tasks to queue
[2025-04-20T17:56:15.346+0000] {logging_mixin.py:190} INFO - [2025-04-20T17:56:15.344+0000] {dagbag.py:588} INFO - Filling up the DagBag from /home/airflow/.local/lib/python3.12/site-packages/airflow/example_dags/tutorial_taskflow_api.py
[2025-04-20T17:56:15.368+0000] {processor.py:925} INFO - DAG(s) 'tutorial_taskflow_api' retrieved from /home/airflow/.local/lib/python3.12/site-packages/airflow/example_dags/tutorial_taskflow_api.py
[2025-04-20T17:56:15.409+0000] {logging_mixin.py:190} INFO - [2025-04-20T17:56:15.409+0000] {dag.py:3239} INFO - Sync 1 DAGs
[2025-04-20T17:56:15.447+0000] {logging_mixin.py:190} INFO - [2025-04-20T17:56:15.446+0000] {dag.py:4180} INFO - Setting next_dagrun for tutorial_taskflow_api to None, run_after=None
[2025-04-20T17:56:15.483+0000] {processor.py:208} INFO - Processing /home/airflow/.local/lib/python3.12/site-packages/airflow/example_dags/tutorial_taskflow_api.py took 0.168 seconds
[2025-04-20T17:56:47.138+0000] {processor.py:186} INFO - Started process (PID=1054) to work on /home/airflow/.local/lib/python3.12/site-packages/airflow/example_dags/tutorial_taskflow_api.py
[2025-04-20T17:56:47.139+0000] {processor.py:914} INFO - Processing file /home/airflow/.local/lib/python3.12/site-packages/airflow/example_dags/tutorial_taskflow_api.py for tasks to queue
[2025-04-20T17:56:47.142+0000] {logging_mixin.py:190} INFO - [2025-04-20T17:56:47.142+0000] {dagbag.py:588} INFO - Filling up the DagBag from /home/airflow/.local/lib/python3.12/site-packages/airflow/example_dags/tutorial_taskflow_api.py
[2025-04-20T17:56:47.154+0000] {processor.py:925} INFO - DAG(s) 'tutorial_taskflow_api' retrieved from /home/airflow/.local/lib/python3.12/site-packages/airflow/example_dags/tutorial_taskflow_api.py
[2025-04-20T17:56:47.181+0000] {logging_mixin.py:190} INFO - [2025-04-20T17:56:47.181+0000] {dag.py:3239} INFO - Sync 1 DAGs
[2025-04-20T17:56:47.201+0000] {logging_mixin.py:190} INFO - [2025-04-20T17:56:47.201+0000] {dag.py:4180} INFO - Setting next_dagrun for tutorial_taskflow_api to None, run_after=None
[2025-04-20T17:56:47.228+0000] {processor.py:208} INFO - Processing /home/airflow/.local/lib/python3.12/site-packages/airflow/example_dags/tutorial_taskflow_api.py took 0.099 seconds
[2025-04-20T17:57:18.245+0000] {processor.py:186} INFO - Started process (PID=1117) to work on /home/airflow/.local/lib/python3.12/site-packages/airflow/example_dags/tutorial_taskflow_api.py
[2025-04-20T17:57:18.246+0000] {processor.py:914} INFO - Processing file /home/airflow/.local/lib/python3.12/site-packages/airflow/example_dags/tutorial_taskflow_api.py for tasks to queue
[2025-04-20T17:57:18.249+0000] {logging_mixin.py:190} INFO - [2025-04-20T17:57:18.248+0000] {dagbag.py:588} INFO - Filling up the DagBag from /home/airflow/.local/lib/python3.12/site-packages/airflow/example_dags/tutorial_taskflow_api.py
[2025-04-20T17:57:18.261+0000] {processor.py:925} INFO - DAG(s) 'tutorial_taskflow_api' retrieved from /home/airflow/.local/lib/python3.12/site-packages/airflow/example_dags/tutorial_taskflow_api.py
[2025-04-20T17:57:18.284+0000] {logging_mixin.py:190} INFO - [2025-04-20T17:57:18.284+0000] {dag.py:3239} INFO - Sync 1 DAGs
[2025-04-20T17:57:18.318+0000] {logging_mixin.py:190} INFO - [2025-04-20T17:57:18.318+0000] {dag.py:4180} INFO - Setting next_dagrun for tutorial_taskflow_api to None, run_after=None
[2025-04-20T17:57:18.351+0000] {processor.py:208} INFO - Processing /home/airflow/.local/lib/python3.12/site-packages/airflow/example_dags/tutorial_taskflow_api.py took 0.119 seconds
[2025-04-20T17:57:49.422+0000] {processor.py:186} INFO - Started process (PID=1180) to work on /home/airflow/.local/lib/python3.12/site-packages/airflow/example_dags/tutorial_taskflow_api.py
[2025-04-20T17:57:49.423+0000] {processor.py:914} INFO - Processing file /home/airflow/.local/lib/python3.12/site-packages/airflow/example_dags/tutorial_taskflow_api.py for tasks to queue
[2025-04-20T17:57:49.427+0000] {logging_mixin.py:190} INFO - [2025-04-20T17:57:49.427+0000] {dagbag.py:588} INFO - Filling up the DagBag from /home/airflow/.local/lib/python3.12/site-packages/airflow/example_dags/tutorial_taskflow_api.py
[2025-04-20T17:57:49.439+0000] {processor.py:925} INFO - DAG(s) 'tutorial_taskflow_api' retrieved from /home/airflow/.local/lib/python3.12/site-packages/airflow/example_dags/tutorial_taskflow_api.py
[2025-04-20T17:57:49.465+0000] {logging_mixin.py:190} INFO - [2025-04-20T17:57:49.465+0000] {dag.py:3239} INFO - Sync 1 DAGs
[2025-04-20T17:57:49.484+0000] {logging_mixin.py:190} INFO - [2025-04-20T17:57:49.484+0000] {dag.py:4180} INFO - Setting next_dagrun for tutorial_taskflow_api to None, run_after=None
[2025-04-20T17:57:49.514+0000] {processor.py:208} INFO - Processing /home/airflow/.local/lib/python3.12/site-packages/airflow/example_dags/tutorial_taskflow_api.py took 0.101 seconds
[2025-04-20T17:58:20.665+0000] {processor.py:186} INFO - Started process (PID=1243) to work on /home/airflow/.local/lib/python3.12/site-packages/airflow/example_dags/tutorial_taskflow_api.py
[2025-04-20T17:58:20.666+0000] {processor.py:914} INFO - Processing file /home/airflow/.local/lib/python3.12/site-packages/airflow/example_dags/tutorial_taskflow_api.py for tasks to queue
[2025-04-20T17:58:20.669+0000] {logging_mixin.py:190} INFO - [2025-04-20T17:58:20.668+0000] {dagbag.py:588} INFO - Filling up the DagBag from /home/airflow/.local/lib/python3.12/site-packages/airflow/example_dags/tutorial_taskflow_api.py
[2025-04-20T17:58:20.679+0000] {processor.py:925} INFO - DAG(s) 'tutorial_taskflow_api' retrieved from /home/airflow/.local/lib/python3.12/site-packages/airflow/example_dags/tutorial_taskflow_api.py
[2025-04-20T17:58:20.705+0000] {logging_mixin.py:190} INFO - [2025-04-20T17:58:20.705+0000] {dag.py:3239} INFO - Sync 1 DAGs
[2025-04-20T17:58:20.726+0000] {logging_mixin.py:190} INFO - [2025-04-20T17:58:20.725+0000] {dag.py:4180} INFO - Setting next_dagrun for tutorial_taskflow_api to None, run_after=None
[2025-04-20T17:58:20.752+0000] {processor.py:208} INFO - Processing /home/airflow/.local/lib/python3.12/site-packages/airflow/example_dags/tutorial_taskflow_api.py took 0.097 seconds
[2025-04-20T17:58:51.932+0000] {processor.py:186} INFO - Started process (PID=1306) to work on /home/airflow/.local/lib/python3.12/site-packages/airflow/example_dags/tutorial_taskflow_api.py
[2025-04-20T17:58:51.934+0000] {processor.py:914} INFO - Processing file /home/airflow/.local/lib/python3.12/site-packages/airflow/example_dags/tutorial_taskflow_api.py for tasks to queue
[2025-04-20T17:58:51.939+0000] {logging_mixin.py:190} INFO - [2025-04-20T17:58:51.938+0000] {dagbag.py:588} INFO - Filling up the DagBag from /home/airflow/.local/lib/python3.12/site-packages/airflow/example_dags/tutorial_taskflow_api.py
[2025-04-20T17:58:51.954+0000] {processor.py:925} INFO - DAG(s) 'tutorial_taskflow_api' retrieved from /home/airflow/.local/lib/python3.12/site-packages/airflow/example_dags/tutorial_taskflow_api.py
[2025-04-20T17:58:51.997+0000] {logging_mixin.py:190} INFO - [2025-04-20T17:58:51.996+0000] {dag.py:3239} INFO - Sync 1 DAGs
[2025-04-20T17:58:52.034+0000] {logging_mixin.py:190} INFO - [2025-04-20T17:58:52.034+0000] {dag.py:4180} INFO - Setting next_dagrun for tutorial_taskflow_api to None, run_after=None
[2025-04-20T17:58:52.076+0000] {processor.py:208} INFO - Processing /home/airflow/.local/lib/python3.12/site-packages/airflow/example_dags/tutorial_taskflow_api.py took 0.155 seconds
[2025-04-20T18:04:56.048+0000] {processor.py:186} INFO - Started process (PID=108) to work on /home/airflow/.local/lib/python3.12/site-packages/airflow/example_dags/tutorial_taskflow_api.py
[2025-04-20T18:04:56.050+0000] {processor.py:914} INFO - Processing file /home/airflow/.local/lib/python3.12/site-packages/airflow/example_dags/tutorial_taskflow_api.py for tasks to queue
[2025-04-20T18:04:56.053+0000] {logging_mixin.py:190} INFO - [2025-04-20T18:04:56.052+0000] {dagbag.py:588} INFO - Filling up the DagBag from /home/airflow/.local/lib/python3.12/site-packages/airflow/example_dags/tutorial_taskflow_api.py
[2025-04-20T18:04:56.065+0000] {processor.py:925} INFO - DAG(s) 'tutorial_taskflow_api' retrieved from /home/airflow/.local/lib/python3.12/site-packages/airflow/example_dags/tutorial_taskflow_api.py
[2025-04-20T18:04:56.223+0000] {logging_mixin.py:190} INFO - [2025-04-20T18:04:56.222+0000] {override.py:1912} INFO - Created Permission View: can read on DAG:tutorial_taskflow_api
[2025-04-20T18:04:56.237+0000] {logging_mixin.py:190} INFO - [2025-04-20T18:04:56.237+0000] {override.py:1912} INFO - Created Permission View: can edit on DAG:tutorial_taskflow_api
[2025-04-20T18:04:56.246+0000] {logging_mixin.py:190} INFO - [2025-04-20T18:04:56.246+0000] {override.py:1912} INFO - Created Permission View: can delete on DAG:tutorial_taskflow_api
[2025-04-20T18:04:56.257+0000] {logging_mixin.py:190} INFO - [2025-04-20T18:04:56.256+0000] {override.py:1912} INFO - Created Permission View: menu access on DAG Run:tutorial_taskflow_api
[2025-04-20T18:04:56.265+0000] {logging_mixin.py:190} INFO - [2025-04-20T18:04:56.265+0000] {override.py:1912} INFO - Created Permission View: can read on DAG Run:tutorial_taskflow_api
[2025-04-20T18:04:56.275+0000] {logging_mixin.py:190} INFO - [2025-04-20T18:04:56.275+0000] {override.py:1912} INFO - Created Permission View: can create on DAG Run:tutorial_taskflow_api
[2025-04-20T18:04:56.284+0000] {logging_mixin.py:190} INFO - [2025-04-20T18:04:56.284+0000] {override.py:1912} INFO - Created Permission View: can delete on DAG Run:tutorial_taskflow_api
[2025-04-20T18:04:56.285+0000] {logging_mixin.py:190} INFO - [2025-04-20T18:04:56.284+0000] {dag.py:3239} INFO - Sync 1 DAGs
[2025-04-20T18:04:56.302+0000] {logging_mixin.py:190} INFO - [2025-04-20T18:04:56.302+0000] {dag.py:3262} INFO - Creating ORM DAG for tutorial_taskflow_api
[2025-04-20T18:04:56.303+0000] {logging_mixin.py:190} INFO - [2025-04-20T18:04:56.303+0000] {dag.py:4180} INFO - Setting next_dagrun for tutorial_taskflow_api to None, run_after=None
[2025-04-20T18:04:56.325+0000] {processor.py:208} INFO - Processing /home/airflow/.local/lib/python3.12/site-packages/airflow/example_dags/tutorial_taskflow_api.py took 0.286 seconds
[2025-04-20T18:05:26.704+0000] {processor.py:186} INFO - Started process (PID=171) to work on /home/airflow/.local/lib/python3.12/site-packages/airflow/example_dags/tutorial_taskflow_api.py
[2025-04-20T18:05:26.705+0000] {processor.py:914} INFO - Processing file /home/airflow/.local/lib/python3.12/site-packages/airflow/example_dags/tutorial_taskflow_api.py for tasks to queue
[2025-04-20T18:05:26.710+0000] {logging_mixin.py:190} INFO - [2025-04-20T18:05:26.710+0000] {dagbag.py:588} INFO - Filling up the DagBag from /home/airflow/.local/lib/python3.12/site-packages/airflow/example_dags/tutorial_taskflow_api.py
[2025-04-20T18:05:26.720+0000] {processor.py:925} INFO - DAG(s) 'tutorial_taskflow_api' retrieved from /home/airflow/.local/lib/python3.12/site-packages/airflow/example_dags/tutorial_taskflow_api.py
[2025-04-20T18:05:26.746+0000] {logging_mixin.py:190} INFO - [2025-04-20T18:05:26.745+0000] {dag.py:3239} INFO - Sync 1 DAGs
[2025-04-20T18:05:26.776+0000] {logging_mixin.py:190} INFO - [2025-04-20T18:05:26.776+0000] {dag.py:4180} INFO - Setting next_dagrun for tutorial_taskflow_api to None, run_after=None
[2025-04-20T18:05:26.818+0000] {processor.py:208} INFO - Processing /home/airflow/.local/lib/python3.12/site-packages/airflow/example_dags/tutorial_taskflow_api.py took 0.124 seconds
[2025-04-20T18:05:57.452+0000] {processor.py:186} INFO - Started process (PID=234) to work on /home/airflow/.local/lib/python3.12/site-packages/airflow/example_dags/tutorial_taskflow_api.py
[2025-04-20T18:05:57.454+0000] {processor.py:914} INFO - Processing file /home/airflow/.local/lib/python3.12/site-packages/airflow/example_dags/tutorial_taskflow_api.py for tasks to queue
[2025-04-20T18:05:57.459+0000] {logging_mixin.py:190} INFO - [2025-04-20T18:05:57.458+0000] {dagbag.py:588} INFO - Filling up the DagBag from /home/airflow/.local/lib/python3.12/site-packages/airflow/example_dags/tutorial_taskflow_api.py
[2025-04-20T18:05:57.473+0000] {processor.py:925} INFO - DAG(s) 'tutorial_taskflow_api' retrieved from /home/airflow/.local/lib/python3.12/site-packages/airflow/example_dags/tutorial_taskflow_api.py
[2025-04-20T18:05:57.506+0000] {logging_mixin.py:190} INFO - [2025-04-20T18:05:57.505+0000] {dag.py:3239} INFO - Sync 1 DAGs
[2025-04-20T18:05:57.534+0000] {logging_mixin.py:190} INFO - [2025-04-20T18:05:57.534+0000] {dag.py:4180} INFO - Setting next_dagrun for tutorial_taskflow_api to None, run_after=None
[2025-04-20T18:05:57.568+0000] {processor.py:208} INFO - Processing /home/airflow/.local/lib/python3.12/site-packages/airflow/example_dags/tutorial_taskflow_api.py took 0.129 seconds
[2025-04-20T18:06:27.854+0000] {processor.py:186} INFO - Started process (PID=296) to work on /home/airflow/.local/lib/python3.12/site-packages/airflow/example_dags/tutorial_taskflow_api.py
[2025-04-20T18:06:27.855+0000] {processor.py:914} INFO - Processing file /home/airflow/.local/lib/python3.12/site-packages/airflow/example_dags/tutorial_taskflow_api.py for tasks to queue
[2025-04-20T18:06:27.858+0000] {logging_mixin.py:190} INFO - [2025-04-20T18:06:27.858+0000] {dagbag.py:588} INFO - Filling up the DagBag from /home/airflow/.local/lib/python3.12/site-packages/airflow/example_dags/tutorial_taskflow_api.py
[2025-04-20T18:06:27.871+0000] {processor.py:925} INFO - DAG(s) 'tutorial_taskflow_api' retrieved from /home/airflow/.local/lib/python3.12/site-packages/airflow/example_dags/tutorial_taskflow_api.py
[2025-04-20T18:06:27.894+0000] {logging_mixin.py:190} INFO - [2025-04-20T18:06:27.894+0000] {dag.py:3239} INFO - Sync 1 DAGs
[2025-04-20T18:06:27.914+0000] {logging_mixin.py:190} INFO - [2025-04-20T18:06:27.914+0000] {dag.py:4180} INFO - Setting next_dagrun for tutorial_taskflow_api to None, run_after=None
[2025-04-20T18:06:27.938+0000] {processor.py:208} INFO - Processing /home/airflow/.local/lib/python3.12/site-packages/airflow/example_dags/tutorial_taskflow_api.py took 0.092 seconds
[2025-04-20T18:06:59.887+0000] {processor.py:186} INFO - Started process (PID=359) to work on /home/airflow/.local/lib/python3.12/site-packages/airflow/example_dags/tutorial_taskflow_api.py
[2025-04-20T18:06:59.888+0000] {processor.py:914} INFO - Processing file /home/airflow/.local/lib/python3.12/site-packages/airflow/example_dags/tutorial_taskflow_api.py for tasks to queue
[2025-04-20T18:06:59.891+0000] {logging_mixin.py:190} INFO - [2025-04-20T18:06:59.891+0000] {dagbag.py:588} INFO - Filling up the DagBag from /home/airflow/.local/lib/python3.12/site-packages/airflow/example_dags/tutorial_taskflow_api.py
[2025-04-20T18:06:59.904+0000] {processor.py:925} INFO - DAG(s) 'tutorial_taskflow_api' retrieved from /home/airflow/.local/lib/python3.12/site-packages/airflow/example_dags/tutorial_taskflow_api.py
[2025-04-20T18:06:59.947+0000] {logging_mixin.py:190} INFO - [2025-04-20T18:06:59.947+0000] {dag.py:3239} INFO - Sync 1 DAGs
[2025-04-20T18:06:59.981+0000] {logging_mixin.py:190} INFO - [2025-04-20T18:06:59.981+0000] {dag.py:4180} INFO - Setting next_dagrun for tutorial_taskflow_api to None, run_after=None
[2025-04-20T18:07:00.006+0000] {processor.py:208} INFO - Processing /home/airflow/.local/lib/python3.12/site-packages/airflow/example_dags/tutorial_taskflow_api.py took 0.129 seconds
[2025-04-20T18:07:31.519+0000] {processor.py:186} INFO - Started process (PID=422) to work on /home/airflow/.local/lib/python3.12/site-packages/airflow/example_dags/tutorial_taskflow_api.py
[2025-04-20T18:07:31.520+0000] {processor.py:914} INFO - Processing file /home/airflow/.local/lib/python3.12/site-packages/airflow/example_dags/tutorial_taskflow_api.py for tasks to queue
[2025-04-20T18:07:31.524+0000] {logging_mixin.py:190} INFO - [2025-04-20T18:07:31.524+0000] {dagbag.py:588} INFO - Filling up the DagBag from /home/airflow/.local/lib/python3.12/site-packages/airflow/example_dags/tutorial_taskflow_api.py
[2025-04-20T18:07:31.538+0000] {processor.py:925} INFO - DAG(s) 'tutorial_taskflow_api' retrieved from /home/airflow/.local/lib/python3.12/site-packages/airflow/example_dags/tutorial_taskflow_api.py
[2025-04-20T18:07:31.569+0000] {logging_mixin.py:190} INFO - [2025-04-20T18:07:31.568+0000] {dag.py:3239} INFO - Sync 1 DAGs
[2025-04-20T18:07:31.597+0000] {logging_mixin.py:190} INFO - [2025-04-20T18:07:31.596+0000] {dag.py:4180} INFO - Setting next_dagrun for tutorial_taskflow_api to None, run_after=None
[2025-04-20T18:07:31.640+0000] {processor.py:208} INFO - Processing /home/airflow/.local/lib/python3.12/site-packages/airflow/example_dags/tutorial_taskflow_api.py took 0.134 seconds
[2025-04-20T18:08:03.729+0000] {processor.py:186} INFO - Started process (PID=485) to work on /home/airflow/.local/lib/python3.12/site-packages/airflow/example_dags/tutorial_taskflow_api.py
[2025-04-20T18:08:03.732+0000] {processor.py:914} INFO - Processing file /home/airflow/.local/lib/python3.12/site-packages/airflow/example_dags/tutorial_taskflow_api.py for tasks to queue
[2025-04-20T18:08:03.742+0000] {logging_mixin.py:190} INFO - [2025-04-20T18:08:03.742+0000] {dagbag.py:588} INFO - Filling up the DagBag from /home/airflow/.local/lib/python3.12/site-packages/airflow/example_dags/tutorial_taskflow_api.py
[2025-04-20T18:08:03.773+0000] {processor.py:925} INFO - DAG(s) 'tutorial_taskflow_api' retrieved from /home/airflow/.local/lib/python3.12/site-packages/airflow/example_dags/tutorial_taskflow_api.py
[2025-04-20T18:08:03.851+0000] {logging_mixin.py:190} INFO - [2025-04-20T18:08:03.850+0000] {dag.py:3239} INFO - Sync 1 DAGs
[2025-04-20T18:08:03.906+0000] {logging_mixin.py:190} INFO - [2025-04-20T18:08:03.905+0000] {dag.py:4180} INFO - Setting next_dagrun for tutorial_taskflow_api to None, run_after=None
[2025-04-20T18:08:04.115+0000] {processor.py:208} INFO - Processing /home/airflow/.local/lib/python3.12/site-packages/airflow/example_dags/tutorial_taskflow_api.py took 0.408 seconds
[2025-04-20T18:08:35.403+0000] {processor.py:186} INFO - Started process (PID=548) to work on /home/airflow/.local/lib/python3.12/site-packages/airflow/example_dags/tutorial_taskflow_api.py
[2025-04-20T18:08:35.405+0000] {processor.py:914} INFO - Processing file /home/airflow/.local/lib/python3.12/site-packages/airflow/example_dags/tutorial_taskflow_api.py for tasks to queue
[2025-04-20T18:08:35.408+0000] {logging_mixin.py:190} INFO - [2025-04-20T18:08:35.408+0000] {dagbag.py:588} INFO - Filling up the DagBag from /home/airflow/.local/lib/python3.12/site-packages/airflow/example_dags/tutorial_taskflow_api.py
[2025-04-20T18:08:35.424+0000] {processor.py:925} INFO - DAG(s) 'tutorial_taskflow_api' retrieved from /home/airflow/.local/lib/python3.12/site-packages/airflow/example_dags/tutorial_taskflow_api.py
[2025-04-20T18:08:35.450+0000] {logging_mixin.py:190} INFO - [2025-04-20T18:08:35.449+0000] {dag.py:3239} INFO - Sync 1 DAGs
[2025-04-20T18:08:35.475+0000] {logging_mixin.py:190} INFO - [2025-04-20T18:08:35.475+0000] {dag.py:4180} INFO - Setting next_dagrun for tutorial_taskflow_api to None, run_after=None
[2025-04-20T18:08:35.508+0000] {processor.py:208} INFO - Processing /home/airflow/.local/lib/python3.12/site-packages/airflow/example_dags/tutorial_taskflow_api.py took 0.114 seconds
[2025-04-20T18:09:06.080+0000] {processor.py:186} INFO - Started process (PID=610) to work on /home/airflow/.local/lib/python3.12/site-packages/airflow/example_dags/tutorial_taskflow_api.py
[2025-04-20T18:09:06.081+0000] {processor.py:914} INFO - Processing file /home/airflow/.local/lib/python3.12/site-packages/airflow/example_dags/tutorial_taskflow_api.py for tasks to queue
[2025-04-20T18:09:06.084+0000] {logging_mixin.py:190} INFO - [2025-04-20T18:09:06.084+0000] {dagbag.py:588} INFO - Filling up the DagBag from /home/airflow/.local/lib/python3.12/site-packages/airflow/example_dags/tutorial_taskflow_api.py
[2025-04-20T18:09:06.098+0000] {processor.py:925} INFO - DAG(s) 'tutorial_taskflow_api' retrieved from /home/airflow/.local/lib/python3.12/site-packages/airflow/example_dags/tutorial_taskflow_api.py
[2025-04-20T18:09:06.146+0000] {logging_mixin.py:190} INFO - [2025-04-20T18:09:06.146+0000] {dag.py:3239} INFO - Sync 1 DAGs
[2025-04-20T18:09:06.177+0000] {logging_mixin.py:190} INFO - [2025-04-20T18:09:06.177+0000] {dag.py:4180} INFO - Setting next_dagrun for tutorial_taskflow_api to None, run_after=None
[2025-04-20T18:09:06.204+0000] {processor.py:208} INFO - Processing /home/airflow/.local/lib/python3.12/site-packages/airflow/example_dags/tutorial_taskflow_api.py took 0.132 seconds
[2025-04-20T18:09:37.066+0000] {processor.py:186} INFO - Started process (PID=680) to work on /home/airflow/.local/lib/python3.12/site-packages/airflow/example_dags/tutorial_taskflow_api.py
[2025-04-20T18:09:37.068+0000] {processor.py:914} INFO - Processing file /home/airflow/.local/lib/python3.12/site-packages/airflow/example_dags/tutorial_taskflow_api.py for tasks to queue
[2025-04-20T18:09:37.092+0000] {logging_mixin.py:190} INFO - [2025-04-20T18:09:37.075+0000] {dagbag.py:588} INFO - Filling up the DagBag from /home/airflow/.local/lib/python3.12/site-packages/airflow/example_dags/tutorial_taskflow_api.py
[2025-04-20T18:09:37.110+0000] {processor.py:925} INFO - DAG(s) 'tutorial_taskflow_api' retrieved from /home/airflow/.local/lib/python3.12/site-packages/airflow/example_dags/tutorial_taskflow_api.py
[2025-04-20T18:09:37.149+0000] {logging_mixin.py:190} INFO - [2025-04-20T18:09:37.149+0000] {dag.py:3239} INFO - Sync 1 DAGs
[2025-04-20T18:09:37.178+0000] {logging_mixin.py:190} INFO - [2025-04-20T18:09:37.177+0000] {dag.py:4180} INFO - Setting next_dagrun for tutorial_taskflow_api to None, run_after=None
[2025-04-20T18:09:37.219+0000] {processor.py:208} INFO - Processing /home/airflow/.local/lib/python3.12/site-packages/airflow/example_dags/tutorial_taskflow_api.py took 0.165 seconds
