[2025-04-20T17:48:59.272+0000] {processor.py:186} INFO - Started process (PID=115) to work on /home/airflow/.local/lib/python3.12/site-packages/airflow/example_dags/tutorial.py
[2025-04-20T17:48:59.273+0000] {processor.py:914} INFO - Processing file /home/airflow/.local/lib/python3.12/site-packages/airflow/example_dags/tutorial.py for tasks to queue
[2025-04-20T17:48:59.277+0000] {logging_mixin.py:190} INFO - [2025-04-20T17:48:59.276+0000] {dagbag.py:588} INFO - Filling up the DagBag from /home/airflow/.local/lib/python3.12/site-packages/airflow/example_dags/tutorial.py
[2025-04-20T17:48:59.294+0000] {processor.py:925} INFO - DAG(s) 'tutorial' retrieved from /home/airflow/.local/lib/python3.12/site-packages/airflow/example_dags/tutorial.py
[2025-04-20T17:48:59.445+0000] {logging_mixin.py:190} INFO - [2025-04-20T17:48:59.444+0000] {override.py:1912} INFO - Created Permission View: can read on DAG:tutorial
[2025-04-20T17:48:59.458+0000] {logging_mixin.py:190} INFO - [2025-04-20T17:48:59.458+0000] {override.py:1912} INFO - Created Permission View: can edit on DAG:tutorial
[2025-04-20T17:48:59.468+0000] {logging_mixin.py:190} INFO - [2025-04-20T17:48:59.467+0000] {override.py:1912} INFO - Created Permission View: can delete on DAG:tutorial
[2025-04-20T17:48:59.480+0000] {logging_mixin.py:190} INFO - [2025-04-20T17:48:59.479+0000] {override.py:1912} INFO - Created Permission View: can read on DAG Run:tutorial
[2025-04-20T17:48:59.492+0000] {logging_mixin.py:190} INFO - [2025-04-20T17:48:59.492+0000] {override.py:1912} INFO - Created Permission View: can create on DAG Run:tutorial
[2025-04-20T17:48:59.501+0000] {logging_mixin.py:190} INFO - [2025-04-20T17:48:59.501+0000] {override.py:1912} INFO - Created Permission View: menu access on DAG Run:tutorial
[2025-04-20T17:48:59.510+0000] {logging_mixin.py:190} INFO - [2025-04-20T17:48:59.510+0000] {override.py:1912} INFO - Created Permission View: can delete on DAG Run:tutorial
[2025-04-20T17:48:59.511+0000] {logging_mixin.py:190} INFO - [2025-04-20T17:48:59.511+0000] {dag.py:3239} INFO - Sync 1 DAGs
[2025-04-20T17:48:59.532+0000] {logging_mixin.py:190} INFO - [2025-04-20T17:48:59.532+0000] {dag.py:3262} INFO - Creating ORM DAG for tutorial
[2025-04-20T17:48:59.546+0000] {logging_mixin.py:190} INFO - [2025-04-20T17:48:59.546+0000] {dag.py:4180} INFO - Setting next_dagrun for tutorial to 2025-04-19 00:00:00+00:00, run_after=2025-04-20 00:00:00+00:00
[2025-04-20T17:48:59.570+0000] {processor.py:208} INFO - Processing /home/airflow/.local/lib/python3.12/site-packages/airflow/example_dags/tutorial.py took 0.307 seconds
[2025-04-20T17:49:30.201+0000] {processor.py:186} INFO - Started process (PID=178) to work on /home/airflow/.local/lib/python3.12/site-packages/airflow/example_dags/tutorial.py
[2025-04-20T17:49:30.203+0000] {processor.py:914} INFO - Processing file /home/airflow/.local/lib/python3.12/site-packages/airflow/example_dags/tutorial.py for tasks to queue
[2025-04-20T17:49:30.206+0000] {logging_mixin.py:190} INFO - [2025-04-20T17:49:30.206+0000] {dagbag.py:588} INFO - Filling up the DagBag from /home/airflow/.local/lib/python3.12/site-packages/airflow/example_dags/tutorial.py
[2025-04-20T17:49:30.221+0000] {processor.py:925} INFO - DAG(s) 'tutorial' retrieved from /home/airflow/.local/lib/python3.12/site-packages/airflow/example_dags/tutorial.py
[2025-04-20T17:49:30.258+0000] {logging_mixin.py:190} INFO - [2025-04-20T17:49:30.258+0000] {dag.py:3239} INFO - Sync 1 DAGs
[2025-04-20T17:49:30.313+0000] {logging_mixin.py:190} INFO - [2025-04-20T17:49:30.313+0000] {dag.py:4180} INFO - Setting next_dagrun for tutorial to 2025-04-19 00:00:00+00:00, run_after=2025-04-20 00:00:00+00:00
[2025-04-20T17:49:30.364+0000] {processor.py:208} INFO - Processing /home/airflow/.local/lib/python3.12/site-packages/airflow/example_dags/tutorial.py took 0.175 seconds
[2025-04-20T17:50:01.260+0000] {processor.py:186} INFO - Started process (PID=241) to work on /home/airflow/.local/lib/python3.12/site-packages/airflow/example_dags/tutorial.py
[2025-04-20T17:50:01.261+0000] {processor.py:914} INFO - Processing file /home/airflow/.local/lib/python3.12/site-packages/airflow/example_dags/tutorial.py for tasks to queue
[2025-04-20T17:50:01.264+0000] {logging_mixin.py:190} INFO - [2025-04-20T17:50:01.264+0000] {dagbag.py:588} INFO - Filling up the DagBag from /home/airflow/.local/lib/python3.12/site-packages/airflow/example_dags/tutorial.py
[2025-04-20T17:50:01.274+0000] {processor.py:925} INFO - DAG(s) 'tutorial' retrieved from /home/airflow/.local/lib/python3.12/site-packages/airflow/example_dags/tutorial.py
[2025-04-20T17:50:01.296+0000] {logging_mixin.py:190} INFO - [2025-04-20T17:50:01.296+0000] {dag.py:3239} INFO - Sync 1 DAGs
[2025-04-20T17:50:01.329+0000] {logging_mixin.py:190} INFO - [2025-04-20T17:50:01.329+0000] {dag.py:4180} INFO - Setting next_dagrun for tutorial to 2025-04-19 00:00:00+00:00, run_after=2025-04-20 00:00:00+00:00
[2025-04-20T17:50:01.361+0000] {processor.py:208} INFO - Processing /home/airflow/.local/lib/python3.12/site-packages/airflow/example_dags/tutorial.py took 0.108 seconds
[2025-04-20T17:50:32.443+0000] {processor.py:186} INFO - Started process (PID=304) to work on /home/airflow/.local/lib/python3.12/site-packages/airflow/example_dags/tutorial.py
[2025-04-20T17:50:32.444+0000] {processor.py:914} INFO - Processing file /home/airflow/.local/lib/python3.12/site-packages/airflow/example_dags/tutorial.py for tasks to queue
[2025-04-20T17:50:32.447+0000] {logging_mixin.py:190} INFO - [2025-04-20T17:50:32.447+0000] {dagbag.py:588} INFO - Filling up the DagBag from /home/airflow/.local/lib/python3.12/site-packages/airflow/example_dags/tutorial.py
[2025-04-20T17:50:32.457+0000] {processor.py:925} INFO - DAG(s) 'tutorial' retrieved from /home/airflow/.local/lib/python3.12/site-packages/airflow/example_dags/tutorial.py
[2025-04-20T17:50:32.483+0000] {logging_mixin.py:190} INFO - [2025-04-20T17:50:32.482+0000] {dag.py:3239} INFO - Sync 1 DAGs
[2025-04-20T17:50:32.508+0000] {logging_mixin.py:190} INFO - [2025-04-20T17:50:32.508+0000] {dag.py:4180} INFO - Setting next_dagrun for tutorial to 2025-04-19 00:00:00+00:00, run_after=2025-04-20 00:00:00+00:00
[2025-04-20T17:50:32.531+0000] {processor.py:208} INFO - Processing /home/airflow/.local/lib/python3.12/site-packages/airflow/example_dags/tutorial.py took 0.095 seconds
[2025-04-20T17:51:03.851+0000] {processor.py:186} INFO - Started process (PID=367) to work on /home/airflow/.local/lib/python3.12/site-packages/airflow/example_dags/tutorial.py
[2025-04-20T17:51:03.853+0000] {processor.py:914} INFO - Processing file /home/airflow/.local/lib/python3.12/site-packages/airflow/example_dags/tutorial.py for tasks to queue
[2025-04-20T17:51:03.858+0000] {logging_mixin.py:190} INFO - [2025-04-20T17:51:03.858+0000] {dagbag.py:588} INFO - Filling up the DagBag from /home/airflow/.local/lib/python3.12/site-packages/airflow/example_dags/tutorial.py
[2025-04-20T17:51:03.873+0000] {processor.py:925} INFO - DAG(s) 'tutorial' retrieved from /home/airflow/.local/lib/python3.12/site-packages/airflow/example_dags/tutorial.py
[2025-04-20T17:51:03.902+0000] {logging_mixin.py:190} INFO - [2025-04-20T17:51:03.902+0000] {dag.py:3239} INFO - Sync 1 DAGs
[2025-04-20T17:51:03.934+0000] {logging_mixin.py:190} INFO - [2025-04-20T17:51:03.934+0000] {dag.py:4180} INFO - Setting next_dagrun for tutorial to 2025-04-19 00:00:00+00:00, run_after=2025-04-20 00:00:00+00:00
[2025-04-20T17:51:03.962+0000] {processor.py:208} INFO - Processing /home/airflow/.local/lib/python3.12/site-packages/airflow/example_dags/tutorial.py took 0.120 seconds
[2025-04-20T17:51:35.783+0000] {processor.py:186} INFO - Started process (PID=436) to work on /home/airflow/.local/lib/python3.12/site-packages/airflow/example_dags/tutorial.py
[2025-04-20T17:51:35.786+0000] {processor.py:914} INFO - Processing file /home/airflow/.local/lib/python3.12/site-packages/airflow/example_dags/tutorial.py for tasks to queue
[2025-04-20T17:51:35.791+0000] {logging_mixin.py:190} INFO - [2025-04-20T17:51:35.790+0000] {dagbag.py:588} INFO - Filling up the DagBag from /home/airflow/.local/lib/python3.12/site-packages/airflow/example_dags/tutorial.py
[2025-04-20T17:51:35.807+0000] {processor.py:925} INFO - DAG(s) 'tutorial' retrieved from /home/airflow/.local/lib/python3.12/site-packages/airflow/example_dags/tutorial.py
[2025-04-20T17:51:35.844+0000] {logging_mixin.py:190} INFO - [2025-04-20T17:51:35.844+0000] {dag.py:3239} INFO - Sync 1 DAGs
[2025-04-20T17:51:35.896+0000] {logging_mixin.py:190} INFO - [2025-04-20T17:51:35.895+0000] {dag.py:4180} INFO - Setting next_dagrun for tutorial to 2025-04-19 00:00:00+00:00, run_after=2025-04-20 00:00:00+00:00
[2025-04-20T17:51:35.936+0000] {processor.py:208} INFO - Processing /home/airflow/.local/lib/python3.12/site-packages/airflow/example_dags/tutorial.py took 0.167 seconds
[2025-04-20T17:52:06.677+0000] {processor.py:186} INFO - Started process (PID=498) to work on /home/airflow/.local/lib/python3.12/site-packages/airflow/example_dags/tutorial.py
[2025-04-20T17:52:06.679+0000] {processor.py:914} INFO - Processing file /home/airflow/.local/lib/python3.12/site-packages/airflow/example_dags/tutorial.py for tasks to queue
[2025-04-20T17:52:06.681+0000] {logging_mixin.py:190} INFO - [2025-04-20T17:52:06.681+0000] {dagbag.py:588} INFO - Filling up the DagBag from /home/airflow/.local/lib/python3.12/site-packages/airflow/example_dags/tutorial.py
[2025-04-20T17:52:06.693+0000] {processor.py:925} INFO - DAG(s) 'tutorial' retrieved from /home/airflow/.local/lib/python3.12/site-packages/airflow/example_dags/tutorial.py
[2025-04-20T17:52:06.718+0000] {logging_mixin.py:190} INFO - [2025-04-20T17:52:06.718+0000] {dag.py:3239} INFO - Sync 1 DAGs
[2025-04-20T17:52:06.749+0000] {logging_mixin.py:190} INFO - [2025-04-20T17:52:06.749+0000] {dag.py:4180} INFO - Setting next_dagrun for tutorial to 2025-04-19 00:00:00+00:00, run_after=2025-04-20 00:00:00+00:00
[2025-04-20T17:52:06.777+0000] {processor.py:208} INFO - Processing /home/airflow/.local/lib/python3.12/site-packages/airflow/example_dags/tutorial.py took 0.107 seconds
[2025-04-20T17:52:37.979+0000] {processor.py:186} INFO - Started process (PID=561) to work on /home/airflow/.local/lib/python3.12/site-packages/airflow/example_dags/tutorial.py
[2025-04-20T17:52:37.981+0000] {processor.py:914} INFO - Processing file /home/airflow/.local/lib/python3.12/site-packages/airflow/example_dags/tutorial.py for tasks to queue
[2025-04-20T17:52:37.984+0000] {logging_mixin.py:190} INFO - [2025-04-20T17:52:37.984+0000] {dagbag.py:588} INFO - Filling up the DagBag from /home/airflow/.local/lib/python3.12/site-packages/airflow/example_dags/tutorial.py
[2025-04-20T17:52:38.001+0000] {processor.py:925} INFO - DAG(s) 'tutorial' retrieved from /home/airflow/.local/lib/python3.12/site-packages/airflow/example_dags/tutorial.py
[2025-04-20T17:52:38.027+0000] {logging_mixin.py:190} INFO - [2025-04-20T17:52:38.027+0000] {dag.py:3239} INFO - Sync 1 DAGs
[2025-04-20T17:52:38.055+0000] {logging_mixin.py:190} INFO - [2025-04-20T17:52:38.055+0000] {dag.py:4180} INFO - Setting next_dagrun for tutorial to 2025-04-19 00:00:00+00:00, run_after=2025-04-20 00:00:00+00:00
[2025-04-20T17:52:38.091+0000] {processor.py:208} INFO - Processing /home/airflow/.local/lib/python3.12/site-packages/airflow/example_dags/tutorial.py took 0.121 seconds
[2025-04-20T17:53:09.163+0000] {processor.py:186} INFO - Started process (PID=624) to work on /home/airflow/.local/lib/python3.12/site-packages/airflow/example_dags/tutorial.py
[2025-04-20T17:53:09.164+0000] {processor.py:914} INFO - Processing file /home/airflow/.local/lib/python3.12/site-packages/airflow/example_dags/tutorial.py for tasks to queue
[2025-04-20T17:53:09.168+0000] {logging_mixin.py:190} INFO - [2025-04-20T17:53:09.167+0000] {dagbag.py:588} INFO - Filling up the DagBag from /home/airflow/.local/lib/python3.12/site-packages/airflow/example_dags/tutorial.py
[2025-04-20T17:53:09.177+0000] {processor.py:925} INFO - DAG(s) 'tutorial' retrieved from /home/airflow/.local/lib/python3.12/site-packages/airflow/example_dags/tutorial.py
[2025-04-20T17:53:09.206+0000] {logging_mixin.py:190} INFO - [2025-04-20T17:53:09.205+0000] {dag.py:3239} INFO - Sync 1 DAGs
[2025-04-20T17:53:09.238+0000] {logging_mixin.py:190} INFO - [2025-04-20T17:53:09.238+0000] {dag.py:4180} INFO - Setting next_dagrun for tutorial to 2025-04-19 00:00:00+00:00, run_after=2025-04-20 00:00:00+00:00
[2025-04-20T17:53:09.262+0000] {processor.py:208} INFO - Processing /home/airflow/.local/lib/python3.12/site-packages/airflow/example_dags/tutorial.py took 0.107 seconds
[2025-04-20T17:53:40.808+0000] {processor.py:186} INFO - Started process (PID=687) to work on /home/airflow/.local/lib/python3.12/site-packages/airflow/example_dags/tutorial.py
[2025-04-20T17:53:40.810+0000] {processor.py:914} INFO - Processing file /home/airflow/.local/lib/python3.12/site-packages/airflow/example_dags/tutorial.py for tasks to queue
[2025-04-20T17:53:40.813+0000] {logging_mixin.py:190} INFO - [2025-04-20T17:53:40.813+0000] {dagbag.py:588} INFO - Filling up the DagBag from /home/airflow/.local/lib/python3.12/site-packages/airflow/example_dags/tutorial.py
[2025-04-20T17:53:40.828+0000] {processor.py:925} INFO - DAG(s) 'tutorial' retrieved from /home/airflow/.local/lib/python3.12/site-packages/airflow/example_dags/tutorial.py
[2025-04-20T17:53:40.857+0000] {logging_mixin.py:190} INFO - [2025-04-20T17:53:40.857+0000] {dag.py:3239} INFO - Sync 1 DAGs
[2025-04-20T17:53:40.895+0000] {logging_mixin.py:190} INFO - [2025-04-20T17:53:40.895+0000] {dag.py:4180} INFO - Setting next_dagrun for tutorial to 2025-04-19 00:00:00+00:00, run_after=2025-04-20 00:00:00+00:00
[2025-04-20T17:53:40.924+0000] {processor.py:208} INFO - Processing /home/airflow/.local/lib/python3.12/site-packages/airflow/example_dags/tutorial.py took 0.128 seconds
[2025-04-20T17:54:12.233+0000] {processor.py:186} INFO - Started process (PID=750) to work on /home/airflow/.local/lib/python3.12/site-packages/airflow/example_dags/tutorial.py
[2025-04-20T17:54:12.235+0000] {processor.py:914} INFO - Processing file /home/airflow/.local/lib/python3.12/site-packages/airflow/example_dags/tutorial.py for tasks to queue
[2025-04-20T17:54:12.239+0000] {logging_mixin.py:190} INFO - [2025-04-20T17:54:12.239+0000] {dagbag.py:588} INFO - Filling up the DagBag from /home/airflow/.local/lib/python3.12/site-packages/airflow/example_dags/tutorial.py
[2025-04-20T17:54:12.256+0000] {processor.py:925} INFO - DAG(s) 'tutorial' retrieved from /home/airflow/.local/lib/python3.12/site-packages/airflow/example_dags/tutorial.py
[2025-04-20T17:54:12.289+0000] {logging_mixin.py:190} INFO - [2025-04-20T17:54:12.289+0000] {dag.py:3239} INFO - Sync 1 DAGs
[2025-04-20T17:54:12.330+0000] {logging_mixin.py:190} INFO - [2025-04-20T17:54:12.330+0000] {dag.py:4180} INFO - Setting next_dagrun for tutorial to 2025-04-19 00:00:00+00:00, run_after=2025-04-20 00:00:00+00:00
[2025-04-20T17:54:12.355+0000] {processor.py:208} INFO - Processing /home/airflow/.local/lib/python3.12/site-packages/airflow/example_dags/tutorial.py took 0.136 seconds
[2025-04-20T17:54:43.393+0000] {processor.py:186} INFO - Started process (PID=813) to work on /home/airflow/.local/lib/python3.12/site-packages/airflow/example_dags/tutorial.py
[2025-04-20T17:54:43.394+0000] {processor.py:914} INFO - Processing file /home/airflow/.local/lib/python3.12/site-packages/airflow/example_dags/tutorial.py for tasks to queue
[2025-04-20T17:54:43.398+0000] {logging_mixin.py:190} INFO - [2025-04-20T17:54:43.397+0000] {dagbag.py:588} INFO - Filling up the DagBag from /home/airflow/.local/lib/python3.12/site-packages/airflow/example_dags/tutorial.py
[2025-04-20T17:54:43.421+0000] {processor.py:925} INFO - DAG(s) 'tutorial' retrieved from /home/airflow/.local/lib/python3.12/site-packages/airflow/example_dags/tutorial.py
[2025-04-20T17:54:43.447+0000] {logging_mixin.py:190} INFO - [2025-04-20T17:54:43.447+0000] {dag.py:3239} INFO - Sync 1 DAGs
[2025-04-20T17:54:43.487+0000] {logging_mixin.py:190} INFO - [2025-04-20T17:54:43.487+0000] {dag.py:4180} INFO - Setting next_dagrun for tutorial to 2025-04-19 00:00:00+00:00, run_after=2025-04-20 00:00:00+00:00
[2025-04-20T17:54:43.512+0000] {processor.py:208} INFO - Processing /home/airflow/.local/lib/python3.12/site-packages/airflow/example_dags/tutorial.py took 0.126 seconds
[2025-04-20T17:55:15.361+0000] {processor.py:186} INFO - Started process (PID=876) to work on /home/airflow/.local/lib/python3.12/site-packages/airflow/example_dags/tutorial.py
[2025-04-20T17:55:15.363+0000] {processor.py:914} INFO - Processing file /home/airflow/.local/lib/python3.12/site-packages/airflow/example_dags/tutorial.py for tasks to queue
[2025-04-20T17:55:15.368+0000] {logging_mixin.py:190} INFO - [2025-04-20T17:55:15.368+0000] {dagbag.py:588} INFO - Filling up the DagBag from /home/airflow/.local/lib/python3.12/site-packages/airflow/example_dags/tutorial.py
[2025-04-20T17:55:15.386+0000] {processor.py:925} INFO - DAG(s) 'tutorial' retrieved from /home/airflow/.local/lib/python3.12/site-packages/airflow/example_dags/tutorial.py
[2025-04-20T17:55:15.421+0000] {logging_mixin.py:190} INFO - [2025-04-20T17:55:15.420+0000] {dag.py:3239} INFO - Sync 1 DAGs
[2025-04-20T17:55:15.473+0000] {logging_mixin.py:190} INFO - [2025-04-20T17:55:15.473+0000] {dag.py:4180} INFO - Setting next_dagrun for tutorial to 2025-04-19 00:00:00+00:00, run_after=2025-04-20 00:00:00+00:00
[2025-04-20T17:55:15.522+0000] {processor.py:208} INFO - Processing /home/airflow/.local/lib/python3.12/site-packages/airflow/example_dags/tutorial.py took 0.177 seconds
[2025-04-20T17:55:47.352+0000] {processor.py:186} INFO - Started process (PID=939) to work on /home/airflow/.local/lib/python3.12/site-packages/airflow/example_dags/tutorial.py
[2025-04-20T17:55:47.366+0000] {processor.py:914} INFO - Processing file /home/airflow/.local/lib/python3.12/site-packages/airflow/example_dags/tutorial.py for tasks to queue
[2025-04-20T17:55:47.371+0000] {logging_mixin.py:190} INFO - [2025-04-20T17:55:47.370+0000] {dagbag.py:588} INFO - Filling up the DagBag from /home/airflow/.local/lib/python3.12/site-packages/airflow/example_dags/tutorial.py
[2025-04-20T17:55:47.390+0000] {processor.py:925} INFO - DAG(s) 'tutorial' retrieved from /home/airflow/.local/lib/python3.12/site-packages/airflow/example_dags/tutorial.py
[2025-04-20T17:55:47.418+0000] {logging_mixin.py:190} INFO - [2025-04-20T17:55:47.417+0000] {dag.py:3239} INFO - Sync 1 DAGs
[2025-04-20T17:55:47.454+0000] {logging_mixin.py:190} INFO - [2025-04-20T17:55:47.453+0000] {dag.py:4180} INFO - Setting next_dagrun for tutorial to 2025-04-19 00:00:00+00:00, run_after=2025-04-20 00:00:00+00:00
[2025-04-20T17:55:47.479+0000] {processor.py:208} INFO - Processing /home/airflow/.local/lib/python3.12/site-packages/airflow/example_dags/tutorial.py took 0.149 seconds
[2025-04-20T17:56:18.397+0000] {processor.py:186} INFO - Started process (PID=1002) to work on /home/airflow/.local/lib/python3.12/site-packages/airflow/example_dags/tutorial.py
[2025-04-20T17:56:18.399+0000] {processor.py:914} INFO - Processing file /home/airflow/.local/lib/python3.12/site-packages/airflow/example_dags/tutorial.py for tasks to queue
[2025-04-20T17:56:18.402+0000] {logging_mixin.py:190} INFO - [2025-04-20T17:56:18.401+0000] {dagbag.py:588} INFO - Filling up the DagBag from /home/airflow/.local/lib/python3.12/site-packages/airflow/example_dags/tutorial.py
[2025-04-20T17:56:18.412+0000] {processor.py:925} INFO - DAG(s) 'tutorial' retrieved from /home/airflow/.local/lib/python3.12/site-packages/airflow/example_dags/tutorial.py
[2025-04-20T17:56:18.437+0000] {logging_mixin.py:190} INFO - [2025-04-20T17:56:18.437+0000] {dag.py:3239} INFO - Sync 1 DAGs
[2025-04-20T17:56:18.467+0000] {logging_mixin.py:190} INFO - [2025-04-20T17:56:18.467+0000] {dag.py:4180} INFO - Setting next_dagrun for tutorial to 2025-04-19 00:00:00+00:00, run_after=2025-04-20 00:00:00+00:00
[2025-04-20T17:56:18.492+0000] {processor.py:208} INFO - Processing /home/airflow/.local/lib/python3.12/site-packages/airflow/example_dags/tutorial.py took 0.102 seconds
[2025-04-20T17:56:49.329+0000] {processor.py:186} INFO - Started process (PID=1065) to work on /home/airflow/.local/lib/python3.12/site-packages/airflow/example_dags/tutorial.py
[2025-04-20T17:56:49.330+0000] {processor.py:914} INFO - Processing file /home/airflow/.local/lib/python3.12/site-packages/airflow/example_dags/tutorial.py for tasks to queue
[2025-04-20T17:56:49.333+0000] {logging_mixin.py:190} INFO - [2025-04-20T17:56:49.333+0000] {dagbag.py:588} INFO - Filling up the DagBag from /home/airflow/.local/lib/python3.12/site-packages/airflow/example_dags/tutorial.py
[2025-04-20T17:56:49.343+0000] {processor.py:925} INFO - DAG(s) 'tutorial' retrieved from /home/airflow/.local/lib/python3.12/site-packages/airflow/example_dags/tutorial.py
[2025-04-20T17:56:49.369+0000] {logging_mixin.py:190} INFO - [2025-04-20T17:56:49.368+0000] {dag.py:3239} INFO - Sync 1 DAGs
[2025-04-20T17:56:49.398+0000] {logging_mixin.py:190} INFO - [2025-04-20T17:56:49.397+0000] {dag.py:4180} INFO - Setting next_dagrun for tutorial to 2025-04-19 00:00:00+00:00, run_after=2025-04-20 00:00:00+00:00
[2025-04-20T17:56:49.422+0000] {processor.py:208} INFO - Processing /home/airflow/.local/lib/python3.12/site-packages/airflow/example_dags/tutorial.py took 0.100 seconds
[2025-04-20T17:57:20.834+0000] {processor.py:186} INFO - Started process (PID=1128) to work on /home/airflow/.local/lib/python3.12/site-packages/airflow/example_dags/tutorial.py
[2025-04-20T17:57:20.836+0000] {processor.py:914} INFO - Processing file /home/airflow/.local/lib/python3.12/site-packages/airflow/example_dags/tutorial.py for tasks to queue
[2025-04-20T17:57:20.840+0000] {logging_mixin.py:190} INFO - [2025-04-20T17:57:20.840+0000] {dagbag.py:588} INFO - Filling up the DagBag from /home/airflow/.local/lib/python3.12/site-packages/airflow/example_dags/tutorial.py
[2025-04-20T17:57:20.856+0000] {processor.py:925} INFO - DAG(s) 'tutorial' retrieved from /home/airflow/.local/lib/python3.12/site-packages/airflow/example_dags/tutorial.py
[2025-04-20T17:57:20.884+0000] {logging_mixin.py:190} INFO - [2025-04-20T17:57:20.883+0000] {dag.py:3239} INFO - Sync 1 DAGs
[2025-04-20T17:57:20.918+0000] {logging_mixin.py:190} INFO - [2025-04-20T17:57:20.918+0000] {dag.py:4180} INFO - Setting next_dagrun for tutorial to 2025-04-19 00:00:00+00:00, run_after=2025-04-20 00:00:00+00:00
[2025-04-20T17:57:20.945+0000] {processor.py:208} INFO - Processing /home/airflow/.local/lib/python3.12/site-packages/airflow/example_dags/tutorial.py took 0.123 seconds
[2025-04-20T17:57:51.785+0000] {processor.py:186} INFO - Started process (PID=1191) to work on /home/airflow/.local/lib/python3.12/site-packages/airflow/example_dags/tutorial.py
[2025-04-20T17:57:51.787+0000] {processor.py:914} INFO - Processing file /home/airflow/.local/lib/python3.12/site-packages/airflow/example_dags/tutorial.py for tasks to queue
[2025-04-20T17:57:51.791+0000] {logging_mixin.py:190} INFO - [2025-04-20T17:57:51.790+0000] {dagbag.py:588} INFO - Filling up the DagBag from /home/airflow/.local/lib/python3.12/site-packages/airflow/example_dags/tutorial.py
[2025-04-20T17:57:51.802+0000] {processor.py:925} INFO - DAG(s) 'tutorial' retrieved from /home/airflow/.local/lib/python3.12/site-packages/airflow/example_dags/tutorial.py
[2025-04-20T17:57:51.830+0000] {logging_mixin.py:190} INFO - [2025-04-20T17:57:51.829+0000] {dag.py:3239} INFO - Sync 1 DAGs
[2025-04-20T17:57:51.865+0000] {logging_mixin.py:190} INFO - [2025-04-20T17:57:51.865+0000] {dag.py:4180} INFO - Setting next_dagrun for tutorial to 2025-04-19 00:00:00+00:00, run_after=2025-04-20 00:00:00+00:00
[2025-04-20T17:57:51.900+0000] {processor.py:208} INFO - Processing /home/airflow/.local/lib/python3.12/site-packages/airflow/example_dags/tutorial.py took 0.124 seconds
[2025-04-20T17:58:22.742+0000] {processor.py:186} INFO - Started process (PID=1254) to work on /home/airflow/.local/lib/python3.12/site-packages/airflow/example_dags/tutorial.py
[2025-04-20T17:58:22.744+0000] {processor.py:914} INFO - Processing file /home/airflow/.local/lib/python3.12/site-packages/airflow/example_dags/tutorial.py for tasks to queue
[2025-04-20T17:58:22.747+0000] {logging_mixin.py:190} INFO - [2025-04-20T17:58:22.747+0000] {dagbag.py:588} INFO - Filling up the DagBag from /home/airflow/.local/lib/python3.12/site-packages/airflow/example_dags/tutorial.py
[2025-04-20T17:58:22.758+0000] {processor.py:925} INFO - DAG(s) 'tutorial' retrieved from /home/airflow/.local/lib/python3.12/site-packages/airflow/example_dags/tutorial.py
[2025-04-20T17:58:22.784+0000] {logging_mixin.py:190} INFO - [2025-04-20T17:58:22.784+0000] {dag.py:3239} INFO - Sync 1 DAGs
[2025-04-20T17:58:22.817+0000] {logging_mixin.py:190} INFO - [2025-04-20T17:58:22.817+0000] {dag.py:4180} INFO - Setting next_dagrun for tutorial to 2025-04-19 00:00:00+00:00, run_after=2025-04-20 00:00:00+00:00
[2025-04-20T17:58:22.847+0000] {processor.py:208} INFO - Processing /home/airflow/.local/lib/python3.12/site-packages/airflow/example_dags/tutorial.py took 0.114 seconds
[2025-04-20T17:58:53.692+0000] {processor.py:186} INFO - Started process (PID=1317) to work on /home/airflow/.local/lib/python3.12/site-packages/airflow/example_dags/tutorial.py
[2025-04-20T17:58:53.693+0000] {processor.py:914} INFO - Processing file /home/airflow/.local/lib/python3.12/site-packages/airflow/example_dags/tutorial.py for tasks to queue
[2025-04-20T17:58:53.696+0000] {logging_mixin.py:190} INFO - [2025-04-20T17:58:53.696+0000] {dagbag.py:588} INFO - Filling up the DagBag from /home/airflow/.local/lib/python3.12/site-packages/airflow/example_dags/tutorial.py
[2025-04-20T17:58:53.705+0000] {processor.py:925} INFO - DAG(s) 'tutorial' retrieved from /home/airflow/.local/lib/python3.12/site-packages/airflow/example_dags/tutorial.py
[2025-04-20T17:58:53.729+0000] {logging_mixin.py:190} INFO - [2025-04-20T17:58:53.728+0000] {dag.py:3239} INFO - Sync 1 DAGs
[2025-04-20T17:58:53.758+0000] {logging_mixin.py:190} INFO - [2025-04-20T17:58:53.758+0000] {dag.py:4180} INFO - Setting next_dagrun for tutorial to 2025-04-19 00:00:00+00:00, run_after=2025-04-20 00:00:00+00:00
[2025-04-20T17:58:53.783+0000] {processor.py:208} INFO - Processing /home/airflow/.local/lib/python3.12/site-packages/airflow/example_dags/tutorial.py took 0.098 seconds
[2025-04-20T18:04:58.996+0000] {processor.py:186} INFO - Started process (PID=118) to work on /home/airflow/.local/lib/python3.12/site-packages/airflow/example_dags/tutorial.py
[2025-04-20T18:04:58.998+0000] {processor.py:914} INFO - Processing file /home/airflow/.local/lib/python3.12/site-packages/airflow/example_dags/tutorial.py for tasks to queue
[2025-04-20T18:04:59.002+0000] {logging_mixin.py:190} INFO - [2025-04-20T18:04:59.002+0000] {dagbag.py:588} INFO - Filling up the DagBag from /home/airflow/.local/lib/python3.12/site-packages/airflow/example_dags/tutorial.py
[2025-04-20T18:04:59.018+0000] {processor.py:925} INFO - DAG(s) 'tutorial' retrieved from /home/airflow/.local/lib/python3.12/site-packages/airflow/example_dags/tutorial.py
[2025-04-20T18:04:59.174+0000] {logging_mixin.py:190} INFO - [2025-04-20T18:04:59.174+0000] {override.py:1912} INFO - Created Permission View: can read on DAG:tutorial
[2025-04-20T18:04:59.189+0000] {logging_mixin.py:190} INFO - [2025-04-20T18:04:59.188+0000] {override.py:1912} INFO - Created Permission View: can edit on DAG:tutorial
[2025-04-20T18:04:59.198+0000] {logging_mixin.py:190} INFO - [2025-04-20T18:04:59.198+0000] {override.py:1912} INFO - Created Permission View: can delete on DAG:tutorial
[2025-04-20T18:04:59.208+0000] {logging_mixin.py:190} INFO - [2025-04-20T18:04:59.208+0000] {override.py:1912} INFO - Created Permission View: menu access on DAG Run:tutorial
[2025-04-20T18:04:59.217+0000] {logging_mixin.py:190} INFO - [2025-04-20T18:04:59.217+0000] {override.py:1912} INFO - Created Permission View: can read on DAG Run:tutorial
[2025-04-20T18:04:59.226+0000] {logging_mixin.py:190} INFO - [2025-04-20T18:04:59.225+0000] {override.py:1912} INFO - Created Permission View: can create on DAG Run:tutorial
[2025-04-20T18:04:59.234+0000] {logging_mixin.py:190} INFO - [2025-04-20T18:04:59.234+0000] {override.py:1912} INFO - Created Permission View: can delete on DAG Run:tutorial
[2025-04-20T18:04:59.235+0000] {logging_mixin.py:190} INFO - [2025-04-20T18:04:59.235+0000] {dag.py:3239} INFO - Sync 1 DAGs
[2025-04-20T18:04:59.253+0000] {logging_mixin.py:190} INFO - [2025-04-20T18:04:59.252+0000] {dag.py:3262} INFO - Creating ORM DAG for tutorial
[2025-04-20T18:04:59.266+0000] {logging_mixin.py:190} INFO - [2025-04-20T18:04:59.266+0000] {dag.py:4180} INFO - Setting next_dagrun for tutorial to 2025-04-19 00:00:00+00:00, run_after=2025-04-20 00:00:00+00:00
[2025-04-20T18:04:59.287+0000] {processor.py:208} INFO - Processing /home/airflow/.local/lib/python3.12/site-packages/airflow/example_dags/tutorial.py took 0.300 seconds
[2025-04-20T18:05:30.585+0000] {processor.py:186} INFO - Started process (PID=181) to work on /home/airflow/.local/lib/python3.12/site-packages/airflow/example_dags/tutorial.py
[2025-04-20T18:05:30.587+0000] {processor.py:914} INFO - Processing file /home/airflow/.local/lib/python3.12/site-packages/airflow/example_dags/tutorial.py for tasks to queue
[2025-04-20T18:05:30.591+0000] {logging_mixin.py:190} INFO - [2025-04-20T18:05:30.590+0000] {dagbag.py:588} INFO - Filling up the DagBag from /home/airflow/.local/lib/python3.12/site-packages/airflow/example_dags/tutorial.py
[2025-04-20T18:05:30.603+0000] {processor.py:925} INFO - DAG(s) 'tutorial' retrieved from /home/airflow/.local/lib/python3.12/site-packages/airflow/example_dags/tutorial.py
[2025-04-20T18:05:30.630+0000] {logging_mixin.py:190} INFO - [2025-04-20T18:05:30.630+0000] {dag.py:3239} INFO - Sync 1 DAGs
[2025-04-20T18:05:30.666+0000] {logging_mixin.py:190} INFO - [2025-04-20T18:05:30.666+0000] {dag.py:4180} INFO - Setting next_dagrun for tutorial to 2025-04-19 00:00:00+00:00, run_after=2025-04-20 00:00:00+00:00
[2025-04-20T18:05:30.714+0000] {processor.py:208} INFO - Processing /home/airflow/.local/lib/python3.12/site-packages/airflow/example_dags/tutorial.py took 0.140 seconds
[2025-04-20T18:06:02.046+0000] {processor.py:186} INFO - Started process (PID=244) to work on /home/airflow/.local/lib/python3.12/site-packages/airflow/example_dags/tutorial.py
[2025-04-20T18:06:02.047+0000] {processor.py:914} INFO - Processing file /home/airflow/.local/lib/python3.12/site-packages/airflow/example_dags/tutorial.py for tasks to queue
[2025-04-20T18:06:02.049+0000] {logging_mixin.py:190} INFO - [2025-04-20T18:06:02.049+0000] {dagbag.py:588} INFO - Filling up the DagBag from /home/airflow/.local/lib/python3.12/site-packages/airflow/example_dags/tutorial.py
[2025-04-20T18:06:02.060+0000] {processor.py:925} INFO - DAG(s) 'tutorial' retrieved from /home/airflow/.local/lib/python3.12/site-packages/airflow/example_dags/tutorial.py
[2025-04-20T18:06:02.087+0000] {logging_mixin.py:190} INFO - [2025-04-20T18:06:02.086+0000] {dag.py:3239} INFO - Sync 1 DAGs
[2025-04-20T18:06:02.116+0000] {logging_mixin.py:190} INFO - [2025-04-20T18:06:02.116+0000] {dag.py:4180} INFO - Setting next_dagrun for tutorial to 2025-04-19 00:00:00+00:00, run_after=2025-04-20 00:00:00+00:00
[2025-04-20T18:06:02.145+0000] {processor.py:208} INFO - Processing /home/airflow/.local/lib/python3.12/site-packages/airflow/example_dags/tutorial.py took 0.107 seconds
[2025-04-20T18:06:33.642+0000] {processor.py:186} INFO - Started process (PID=307) to work on /home/airflow/.local/lib/python3.12/site-packages/airflow/example_dags/tutorial.py
[2025-04-20T18:06:33.644+0000] {processor.py:914} INFO - Processing file /home/airflow/.local/lib/python3.12/site-packages/airflow/example_dags/tutorial.py for tasks to queue
[2025-04-20T18:06:33.647+0000] {logging_mixin.py:190} INFO - [2025-04-20T18:06:33.647+0000] {dagbag.py:588} INFO - Filling up the DagBag from /home/airflow/.local/lib/python3.12/site-packages/airflow/example_dags/tutorial.py
[2025-04-20T18:06:33.659+0000] {processor.py:925} INFO - DAG(s) 'tutorial' retrieved from /home/airflow/.local/lib/python3.12/site-packages/airflow/example_dags/tutorial.py
[2025-04-20T18:06:33.685+0000] {logging_mixin.py:190} INFO - [2025-04-20T18:06:33.685+0000] {dag.py:3239} INFO - Sync 1 DAGs
[2025-04-20T18:06:33.726+0000] {logging_mixin.py:190} INFO - [2025-04-20T18:06:33.725+0000] {dag.py:4180} INFO - Setting next_dagrun for tutorial to 2025-04-19 00:00:00+00:00, run_after=2025-04-20 00:00:00+00:00
[2025-04-20T18:06:33.759+0000] {processor.py:208} INFO - Processing /home/airflow/.local/lib/python3.12/site-packages/airflow/example_dags/tutorial.py took 0.125 seconds
[2025-04-20T18:07:04.968+0000] {processor.py:186} INFO - Started process (PID=370) to work on /home/airflow/.local/lib/python3.12/site-packages/airflow/example_dags/tutorial.py
[2025-04-20T18:07:04.970+0000] {processor.py:914} INFO - Processing file /home/airflow/.local/lib/python3.12/site-packages/airflow/example_dags/tutorial.py for tasks to queue
[2025-04-20T18:07:04.973+0000] {logging_mixin.py:190} INFO - [2025-04-20T18:07:04.973+0000] {dagbag.py:588} INFO - Filling up the DagBag from /home/airflow/.local/lib/python3.12/site-packages/airflow/example_dags/tutorial.py
[2025-04-20T18:07:04.983+0000] {processor.py:925} INFO - DAG(s) 'tutorial' retrieved from /home/airflow/.local/lib/python3.12/site-packages/airflow/example_dags/tutorial.py
[2025-04-20T18:07:05.008+0000] {logging_mixin.py:190} INFO - [2025-04-20T18:07:05.008+0000] {dag.py:3239} INFO - Sync 1 DAGs
[2025-04-20T18:07:05.036+0000] {logging_mixin.py:190} INFO - [2025-04-20T18:07:05.035+0000] {dag.py:4180} INFO - Setting next_dagrun for tutorial to 2025-04-19 00:00:00+00:00, run_after=2025-04-20 00:00:00+00:00
[2025-04-20T18:07:05.062+0000] {processor.py:208} INFO - Processing /home/airflow/.local/lib/python3.12/site-packages/airflow/example_dags/tutorial.py took 0.102 seconds
[2025-04-20T18:07:36.606+0000] {processor.py:186} INFO - Started process (PID=439) to work on /home/airflow/.local/lib/python3.12/site-packages/airflow/example_dags/tutorial.py
[2025-04-20T18:07:36.608+0000] {processor.py:914} INFO - Processing file /home/airflow/.local/lib/python3.12/site-packages/airflow/example_dags/tutorial.py for tasks to queue
[2025-04-20T18:07:36.612+0000] {logging_mixin.py:190} INFO - [2025-04-20T18:07:36.611+0000] {dagbag.py:588} INFO - Filling up the DagBag from /home/airflow/.local/lib/python3.12/site-packages/airflow/example_dags/tutorial.py
[2025-04-20T18:07:36.626+0000] {processor.py:925} INFO - DAG(s) 'tutorial' retrieved from /home/airflow/.local/lib/python3.12/site-packages/airflow/example_dags/tutorial.py
[2025-04-20T18:07:36.653+0000] {logging_mixin.py:190} INFO - [2025-04-20T18:07:36.653+0000] {dag.py:3239} INFO - Sync 1 DAGs
[2025-04-20T18:07:36.694+0000] {logging_mixin.py:190} INFO - [2025-04-20T18:07:36.693+0000] {dag.py:4180} INFO - Setting next_dagrun for tutorial to 2025-04-19 00:00:00+00:00, run_after=2025-04-20 00:00:00+00:00
[2025-04-20T18:07:36.724+0000] {processor.py:208} INFO - Processing /home/airflow/.local/lib/python3.12/site-packages/airflow/example_dags/tutorial.py took 0.127 seconds
[2025-04-20T18:08:08.212+0000] {processor.py:186} INFO - Started process (PID=502) to work on /home/airflow/.local/lib/python3.12/site-packages/airflow/example_dags/tutorial.py
[2025-04-20T18:08:08.213+0000] {processor.py:914} INFO - Processing file /home/airflow/.local/lib/python3.12/site-packages/airflow/example_dags/tutorial.py for tasks to queue
[2025-04-20T18:08:08.217+0000] {logging_mixin.py:190} INFO - [2025-04-20T18:08:08.216+0000] {dagbag.py:588} INFO - Filling up the DagBag from /home/airflow/.local/lib/python3.12/site-packages/airflow/example_dags/tutorial.py
[2025-04-20T18:08:08.229+0000] {processor.py:925} INFO - DAG(s) 'tutorial' retrieved from /home/airflow/.local/lib/python3.12/site-packages/airflow/example_dags/tutorial.py
[2025-04-20T18:08:08.255+0000] {logging_mixin.py:190} INFO - [2025-04-20T18:08:08.255+0000] {dag.py:3239} INFO - Sync 1 DAGs
[2025-04-20T18:08:08.288+0000] {logging_mixin.py:190} INFO - [2025-04-20T18:08:08.288+0000] {dag.py:4180} INFO - Setting next_dagrun for tutorial to 2025-04-19 00:00:00+00:00, run_after=2025-04-20 00:00:00+00:00
[2025-04-20T18:08:08.325+0000] {processor.py:208} INFO - Processing /home/airflow/.local/lib/python3.12/site-packages/airflow/example_dags/tutorial.py took 0.121 seconds
[2025-04-20T18:08:39.382+0000] {processor.py:186} INFO - Started process (PID=565) to work on /home/airflow/.local/lib/python3.12/site-packages/airflow/example_dags/tutorial.py
[2025-04-20T18:08:39.385+0000] {processor.py:914} INFO - Processing file /home/airflow/.local/lib/python3.12/site-packages/airflow/example_dags/tutorial.py for tasks to queue
[2025-04-20T18:08:39.389+0000] {logging_mixin.py:190} INFO - [2025-04-20T18:08:39.389+0000] {dagbag.py:588} INFO - Filling up the DagBag from /home/airflow/.local/lib/python3.12/site-packages/airflow/example_dags/tutorial.py
[2025-04-20T18:08:39.404+0000] {processor.py:925} INFO - DAG(s) 'tutorial' retrieved from /home/airflow/.local/lib/python3.12/site-packages/airflow/example_dags/tutorial.py
[2025-04-20T18:08:39.436+0000] {logging_mixin.py:190} INFO - [2025-04-20T18:08:39.436+0000] {dag.py:3239} INFO - Sync 1 DAGs
[2025-04-20T18:08:39.473+0000] {logging_mixin.py:190} INFO - [2025-04-20T18:08:39.473+0000] {dag.py:4180} INFO - Setting next_dagrun for tutorial to 2025-04-19 00:00:00+00:00, run_after=2025-04-20 00:00:00+00:00
[2025-04-20T18:08:39.511+0000] {processor.py:208} INFO - Processing /home/airflow/.local/lib/python3.12/site-packages/airflow/example_dags/tutorial.py took 0.140 seconds
[2025-04-20T18:09:11.092+0000] {processor.py:186} INFO - Started process (PID=628) to work on /home/airflow/.local/lib/python3.12/site-packages/airflow/example_dags/tutorial.py
[2025-04-20T18:09:11.093+0000] {processor.py:914} INFO - Processing file /home/airflow/.local/lib/python3.12/site-packages/airflow/example_dags/tutorial.py for tasks to queue
[2025-04-20T18:09:11.097+0000] {logging_mixin.py:190} INFO - [2025-04-20T18:09:11.097+0000] {dagbag.py:588} INFO - Filling up the DagBag from /home/airflow/.local/lib/python3.12/site-packages/airflow/example_dags/tutorial.py
[2025-04-20T18:09:11.108+0000] {processor.py:925} INFO - DAG(s) 'tutorial' retrieved from /home/airflow/.local/lib/python3.12/site-packages/airflow/example_dags/tutorial.py
[2025-04-20T18:09:11.134+0000] {logging_mixin.py:190} INFO - [2025-04-20T18:09:11.133+0000] {dag.py:3239} INFO - Sync 1 DAGs
[2025-04-20T18:09:11.167+0000] {logging_mixin.py:190} INFO - [2025-04-20T18:09:11.166+0000] {dag.py:4180} INFO - Setting next_dagrun for tutorial to 2025-04-19 00:00:00+00:00, run_after=2025-04-20 00:00:00+00:00
[2025-04-20T18:09:11.200+0000] {processor.py:208} INFO - Processing /home/airflow/.local/lib/python3.12/site-packages/airflow/example_dags/tutorial.py took 0.116 seconds
[2025-04-20T18:09:42.856+0000] {processor.py:186} INFO - Started process (PID=691) to work on /home/airflow/.local/lib/python3.12/site-packages/airflow/example_dags/tutorial.py
[2025-04-20T18:09:42.858+0000] {processor.py:914} INFO - Processing file /home/airflow/.local/lib/python3.12/site-packages/airflow/example_dags/tutorial.py for tasks to queue
[2025-04-20T18:09:42.863+0000] {logging_mixin.py:190} INFO - [2025-04-20T18:09:42.862+0000] {dagbag.py:588} INFO - Filling up the DagBag from /home/airflow/.local/lib/python3.12/site-packages/airflow/example_dags/tutorial.py
[2025-04-20T18:09:42.880+0000] {processor.py:925} INFO - DAG(s) 'tutorial' retrieved from /home/airflow/.local/lib/python3.12/site-packages/airflow/example_dags/tutorial.py
[2025-04-20T18:09:42.917+0000] {logging_mixin.py:190} INFO - [2025-04-20T18:09:42.917+0000] {dag.py:3239} INFO - Sync 1 DAGs
[2025-04-20T18:09:42.979+0000] {logging_mixin.py:190} INFO - [2025-04-20T18:09:42.979+0000] {dag.py:4180} INFO - Setting next_dagrun for tutorial to 2025-04-19 00:00:00+00:00, run_after=2025-04-20 00:00:00+00:00
[2025-04-20T18:09:43.018+0000] {processor.py:208} INFO - Processing /home/airflow/.local/lib/python3.12/site-packages/airflow/example_dags/tutorial.py took 0.175 seconds
