[2025-04-20T17:48:59.391+0000] {processor.py:186} INFO - Started process (PID=116) to work on /home/airflow/.local/lib/python3.12/site-packages/airflow/example_dags/tutorial_dag.py
[2025-04-20T17:48:59.393+0000] {processor.py:914} INFO - Processing file /home/airflow/.local/lib/python3.12/site-packages/airflow/example_dags/tutorial_dag.py for tasks to queue
[2025-04-20T17:48:59.397+0000] {logging_mixin.py:190} INFO - [2025-04-20T17:48:59.397+0000] {dagbag.py:588} INFO - Filling up the DagBag from /home/airflow/.local/lib/python3.12/site-packages/airflow/example_dags/tutorial_dag.py
[2025-04-20T17:48:59.409+0000] {processor.py:925} INFO - DAG(s) 'tutorial_dag' retrieved from /home/airflow/.local/lib/python3.12/site-packages/airflow/example_dags/tutorial_dag.py
[2025-04-20T17:48:59.551+0000] {logging_mixin.py:190} INFO - [2025-04-20T17:48:59.550+0000] {override.py:1912} INFO - Created Permission View: can read on DAG:tutorial_dag
[2025-04-20T17:48:59.566+0000] {logging_mixin.py:190} INFO - [2025-04-20T17:48:59.565+0000] {override.py:1912} INFO - Created Permission View: can edit on DAG:tutorial_dag
[2025-04-20T17:48:59.576+0000] {logging_mixin.py:190} INFO - [2025-04-20T17:48:59.575+0000] {override.py:1912} INFO - Created Permission View: can delete on DAG:tutorial_dag
[2025-04-20T17:48:59.590+0000] {logging_mixin.py:190} INFO - [2025-04-20T17:48:59.589+0000] {override.py:1912} INFO - Created Permission View: can read on DAG Run:tutorial_dag
[2025-04-20T17:48:59.600+0000] {logging_mixin.py:190} INFO - [2025-04-20T17:48:59.599+0000] {override.py:1912} INFO - Created Permission View: can create on DAG Run:tutorial_dag
[2025-04-20T17:48:59.610+0000] {logging_mixin.py:190} INFO - [2025-04-20T17:48:59.610+0000] {override.py:1912} INFO - Created Permission View: menu access on DAG Run:tutorial_dag
[2025-04-20T17:48:59.619+0000] {logging_mixin.py:190} INFO - [2025-04-20T17:48:59.619+0000] {override.py:1912} INFO - Created Permission View: can delete on DAG Run:tutorial_dag
[2025-04-20T17:48:59.620+0000] {logging_mixin.py:190} INFO - [2025-04-20T17:48:59.620+0000] {dag.py:3239} INFO - Sync 1 DAGs
[2025-04-20T17:48:59.637+0000] {logging_mixin.py:190} INFO - [2025-04-20T17:48:59.637+0000] {dag.py:3262} INFO - Creating ORM DAG for tutorial_dag
[2025-04-20T17:48:59.638+0000] {logging_mixin.py:190} INFO - [2025-04-20T17:48:59.638+0000] {dag.py:4180} INFO - Setting next_dagrun for tutorial_dag to None, run_after=None
[2025-04-20T17:48:59.661+0000] {processor.py:208} INFO - Processing /home/airflow/.local/lib/python3.12/site-packages/airflow/example_dags/tutorial_dag.py took 0.283 seconds
[2025-04-20T17:49:30.437+0000] {processor.py:186} INFO - Started process (PID=179) to work on /home/airflow/.local/lib/python3.12/site-packages/airflow/example_dags/tutorial_dag.py
[2025-04-20T17:49:30.439+0000] {processor.py:914} INFO - Processing file /home/airflow/.local/lib/python3.12/site-packages/airflow/example_dags/tutorial_dag.py for tasks to queue
[2025-04-20T17:49:30.442+0000] {logging_mixin.py:190} INFO - [2025-04-20T17:49:30.441+0000] {dagbag.py:588} INFO - Filling up the DagBag from /home/airflow/.local/lib/python3.12/site-packages/airflow/example_dags/tutorial_dag.py
[2025-04-20T17:49:30.452+0000] {processor.py:925} INFO - DAG(s) 'tutorial_dag' retrieved from /home/airflow/.local/lib/python3.12/site-packages/airflow/example_dags/tutorial_dag.py
[2025-04-20T17:49:30.478+0000] {logging_mixin.py:190} INFO - [2025-04-20T17:49:30.477+0000] {dag.py:3239} INFO - Sync 1 DAGs
[2025-04-20T17:49:30.500+0000] {logging_mixin.py:190} INFO - [2025-04-20T17:49:30.500+0000] {dag.py:4180} INFO - Setting next_dagrun for tutorial_dag to None, run_after=None
[2025-04-20T17:49:30.538+0000] {processor.py:208} INFO - Processing /home/airflow/.local/lib/python3.12/site-packages/airflow/example_dags/tutorial_dag.py took 0.109 seconds
[2025-04-20T17:50:01.460+0000] {processor.py:186} INFO - Started process (PID=242) to work on /home/airflow/.local/lib/python3.12/site-packages/airflow/example_dags/tutorial_dag.py
[2025-04-20T17:50:01.461+0000] {processor.py:914} INFO - Processing file /home/airflow/.local/lib/python3.12/site-packages/airflow/example_dags/tutorial_dag.py for tasks to queue
[2025-04-20T17:50:01.466+0000] {logging_mixin.py:190} INFO - [2025-04-20T17:50:01.466+0000] {dagbag.py:588} INFO - Filling up the DagBag from /home/airflow/.local/lib/python3.12/site-packages/airflow/example_dags/tutorial_dag.py
[2025-04-20T17:50:01.477+0000] {processor.py:925} INFO - DAG(s) 'tutorial_dag' retrieved from /home/airflow/.local/lib/python3.12/site-packages/airflow/example_dags/tutorial_dag.py
[2025-04-20T17:50:01.504+0000] {logging_mixin.py:190} INFO - [2025-04-20T17:50:01.503+0000] {dag.py:3239} INFO - Sync 1 DAGs
[2025-04-20T17:50:01.524+0000] {logging_mixin.py:190} INFO - [2025-04-20T17:50:01.524+0000] {dag.py:4180} INFO - Setting next_dagrun for tutorial_dag to None, run_after=None
[2025-04-20T17:50:01.554+0000] {processor.py:208} INFO - Processing /home/airflow/.local/lib/python3.12/site-packages/airflow/example_dags/tutorial_dag.py took 0.104 seconds
[2025-04-20T17:50:32.585+0000] {processor.py:186} INFO - Started process (PID=305) to work on /home/airflow/.local/lib/python3.12/site-packages/airflow/example_dags/tutorial_dag.py
[2025-04-20T17:50:32.586+0000] {processor.py:914} INFO - Processing file /home/airflow/.local/lib/python3.12/site-packages/airflow/example_dags/tutorial_dag.py for tasks to queue
[2025-04-20T17:50:32.590+0000] {logging_mixin.py:190} INFO - [2025-04-20T17:50:32.589+0000] {dagbag.py:588} INFO - Filling up the DagBag from /home/airflow/.local/lib/python3.12/site-packages/airflow/example_dags/tutorial_dag.py
[2025-04-20T17:50:32.600+0000] {processor.py:925} INFO - DAG(s) 'tutorial_dag' retrieved from /home/airflow/.local/lib/python3.12/site-packages/airflow/example_dags/tutorial_dag.py
[2025-04-20T17:50:32.624+0000] {logging_mixin.py:190} INFO - [2025-04-20T17:50:32.624+0000] {dag.py:3239} INFO - Sync 1 DAGs
[2025-04-20T17:50:32.640+0000] {logging_mixin.py:190} INFO - [2025-04-20T17:50:32.640+0000] {dag.py:4180} INFO - Setting next_dagrun for tutorial_dag to None, run_after=None
[2025-04-20T17:50:32.667+0000] {processor.py:208} INFO - Processing /home/airflow/.local/lib/python3.12/site-packages/airflow/example_dags/tutorial_dag.py took 0.091 seconds
[2025-04-20T17:51:03.853+0000] {processor.py:186} INFO - Started process (PID=368) to work on /home/airflow/.local/lib/python3.12/site-packages/airflow/example_dags/tutorial_dag.py
[2025-04-20T17:51:03.855+0000] {processor.py:914} INFO - Processing file /home/airflow/.local/lib/python3.12/site-packages/airflow/example_dags/tutorial_dag.py for tasks to queue
[2025-04-20T17:51:03.859+0000] {logging_mixin.py:190} INFO - [2025-04-20T17:51:03.859+0000] {dagbag.py:588} INFO - Filling up the DagBag from /home/airflow/.local/lib/python3.12/site-packages/airflow/example_dags/tutorial_dag.py
[2025-04-20T17:51:03.874+0000] {processor.py:925} INFO - DAG(s) 'tutorial_dag' retrieved from /home/airflow/.local/lib/python3.12/site-packages/airflow/example_dags/tutorial_dag.py
[2025-04-20T17:51:03.902+0000] {logging_mixin.py:190} INFO - [2025-04-20T17:51:03.902+0000] {dag.py:3239} INFO - Sync 1 DAGs
[2025-04-20T17:51:03.922+0000] {logging_mixin.py:190} INFO - [2025-04-20T17:51:03.921+0000] {dag.py:4180} INFO - Setting next_dagrun for tutorial_dag to None, run_after=None
[2025-04-20T17:51:03.952+0000] {processor.py:208} INFO - Processing /home/airflow/.local/lib/python3.12/site-packages/airflow/example_dags/tutorial_dag.py took 0.109 seconds
[2025-04-20T17:51:36.004+0000] {processor.py:186} INFO - Started process (PID=437) to work on /home/airflow/.local/lib/python3.12/site-packages/airflow/example_dags/tutorial_dag.py
[2025-04-20T17:51:36.006+0000] {processor.py:914} INFO - Processing file /home/airflow/.local/lib/python3.12/site-packages/airflow/example_dags/tutorial_dag.py for tasks to queue
[2025-04-20T17:51:36.010+0000] {logging_mixin.py:190} INFO - [2025-04-20T17:51:36.009+0000] {dagbag.py:588} INFO - Filling up the DagBag from /home/airflow/.local/lib/python3.12/site-packages/airflow/example_dags/tutorial_dag.py
[2025-04-20T17:51:36.025+0000] {processor.py:925} INFO - DAG(s) 'tutorial_dag' retrieved from /home/airflow/.local/lib/python3.12/site-packages/airflow/example_dags/tutorial_dag.py
[2025-04-20T17:51:36.058+0000] {logging_mixin.py:190} INFO - [2025-04-20T17:51:36.058+0000] {dag.py:3239} INFO - Sync 1 DAGs
[2025-04-20T17:51:36.087+0000] {logging_mixin.py:190} INFO - [2025-04-20T17:51:36.087+0000] {dag.py:4180} INFO - Setting next_dagrun for tutorial_dag to None, run_after=None
[2025-04-20T17:51:36.116+0000] {processor.py:208} INFO - Processing /home/airflow/.local/lib/python3.12/site-packages/airflow/example_dags/tutorial_dag.py took 0.124 seconds
[2025-04-20T17:52:06.753+0000] {processor.py:186} INFO - Started process (PID=499) to work on /home/airflow/.local/lib/python3.12/site-packages/airflow/example_dags/tutorial_dag.py
[2025-04-20T17:52:06.755+0000] {processor.py:914} INFO - Processing file /home/airflow/.local/lib/python3.12/site-packages/airflow/example_dags/tutorial_dag.py for tasks to queue
[2025-04-20T17:52:06.760+0000] {logging_mixin.py:190} INFO - [2025-04-20T17:52:06.760+0000] {dagbag.py:588} INFO - Filling up the DagBag from /home/airflow/.local/lib/python3.12/site-packages/airflow/example_dags/tutorial_dag.py
[2025-04-20T17:52:06.771+0000] {processor.py:925} INFO - DAG(s) 'tutorial_dag' retrieved from /home/airflow/.local/lib/python3.12/site-packages/airflow/example_dags/tutorial_dag.py
[2025-04-20T17:52:06.797+0000] {logging_mixin.py:190} INFO - [2025-04-20T17:52:06.797+0000] {dag.py:3239} INFO - Sync 1 DAGs
[2025-04-20T17:52:06.820+0000] {logging_mixin.py:190} INFO - [2025-04-20T17:52:06.820+0000] {dag.py:4180} INFO - Setting next_dagrun for tutorial_dag to None, run_after=None
[2025-04-20T17:52:06.847+0000] {processor.py:208} INFO - Processing /home/airflow/.local/lib/python3.12/site-packages/airflow/example_dags/tutorial_dag.py took 0.104 seconds
[2025-04-20T17:52:38.134+0000] {processor.py:186} INFO - Started process (PID=562) to work on /home/airflow/.local/lib/python3.12/site-packages/airflow/example_dags/tutorial_dag.py
[2025-04-20T17:52:38.135+0000] {processor.py:914} INFO - Processing file /home/airflow/.local/lib/python3.12/site-packages/airflow/example_dags/tutorial_dag.py for tasks to queue
[2025-04-20T17:52:38.139+0000] {logging_mixin.py:190} INFO - [2025-04-20T17:52:38.139+0000] {dagbag.py:588} INFO - Filling up the DagBag from /home/airflow/.local/lib/python3.12/site-packages/airflow/example_dags/tutorial_dag.py
[2025-04-20T17:52:38.150+0000] {processor.py:925} INFO - DAG(s) 'tutorial_dag' retrieved from /home/airflow/.local/lib/python3.12/site-packages/airflow/example_dags/tutorial_dag.py
[2025-04-20T17:52:38.174+0000] {logging_mixin.py:190} INFO - [2025-04-20T17:52:38.174+0000] {dag.py:3239} INFO - Sync 1 DAGs
[2025-04-20T17:52:38.194+0000] {logging_mixin.py:190} INFO - [2025-04-20T17:52:38.194+0000] {dag.py:4180} INFO - Setting next_dagrun for tutorial_dag to None, run_after=None
[2025-04-20T17:52:38.236+0000] {processor.py:208} INFO - Processing /home/airflow/.local/lib/python3.12/site-packages/airflow/example_dags/tutorial_dag.py took 0.111 seconds
[2025-04-20T17:53:09.242+0000] {processor.py:186} INFO - Started process (PID=625) to work on /home/airflow/.local/lib/python3.12/site-packages/airflow/example_dags/tutorial_dag.py
[2025-04-20T17:53:09.243+0000] {processor.py:914} INFO - Processing file /home/airflow/.local/lib/python3.12/site-packages/airflow/example_dags/tutorial_dag.py for tasks to queue
[2025-04-20T17:53:09.246+0000] {logging_mixin.py:190} INFO - [2025-04-20T17:53:09.246+0000] {dagbag.py:588} INFO - Filling up the DagBag from /home/airflow/.local/lib/python3.12/site-packages/airflow/example_dags/tutorial_dag.py
[2025-04-20T17:53:09.256+0000] {processor.py:925} INFO - DAG(s) 'tutorial_dag' retrieved from /home/airflow/.local/lib/python3.12/site-packages/airflow/example_dags/tutorial_dag.py
[2025-04-20T17:53:09.280+0000] {logging_mixin.py:190} INFO - [2025-04-20T17:53:09.280+0000] {dag.py:3239} INFO - Sync 1 DAGs
[2025-04-20T17:53:09.300+0000] {logging_mixin.py:190} INFO - [2025-04-20T17:53:09.300+0000] {dag.py:4180} INFO - Setting next_dagrun for tutorial_dag to None, run_after=None
[2025-04-20T17:53:09.327+0000] {processor.py:208} INFO - Processing /home/airflow/.local/lib/python3.12/site-packages/airflow/example_dags/tutorial_dag.py took 0.092 seconds
[2025-04-20T17:53:40.935+0000] {processor.py:186} INFO - Started process (PID=688) to work on /home/airflow/.local/lib/python3.12/site-packages/airflow/example_dags/tutorial_dag.py
[2025-04-20T17:53:40.936+0000] {processor.py:914} INFO - Processing file /home/airflow/.local/lib/python3.12/site-packages/airflow/example_dags/tutorial_dag.py for tasks to queue
[2025-04-20T17:53:40.941+0000] {logging_mixin.py:190} INFO - [2025-04-20T17:53:40.940+0000] {dagbag.py:588} INFO - Filling up the DagBag from /home/airflow/.local/lib/python3.12/site-packages/airflow/example_dags/tutorial_dag.py
[2025-04-20T17:53:40.956+0000] {processor.py:925} INFO - DAG(s) 'tutorial_dag' retrieved from /home/airflow/.local/lib/python3.12/site-packages/airflow/example_dags/tutorial_dag.py
[2025-04-20T17:53:40.990+0000] {logging_mixin.py:190} INFO - [2025-04-20T17:53:40.990+0000] {dag.py:3239} INFO - Sync 1 DAGs
[2025-04-20T17:53:41.021+0000] {logging_mixin.py:190} INFO - [2025-04-20T17:53:41.020+0000] {dag.py:4180} INFO - Setting next_dagrun for tutorial_dag to None, run_after=None
[2025-04-20T17:53:41.061+0000] {processor.py:208} INFO - Processing /home/airflow/.local/lib/python3.12/site-packages/airflow/example_dags/tutorial_dag.py took 0.139 seconds
[2025-04-20T17:54:12.405+0000] {processor.py:186} INFO - Started process (PID=751) to work on /home/airflow/.local/lib/python3.12/site-packages/airflow/example_dags/tutorial_dag.py
[2025-04-20T17:54:12.407+0000] {processor.py:914} INFO - Processing file /home/airflow/.local/lib/python3.12/site-packages/airflow/example_dags/tutorial_dag.py for tasks to queue
[2025-04-20T17:54:12.411+0000] {logging_mixin.py:190} INFO - [2025-04-20T17:54:12.411+0000] {dagbag.py:588} INFO - Filling up the DagBag from /home/airflow/.local/lib/python3.12/site-packages/airflow/example_dags/tutorial_dag.py
[2025-04-20T17:54:12.424+0000] {processor.py:925} INFO - DAG(s) 'tutorial_dag' retrieved from /home/airflow/.local/lib/python3.12/site-packages/airflow/example_dags/tutorial_dag.py
[2025-04-20T17:54:12.450+0000] {logging_mixin.py:190} INFO - [2025-04-20T17:54:12.449+0000] {dag.py:3239} INFO - Sync 1 DAGs
[2025-04-20T17:54:12.477+0000] {logging_mixin.py:190} INFO - [2025-04-20T17:54:12.476+0000] {dag.py:4180} INFO - Setting next_dagrun for tutorial_dag to None, run_after=None
[2025-04-20T17:54:12.511+0000] {processor.py:208} INFO - Processing /home/airflow/.local/lib/python3.12/site-packages/airflow/example_dags/tutorial_dag.py took 0.114 seconds
[2025-04-20T17:54:43.558+0000] {processor.py:186} INFO - Started process (PID=814) to work on /home/airflow/.local/lib/python3.12/site-packages/airflow/example_dags/tutorial_dag.py
[2025-04-20T17:54:43.559+0000] {processor.py:914} INFO - Processing file /home/airflow/.local/lib/python3.12/site-packages/airflow/example_dags/tutorial_dag.py for tasks to queue
[2025-04-20T17:54:43.562+0000] {logging_mixin.py:190} INFO - [2025-04-20T17:54:43.562+0000] {dagbag.py:588} INFO - Filling up the DagBag from /home/airflow/.local/lib/python3.12/site-packages/airflow/example_dags/tutorial_dag.py
[2025-04-20T17:54:43.571+0000] {processor.py:925} INFO - DAG(s) 'tutorial_dag' retrieved from /home/airflow/.local/lib/python3.12/site-packages/airflow/example_dags/tutorial_dag.py
[2025-04-20T17:54:43.596+0000] {logging_mixin.py:190} INFO - [2025-04-20T17:54:43.595+0000] {dag.py:3239} INFO - Sync 1 DAGs
[2025-04-20T17:54:43.613+0000] {logging_mixin.py:190} INFO - [2025-04-20T17:54:43.613+0000] {dag.py:4180} INFO - Setting next_dagrun for tutorial_dag to None, run_after=None
[2025-04-20T17:54:43.638+0000] {processor.py:208} INFO - Processing /home/airflow/.local/lib/python3.12/site-packages/airflow/example_dags/tutorial_dag.py took 0.087 seconds
[2025-04-20T17:55:15.417+0000] {processor.py:186} INFO - Started process (PID=877) to work on /home/airflow/.local/lib/python3.12/site-packages/airflow/example_dags/tutorial_dag.py
[2025-04-20T17:55:15.418+0000] {processor.py:914} INFO - Processing file /home/airflow/.local/lib/python3.12/site-packages/airflow/example_dags/tutorial_dag.py for tasks to queue
[2025-04-20T17:55:15.424+0000] {logging_mixin.py:190} INFO - [2025-04-20T17:55:15.423+0000] {dagbag.py:588} INFO - Filling up the DagBag from /home/airflow/.local/lib/python3.12/site-packages/airflow/example_dags/tutorial_dag.py
[2025-04-20T17:55:15.440+0000] {processor.py:925} INFO - DAG(s) 'tutorial_dag' retrieved from /home/airflow/.local/lib/python3.12/site-packages/airflow/example_dags/tutorial_dag.py
[2025-04-20T17:55:15.481+0000] {logging_mixin.py:190} INFO - [2025-04-20T17:55:15.480+0000] {dag.py:3239} INFO - Sync 1 DAGs
[2025-04-20T17:55:15.514+0000] {logging_mixin.py:190} INFO - [2025-04-20T17:55:15.514+0000] {dag.py:4180} INFO - Setting next_dagrun for tutorial_dag to None, run_after=None
[2025-04-20T17:55:15.556+0000] {processor.py:208} INFO - Processing /home/airflow/.local/lib/python3.12/site-packages/airflow/example_dags/tutorial_dag.py took 0.150 seconds
[2025-04-20T17:55:47.441+0000] {processor.py:186} INFO - Started process (PID=940) to work on /home/airflow/.local/lib/python3.12/site-packages/airflow/example_dags/tutorial_dag.py
[2025-04-20T17:55:47.442+0000] {processor.py:914} INFO - Processing file /home/airflow/.local/lib/python3.12/site-packages/airflow/example_dags/tutorial_dag.py for tasks to queue
[2025-04-20T17:55:47.446+0000] {logging_mixin.py:190} INFO - [2025-04-20T17:55:47.445+0000] {dagbag.py:588} INFO - Filling up the DagBag from /home/airflow/.local/lib/python3.12/site-packages/airflow/example_dags/tutorial_dag.py
[2025-04-20T17:55:47.458+0000] {processor.py:925} INFO - DAG(s) 'tutorial_dag' retrieved from /home/airflow/.local/lib/python3.12/site-packages/airflow/example_dags/tutorial_dag.py
[2025-04-20T17:55:47.483+0000] {logging_mixin.py:190} INFO - [2025-04-20T17:55:47.483+0000] {dag.py:3239} INFO - Sync 1 DAGs
[2025-04-20T17:55:47.505+0000] {logging_mixin.py:190} INFO - [2025-04-20T17:55:47.505+0000] {dag.py:4180} INFO - Setting next_dagrun for tutorial_dag to None, run_after=None
[2025-04-20T17:55:47.530+0000] {processor.py:208} INFO - Processing /home/airflow/.local/lib/python3.12/site-packages/airflow/example_dags/tutorial_dag.py took 0.099 seconds
[2025-04-20T17:56:18.441+0000] {processor.py:186} INFO - Started process (PID=1003) to work on /home/airflow/.local/lib/python3.12/site-packages/airflow/example_dags/tutorial_dag.py
[2025-04-20T17:56:18.442+0000] {processor.py:914} INFO - Processing file /home/airflow/.local/lib/python3.12/site-packages/airflow/example_dags/tutorial_dag.py for tasks to queue
[2025-04-20T17:56:18.446+0000] {logging_mixin.py:190} INFO - [2025-04-20T17:56:18.445+0000] {dagbag.py:588} INFO - Filling up the DagBag from /home/airflow/.local/lib/python3.12/site-packages/airflow/example_dags/tutorial_dag.py
[2025-04-20T17:56:18.457+0000] {processor.py:925} INFO - DAG(s) 'tutorial_dag' retrieved from /home/airflow/.local/lib/python3.12/site-packages/airflow/example_dags/tutorial_dag.py
[2025-04-20T17:56:18.480+0000] {logging_mixin.py:190} INFO - [2025-04-20T17:56:18.479+0000] {dag.py:3239} INFO - Sync 1 DAGs
[2025-04-20T17:56:18.501+0000] {logging_mixin.py:190} INFO - [2025-04-20T17:56:18.501+0000] {dag.py:4180} INFO - Setting next_dagrun for tutorial_dag to None, run_after=None
[2025-04-20T17:56:18.528+0000] {processor.py:208} INFO - Processing /home/airflow/.local/lib/python3.12/site-packages/airflow/example_dags/tutorial_dag.py took 0.095 seconds
[2025-04-20T17:56:49.369+0000] {processor.py:186} INFO - Started process (PID=1066) to work on /home/airflow/.local/lib/python3.12/site-packages/airflow/example_dags/tutorial_dag.py
[2025-04-20T17:56:49.370+0000] {processor.py:914} INFO - Processing file /home/airflow/.local/lib/python3.12/site-packages/airflow/example_dags/tutorial_dag.py for tasks to queue
[2025-04-20T17:56:49.373+0000] {logging_mixin.py:190} INFO - [2025-04-20T17:56:49.373+0000] {dagbag.py:588} INFO - Filling up the DagBag from /home/airflow/.local/lib/python3.12/site-packages/airflow/example_dags/tutorial_dag.py
[2025-04-20T17:56:49.382+0000] {processor.py:925} INFO - DAG(s) 'tutorial_dag' retrieved from /home/airflow/.local/lib/python3.12/site-packages/airflow/example_dags/tutorial_dag.py
[2025-04-20T17:56:49.405+0000] {logging_mixin.py:190} INFO - [2025-04-20T17:56:49.405+0000] {dag.py:3239} INFO - Sync 1 DAGs
[2025-04-20T17:56:49.423+0000] {logging_mixin.py:190} INFO - [2025-04-20T17:56:49.422+0000] {dag.py:4180} INFO - Setting next_dagrun for tutorial_dag to None, run_after=None
[2025-04-20T17:56:49.446+0000] {processor.py:208} INFO - Processing /home/airflow/.local/lib/python3.12/site-packages/airflow/example_dags/tutorial_dag.py took 0.085 seconds
[2025-04-20T17:57:20.921+0000] {processor.py:186} INFO - Started process (PID=1129) to work on /home/airflow/.local/lib/python3.12/site-packages/airflow/example_dags/tutorial_dag.py
[2025-04-20T17:57:20.923+0000] {processor.py:914} INFO - Processing file /home/airflow/.local/lib/python3.12/site-packages/airflow/example_dags/tutorial_dag.py for tasks to queue
[2025-04-20T17:57:20.926+0000] {logging_mixin.py:190} INFO - [2025-04-20T17:57:20.925+0000] {dagbag.py:588} INFO - Filling up the DagBag from /home/airflow/.local/lib/python3.12/site-packages/airflow/example_dags/tutorial_dag.py
[2025-04-20T17:57:20.937+0000] {processor.py:925} INFO - DAG(s) 'tutorial_dag' retrieved from /home/airflow/.local/lib/python3.12/site-packages/airflow/example_dags/tutorial_dag.py
[2025-04-20T17:57:20.972+0000] {logging_mixin.py:190} INFO - [2025-04-20T17:57:20.972+0000] {dag.py:3239} INFO - Sync 1 DAGs
[2025-04-20T17:57:20.996+0000] {logging_mixin.py:190} INFO - [2025-04-20T17:57:20.995+0000] {dag.py:4180} INFO - Setting next_dagrun for tutorial_dag to None, run_after=None
[2025-04-20T17:57:21.024+0000] {processor.py:208} INFO - Processing /home/airflow/.local/lib/python3.12/site-packages/airflow/example_dags/tutorial_dag.py took 0.113 seconds
[2025-04-20T17:57:51.827+0000] {processor.py:186} INFO - Started process (PID=1192) to work on /home/airflow/.local/lib/python3.12/site-packages/airflow/example_dags/tutorial_dag.py
[2025-04-20T17:57:51.828+0000] {processor.py:914} INFO - Processing file /home/airflow/.local/lib/python3.12/site-packages/airflow/example_dags/tutorial_dag.py for tasks to queue
[2025-04-20T17:57:51.831+0000] {logging_mixin.py:190} INFO - [2025-04-20T17:57:51.831+0000] {dagbag.py:588} INFO - Filling up the DagBag from /home/airflow/.local/lib/python3.12/site-packages/airflow/example_dags/tutorial_dag.py
[2025-04-20T17:57:51.844+0000] {processor.py:925} INFO - DAG(s) 'tutorial_dag' retrieved from /home/airflow/.local/lib/python3.12/site-packages/airflow/example_dags/tutorial_dag.py
[2025-04-20T17:57:51.873+0000] {logging_mixin.py:190} INFO - [2025-04-20T17:57:51.873+0000] {dag.py:3239} INFO - Sync 1 DAGs
[2025-04-20T17:57:51.903+0000] {logging_mixin.py:190} INFO - [2025-04-20T17:57:51.902+0000] {dag.py:4180} INFO - Setting next_dagrun for tutorial_dag to None, run_after=None
[2025-04-20T17:57:51.936+0000] {processor.py:208} INFO - Processing /home/airflow/.local/lib/python3.12/site-packages/airflow/example_dags/tutorial_dag.py took 0.117 seconds
[2025-04-20T17:58:22.895+0000] {processor.py:186} INFO - Started process (PID=1255) to work on /home/airflow/.local/lib/python3.12/site-packages/airflow/example_dags/tutorial_dag.py
[2025-04-20T17:58:22.896+0000] {processor.py:914} INFO - Processing file /home/airflow/.local/lib/python3.12/site-packages/airflow/example_dags/tutorial_dag.py for tasks to queue
[2025-04-20T17:58:22.899+0000] {logging_mixin.py:190} INFO - [2025-04-20T17:58:22.899+0000] {dagbag.py:588} INFO - Filling up the DagBag from /home/airflow/.local/lib/python3.12/site-packages/airflow/example_dags/tutorial_dag.py
[2025-04-20T17:58:22.912+0000] {processor.py:925} INFO - DAG(s) 'tutorial_dag' retrieved from /home/airflow/.local/lib/python3.12/site-packages/airflow/example_dags/tutorial_dag.py
[2025-04-20T17:58:22.936+0000] {logging_mixin.py:190} INFO - [2025-04-20T17:58:22.936+0000] {dag.py:3239} INFO - Sync 1 DAGs
[2025-04-20T17:58:22.955+0000] {logging_mixin.py:190} INFO - [2025-04-20T17:58:22.955+0000] {dag.py:4180} INFO - Setting next_dagrun for tutorial_dag to None, run_after=None
[2025-04-20T17:58:22.982+0000] {processor.py:208} INFO - Processing /home/airflow/.local/lib/python3.12/site-packages/airflow/example_dags/tutorial_dag.py took 0.098 seconds
[2025-04-20T17:58:53.827+0000] {processor.py:186} INFO - Started process (PID=1318) to work on /home/airflow/.local/lib/python3.12/site-packages/airflow/example_dags/tutorial_dag.py
[2025-04-20T17:58:53.828+0000] {processor.py:914} INFO - Processing file /home/airflow/.local/lib/python3.12/site-packages/airflow/example_dags/tutorial_dag.py for tasks to queue
[2025-04-20T17:58:53.831+0000] {logging_mixin.py:190} INFO - [2025-04-20T17:58:53.830+0000] {dagbag.py:588} INFO - Filling up the DagBag from /home/airflow/.local/lib/python3.12/site-packages/airflow/example_dags/tutorial_dag.py
[2025-04-20T17:58:53.841+0000] {processor.py:925} INFO - DAG(s) 'tutorial_dag' retrieved from /home/airflow/.local/lib/python3.12/site-packages/airflow/example_dags/tutorial_dag.py
[2025-04-20T17:58:53.867+0000] {logging_mixin.py:190} INFO - [2025-04-20T17:58:53.867+0000] {dag.py:3239} INFO - Sync 1 DAGs
[2025-04-20T17:58:53.891+0000] {logging_mixin.py:190} INFO - [2025-04-20T17:58:53.890+0000] {dag.py:4180} INFO - Setting next_dagrun for tutorial_dag to None, run_after=None
[2025-04-20T17:58:53.919+0000] {processor.py:208} INFO - Processing /home/airflow/.local/lib/python3.12/site-packages/airflow/example_dags/tutorial_dag.py took 0.101 seconds
[2025-04-20T18:04:59.111+0000] {processor.py:186} INFO - Started process (PID=119) to work on /home/airflow/.local/lib/python3.12/site-packages/airflow/example_dags/tutorial_dag.py
[2025-04-20T18:04:59.116+0000] {processor.py:914} INFO - Processing file /home/airflow/.local/lib/python3.12/site-packages/airflow/example_dags/tutorial_dag.py for tasks to queue
[2025-04-20T18:04:59.119+0000] {logging_mixin.py:190} INFO - [2025-04-20T18:04:59.119+0000] {dagbag.py:588} INFO - Filling up the DagBag from /home/airflow/.local/lib/python3.12/site-packages/airflow/example_dags/tutorial_dag.py
[2025-04-20T18:04:59.132+0000] {processor.py:925} INFO - DAG(s) 'tutorial_dag' retrieved from /home/airflow/.local/lib/python3.12/site-packages/airflow/example_dags/tutorial_dag.py
[2025-04-20T18:04:59.278+0000] {logging_mixin.py:190} INFO - [2025-04-20T18:04:59.277+0000] {override.py:1912} INFO - Created Permission View: can read on DAG:tutorial_dag
[2025-04-20T18:04:59.292+0000] {logging_mixin.py:190} INFO - [2025-04-20T18:04:59.291+0000] {override.py:1912} INFO - Created Permission View: can edit on DAG:tutorial_dag
[2025-04-20T18:04:59.301+0000] {logging_mixin.py:190} INFO - [2025-04-20T18:04:59.300+0000] {override.py:1912} INFO - Created Permission View: can delete on DAG:tutorial_dag
[2025-04-20T18:04:59.311+0000] {logging_mixin.py:190} INFO - [2025-04-20T18:04:59.310+0000] {override.py:1912} INFO - Created Permission View: menu access on DAG Run:tutorial_dag
[2025-04-20T18:04:59.320+0000] {logging_mixin.py:190} INFO - [2025-04-20T18:04:59.319+0000] {override.py:1912} INFO - Created Permission View: can read on DAG Run:tutorial_dag
[2025-04-20T18:04:59.328+0000] {logging_mixin.py:190} INFO - [2025-04-20T18:04:59.328+0000] {override.py:1912} INFO - Created Permission View: can create on DAG Run:tutorial_dag
[2025-04-20T18:04:59.338+0000] {logging_mixin.py:190} INFO - [2025-04-20T18:04:59.337+0000] {override.py:1912} INFO - Created Permission View: can delete on DAG Run:tutorial_dag
[2025-04-20T18:04:59.339+0000] {logging_mixin.py:190} INFO - [2025-04-20T18:04:59.338+0000] {dag.py:3239} INFO - Sync 1 DAGs
[2025-04-20T18:04:59.356+0000] {logging_mixin.py:190} INFO - [2025-04-20T18:04:59.356+0000] {dag.py:3262} INFO - Creating ORM DAG for tutorial_dag
[2025-04-20T18:04:59.358+0000] {logging_mixin.py:190} INFO - [2025-04-20T18:04:59.357+0000] {dag.py:4180} INFO - Setting next_dagrun for tutorial_dag to None, run_after=None
[2025-04-20T18:04:59.396+0000] {processor.py:208} INFO - Processing /home/airflow/.local/lib/python3.12/site-packages/airflow/example_dags/tutorial_dag.py took 0.293 seconds
[2025-04-20T18:05:30.751+0000] {processor.py:186} INFO - Started process (PID=182) to work on /home/airflow/.local/lib/python3.12/site-packages/airflow/example_dags/tutorial_dag.py
[2025-04-20T18:05:30.752+0000] {processor.py:914} INFO - Processing file /home/airflow/.local/lib/python3.12/site-packages/airflow/example_dags/tutorial_dag.py for tasks to queue
[2025-04-20T18:05:30.755+0000] {logging_mixin.py:190} INFO - [2025-04-20T18:05:30.754+0000] {dagbag.py:588} INFO - Filling up the DagBag from /home/airflow/.local/lib/python3.12/site-packages/airflow/example_dags/tutorial_dag.py
[2025-04-20T18:05:30.764+0000] {processor.py:925} INFO - DAG(s) 'tutorial_dag' retrieved from /home/airflow/.local/lib/python3.12/site-packages/airflow/example_dags/tutorial_dag.py
[2025-04-20T18:05:30.789+0000] {logging_mixin.py:190} INFO - [2025-04-20T18:05:30.789+0000] {dag.py:3239} INFO - Sync 1 DAGs
[2025-04-20T18:05:30.805+0000] {logging_mixin.py:190} INFO - [2025-04-20T18:05:30.804+0000] {dag.py:4180} INFO - Setting next_dagrun for tutorial_dag to None, run_after=None
[2025-04-20T18:05:30.844+0000] {processor.py:208} INFO - Processing /home/airflow/.local/lib/python3.12/site-packages/airflow/example_dags/tutorial_dag.py took 0.099 seconds
[2025-04-20T18:06:02.199+0000] {processor.py:186} INFO - Started process (PID=245) to work on /home/airflow/.local/lib/python3.12/site-packages/airflow/example_dags/tutorial_dag.py
[2025-04-20T18:06:02.200+0000] {processor.py:914} INFO - Processing file /home/airflow/.local/lib/python3.12/site-packages/airflow/example_dags/tutorial_dag.py for tasks to queue
[2025-04-20T18:06:02.202+0000] {logging_mixin.py:190} INFO - [2025-04-20T18:06:02.202+0000] {dagbag.py:588} INFO - Filling up the DagBag from /home/airflow/.local/lib/python3.12/site-packages/airflow/example_dags/tutorial_dag.py
[2025-04-20T18:06:02.211+0000] {processor.py:925} INFO - DAG(s) 'tutorial_dag' retrieved from /home/airflow/.local/lib/python3.12/site-packages/airflow/example_dags/tutorial_dag.py
[2025-04-20T18:06:02.233+0000] {logging_mixin.py:190} INFO - [2025-04-20T18:06:02.232+0000] {dag.py:3239} INFO - Sync 1 DAGs
[2025-04-20T18:06:02.247+0000] {logging_mixin.py:190} INFO - [2025-04-20T18:06:02.247+0000] {dag.py:4180} INFO - Setting next_dagrun for tutorial_dag to None, run_after=None
[2025-04-20T18:06:02.274+0000] {processor.py:208} INFO - Processing /home/airflow/.local/lib/python3.12/site-packages/airflow/example_dags/tutorial_dag.py took 0.082 seconds
[2025-04-20T18:06:33.664+0000] {processor.py:186} INFO - Started process (PID=308) to work on /home/airflow/.local/lib/python3.12/site-packages/airflow/example_dags/tutorial_dag.py
[2025-04-20T18:06:33.666+0000] {processor.py:914} INFO - Processing file /home/airflow/.local/lib/python3.12/site-packages/airflow/example_dags/tutorial_dag.py for tasks to queue
[2025-04-20T18:06:33.670+0000] {logging_mixin.py:190} INFO - [2025-04-20T18:06:33.669+0000] {dagbag.py:588} INFO - Filling up the DagBag from /home/airflow/.local/lib/python3.12/site-packages/airflow/example_dags/tutorial_dag.py
[2025-04-20T18:06:33.681+0000] {processor.py:925} INFO - DAG(s) 'tutorial_dag' retrieved from /home/airflow/.local/lib/python3.12/site-packages/airflow/example_dags/tutorial_dag.py
[2025-04-20T18:06:33.712+0000] {logging_mixin.py:190} INFO - [2025-04-20T18:06:33.712+0000] {dag.py:3239} INFO - Sync 1 DAGs
[2025-04-20T18:06:33.743+0000] {logging_mixin.py:190} INFO - [2025-04-20T18:06:33.743+0000] {dag.py:4180} INFO - Setting next_dagrun for tutorial_dag to None, run_after=None
[2025-04-20T18:06:33.779+0000] {processor.py:208} INFO - Processing /home/airflow/.local/lib/python3.12/site-packages/airflow/example_dags/tutorial_dag.py took 0.124 seconds
[2025-04-20T18:07:05.114+0000] {processor.py:186} INFO - Started process (PID=371) to work on /home/airflow/.local/lib/python3.12/site-packages/airflow/example_dags/tutorial_dag.py
[2025-04-20T18:07:05.116+0000] {processor.py:914} INFO - Processing file /home/airflow/.local/lib/python3.12/site-packages/airflow/example_dags/tutorial_dag.py for tasks to queue
[2025-04-20T18:07:05.118+0000] {logging_mixin.py:190} INFO - [2025-04-20T18:07:05.118+0000] {dagbag.py:588} INFO - Filling up the DagBag from /home/airflow/.local/lib/python3.12/site-packages/airflow/example_dags/tutorial_dag.py
[2025-04-20T18:07:05.125+0000] {processor.py:925} INFO - DAG(s) 'tutorial_dag' retrieved from /home/airflow/.local/lib/python3.12/site-packages/airflow/example_dags/tutorial_dag.py
[2025-04-20T18:07:05.157+0000] {logging_mixin.py:190} INFO - [2025-04-20T18:07:05.156+0000] {dag.py:3239} INFO - Sync 1 DAGs
[2025-04-20T18:07:05.180+0000] {logging_mixin.py:190} INFO - [2025-04-20T18:07:05.180+0000] {dag.py:4180} INFO - Setting next_dagrun for tutorial_dag to None, run_after=None
[2025-04-20T18:07:05.207+0000] {processor.py:208} INFO - Processing /home/airflow/.local/lib/python3.12/site-packages/airflow/example_dags/tutorial_dag.py took 0.099 seconds
[2025-04-20T18:07:36.637+0000] {processor.py:186} INFO - Started process (PID=440) to work on /home/airflow/.local/lib/python3.12/site-packages/airflow/example_dags/tutorial_dag.py
[2025-04-20T18:07:36.638+0000] {processor.py:914} INFO - Processing file /home/airflow/.local/lib/python3.12/site-packages/airflow/example_dags/tutorial_dag.py for tasks to queue
[2025-04-20T18:07:36.642+0000] {logging_mixin.py:190} INFO - [2025-04-20T18:07:36.641+0000] {dagbag.py:588} INFO - Filling up the DagBag from /home/airflow/.local/lib/python3.12/site-packages/airflow/example_dags/tutorial_dag.py
[2025-04-20T18:07:36.653+0000] {processor.py:925} INFO - DAG(s) 'tutorial_dag' retrieved from /home/airflow/.local/lib/python3.12/site-packages/airflow/example_dags/tutorial_dag.py
[2025-04-20T18:07:36.684+0000] {logging_mixin.py:190} INFO - [2025-04-20T18:07:36.684+0000] {dag.py:3239} INFO - Sync 1 DAGs
[2025-04-20T18:07:36.710+0000] {logging_mixin.py:190} INFO - [2025-04-20T18:07:36.710+0000] {dag.py:4180} INFO - Setting next_dagrun for tutorial_dag to None, run_after=None
[2025-04-20T18:07:36.739+0000] {processor.py:208} INFO - Processing /home/airflow/.local/lib/python3.12/site-packages/airflow/example_dags/tutorial_dag.py took 0.113 seconds
[2025-04-20T18:08:08.241+0000] {processor.py:186} INFO - Started process (PID=503) to work on /home/airflow/.local/lib/python3.12/site-packages/airflow/example_dags/tutorial_dag.py
[2025-04-20T18:08:08.242+0000] {processor.py:914} INFO - Processing file /home/airflow/.local/lib/python3.12/site-packages/airflow/example_dags/tutorial_dag.py for tasks to queue
[2025-04-20T18:08:08.246+0000] {logging_mixin.py:190} INFO - [2025-04-20T18:08:08.245+0000] {dagbag.py:588} INFO - Filling up the DagBag from /home/airflow/.local/lib/python3.12/site-packages/airflow/example_dags/tutorial_dag.py
[2025-04-20T18:08:08.257+0000] {processor.py:925} INFO - DAG(s) 'tutorial_dag' retrieved from /home/airflow/.local/lib/python3.12/site-packages/airflow/example_dags/tutorial_dag.py
[2025-04-20T18:08:08.283+0000] {logging_mixin.py:190} INFO - [2025-04-20T18:08:08.283+0000] {dag.py:3239} INFO - Sync 1 DAGs
[2025-04-20T18:08:08.304+0000] {logging_mixin.py:190} INFO - [2025-04-20T18:08:08.303+0000] {dag.py:4180} INFO - Setting next_dagrun for tutorial_dag to None, run_after=None
[2025-04-20T18:08:08.346+0000] {processor.py:208} INFO - Processing /home/airflow/.local/lib/python3.12/site-packages/airflow/example_dags/tutorial_dag.py took 0.114 seconds
[2025-04-20T18:08:39.565+0000] {processor.py:186} INFO - Started process (PID=566) to work on /home/airflow/.local/lib/python3.12/site-packages/airflow/example_dags/tutorial_dag.py
[2025-04-20T18:08:39.567+0000] {processor.py:914} INFO - Processing file /home/airflow/.local/lib/python3.12/site-packages/airflow/example_dags/tutorial_dag.py for tasks to queue
[2025-04-20T18:08:39.570+0000] {logging_mixin.py:190} INFO - [2025-04-20T18:08:39.570+0000] {dagbag.py:588} INFO - Filling up the DagBag from /home/airflow/.local/lib/python3.12/site-packages/airflow/example_dags/tutorial_dag.py
[2025-04-20T18:08:39.580+0000] {processor.py:925} INFO - DAG(s) 'tutorial_dag' retrieved from /home/airflow/.local/lib/python3.12/site-packages/airflow/example_dags/tutorial_dag.py
[2025-04-20T18:08:39.607+0000] {logging_mixin.py:190} INFO - [2025-04-20T18:08:39.606+0000] {dag.py:3239} INFO - Sync 1 DAGs
[2025-04-20T18:08:39.628+0000] {logging_mixin.py:190} INFO - [2025-04-20T18:08:39.628+0000] {dag.py:4180} INFO - Setting next_dagrun for tutorial_dag to None, run_after=None
[2025-04-20T18:08:39.691+0000] {processor.py:208} INFO - Processing /home/airflow/.local/lib/python3.12/site-packages/airflow/example_dags/tutorial_dag.py took 0.135 seconds
[2025-04-20T18:09:11.179+0000] {processor.py:186} INFO - Started process (PID=629) to work on /home/airflow/.local/lib/python3.12/site-packages/airflow/example_dags/tutorial_dag.py
[2025-04-20T18:09:11.180+0000] {processor.py:914} INFO - Processing file /home/airflow/.local/lib/python3.12/site-packages/airflow/example_dags/tutorial_dag.py for tasks to queue
[2025-04-20T18:09:11.184+0000] {logging_mixin.py:190} INFO - [2025-04-20T18:09:11.183+0000] {dagbag.py:588} INFO - Filling up the DagBag from /home/airflow/.local/lib/python3.12/site-packages/airflow/example_dags/tutorial_dag.py
[2025-04-20T18:09:11.197+0000] {processor.py:925} INFO - DAG(s) 'tutorial_dag' retrieved from /home/airflow/.local/lib/python3.12/site-packages/airflow/example_dags/tutorial_dag.py
[2025-04-20T18:09:11.225+0000] {logging_mixin.py:190} INFO - [2025-04-20T18:09:11.224+0000] {dag.py:3239} INFO - Sync 1 DAGs
[2025-04-20T18:09:11.246+0000] {logging_mixin.py:190} INFO - [2025-04-20T18:09:11.246+0000] {dag.py:4180} INFO - Setting next_dagrun for tutorial_dag to None, run_after=None
[2025-04-20T18:09:11.276+0000] {processor.py:208} INFO - Processing /home/airflow/.local/lib/python3.12/site-packages/airflow/example_dags/tutorial_dag.py took 0.106 seconds
[2025-04-20T18:09:43.084+0000] {processor.py:186} INFO - Started process (PID=692) to work on /home/airflow/.local/lib/python3.12/site-packages/airflow/example_dags/tutorial_dag.py
[2025-04-20T18:09:43.086+0000] {processor.py:914} INFO - Processing file /home/airflow/.local/lib/python3.12/site-packages/airflow/example_dags/tutorial_dag.py for tasks to queue
[2025-04-20T18:09:43.089+0000] {logging_mixin.py:190} INFO - [2025-04-20T18:09:43.089+0000] {dagbag.py:588} INFO - Filling up the DagBag from /home/airflow/.local/lib/python3.12/site-packages/airflow/example_dags/tutorial_dag.py
[2025-04-20T18:09:43.101+0000] {processor.py:925} INFO - DAG(s) 'tutorial_dag' retrieved from /home/airflow/.local/lib/python3.12/site-packages/airflow/example_dags/tutorial_dag.py
[2025-04-20T18:09:43.132+0000] {logging_mixin.py:190} INFO - [2025-04-20T18:09:43.132+0000] {dag.py:3239} INFO - Sync 1 DAGs
[2025-04-20T18:09:43.153+0000] {logging_mixin.py:190} INFO - [2025-04-20T18:09:43.153+0000] {dag.py:4180} INFO - Setting next_dagrun for tutorial_dag to None, run_after=None
[2025-04-20T18:09:43.182+0000] {processor.py:208} INFO - Processing /home/airflow/.local/lib/python3.12/site-packages/airflow/example_dags/tutorial_dag.py took 0.110 seconds
